 Assembling: D:\rawrxd\history\all_versions\pifabric_pass_planner.asm\1766358323379_BuS0.asm
D:\rawrxd\history\all_versions\pifabric_pass_planner.asm\1766358323379_BuS0.asm(2) : error A2008:syntax error : .
D:\rawrxd\history\all_versions\pifabric_pass_planner.asm\1766358323379_BuS0.asm(3) : error A2008:syntax error : .
D:\rawrxd\history\all_versions\pifabric_pass_planner.asm\1766358323379_BuS0.asm(10) : error A2034:must be in segment block : PiFabric_SelectPassCount
D:\rawrxd\history\all_versions\pifabric_pass_planner.asm\1766358323379_BuS0.asm(11) : error A2034:must be in segment block
D:\rawrxd\history\all_versions\pifabric_pass_planner.asm\1766358323379_BuS0.asm(12) : error A2034:must be in segment block
D:\rawrxd\history\all_versions\pifabric_pass_planner.asm\1766358323379_BuS0.asm(13) : error A2034:must be in segment block
D:\rawrxd\history\all_versions\pifabric_pass_planner.asm\1766358323379_BuS0.asm(14) : error A2034:must be in segment block
D:\rawrxd\history\all_versions\pifabric_pass_planner.asm\1766358323379_BuS0.asm(15) : error A2034:must be in segment block
D:\rawrxd\history\all_versions\pifabric_pass_planner.asm\1766358323379_BuS0.asm(16) : error A2034:must be in segment block
D:\rawrxd\history\all_versions\pifabric_pass_planner.asm\1766358323379_BuS0.asm(17) : error A2034:must be in segment block
D:\rawrxd\history\all_versions\pifabric_pass_planner.asm\1766358323379_BuS0.asm(18) : error A2034:must be in segment block
D:\rawrxd\history\all_versions\pifabric_pass_planner.asm\1766358323379_BuS0.asm(19) : error A2034:must be in segment block
D:\rawrxd\history\all_versions\pifabric_pass_planner.asm\1766358323379_BuS0.asm(20) : error A2034:must be in segment block
D:\rawrxd\history\all_versions\pifabric_pass_planner.asm\1766358323379_BuS0.asm(21) : error A2034:must be in segment block
D:\rawrxd\history\all_versions\pifabric_pass_planner.asm\1766358323379_BuS0.asm(22) : error A2034:must be in segment block
D:\rawrxd\history\all_versions\pifabric_pass_planner.asm\1766358323379_BuS0.asm(23) : error A2034:must be in segment block
D:\rawrxd\history\all_versions\pifabric_pass_planner.asm\1766358323379_BuS0.asm(24) : error A2034:must be in segment block
D:\rawrxd\history\all_versions\pifabric_pass_planner.asm\1766358323379_BuS0.asm(25) : error A2034:must be in segment block
D:\rawrxd\history\all_versions\pifabric_pass_planner.asm\1766358323379_BuS0.asm(26) : error A2034:must be in segment block
D:\rawrxd\history\all_versions\pifabric_pass_planner.asm\1766358323379_BuS0.asm(27) : error A2034:must be in segment block
D:\rawrxd\history\all_versions\pifabric_pass_planner.asm\1766358323379_BuS0.asm(28) : error A2034:must be in segment block
D:\rawrxd\history\all_versions\pifabric_pass_planner.asm\1766358323379_BuS0.asm(29) : error A2034:must be in segment block
D:\rawrxd\history\all_versions\pifabric_pass_planner.asm\1766358323379_BuS0.asm(30) : error A2034:must be in segment block
D:\rawrxd\history\all_versions\pifabric_pass_planner.asm\1766358323379_BuS0.asm(31) : error A2034:must be in segment block
D:\rawrxd\history\all_versions\pifabric_pass_planner.asm\1766358323379_BuS0.asm(32) : fatal error A1010:unmatched block nesting : PiFabric_SelectPassCount
