 Assembling: D:\rawrxd\.archive\history\all_versions\itsmehrawrxd-master\agentic_core.asm\1768595503553_57Kt.asm
D:\rawrxd\.archive\history\all_versions\itsmehrawrxd-master\agentic_core.asm\1768595503553_57Kt.asm(7) : error A2008:syntax error : win64
D:\rawrxd\.archive\history\all_versions\itsmehrawrxd-master\agentic_core.asm\1768595503553_57Kt.asm(8) : error A2008:syntax error : frame
D:\rawrxd\.archive\history\all_versions\itsmehrawrxd-master\agentic_core.asm\1768595503553_57Kt.asm(68) : error A2008:syntax error : lock
D:\rawrxd\.archive\history\all_versions\itsmehrawrxd-master\agentic_core.asm\1768595503553_57Kt.asm(142) : error A2008:syntax error : .
D:\rawrxd\.archive\history\all_versions\itsmehrawrxd-master\agentic_core.asm\1768595503553_57Kt.asm(144) : error A2008:syntax error : lock
D:\rawrxd\.archive\history\all_versions\itsmehrawrxd-master\agentic_core.asm\1768595503553_57Kt.asm(177) : error A2008:syntax error : .
D:\rawrxd\.archive\history\all_versions\itsmehrawrxd-master\agentic_core.asm\1768595503553_57Kt.asm(197) : error A2008:syntax error : .
D:\rawrxd\.archive\history\all_versions\itsmehrawrxd-master\agentic_core.asm\1768595503553_57Kt.asm(201) : error A2008:syntax error : .
D:\rawrxd\.archive\history\all_versions\itsmehrawrxd-master\agentic_core.asm\1768595503553_57Kt.asm(205) : error A2008:syntax error : .
D:\rawrxd\.archive\history\all_versions\itsmehrawrxd-master\agentic_core.asm\1768595503553_57Kt.asm(208) : error A2008:syntax error : .
D:\rawrxd\.archive\history\all_versions\itsmehrawrxd-master\agentic_core.asm\1768595503553_57Kt.asm(217) : error A2008:syntax error : .
D:\rawrxd\.archive\history\all_versions\itsmehrawrxd-master\agentic_core.asm\1768595503553_57Kt.asm(221) : error A2008:syntax error : .
D:\rawrxd\.archive\history\all_versions\itsmehrawrxd-master\agentic_core.asm\1768595503553_57Kt.asm(231) : error A2008:syntax error : .
D:\rawrxd\.archive\history\all_versions\itsmehrawrxd-master\agentic_core.asm\1768595503553_57Kt.asm(281) : error A2008:syntax error : .
D:\rawrxd\.archive\history\all_versions\itsmehrawrxd-master\agentic_core.asm\1768595503553_57Kt.asm(337) : error A2008:syntax error : .
D:\rawrxd\.archive\history\all_versions\itsmehrawrxd-master\agentic_core.asm\1768595503553_57Kt.asm(341) : error A2008:syntax error : .
D:\rawrxd\.archive\history\all_versions\itsmehrawrxd-master\agentic_core.asm\1768595503553_57Kt.asm(345) : error A2008:syntax error : .
D:\rawrxd\.archive\history\all_versions\itsmehrawrxd-master\agentic_core.asm\1768595503553_57Kt.asm(349) : error A2008:syntax error : .
D:\rawrxd\.archive\history\all_versions\itsmehrawrxd-master\agentic_core.asm\1768595503553_57Kt.asm(353) : error A2008:syntax error : .
D:\rawrxd\.archive\history\all_versions\itsmehrawrxd-master\agentic_core.asm\1768595503553_57Kt.asm(357) : error A2008:syntax error : .
D:\rawrxd\.archive\history\all_versions\itsmehrawrxd-master\agentic_core.asm\1768595503553_57Kt.asm(360) : error A2008:syntax error : .
D:\rawrxd\.archive\history\all_versions\itsmehrawrxd-master\agentic_core.asm\1768595503553_57Kt.asm(449) : error A2008:syntax error : .
D:\rawrxd\.archive\history\all_versions\itsmehrawrxd-master\agentic_core.asm\1768595503553_57Kt.asm(455) : error A2008:syntax error : .
D:\rawrxd\.archive\history\all_versions\itsmehrawrxd-master\agentic_core.asm\1768595503553_57Kt.asm(461) : error A2008:syntax error : .
D:\rawrxd\.archive\history\all_versions\itsmehrawrxd-master\agentic_core.asm\1768595503553_57Kt.asm(467) : error A2008:syntax error : .
D:\rawrxd\.archive\history\all_versions\itsmehrawrxd-master\agentic_core.asm\1768595503553_57Kt.asm(472) : error A2008:syntax error : .
D:\rawrxd\.archive\history\all_versions\itsmehrawrxd-master\agentic_core.asm\1768595503553_57Kt.asm(557) : error A2008:syntax error : .
D:\rawrxd\.archive\history\all_versions\itsmehrawrxd-master\agentic_core.asm\1768595503553_57Kt.asm(562) : error A2008:syntax error : .
D:\rawrxd\.archive\history\all_versions\itsmehrawrxd-master\agentic_core.asm\1768595503553_57Kt.asm(616) : error A2008:syntax error : .
D:\rawrxd\.archive\history\all_versions\itsmehrawrxd-master\agentic_core.asm\1768595503553_57Kt.asm(619) : error A2008:syntax error : .
D:\rawrxd\.archive\history\all_versions\itsmehrawrxd-master\agentic_core.asm\1768595503553_57Kt.asm(143) : error A2083:invalid scale value
D:\rawrxd\.archive\history\all_versions\itsmehrawrxd-master\agentic_core.asm\1768595503553_57Kt.asm(148) : error A2006:undefined symbol : init_hotpatch_loop
D:\rawrxd\.archive\history\all_versions\itsmehrawrxd-master\agentic_core.asm\1768595503553_57Kt.asm(156) : error A2006:undefined symbol : start_monitoring_thread
D:\rawrxd\.archive\history\all_versions\itsmehrawrxd-master\agentic_core.asm\1768595503553_57Kt.asm(159) : error A2006:undefined symbol : init_language_handlers
D:\rawrxd\.archive\history\all_versions\itsmehrawrxd-master\agentic_core.asm\1768595503553_57Kt.asm(162) : error A2006:undefined symbol : init_platform_handlers
D:\rawrxd\.archive\history\all_versions\itsmehrawrxd-master\agentic_core.asm\1768595503553_57Kt.asm(165) : error A2006:undefined symbol : init_architecture_handlers
D:\rawrxd\.archive\history\all_versions\itsmehrawrxd-master\agentic_core.asm\1768595503553_57Kt.asm(179) : error A2006:undefined symbol : agent_scan_triggers
D:\rawrxd\.archive\history\all_versions\itsmehrawrxd-master\agentic_core.asm\1768595503553_57Kt.asm(181) : error A2006:undefined symbol : no_rebuild_needed
D:\rawrxd\.archive\history\all_versions\itsmehrawrxd-master\agentic_core.asm\1768595503553_57Kt.asm(184) : error A2006:undefined symbol : agent_analyze_requirements
D:\rawrxd\.archive\history\all_versions\itsmehrawrxd-master\agentic_core.asm\1768595503553_57Kt.asm(189) : error A2006:undefined symbol : critical_rebuild
D:\rawrxd\.archive\history\all_versions\itsmehrawrxd-master\agentic_core.asm\1768595503553_57Kt.asm(191) : error A2006:undefined symbol : error_rebuild
D:\rawrxd\.archive\history\all_versions\itsmehrawrxd-master\agentic_core.asm\1768595503553_57Kt.asm(193) : error A2006:undefined symbol : update_rebuild
D:\rawrxd\.archive\history\all_versions\itsmehrawrxd-master\agentic_core.asm\1768595503553_57Kt.asm(195) : error A2006:undefined symbol : no_rebuild_needed
D:\rawrxd\.archive\history\all_versions\itsmehrawrxd-master\agentic_core.asm\1768595503553_57Kt.asm(199) : error A2006:undefined symbol : rebuild_complete
D:\rawrxd\.archive\history\all_versions\itsmehrawrxd-master\agentic_core.asm\1768595503553_57Kt.asm(202) : error A2006:undefined symbol : agent_error_rebuild
D:\rawrxd\.archive\history\all_versions\itsmehrawrxd-master\agentic_core.asm\1768595503553_57Kt.asm(203) : error A2006:undefined symbol : rebuild_complete
D:\rawrxd\.archive\history\all_versions\itsmehrawrxd-master\agentic_core.asm\1768595503553_57Kt.asm(206) : error A2006:undefined symbol : agent_update_rebuild
D:\rawrxd\.archive\history\all_versions\itsmehrawrxd-master\agentic_core.asm\1768595503553_57Kt.asm(210) : error A2006:undefined symbol : agent_verify_rebuild
D:\rawrxd\.archive\history\all_versions\itsmehrawrxd-master\agentic_core.asm\1768595503553_57Kt.asm(212) : error A2006:undefined symbol : rebuild_failed
D:\rawrxd\.archive\history\all_versions\itsmehrawrxd-master\agentic_core.asm\1768595503553_57Kt.asm(215) : error A2006:undefined symbol : agent_deploy_changes
D:\rawrxd\.archive\history\all_versions\itsmehrawrxd-master\agentic_core.asm\1768595503553_57Kt.asm(219) : error A2006:undefined symbol : agent_handle_rebuild_failure
D:\rawrxd\.archive\history\all_versions\itsmehrawrxd-master\agentic_core.asm\1768595503553_57Kt.asm(223) : error A2006:undefined symbol : agent_process_jobs
D:\rawrxd\.archive\history\all_versions\itsmehrawrxd-master\agentic_core.asm\1768595503553_57Kt.asm(227) : error A2006:undefined symbol : agent_sleep
D:\rawrxd\.archive\history\all_versions\itsmehrawrxd-master\agentic_core.asm\1768595503553_57Kt.asm(229) : error A2006:undefined symbol : agent_loop
D:\rawrxd\.archive\history\all_versions\itsmehrawrxd-master\agentic_core.asm\1768595503553_57Kt.asm(247) : error A2006:undefined symbol : agent_log_critical
D:\rawrxd\.archive\history\all_versions\itsmehrawrxd-master\agentic_core.asm\1768595503553_57Kt.asm(250) : error A2006:undefined symbol : agent_backup_compiler_state
D:\rawrxd\.archive\history\all_versions\itsmehrawrxd-master\agentic_core.asm\1768595503553_57Kt.asm(254) : error A2006:undefined symbol : rebuild_parser_engine
D:\rawrxd\.archive\history\all_versions\itsmehrawrxd-master\agentic_core.asm\1768595503553_57Kt.asm(255) : error A2006:undefined symbol : rebuild_semantic_engine
D:\rawrxd\.archive\history\all_versions\itsmehrawrxd-master\agentic_core.asm\1768595503553_57Kt.asm(256) : error A2006:undefined symbol : rebuild_codegen_engine
D:\rawrxd\.archive\history\all_versions\itsmehrawrxd-master\agentic_core.asm\1768595503553_57Kt.asm(257) : error A2006:undefined symbol : rebuild_optimizer_engine
D:\rawrxd\.archive\history\all_versions\itsmehrawrxd-master\agentic_core.asm\1768595503553_57Kt.asm(263) : error A2006:undefined symbol : verify_compiler_integrity
D:\rawrxd\.archive\history\all_versions\itsmehrawrxd-master\agentic_core.asm\1768595503553_57Kt.asm(265) : error A2006:undefined symbol : rebuild_failed
D:\rawrxd\.archive\history\all_versions\itsmehrawrxd-master\agentic_core.asm\1768595503553_57Kt.asm(268) : error A2006:undefined symbol : update_compiler_version
D:\rawrxd\.archive\history\all_versions\itsmehrawrxd-master\agentic_core.asm\1768595503553_57Kt.asm(275) : error A2006:undefined symbol : agent_log_critical
D:\rawrxd\.archive\history\all_versions\itsmehrawrxd-master\agentic_core.asm\1768595503553_57Kt.asm(283) : error A2006:undefined symbol : agent_rollback_compiler_state
D:\rawrxd\.archive\history\all_versions\itsmehrawrxd-master\agentic_core.asm\1768595503553_57Kt.asm(285) : error A2006:undefined symbol : agent_log_critical
D:\rawrxd\.archive\history\all_versions\itsmehrawrxd-master\agentic_core.asm\1768595503553_57Kt.asm(297) : error A2006:undefined symbol : rebuild_avx512_token_tables
D:\rawrxd\.archive\history\all_versions\itsmehrawrxd-master\agentic_core.asm\1768595503553_57Kt.asm(300) : error A2006:undefined symbol : rebuild_keyword_hash_tables
D:\rawrxd\.archive\history\all_versions\itsmehrawrxd-master\agentic_core.asm\1768595503553_57Kt.asm(303) : error A2006:undefined symbol : rebuild_operator_tables
D:\rawrxd\.archive\history\all_versions\itsmehrawrxd-master\agentic_core.asm\1768595503553_57Kt.asm(306) : error A2006:undefined symbol : update_lexer_jump_tables
D:\rawrxd\.archive\history\all_versions\itsmehrawrxd-master\agentic_core.asm\1768595503553_57Kt.asm(323) : error A2006:undefined symbol : rebuild_win32
D:\rawrxd\.archive\history\all_versions\itsmehrawrxd-master\agentic_core.asm\1768595503553_57Kt.asm(325) : error A2006:undefined symbol : rebuild_macos
D:\rawrxd\.archive\history\all_versions\itsmehrawrxd-master\agentic_core.asm\1768595503553_57Kt.asm(327) : error A2006:undefined symbol : rebuild_linux
D:\rawrxd\.archive\history\all_versions\itsmehrawrxd-master\agentic_core.asm\1768595503553_57Kt.asm(329) : error A2006:undefined symbol : rebuild_ios
D:\rawrxd\.archive\history\all_versions\itsmehrawrxd-master\agentic_core.asm\1768595503553_57Kt.asm(331) : error A2006:undefined symbol : rebuild_android
D:\rawrxd\.archive\history\all_versions\itsmehrawrxd-master\agentic_core.asm\1768595503553_57Kt.asm(333) : error A2006:undefined symbol : rebuild_wasm
D:\rawrxd\.archive\history\all_versions\itsmehrawrxd-master\agentic_core.asm\1768595503553_57Kt.asm(335) : error A2006:undefined symbol : platform_done
D:\rawrxd\.archive\history\all_versions\itsmehrawrxd-master\agentic_core.asm\1768595503553_57Kt.asm(339) : error A2006:undefined symbol : platform_done
D:\rawrxd\.archive\history\all_versions\itsmehrawrxd-master\agentic_core.asm\1768595503553_57Kt.asm(342) : error A2006:undefined symbol : rebuild_macos_engine
D:\rawrxd\.archive\history\all_versions\itsmehrawrxd-master\agentic_core.asm\1768595503553_57Kt.asm(343) : error A2006:undefined symbol : platform_done
D:\rawrxd\.archive\history\all_versions\itsmehrawrxd-master\agentic_core.asm\1768595503553_57Kt.asm(346) : error A2006:undefined symbol : rebuild_linux_engine
D:\rawrxd\.archive\history\all_versions\itsmehrawrxd-master\agentic_core.asm\1768595503553_57Kt.asm(347) : error A2006:undefined symbol : platform_done
D:\rawrxd\.archive\history\all_versions\itsmehrawrxd-master\agentic_core.asm\1768595503553_57Kt.asm(350) : error A2006:undefined symbol : rebuild_ios_engine
D:\rawrxd\.archive\history\all_versions\itsmehrawrxd-master\agentic_core.asm\1768595503553_57Kt.asm(351) : error A2006:undefined symbol : platform_done
D:\rawrxd\.archive\history\all_versions\itsmehrawrxd-master\agentic_core.asm\1768595503553_57Kt.asm(354) : error A2006:undefined symbol : rebuild_android_engine
D:\rawrxd\.archive\history\all_versions\itsmehrawrxd-master\agentic_core.asm\1768595503553_57Kt.asm(355) : error A2006:undefined symbol : platform_done
D:\rawrxd\.archive\history\all_versions\itsmehrawrxd-master\agentic_core.asm\1768595503553_57Kt.asm(358) : error A2006:undefined symbol : rebuild_wasm_engine
D:\rawrxd\.archive\history\all_versions\itsmehrawrxd-master\agentic_core.asm\1768595503553_57Kt.asm(372) : error A2006:undefined symbol : rebuild_pe_header_engine
D:\rawrxd\.archive\history\all_versions\itsmehrawrxd-master\agentic_core.asm\1768595503553_57Kt.asm(375) : error A2006:undefined symbol : rebuild_win32_api_binding
D:\rawrxd\.archive\history\all_versions\itsmehrawrxd-master\agentic_core.asm\1768595503553_57Kt.asm(378) : error A2006:undefined symbol : rebuild_msvc_compat_layer
D:\rawrxd\.archive\history\all_versions\itsmehrawrxd-master\agentic_core.asm\1768595503553_57Kt.asm(381) : error A2006:undefined symbol : rebuild_windows_resource_engine
D:\rawrxd\.archive\history\all_versions\itsmehrawrxd-master\agentic_core.asm\1768595503553_57Kt.asm(400) : error A2006:undefined symbol : invalid_params
D:\rawrxd\.archive\history\all_versions\itsmehrawrxd-master\agentic_core.asm\1768595503553_57Kt.asm(402) : error A2006:undefined symbol : invalid_params
D:\rawrxd\.archive\history\all_versions\itsmehrawrxd-master\agentic_core.asm\1768595503553_57Kt.asm(404) : error A2006:undefined symbol : invalid_params
D:\rawrxd\.archive\history\all_versions\itsmehrawrxd-master\agentic_core.asm\1768595503553_57Kt.asm(406) : error A2006:undefined symbol : patch_too_large
D:\rawrxd\.archive\history\all_versions\itsmehrawrxd-master\agentic_core.asm\1768595503553_57Kt.asm(409) : error A2006:undefined symbol : find_free_hotpatch_slot
D:\rawrxd\.archive\history\all_versions\itsmehrawrxd-master\agentic_core.asm\1768595503553_57Kt.asm(411) : error A2006:undefined symbol : no_free_slots
D:\rawrxd\.archive\history\all_versions\itsmehrawrxd-master\agentic_core.asm\1768595503553_57Kt.asm(427) : error A2006:undefined symbol : create_hotpatch_trampoline
D:\rawrxd\.archive\history\all_versions\itsmehrawrxd-master\agentic_core.asm\1768595503553_57Kt.asm(432) : error A2006:undefined symbol : patch_failed
D:\rawrxd\.archive\history\all_versions\itsmehrawrxd-master\agentic_core.asm\1768595503553_57Kt.asm(435) : error A2006:undefined symbol : get_current_timestamp
D:\rawrxd\.archive\history\all_versions\itsmehrawrxd-master\agentic_core.asm\1768595503553_57Kt.asm(444) : fatal error A1012:error count exceeds 100; stopping assembly
