 Assembling: D:\rawrxd\.archive\history\all_versions\itsmehrawrxd-master\ada_compiler_from_scratch_fixed.asm\1768594753654_tixi.asm
D:\rawrxd\.archive\history\all_versions\itsmehrawrxd-master\ada_compiler_from_scratch_fixed.asm\1768594753654_tixi.asm(5) : error A2008:syntax error : default
D:\rawrxd\.archive\history\all_versions\itsmehrawrxd-master\ada_compiler_from_scratch_fixed.asm\1768594753654_tixi.asm(7) : error A2008:syntax error : in directive
D:\rawrxd\.archive\history\all_versions\itsmehrawrxd-master\ada_compiler_from_scratch_fixed.asm\1768594753654_tixi.asm(8) : error A2008:syntax error : in directive
D:\rawrxd\.archive\history\all_versions\itsmehrawrxd-master\ada_compiler_from_scratch_fixed.asm\1768594753654_tixi.asm(9) : error A2008:syntax error : in directive
D:\rawrxd\.archive\history\all_versions\itsmehrawrxd-master\ada_compiler_from_scratch_fixed.asm\1768594753654_tixi.asm(10) : error A2008:syntax error : in directive
D:\rawrxd\.archive\history\all_versions\itsmehrawrxd-master\ada_compiler_from_scratch_fixed.asm\1768594753654_tixi.asm(11) : error A2008:syntax error : in directive
D:\rawrxd\.archive\history\all_versions\itsmehrawrxd-master\ada_compiler_from_scratch_fixed.asm\1768594753654_tixi.asm(12) : error A2008:syntax error : in directive
D:\rawrxd\.archive\history\all_versions\itsmehrawrxd-master\ada_compiler_from_scratch_fixed.asm\1768594753654_tixi.asm(14) : error A2008:syntax error : section
D:\rawrxd\.archive\history\all_versions\itsmehrawrxd-master\ada_compiler_from_scratch_fixed.asm\1768594753654_tixi.asm(15) : error A2034:must be in segment block
D:\rawrxd\.archive\history\all_versions\itsmehrawrxd-master\ada_compiler_from_scratch_fixed.asm\1768594753654_tixi.asm(16) : error A2034:must be in segment block
D:\rawrxd\.archive\history\all_versions\itsmehrawrxd-master\ada_compiler_from_scratch_fixed.asm\1768594753654_tixi.asm(18) : error A2008:syntax error : section
D:\rawrxd\.archive\history\all_versions\itsmehrawrxd-master\ada_compiler_from_scratch_fixed.asm\1768594753654_tixi.asm(19) : error A2008:syntax error : global
D:\rawrxd\.archive\history\all_versions\itsmehrawrxd-master\ada_compiler_from_scratch_fixed.asm\1768594753654_tixi.asm(20) : error A2008:syntax error : global
D:\rawrxd\.archive\history\all_versions\itsmehrawrxd-master\ada_compiler_from_scratch_fixed.asm\1768594753654_tixi.asm(22) : error A2034:must be in segment block
D:\rawrxd\.archive\history\all_versions\itsmehrawrxd-master\ada_compiler_from_scratch_fixed.asm\1768594753654_tixi.asm(23) : error A2034:must be in segment block
D:\rawrxd\.archive\history\all_versions\itsmehrawrxd-master\ada_compiler_from_scratch_fixed.asm\1768594753654_tixi.asm(24) : error A2034:must be in segment block
D:\rawrxd\.archive\history\all_versions\itsmehrawrxd-master\ada_compiler_from_scratch_fixed.asm\1768594753654_tixi.asm(25) : error A2034:must be in segment block
D:\rawrxd\.archive\history\all_versions\itsmehrawrxd-master\ada_compiler_from_scratch_fixed.asm\1768594753654_tixi.asm(26) : error A2034:must be in segment block
D:\rawrxd\.archive\history\all_versions\itsmehrawrxd-master\ada_compiler_from_scratch_fixed.asm\1768594753654_tixi.asm(29) : error A2034:must be in segment block
D:\rawrxd\.archive\history\all_versions\itsmehrawrxd-master\ada_compiler_from_scratch_fixed.asm\1768594753654_tixi.asm(32) : error A2034:must be in segment block
D:\rawrxd\.archive\history\all_versions\itsmehrawrxd-master\ada_compiler_from_scratch_fixed.asm\1768594753654_tixi.asm(35) : error A2034:must be in segment block
D:\rawrxd\.archive\history\all_versions\itsmehrawrxd-master\ada_compiler_from_scratch_fixed.asm\1768594753654_tixi.asm(37) : error A2034:must be in segment block
D:\rawrxd\.archive\history\all_versions\itsmehrawrxd-master\ada_compiler_from_scratch_fixed.asm\1768594753654_tixi.asm(38) : error A2034:must be in segment block
D:\rawrxd\.archive\history\all_versions\itsmehrawrxd-master\ada_compiler_from_scratch_fixed.asm\1768594753654_tixi.asm(39) : error A2034:must be in segment block
D:\rawrxd\.archive\history\all_versions\itsmehrawrxd-master\ada_compiler_from_scratch_fixed.asm\1768594753654_tixi.asm(39) : error A2088:END directive required at end of file
