 Assembling: D:\rawrxd\.archive\history\all_versions\itsmehrawrxd-master\universal_compiler_runtime.asm\1768593989385_bRtf.asm
D:\rawrxd\.archive\history\all_versions\itsmehrawrxd-master\universal_compiler_runtime.asm\1768593989385_bRtf.asm(4) : error A2008:syntax error : section
D:\rawrxd\.archive\history\all_versions\itsmehrawrxd-master\universal_compiler_runtime.asm\1768593989385_bRtf.asm(5) : error A2034:must be in segment block
D:\rawrxd\.archive\history\all_versions\itsmehrawrxd-master\universal_compiler_runtime.asm\1768593989385_bRtf.asm(6) : error A2034:must be in segment block
D:\rawrxd\.archive\history\all_versions\itsmehrawrxd-master\universal_compiler_runtime.asm\1768593989385_bRtf.asm(7) : error A2034:must be in segment block
D:\rawrxd\.archive\history\all_versions\itsmehrawrxd-master\universal_compiler_runtime.asm\1768593989385_bRtf.asm(10) : error A2034:must be in segment block
D:\rawrxd\.archive\history\all_versions\itsmehrawrxd-master\universal_compiler_runtime.asm\1768593989385_bRtf.asm(11) : error A2034:must be in segment block
D:\rawrxd\.archive\history\all_versions\itsmehrawrxd-master\universal_compiler_runtime.asm\1768593989385_bRtf.asm(14) : error A2034:must be in segment block
D:\rawrxd\.archive\history\all_versions\itsmehrawrxd-master\universal_compiler_runtime.asm\1768593989385_bRtf.asm(15) : error A2034:must be in segment block
D:\rawrxd\.archive\history\all_versions\itsmehrawrxd-master\universal_compiler_runtime.asm\1768593989385_bRtf.asm(16) : error A2034:must be in segment block
D:\rawrxd\.archive\history\all_versions\itsmehrawrxd-master\universal_compiler_runtime.asm\1768593989385_bRtf.asm(17) : error A2034:must be in segment block
D:\rawrxd\.archive\history\all_versions\itsmehrawrxd-master\universal_compiler_runtime.asm\1768593989385_bRtf.asm(19) : error A2008:syntax error : section
D:\rawrxd\.archive\history\all_versions\itsmehrawrxd-master\universal_compiler_runtime.asm\1768593989385_bRtf.asm(20) : error A2008:syntax error : global
D:\rawrxd\.archive\history\all_versions\itsmehrawrxd-master\universal_compiler_runtime.asm\1768593989385_bRtf.asm(21) : error A2008:syntax error : global
D:\rawrxd\.archive\history\all_versions\itsmehrawrxd-master\universal_compiler_runtime.asm\1768593989385_bRtf.asm(22) : error A2008:syntax error : global
D:\rawrxd\.archive\history\all_versions\itsmehrawrxd-master\universal_compiler_runtime.asm\1768593989385_bRtf.asm(23) : error A2008:syntax error : global
D:\rawrxd\.archive\history\all_versions\itsmehrawrxd-master\universal_compiler_runtime.asm\1768593989385_bRtf.asm(24) : error A2008:syntax error : global
D:\rawrxd\.archive\history\all_versions\itsmehrawrxd-master\universal_compiler_runtime.asm\1768593989385_bRtf.asm(25) : error A2008:syntax error : global
D:\rawrxd\.archive\history\all_versions\itsmehrawrxd-master\universal_compiler_runtime.asm\1768593989385_bRtf.asm(28) : error A2008:syntax error : global
D:\rawrxd\.archive\history\all_versions\itsmehrawrxd-master\universal_compiler_runtime.asm\1768593989385_bRtf.asm(29) : error A2008:syntax error : global
D:\rawrxd\.archive\history\all_versions\itsmehrawrxd-master\universal_compiler_runtime.asm\1768593989385_bRtf.asm(30) : error A2008:syntax error : global
D:\rawrxd\.archive\history\all_versions\itsmehrawrxd-master\universal_compiler_runtime.asm\1768593989385_bRtf.asm(31) : error A2008:syntax error : global
D:\rawrxd\.archive\history\all_versions\itsmehrawrxd-master\universal_compiler_runtime.asm\1768593989385_bRtf.asm(32) : error A2008:syntax error : global
D:\rawrxd\.archive\history\all_versions\itsmehrawrxd-master\universal_compiler_runtime.asm\1768593989385_bRtf.asm(33) : error A2008:syntax error : global
D:\rawrxd\.archive\history\all_versions\itsmehrawrxd-master\universal_compiler_runtime.asm\1768593989385_bRtf.asm(36) : error A2008:syntax error : global
D:\rawrxd\.archive\history\all_versions\itsmehrawrxd-master\universal_compiler_runtime.asm\1768593989385_bRtf.asm(37) : error A2008:syntax error : global
D:\rawrxd\.archive\history\all_versions\itsmehrawrxd-master\universal_compiler_runtime.asm\1768593989385_bRtf.asm(38) : error A2008:syntax error : global
D:\rawrxd\.archive\history\all_versions\itsmehrawrxd-master\universal_compiler_runtime.asm\1768593989385_bRtf.asm(39) : error A2008:syntax error : global
D:\rawrxd\.archive\history\all_versions\itsmehrawrxd-master\universal_compiler_runtime.asm\1768593989385_bRtf.asm(40) : error A2008:syntax error : global
D:\rawrxd\.archive\history\all_versions\itsmehrawrxd-master\universal_compiler_runtime.asm\1768593989385_bRtf.asm(41) : error A2008:syntax error : global
D:\rawrxd\.archive\history\all_versions\itsmehrawrxd-master\universal_compiler_runtime.asm\1768593989385_bRtf.asm(44) : error A2008:syntax error : global
D:\rawrxd\.archive\history\all_versions\itsmehrawrxd-master\universal_compiler_runtime.asm\1768593989385_bRtf.asm(45) : error A2008:syntax error : global
D:\rawrxd\.archive\history\all_versions\itsmehrawrxd-master\universal_compiler_runtime.asm\1768593989385_bRtf.asm(46) : error A2008:syntax error : global
D:\rawrxd\.archive\history\all_versions\itsmehrawrxd-master\universal_compiler_runtime.asm\1768593989385_bRtf.asm(47) : error A2008:syntax error : global
D:\rawrxd\.archive\history\all_versions\itsmehrawrxd-master\universal_compiler_runtime.asm\1768593989385_bRtf.asm(48) : error A2008:syntax error : global
D:\rawrxd\.archive\history\all_versions\itsmehrawrxd-master\universal_compiler_runtime.asm\1768593989385_bRtf.asm(49) : error A2008:syntax error : global
D:\rawrxd\.archive\history\all_versions\itsmehrawrxd-master\universal_compiler_runtime.asm\1768593989385_bRtf.asm(52) : error A2008:syntax error : global
D:\rawrxd\.archive\history\all_versions\itsmehrawrxd-master\universal_compiler_runtime.asm\1768593989385_bRtf.asm(53) : error A2008:syntax error : global
D:\rawrxd\.archive\history\all_versions\itsmehrawrxd-master\universal_compiler_runtime.asm\1768593989385_bRtf.asm(54) : error A2008:syntax error : global
D:\rawrxd\.archive\history\all_versions\itsmehrawrxd-master\universal_compiler_runtime.asm\1768593989385_bRtf.asm(55) : error A2008:syntax error : global
D:\rawrxd\.archive\history\all_versions\itsmehrawrxd-master\universal_compiler_runtime.asm\1768593989385_bRtf.asm(56) : error A2008:syntax error : global
D:\rawrxd\.archive\history\all_versions\itsmehrawrxd-master\universal_compiler_runtime.asm\1768593989385_bRtf.asm(57) : error A2008:syntax error : global
D:\rawrxd\.archive\history\all_versions\itsmehrawrxd-master\universal_compiler_runtime.asm\1768593989385_bRtf.asm(59) : error A2034:must be in segment block
D:\rawrxd\.archive\history\all_versions\itsmehrawrxd-master\universal_compiler_runtime.asm\1768593989385_bRtf.asm(60) : error A2034:must be in segment block
D:\rawrxd\.archive\history\all_versions\itsmehrawrxd-master\universal_compiler_runtime.asm\1768593989385_bRtf.asm(61) : error A2034:must be in segment block
D:\rawrxd\.archive\history\all_versions\itsmehrawrxd-master\universal_compiler_runtime.asm\1768593989385_bRtf.asm(62) : error A2034:must be in segment block
D:\rawrxd\.archive\history\all_versions\itsmehrawrxd-master\universal_compiler_runtime.asm\1768593989385_bRtf.asm(63) : error A2034:must be in segment block
D:\rawrxd\.archive\history\all_versions\itsmehrawrxd-master\universal_compiler_runtime.asm\1768593989385_bRtf.asm(64) : error A2034:must be in segment block
D:\rawrxd\.archive\history\all_versions\itsmehrawrxd-master\universal_compiler_runtime.asm\1768593989385_bRtf.asm(65) : error A2034:must be in segment block
D:\rawrxd\.archive\history\all_versions\itsmehrawrxd-master\universal_compiler_runtime.asm\1768593989385_bRtf.asm(66) : error A2034:must be in segment block
D:\rawrxd\.archive\history\all_versions\itsmehrawrxd-master\universal_compiler_runtime.asm\1768593989385_bRtf.asm(68) : error A2034:must be in segment block
D:\rawrxd\.archive\history\all_versions\itsmehrawrxd-master\universal_compiler_runtime.asm\1768593989385_bRtf.asm(69) : error A2034:must be in segment block
D:\rawrxd\.archive\history\all_versions\itsmehrawrxd-master\universal_compiler_runtime.asm\1768593989385_bRtf.asm(70) : error A2034:must be in segment block
D:\rawrxd\.archive\history\all_versions\itsmehrawrxd-master\universal_compiler_runtime.asm\1768593989385_bRtf.asm(71) : error A2034:must be in segment block
D:\rawrxd\.archive\history\all_versions\itsmehrawrxd-master\universal_compiler_runtime.asm\1768593989385_bRtf.asm(72) : error A2034:must be in segment block
D:\rawrxd\.archive\history\all_versions\itsmehrawrxd-master\universal_compiler_runtime.asm\1768593989385_bRtf.asm(73) : error A2034:must be in segment block
D:\rawrxd\.archive\history\all_versions\itsmehrawrxd-master\universal_compiler_runtime.asm\1768593989385_bRtf.asm(75) : error A2034:must be in segment block
D:\rawrxd\.archive\history\all_versions\itsmehrawrxd-master\universal_compiler_runtime.asm\1768593989385_bRtf.asm(76) : error A2034:must be in segment block
D:\rawrxd\.archive\history\all_versions\itsmehrawrxd-master\universal_compiler_runtime.asm\1768593989385_bRtf.asm(77) : error A2034:must be in segment block
D:\rawrxd\.archive\history\all_versions\itsmehrawrxd-master\universal_compiler_runtime.asm\1768593989385_bRtf.asm(79) : error A2034:must be in segment block
D:\rawrxd\.archive\history\all_versions\itsmehrawrxd-master\universal_compiler_runtime.asm\1768593989385_bRtf.asm(80) : error A2034:must be in segment block
D:\rawrxd\.archive\history\all_versions\itsmehrawrxd-master\universal_compiler_runtime.asm\1768593989385_bRtf.asm(81) : error A2034:must be in segment block
D:\rawrxd\.archive\history\all_versions\itsmehrawrxd-master\universal_compiler_runtime.asm\1768593989385_bRtf.asm(83) : error A2034:must be in segment block
D:\rawrxd\.archive\history\all_versions\itsmehrawrxd-master\universal_compiler_runtime.asm\1768593989385_bRtf.asm(84) : error A2034:must be in segment block
D:\rawrxd\.archive\history\all_versions\itsmehrawrxd-master\universal_compiler_runtime.asm\1768593989385_bRtf.asm(85) : error A2034:must be in segment block
D:\rawrxd\.archive\history\all_versions\itsmehrawrxd-master\universal_compiler_runtime.asm\1768593989385_bRtf.asm(87) : error A2034:must be in segment block
D:\rawrxd\.archive\history\all_versions\itsmehrawrxd-master\universal_compiler_runtime.asm\1768593989385_bRtf.asm(88) : error A2034:must be in segment block
D:\rawrxd\.archive\history\all_versions\itsmehrawrxd-master\universal_compiler_runtime.asm\1768593989385_bRtf.asm(89) : error A2034:must be in segment block
D:\rawrxd\.archive\history\all_versions\itsmehrawrxd-master\universal_compiler_runtime.asm\1768593989385_bRtf.asm(92) : error A2034:must be in segment block
D:\rawrxd\.archive\history\all_versions\itsmehrawrxd-master\universal_compiler_runtime.asm\1768593989385_bRtf.asm(94) : error A2034:must be in segment block
D:\rawrxd\.archive\history\all_versions\itsmehrawrxd-master\universal_compiler_runtime.asm\1768593989385_bRtf.asm(95) : error A2034:must be in segment block
D:\rawrxd\.archive\history\all_versions\itsmehrawrxd-master\universal_compiler_runtime.asm\1768593989385_bRtf.asm(97) : error A2034:must be in segment block
D:\rawrxd\.archive\history\all_versions\itsmehrawrxd-master\universal_compiler_runtime.asm\1768593989385_bRtf.asm(98) : error A2034:must be in segment block
D:\rawrxd\.archive\history\all_versions\itsmehrawrxd-master\universal_compiler_runtime.asm\1768593989385_bRtf.asm(100) : error A2034:must be in segment block
D:\rawrxd\.archive\history\all_versions\itsmehrawrxd-master\universal_compiler_runtime.asm\1768593989385_bRtf.asm(102) : error A2034:must be in segment block
D:\rawrxd\.archive\history\all_versions\itsmehrawrxd-master\universal_compiler_runtime.asm\1768593989385_bRtf.asm(103) : error A2034:must be in segment block
D:\rawrxd\.archive\history\all_versions\itsmehrawrxd-master\universal_compiler_runtime.asm\1768593989385_bRtf.asm(104) : error A2034:must be in segment block
D:\rawrxd\.archive\history\all_versions\itsmehrawrxd-master\universal_compiler_runtime.asm\1768593989385_bRtf.asm(105) : error A2034:must be in segment block
D:\rawrxd\.archive\history\all_versions\itsmehrawrxd-master\universal_compiler_runtime.asm\1768593989385_bRtf.asm(107) : error A2034:must be in segment block
D:\rawrxd\.archive\history\all_versions\itsmehrawrxd-master\universal_compiler_runtime.asm\1768593989385_bRtf.asm(109) : error A2034:must be in segment block
D:\rawrxd\.archive\history\all_versions\itsmehrawrxd-master\universal_compiler_runtime.asm\1768593989385_bRtf.asm(110) : error A2034:must be in segment block
D:\rawrxd\.archive\history\all_versions\itsmehrawrxd-master\universal_compiler_runtime.asm\1768593989385_bRtf.asm(111) : error A2034:must be in segment block
D:\rawrxd\.archive\history\all_versions\itsmehrawrxd-master\universal_compiler_runtime.asm\1768593989385_bRtf.asm(112) : error A2034:must be in segment block
D:\rawrxd\.archive\history\all_versions\itsmehrawrxd-master\universal_compiler_runtime.asm\1768593989385_bRtf.asm(114) : error A2034:must be in segment block
D:\rawrxd\.archive\history\all_versions\itsmehrawrxd-master\universal_compiler_runtime.asm\1768593989385_bRtf.asm(116) : error A2034:must be in segment block
D:\rawrxd\.archive\history\all_versions\itsmehrawrxd-master\universal_compiler_runtime.asm\1768593989385_bRtf.asm(117) : error A2034:must be in segment block
D:\rawrxd\.archive\history\all_versions\itsmehrawrxd-master\universal_compiler_runtime.asm\1768593989385_bRtf.asm(118) : error A2034:must be in segment block
D:\rawrxd\.archive\history\all_versions\itsmehrawrxd-master\universal_compiler_runtime.asm\1768593989385_bRtf.asm(119) : error A2034:must be in segment block
D:\rawrxd\.archive\history\all_versions\itsmehrawrxd-master\universal_compiler_runtime.asm\1768593989385_bRtf.asm(120) : error A2034:must be in segment block
D:\rawrxd\.archive\history\all_versions\itsmehrawrxd-master\universal_compiler_runtime.asm\1768593989385_bRtf.asm(122) : error A2034:must be in segment block
D:\rawrxd\.archive\history\all_versions\itsmehrawrxd-master\universal_compiler_runtime.asm\1768593989385_bRtf.asm(123) : error A2034:must be in segment block
D:\rawrxd\.archive\history\all_versions\itsmehrawrxd-master\universal_compiler_runtime.asm\1768593989385_bRtf.asm(124) : error A2034:must be in segment block
D:\rawrxd\.archive\history\all_versions\itsmehrawrxd-master\universal_compiler_runtime.asm\1768593989385_bRtf.asm(125) : error A2034:must be in segment block
D:\rawrxd\.archive\history\all_versions\itsmehrawrxd-master\universal_compiler_runtime.asm\1768593989385_bRtf.asm(126) : error A2034:must be in segment block
D:\rawrxd\.archive\history\all_versions\itsmehrawrxd-master\universal_compiler_runtime.asm\1768593989385_bRtf.asm(127) : error A2034:must be in segment block
D:\rawrxd\.archive\history\all_versions\itsmehrawrxd-master\universal_compiler_runtime.asm\1768593989385_bRtf.asm(129) : error A2034:must be in segment block
D:\rawrxd\.archive\history\all_versions\itsmehrawrxd-master\universal_compiler_runtime.asm\1768593989385_bRtf.asm(130) : error A2034:must be in segment block
D:\rawrxd\.archive\history\all_versions\itsmehrawrxd-master\universal_compiler_runtime.asm\1768593989385_bRtf.asm(131) : error A2034:must be in segment block
D:\rawrxd\.archive\history\all_versions\itsmehrawrxd-master\universal_compiler_runtime.asm\1768593989385_bRtf.asm(132) : error A2034:must be in segment block
D:\rawrxd\.archive\history\all_versions\itsmehrawrxd-master\universal_compiler_runtime.asm\1768593989385_bRtf.asm(133) : error A2034:must be in segment block
D:\rawrxd\.archive\history\all_versions\itsmehrawrxd-master\universal_compiler_runtime.asm\1768593989385_bRtf.asm(134) : error A2034:must be in segment block
D:\rawrxd\.archive\history\all_versions\itsmehrawrxd-master\universal_compiler_runtime.asm\1768593989385_bRtf.asm(137) : fatal error A1012:error count exceeds 100; stopping assembly
