 Assembling: D:\rawrxd\history\all_versions\src\agentic\RawrXD_Complete_Explicit.asm\1769584642438_e540.asm
D:\rawrxd\history\all_versions\src\agentic\RawrXD_Complete_Explicit.asm\1769584642438_e540.asm(19) : error A2008:syntax error : .
D:\rawrxd\history\all_versions\src\agentic\RawrXD_Complete_Explicit.asm\1769584642438_e540.asm(20) : error A2008:syntax error : .
D:\rawrxd\history\all_versions\src\agentic\RawrXD_Complete_Explicit.asm\1769584642438_e540.asm(143) : error A2008:syntax error : DD
D:\rawrxd\history\all_versions\src\agentic\RawrXD_Complete_Explicit.asm\1769584642438_e540.asm(153) : error A2008:syntax error : ptr
D:\rawrxd\history\all_versions\src\agentic\RawrXD_Complete_Explicit.asm\1769584642438_e540.asm(154) : error A2008:syntax error : size
D:\rawrxd\history\all_versions\src\agentic\RawrXD_Complete_Explicit.asm\1769584642438_e540.asm(261) : error A2008:syntax error : size
D:\rawrxd\history\all_versions\src\agentic\RawrXD_Complete_Explicit.asm\1769584642438_e540.asm(316) : error A2008:syntax error : stream_lock
D:\rawrxd\history\all_versions\src\agentic\RawrXD_Complete_Explicit.asm\1769584642438_e540.asm(329) : error A2008:syntax error : alloc_lock
D:\rawrxd\history\all_versions\src\agentic\RawrXD_Complete_Explicit.asm\1769584642438_e540.asm(381) : error A2008:syntax error : .
D:\rawrxd\history\all_versions\src\agentic\RawrXD_Complete_Explicit.asm\1769584642438_e540.asm(392) : error A2008:syntax error : .
D:\rawrxd\history\all_versions\src\agentic\RawrXD_Complete_Explicit.asm\1769584642438_e540.asm(398) : error A2008:syntax error : code
D:\rawrxd\history\all_versions\src\agentic\RawrXD_Complete_Explicit.asm\1769584642438_e540.asm(419) : error A2008:syntax error : .
D:\rawrxd\history\all_versions\src\agentic\RawrXD_Complete_Explicit.asm\1769584642438_e540.asm(425) : error A2008:syntax error : .
D:\rawrxd\history\all_versions\src\agentic\RawrXD_Complete_Explicit.asm\1769584642438_e540.asm(489) : error A2008:syntax error : .
D:\rawrxd\history\all_versions\src\agentic\RawrXD_Complete_Explicit.asm\1769584642438_e540.asm(492) : error A2008:syntax error : .
D:\rawrxd\history\all_versions\src\agentic\RawrXD_Complete_Explicit.asm\1769584642438_e540.asm(521) : error A2008:syntax error : .
D:\rawrxd\history\all_versions\src\agentic\RawrXD_Complete_Explicit.asm\1769584642438_e540.asm(533) : error A2008:syntax error : .
D:\rawrxd\history\all_versions\src\agentic\RawrXD_Complete_Explicit.asm\1769584642438_e540.asm(539) : error A2008:syntax error : .
D:\rawrxd\history\all_versions\src\agentic\RawrXD_Complete_Explicit.asm\1769584642438_e540.asm(542) : error A2008:syntax error : .
D:\rawrxd\history\all_versions\src\agentic\RawrXD_Complete_Explicit.asm\1769584642438_e540.asm(570) : error A2008:syntax error : .
D:\rawrxd\history\all_versions\src\agentic\RawrXD_Complete_Explicit.asm\1769584642438_e540.asm(604) : error A2008:syntax error : .
D:\rawrxd\history\all_versions\src\agentic\RawrXD_Complete_Explicit.asm\1769584642438_e540.asm(608) : error A2008:syntax error : .
D:\rawrxd\history\all_versions\src\agentic\RawrXD_Complete_Explicit.asm\1769584642438_e540.asm(658) : error A2070:invalid instruction operands
D:\rawrxd\history\all_versions\src\agentic\RawrXD_Complete_Explicit.asm\1769584642438_e540.asm(671) : error A2070:invalid instruction operands
D:\rawrxd\history\all_versions\src\agentic\RawrXD_Complete_Explicit.asm\1769584642438_e540.asm(681) : error A2070:invalid instruction operands
D:\rawrxd\history\all_versions\src\agentic\RawrXD_Complete_Explicit.asm\1769584642438_e540.asm(696) : error A2008:syntax error : .
D:\rawrxd\history\all_versions\src\agentic\RawrXD_Complete_Explicit.asm\1769584642438_e540.asm(700) : error A2008:syntax error : .
D:\rawrxd\history\all_versions\src\agentic\RawrXD_Complete_Explicit.asm\1769584642438_e540.asm(705) : error A2008:syntax error : .
D:\rawrxd\history\all_versions\src\agentic\RawrXD_Complete_Explicit.asm\1769584642438_e540.asm(710) : error A2008:syntax error : .
D:\rawrxd\history\all_versions\src\agentic\RawrXD_Complete_Explicit.asm\1769584642438_e540.asm(715) : error A2008:syntax error : .
D:\rawrxd\history\all_versions\src\agentic\RawrXD_Complete_Explicit.asm\1769584642438_e540.asm(719) : error A2008:syntax error : .
D:\rawrxd\history\all_versions\src\agentic\RawrXD_Complete_Explicit.asm\1769584642438_e540.asm(755) : error A2008:syntax error : .
D:\rawrxd\history\all_versions\src\agentic\RawrXD_Complete_Explicit.asm\1769584642438_e540.asm(764) : error A2070:invalid instruction operands
D:\rawrxd\history\all_versions\src\agentic\RawrXD_Complete_Explicit.asm\1769584642438_e540.asm(768) : error A2008:syntax error : .
D:\rawrxd\history\all_versions\src\agentic\RawrXD_Complete_Explicit.asm\1769584642438_e540.asm(772) : error A2008:syntax error : .
D:\rawrxd\history\all_versions\src\agentic\RawrXD_Complete_Explicit.asm\1769584642438_e540.asm(776) : error A2008:syntax error : .
D:\rawrxd\history\all_versions\src\agentic\RawrXD_Complete_Explicit.asm\1769584642438_e540.asm(792) : error A2008:syntax error : .
D:\rawrxd\history\all_versions\src\agentic\RawrXD_Complete_Explicit.asm\1769584642438_e540.asm(802) : error A2008:syntax error : .
D:\rawrxd\history\all_versions\src\agentic\RawrXD_Complete_Explicit.asm\1769584642438_e540.asm(815) : error A2008:syntax error : .
D:\rawrxd\history\all_versions\src\agentic\RawrXD_Complete_Explicit.asm\1769584642438_e540.asm(833) : error A2008:syntax error : .
D:\rawrxd\history\all_versions\src\agentic\RawrXD_Complete_Explicit.asm\1769584642438_e540.asm(838) : error A2008:syntax error : .
D:\rawrxd\history\all_versions\src\agentic\RawrXD_Complete_Explicit.asm\1769584642438_e540.asm(909) : error A2008:syntax error : .
D:\rawrxd\history\all_versions\src\agentic\RawrXD_Complete_Explicit.asm\1769584642438_e540.asm(913) : error A2008:syntax error : .
D:\rawrxd\history\all_versions\src\agentic\RawrXD_Complete_Explicit.asm\1769584642438_e540.asm(918) : error A2008:syntax error : .
D:\rawrxd\history\all_versions\src\agentic\RawrXD_Complete_Explicit.asm\1769584642438_e540.asm(975) : error A2008:syntax error : .
D:\rawrxd\history\all_versions\src\agentic\RawrXD_Complete_Explicit.asm\1769584642438_e540.asm(981) : error A2008:syntax error : .
D:\rawrxd\history\all_versions\src\agentic\RawrXD_Complete_Explicit.asm\1769584642438_e540.asm(986) : error A2008:syntax error : .
D:\rawrxd\history\all_versions\src\agentic\RawrXD_Complete_Explicit.asm\1769584642438_e540.asm(1008) : error A2008:syntax error : .
D:\rawrxd\history\all_versions\src\agentic\RawrXD_Complete_Explicit.asm\1769584642438_e540.asm(1017) : error A2008:syntax error : .
D:\rawrxd\history\all_versions\src\agentic\RawrXD_Complete_Explicit.asm\1769584642438_e540.asm(1026) : error A2008:syntax error : .
D:\rawrxd\history\all_versions\src\agentic\RawrXD_Complete_Explicit.asm\1769584642438_e540.asm(1070) : error A2008:syntax error : .
D:\rawrxd\history\all_versions\src\agentic\RawrXD_Complete_Explicit.asm\1769584642438_e540.asm(1074) : error A2008:syntax error : .
D:\rawrxd\history\all_versions\src\agentic\RawrXD_Complete_Explicit.asm\1769584642438_e540.asm(1079) : error A2008:syntax error : .
D:\rawrxd\history\all_versions\src\agentic\RawrXD_Complete_Explicit.asm\1769584642438_e540.asm(1084) : error A2008:syntax error : .
D:\rawrxd\history\all_versions\src\agentic\RawrXD_Complete_Explicit.asm\1769584642438_e540.asm(1120) : error A2008:syntax error : .
D:\rawrxd\history\all_versions\src\agentic\RawrXD_Complete_Explicit.asm\1769584642438_e540.asm(1126) : error A2008:syntax error : .
D:\rawrxd\history\all_versions\src\agentic\RawrXD_Complete_Explicit.asm\1769584642438_e540.asm(1131) : error A2008:syntax error : .
D:\rawrxd\history\all_versions\src\agentic\RawrXD_Complete_Explicit.asm\1769584642438_e540.asm(1153) : error A2008:syntax error : .
D:\rawrxd\history\all_versions\src\agentic\RawrXD_Complete_Explicit.asm\1769584642438_e540.asm(1162) : error A2008:syntax error : .
D:\rawrxd\history\all_versions\src\agentic\RawrXD_Complete_Explicit.asm\1769584642438_e540.asm(1259) : error A2008:syntax error : .
D:\rawrxd\history\all_versions\src\agentic\RawrXD_Complete_Explicit.asm\1769584642438_e540.asm(1263) : error A2008:syntax error : .
D:\rawrxd\history\all_versions\src\agentic\RawrXD_Complete_Explicit.asm\1769584642438_e540.asm(1267) : error A2008:syntax error : .
D:\rawrxd\history\all_versions\src\agentic\RawrXD_Complete_Explicit.asm\1769584642438_e540.asm(1271) : error A2008:syntax error : .
D:\rawrxd\history\all_versions\src\agentic\RawrXD_Complete_Explicit.asm\1769584642438_e540.asm(1277) : error A2008:syntax error : .
D:\rawrxd\history\all_versions\src\agentic\RawrXD_Complete_Explicit.asm\1769584642438_e540.asm(1278) : error A2008:syntax error : .
D:\rawrxd\history\all_versions\src\agentic\RawrXD_Complete_Explicit.asm\1769584642438_e540.asm(1281) : error A2008:syntax error : .
D:\rawrxd\history\all_versions\src\agentic\RawrXD_Complete_Explicit.asm\1769584642438_e540.asm(1314) : error A2008:syntax error : .
D:\rawrxd\history\all_versions\src\agentic\RawrXD_Complete_Explicit.asm\1769584642438_e540.asm(1323) : error A2008:syntax error : .
D:\rawrxd\history\all_versions\src\agentic\RawrXD_Complete_Explicit.asm\1769584642438_e540.asm(1332) : error A2008:syntax error : .
D:\rawrxd\history\all_versions\src\agentic\RawrXD_Complete_Explicit.asm\1769584642438_e540.asm(1341) : error A2008:syntax error : .
D:\rawrxd\history\all_versions\src\agentic\RawrXD_Complete_Explicit.asm\1769584642438_e540.asm(1350) : error A2008:syntax error : .
D:\rawrxd\history\all_versions\src\agentic\RawrXD_Complete_Explicit.asm\1769584642438_e540.asm(1359) : error A2008:syntax error : .
D:\rawrxd\history\all_versions\src\agentic\RawrXD_Complete_Explicit.asm\1769584642438_e540.asm(1425) : error A2008:syntax error : .
D:\rawrxd\history\all_versions\src\agentic\RawrXD_Complete_Explicit.asm\1769584642438_e540.asm(375) : error A2006:undefined symbol : error_set_invalid
D:\rawrxd\history\all_versions\src\agentic\RawrXD_Complete_Explicit.asm\1769584642438_e540.asm(377) : error A2006:undefined symbol : error_set_valid
D:\rawrxd\history\all_versions\src\agentic\RawrXD_Complete_Explicit.asm\1769584642438_e540.asm(379) : error A2006:undefined symbol : error_set_invalid
D:\rawrxd\history\all_versions\src\agentic\RawrXD_Complete_Explicit.asm\1769584642438_e540.asm(384) : error A2098:invalid operand for OFFSET
D:\rawrxd\history\all_versions\src\agentic\RawrXD_Complete_Explicit.asm\1769584642438_e540.asm(385) : error A2098:invalid operand for OFFSET
D:\rawrxd\history\all_versions\src\agentic\RawrXD_Complete_Explicit.asm\1769584642438_e540.asm(389) : error A2006:undefined symbol : error_store_direct
D:\rawrxd\history\all_versions\src\agentic\RawrXD_Complete_Explicit.asm\1769584642438_e540.asm(399) : error A2098:invalid operand for OFFSET
D:\rawrxd\history\all_versions\src\agentic\RawrXD_Complete_Explicit.asm\1769584642438_e540.asm(400) : error A2098:invalid operand for OFFSET
D:\rawrxd\history\all_versions\src\agentic\RawrXD_Complete_Explicit.asm\1769584642438_e540.asm(401) : error A2098:invalid operand for OFFSET
D:\rawrxd\history\all_versions\src\agentic\RawrXD_Complete_Explicit.asm\1769584642438_e540.asm(405) : error A2098:invalid operand for OFFSET
D:\rawrxd\history\all_versions\src\agentic\RawrXD_Complete_Explicit.asm\1769584642438_e540.asm(412) : error A2098:invalid operand for OFFSET
D:\rawrxd\history\all_versions\src\agentic\RawrXD_Complete_Explicit.asm\1769584642438_e540.asm(414) : error A2006:undefined symbol : error_no_callback
D:\rawrxd\history\all_versions\src\agentic\RawrXD_Complete_Explicit.asm\1769584642438_e540.asm(416) : error A2098:invalid operand for OFFSET
D:\rawrxd\history\all_versions\src\agentic\RawrXD_Complete_Explicit.asm\1769584642438_e540.asm(436) : error A2098:invalid operand for OFFSET
D:\rawrxd\history\all_versions\src\agentic\RawrXD_Complete_Explicit.asm\1769584642438_e540.asm(453) : error A2006:undefined symbol : alloc_lock
D:\rawrxd\history\all_versions\src\agentic\RawrXD_Complete_Explicit.asm\1769584642438_e540.asm(458) : error A2098:invalid operand for OFFSET
D:\rawrxd\history\all_versions\src\agentic\RawrXD_Complete_Explicit.asm\1769584642438_e540.asm(460) : error A2006:undefined symbol : alloc_track_full
D:\rawrxd\history\all_versions\src\agentic\RawrXD_Complete_Explicit.asm\1769584642438_e540.asm(463) : error A2098:invalid operand for OFFSET
D:\rawrxd\history\all_versions\src\agentic\RawrXD_Complete_Explicit.asm\1769584642438_e540.asm(470) : error A2016:expression expected
D:\rawrxd\history\all_versions\src\agentic\RawrXD_Complete_Explicit.asm\1769584642438_e540.asm(471) : error A2081:missing operand after unary operator
D:\rawrxd\history\all_versions\src\agentic\RawrXD_Complete_Explicit.asm\1769584642438_e540.asm(472) : error A2098:invalid operand for OFFSET
D:\rawrxd\history\all_versions\src\agentic\RawrXD_Complete_Explicit.asm\1769584642438_e540.asm(473) : error A2098:invalid operand for OFFSET
D:\rawrxd\history\all_versions\src\agentic\RawrXD_Complete_Explicit.asm\1769584642438_e540.asm(477) : error A2098:invalid operand for OFFSET
D:\rawrxd\history\all_versions\src\agentic\RawrXD_Complete_Explicit.asm\1769584642438_e540.asm(480) : error A2098:invalid operand for OFFSET
D:\rawrxd\history\all_versions\src\agentic\RawrXD_Complete_Explicit.asm\1769584642438_e540.asm(484) : error A2098:invalid operand for OFFSET
D:\rawrxd\history\all_versions\src\agentic\RawrXD_Complete_Explicit.asm\1769584642438_e540.asm(487) : error A2006:undefined symbol : alloc_track_done
D:\rawrxd\history\all_versions\src\agentic\RawrXD_Complete_Explicit.asm\1769584642438_e540.asm(495) : error A2006:undefined symbol : alloc_lock
D:\rawrxd\history\all_versions\src\agentic\RawrXD_Complete_Explicit.asm\1769584642438_e540.asm(512) : fatal error A1012:error count exceeds 100; stopping assembly
