 Assembling: D:\rawrxd\history\all_versions\src\dumpbin_final.asm\1769579724319_QFAt.asm
D:\rawrxd\history\all_versions\src\dumpbin_final.asm\1769579724319_QFAt.asm(10) : error A2008:syntax error : .
D:\rawrxd\history\all_versions\src\dumpbin_final.asm\1769579724319_QFAt.asm(11) : error A2008:syntax error : .

***********
ASCII build
***********

C:\masm32\include\windows.inc(9750) : error A2008:syntax error : dword
C:\masm32\include\windows.inc(10183) : error A2008:syntax error : frame
C:\masm32\include\windows.inc(16333) : error A2008:syntax error : dword
C:\masm32\include\windows.inc(18862) : error A2008:syntax error : Frame
C:\masm32\include\windows.inc(24749) : error A2042:statement too complex
C:\masm32\include\winextra.inc(11052) : error A2026:constant expected
C:\masm32\include\winextra.inc(11053) : error A2026:constant expected
D:\rawrxd\history\all_versions\src\dumpbin_final.asm\1769579724319_QFAt.asm(321) : error A2008:syntax error : invoke
D:\rawrxd\history\all_versions\src\dumpbin_final.asm\1769579724319_QFAt.asm(323) : error A2008:syntax error : invoke
D:\rawrxd\history\all_versions\src\dumpbin_final.asm\1769579724319_QFAt.asm(326) : error A2008:syntax error : WriteConsoleA
D:\rawrxd\history\all_versions\src\dumpbin_final.asm\1769579724319_QFAt.asm(331) : error A2008:syntax error : invoke
D:\rawrxd\history\all_versions\src\dumpbin_final.asm\1769579724319_QFAt.asm(356) : error A2008:syntax error : WriteConsoleA
D:\rawrxd\history\all_versions\src\dumpbin_final.asm\1769579724319_QFAt.asm(383) : error A2008:syntax error : WriteConsoleA
D:\rawrxd\history\all_versions\src\dumpbin_final.asm\1769579724319_QFAt.asm(385) : error A2008:syntax error : invoke
D:\rawrxd\history\all_versions\src\dumpbin_final.asm\1769579724319_QFAt.asm(387) : error A2008:syntax error : invoke
D:\rawrxd\history\all_versions\src\dumpbin_final.asm\1769579724319_QFAt.asm(392) : error A2008:syntax error : invoke
D:\rawrxd\history\all_versions\src\dumpbin_final.asm\1769579724319_QFAt.asm(395) : error A2008:syntax error : invoke
D:\rawrxd\history\all_versions\src\dumpbin_final.asm\1769579724319_QFAt.asm(398) : error A2008:syntax error : invoke
D:\rawrxd\history\all_versions\src\dumpbin_final.asm\1769579724319_QFAt.asm(399) : error A2008:syntax error : invoke
D:\rawrxd\history\all_versions\src\dumpbin_final.asm\1769579724319_QFAt.asm(411) : error A2008:syntax error : WriteConsoleA
D:\rawrxd\history\all_versions\src\dumpbin_final.asm\1769579724319_QFAt.asm(445) : error A2008:syntax error : wsprintfA
D:\rawrxd\history\all_versions\src\dumpbin_final.asm\1769579724319_QFAt.asm(446) : error A2008:syntax error : WriteConsoleA
D:\rawrxd\history\all_versions\src\dumpbin_final.asm\1769579724319_QFAt.asm(459) : error A2008:syntax error : WriteConsoleA
D:\rawrxd\history\all_versions\src\dumpbin_final.asm\1769579724319_QFAt.asm(463) : error A2008:syntax error : WriteConsoleA
D:\rawrxd\history\all_versions\src\dumpbin_final.asm\1769579724319_QFAt.asm(474) : error A2008:syntax error : wsprintfA
D:\rawrxd\history\all_versions\src\dumpbin_final.asm\1769579724319_QFAt.asm(475) : error A2008:syntax error : WriteConsoleA
D:\rawrxd\history\all_versions\src\dumpbin_final.asm\1769579724319_QFAt.asm(499) : error A2008:syntax error : WriteConsoleA
D:\rawrxd\history\all_versions\src\dumpbin_final.asm\1769579724319_QFAt.asm(506) : error A2008:syntax error : WriteConsoleA
D:\rawrxd\history\all_versions\src\dumpbin_final.asm\1769579724319_QFAt.asm(519) : error A2008:syntax error : invoke
D:\rawrxd\history\all_versions\src\dumpbin_final.asm\1769579724319_QFAt.asm(541) : error A2008:syntax error : invoke
D:\rawrxd\history\all_versions\src\dumpbin_final.asm\1769579724319_QFAt.asm(549) : error A2008:syntax error : invoke
D:\rawrxd\history\all_versions\src\dumpbin_final.asm\1769579724319_QFAt.asm(699) : error A2070:invalid instruction operands
D:\rawrxd\history\all_versions\src\dumpbin_final.asm\1769579724319_QFAt.asm(704) : error A2070:invalid instruction operands
D:\rawrxd\history\all_versions\src\dumpbin_final.asm\1769579724319_QFAt.asm(746) : error A2008:syntax error : strlen
D:\rawrxd\history\all_versions\src\dumpbin_final.asm\1769579724319_QFAt.asm(749) : error A2008:syntax error : invoke
D:\rawrxd\history\all_versions\src\dumpbin_final.asm\1769579724319_QFAt.asm(784) : error A2008:syntax error : invoke
D:\rawrxd\history\all_versions\src\dumpbin_final.asm\1769579724319_QFAt.asm(793) : error A2008:syntax error : invoke
D:\rawrxd\history\all_versions\src\dumpbin_final.asm\1769579724319_QFAt.asm(906) : error A2070:invalid instruction operands
D:\rawrxd\history\all_versions\src\dumpbin_final.asm\1769579724319_QFAt.asm(1064) : error A2008:syntax error : integer
D:\rawrxd\history\all_versions\src\dumpbin_final.asm\1769579724319_QFAt.asm(1285) : error A2008:syntax error : invoke
D:\rawrxd\history\all_versions\src\dumpbin_final.asm\1769579724319_QFAt.asm(1291) : error A2008:syntax error : WriteFile
D:\rawrxd\history\all_versions\src\dumpbin_final.asm\1769579724319_QFAt.asm(1292) : error A2008:syntax error : WriteFile
D:\rawrxd\history\all_versions\src\dumpbin_final.asm\1769579724319_QFAt.asm(1301) : error A2008:syntax error : invoke
D:\rawrxd\history\all_versions\src\dumpbin_final.asm\1769579724319_QFAt.asm(1350) : error A2008:syntax error : invoke
D:\rawrxd\history\all_versions\src\dumpbin_final.asm\1769579724319_QFAt.asm(1359) : error A2008:syntax error : invoke
D:\rawrxd\history\all_versions\src\dumpbin_final.asm\1769579724319_QFAt.asm(1370) : error A2008:syntax error : invoke
D:\rawrxd\history\all_versions\src\dumpbin_final.asm\1769579724319_QFAt.asm(1392) : error A2008:syntax error : invoke
D:\rawrxd\history\all_versions\src\dumpbin_final.asm\1769579724319_QFAt.asm(1395) : error A2008:syntax error : invoke
D:\rawrxd\history\all_versions\src\dumpbin_final.asm\1769579724319_QFAt.asm(1404) : error A2008:syntax error : invoke
D:\rawrxd\history\all_versions\src\dumpbin_final.asm\1769579724319_QFAt.asm(1405) : error A2008:syntax error : invoke
D:\rawrxd\history\all_versions\src\dumpbin_final.asm\1769579724319_QFAt.asm(1407) : error A2070:invalid instruction operands
D:\rawrxd\history\all_versions\src\dumpbin_final.asm\1769579724319_QFAt.asm(1430) : error A2008:syntax error : invoke
D:\rawrxd\history\all_versions\src\dumpbin_final.asm\1769579724319_QFAt.asm(1433) : error A2008:syntax error : invoke
D:\rawrxd\history\all_versions\src\dumpbin_final.asm\1769579724319_QFAt.asm(1465) : error A2008:syntax error : strcat
D:\rawrxd\history\all_versions\src\dumpbin_final.asm\1769579724319_QFAt.asm(1467) : error A2008:syntax error : invoke
D:\rawrxd\history\all_versions\src\dumpbin_final.asm\1769579724319_QFAt.asm(1476) : error A2008:syntax error : invoke
D:\rawrxd\history\all_versions\src\dumpbin_final.asm\1769579724319_QFAt.asm(1480) : error A2008:syntax error : invoke
D:\rawrxd\history\all_versions\src\dumpbin_final.asm\1769579724319_QFAt.asm(1505) : error A2008:syntax error : WriteConsoleA
D:\rawrxd\history\all_versions\src\dumpbin_final.asm\1769579724319_QFAt.asm(1506) : error A2008:syntax error : WriteConsoleA
D:\rawrxd\history\all_versions\src\dumpbin_final.asm\1769579724319_QFAt.asm(1621) : error A2008:syntax error : pushad
D:\rawrxd\history\all_versions\src\dumpbin_final.asm\1769579724319_QFAt.asm(1629) : error A2008:syntax error : CryptDecodeObjectEx
D:\rawrxd\history\all_versions\src\dumpbin_final.asm\1769579724319_QFAt.asm(1641) : error A2008:syntax error : WriteConsoleA
D:\rawrxd\history\all_versions\src\dumpbin_final.asm\1769579724319_QFAt.asm(1649) : error A2008:syntax error : CertNameToStrA
D:\rawrxd\history\all_versions\src\dumpbin_final.asm\1769579724319_QFAt.asm(1653) : error A2008:syntax error : invoke
D:\rawrxd\history\all_versions\src\dumpbin_final.asm\1769579724319_QFAt.asm(1654) : error A2008:syntax error : WriteConsoleA
D:\rawrxd\history\all_versions\src\dumpbin_final.asm\1769579724319_QFAt.asm(1662) : error A2008:syntax error : CertNameToStrA
D:\rawrxd\history\all_versions\src\dumpbin_final.asm\1769579724319_QFAt.asm(1666) : error A2008:syntax error : invoke
D:\rawrxd\history\all_versions\src\dumpbin_final.asm\1769579724319_QFAt.asm(1667) : error A2008:syntax error : WriteConsoleA
D:\rawrxd\history\all_versions\src\dumpbin_final.asm\1769579724319_QFAt.asm(1686) : error A2008:syntax error : invoke
D:\rawrxd\history\all_versions\src\dumpbin_final.asm\1769579724319_QFAt.asm(1687) : error A2008:syntax error : invoke
D:\rawrxd\history\all_versions\src\dumpbin_final.asm\1769579724319_QFAt.asm(1690) : error A2008:syntax error : invoke
D:\rawrxd\history\all_versions\src\dumpbin_final.asm\1769579724319_QFAt.asm(1692) : error A2008:syntax error : invoke
D:\rawrxd\history\all_versions\src\dumpbin_final.asm\1769579724319_QFAt.asm(1693) : error A2008:syntax error : WriteConsoleA
D:\rawrxd\history\all_versions\src\dumpbin_final.asm\1769579724319_QFAt.asm(1695) : error A2008:syntax error : invoke
D:\rawrxd\history\all_versions\src\dumpbin_final.asm\1769579724319_QFAt.asm(1697) : error A2008:syntax error : invoke
D:\rawrxd\history\all_versions\src\dumpbin_final.asm\1769579724319_QFAt.asm(1698) : error A2008:syntax error : WriteConsoleA
D:\rawrxd\history\all_versions\src\dumpbin_final.asm\1769579724319_QFAt.asm(1701) : error A2008:syntax error : invoke
D:\rawrxd\history\all_versions\src\dumpbin_final.asm\1769579724319_QFAt.asm(1708) : error A2012:PROC, MACRO, or macro repeat directive must precede LOCAL
D:\rawrxd\history\all_versions\src\dumpbin_final.asm\1769579724319_QFAt.asm(1709) : error A2012:PROC, MACRO, or macro repeat directive must precede LOCAL
D:\rawrxd\history\all_versions\src\dumpbin_final.asm\1769579724319_QFAt.asm(1714) : error A2008:syntax error : invoke
D:\rawrxd\history\all_versions\src\dumpbin_final.asm\1769579724319_QFAt.asm(1731) : error A2008:syntax error : WriteConsoleA
D:\rawrxd\history\all_versions\src\dumpbin_final.asm\1769579724319_QFAt.asm(1735) : error A2008:syntax error : WriteConsoleA
D:\rawrxd\history\all_versions\src\dumpbin_final.asm\1769579724319_QFAt.asm(1738) : error A2008:syntax error : invoke
D:\rawrxd\history\all_versions\src\dumpbin_final.asm\1769579724319_QFAt.asm(1739) : error A2008:syntax error : invoke
D:\rawrxd\history\all_versions\src\dumpbin_final.asm\1769579724319_QFAt.asm(1743) : error A2008:syntax error : invoke
D:\rawrxd\history\all_versions\src\dumpbin_final.asm\1769579724319_QFAt.asm(1748) : error A2008:syntax error : WriteConsoleA
D:\rawrxd\history\all_versions\src\dumpbin_final.asm\1769579724319_QFAt.asm(1751) : error A2008:syntax error : invoke
D:\rawrxd\history\all_versions\src\dumpbin_final.asm\1769579724319_QFAt.asm(1752) : error A2008:syntax error : popad
D:\rawrxd\history\all_versions\src\dumpbin_final.asm\1769579724319_QFAt.asm(1757) : error A2008:syntax error : WriteConsoleA
D:\rawrxd\history\all_versions\src\dumpbin_final.asm\1769579724319_QFAt.asm(1761) : error A2008:syntax error : wsprintfA
D:\rawrxd\history\all_versions\src\dumpbin_final.asm\1769579724319_QFAt.asm(1762) : error A2008:syntax error : WriteConsoleA
D:\rawrxd\history\all_versions\src\dumpbin_final.asm\1769579724319_QFAt.asm(1766) : error A2008:syntax error : WriteConsoleA
D:\rawrxd\history\all_versions\src\dumpbin_final.asm\1769579724319_QFAt.asm(1773) : error A2005:symbol redefinition : szCertFound
D:\rawrxd\history\all_versions\src\dumpbin_final.asm\1769579724319_QFAt.asm(1774) : error A2005:symbol redefinition : szCertX509
D:\rawrxd\history\all_versions\src\dumpbin_final.asm\1769579724319_QFAt.asm(1775) : error A2005:symbol redefinition : szFmtCertUnknown
D:\rawrxd\history\all_versions\src\dumpbin_final.asm\1769579724319_QFAt.asm(1776) : error A2005:symbol redefinition : szFmtCertSubject
D:\rawrxd\history\all_versions\src\dumpbin_final.asm\1769579724319_QFAt.asm(1777) : error A2005:symbol redefinition : szFmtCertIssuer
D:\rawrxd\history\all_versions\src\dumpbin_final.asm\1769579724319_QFAt.asm(1778) : error A2005:symbol redefinition : szFmtCertValidFrom
D:\rawrxd\history\all_versions\src\dumpbin_final.asm\1769579724319_QFAt.asm(1779) : fatal error A1012:error count exceeds 100; stopping assembly
