 Assembling: D:\rawrxd\history\all_versions\src\agentic\RawrXD_Complete_ReverseEngineered.asm\1769574581900_0gdX.asm
D:\rawrxd\history\all_versions\src\agentic\RawrXD_Complete_ReverseEngineered.asm\1769574581900_0gdX.asm(90) : error A2008:syntax error : dma_overlapped
D:\rawrxd\history\all_versions\src\agentic\RawrXD_Complete_ReverseEngineered.asm\1769574581900_0gdX.asm(113) : error A2008:syntax error : status_lock
D:\rawrxd\history\all_versions\src\agentic\RawrXD_Complete_ReverseEngineered.asm\1769574581900_0gdX.asm(123) : error A2008:syntax error : stats_lock
D:\rawrxd\history\all_versions\src\agentic\RawrXD_Complete_ReverseEngineered.asm\1769574581900_0gdX.asm(172) : error A2008:syntax error : local_queue_lock
D:\rawrxd\history\all_versions\src\agentic\RawrXD_Complete_ReverseEngineered.asm\1769574581900_0gdX.asm(185) : error A2008:syntax error : global_queue_lock
D:\rawrxd\history\all_versions\src\agentic\RawrXD_Complete_ReverseEngineered.asm\1769574581900_0gdX.asm(189) : error A2008:syntax error : task_id_lock
D:\rawrxd\history\all_versions\src\agentic\RawrXD_Complete_ReverseEngineered.asm\1769574581900_0gdX.asm(214) : error A2008:syntax error : wait_queue_lock
D:\rawrxd\history\all_versions\src\agentic\RawrXD_Complete_ReverseEngineered.asm\1769574581900_0gdX.asm(229) : error A2008:syntax error : graph_lock
D:\rawrxd\history\all_versions\src\agentic\RawrXD_Complete_ReverseEngineered.asm\1769574581900_0gdX.asm(250) : error A2008:syntax error : address
D:\rawrxd\history\all_versions\src\agentic\RawrXD_Complete_ReverseEngineered.asm\1769574581900_0gdX.asm(296) : error A2189:invalid combination with segment alignment : 64
D:\rawrxd\history\all_versions\src\agentic\RawrXD_Complete_ReverseEngineered.asm\1769574581900_0gdX.asm(299) : error A2189:invalid combination with segment alignment : 64
D:\rawrxd\history\all_versions\src\agentic\RawrXD_Complete_ReverseEngineered.asm\1769574581900_0gdX.asm(302) : error A2189:invalid combination with segment alignment : 64
D:\rawrxd\history\all_versions\src\agentic\RawrXD_Complete_ReverseEngineered.asm\1769574581900_0gdX.asm(305) : error A2189:invalid combination with segment alignment : 64
D:\rawrxd\history\all_versions\src\agentic\RawrXD_Complete_ReverseEngineered.asm\1769574581900_0gdX.asm(308) : error A2189:invalid combination with segment alignment : 64
D:\rawrxd\history\all_versions\src\agentic\RawrXD_Complete_ReverseEngineered.asm\1769574581900_0gdX.asm(311) : error A2189:invalid combination with segment alignment : 64
D:\rawrxd\history\all_versions\src\agentic\RawrXD_Complete_ReverseEngineered.asm\1769574581900_0gdX.asm(314) : error A2189:invalid combination with segment alignment : 64
D:\rawrxd\history\all_versions\src\agentic\RawrXD_Complete_ReverseEngineered.asm\1769574581900_0gdX.asm(318) : error A2189:invalid combination with segment alignment : 64
D:\rawrxd\history\all_versions\src\agentic\RawrXD_Complete_ReverseEngineered.asm\1769574581900_0gdX.asm(564) : error A2084:constant value too large
D:\rawrxd\history\all_versions\src\agentic\RawrXD_Complete_ReverseEngineered.asm\1769574581900_0gdX.asm(566) : error A2084:constant value too large
D:\rawrxd\history\all_versions\src\agentic\RawrXD_Complete_ReverseEngineered.asm\1769574581900_0gdX.asm(568) : error A2084:constant value too large
D:\rawrxd\history\all_versions\src\agentic\RawrXD_Complete_ReverseEngineered.asm\1769574581900_0gdX.asm(570) : error A2084:constant value too large
D:\rawrxd\history\all_versions\src\agentic\RawrXD_Complete_ReverseEngineered.asm\1769574581900_0gdX.asm(1098) : error A2084:constant value too large
D:\rawrxd\history\all_versions\src\agentic\RawrXD_Complete_ReverseEngineered.asm\1769574581900_0gdX.asm(1191) : error A2008:syntax error : ,
D:\rawrxd\history\all_versions\src\agentic\RawrXD_Complete_ReverseEngineered.asm\1769574581900_0gdX.asm(1491) : error A2008:syntax error : ,
D:\rawrxd\history\all_versions\src\agentic\RawrXD_Complete_ReverseEngineered.asm\1769574581900_0gdX.asm(1608) : error A2008:syntax error : ,
D:\rawrxd\history\all_versions\src\agentic\RawrXD_Complete_ReverseEngineered.asm\1769574581900_0gdX.asm(1615) : error A2008:syntax error : ,
D:\rawrxd\history\all_versions\src\agentic\RawrXD_Complete_ReverseEngineered.asm\1769574581900_0gdX.asm(1939) : error A2008:syntax error : ,
D:\rawrxd\history\all_versions\src\agentic\RawrXD_Complete_ReverseEngineered.asm\1769574581900_0gdX.asm(403) : error A2006:undefined symbol : status_lock
D:\rawrxd\history\all_versions\src\agentic\RawrXD_Complete_ReverseEngineered.asm\1769574581900_0gdX.asm(406) : error A2006:undefined symbol : stats_lock
D:\rawrxd\history\all_versions\src\agentic\RawrXD_Complete_ReverseEngineered.asm\1769574581900_0gdX.asm(415) : error A2006:undefined symbol : status_lock
D:\rawrxd\history\all_versions\src\agentic\RawrXD_Complete_ReverseEngineered.asm\1769574581900_0gdX.asm(422) : error A2006:undefined symbol : status_lock
D:\rawrxd\history\all_versions\src\agentic\RawrXD_Complete_ReverseEngineered.asm\1769574581900_0gdX.asm(429) : error A2006:undefined symbol : status_lock
D:\rawrxd\history\all_versions\src\agentic\RawrXD_Complete_ReverseEngineered.asm\1769574581900_0gdX.asm(436) : error A2006:undefined symbol : status_lock
D:\rawrxd\history\all_versions\src\agentic\RawrXD_Complete_ReverseEngineered.asm\1769574581900_0gdX.asm(459) : error A2006:undefined symbol : MEM_COMMIT
D:\rawrxd\history\all_versions\src\agentic\RawrXD_Complete_ReverseEngineered.asm\1769574581900_0gdX.asm(464) : error A2006:undefined symbol : MEM_LARGE_PAGES
D:\rawrxd\history\all_versions\src\agentic\RawrXD_Complete_ReverseEngineered.asm\1769574581900_0gdX.asm(467) : error A2006:undefined symbol : PAGE_READWRITE
D:\rawrxd\history\all_versions\src\agentic\RawrXD_Complete_ReverseEngineered.asm\1769574581900_0gdX.asm(478) : error A2006:undefined symbol : MEM_RELEASE
D:\rawrxd\history\all_versions\src\agentic\RawrXD_Complete_ReverseEngineered.asm\1769574581900_0gdX.asm(490) : error A2206:missing operator in expression
D:\rawrxd\history\all_versions\src\agentic\RawrXD_Complete_ReverseEngineered.asm\1769574581900_0gdX.asm(520) : error A2206:missing operator in expression
D:\rawrxd\history\all_versions\src\agentic\RawrXD_Complete_ReverseEngineered.asm\1769574581900_0gdX.asm(529) : error A2206:missing operator in expression
D:\rawrxd\history\all_versions\src\agentic\RawrXD_Complete_ReverseEngineered.asm\1769574581900_0gdX.asm(551) : error A2206:missing operator in expression
D:\rawrxd\history\all_versions\src\agentic\RawrXD_Complete_ReverseEngineered.asm\1769574581900_0gdX.asm(614) : error A2206:missing operator in expression
D:\rawrxd\history\all_versions\src\agentic\RawrXD_Complete_ReverseEngineered.asm\1769574581900_0gdX.asm(650) : error A2006:undefined symbol : GENERIC_READ
D:\rawrxd\history\all_versions\src\agentic\RawrXD_Complete_ReverseEngineered.asm\1769574581900_0gdX.asm(653) : error A2006:undefined symbol : OPEN_EXISTING
D:\rawrxd\history\all_versions\src\agentic\RawrXD_Complete_ReverseEngineered.asm\1769574581900_0gdX.asm(654) : error A2006:undefined symbol : FILE_FLAG_NO_BUFFERING
D:\rawrxd\history\all_versions\src\agentic\RawrXD_Complete_ReverseEngineered.asm\1769574581900_0gdX.asm(658) : error A2006:undefined symbol : INVALID_HANDLE_VALUE
D:\rawrxd\history\all_versions\src\agentic\RawrXD_Complete_ReverseEngineered.asm\1769574581900_0gdX.asm(668) : error A2006:undefined symbol : GetFileSizeEx
D:\rawrxd\history\all_versions\src\agentic\RawrXD_Complete_ReverseEngineered.asm\1769574581900_0gdX.asm(768) : error A2206:missing operator in expression
D:\rawrxd\history\all_versions\src\agentic\RawrXD_Complete_ReverseEngineered.asm\1769574581900_0gdX.asm(774) : error A2206:missing operator in expression
D:\rawrxd\history\all_versions\src\agentic\RawrXD_Complete_ReverseEngineered.asm\1769574581900_0gdX.asm(782) : error A2206:missing operator in expression
D:\rawrxd\history\all_versions\src\agentic\RawrXD_Complete_ReverseEngineered.asm\1769574581900_0gdX.asm(800) : error A2006:undefined symbol : GetLastError
D:\rawrxd\history\all_versions\src\agentic\RawrXD_Complete_ReverseEngineered.asm\1769574581900_0gdX.asm(801) : error A2006:undefined symbol : ERROR_ABANDONED_WAIT_0
D:\rawrxd\history\all_versions\src\agentic\RawrXD_Complete_ReverseEngineered.asm\1769574581900_0gdX.asm(808) : error A2006:undefined symbol : WAIT_OBJECT_0
D:\rawrxd\history\all_versions\src\agentic\RawrXD_Complete_ReverseEngineered.asm\1769574581900_0gdX.asm(825) : error A2083:invalid scale value
D:\rawrxd\history\all_versions\src\agentic\RawrXD_Complete_ReverseEngineered.asm\1769574581900_0gdX.asm(826) : error A2006:undefined symbol : dma_overlapped
D:\rawrxd\history\all_versions\src\agentic\RawrXD_Complete_ReverseEngineered.asm\1769574581900_0gdX.asm(860) : error A2206:missing operator in expression
D:\rawrxd\history\all_versions\src\agentic\RawrXD_Complete_ReverseEngineered.asm\1769574581900_0gdX.asm(870) : error A2206:missing operator in expression
D:\rawrxd\history\all_versions\src\agentic\RawrXD_Complete_ReverseEngineered.asm\1769574581900_0gdX.asm(902) : error A2206:missing operator in expression
D:\rawrxd\history\all_versions\src\agentic\RawrXD_Complete_ReverseEngineered.asm\1769574581900_0gdX.asm(921) : error A2206:missing operator in expression
D:\rawrxd\history\all_versions\src\agentic\RawrXD_Complete_ReverseEngineered.asm\1769574581900_0gdX.asm(930) : error A2206:missing operator in expression
D:\rawrxd\history\all_versions\src\agentic\RawrXD_Complete_ReverseEngineered.asm\1769574581900_0gdX.asm(938) : error A2206:missing operator in expression
D:\rawrxd\history\all_versions\src\agentic\RawrXD_Complete_ReverseEngineered.asm\1769574581900_0gdX.asm(998) : error A2006:undefined symbol : dma_overlapped
D:\rawrxd\history\all_versions\src\agentic\RawrXD_Complete_ReverseEngineered.asm\1769574581900_0gdX.asm(999) : error A2006:undefined symbol : dma_overlapped
D:\rawrxd\history\all_versions\src\agentic\RawrXD_Complete_ReverseEngineered.asm\1769574581900_0gdX.asm(1001) : error A2006:undefined symbol : dma_overlapped
D:\rawrxd\history\all_versions\src\agentic\RawrXD_Complete_ReverseEngineered.asm\1769574581900_0gdX.asm(1003) : error A2006:undefined symbol : dma_overlapped
D:\rawrxd\history\all_versions\src\agentic\RawrXD_Complete_ReverseEngineered.asm\1769574581900_0gdX.asm(1005) : error A2006:undefined symbol : dma_overlapped
D:\rawrxd\history\all_versions\src\agentic\RawrXD_Complete_ReverseEngineered.asm\1769574581900_0gdX.asm(1011) : error A2006:undefined symbol : dma_overlapped
D:\rawrxd\history\all_versions\src\agentic\RawrXD_Complete_ReverseEngineered.asm\1769574581900_0gdX.asm(1018) : error A2006:undefined symbol : GetLastError
D:\rawrxd\history\all_versions\src\agentic\RawrXD_Complete_ReverseEngineered.asm\1769574581900_0gdX.asm(1019) : error A2006:undefined symbol : ERROR_IO_PENDING
D:\rawrxd\history\all_versions\src\agentic\RawrXD_Complete_ReverseEngineered.asm\1769574581900_0gdX.asm(1076) : error A2206:missing operator in expression
D:\rawrxd\history\all_versions\src\agentic\RawrXD_Complete_ReverseEngineered.asm\1769574581900_0gdX.asm(1112) : error A2206:missing operator in expression
D:\rawrxd\history\all_versions\src\agentic\RawrXD_Complete_ReverseEngineered.asm\1769574581900_0gdX.asm(1168) : error A2206:missing operator in expression
D:\rawrxd\history\all_versions\src\agentic\RawrXD_Complete_ReverseEngineered.asm\1769574581900_0gdX.asm(1180) : error A2206:missing operator in expression
D:\rawrxd\history\all_versions\src\agentic\RawrXD_Complete_ReverseEngineered.asm\1769574581900_0gdX.asm(1195) : error A2006:undefined symbol : global_queue_lock
D:\rawrxd\history\all_versions\src\agentic\RawrXD_Complete_ReverseEngineered.asm\1769574581900_0gdX.asm(1198) : error A2006:undefined symbol : task_id_lock
D:\rawrxd\history\all_versions\src\agentic\RawrXD_Complete_ReverseEngineered.asm\1769574581900_0gdX.asm(1217) : error A2006:undefined symbol : local_queue_lock
D:\rawrxd\history\all_versions\src\agentic\RawrXD_Complete_ReverseEngineered.asm\1769574581900_0gdX.asm(1261) : error A2206:missing operator in expression
D:\rawrxd\history\all_versions\src\agentic\RawrXD_Complete_ReverseEngineered.asm\1769574581900_0gdX.asm(1269) : error A2206:missing operator in expression
D:\rawrxd\history\all_versions\src\agentic\RawrXD_Complete_ReverseEngineered.asm\1769574581900_0gdX.asm(1332) : error A2206:missing operator in expression
D:\rawrxd\history\all_versions\src\agentic\RawrXD_Complete_ReverseEngineered.asm\1769574581900_0gdX.asm(1338) : error A2206:missing operator in expression
D:\rawrxd\history\all_versions\src\agentic\RawrXD_Complete_ReverseEngineered.asm\1769574581900_0gdX.asm(1383) : error A2206:missing operator in expression
D:\rawrxd\history\all_versions\src\agentic\RawrXD_Complete_ReverseEngineered.asm\1769574581900_0gdX.asm(1394) : error A2006:undefined symbol : local_queue_lock
D:\rawrxd\history\all_versions\src\agentic\RawrXD_Complete_ReverseEngineered.asm\1769574581900_0gdX.asm(1413) : error A2006:undefined symbol : local_queue_lock
D:\rawrxd\history\all_versions\src\agentic\RawrXD_Complete_ReverseEngineered.asm\1769574581900_0gdX.asm(1424) : error A2206:missing operator in expression
D:\rawrxd\history\all_versions\src\agentic\RawrXD_Complete_ReverseEngineered.asm\1769574581900_0gdX.asm(1435) : error A2006:undefined symbol : local_queue_lock
D:\rawrxd\history\all_versions\src\agentic\RawrXD_Complete_ReverseEngineered.asm\1769574581900_0gdX.asm(1471) : error A2006:undefined symbol : local_queue_lock
D:\rawrxd\history\all_versions\src\agentic\RawrXD_Complete_ReverseEngineered.asm\1769574581900_0gdX.asm(1474) : error A2206:missing operator in expression
D:\rawrxd\history\all_versions\src\agentic\RawrXD_Complete_ReverseEngineered.asm\1769574581900_0gdX.asm(1482) : error A2206:missing operator in expression
D:\rawrxd\history\all_versions\src\agentic\RawrXD_Complete_ReverseEngineered.asm\1769574581900_0gdX.asm(1495) : error A2006:undefined symbol : task_id_lock
D:\rawrxd\history\all_versions\src\agentic\RawrXD_Complete_ReverseEngineered.asm\1769574581900_0gdX.asm(1502) : error A2006:undefined symbol : task_id_lock
D:\rawrxd\history\all_versions\src\agentic\RawrXD_Complete_ReverseEngineered.asm\1769574581900_0gdX.asm(1516) : error A2006:undefined symbol : global_queue_lock
D:\rawrxd\history\all_versions\src\agentic\RawrXD_Complete_ReverseEngineered.asm\1769574581900_0gdX.asm(1536) : error A2006:undefined symbol : global_queue_lock
D:\rawrxd\history\all_versions\src\agentic\RawrXD_Complete_ReverseEngineered.asm\1769574581900_0gdX.asm(1560) : error A2206:missing operator in expression
D:\rawrxd\history\all_versions\src\agentic\RawrXD_Complete_ReverseEngineered.asm\1769574581900_0gdX.asm(1568) : error A2006:undefined symbol : global_queue_lock
D:\rawrxd\history\all_versions\src\agentic\RawrXD_Complete_ReverseEngineered.asm\1769574581900_0gdX.asm(1588) : error A2006:undefined symbol : global_queue_lock
D:\rawrxd\history\all_versions\src\agentic\RawrXD_Complete_ReverseEngineered.asm\1769574581900_0gdX.asm(1600) : error A2206:missing operator in expression
D:\rawrxd\history\all_versions\src\agentic\RawrXD_Complete_ReverseEngineered.asm\1769574581900_0gdX.asm(1619) : error A2006:undefined symbol : graph_lock
D:\rawrxd\history\all_versions\src\agentic\RawrXD_Complete_ReverseEngineered.asm\1769574581900_0gdX.asm(1646) : error A2206:missing operator in expression
D:\rawrxd\history\all_versions\src\agentic\RawrXD_Complete_ReverseEngineered.asm\1769574581900_0gdX.asm(1699) : error A2206:missing operator in expression
D:\rawrxd\history\all_versions\src\agentic\RawrXD_Complete_ReverseEngineered.asm\1769574581900_0gdX.asm(1744) : error A2006:undefined symbol : graph_lock
D:\rawrxd\history\all_versions\src\agentic\RawrXD_Complete_ReverseEngineered.asm\1769574581900_0gdX.asm(1758) : fatal error A1012:error count exceeds 100; stopping assembly
