 Assembling: D:\rawrxd\history\all_versions\src\agentic\memory_cleanup_phase_integration.asm\1769586527398_HLgh.asm
D:\rawrxd\history\all_versions\src\agentic\memory_cleanup_phase_integration.asm\1769586527398_HLgh.asm(28) : error A2008:syntax error : if
D:\rawrxd\history\all_versions\src\agentic\memory_cleanup_phase_integration.asm\1769586527398_HLgh.asm(30) : error A2008:syntax error : .
D:\rawrxd\history\all_versions\src\agentic\memory_cleanup_phase_integration.asm\1769586527398_HLgh.asm(45) : error A2070:invalid instruction operands
D:\rawrxd\history\all_versions\src\agentic\memory_cleanup_phase_integration.asm\1769586527398_HLgh.asm(46) : error A2044:invalid character in file
D:\rawrxd\history\all_versions\src\agentic\memory_cleanup_phase_integration.asm\1769586527398_HLgh.asm(48) : error A2008:syntax error : invoke
D:\rawrxd\history\all_versions\src\agentic\memory_cleanup_phase_integration.asm\1769586527398_HLgh.asm(49) : error A2070:invalid instruction operands
D:\rawrxd\history\all_versions\src\agentic\memory_cleanup_phase_integration.asm\1769586527398_HLgh.asm(50) : error A2008:syntax error : .
D:\rawrxd\history\all_versions\src\agentic\memory_cleanup_phase_integration.asm\1769586527398_HLgh.asm(57) : error A2008:syntax error : invoke
D:\rawrxd\history\all_versions\src\agentic\memory_cleanup_phase_integration.asm\1769586527398_HLgh.asm(77) : error A2008:syntax error : if
D:\rawrxd\history\all_versions\src\agentic\memory_cleanup_phase_integration.asm\1769586527398_HLgh.asm(80) : error A2008:syntax error : .
D:\rawrxd\history\all_versions\src\agentic\memory_cleanup_phase_integration.asm\1769586527398_HLgh.asm(85) : error A2008:syntax error : invoke
D:\rawrxd\history\all_versions\src\agentic\memory_cleanup_phase_integration.asm\1769586527398_HLgh.asm(90) : error A2008:syntax error : if
D:\rawrxd\history\all_versions\src\agentic\memory_cleanup_phase_integration.asm\1769586527398_HLgh.asm(92) : error A2008:syntax error : .
D:\rawrxd\history\all_versions\src\agentic\memory_cleanup_phase_integration.asm\1769586527398_HLgh.asm(95) : error A2008:syntax error : invoke
D:\rawrxd\history\all_versions\src\agentic\memory_cleanup_phase_integration.asm\1769586527398_HLgh.asm(123) : error A2008:syntax error : if
D:\rawrxd\history\all_versions\src\agentic\memory_cleanup_phase_integration.asm\1769586527398_HLgh.asm(125) : error A2008:syntax error : .
D:\rawrxd\history\all_versions\src\agentic\memory_cleanup_phase_integration.asm\1769586527398_HLgh.asm(127) : error A2008:syntax error : if
D:\rawrxd\history\all_versions\src\agentic\memory_cleanup_phase_integration.asm\1769586527398_HLgh.asm(129) : error A2008:syntax error : .
D:\rawrxd\history\all_versions\src\agentic\memory_cleanup_phase_integration.asm\1769586527398_HLgh.asm(132) : error A2012:PROC, MACRO, or macro repeat directive must precede LOCAL
D:\rawrxd\history\all_versions\src\agentic\memory_cleanup_phase_integration.asm\1769586527398_HLgh.asm(134) : error A2008:syntax error : invoke
D:\rawrxd\history\all_versions\src\agentic\memory_cleanup_phase_integration.asm\1769586527398_HLgh.asm(135) : error A2008:syntax error : if
D:\rawrxd\history\all_versions\src\agentic\memory_cleanup_phase_integration.asm\1769586527398_HLgh.asm(138) : error A2008:syntax error : .
D:\rawrxd\history\all_versions\src\agentic\memory_cleanup_phase_integration.asm\1769586527398_HLgh.asm(143) : error A2008:syntax error : invoke
D:\rawrxd\history\all_versions\src\agentic\memory_cleanup_phase_integration.asm\1769586527398_HLgh.asm(162) : error A2008:syntax error : if
D:\rawrxd\history\all_versions\src\agentic\memory_cleanup_phase_integration.asm\1769586527398_HLgh.asm(164) : error A2008:syntax error : .
D:\rawrxd\history\all_versions\src\agentic\memory_cleanup_phase_integration.asm\1769586527398_HLgh.asm(169) : error A2008:syntax error : invoke
D:\rawrxd\history\all_versions\src\agentic\memory_cleanup_phase_integration.asm\1769586527398_HLgh.asm(193) : error A2044:invalid character in file
D:\rawrxd\history\all_versions\src\agentic\memory_cleanup_phase_integration.asm\1769586527398_HLgh.asm(195) : error A2008:syntax error : .
D:\rawrxd\history\all_versions\src\agentic\memory_cleanup_phase_integration.asm\1769586527398_HLgh.asm(199) : error A2070:invalid instruction operands
D:\rawrxd\history\all_versions\src\agentic\memory_cleanup_phase_integration.asm\1769586527398_HLgh.asm(208) : error A2070:invalid instruction operands
D:\rawrxd\history\all_versions\src\agentic\memory_cleanup_phase_integration.asm\1769586527398_HLgh.asm(209) : error A2044:invalid character in file
D:\rawrxd\history\all_versions\src\agentic\memory_cleanup_phase_integration.asm\1769586527398_HLgh.asm(212) : error A2070:invalid instruction operands
D:\rawrxd\history\all_versions\src\agentic\memory_cleanup_phase_integration.asm\1769586527398_HLgh.asm(213) : error A2008:syntax error : .
D:\rawrxd\history\all_versions\src\agentic\memory_cleanup_phase_integration.asm\1769586527398_HLgh.asm(239) : error A2044:invalid character in file
D:\rawrxd\history\all_versions\src\agentic\memory_cleanup_phase_integration.asm\1769586527398_HLgh.asm(241) : error A2008:syntax error : .
D:\rawrxd\history\all_versions\src\agentic\memory_cleanup_phase_integration.asm\1769586527398_HLgh.asm(258) : error A2008:syntax error : size
D:\rawrxd\history\all_versions\src\agentic\memory_cleanup_phase_integration.asm\1769586527398_HLgh.asm(259) : error A2012:PROC, MACRO, or macro repeat directive must precede LOCAL
D:\rawrxd\history\all_versions\src\agentic\memory_cleanup_phase_integration.asm\1769586527398_HLgh.asm(260) : error A2012:PROC, MACRO, or macro repeat directive must precede LOCAL
D:\rawrxd\history\all_versions\src\agentic\memory_cleanup_phase_integration.asm\1769586527398_HLgh.asm(264) : warning A4026:.ENDPROLOG found before EH directives
D:\rawrxd\history\all_versions\src\agentic\memory_cleanup_phase_integration.asm\1769586527398_HLgh.asm(269) : error A2008:syntax error : if
D:\rawrxd\history\all_versions\src\agentic\memory_cleanup_phase_integration.asm\1769586527398_HLgh.asm(271) : error A2008:syntax error : .
D:\rawrxd\history\all_versions\src\agentic\memory_cleanup_phase_integration.asm\1769586527398_HLgh.asm(274) : error A2008:syntax error : invoke
D:\rawrxd\history\all_versions\src\agentic\memory_cleanup_phase_integration.asm\1769586527398_HLgh.asm(276) : error A2008:syntax error : if
D:\rawrxd\history\all_versions\src\agentic\memory_cleanup_phase_integration.asm\1769586527398_HLgh.asm(278) : error A2008:syntax error : invoke
D:\rawrxd\history\all_versions\src\agentic\memory_cleanup_phase_integration.asm\1769586527398_HLgh.asm(279) : error A2008:syntax error : HeapFree
D:\rawrxd\history\all_versions\src\agentic\memory_cleanup_phase_integration.asm\1769586527398_HLgh.asm(280) : error A2008:syntax error : .
D:\rawrxd\history\all_versions\src\agentic\memory_cleanup_phase_integration.asm\1769586527398_HLgh.asm(285) : fatal error A1010:unmatched block nesting : StagingBuffer_Deallocate
