 Assembling: D:\rawrxd\history\all_versions\src\agentic\RawrXD_Complete_Explicit.asm\1769585333246_ULGd.asm
D:\rawrxd\history\all_versions\src\agentic\RawrXD_Complete_Explicit.asm\1769585333246_ULGd.asm(1214) : error A2084:constant value too large
D:\rawrxd\history\all_versions\src\agentic\RawrXD_Complete_Explicit.asm\1769585333246_ULGd.asm(595) : error A2206:missing operator in expression
D:\rawrxd\history\all_versions\src\agentic\RawrXD_Complete_Explicit.asm\1769585333246_ULGd.asm(604) : error A2206:missing operator in expression
D:\rawrxd\history\all_versions\src\agentic\RawrXD_Complete_Explicit.asm\1769585333246_ULGd.asm(630) : error A2206:missing operator in expression
D:\rawrxd\history\all_versions\src\agentic\RawrXD_Complete_Explicit.asm\1769585333246_ULGd.asm(699) : error A2206:missing operator in expression
D:\rawrxd\history\all_versions\src\agentic\RawrXD_Complete_Explicit.asm\1769585333246_ULGd.asm(860) : error A2206:missing operator in expression
D:\rawrxd\history\all_versions\src\agentic\RawrXD_Complete_Explicit.asm\1769585333246_ULGd.asm(866) : error A2206:missing operator in expression
D:\rawrxd\history\all_versions\src\agentic\RawrXD_Complete_Explicit.asm\1769585333246_ULGd.asm(874) : error A2206:missing operator in expression
D:\rawrxd\history\all_versions\src\agentic\RawrXD_Complete_Explicit.asm\1769585333246_ULGd.asm(925) : error A2083:invalid scale value
D:\rawrxd\history\all_versions\src\agentic\RawrXD_Complete_Explicit.asm\1769585333246_ULGd.asm(960) : error A2206:missing operator in expression
D:\rawrxd\history\all_versions\src\agentic\RawrXD_Complete_Explicit.asm\1769585333246_ULGd.asm(970) : error A2206:missing operator in expression
D:\rawrxd\history\all_versions\src\agentic\RawrXD_Complete_Explicit.asm\1769585333246_ULGd.asm(1008) : error A2206:missing operator in expression
D:\rawrxd\history\all_versions\src\agentic\RawrXD_Complete_Explicit.asm\1769585333246_ULGd.asm(1027) : error A2206:missing operator in expression
D:\rawrxd\history\all_versions\src\agentic\RawrXD_Complete_Explicit.asm\1769585333246_ULGd.asm(1036) : error A2206:missing operator in expression
D:\rawrxd\history\all_versions\src\agentic\RawrXD_Complete_Explicit.asm\1769585333246_ULGd.asm(1044) : error A2206:missing operator in expression
D:\rawrxd\history\all_versions\src\agentic\RawrXD_Complete_Explicit.asm\1769585333246_ULGd.asm(1115) : error A2081:missing operand after unary operator
D:\rawrxd\history\all_versions\src\agentic\RawrXD_Complete_Explicit.asm\1769585333246_ULGd.asm(1190) : error A2206:missing operator in expression
D:\rawrxd\history\all_versions\src\agentic\RawrXD_Complete_Explicit.asm\1769585333246_ULGd.asm(1228) : error A2206:missing operator in expression
D:\rawrxd\history\all_versions\src\agentic\RawrXD_Complete_Explicit.asm\1769585333246_ULGd.asm(1292) : error A2206:missing operator in expression
D:\rawrxd\history\all_versions\src\agentic\RawrXD_Complete_Explicit.asm\1769585333246_ULGd.asm(1304) : error A2206:missing operator in expression
D:\rawrxd\history\all_versions\src\agentic\RawrXD_Complete_Explicit.asm\1769585333246_ULGd.asm(1397) : error A2206:missing operator in expression
D:\rawrxd\history\all_versions\src\agentic\RawrXD_Complete_Explicit.asm\1769585333246_ULGd.asm(1405) : error A2206:missing operator in expression
D:\rawrxd\history\all_versions\src\agentic\RawrXD_Complete_Explicit.asm\1769585333246_ULGd.asm(1476) : error A2206:missing operator in expression
D:\rawrxd\history\all_versions\src\agentic\RawrXD_Complete_Explicit.asm\1769585333246_ULGd.asm(1482) : error A2206:missing operator in expression
D:\rawrxd\history\all_versions\src\agentic\RawrXD_Complete_Explicit.asm\1769585333246_ULGd.asm(1535) : error A2206:missing operator in expression
D:\rawrxd\history\all_versions\src\agentic\RawrXD_Complete_Explicit.asm\1769585333246_ULGd.asm(1578) : error A2206:missing operator in expression
D:\rawrxd\history\all_versions\src\agentic\RawrXD_Complete_Explicit.asm\1769585333246_ULGd.asm(1632) : error A2206:missing operator in expression
D:\rawrxd\history\all_versions\src\agentic\RawrXD_Complete_Explicit.asm\1769585333246_ULGd.asm(1640) : error A2206:missing operator in expression
D:\rawrxd\history\all_versions\src\agentic\RawrXD_Complete_Explicit.asm\1769585333246_ULGd.asm(1731) : error A2206:missing operator in expression
D:\rawrxd\history\all_versions\src\agentic\RawrXD_Complete_Explicit.asm\1769585333246_ULGd.asm(1771) : error A2206:missing operator in expression
D:\rawrxd\history\all_versions\src\agentic\RawrXD_Complete_Explicit.asm\1769585333246_ULGd.asm(1834) : error A2206:missing operator in expression
D:\rawrxd\history\all_versions\src\agentic\RawrXD_Complete_Explicit.asm\1769585333246_ULGd.asm(1889) : error A2206:missing operator in expression
D:\rawrxd\history\all_versions\src\agentic\RawrXD_Complete_Explicit.asm\1769585333246_ULGd.asm(1994) : error A2206:missing operator in expression
D:\rawrxd\history\all_versions\src\agentic\RawrXD_Complete_Explicit.asm\1769585333246_ULGd.asm(2003) : error A2206:missing operator in expression
D:\rawrxd\history\all_versions\src\agentic\RawrXD_Complete_Explicit.asm\1769585333246_ULGd.asm(2030) : error A2206:missing operator in expression
D:\rawrxd\history\all_versions\src\agentic\RawrXD_Complete_Explicit.asm\1769585333246_ULGd.asm(2037) : error A2206:missing operator in expression
D:\rawrxd\history\all_versions\src\agentic\RawrXD_Complete_Explicit.asm\1769585333246_ULGd.asm(2097) : error A2206:missing operator in expression
D:\rawrxd\history\all_versions\src\agentic\RawrXD_Complete_Explicit.asm\1769585333246_ULGd.asm(2103) : error A2206:missing operator in expression
D:\rawrxd\history\all_versions\src\agentic\RawrXD_Complete_Explicit.asm\1769585333246_ULGd.asm(2132) : error A2206:missing operator in expression
D:\rawrxd\history\all_versions\src\agentic\RawrXD_Complete_Explicit.asm\1769585333246_ULGd.asm(2145) : error A2206:missing operator in expression
D:\rawrxd\history\all_versions\src\agentic\RawrXD_Complete_Explicit.asm\1769585333246_ULGd.asm(2254) : error A2206:missing operator in expression
D:\rawrxd\history\all_versions\src\agentic\RawrXD_Complete_Explicit.asm\1769585333246_ULGd.asm(2260) : error A2206:missing operator in expression
D:\rawrxd\history\all_versions\src\agentic\RawrXD_Complete_Explicit.asm\1769585333246_ULGd.asm(2327) : error A2206:missing operator in expression
D:\rawrxd\history\all_versions\src\agentic\RawrXD_Complete_Explicit.asm\1769585333246_ULGd.asm(2334) : error A2206:missing operator in expression
D:\rawrxd\history\all_versions\src\agentic\RawrXD_Complete_Explicit.asm\1769585333246_ULGd.asm(2357) : error A2022:instruction operands must be the same size
D:\rawrxd\history\all_versions\src\agentic\RawrXD_Complete_Explicit.asm\1769585333246_ULGd.asm(2373) : error A2206:missing operator in expression
D:\rawrxd\history\all_versions\src\agentic\RawrXD_Complete_Explicit.asm\1769585333246_ULGd.asm(2380) : error A2206:missing operator in expression
D:\rawrxd\history\all_versions\src\agentic\RawrXD_Complete_Explicit.asm\1769585333246_ULGd.asm(2459) : error A2206:missing operator in expression
D:\rawrxd\history\all_versions\src\agentic\RawrXD_Complete_Explicit.asm\1769585333246_ULGd.asm(352) : error A2167:unexpected literal found in expression
D:\rawrxd\history\all_versions\src\agentic\RawrXD_Complete_Explicit.asm\1769585333246_ULGd.asm(354) : error A2167:unexpected literal found in expression
D:\rawrxd\history\all_versions\src\agentic\RawrXD_Complete_Explicit.asm\1769585333246_ULGd.asm(356) : error A2167:unexpected literal found in expression
D:\rawrxd\history\all_versions\src\agentic\RawrXD_Complete_Explicit.asm\1769585333246_ULGd.asm(1763) : warning A4025:ENDP found before .ENDPROLOG : Scheduler_PopGlobal
D:\rawrxd\history\all_versions\src\agentic\RawrXD_Complete_Explicit.asm\1769585333246_ULGd.asm(1763) : error A2247:size of prolog too big, must be < 256 bytes
D:\rawrxd\history\all_versions\src\agentic\RawrXD_Complete_Explicit.asm\1769585333246_ULGd.asm(1763) : error A2220:Missing .ENDPROLOG
