 Assembling: D:\rawrxd\history\all_versions\src\vulkan_masm.asm\1769159210674_GtDL.asm
D:\rawrxd\history\all_versions\src\vulkan_masm.asm\1769159210674_GtDL.asm(6) : error A2034:must be in segment block
D:\rawrxd\history\all_versions\src\vulkan_masm.asm\1769159210674_GtDL.asm(7) : error A2034:must be in segment block
D:\rawrxd\history\all_versions\src\vulkan_masm.asm\1769159210674_GtDL.asm(8) : error A2034:must be in segment block
D:\rawrxd\history\all_versions\src\vulkan_masm.asm\1769159210674_GtDL.asm(9) : error A2034:must be in segment block
D:\rawrxd\history\all_versions\src\vulkan_masm.asm\1769159210674_GtDL.asm(10) : error A2034:must be in segment block
D:\rawrxd\history\all_versions\src\vulkan_masm.asm\1769159210674_GtDL.asm(11) : error A2034:must be in segment block
D:\rawrxd\history\all_versions\src\vulkan_masm.asm\1769159210674_GtDL.asm(13) : error A2034:must be in segment block
D:\rawrxd\history\all_versions\src\vulkan_masm.asm\1769159210674_GtDL.asm(14) : error A2034:must be in segment block
D:\rawrxd\history\all_versions\src\vulkan_masm.asm\1769159210674_GtDL.asm(15) : error A2034:must be in segment block
D:\rawrxd\history\all_versions\src\vulkan_masm.asm\1769159210674_GtDL.asm(17) : error A2034:must be in segment block
D:\rawrxd\history\all_versions\src\vulkan_masm.asm\1769159210674_GtDL.asm(18) : error A2034:must be in segment block
D:\rawrxd\history\all_versions\src\vulkan_masm.asm\1769159210674_GtDL.asm(19) : error A2034:must be in segment block
D:\rawrxd\history\all_versions\src\vulkan_masm.asm\1769159210674_GtDL.asm(20) : error A2034:must be in segment block
D:\rawrxd\history\all_versions\src\vulkan_masm.asm\1769159210674_GtDL.asm(22) : error A2034:must be in segment block
D:\rawrxd\history\all_versions\src\vulkan_masm.asm\1769159210674_GtDL.asm(23) : error A2034:must be in segment block
D:\rawrxd\history\all_versions\src\vulkan_masm.asm\1769159210674_GtDL.asm(24) : error A2034:must be in segment block
D:\rawrxd\history\all_versions\src\vulkan_masm.asm\1769159210674_GtDL.asm(25) : error A2034:must be in segment block
D:\rawrxd\history\all_versions\src\vulkan_masm.asm\1769159210674_GtDL.asm(28) : error A2034:must be in segment block
D:\rawrxd\history\all_versions\src\vulkan_masm.asm\1769159210674_GtDL.asm(29) : error A2034:must be in segment block
D:\rawrxd\history\all_versions\src\vulkan_masm.asm\1769159210674_GtDL.asm(30) : error A2034:must be in segment block
D:\rawrxd\history\all_versions\src\vulkan_masm.asm\1769159210674_GtDL.asm(31) : error A2034:must be in segment block
D:\rawrxd\history\all_versions\src\vulkan_masm.asm\1769159210674_GtDL.asm(32) : error A2034:must be in segment block
D:\rawrxd\history\all_versions\src\vulkan_masm.asm\1769159210674_GtDL.asm(33) : error A2034:must be in segment block
D:\rawrxd\history\all_versions\src\vulkan_masm.asm\1769159210674_GtDL.asm(34) : error A2034:must be in segment block
D:\rawrxd\history\all_versions\src\vulkan_masm.asm\1769159210674_GtDL.asm(35) : error A2034:must be in segment block
D:\rawrxd\history\all_versions\src\vulkan_masm.asm\1769159210674_GtDL.asm(36) : error A2034:must be in segment block
D:\rawrxd\history\all_versions\src\vulkan_masm.asm\1769159210674_GtDL.asm(37) : error A2034:must be in segment block
D:\rawrxd\history\all_versions\src\vulkan_masm.asm\1769159210674_GtDL.asm(38) : error A2034:must be in segment block
D:\rawrxd\history\all_versions\src\vulkan_masm.asm\1769159210674_GtDL.asm(39) : error A2034:must be in segment block
D:\rawrxd\history\all_versions\src\vulkan_masm.asm\1769159210674_GtDL.asm(40) : error A2034:must be in segment block
D:\rawrxd\history\all_versions\src\vulkan_masm.asm\1769159210674_GtDL.asm(41) : error A2034:must be in segment block
D:\rawrxd\history\all_versions\src\vulkan_masm.asm\1769159210674_GtDL.asm(42) : error A2034:must be in segment block
D:\rawrxd\history\all_versions\src\vulkan_masm.asm\1769159210674_GtDL.asm(43) : error A2034:must be in segment block
D:\rawrxd\history\all_versions\src\vulkan_masm.asm\1769159210674_GtDL.asm(44) : error A2034:must be in segment block
D:\rawrxd\history\all_versions\src\vulkan_masm.asm\1769159210674_GtDL.asm(45) : error A2034:must be in segment block
D:\rawrxd\history\all_versions\src\vulkan_masm.asm\1769159210674_GtDL.asm(47) : error A2034:must be in segment block
D:\rawrxd\history\all_versions\src\vulkan_masm.asm\1769159210674_GtDL.asm(48) : error A2034:must be in segment block
D:\rawrxd\history\all_versions\src\vulkan_masm.asm\1769159210674_GtDL.asm(49) : error A2034:must be in segment block
D:\rawrxd\history\all_versions\src\vulkan_masm.asm\1769159210674_GtDL.asm(50) : error A2034:must be in segment block
D:\rawrxd\history\all_versions\src\vulkan_masm.asm\1769159210674_GtDL.asm(51) : error A2034:must be in segment block
D:\rawrxd\history\all_versions\src\vulkan_masm.asm\1769159210674_GtDL.asm(53) : error A2034:must be in segment block
D:\rawrxd\history\all_versions\src\vulkan_masm.asm\1769159210674_GtDL.asm(54) : error A2034:must be in segment block
D:\rawrxd\history\all_versions\src\vulkan_masm.asm\1769159210674_GtDL.asm(55) : error A2034:must be in segment block
D:\rawrxd\history\all_versions\src\vulkan_masm.asm\1769159210674_GtDL.asm(56) : error A2034:must be in segment block
D:\rawrxd\history\all_versions\src\vulkan_masm.asm\1769159210674_GtDL.asm(57) : error A2034:must be in segment block
D:\rawrxd\history\all_versions\src\vulkan_masm.asm\1769159210674_GtDL.asm(58) : error A2034:must be in segment block
D:\rawrxd\history\all_versions\src\vulkan_masm.asm\1769159210674_GtDL.asm(59) : error A2034:must be in segment block
D:\rawrxd\history\all_versions\src\vulkan_masm.asm\1769159210674_GtDL.asm(60) : error A2034:must be in segment block
D:\rawrxd\history\all_versions\src\vulkan_masm.asm\1769159210674_GtDL.asm(61) : error A2034:must be in segment block
D:\rawrxd\history\all_versions\src\vulkan_masm.asm\1769159210674_GtDL.asm(62) : error A2034:must be in segment block
D:\rawrxd\history\all_versions\src\vulkan_masm.asm\1769159210674_GtDL.asm(64) : error A2034:must be in segment block
D:\rawrxd\history\all_versions\src\vulkan_masm.asm\1769159210674_GtDL.asm(66) : error A2034:must be in segment block
D:\rawrxd\history\all_versions\src\vulkan_masm.asm\1769159210674_GtDL.asm(68) : error A2034:must be in segment block
D:\rawrxd\history\all_versions\src\vulkan_masm.asm\1769159210674_GtDL.asm(69) : error A2034:must be in segment block
D:\rawrxd\history\all_versions\src\vulkan_masm.asm\1769159210674_GtDL.asm(70) : error A2034:must be in segment block
D:\rawrxd\history\all_versions\src\vulkan_masm.asm\1769159210674_GtDL.asm(71) : error A2034:must be in segment block
D:\rawrxd\history\all_versions\src\vulkan_masm.asm\1769159210674_GtDL.asm(72) : error A2034:must be in segment block
D:\rawrxd\history\all_versions\src\vulkan_masm.asm\1769159210674_GtDL.asm(73) : error A2034:must be in segment block
D:\rawrxd\history\all_versions\src\vulkan_masm.asm\1769159210674_GtDL.asm(74) : error A2034:must be in segment block
D:\rawrxd\history\all_versions\src\vulkan_masm.asm\1769159210674_GtDL.asm(75) : error A2034:must be in segment block
D:\rawrxd\history\all_versions\src\vulkan_masm.asm\1769159210674_GtDL.asm(76) : error A2034:must be in segment block
D:\rawrxd\history\all_versions\src\vulkan_masm.asm\1769159210674_GtDL.asm(77) : error A2034:must be in segment block
D:\rawrxd\history\all_versions\src\vulkan_masm.asm\1769159210674_GtDL.asm(78) : error A2034:must be in segment block
D:\rawrxd\history\all_versions\src\vulkan_masm.asm\1769159210674_GtDL.asm(79) : error A2034:must be in segment block
D:\rawrxd\history\all_versions\src\vulkan_masm.asm\1769159210674_GtDL.asm(80) : error A2034:must be in segment block
D:\rawrxd\history\all_versions\src\vulkan_masm.asm\1769159210674_GtDL.asm(81) : error A2034:must be in segment block
D:\rawrxd\history\all_versions\src\vulkan_masm.asm\1769159210674_GtDL.asm(82) : error A2034:must be in segment block
D:\rawrxd\history\all_versions\src\vulkan_masm.asm\1769159210674_GtDL.asm(83) : error A2034:must be in segment block
D:\rawrxd\history\all_versions\src\vulkan_masm.asm\1769159210674_GtDL.asm(84) : error A2034:must be in segment block
D:\rawrxd\history\all_versions\src\vulkan_masm.asm\1769159210674_GtDL.asm(85) : error A2034:must be in segment block
D:\rawrxd\history\all_versions\src\vulkan_masm.asm\1769159210674_GtDL.asm(87) : error A2034:must be in segment block
D:\rawrxd\history\all_versions\src\vulkan_masm.asm\1769159210674_GtDL.asm(88) : error A2034:must be in segment block
D:\rawrxd\history\all_versions\src\vulkan_masm.asm\1769159210674_GtDL.asm(89) : error A2034:must be in segment block
D:\rawrxd\history\all_versions\src\vulkan_masm.asm\1769159210674_GtDL.asm(90) : error A2034:must be in segment block
D:\rawrxd\history\all_versions\src\vulkan_masm.asm\1769159210674_GtDL.asm(91) : error A2034:must be in segment block
D:\rawrxd\history\all_versions\src\vulkan_masm.asm\1769159210674_GtDL.asm(92) : error A2034:must be in segment block
D:\rawrxd\history\all_versions\src\vulkan_masm.asm\1769159210674_GtDL.asm(93) : error A2034:must be in segment block
D:\rawrxd\history\all_versions\src\vulkan_masm.asm\1769159210674_GtDL.asm(94) : error A2034:must be in segment block
D:\rawrxd\history\all_versions\src\vulkan_masm.asm\1769159210674_GtDL.asm(95) : error A2034:must be in segment block
D:\rawrxd\history\all_versions\src\vulkan_masm.asm\1769159210674_GtDL.asm(96) : error A2034:must be in segment block
D:\rawrxd\history\all_versions\src\vulkan_masm.asm\1769159210674_GtDL.asm(97) : error A2034:must be in segment block
D:\rawrxd\history\all_versions\src\vulkan_masm.asm\1769159210674_GtDL.asm(98) : error A2034:must be in segment block
D:\rawrxd\history\all_versions\src\vulkan_masm.asm\1769159210674_GtDL.asm(99) : error A2034:must be in segment block
D:\rawrxd\history\all_versions\src\vulkan_masm.asm\1769159210674_GtDL.asm(100) : error A2034:must be in segment block
D:\rawrxd\history\all_versions\src\vulkan_masm.asm\1769159210674_GtDL.asm(101) : error A2034:must be in segment block
D:\rawrxd\history\all_versions\src\vulkan_masm.asm\1769159210674_GtDL.asm(102) : error A2034:must be in segment block
D:\rawrxd\history\all_versions\src\vulkan_masm.asm\1769159210674_GtDL.asm(103) : error A2034:must be in segment block
D:\rawrxd\history\all_versions\src\vulkan_masm.asm\1769159210674_GtDL.asm(105) : error A2008:syntax error : section
D:\rawrxd\history\all_versions\src\vulkan_masm.asm\1769159210674_GtDL.asm(106) : error A2034:must be in segment block
D:\rawrxd\history\all_versions\src\vulkan_masm.asm\1769159210674_GtDL.asm(119) : error A2008:syntax error : global
D:\rawrxd\history\all_versions\src\vulkan_masm.asm\1769159210674_GtDL.asm(120) : error A2034:must be in segment block
D:\rawrxd\history\all_versions\src\vulkan_masm.asm\1769159210674_GtDL.asm(122) : error A2034:must be in segment block
D:\rawrxd\history\all_versions\src\vulkan_masm.asm\1769159210674_GtDL.asm(123) : error A2034:must be in segment block
D:\rawrxd\history\all_versions\src\vulkan_masm.asm\1769159210674_GtDL.asm(124) : error A2034:must be in segment block
D:\rawrxd\history\all_versions\src\vulkan_masm.asm\1769159210674_GtDL.asm(126) : error A2034:must be in segment block
D:\rawrxd\history\all_versions\src\vulkan_masm.asm\1769159210674_GtDL.asm(127) : error A2034:must be in segment block
D:\rawrxd\history\all_versions\src\vulkan_masm.asm\1769159210674_GtDL.asm(128) : error A2034:must be in segment block
D:\rawrxd\history\all_versions\src\vulkan_masm.asm\1769159210674_GtDL.asm(129) : error A2034:must be in segment block
D:\rawrxd\history\all_versions\src\vulkan_masm.asm\1769159210674_GtDL.asm(133) : error A2034:must be in segment block
D:\rawrxd\history\all_versions\src\vulkan_masm.asm\1769159210674_GtDL.asm(134) : error A2034:must be in segment block
D:\rawrxd\history\all_versions\src\vulkan_masm.asm\1769159210674_GtDL.asm(135) : fatal error A1012:error count exceeds 100; stopping assembly
