 Assembling: D:\rawrxd\history\all_versions\src\dumpbin_final.asm\1769579905534_oadD.asm
D:\rawrxd\history\all_versions\src\dumpbin_final.asm\1769579905534_oadD.asm(10) : error A2008:syntax error : .
D:\rawrxd\history\all_versions\src\dumpbin_final.asm\1769579905534_oadD.asm(11) : error A2008:syntax error : .

***********
ASCII build
***********

C:\masm32\include\windows.inc(9750) : error A2008:syntax error : dword
C:\masm32\include\windows.inc(10183) : error A2008:syntax error : frame
C:\masm32\include\windows.inc(16333) : error A2008:syntax error : dword
C:\masm32\include\windows.inc(18862) : error A2008:syntax error : Frame
C:\masm32\include\windows.inc(24749) : error A2042:statement too complex
C:\masm32\include\winextra.inc(11052) : error A2026:constant expected
C:\masm32\include\winextra.inc(11053) : error A2026:constant expected
D:\rawrxd\history\all_versions\src\dumpbin_final.asm\1769579905534_oadD.asm(321) : error A2008:syntax error : invoke
D:\rawrxd\history\all_versions\src\dumpbin_final.asm\1769579905534_oadD.asm(323) : error A2008:syntax error : invoke
D:\rawrxd\history\all_versions\src\dumpbin_final.asm\1769579905534_oadD.asm(326) : error A2008:syntax error : WriteConsoleA
D:\rawrxd\history\all_versions\src\dumpbin_final.asm\1769579905534_oadD.asm(331) : error A2008:syntax error : invoke
D:\rawrxd\history\all_versions\src\dumpbin_final.asm\1769579905534_oadD.asm(356) : error A2008:syntax error : WriteConsoleA
D:\rawrxd\history\all_versions\src\dumpbin_final.asm\1769579905534_oadD.asm(383) : error A2008:syntax error : WriteConsoleA
D:\rawrxd\history\all_versions\src\dumpbin_final.asm\1769579905534_oadD.asm(385) : error A2008:syntax error : invoke
D:\rawrxd\history\all_versions\src\dumpbin_final.asm\1769579905534_oadD.asm(387) : error A2008:syntax error : invoke
D:\rawrxd\history\all_versions\src\dumpbin_final.asm\1769579905534_oadD.asm(392) : error A2008:syntax error : invoke
D:\rawrxd\history\all_versions\src\dumpbin_final.asm\1769579905534_oadD.asm(395) : error A2008:syntax error : invoke
D:\rawrxd\history\all_versions\src\dumpbin_final.asm\1769579905534_oadD.asm(398) : error A2008:syntax error : invoke
D:\rawrxd\history\all_versions\src\dumpbin_final.asm\1769579905534_oadD.asm(399) : error A2008:syntax error : invoke
D:\rawrxd\history\all_versions\src\dumpbin_final.asm\1769579905534_oadD.asm(411) : error A2008:syntax error : WriteConsoleA
D:\rawrxd\history\all_versions\src\dumpbin_final.asm\1769579905534_oadD.asm(445) : error A2008:syntax error : wsprintfA
D:\rawrxd\history\all_versions\src\dumpbin_final.asm\1769579905534_oadD.asm(446) : error A2008:syntax error : WriteConsoleA
D:\rawrxd\history\all_versions\src\dumpbin_final.asm\1769579905534_oadD.asm(459) : error A2008:syntax error : WriteConsoleA
D:\rawrxd\history\all_versions\src\dumpbin_final.asm\1769579905534_oadD.asm(463) : error A2008:syntax error : WriteConsoleA
D:\rawrxd\history\all_versions\src\dumpbin_final.asm\1769579905534_oadD.asm(474) : error A2008:syntax error : wsprintfA
D:\rawrxd\history\all_versions\src\dumpbin_final.asm\1769579905534_oadD.asm(475) : error A2008:syntax error : WriteConsoleA
D:\rawrxd\history\all_versions\src\dumpbin_final.asm\1769579905534_oadD.asm(499) : error A2008:syntax error : WriteConsoleA
D:\rawrxd\history\all_versions\src\dumpbin_final.asm\1769579905534_oadD.asm(506) : error A2008:syntax error : WriteConsoleA
D:\rawrxd\history\all_versions\src\dumpbin_final.asm\1769579905534_oadD.asm(519) : error A2008:syntax error : invoke
D:\rawrxd\history\all_versions\src\dumpbin_final.asm\1769579905534_oadD.asm(541) : error A2008:syntax error : invoke
D:\rawrxd\history\all_versions\src\dumpbin_final.asm\1769579905534_oadD.asm(549) : error A2008:syntax error : invoke
D:\rawrxd\history\all_versions\src\dumpbin_final.asm\1769579905534_oadD.asm(699) : error A2070:invalid instruction operands
D:\rawrxd\history\all_versions\src\dumpbin_final.asm\1769579905534_oadD.asm(704) : error A2070:invalid instruction operands
D:\rawrxd\history\all_versions\src\dumpbin_final.asm\1769579905534_oadD.asm(746) : error A2008:syntax error : strlen
D:\rawrxd\history\all_versions\src\dumpbin_final.asm\1769579905534_oadD.asm(749) : error A2008:syntax error : invoke
D:\rawrxd\history\all_versions\src\dumpbin_final.asm\1769579905534_oadD.asm(787) : error A2008:syntax error : invoke
D:\rawrxd\history\all_versions\src\dumpbin_final.asm\1769579905534_oadD.asm(796) : error A2008:syntax error : invoke
D:\rawrxd\history\all_versions\src\dumpbin_final.asm\1769579905534_oadD.asm(909) : error A2070:invalid instruction operands
D:\rawrxd\history\all_versions\src\dumpbin_final.asm\1769579905534_oadD.asm(1295) : error A2008:syntax error : invoke
D:\rawrxd\history\all_versions\src\dumpbin_final.asm\1769579905534_oadD.asm(1301) : error A2008:syntax error : WriteFile
D:\rawrxd\history\all_versions\src\dumpbin_final.asm\1769579905534_oadD.asm(1302) : error A2008:syntax error : WriteFile
D:\rawrxd\history\all_versions\src\dumpbin_final.asm\1769579905534_oadD.asm(1311) : error A2008:syntax error : invoke
D:\rawrxd\history\all_versions\src\dumpbin_final.asm\1769579905534_oadD.asm(1360) : error A2008:syntax error : invoke
D:\rawrxd\history\all_versions\src\dumpbin_final.asm\1769579905534_oadD.asm(1369) : error A2008:syntax error : invoke
D:\rawrxd\history\all_versions\src\dumpbin_final.asm\1769579905534_oadD.asm(1380) : error A2008:syntax error : invoke
D:\rawrxd\history\all_versions\src\dumpbin_final.asm\1769579905534_oadD.asm(1402) : error A2008:syntax error : invoke
D:\rawrxd\history\all_versions\src\dumpbin_final.asm\1769579905534_oadD.asm(1405) : error A2008:syntax error : invoke
D:\rawrxd\history\all_versions\src\dumpbin_final.asm\1769579905534_oadD.asm(1415) : error A2008:syntax error : ReadFile
D:\rawrxd\history\all_versions\src\dumpbin_final.asm\1769579905534_oadD.asm(1417) : error A2008:syntax error : ReadFile
D:\rawrxd\history\all_versions\src\dumpbin_final.asm\1769579905534_oadD.asm(1419) : error A2070:invalid instruction operands
D:\rawrxd\history\all_versions\src\dumpbin_final.asm\1769579905534_oadD.asm(1442) : error A2008:syntax error : invoke
D:\rawrxd\history\all_versions\src\dumpbin_final.asm\1769579905534_oadD.asm(1445) : error A2008:syntax error : invoke
D:\rawrxd\history\all_versions\src\dumpbin_final.asm\1769579905534_oadD.asm(1477) : error A2008:syntax error : strcat
D:\rawrxd\history\all_versions\src\dumpbin_final.asm\1769579905534_oadD.asm(1479) : error A2008:syntax error : invoke
D:\rawrxd\history\all_versions\src\dumpbin_final.asm\1769579905534_oadD.asm(1488) : error A2008:syntax error : invoke
D:\rawrxd\history\all_versions\src\dumpbin_final.asm\1769579905534_oadD.asm(1492) : error A2008:syntax error : invoke
D:\rawrxd\history\all_versions\src\dumpbin_final.asm\1769579905534_oadD.asm(1517) : error A2008:syntax error : WriteConsoleA
D:\rawrxd\history\all_versions\src\dumpbin_final.asm\1769579905534_oadD.asm(1518) : error A2008:syntax error : WriteConsoleA
D:\rawrxd\history\all_versions\src\dumpbin_final.asm\1769579905534_oadD.asm(1633) : error A2008:syntax error : pushad
D:\rawrxd\history\all_versions\src\dumpbin_final.asm\1769579905534_oadD.asm(1641) : error A2008:syntax error : CryptDecodeObjectEx
D:\rawrxd\history\all_versions\src\dumpbin_final.asm\1769579905534_oadD.asm(1653) : error A2008:syntax error : WriteConsoleA
D:\rawrxd\history\all_versions\src\dumpbin_final.asm\1769579905534_oadD.asm(1661) : error A2008:syntax error : CertNameToStrA
D:\rawrxd\history\all_versions\src\dumpbin_final.asm\1769579905534_oadD.asm(1665) : error A2008:syntax error : invoke
D:\rawrxd\history\all_versions\src\dumpbin_final.asm\1769579905534_oadD.asm(1666) : error A2008:syntax error : WriteConsoleA
D:\rawrxd\history\all_versions\src\dumpbin_final.asm\1769579905534_oadD.asm(1674) : error A2008:syntax error : CertNameToStrA
D:\rawrxd\history\all_versions\src\dumpbin_final.asm\1769579905534_oadD.asm(1678) : error A2008:syntax error : invoke
D:\rawrxd\history\all_versions\src\dumpbin_final.asm\1769579905534_oadD.asm(1679) : error A2008:syntax error : WriteConsoleA
D:\rawrxd\history\all_versions\src\dumpbin_final.asm\1769579905534_oadD.asm(1698) : error A2008:syntax error : invoke
D:\rawrxd\history\all_versions\src\dumpbin_final.asm\1769579905534_oadD.asm(1699) : error A2008:syntax error : invoke
D:\rawrxd\history\all_versions\src\dumpbin_final.asm\1769579905534_oadD.asm(1702) : error A2008:syntax error : invoke
D:\rawrxd\history\all_versions\src\dumpbin_final.asm\1769579905534_oadD.asm(1704) : error A2008:syntax error : invoke
D:\rawrxd\history\all_versions\src\dumpbin_final.asm\1769579905534_oadD.asm(1705) : error A2008:syntax error : WriteConsoleA
D:\rawrxd\history\all_versions\src\dumpbin_final.asm\1769579905534_oadD.asm(1707) : error A2008:syntax error : invoke
D:\rawrxd\history\all_versions\src\dumpbin_final.asm\1769579905534_oadD.asm(1709) : error A2008:syntax error : invoke
D:\rawrxd\history\all_versions\src\dumpbin_final.asm\1769579905534_oadD.asm(1710) : error A2008:syntax error : WriteConsoleA
D:\rawrxd\history\all_versions\src\dumpbin_final.asm\1769579905534_oadD.asm(1713) : error A2008:syntax error : invoke
D:\rawrxd\history\all_versions\src\dumpbin_final.asm\1769579905534_oadD.asm(1735) : error A2008:syntax error : WriteConsoleA
D:\rawrxd\history\all_versions\src\dumpbin_final.asm\1769579905534_oadD.asm(1739) : error A2008:syntax error : WriteConsoleA
D:\rawrxd\history\all_versions\src\dumpbin_final.asm\1769579905534_oadD.asm(1742) : error A2008:syntax error : invoke
D:\rawrxd\history\all_versions\src\dumpbin_final.asm\1769579905534_oadD.asm(1743) : error A2008:syntax error : invoke
D:\rawrxd\history\all_versions\src\dumpbin_final.asm\1769579905534_oadD.asm(1746) : error A2005:symbol redefinition : @@chain_fail
D:\rawrxd\history\all_versions\src\dumpbin_final.asm\1769579905534_oadD.asm(1747) : error A2008:syntax error : invoke
D:\rawrxd\history\all_versions\src\dumpbin_final.asm\1769579905534_oadD.asm(1750) : error A2005:symbol redefinition : @@skip_verify
D:\rawrxd\history\all_versions\src\dumpbin_final.asm\1769579905534_oadD.asm(1752) : error A2008:syntax error : WriteConsoleA
D:\rawrxd\history\all_versions\src\dumpbin_final.asm\1769579905534_oadD.asm(1755) : error A2008:syntax error : invoke
D:\rawrxd\history\all_versions\src\dumpbin_final.asm\1769579905534_oadD.asm(1756) : error A2008:syntax error : popad
D:\rawrxd\history\all_versions\src\dumpbin_final.asm\1769579905534_oadD.asm(1761) : error A2008:syntax error : WriteConsoleA
D:\rawrxd\history\all_versions\src\dumpbin_final.asm\1769579905534_oadD.asm(1765) : error A2008:syntax error : wsprintfA
D:\rawrxd\history\all_versions\src\dumpbin_final.asm\1769579905534_oadD.asm(1766) : error A2008:syntax error : WriteConsoleA
D:\rawrxd\history\all_versions\src\dumpbin_final.asm\1769579905534_oadD.asm(1770) : error A2008:syntax error : WriteConsoleA
D:\rawrxd\history\all_versions\src\dumpbin_final.asm\1769579905534_oadD.asm(1776) : error A2008:syntax error : main
D:\rawrxd\history\all_versions\src\dumpbin_final.asm\1769579905534_oadD.asm(1776) : error A2088:END directive required at end of file
D:\rawrxd\history\all_versions\src\dumpbin_final.asm\1769579905534_oadD.asm(553) : error A2082:cannot mix 16- and 32-bit registers
D:\rawrxd\history\all_versions\src\dumpbin_final.asm\1769579905534_oadD.asm(768) : error A2098:invalid operand for OFFSET
D:\rawrxd\history\all_versions\src\dumpbin_final.asm\1769579905534_oadD.asm(918) : error A2009:syntax error in expression
D:\rawrxd\history\all_versions\src\dumpbin_final.asm\1769579905534_oadD.asm(1725) : error A2006:undefined symbol : pChainContext
D:\rawrxd\history\all_versions\src\dumpbin_final.asm\1769579905534_oadD.asm(556) : warning A6004:procedure argument or local not referenced : dwMax
D:\rawrxd\history\all_versions\src\dumpbin_final.asm\1769579905534_oadD.asm(753) : warning A6004:procedure argument or local not referenced : hFileOut
D:\rawrxd\history\all_versions\src\dumpbin_final.asm\1769579905534_oadD.asm(958) : warning A6004:procedure argument or local not referenced : lpBuffer
D:\rawrxd\history\all_versions\src\dumpbin_final.asm\1769579905534_oadD.asm(1319) : warning A6004:procedure argument or local not referenced : lpOutputPath
D:\rawrxd\history\all_versions\src\dumpbin_final.asm\1769579905534_oadD.asm(1319) : warning A6004:procedure argument or local not referenced : dwWritten
D:\rawrxd\history\all_versions\src\dumpbin_final.asm\1769579905534_oadD.asm(1388) : warning A6004:procedure argument or local not referenced : lpFilePath
D:\rawrxd\history\all_versions\src\dumpbin_final.asm\1769579905534_oadD.asm(1388) : warning A6004:procedure argument or local not referenced : dwHashType
D:\rawrxd\history\all_versions\src\dumpbin_final.asm\1769579905534_oadD.asm(1388) : warning A6004:procedure argument or local not referenced : bBuffer
D:\rawrxd\history\all_versions\src\dumpbin_final.asm\1769579905534_oadD.asm(1451) : warning A6004:procedure argument or local not referenced : lpFile1
D:\rawrxd\history\all_versions\src\dumpbin_final.asm\1769579905534_oadD.asm(1451) : warning A6004:procedure argument or local not referenced : lpFile2
D:\rawrxd\history\all_versions\src\dumpbin_final.asm\1769579905534_oadD.asm(1499) : warning A6004:procedure argument or local not referenced : szFullPath
D:\rawrxd\history\all_versions\src\dumpbin_final.asm\1769579905534_oadD.asm(1522) : warning A6004:procedure argument or local not referenced : i
D:\rawrxd\history\all_versions\src\dumpbin_final.asm\1769579905534_oadD.asm(1522) : warning A6004:procedure argument or local not referenced : j
D:\rawrxd\history\all_versions\src\dumpbin_final.asm\1769579905534_oadD.asm(1522) : warning A6004:procedure argument or local not referenced : dwMatchCount
D:\rawrxd\history\all_versions\src\dumpbin_final.asm\1769579905534_oadD.asm(1522) : warning A6004:procedure argument or local not referenced : dwRuleCount
D:\rawrxd\history\all_versions\src\dumpbin_final.asm\1769579905534_oadD.asm(1535) : warning A6004:procedure argument or local not referenced : pRule
D:\rawrxd\history\all_versions\src\dumpbin_final.asm\1769579905534_oadD.asm(1774) : warning A6004:procedure argument or local not referenced : dwCertEncoding
D:\rawrxd\history\all_versions\src\dumpbin_final.asm\1769579905534_oadD.asm(1774) : warning A6004:procedure argument or local not referenced : dwContentType
D:\rawrxd\history\all_versions\src\dumpbin_final.asm\1769579905534_oadD.asm(1774) : warning A6004:procedure argument or local not referenced : dwFormatType
D:\rawrxd\history\all_versions\src\dumpbin_final.asm\1769579905534_oadD.asm(1774) : warning A6004:procedure argument or local not referenced : szCertName
D:\rawrxd\history\all_versions\src\dumpbin_final.asm\1769579905534_oadD.asm(1774) : warning A6004:procedure argument or local not referenced : szCertIssuer
D:\rawrxd\history\all_versions\src\dumpbin_final.asm\1769579905534_oadD.asm(1774) : warning A6004:procedure argument or local not referenced : szCertDate
D:\rawrxd\history\all_versions\src\dumpbin_final.asm\1769579905534_oadD.asm(1774) : warning A6004:procedure argument or local not referenced : stNotBefore
D:\rawrxd\history\all_versions\src\dumpbin_final.asm\1769579905534_oadD.asm(1774) : warning A6004:procedure argument or local not referenced : stNotAfter
