 Assembling: D:\rawrxd\history\all_versions\src\agentic\monaco\NEON_MONACO_HACK.ASM\1769566206571_xxMH.ASM
D:\rawrxd\history\all_versions\src\agentic\monaco\NEON_MONACO_HACK.ASM\1769566206571_xxMH.ASM(8) : error A2008:syntax error : WIN64
D:\rawrxd\history\all_versions\src\agentic\monaco\NEON_MONACO_HACK.ASM\1769566206571_xxMH.ASM(56) : error A2064:structure alignment must be 1, 2, 4, 8, or 16
D:\rawrxd\history\all_versions\src\agentic\monaco\NEON_MONACO_HACK.ASM\1769566206571_xxMH.ASM(64) : error A2008:syntax error : type
D:\rawrxd\history\all_versions\src\agentic\monaco\NEON_MONACO_HACK.ASM\1769566206571_xxMH.ASM(143) : error A2189:invalid combination with segment alignment : 64
D:\rawrxd\history\all_versions\src\agentic\monaco\NEON_MONACO_HACK.ASM\1769566206571_xxMH.ASM(309) : error A2008:syntax error : name
D:\rawrxd\history\all_versions\src\agentic\monaco\NEON_MONACO_HACK.ASM\1769566206571_xxMH.ASM(310) : error A2008:syntax error : name
D:\rawrxd\history\all_versions\src\agentic\monaco\NEON_MONACO_HACK.ASM\1769566206571_xxMH.ASM(471) : error A2070:invalid instruction operands
D:\rawrxd\history\all_versions\src\agentic\monaco\NEON_MONACO_HACK.ASM\1769566206571_xxMH.ASM(159) : error A2006:undefined symbol : AlignedAlloc64
D:\rawrxd\history\all_versions\src\agentic\monaco\NEON_MONACO_HACK.ASM\1769566206571_xxMH.ASM(165) : error A2006:undefined symbol : AlignedAlloc64
D:\rawrxd\history\all_versions\src\agentic\monaco\NEON_MONACO_HACK.ASM\1769566206571_xxMH.ASM(224) : error A2006:undefined symbol : AST_NODE
D:\rawrxd\history\all_versions\src\agentic\monaco\NEON_MONACO_HACK.ASM\1769566206571_xxMH.ASM(225) : error A2006:undefined symbol : NODE_FUNCTION
D:\rawrxd\history\all_versions\src\agentic\monaco\NEON_MONACO_HACK.ASM\1769566206571_xxMH.ASM(227) : error A2006:undefined symbol : NODE_CLASS
D:\rawrxd\history\all_versions\src\agentic\monaco\NEON_MONACO_HACK.ASM\1769566206571_xxMH.ASM(229) : error A2006:undefined symbol : NODE_VARIABLE
D:\rawrxd\history\all_versions\src\agentic\monaco\NEON_MONACO_HACK.ASM\1769566206571_xxMH.ASM(242) : error A2006:undefined symbol : AST_NODE
D:\rawrxd\history\all_versions\src\agentic\monaco\NEON_MONACO_HACK.ASM\1769566206571_xxMH.ASM(249) : error A2006:undefined symbol : AST_NODE
D:\rawrxd\history\all_versions\src\agentic\monaco\NEON_MONACO_HACK.ASM\1769566206571_xxMH.ASM(254) : error A2006:undefined symbol : AST_NODE
D:\rawrxd\history\all_versions\src\agentic\monaco\NEON_MONACO_HACK.ASM\1769566206571_xxMH.ASM(263) : error A2006:undefined symbol : ESPSortEntities
D:\rawrxd\history\all_versions\src\agentic\monaco\NEON_MONACO_HACK.ASM\1769566206571_xxMH.ASM(292) : error A2006:undefined symbol : ESPGrowEntityArray
D:\rawrxd\history\all_versions\src\agentic\monaco\NEON_MONACO_HACK.ASM\1769566206571_xxMH.ASM(302) : error A2006:undefined symbol : AST_NODE
D:\rawrxd\history\all_versions\src\agentic\monaco\NEON_MONACO_HACK.ASM\1769566206571_xxMH.ASM(304) : error A2006:undefined symbol : AST_NODE
D:\rawrxd\history\all_versions\src\agentic\monaco\NEON_MONACO_HACK.ASM\1769566206571_xxMH.ASM(313) : error A2006:undefined symbol : AST_NODE
D:\rawrxd\history\all_versions\src\agentic\monaco\NEON_MONACO_HACK.ASM\1769566206571_xxMH.ASM(314) : error A2081:missing operand after unary operator
D:\rawrxd\history\all_versions\src\agentic\monaco\NEON_MONACO_HACK.ASM\1769566206571_xxMH.ASM(316) : error A2006:undefined symbol : NODE_FUNCTION
D:\rawrxd\history\all_versions\src\agentic\monaco\NEON_MONACO_HACK.ASM\1769566206571_xxMH.ASM(318) : error A2006:undefined symbol : NODE_CLASS
D:\rawrxd\history\all_versions\src\agentic\monaco\NEON_MONACO_HACK.ASM\1769566206571_xxMH.ASM(320) : error A2006:undefined symbol : NODE_VARIABLE
D:\rawrxd\history\all_versions\src\agentic\monaco\NEON_MONACO_HACK.ASM\1769566206571_xxMH.ASM(325) : error A2206:missing operator in expression
D:\rawrxd\history\all_versions\src\agentic\monaco\NEON_MONACO_HACK.ASM\1769566206571_xxMH.ASM(328) : error A2206:missing operator in expression
D:\rawrxd\history\all_versions\src\agentic\monaco\NEON_MONACO_HACK.ASM\1769566206571_xxMH.ASM(331) : error A2206:missing operator in expression
D:\rawrxd\history\all_versions\src\agentic\monaco\NEON_MONACO_HACK.ASM\1769566206571_xxMH.ASM(334) : error A2206:missing operator in expression
D:\rawrxd\history\all_versions\src\agentic\monaco\NEON_MONACO_HACK.ASM\1769566206571_xxMH.ASM(342) : error A2206:missing operator in expression
D:\rawrxd\history\all_versions\src\agentic\monaco\NEON_MONACO_HACK.ASM\1769566206571_xxMH.ASM(374) : error A2006:undefined symbol : ClearFramebuffer
D:\rawrxd\history\all_versions\src\agentic\monaco\NEON_MONACO_HACK.ASM\1769566206571_xxMH.ASM(378) : error A2006:undefined symbol : ESPCullEntities
D:\rawrxd\history\all_versions\src\agentic\monaco\NEON_MONACO_HACK.ASM\1769566206571_xxMH.ASM(480) : error A2006:undefined symbol : ESPRenderBox
D:\rawrxd\history\all_versions\src\agentic\monaco\NEON_MONACO_HACK.ASM\1769566206571_xxMH.ASM(489) : error A2006:undefined symbol : ESPRenderSnapLine
D:\rawrxd\history\all_versions\src\agentic\monaco\NEON_MONACO_HACK.ASM\1769566206571_xxMH.ASM(498) : error A2006:undefined symbol : ESPRenderHealthBar
D:\rawrxd\history\all_versions\src\agentic\monaco\NEON_MONACO_HACK.ASM\1769566206571_xxMH.ASM(526) : error A2206:missing operator in expression
D:\rawrxd\history\all_versions\src\agentic\monaco\NEON_MONACO_HACK.ASM\1769566206571_xxMH.ASM(538) : error A2006:undefined symbol : RenderGlowQuadBlurred
D:\rawrxd\history\all_versions\src\agentic\monaco\NEON_MONACO_HACK.ASM\1769566206571_xxMH.ASM(593) : error A2006:undefined symbol : AimbotSmoothMove
D:\rawrxd\history\all_versions\src\agentic\monaco\NEON_MONACO_HACK.ASM\1769566206571_xxMH.ASM(656) : error A2006:undefined symbol : ChamsRenderWireframe
D:\rawrxd\history\all_versions\src\agentic\monaco\NEON_MONACO_HACK.ASM\1769566206571_xxMH.ASM(662) : error A2006:undefined symbol : ChamsRenderFlat
D:\rawrxd\history\all_versions\src\agentic\monaco\NEON_MONACO_HACK.ASM\1769566206571_xxMH.ASM(668) : error A2006:undefined symbol : ChamsRenderTextured
D:\rawrxd\history\all_versions\src\agentic\monaco\NEON_MONACO_HACK.ASM\1769566206571_xxMH.ASM(674) : error A2006:undefined symbol : ChamsRenderHologram
D:\rawrxd\history\all_versions\src\agentic\monaco\NEON_MONACO_HACK.ASM\1769566206571_xxMH.ASM(192) : error A2220:Missing .ENDPROLOG
D:\rawrxd\history\all_versions\src\agentic\monaco\NEON_MONACO_HACK.ASM\1769566206571_xxMH.ASM(271) : error A2220:Missing .ENDPROLOG
D:\rawrxd\history\all_versions\src\agentic\monaco\NEON_MONACO_HACK.ASM\1769566206571_xxMH.ASM(355) : error A2220:Missing .ENDPROLOG
D:\rawrxd\history\all_versions\src\agentic\monaco\NEON_MONACO_HACK.ASM\1769566206571_xxMH.ASM(434) : error A2220:Missing .ENDPROLOG
D:\rawrxd\history\all_versions\src\agentic\monaco\NEON_MONACO_HACK.ASM\1769566206571_xxMH.ASM(504) : error A2220:Missing .ENDPROLOG
D:\rawrxd\history\all_versions\src\agentic\monaco\NEON_MONACO_HACK.ASM\1769566206571_xxMH.ASM(543) : error A2220:Missing .ENDPROLOG
D:\rawrxd\history\all_versions\src\agentic\monaco\NEON_MONACO_HACK.ASM\1769566206571_xxMH.ASM(615) : error A2220:Missing .ENDPROLOG
D:\rawrxd\history\all_versions\src\agentic\monaco\NEON_MONACO_HACK.ASM\1769566206571_xxMH.ASM(626) : error A2220:Missing .ENDPROLOG
D:\rawrxd\history\all_versions\src\agentic\monaco\NEON_MONACO_HACK.ASM\1769566206571_xxMH.ASM(679) : error A2220:Missing .ENDPROLOG
D:\rawrxd\history\all_versions\src\agentic\monaco\NEON_MONACO_HACK.ASM\1769566206571_xxMH.ASM(693) : error A2220:Missing .ENDPROLOG
D:\rawrxd\history\all_versions\src\agentic\monaco\NEON_MONACO_HACK.ASM\1769566206571_xxMH.ASM(707) : error A2220:Missing .ENDPROLOG
D:\rawrxd\history\all_versions\src\agentic\monaco\NEON_MONACO_HACK.ASM\1769566206571_xxMH.ASM(720) : error A2220:Missing .ENDPROLOG
D:\rawrxd\history\all_versions\src\agentic\monaco\NEON_MONACO_HACK.ASM\1769566206571_xxMH.ASM(790) : error A2206:missing operator in expression
D:\rawrxd\history\all_versions\src\agentic\monaco\NEON_MONACO_HACK.ASM\1769566206571_xxMH.ASM(792) : error A2206:missing operator in expression
D:\rawrxd\history\all_versions\src\agentic\monaco\NEON_MONACO_HACK.ASM\1769566206571_xxMH.ASM(794) : error A2206:missing operator in expression
