 Assembling: D:\rawrxd\history\all_versions\src\gpu_masm\gpu_backend.asm\1769161769214_BfHj.asm
D:\rawrxd\history\all_versions\src\gpu_masm\gpu_backend.asm\1769161769214_BfHj.asm(7) : error A2008:syntax error : section
D:\rawrxd\history\all_versions\src\gpu_masm\gpu_backend.asm\1769161769214_BfHj.asm(9) : error A2034:must be in segment block
D:\rawrxd\history\all_versions\src\gpu_masm\gpu_backend.asm\1769161769214_BfHj.asm(10) : error A2034:must be in segment block
D:\rawrxd\history\all_versions\src\gpu_masm\gpu_backend.asm\1769161769214_BfHj.asm(11) : error A2034:must be in segment block
D:\rawrxd\history\all_versions\src\gpu_masm\gpu_backend.asm\1769161769214_BfHj.asm(12) : error A2034:must be in segment block
D:\rawrxd\history\all_versions\src\gpu_masm\gpu_backend.asm\1769161769214_BfHj.asm(15) : error A2034:must be in segment block
D:\rawrxd\history\all_versions\src\gpu_masm\gpu_backend.asm\1769161769214_BfHj.asm(16) : error A2034:must be in segment block
D:\rawrxd\history\all_versions\src\gpu_masm\gpu_backend.asm\1769161769214_BfHj.asm(17) : error A2034:must be in segment block
D:\rawrxd\history\all_versions\src\gpu_masm\gpu_backend.asm\1769161769214_BfHj.asm(20) : error A2034:must be in segment block
D:\rawrxd\history\all_versions\src\gpu_masm\gpu_backend.asm\1769161769214_BfHj.asm(21) : error A2034:must be in segment block
D:\rawrxd\history\all_versions\src\gpu_masm\gpu_backend.asm\1769161769214_BfHj.asm(22) : error A2034:must be in segment block
D:\rawrxd\history\all_versions\src\gpu_masm\gpu_backend.asm\1769161769214_BfHj.asm(25) : error A2034:must be in segment block
D:\rawrxd\history\all_versions\src\gpu_masm\gpu_backend.asm\1769161769214_BfHj.asm(26) : error A2034:must be in segment block
D:\rawrxd\history\all_versions\src\gpu_masm\gpu_backend.asm\1769161769214_BfHj.asm(27) : error A2034:must be in segment block
D:\rawrxd\history\all_versions\src\gpu_masm\gpu_backend.asm\1769161769214_BfHj.asm(29) : error A2008:syntax error : section
D:\rawrxd\history\all_versions\src\gpu_masm\gpu_backend.asm\1769161769214_BfHj.asm(40) : error A2034:must be in segment block
D:\rawrxd\history\all_versions\src\gpu_masm\gpu_backend.asm\1769161769214_BfHj.asm(41) : error A2034:must be in segment block
D:\rawrxd\history\all_versions\src\gpu_masm\gpu_backend.asm\1769161769214_BfHj.asm(42) : error A2034:must be in segment block
D:\rawrxd\history\all_versions\src\gpu_masm\gpu_backend.asm\1769161769214_BfHj.asm(43) : error A2034:must be in segment block
D:\rawrxd\history\all_versions\src\gpu_masm\gpu_backend.asm\1769161769214_BfHj.asm(46) : error A2034:must be in segment block
D:\rawrxd\history\all_versions\src\gpu_masm\gpu_backend.asm\1769161769214_BfHj.asm(47) : error A2034:must be in segment block
D:\rawrxd\history\all_versions\src\gpu_masm\gpu_backend.asm\1769161769214_BfHj.asm(50) : error A2034:must be in segment block
D:\rawrxd\history\all_versions\src\gpu_masm\gpu_backend.asm\1769161769214_BfHj.asm(53) : error A2034:must be in segment block
D:\rawrxd\history\all_versions\src\gpu_masm\gpu_backend.asm\1769161769214_BfHj.asm(54) : error A2034:must be in segment block
D:\rawrxd\history\all_versions\src\gpu_masm\gpu_backend.asm\1769161769214_BfHj.asm(55) : error A2034:must be in segment block
D:\rawrxd\history\all_versions\src\gpu_masm\gpu_backend.asm\1769161769214_BfHj.asm(56) : error A2034:must be in segment block
D:\rawrxd\history\all_versions\src\gpu_masm\gpu_backend.asm\1769161769214_BfHj.asm(57) : error A2034:must be in segment block
D:\rawrxd\history\all_versions\src\gpu_masm\gpu_backend.asm\1769161769214_BfHj.asm(58) : error A2034:must be in segment block
D:\rawrxd\history\all_versions\src\gpu_masm\gpu_backend.asm\1769161769214_BfHj.asm(59) : error A2034:must be in segment block
D:\rawrxd\history\all_versions\src\gpu_masm\gpu_backend.asm\1769161769214_BfHj.asm(62) : error A2034:must be in segment block
D:\rawrxd\history\all_versions\src\gpu_masm\gpu_backend.asm\1769161769214_BfHj.asm(64) : error A2008:syntax error : .
D:\rawrxd\history\all_versions\src\gpu_masm\gpu_backend.asm\1769161769214_BfHj.asm(65) : error A2034:must be in segment block
D:\rawrxd\history\all_versions\src\gpu_masm\gpu_backend.asm\1769161769214_BfHj.asm(66) : error A2034:must be in segment block
D:\rawrxd\history\all_versions\src\gpu_masm\gpu_backend.asm\1769161769214_BfHj.asm(67) : error A2034:must be in segment block
D:\rawrxd\history\all_versions\src\gpu_masm\gpu_backend.asm\1769161769214_BfHj.asm(68) : error A2034:must be in segment block
D:\rawrxd\history\all_versions\src\gpu_masm\gpu_backend.asm\1769161769214_BfHj.asm(70) : error A2008:syntax error : .
D:\rawrxd\history\all_versions\src\gpu_masm\gpu_backend.asm\1769161769214_BfHj.asm(71) : error A2034:must be in segment block
D:\rawrxd\history\all_versions\src\gpu_masm\gpu_backend.asm\1769161769214_BfHj.asm(72) : error A2034:must be in segment block
D:\rawrxd\history\all_versions\src\gpu_masm\gpu_backend.asm\1769161769214_BfHj.asm(73) : error A2034:must be in segment block
D:\rawrxd\history\all_versions\src\gpu_masm\gpu_backend.asm\1769161769214_BfHj.asm(74) : error A2034:must be in segment block
D:\rawrxd\history\all_versions\src\gpu_masm\gpu_backend.asm\1769161769214_BfHj.asm(76) : error A2008:syntax error : .
D:\rawrxd\history\all_versions\src\gpu_masm\gpu_backend.asm\1769161769214_BfHj.asm(77) : error A2034:must be in segment block
D:\rawrxd\history\all_versions\src\gpu_masm\gpu_backend.asm\1769161769214_BfHj.asm(78) : error A2034:must be in segment block
D:\rawrxd\history\all_versions\src\gpu_masm\gpu_backend.asm\1769161769214_BfHj.asm(79) : error A2034:must be in segment block
D:\rawrxd\history\all_versions\src\gpu_masm\gpu_backend.asm\1769161769214_BfHj.asm(80) : error A2034:must be in segment block
D:\rawrxd\history\all_versions\src\gpu_masm\gpu_backend.asm\1769161769214_BfHj.asm(82) : error A2008:syntax error : .
D:\rawrxd\history\all_versions\src\gpu_masm\gpu_backend.asm\1769161769214_BfHj.asm(83) : error A2034:must be in segment block
D:\rawrxd\history\all_versions\src\gpu_masm\gpu_backend.asm\1769161769214_BfHj.asm(84) : error A2034:must be in segment block
D:\rawrxd\history\all_versions\src\gpu_masm\gpu_backend.asm\1769161769214_BfHj.asm(85) : error A2034:must be in segment block
D:\rawrxd\history\all_versions\src\gpu_masm\gpu_backend.asm\1769161769214_BfHj.asm(86) : error A2034:must be in segment block
D:\rawrxd\history\all_versions\src\gpu_masm\gpu_backend.asm\1769161769214_BfHj.asm(88) : error A2008:syntax error : .
D:\rawrxd\history\all_versions\src\gpu_masm\gpu_backend.asm\1769161769214_BfHj.asm(89) : error A2034:must be in segment block
D:\rawrxd\history\all_versions\src\gpu_masm\gpu_backend.asm\1769161769214_BfHj.asm(90) : error A2034:must be in segment block
D:\rawrxd\history\all_versions\src\gpu_masm\gpu_backend.asm\1769161769214_BfHj.asm(91) : error A2034:must be in segment block
D:\rawrxd\history\all_versions\src\gpu_masm\gpu_backend.asm\1769161769214_BfHj.asm(92) : error A2034:must be in segment block
D:\rawrxd\history\all_versions\src\gpu_masm\gpu_backend.asm\1769161769214_BfHj.asm(94) : error A2008:syntax error : .
D:\rawrxd\history\all_versions\src\gpu_masm\gpu_backend.asm\1769161769214_BfHj.asm(95) : error A2034:must be in segment block
D:\rawrxd\history\all_versions\src\gpu_masm\gpu_backend.asm\1769161769214_BfHj.asm(96) : error A2034:must be in segment block
D:\rawrxd\history\all_versions\src\gpu_masm\gpu_backend.asm\1769161769214_BfHj.asm(97) : error A2034:must be in segment block
D:\rawrxd\history\all_versions\src\gpu_masm\gpu_backend.asm\1769161769214_BfHj.asm(98) : error A2034:must be in segment block
D:\rawrxd\history\all_versions\src\gpu_masm\gpu_backend.asm\1769161769214_BfHj.asm(100) : error A2008:syntax error : .
D:\rawrxd\history\all_versions\src\gpu_masm\gpu_backend.asm\1769161769214_BfHj.asm(101) : error A2034:must be in segment block
D:\rawrxd\history\all_versions\src\gpu_masm\gpu_backend.asm\1769161769214_BfHj.asm(102) : error A2034:must be in segment block
D:\rawrxd\history\all_versions\src\gpu_masm\gpu_backend.asm\1769161769214_BfHj.asm(103) : error A2034:must be in segment block
D:\rawrxd\history\all_versions\src\gpu_masm\gpu_backend.asm\1769161769214_BfHj.asm(104) : error A2034:must be in segment block
D:\rawrxd\history\all_versions\src\gpu_masm\gpu_backend.asm\1769161769214_BfHj.asm(105) : error A2034:must be in segment block
D:\rawrxd\history\all_versions\src\gpu_masm\gpu_backend.asm\1769161769214_BfHj.asm(107) : error A2008:syntax error : .
D:\rawrxd\history\all_versions\src\gpu_masm\gpu_backend.asm\1769161769214_BfHj.asm(108) : error A2034:must be in segment block
D:\rawrxd\history\all_versions\src\gpu_masm\gpu_backend.asm\1769161769214_BfHj.asm(110) : error A2008:syntax error : .
D:\rawrxd\history\all_versions\src\gpu_masm\gpu_backend.asm\1769161769214_BfHj.asm(111) : error A2034:must be in segment block
D:\rawrxd\history\all_versions\src\gpu_masm\gpu_backend.asm\1769161769214_BfHj.asm(112) : error A2034:must be in segment block
D:\rawrxd\history\all_versions\src\gpu_masm\gpu_backend.asm\1769161769214_BfHj.asm(113) : error A2034:must be in segment block
D:\rawrxd\history\all_versions\src\gpu_masm\gpu_backend.asm\1769161769214_BfHj.asm(114) : error A2034:must be in segment block
D:\rawrxd\history\all_versions\src\gpu_masm\gpu_backend.asm\1769161769214_BfHj.asm(124) : error A2034:must be in segment block
D:\rawrxd\history\all_versions\src\gpu_masm\gpu_backend.asm\1769161769214_BfHj.asm(125) : error A2034:must be in segment block
D:\rawrxd\history\all_versions\src\gpu_masm\gpu_backend.asm\1769161769214_BfHj.asm(126) : error A2034:must be in segment block
D:\rawrxd\history\all_versions\src\gpu_masm\gpu_backend.asm\1769161769214_BfHj.asm(127) : error A2034:must be in segment block
D:\rawrxd\history\all_versions\src\gpu_masm\gpu_backend.asm\1769161769214_BfHj.asm(130) : error A2034:must be in segment block
D:\rawrxd\history\all_versions\src\gpu_masm\gpu_backend.asm\1769161769214_BfHj.asm(131) : error A2034:must be in segment block
D:\rawrxd\history\all_versions\src\gpu_masm\gpu_backend.asm\1769161769214_BfHj.asm(134) : error A2034:must be in segment block
D:\rawrxd\history\all_versions\src\gpu_masm\gpu_backend.asm\1769161769214_BfHj.asm(135) : error A2034:must be in segment block
D:\rawrxd\history\all_versions\src\gpu_masm\gpu_backend.asm\1769161769214_BfHj.asm(138) : error A2034:must be in segment block
D:\rawrxd\history\all_versions\src\gpu_masm\gpu_backend.asm\1769161769214_BfHj.asm(139) : error A2034:must be in segment block
D:\rawrxd\history\all_versions\src\gpu_masm\gpu_backend.asm\1769161769214_BfHj.asm(141) : error A2034:must be in segment block
D:\rawrxd\history\all_versions\src\gpu_masm\gpu_backend.asm\1769161769214_BfHj.asm(142) : error A2034:must be in segment block
D:\rawrxd\history\all_versions\src\gpu_masm\gpu_backend.asm\1769161769214_BfHj.asm(143) : error A2034:must be in segment block
D:\rawrxd\history\all_versions\src\gpu_masm\gpu_backend.asm\1769161769214_BfHj.asm(144) : error A2034:must be in segment block
D:\rawrxd\history\all_versions\src\gpu_masm\gpu_backend.asm\1769161769214_BfHj.asm(150) : error A2034:must be in segment block
D:\rawrxd\history\all_versions\src\gpu_masm\gpu_backend.asm\1769161769214_BfHj.asm(152) : error A2034:must be in segment block
D:\rawrxd\history\all_versions\src\gpu_masm\gpu_backend.asm\1769161769214_BfHj.asm(155) : error A2034:must be in segment block
D:\rawrxd\history\all_versions\src\gpu_masm\gpu_backend.asm\1769161769214_BfHj.asm(156) : error A2034:must be in segment block
D:\rawrxd\history\all_versions\src\gpu_masm\gpu_backend.asm\1769161769214_BfHj.asm(157) : error A2034:must be in segment block
D:\rawrxd\history\all_versions\src\gpu_masm\gpu_backend.asm\1769161769214_BfHj.asm(159) : error A2034:must be in segment block
D:\rawrxd\history\all_versions\src\gpu_masm\gpu_backend.asm\1769161769214_BfHj.asm(160) : error A2034:must be in segment block
D:\rawrxd\history\all_versions\src\gpu_masm\gpu_backend.asm\1769161769214_BfHj.asm(163) : error A2034:must be in segment block
D:\rawrxd\history\all_versions\src\gpu_masm\gpu_backend.asm\1769161769214_BfHj.asm(164) : error A2034:must be in segment block
D:\rawrxd\history\all_versions\src\gpu_masm\gpu_backend.asm\1769161769214_BfHj.asm(166) : error A2034:must be in segment block
D:\rawrxd\history\all_versions\src\gpu_masm\gpu_backend.asm\1769161769214_BfHj.asm(167) : error A2034:must be in segment block
D:\rawrxd\history\all_versions\src\gpu_masm\gpu_backend.asm\1769161769214_BfHj.asm(169) : error A2008:syntax error : .
D:\rawrxd\history\all_versions\src\gpu_masm\gpu_backend.asm\1769161769214_BfHj.asm(170) : error A2034:must be in segment block
D:\rawrxd\history\all_versions\src\gpu_masm\gpu_backend.asm\1769161769214_BfHj.asm(171) : fatal error A1012:error count exceeds 100; stopping assembly
