 Assembling: D:\rawrxd\history\all_versions\Ship\RawrXD_NativeModelBridge_CLEAN.asm\1769634246087_K9bw.asm
D:\rawrxd\history\all_versions\Ship\RawrXD_NativeModelBridge_CLEAN.asm\1769634246087_K9bw.asm(120) : error A2006:undefined symbol : TlsFree
D:\rawrxd\history\all_versions\Ship\RawrXD_NativeModelBridge_CLEAN.asm\1769634246087_K9bw.asm(298) : error A2006:undefined symbol : gRopeTableSin
D:\rawrxd\history\all_versions\Ship\RawrXD_NativeModelBridge_CLEAN.asm\1769634246087_K9bw.asm(317) : error A2006:undefined symbol : gRopeTableCos
D:\rawrxd\history\all_versions\Ship\RawrXD_NativeModelBridge_CLEAN.asm\1769634246087_K9bw.asm(332) : error A2006:undefined symbol : gExpTable
D:\rawrxd\history\all_versions\Ship\RawrXD_NativeModelBridge_CLEAN.asm\1769634246087_K9bw.asm(339) : error A2006:undefined symbol : gLogTable
D:\rawrxd\history\all_versions\Ship\RawrXD_NativeModelBridge_CLEAN.asm\1769634246087_K9bw.asm(348) : error A2006:undefined symbol : gTempBuffer
D:\rawrxd\history\all_versions\Ship\RawrXD_NativeModelBridge_CLEAN.asm\1769634246087_K9bw.asm(359) : error A2006:undefined symbol : gRopeTableSin
D:\rawrxd\history\all_versions\Ship\RawrXD_NativeModelBridge_CLEAN.asm\1769634246087_K9bw.asm(365) : error A2006:undefined symbol : gRopeTableCos
D:\rawrxd\history\all_versions\Ship\RawrXD_NativeModelBridge_CLEAN.asm\1769634246087_K9bw.asm(367) : error A2006:undefined symbol : gRopeTableSin
D:\rawrxd\history\all_versions\Ship\RawrXD_NativeModelBridge_CLEAN.asm\1769634246087_K9bw.asm(373) : error A2006:undefined symbol : gExpTable
D:\rawrxd\history\all_versions\Ship\RawrXD_NativeModelBridge_CLEAN.asm\1769634246087_K9bw.asm(375) : error A2006:undefined symbol : gRopeTableCos
D:\rawrxd\history\all_versions\Ship\RawrXD_NativeModelBridge_CLEAN.asm\1769634246087_K9bw.asm(377) : error A2006:undefined symbol : gRopeTableSin
D:\rawrxd\history\all_versions\Ship\RawrXD_NativeModelBridge_CLEAN.asm\1769634246087_K9bw.asm(383) : error A2006:undefined symbol : gLogTable
D:\rawrxd\history\all_versions\Ship\RawrXD_NativeModelBridge_CLEAN.asm\1769634246087_K9bw.asm(385) : error A2006:undefined symbol : gExpTable
D:\rawrxd\history\all_versions\Ship\RawrXD_NativeModelBridge_CLEAN.asm\1769634246087_K9bw.asm(387) : error A2006:undefined symbol : gRopeTableCos
D:\rawrxd\history\all_versions\Ship\RawrXD_NativeModelBridge_CLEAN.asm\1769634246087_K9bw.asm(389) : error A2006:undefined symbol : gRopeTableSin
D:\rawrxd\history\all_versions\Ship\RawrXD_NativeModelBridge_CLEAN.asm\1769634246087_K9bw.asm(53) : warning A4014:instructions and initialized data not supported in BSS segments
D:\rawrxd\history\all_versions\Ship\RawrXD_NativeModelBridge_CLEAN.asm\1769634246087_K9bw.asm(152) : warning A6004:procedure argument or local not referenced : hModule
D:\rawrxd\history\all_versions\Ship\RawrXD_NativeModelBridge_CLEAN.asm\1769634246087_K9bw.asm(152) : warning A6004:procedure argument or local not referenced : dwReason
D:\rawrxd\history\all_versions\Ship\RawrXD_NativeModelBridge_CLEAN.asm\1769634246087_K9bw.asm(152) : warning A6004:procedure argument or local not referenced : lpReserved
D:\rawrxd\history\all_versions\Ship\RawrXD_NativeModelBridge_CLEAN.asm\1769634246087_K9bw.asm(206) : warning A6004:procedure argument or local not referenced : pCtx
D:\rawrxd\history\all_versions\Ship\RawrXD_NativeModelBridge_CLEAN.asm\1769634246087_K9bw.asm(267) : warning A6004:procedure argument or local not referenced : pCtx
D:\rawrxd\history\all_versions\Ship\RawrXD_NativeModelBridge_CLEAN.asm\1769634246087_K9bw.asm(267) : warning A6004:procedure argument or local not referenced : token
D:\rawrxd\history\all_versions\Ship\RawrXD_NativeModelBridge_CLEAN.asm\1769634246087_K9bw.asm(267) : warning A6004:procedure argument or local not referenced : pos
D:\rawrxd\history\all_versions\Ship\RawrXD_NativeModelBridge_CLEAN.asm\1769634246087_K9bw.asm(267) : warning A6004:procedure argument or local not referenced : pLogits
D:\rawrxd\history\all_versions\Ship\RawrXD_NativeModelBridge_CLEAN.asm\1769634246087_K9bw.asm(437) : warning A6004:procedure argument or local not referenced : pCtx
D:\rawrxd\history\all_versions\Ship\RawrXD_NativeModelBridge_CLEAN.asm\1769634246087_K9bw.asm(437) : warning A6004:procedure argument or local not referenced : token
D:\rawrxd\history\all_versions\Ship\RawrXD_NativeModelBridge_CLEAN.asm\1769634246087_K9bw.asm(437) : warning A6004:procedure argument or local not referenced : pEmbeddings
D:\rawrxd\history\all_versions\Ship\RawrXD_NativeModelBridge_CLEAN.asm\1769634246087_K9bw.asm(454) : warning A6004:procedure argument or local not referenced : pHidden
D:\rawrxd\history\all_versions\Ship\RawrXD_NativeModelBridge_CLEAN.asm\1769634246087_K9bw.asm(454) : warning A6004:procedure argument or local not referenced : pos
D:\rawrxd\history\all_versions\Ship\RawrXD_NativeModelBridge_CLEAN.asm\1769634246087_K9bw.asm(454) : warning A6004:procedure argument or local not referenced : dim
D:\rawrxd\history\all_versions\Ship\RawrXD_NativeModelBridge_CLEAN.asm\1769634246087_K9bw.asm(471) : warning A6004:procedure argument or local not referenced : pHidden
D:\rawrxd\history\all_versions\Ship\RawrXD_NativeModelBridge_CLEAN.asm\1769634246087_K9bw.asm(471) : warning A6004:procedure argument or local not referenced : n_embd
D:\rawrxd\history\all_versions\Ship\RawrXD_NativeModelBridge_CLEAN.asm\1769634246087_K9bw.asm(471) : warning A6004:procedure argument or local not referenced : pQKV
D:\rawrxd\history\all_versions\Ship\RawrXD_NativeModelBridge_CLEAN.asm\1769634246087_K9bw.asm(488) : warning A6004:procedure argument or local not referenced : pQ
D:\rawrxd\history\all_versions\Ship\RawrXD_NativeModelBridge_CLEAN.asm\1769634246087_K9bw.asm(488) : warning A6004:procedure argument or local not referenced : pK
D:\rawrxd\history\all_versions\Ship\RawrXD_NativeModelBridge_CLEAN.asm\1769634246087_K9bw.asm(488) : warning A6004:procedure argument or local not referenced : pV
D:\rawrxd\history\all_versions\Ship\RawrXD_NativeModelBridge_CLEAN.asm\1769634246087_K9bw.asm(488) : warning A6004:procedure argument or local not referenced : n_head
D:\rawrxd\history\all_versions\Ship\RawrXD_NativeModelBridge_CLEAN.asm\1769634246087_K9bw.asm(488) : warning A6004:procedure argument or local not referenced : pOut
D:\rawrxd\history\all_versions\Ship\RawrXD_NativeModelBridge_CLEAN.asm\1769634246087_K9bw.asm(505) : warning A6004:procedure argument or local not referenced : pHidden
D:\rawrxd\history\all_versions\Ship\RawrXD_NativeModelBridge_CLEAN.asm\1769634246087_K9bw.asm(505) : warning A6004:procedure argument or local not referenced : n_embd
D:\rawrxd\history\all_versions\Ship\RawrXD_NativeModelBridge_CLEAN.asm\1769634246087_K9bw.asm(505) : warning A6004:procedure argument or local not referenced : n_ff
D:\rawrxd\history\all_versions\Ship\RawrXD_NativeModelBridge_CLEAN.asm\1769634246087_K9bw.asm(505) : warning A6004:procedure argument or local not referenced : pOut
D:\rawrxd\history\all_versions\Ship\RawrXD_NativeModelBridge_CLEAN.asm\1769634246087_K9bw.asm(522) : warning A6004:procedure argument or local not referenced : pInput
D:\rawrxd\history\all_versions\Ship\RawrXD_NativeModelBridge_CLEAN.asm\1769634246087_K9bw.asm(522) : warning A6004:procedure argument or local not referenced : pOutput
D:\rawrxd\history\all_versions\Ship\RawrXD_NativeModelBridge_CLEAN.asm\1769634246087_K9bw.asm(522) : warning A6004:procedure argument or local not referenced : n_embd
D:\rawrxd\history\all_versions\Ship\RawrXD_NativeModelBridge_CLEAN.asm\1769634246087_K9bw.asm(522) : warning A6004:procedure argument or local not referenced : eps
