 Assembling: D:\rawrxd\history\all_versions\src\agentic\RawrXD_Complete_Explicit.asm\1769584599798_EyYY.asm
D:\rawrxd\history\all_versions\src\agentic\RawrXD_Complete_Explicit.asm\1769584599798_EyYY.asm(19) : error A2008:syntax error : .
D:\rawrxd\history\all_versions\src\agentic\RawrXD_Complete_Explicit.asm\1769584599798_EyYY.asm(20) : error A2008:syntax error : .
D:\rawrxd\history\all_versions\src\agentic\RawrXD_Complete_Explicit.asm\1769584599798_EyYY.asm(144) : error A2008:syntax error : DD
D:\rawrxd\history\all_versions\src\agentic\RawrXD_Complete_Explicit.asm\1769584599798_EyYY.asm(154) : error A2008:syntax error : ptr
D:\rawrxd\history\all_versions\src\agentic\RawrXD_Complete_Explicit.asm\1769584599798_EyYY.asm(155) : error A2008:syntax error : size
D:\rawrxd\history\all_versions\src\agentic\RawrXD_Complete_Explicit.asm\1769584599798_EyYY.asm(262) : error A2008:syntax error : size
D:\rawrxd\history\all_versions\src\agentic\RawrXD_Complete_Explicit.asm\1769584599798_EyYY.asm(317) : error A2008:syntax error : stream_lock
D:\rawrxd\history\all_versions\src\agentic\RawrXD_Complete_Explicit.asm\1769584599798_EyYY.asm(330) : error A2008:syntax error : in type
D:\rawrxd\history\all_versions\src\agentic\RawrXD_Complete_Explicit.asm\1769584599798_EyYY.asm(382) : error A2008:syntax error : .
D:\rawrxd\history\all_versions\src\agentic\RawrXD_Complete_Explicit.asm\1769584599798_EyYY.asm(393) : error A2008:syntax error : .
D:\rawrxd\history\all_versions\src\agentic\RawrXD_Complete_Explicit.asm\1769584599798_EyYY.asm(399) : error A2008:syntax error : code
D:\rawrxd\history\all_versions\src\agentic\RawrXD_Complete_Explicit.asm\1769584599798_EyYY.asm(420) : error A2008:syntax error : .
D:\rawrxd\history\all_versions\src\agentic\RawrXD_Complete_Explicit.asm\1769584599798_EyYY.asm(426) : error A2008:syntax error : .
D:\rawrxd\history\all_versions\src\agentic\RawrXD_Complete_Explicit.asm\1769584599798_EyYY.asm(490) : error A2008:syntax error : .
D:\rawrxd\history\all_versions\src\agentic\RawrXD_Complete_Explicit.asm\1769584599798_EyYY.asm(493) : error A2008:syntax error : .
D:\rawrxd\history\all_versions\src\agentic\RawrXD_Complete_Explicit.asm\1769584599798_EyYY.asm(522) : error A2008:syntax error : .
D:\rawrxd\history\all_versions\src\agentic\RawrXD_Complete_Explicit.asm\1769584599798_EyYY.asm(534) : error A2008:syntax error : .
D:\rawrxd\history\all_versions\src\agentic\RawrXD_Complete_Explicit.asm\1769584599798_EyYY.asm(540) : error A2008:syntax error : .
D:\rawrxd\history\all_versions\src\agentic\RawrXD_Complete_Explicit.asm\1769584599798_EyYY.asm(543) : error A2008:syntax error : .
D:\rawrxd\history\all_versions\src\agentic\RawrXD_Complete_Explicit.asm\1769584599798_EyYY.asm(571) : error A2008:syntax error : .
D:\rawrxd\history\all_versions\src\agentic\RawrXD_Complete_Explicit.asm\1769584599798_EyYY.asm(605) : error A2008:syntax error : .
D:\rawrxd\history\all_versions\src\agentic\RawrXD_Complete_Explicit.asm\1769584599798_EyYY.asm(609) : error A2008:syntax error : .
D:\rawrxd\history\all_versions\src\agentic\RawrXD_Complete_Explicit.asm\1769584599798_EyYY.asm(659) : error A2070:invalid instruction operands
D:\rawrxd\history\all_versions\src\agentic\RawrXD_Complete_Explicit.asm\1769584599798_EyYY.asm(672) : error A2070:invalid instruction operands
D:\rawrxd\history\all_versions\src\agentic\RawrXD_Complete_Explicit.asm\1769584599798_EyYY.asm(682) : error A2070:invalid instruction operands
D:\rawrxd\history\all_versions\src\agentic\RawrXD_Complete_Explicit.asm\1769584599798_EyYY.asm(697) : error A2008:syntax error : .
D:\rawrxd\history\all_versions\src\agentic\RawrXD_Complete_Explicit.asm\1769584599798_EyYY.asm(701) : error A2008:syntax error : .
D:\rawrxd\history\all_versions\src\agentic\RawrXD_Complete_Explicit.asm\1769584599798_EyYY.asm(706) : error A2008:syntax error : .
D:\rawrxd\history\all_versions\src\agentic\RawrXD_Complete_Explicit.asm\1769584599798_EyYY.asm(711) : error A2008:syntax error : .
D:\rawrxd\history\all_versions\src\agentic\RawrXD_Complete_Explicit.asm\1769584599798_EyYY.asm(716) : error A2008:syntax error : .
D:\rawrxd\history\all_versions\src\agentic\RawrXD_Complete_Explicit.asm\1769584599798_EyYY.asm(720) : error A2008:syntax error : .
D:\rawrxd\history\all_versions\src\agentic\RawrXD_Complete_Explicit.asm\1769584599798_EyYY.asm(756) : error A2008:syntax error : .
D:\rawrxd\history\all_versions\src\agentic\RawrXD_Complete_Explicit.asm\1769584599798_EyYY.asm(765) : error A2070:invalid instruction operands
D:\rawrxd\history\all_versions\src\agentic\RawrXD_Complete_Explicit.asm\1769584599798_EyYY.asm(769) : error A2008:syntax error : .
D:\rawrxd\history\all_versions\src\agentic\RawrXD_Complete_Explicit.asm\1769584599798_EyYY.asm(773) : error A2008:syntax error : .
D:\rawrxd\history\all_versions\src\agentic\RawrXD_Complete_Explicit.asm\1769584599798_EyYY.asm(777) : error A2008:syntax error : .
D:\rawrxd\history\all_versions\src\agentic\RawrXD_Complete_Explicit.asm\1769584599798_EyYY.asm(793) : error A2008:syntax error : .
D:\rawrxd\history\all_versions\src\agentic\RawrXD_Complete_Explicit.asm\1769584599798_EyYY.asm(803) : error A2008:syntax error : .
D:\rawrxd\history\all_versions\src\agentic\RawrXD_Complete_Explicit.asm\1769584599798_EyYY.asm(816) : error A2008:syntax error : .
D:\rawrxd\history\all_versions\src\agentic\RawrXD_Complete_Explicit.asm\1769584599798_EyYY.asm(834) : error A2008:syntax error : .
D:\rawrxd\history\all_versions\src\agentic\RawrXD_Complete_Explicit.asm\1769584599798_EyYY.asm(839) : error A2008:syntax error : .
D:\rawrxd\history\all_versions\src\agentic\RawrXD_Complete_Explicit.asm\1769584599798_EyYY.asm(910) : error A2008:syntax error : .
D:\rawrxd\history\all_versions\src\agentic\RawrXD_Complete_Explicit.asm\1769584599798_EyYY.asm(914) : error A2008:syntax error : .
D:\rawrxd\history\all_versions\src\agentic\RawrXD_Complete_Explicit.asm\1769584599798_EyYY.asm(919) : error A2008:syntax error : .
D:\rawrxd\history\all_versions\src\agentic\RawrXD_Complete_Explicit.asm\1769584599798_EyYY.asm(976) : error A2008:syntax error : .
D:\rawrxd\history\all_versions\src\agentic\RawrXD_Complete_Explicit.asm\1769584599798_EyYY.asm(982) : error A2008:syntax error : .
D:\rawrxd\history\all_versions\src\agentic\RawrXD_Complete_Explicit.asm\1769584599798_EyYY.asm(987) : error A2008:syntax error : .
D:\rawrxd\history\all_versions\src\agentic\RawrXD_Complete_Explicit.asm\1769584599798_EyYY.asm(1009) : error A2008:syntax error : .
D:\rawrxd\history\all_versions\src\agentic\RawrXD_Complete_Explicit.asm\1769584599798_EyYY.asm(1018) : error A2008:syntax error : .
D:\rawrxd\history\all_versions\src\agentic\RawrXD_Complete_Explicit.asm\1769584599798_EyYY.asm(1027) : error A2008:syntax error : .
D:\rawrxd\history\all_versions\src\agentic\RawrXD_Complete_Explicit.asm\1769584599798_EyYY.asm(1071) : error A2008:syntax error : .
D:\rawrxd\history\all_versions\src\agentic\RawrXD_Complete_Explicit.asm\1769584599798_EyYY.asm(1075) : error A2008:syntax error : .
D:\rawrxd\history\all_versions\src\agentic\RawrXD_Complete_Explicit.asm\1769584599798_EyYY.asm(1080) : error A2008:syntax error : .
D:\rawrxd\history\all_versions\src\agentic\RawrXD_Complete_Explicit.asm\1769584599798_EyYY.asm(1085) : error A2008:syntax error : .
D:\rawrxd\history\all_versions\src\agentic\RawrXD_Complete_Explicit.asm\1769584599798_EyYY.asm(1121) : error A2008:syntax error : .
D:\rawrxd\history\all_versions\src\agentic\RawrXD_Complete_Explicit.asm\1769584599798_EyYY.asm(1127) : error A2008:syntax error : .
D:\rawrxd\history\all_versions\src\agentic\RawrXD_Complete_Explicit.asm\1769584599798_EyYY.asm(1132) : error A2008:syntax error : .
D:\rawrxd\history\all_versions\src\agentic\RawrXD_Complete_Explicit.asm\1769584599798_EyYY.asm(1154) : error A2008:syntax error : .
D:\rawrxd\history\all_versions\src\agentic\RawrXD_Complete_Explicit.asm\1769584599798_EyYY.asm(1163) : error A2008:syntax error : .
D:\rawrxd\history\all_versions\src\agentic\RawrXD_Complete_Explicit.asm\1769584599798_EyYY.asm(1260) : error A2008:syntax error : .
D:\rawrxd\history\all_versions\src\agentic\RawrXD_Complete_Explicit.asm\1769584599798_EyYY.asm(1264) : error A2008:syntax error : .
D:\rawrxd\history\all_versions\src\agentic\RawrXD_Complete_Explicit.asm\1769584599798_EyYY.asm(1268) : error A2008:syntax error : .
D:\rawrxd\history\all_versions\src\agentic\RawrXD_Complete_Explicit.asm\1769584599798_EyYY.asm(1272) : error A2008:syntax error : .
D:\rawrxd\history\all_versions\src\agentic\RawrXD_Complete_Explicit.asm\1769584599798_EyYY.asm(1278) : error A2008:syntax error : .
D:\rawrxd\history\all_versions\src\agentic\RawrXD_Complete_Explicit.asm\1769584599798_EyYY.asm(1279) : error A2008:syntax error : .
D:\rawrxd\history\all_versions\src\agentic\RawrXD_Complete_Explicit.asm\1769584599798_EyYY.asm(1282) : error A2008:syntax error : .
D:\rawrxd\history\all_versions\src\agentic\RawrXD_Complete_Explicit.asm\1769584599798_EyYY.asm(1315) : error A2008:syntax error : .
D:\rawrxd\history\all_versions\src\agentic\RawrXD_Complete_Explicit.asm\1769584599798_EyYY.asm(1324) : error A2008:syntax error : .
D:\rawrxd\history\all_versions\src\agentic\RawrXD_Complete_Explicit.asm\1769584599798_EyYY.asm(1333) : error A2008:syntax error : .
D:\rawrxd\history\all_versions\src\agentic\RawrXD_Complete_Explicit.asm\1769584599798_EyYY.asm(1342) : error A2008:syntax error : .
D:\rawrxd\history\all_versions\src\agentic\RawrXD_Complete_Explicit.asm\1769584599798_EyYY.asm(1351) : error A2008:syntax error : .
D:\rawrxd\history\all_versions\src\agentic\RawrXD_Complete_Explicit.asm\1769584599798_EyYY.asm(1360) : error A2008:syntax error : .
D:\rawrxd\history\all_versions\src\agentic\RawrXD_Complete_Explicit.asm\1769584599798_EyYY.asm(1426) : error A2008:syntax error : .
D:\rawrxd\history\all_versions\src\agentic\RawrXD_Complete_Explicit.asm\1769584599798_EyYY.asm(376) : error A2006:undefined symbol : error_set_invalid
D:\rawrxd\history\all_versions\src\agentic\RawrXD_Complete_Explicit.asm\1769584599798_EyYY.asm(378) : error A2006:undefined symbol : error_set_valid
D:\rawrxd\history\all_versions\src\agentic\RawrXD_Complete_Explicit.asm\1769584599798_EyYY.asm(380) : error A2006:undefined symbol : error_set_invalid
D:\rawrxd\history\all_versions\src\agentic\RawrXD_Complete_Explicit.asm\1769584599798_EyYY.asm(385) : error A2098:invalid operand for OFFSET
D:\rawrxd\history\all_versions\src\agentic\RawrXD_Complete_Explicit.asm\1769584599798_EyYY.asm(386) : error A2098:invalid operand for OFFSET
D:\rawrxd\history\all_versions\src\agentic\RawrXD_Complete_Explicit.asm\1769584599798_EyYY.asm(390) : error A2006:undefined symbol : error_store_direct
D:\rawrxd\history\all_versions\src\agentic\RawrXD_Complete_Explicit.asm\1769584599798_EyYY.asm(400) : error A2098:invalid operand for OFFSET
D:\rawrxd\history\all_versions\src\agentic\RawrXD_Complete_Explicit.asm\1769584599798_EyYY.asm(401) : error A2098:invalid operand for OFFSET
D:\rawrxd\history\all_versions\src\agentic\RawrXD_Complete_Explicit.asm\1769584599798_EyYY.asm(402) : error A2098:invalid operand for OFFSET
D:\rawrxd\history\all_versions\src\agentic\RawrXD_Complete_Explicit.asm\1769584599798_EyYY.asm(406) : error A2098:invalid operand for OFFSET
D:\rawrxd\history\all_versions\src\agentic\RawrXD_Complete_Explicit.asm\1769584599798_EyYY.asm(413) : error A2098:invalid operand for OFFSET
D:\rawrxd\history\all_versions\src\agentic\RawrXD_Complete_Explicit.asm\1769584599798_EyYY.asm(415) : error A2006:undefined symbol : error_no_callback
D:\rawrxd\history\all_versions\src\agentic\RawrXD_Complete_Explicit.asm\1769584599798_EyYY.asm(417) : error A2098:invalid operand for OFFSET
D:\rawrxd\history\all_versions\src\agentic\RawrXD_Complete_Explicit.asm\1769584599798_EyYY.asm(437) : error A2098:invalid operand for OFFSET
D:\rawrxd\history\all_versions\src\agentic\RawrXD_Complete_Explicit.asm\1769584599798_EyYY.asm(454) : error A2006:undefined symbol : alloc_lock
D:\rawrxd\history\all_versions\src\agentic\RawrXD_Complete_Explicit.asm\1769584599798_EyYY.asm(459) : error A2098:invalid operand for OFFSET
D:\rawrxd\history\all_versions\src\agentic\RawrXD_Complete_Explicit.asm\1769584599798_EyYY.asm(461) : error A2006:undefined symbol : alloc_track_full
D:\rawrxd\history\all_versions\src\agentic\RawrXD_Complete_Explicit.asm\1769584599798_EyYY.asm(464) : error A2098:invalid operand for OFFSET
D:\rawrxd\history\all_versions\src\agentic\RawrXD_Complete_Explicit.asm\1769584599798_EyYY.asm(471) : error A2016:expression expected
D:\rawrxd\history\all_versions\src\agentic\RawrXD_Complete_Explicit.asm\1769584599798_EyYY.asm(472) : error A2081:missing operand after unary operator
D:\rawrxd\history\all_versions\src\agentic\RawrXD_Complete_Explicit.asm\1769584599798_EyYY.asm(473) : error A2098:invalid operand for OFFSET
D:\rawrxd\history\all_versions\src\agentic\RawrXD_Complete_Explicit.asm\1769584599798_EyYY.asm(474) : error A2098:invalid operand for OFFSET
D:\rawrxd\history\all_versions\src\agentic\RawrXD_Complete_Explicit.asm\1769584599798_EyYY.asm(478) : error A2098:invalid operand for OFFSET
D:\rawrxd\history\all_versions\src\agentic\RawrXD_Complete_Explicit.asm\1769584599798_EyYY.asm(481) : error A2098:invalid operand for OFFSET
D:\rawrxd\history\all_versions\src\agentic\RawrXD_Complete_Explicit.asm\1769584599798_EyYY.asm(485) : error A2098:invalid operand for OFFSET
D:\rawrxd\history\all_versions\src\agentic\RawrXD_Complete_Explicit.asm\1769584599798_EyYY.asm(488) : error A2006:undefined symbol : alloc_track_done
D:\rawrxd\history\all_versions\src\agentic\RawrXD_Complete_Explicit.asm\1769584599798_EyYY.asm(496) : error A2006:undefined symbol : alloc_lock
D:\rawrxd\history\all_versions\src\agentic\RawrXD_Complete_Explicit.asm\1769584599798_EyYY.asm(513) : fatal error A1012:error count exceeds 100; stopping assembly
