 Assembling: D:\rawrxd\history\all_versions\src\vulkan_masm.asm\1769158716970_WoVs.asm
D:\rawrxd\history\all_versions\src\vulkan_masm.asm\1769158716970_WoVs.asm(14) : error A2008:syntax error : .
D:\rawrxd\history\all_versions\src\vulkan_masm.asm\1769158716970_WoVs.asm(16) : error A2048:nondigit in number
D:\rawrxd\history\all_versions\src\vulkan_masm.asm\1769158716970_WoVs.asm(17) : error A2034:must be in segment block
D:\rawrxd\history\all_versions\src\vulkan_masm.asm\1769158716970_WoVs.asm(18) : error A2034:must be in segment block
D:\rawrxd\history\all_versions\src\vulkan_masm.asm\1769158716970_WoVs.asm(19) : error A2034:must be in segment block
D:\rawrxd\history\all_versions\src\vulkan_masm.asm\1769158716970_WoVs.asm(20) : error A2034:must be in segment block
D:\rawrxd\history\all_versions\src\vulkan_masm.asm\1769158716970_WoVs.asm(22) : error A2008:syntax error : section
D:\rawrxd\history\all_versions\src\vulkan_masm.asm\1769158716970_WoVs.asm(25) : error A2008:syntax error : section
D:\rawrxd\history\all_versions\src\vulkan_masm.asm\1769158716970_WoVs.asm(30) : error A2034:must be in segment block
D:\rawrxd\history\all_versions\src\vulkan_masm.asm\1769158716970_WoVs.asm(31) : error A2008:syntax error : ,
D:\rawrxd\history\all_versions\src\vulkan_masm.asm\1769158716970_WoVs.asm(33) : error A2034:must be in segment block
D:\rawrxd\history\all_versions\src\vulkan_masm.asm\1769158716970_WoVs.asm(34) : error A2034:must be in segment block
D:\rawrxd\history\all_versions\src\vulkan_masm.asm\1769158716970_WoVs.asm(35) : error A2034:must be in segment block
D:\rawrxd\history\all_versions\src\vulkan_masm.asm\1769158716970_WoVs.asm(40) : error A2034:must be in segment block
D:\rawrxd\history\all_versions\src\vulkan_masm.asm\1769158716970_WoVs.asm(41) : error A2034:must be in segment block
D:\rawrxd\history\all_versions\src\vulkan_masm.asm\1769158716970_WoVs.asm(43) : error A2034:must be in segment block
D:\rawrxd\history\all_versions\src\vulkan_masm.asm\1769158716970_WoVs.asm(45) : error A2034:must be in segment block
D:\rawrxd\history\all_versions\src\vulkan_masm.asm\1769158716970_WoVs.asm(50) : error A2034:must be in segment block
D:\rawrxd\history\all_versions\src\vulkan_masm.asm\1769158716970_WoVs.asm(51) : error A2034:must be in segment block
D:\rawrxd\history\all_versions\src\vulkan_masm.asm\1769158716970_WoVs.asm(53) : error A2034:must be in segment block
D:\rawrxd\history\all_versions\src\vulkan_masm.asm\1769158716970_WoVs.asm(54) : error A2034:must be in segment block
D:\rawrxd\history\all_versions\src\vulkan_masm.asm\1769158716970_WoVs.asm(61) : error A2034:must be in segment block
D:\rawrxd\history\all_versions\src\vulkan_masm.asm\1769158716970_WoVs.asm(62) : error A2034:must be in segment block
D:\rawrxd\history\all_versions\src\vulkan_masm.asm\1769158716970_WoVs.asm(63) : error A2034:must be in segment block
D:\rawrxd\history\all_versions\src\vulkan_masm.asm\1769158716970_WoVs.asm(64) : error A2034:must be in segment block
D:\rawrxd\history\all_versions\src\vulkan_masm.asm\1769158716970_WoVs.asm(65) : error A2034:must be in segment block
D:\rawrxd\history\all_versions\src\vulkan_masm.asm\1769158716970_WoVs.asm(66) : error A2034:must be in segment block
D:\rawrxd\history\all_versions\src\vulkan_masm.asm\1769158716970_WoVs.asm(68) : error A2034:must be in segment block
D:\rawrxd\history\all_versions\src\vulkan_masm.asm\1769158716970_WoVs.asm(69) : error A2034:must be in segment block
D:\rawrxd\history\all_versions\src\vulkan_masm.asm\1769158716970_WoVs.asm(70) : error A2034:must be in segment block
D:\rawrxd\history\all_versions\src\vulkan_masm.asm\1769158716970_WoVs.asm(72) : error A2034:must be in segment block
D:\rawrxd\history\all_versions\src\vulkan_masm.asm\1769158716970_WoVs.asm(73) : error A2034:must be in segment block
D:\rawrxd\history\all_versions\src\vulkan_masm.asm\1769158716970_WoVs.asm(74) : error A2034:must be in segment block
D:\rawrxd\history\all_versions\src\vulkan_masm.asm\1769158716970_WoVs.asm(75) : error A2034:must be in segment block
D:\rawrxd\history\all_versions\src\vulkan_masm.asm\1769158716970_WoVs.asm(77) : error A2034:must be in segment block
D:\rawrxd\history\all_versions\src\vulkan_masm.asm\1769158716970_WoVs.asm(78) : error A2034:must be in segment block
D:\rawrxd\history\all_versions\src\vulkan_masm.asm\1769158716970_WoVs.asm(79) : error A2034:must be in segment block
D:\rawrxd\history\all_versions\src\vulkan_masm.asm\1769158716970_WoVs.asm(80) : error A2034:must be in segment block
D:\rawrxd\history\all_versions\src\vulkan_masm.asm\1769158716970_WoVs.asm(83) : error A2034:must be in segment block
D:\rawrxd\history\all_versions\src\vulkan_masm.asm\1769158716970_WoVs.asm(84) : error A2034:must be in segment block
D:\rawrxd\history\all_versions\src\vulkan_masm.asm\1769158716970_WoVs.asm(85) : error A2034:must be in segment block
D:\rawrxd\history\all_versions\src\vulkan_masm.asm\1769158716970_WoVs.asm(86) : error A2034:must be in segment block
D:\rawrxd\history\all_versions\src\vulkan_masm.asm\1769158716970_WoVs.asm(87) : error A2034:must be in segment block
D:\rawrxd\history\all_versions\src\vulkan_masm.asm\1769158716970_WoVs.asm(88) : error A2034:must be in segment block
D:\rawrxd\history\all_versions\src\vulkan_masm.asm\1769158716970_WoVs.asm(89) : error A2034:must be in segment block
D:\rawrxd\history\all_versions\src\vulkan_masm.asm\1769158716970_WoVs.asm(90) : error A2034:must be in segment block
D:\rawrxd\history\all_versions\src\vulkan_masm.asm\1769158716970_WoVs.asm(91) : error A2034:must be in segment block
D:\rawrxd\history\all_versions\src\vulkan_masm.asm\1769158716970_WoVs.asm(92) : error A2034:must be in segment block
D:\rawrxd\history\all_versions\src\vulkan_masm.asm\1769158716970_WoVs.asm(93) : error A2034:must be in segment block
D:\rawrxd\history\all_versions\src\vulkan_masm.asm\1769158716970_WoVs.asm(94) : error A2034:must be in segment block
D:\rawrxd\history\all_versions\src\vulkan_masm.asm\1769158716970_WoVs.asm(95) : error A2034:must be in segment block
D:\rawrxd\history\all_versions\src\vulkan_masm.asm\1769158716970_WoVs.asm(96) : error A2034:must be in segment block
D:\rawrxd\history\all_versions\src\vulkan_masm.asm\1769158716970_WoVs.asm(97) : error A2034:must be in segment block
D:\rawrxd\history\all_versions\src\vulkan_masm.asm\1769158716970_WoVs.asm(98) : error A2034:must be in segment block
D:\rawrxd\history\all_versions\src\vulkan_masm.asm\1769158716970_WoVs.asm(99) : error A2034:must be in segment block
D:\rawrxd\history\all_versions\src\vulkan_masm.asm\1769158716970_WoVs.asm(100) : error A2034:must be in segment block
D:\rawrxd\history\all_versions\src\vulkan_masm.asm\1769158716970_WoVs.asm(102) : error A2034:must be in segment block
D:\rawrxd\history\all_versions\src\vulkan_masm.asm\1769158716970_WoVs.asm(103) : error A2034:must be in segment block
D:\rawrxd\history\all_versions\src\vulkan_masm.asm\1769158716970_WoVs.asm(104) : error A2034:must be in segment block
D:\rawrxd\history\all_versions\src\vulkan_masm.asm\1769158716970_WoVs.asm(105) : error A2034:must be in segment block
D:\rawrxd\history\all_versions\src\vulkan_masm.asm\1769158716970_WoVs.asm(107) : error A2034:must be in segment block
D:\rawrxd\history\all_versions\src\vulkan_masm.asm\1769158716970_WoVs.asm(108) : error A2034:must be in segment block
D:\rawrxd\history\all_versions\src\vulkan_masm.asm\1769158716970_WoVs.asm(109) : error A2034:must be in segment block
D:\rawrxd\history\all_versions\src\vulkan_masm.asm\1769158716970_WoVs.asm(110) : error A2034:must be in segment block
D:\rawrxd\history\all_versions\src\vulkan_masm.asm\1769158716970_WoVs.asm(111) : error A2034:must be in segment block
D:\rawrxd\history\all_versions\src\vulkan_masm.asm\1769158716970_WoVs.asm(112) : error A2034:must be in segment block
D:\rawrxd\history\all_versions\src\vulkan_masm.asm\1769158716970_WoVs.asm(113) : error A2034:must be in segment block
D:\rawrxd\history\all_versions\src\vulkan_masm.asm\1769158716970_WoVs.asm(114) : error A2034:must be in segment block
D:\rawrxd\history\all_versions\src\vulkan_masm.asm\1769158716970_WoVs.asm(115) : error A2034:must be in segment block
D:\rawrxd\history\all_versions\src\vulkan_masm.asm\1769158716970_WoVs.asm(116) : error A2034:must be in segment block
D:\rawrxd\history\all_versions\src\vulkan_masm.asm\1769158716970_WoVs.asm(118) : error A2034:must be in segment block
D:\rawrxd\history\all_versions\src\vulkan_masm.asm\1769158716970_WoVs.asm(120) : error A2034:must be in segment block
D:\rawrxd\history\all_versions\src\vulkan_masm.asm\1769158716970_WoVs.asm(121) : error A2034:must be in segment block
D:\rawrxd\history\all_versions\src\vulkan_masm.asm\1769158716970_WoVs.asm(122) : error A2034:must be in segment block
D:\rawrxd\history\all_versions\src\vulkan_masm.asm\1769158716970_WoVs.asm(123) : error A2034:must be in segment block
D:\rawrxd\history\all_versions\src\vulkan_masm.asm\1769158716970_WoVs.asm(124) : error A2034:must be in segment block
D:\rawrxd\history\all_versions\src\vulkan_masm.asm\1769158716970_WoVs.asm(125) : error A2034:must be in segment block
D:\rawrxd\history\all_versions\src\vulkan_masm.asm\1769158716970_WoVs.asm(126) : error A2034:must be in segment block
D:\rawrxd\history\all_versions\src\vulkan_masm.asm\1769158716970_WoVs.asm(127) : error A2034:must be in segment block
D:\rawrxd\history\all_versions\src\vulkan_masm.asm\1769158716970_WoVs.asm(128) : error A2034:must be in segment block
D:\rawrxd\history\all_versions\src\vulkan_masm.asm\1769158716970_WoVs.asm(129) : error A2034:must be in segment block
D:\rawrxd\history\all_versions\src\vulkan_masm.asm\1769158716970_WoVs.asm(130) : error A2034:must be in segment block
D:\rawrxd\history\all_versions\src\vulkan_masm.asm\1769158716970_WoVs.asm(131) : error A2034:must be in segment block
D:\rawrxd\history\all_versions\src\vulkan_masm.asm\1769158716970_WoVs.asm(132) : error A2034:must be in segment block
D:\rawrxd\history\all_versions\src\vulkan_masm.asm\1769158716970_WoVs.asm(133) : error A2034:must be in segment block
D:\rawrxd\history\all_versions\src\vulkan_masm.asm\1769158716970_WoVs.asm(134) : error A2034:must be in segment block
D:\rawrxd\history\all_versions\src\vulkan_masm.asm\1769158716970_WoVs.asm(135) : error A2034:must be in segment block
D:\rawrxd\history\all_versions\src\vulkan_masm.asm\1769158716970_WoVs.asm(136) : error A2034:must be in segment block
D:\rawrxd\history\all_versions\src\vulkan_masm.asm\1769158716970_WoVs.asm(137) : error A2034:must be in segment block
D:\rawrxd\history\all_versions\src\vulkan_masm.asm\1769158716970_WoVs.asm(138) : error A2034:must be in segment block
D:\rawrxd\history\all_versions\src\vulkan_masm.asm\1769158716970_WoVs.asm(139) : error A2034:must be in segment block
D:\rawrxd\history\all_versions\src\vulkan_masm.asm\1769158716970_WoVs.asm(140) : error A2034:must be in segment block
D:\rawrxd\history\all_versions\src\vulkan_masm.asm\1769158716970_WoVs.asm(141) : error A2034:must be in segment block
D:\rawrxd\history\all_versions\src\vulkan_masm.asm\1769158716970_WoVs.asm(142) : error A2034:must be in segment block
D:\rawrxd\history\all_versions\src\vulkan_masm.asm\1769158716970_WoVs.asm(143) : error A2034:must be in segment block
D:\rawrxd\history\all_versions\src\vulkan_masm.asm\1769158716970_WoVs.asm(144) : error A2034:must be in segment block
D:\rawrxd\history\all_versions\src\vulkan_masm.asm\1769158716970_WoVs.asm(145) : error A2034:must be in segment block
D:\rawrxd\history\all_versions\src\vulkan_masm.asm\1769158716970_WoVs.asm(146) : error A2034:must be in segment block
D:\rawrxd\history\all_versions\src\vulkan_masm.asm\1769158716970_WoVs.asm(148) : error A2008:syntax error : section
D:\rawrxd\history\all_versions\src\vulkan_masm.asm\1769158716970_WoVs.asm(149) : error A2034:must be in segment block
D:\rawrxd\history\all_versions\src\vulkan_masm.asm\1769158716970_WoVs.asm(150) : fatal error A1012:error count exceeds 100; stopping assembly
