 Assembling: D:\rawrxd\history\all_versions\src\Titan_Streaming_Orchestrator_Fixed.asm\1769622004443_Rb7b.asm
D:\rawrxd\history\all_versions\src\Titan_Streaming_Orchestrator_Fixed.asm\1769622004443_Rb7b.asm(11) : error A2008:syntax error : short
D:\rawrxd\history\all_versions\src\Titan_Streaming_Orchestrator_Fixed.asm\1769622004443_Rb7b.asm(19) : error A2008:syntax error : ptr
D:\rawrxd\history\all_versions\src\Titan_Streaming_Orchestrator_Fixed.asm\1769622004443_Rb7b.asm(20) : warning A6006:structure contains no members
D:\rawrxd\history\all_versions\src\Titan_Streaming_Orchestrator_Fixed.asm\1769622004443_Rb7b.asm(173) : error A2189:invalid combination with segment alignment : 64
D:\rawrxd\history\all_versions\src\Titan_Streaming_Orchestrator_Fixed.asm\1769622004443_Rb7b.asm(180) : error A2189:invalid combination with segment alignment : 64
D:\rawrxd\history\all_versions\src\Titan_Streaming_Orchestrator_Fixed.asm\1769622004443_Rb7b.asm(181) : error A2159:structure cannot be instanced
D:\rawrxd\history\all_versions\src\Titan_Streaming_Orchestrator_Fixed.asm\1769622004443_Rb7b.asm(182) : error A2159:structure cannot be instanced
D:\rawrxd\history\all_versions\src\Titan_Streaming_Orchestrator_Fixed.asm\1769622004443_Rb7b.asm(183) : error A2159:structure cannot be instanced
D:\rawrxd\history\all_versions\src\Titan_Streaming_Orchestrator_Fixed.asm\1769622004443_Rb7b.asm(186) : error A2189:invalid combination with segment alignment : 64
D:\rawrxd\history\all_versions\src\Titan_Streaming_Orchestrator_Fixed.asm\1769622004443_Rb7b.asm(847) : error A2189:invalid combination with segment alignment : 64
D:\rawrxd\history\all_versions\src\Titan_Streaming_Orchestrator_Fixed.asm\1769622004443_Rb7b.asm(243) : error A2006:undefined symbol : g_LockScheduler
D:\rawrxd\history\all_versions\src\Titan_Streaming_Orchestrator_Fixed.asm\1769622004443_Rb7b.asm(258) : error A2006:undefined symbol : g_LockScheduler
D:\rawrxd\history\all_versions\src\Titan_Streaming_Orchestrator_Fixed.asm\1769622004443_Rb7b.asm(273) : error A2006:undefined symbol : g_LockConflictDetector
D:\rawrxd\history\all_versions\src\Titan_Streaming_Orchestrator_Fixed.asm\1769622004443_Rb7b.asm(288) : error A2006:undefined symbol : g_LockConflictDetector
D:\rawrxd\history\all_versions\src\Titan_Streaming_Orchestrator_Fixed.asm\1769622004443_Rb7b.asm(303) : error A2006:undefined symbol : g_LockHeartbeat
D:\rawrxd\history\all_versions\src\Titan_Streaming_Orchestrator_Fixed.asm\1769622004443_Rb7b.asm(318) : error A2006:undefined symbol : g_LockHeartbeat
D:\rawrxd\history\all_versions\src\Titan_Streaming_Orchestrator_Fixed.asm\1769622004443_Rb7b.asm(434) : error A2006:undefined symbol : g_LockScheduler
D:\rawrxd\history\all_versions\src\Titan_Streaming_Orchestrator_Fixed.asm\1769622004443_Rb7b.asm(504) : error A2006:undefined symbol : g_LockConflictDetector
D:\rawrxd\history\all_versions\src\Titan_Streaming_Orchestrator_Fixed.asm\1769622004443_Rb7b.asm(585) : error A2006:undefined symbol : g_LockHeartbeat
D:\rawrxd\history\all_versions\src\Titan_Streaming_Orchestrator_Fixed.asm\1769622004443_Rb7b.asm(885) : error A2006:undefined symbol : HEAP_ZERO_MEMORY
D:\rawrxd\history\all_versions\src\Titan_Streaming_Orchestrator_Fixed.asm\1769622004443_Rb7b.asm(978) : error A2006:undefined symbol : PAGE_READONLY
D:\rawrxd\history\all_versions\src\Titan_Streaming_Orchestrator_Fixed.asm\1769622004443_Rb7b.asm(991) : error A2006:undefined symbol : FILE_MAP_READ
