 Assembling: D:\rawrxd\history\all_versions\src\RawrXD_Titan.asm\1769907094718_bGis.asm
D:\rawrxd\history\all_versions\src\RawrXD_Titan.asm\1769907094718_bGis.asm(488) : error A2006:undefined symbol : g_RingBase
D:\rawrxd\history\all_versions\src\RawrXD_Titan.asm\1769907094718_bGis.asm(498) : error A2006:undefined symbol : g_RingHeader
D:\rawrxd\history\all_versions\src\RawrXD_Titan.asm\1769907094718_bGis.asm(502) : error A2006:undefined symbol : RingHeader
D:\rawrxd\history\all_versions\src\RawrXD_Titan.asm\1769907094718_bGis.asm(503) : error A2006:undefined symbol : RingHeader
D:\rawrxd\history\all_versions\src\RawrXD_Titan.asm\1769907094718_bGis.asm(513) : error A2006:undefined symbol : RingHeader
D:\rawrxd\history\all_versions\src\RawrXD_Titan.asm\1769907094718_bGis.asm(522) : error A2006:undefined symbol : Sleep
D:\rawrxd\history\all_versions\src\RawrXD_Titan.asm\1769907094718_bGis.asm(544) : error A2006:undefined symbol : GetProcessHeap
D:\rawrxd\history\all_versions\src\RawrXD_Titan.asm\1769907094718_bGis.asm(547) : error A2006:undefined symbol : TitanContext
D:\rawrxd\history\all_versions\src\RawrXD_Titan.asm\1769907094718_bGis.asm(548) : error A2006:undefined symbol : HeapAlloc
D:\rawrxd\history\all_versions\src\RawrXD_Titan.asm\1769907094718_bGis.asm(556) : error A2006:undefined symbol : GENERIC_READ
D:\rawrxd\history\all_versions\src\RawrXD_Titan.asm\1769907094718_bGis.asm(559) : error A2006:undefined symbol : OPEN_EXISTING
D:\rawrxd\history\all_versions\src\RawrXD_Titan.asm\1769907094718_bGis.asm(560) : error A2006:undefined symbol : FILE_ATTRIBUTE_NORMAL
D:\rawrxd\history\all_versions\src\RawrXD_Titan.asm\1769907094718_bGis.asm(562) : error A2006:undefined symbol : CreateFileA
D:\rawrxd\history\all_versions\src\RawrXD_Titan.asm\1769907094718_bGis.asm(564) : error A2006:undefined symbol : INVALID_HANDLE_VALUE
D:\rawrxd\history\all_versions\src\RawrXD_Titan.asm\1769907094718_bGis.asm(566) : error A2006:undefined symbol : TitanContext
D:\rawrxd\history\all_versions\src\RawrXD_Titan.asm\1769907094718_bGis.asm(570) : error A2006:undefined symbol : TitanContext
D:\rawrxd\history\all_versions\src\RawrXD_Titan.asm\1769907094718_bGis.asm(571) : error A2006:undefined symbol : GetFileSizeEx
D:\rawrxd\history\all_versions\src\RawrXD_Titan.asm\1769907094718_bGis.asm(574) : error A2006:undefined symbol : TitanContext
D:\rawrxd\history\all_versions\src\RawrXD_Titan.asm\1769907094718_bGis.asm(576) : error A2006:undefined symbol : PAGE_READONLY
D:\rawrxd\history\all_versions\src\RawrXD_Titan.asm\1769907094718_bGis.asm(580) : error A2006:undefined symbol : CreateFileMappingA
D:\rawrxd\history\all_versions\src\RawrXD_Titan.asm\1769907094718_bGis.asm(584) : error A2006:undefined symbol : TitanContext
D:\rawrxd\history\all_versions\src\RawrXD_Titan.asm\1769907094718_bGis.asm(588) : error A2006:undefined symbol : FILE_MAP_READ
D:\rawrxd\history\all_versions\src\RawrXD_Titan.asm\1769907094718_bGis.asm(592) : error A2006:undefined symbol : MapViewOfFile
D:\rawrxd\history\all_versions\src\RawrXD_Titan.asm\1769907094718_bGis.asm(597) : error A2006:undefined symbol : TitanContext
D:\rawrxd\history\all_versions\src\RawrXD_Titan.asm\1769907094718_bGis.asm(601) : error A2006:undefined symbol : GGUF_MAGIC
D:\rawrxd\history\all_versions\src\RawrXD_Titan.asm\1769907094718_bGis.asm(608) : error A2006:undefined symbol : TitanContext
D:\rawrxd\history\all_versions\src\RawrXD_Titan.asm\1769907094718_bGis.asm(609) : error A2006:undefined symbol : UnmapViewOfFile
D:\rawrxd\history\all_versions\src\RawrXD_Titan.asm\1769907094718_bGis.asm(612) : error A2006:undefined symbol : TitanContext
D:\rawrxd\history\all_versions\src\RawrXD_Titan.asm\1769907094718_bGis.asm(613) : error A2006:undefined symbol : CloseHandle
D:\rawrxd\history\all_versions\src\RawrXD_Titan.asm\1769907094718_bGis.asm(616) : error A2006:undefined symbol : TitanContext
D:\rawrxd\history\all_versions\src\RawrXD_Titan.asm\1769907094718_bGis.asm(617) : error A2006:undefined symbol : CloseHandle
D:\rawrxd\history\all_versions\src\RawrXD_Titan.asm\1769907094718_bGis.asm(622) : error A2006:undefined symbol : GetProcessHeap
D:\rawrxd\history\all_versions\src\RawrXD_Titan.asm\1769907094718_bGis.asm(626) : error A2006:undefined symbol : HeapFree
D:\rawrxd\history\all_versions\src\RawrXD_Titan.asm\1769907094718_bGis.asm(652) : error A2006:undefined symbol : TitanContext
D:\rawrxd\history\all_versions\src\RawrXD_Titan.asm\1769907094718_bGis.asm(654) : error A2006:undefined symbol : TitanContext
D:\rawrxd\history\all_versions\src\RawrXD_Titan.asm\1769907094718_bGis.asm(655) : error A2006:undefined symbol : UnmapViewOfFile
D:\rawrxd\history\all_versions\src\RawrXD_Titan.asm\1769907094718_bGis.asm(658) : error A2006:undefined symbol : TitanContext
D:\rawrxd\history\all_versions\src\RawrXD_Titan.asm\1769907094718_bGis.asm(660) : error A2006:undefined symbol : TitanContext
D:\rawrxd\history\all_versions\src\RawrXD_Titan.asm\1769907094718_bGis.asm(661) : error A2006:undefined symbol : CloseHandle
D:\rawrxd\history\all_versions\src\RawrXD_Titan.asm\1769907094718_bGis.asm(664) : error A2006:undefined symbol : TitanContext
D:\rawrxd\history\all_versions\src\RawrXD_Titan.asm\1769907094718_bGis.asm(666) : error A2006:undefined symbol : TitanContext
D:\rawrxd\history\all_versions\src\RawrXD_Titan.asm\1769907094718_bGis.asm(667) : error A2006:undefined symbol : CloseHandle
D:\rawrxd\history\all_versions\src\RawrXD_Titan.asm\1769907094718_bGis.asm(670) : error A2006:undefined symbol : GetProcessHeap
D:\rawrxd\history\all_versions\src\RawrXD_Titan.asm\1769907094718_bGis.asm(674) : error A2006:undefined symbol : HeapFree
