 Assembling: D:\rawrxd\history\all_versions\src\agentic\RawrXD_Complete_Explicit.asm\1769586781822_s6dt.asm
D:\rawrxd\history\all_versions\src\agentic\RawrXD_Complete_Explicit.asm\1769586781822_s6dt.asm(1119) : error A2081:missing operand after unary operator
D:\rawrxd\history\all_versions\src\agentic\RawrXD_Complete_Explicit.asm\1769586781822_s6dt.asm(2406) : error A2022:instruction operands must be the same size
D:\rawrxd\history\all_versions\src\agentic\RawrXD_Complete_Explicit.asm\1769586781822_s6dt.asm(349) : error A2167:unexpected literal found in expression
D:\rawrxd\history\all_versions\src\agentic\RawrXD_Complete_Explicit.asm\1769586781822_s6dt.asm(351) : error A2167:unexpected literal found in expression
D:\rawrxd\history\all_versions\src\agentic\RawrXD_Complete_Explicit.asm\1769586781822_s6dt.asm(353) : error A2167:unexpected literal found in expression
D:\rawrxd\history\all_versions\src\agentic\RawrXD_Complete_Explicit.asm\1769586781822_s6dt.asm(578) : warning A4025:ENDP found before .ENDPROLOG : InitCRC32Table
D:\rawrxd\history\all_versions\src\agentic\RawrXD_Complete_Explicit.asm\1769586781822_s6dt.asm(578) : error A2247:size of prolog too big, must be < 256 bytes
D:\rawrxd\history\all_versions\src\agentic\RawrXD_Complete_Explicit.asm\1769586781822_s6dt.asm(578) : error A2220:Missing .ENDPROLOG
D:\rawrxd\history\all_versions\src\agentic\RawrXD_Complete_Explicit.asm\1769586781822_s6dt.asm(656) : warning A4025:ENDP found before .ENDPROLOG : Infinity_ClassifyModel
D:\rawrxd\history\all_versions\src\agentic\RawrXD_Complete_Explicit.asm\1769586781822_s6dt.asm(671) : warning A4025:ENDP found before .ENDPROLOG : Infinity_GetSlotCount
D:\rawrxd\history\all_versions\src\agentic\RawrXD_Complete_Explicit.asm\1769586781822_s6dt.asm(959) : warning A4025:ENDP found before .ENDPROLOG : INFINITY_IOThreadProc
D:\rawrxd\history\all_versions\src\agentic\RawrXD_Complete_Explicit.asm\1769586781822_s6dt.asm(1044) : warning A4025:ENDP found before .ENDPROLOG : INFINITY_CheckQuadBuffer
D:\rawrxd\history\all_versions\src\agentic\RawrXD_Complete_Explicit.asm\1769586781822_s6dt.asm(1202) : warning A4025:ENDP found before .ENDPROLOG : INFINITY_RotateBuffers
D:\rawrxd\history\all_versions\src\agentic\RawrXD_Complete_Explicit.asm\1769586781822_s6dt.asm(1233) : warning A4025:ENDP found before .ENDPROLOG : INFINITY_HandleYTfnTrap
D:\rawrxd\history\all_versions\src\agentic\RawrXD_Complete_Explicit.asm\1769586781822_s6dt.asm(1307) : warning A4025:ENDP found before .ENDPROLOG : INFINITY_Shutdown
D:\rawrxd\history\all_versions\src\agentic\RawrXD_Complete_Explicit.asm\1769586781822_s6dt.asm(1416) : warning A4025:ENDP found before .ENDPROLOG : Scheduler_Initialize
D:\rawrxd\history\all_versions\src\agentic\RawrXD_Complete_Explicit.asm\1769586781822_s6dt.asm(1499) : warning A4025:ENDP found before .ENDPROLOG : WorkerThreadProc
D:\rawrxd\history\all_versions\src\agentic\RawrXD_Complete_Explicit.asm\1769586781822_s6dt.asm(1562) : warning A4025:ENDP found before .ENDPROLOG : Worker_GetWork
D:\rawrxd\history\all_versions\src\agentic\RawrXD_Complete_Explicit.asm\1769586781822_s6dt.asm(1595) : warning A4025:ENDP found before .ENDPROLOG : Worker_PopLocal
D:\rawrxd\history\all_versions\src\agentic\RawrXD_Complete_Explicit.asm\1769586781822_s6dt.asm(1657) : warning A4025:ENDP found before .ENDPROLOG : Worker_StealFrom
D:\rawrxd\history\all_versions\src\agentic\RawrXD_Complete_Explicit.asm\1769586781822_s6dt.asm(1760) : warning A4025:ENDP found before .ENDPROLOG : Scheduler_SubmitTask
D:\rawrxd\history\all_versions\src\agentic\RawrXD_Complete_Explicit.asm\1769586781822_s6dt.asm(1790) : warning A4025:ENDP found before .ENDPROLOG : Scheduler_PopGlobal
D:\rawrxd\history\all_versions\src\agentic\RawrXD_Complete_Explicit.asm\1769586781822_s6dt.asm(1867) : warning A4025:ENDP found before .ENDPROLOG : ConflictDetector_Initialize
D:\rawrxd\history\all_versions\src\agentic\RawrXD_Complete_Explicit.asm\1769586781822_s6dt.asm(1912) : warning A4025:ENDP found before .ENDPROLOG : ConflictDetector_RegisterResource
D:\rawrxd\history\all_versions\src\agentic\RawrXD_Complete_Explicit.asm\1769586781822_s6dt.asm(2029) : warning A4025:ENDP found before .ENDPROLOG : ConflictDetector_LockResource
D:\rawrxd\history\all_versions\src\agentic\RawrXD_Complete_Explicit.asm\1769586781822_s6dt.asm(2069) : warning A4025:ENDP found before .ENDPROLOG : ConflictDetector_CheckDeadlock
D:\rawrxd\history\all_versions\src\agentic\RawrXD_Complete_Explicit.asm\1769586781822_s6dt.asm(2140) : warning A4025:ENDP found before .ENDPROLOG : DFS_Deadlock
D:\rawrxd\history\all_versions\src\agentic\RawrXD_Complete_Explicit.asm\1769586781822_s6dt.asm(2180) : warning A4025:ENDP found before .ENDPROLOG : DeadlockDetectionThread
D:\rawrxd\history\all_versions\src\agentic\RawrXD_Complete_Explicit.asm\1769586781822_s6dt.asm(2303) : warning A4025:ENDP found before .ENDPROLOG : Heartbeat_Initialize
D:\rawrxd\history\all_versions\src\agentic\RawrXD_Complete_Explicit.asm\1769586781822_s6dt.asm(2381) : warning A4025:ENDP found before .ENDPROLOG : HeartbeatSendThread
