 Assembling: D:\rawrxd\history\all_versions\Ship\RawrXD_NativeModelBridge_PRODUCTION.asm\1769636783897_D4zv.asm
D:\rawrxd\history\all_versions\Ship\RawrXD_NativeModelBridge_PRODUCTION.asm\1769636783897_D4zv.asm(69) : error A2206:missing operator in expression
D:\rawrxd\history\all_versions\Ship\RawrXD_NativeModelBridge_PRODUCTION.asm\1769636783897_D4zv.asm(84) : error A2206:missing operator in expression
D:\rawrxd\history\all_versions\Ship\RawrXD_NativeModelBridge_PRODUCTION.asm\1769636783897_D4zv.asm(168) : error A2206:missing operator in expression
D:\rawrxd\history\all_versions\Ship\RawrXD_NativeModelBridge_PRODUCTION.asm\1769636783897_D4zv.asm(35) : warning A4014:instructions and initialized data not supported in BSS segments
D:\rawrxd\history\all_versions\Ship\RawrXD_NativeModelBridge_PRODUCTION.asm\1769636783897_D4zv.asm(101) : warning A6004:procedure argument or local not referenced : hModule
D:\rawrxd\history\all_versions\Ship\RawrXD_NativeModelBridge_PRODUCTION.asm\1769636783897_D4zv.asm(101) : warning A6004:procedure argument or local not referenced : dwReason
D:\rawrxd\history\all_versions\Ship\RawrXD_NativeModelBridge_PRODUCTION.asm\1769636783897_D4zv.asm(101) : warning A6004:procedure argument or local not referenced : lpReserved
D:\rawrxd\history\all_versions\Ship\RawrXD_NativeModelBridge_PRODUCTION.asm\1769636783897_D4zv.asm(187) : warning A6004:procedure argument or local not referenced : pCtx
D:\rawrxd\history\all_versions\Ship\RawrXD_NativeModelBridge_PRODUCTION.asm\1769636783897_D4zv.asm(187) : warning A6004:procedure argument or local not referenced : pFilePath
D:\rawrxd\history\all_versions\Ship\RawrXD_NativeModelBridge_PRODUCTION.asm\1769636783897_D4zv.asm(311) : warning A6004:procedure argument or local not referenced : pCtx
D:\rawrxd\history\all_versions\Ship\RawrXD_NativeModelBridge_PRODUCTION.asm\1769636783897_D4zv.asm(311) : warning A6004:procedure argument or local not referenced : token
D:\rawrxd\history\all_versions\Ship\RawrXD_NativeModelBridge_PRODUCTION.asm\1769636783897_D4zv.asm(311) : warning A6004:procedure argument or local not referenced : pEmbeddings
D:\rawrxd\history\all_versions\Ship\RawrXD_NativeModelBridge_PRODUCTION.asm\1769636783897_D4zv.asm(311) : warning A4025:ENDP found before .ENDPROLOG : GetTokenEmbedding
D:\rawrxd\history\all_versions\Ship\RawrXD_NativeModelBridge_PRODUCTION.asm\1769636783897_D4zv.asm(311) : error A2247:size of prolog too big, must be < 256 bytes
D:\rawrxd\history\all_versions\Ship\RawrXD_NativeModelBridge_PRODUCTION.asm\1769636783897_D4zv.asm(311) : error A2220:Missing .ENDPROLOG
D:\rawrxd\history\all_versions\Ship\RawrXD_NativeModelBridge_PRODUCTION.asm\1769636783897_D4zv.asm(316) : warning A6004:procedure argument or local not referenced : pHidden
D:\rawrxd\history\all_versions\Ship\RawrXD_NativeModelBridge_PRODUCTION.asm\1769636783897_D4zv.asm(316) : warning A6004:procedure argument or local not referenced : pos
D:\rawrxd\history\all_versions\Ship\RawrXD_NativeModelBridge_PRODUCTION.asm\1769636783897_D4zv.asm(316) : warning A6004:procedure argument or local not referenced : dim
D:\rawrxd\history\all_versions\Ship\RawrXD_NativeModelBridge_PRODUCTION.asm\1769636783897_D4zv.asm(316) : warning A4025:ENDP found before .ENDPROLOG : ApplyRoPE
D:\rawrxd\history\all_versions\Ship\RawrXD_NativeModelBridge_PRODUCTION.asm\1769636783897_D4zv.asm(316) : error A2247:size of prolog too big, must be < 256 bytes
D:\rawrxd\history\all_versions\Ship\RawrXD_NativeModelBridge_PRODUCTION.asm\1769636783897_D4zv.asm(316) : error A2220:Missing .ENDPROLOG
D:\rawrxd\history\all_versions\Ship\RawrXD_NativeModelBridge_PRODUCTION.asm\1769636783897_D4zv.asm(321) : warning A6004:procedure argument or local not referenced : pHidden
D:\rawrxd\history\all_versions\Ship\RawrXD_NativeModelBridge_PRODUCTION.asm\1769636783897_D4zv.asm(321) : warning A6004:procedure argument or local not referenced : n_embd
D:\rawrxd\history\all_versions\Ship\RawrXD_NativeModelBridge_PRODUCTION.asm\1769636783897_D4zv.asm(321) : warning A6004:procedure argument or local not referenced : pQKV
D:\rawrxd\history\all_versions\Ship\RawrXD_NativeModelBridge_PRODUCTION.asm\1769636783897_D4zv.asm(321) : warning A4025:ENDP found before .ENDPROLOG : ComputeQKV
D:\rawrxd\history\all_versions\Ship\RawrXD_NativeModelBridge_PRODUCTION.asm\1769636783897_D4zv.asm(321) : error A2247:size of prolog too big, must be < 256 bytes
D:\rawrxd\history\all_versions\Ship\RawrXD_NativeModelBridge_PRODUCTION.asm\1769636783897_D4zv.asm(321) : error A2220:Missing .ENDPROLOG
D:\rawrxd\history\all_versions\Ship\RawrXD_NativeModelBridge_PRODUCTION.asm\1769636783897_D4zv.asm(326) : warning A6004:procedure argument or local not referenced : pQ
D:\rawrxd\history\all_versions\Ship\RawrXD_NativeModelBridge_PRODUCTION.asm\1769636783897_D4zv.asm(326) : warning A6004:procedure argument or local not referenced : pK
D:\rawrxd\history\all_versions\Ship\RawrXD_NativeModelBridge_PRODUCTION.asm\1769636783897_D4zv.asm(326) : warning A6004:procedure argument or local not referenced : pV
D:\rawrxd\history\all_versions\Ship\RawrXD_NativeModelBridge_PRODUCTION.asm\1769636783897_D4zv.asm(326) : warning A6004:procedure argument or local not referenced : n_head
D:\rawrxd\history\all_versions\Ship\RawrXD_NativeModelBridge_PRODUCTION.asm\1769636783897_D4zv.asm(326) : warning A6004:procedure argument or local not referenced : pOut
D:\rawrxd\history\all_versions\Ship\RawrXD_NativeModelBridge_PRODUCTION.asm\1769636783897_D4zv.asm(326) : warning A4025:ENDP found before .ENDPROLOG : ComputeAttention
D:\rawrxd\history\all_versions\Ship\RawrXD_NativeModelBridge_PRODUCTION.asm\1769636783897_D4zv.asm(326) : error A2247:size of prolog too big, must be < 256 bytes
D:\rawrxd\history\all_versions\Ship\RawrXD_NativeModelBridge_PRODUCTION.asm\1769636783897_D4zv.asm(326) : error A2220:Missing .ENDPROLOG
D:\rawrxd\history\all_versions\Ship\RawrXD_NativeModelBridge_PRODUCTION.asm\1769636783897_D4zv.asm(331) : warning A6004:procedure argument or local not referenced : pHidden
D:\rawrxd\history\all_versions\Ship\RawrXD_NativeModelBridge_PRODUCTION.asm\1769636783897_D4zv.asm(331) : warning A6004:procedure argument or local not referenced : n_embd
D:\rawrxd\history\all_versions\Ship\RawrXD_NativeModelBridge_PRODUCTION.asm\1769636783897_D4zv.asm(331) : warning A6004:procedure argument or local not referenced : n_ff
D:\rawrxd\history\all_versions\Ship\RawrXD_NativeModelBridge_PRODUCTION.asm\1769636783897_D4zv.asm(331) : warning A6004:procedure argument or local not referenced : pOut
D:\rawrxd\history\all_versions\Ship\RawrXD_NativeModelBridge_PRODUCTION.asm\1769636783897_D4zv.asm(331) : warning A4025:ENDP found before .ENDPROLOG : FeedForward_SwiGLU
D:\rawrxd\history\all_versions\Ship\RawrXD_NativeModelBridge_PRODUCTION.asm\1769636783897_D4zv.asm(331) : error A2247:size of prolog too big, must be < 256 bytes
D:\rawrxd\history\all_versions\Ship\RawrXD_NativeModelBridge_PRODUCTION.asm\1769636783897_D4zv.asm(331) : error A2220:Missing .ENDPROLOG
D:\rawrxd\history\all_versions\Ship\RawrXD_NativeModelBridge_PRODUCTION.asm\1769636783897_D4zv.asm(336) : warning A6004:procedure argument or local not referenced : pInput
D:\rawrxd\history\all_versions\Ship\RawrXD_NativeModelBridge_PRODUCTION.asm\1769636783897_D4zv.asm(336) : warning A6004:procedure argument or local not referenced : pOutput
D:\rawrxd\history\all_versions\Ship\RawrXD_NativeModelBridge_PRODUCTION.asm\1769636783897_D4zv.asm(336) : warning A6004:procedure argument or local not referenced : n_embd
D:\rawrxd\history\all_versions\Ship\RawrXD_NativeModelBridge_PRODUCTION.asm\1769636783897_D4zv.asm(336) : warning A6004:procedure argument or local not referenced : eps
D:\rawrxd\history\all_versions\Ship\RawrXD_NativeModelBridge_PRODUCTION.asm\1769636783897_D4zv.asm(336) : warning A4025:ENDP found before .ENDPROLOG : RMSNorm
D:\rawrxd\history\all_versions\Ship\RawrXD_NativeModelBridge_PRODUCTION.asm\1769636783897_D4zv.asm(336) : error A2247:size of prolog too big, must be < 256 bytes
D:\rawrxd\history\all_versions\Ship\RawrXD_NativeModelBridge_PRODUCTION.asm\1769636783897_D4zv.asm(336) : error A2220:Missing .ENDPROLOG
D:\rawrxd\history\all_versions\Ship\RawrXD_NativeModelBridge_PRODUCTION.asm\1769636783897_D4zv.asm(341) : warning A6004:procedure argument or local not referenced : pCtx
D:\rawrxd\history\all_versions\Ship\RawrXD_NativeModelBridge_PRODUCTION.asm\1769636783897_D4zv.asm(341) : warning A6004:procedure argument or local not referenced : token
D:\rawrxd\history\all_versions\Ship\RawrXD_NativeModelBridge_PRODUCTION.asm\1769636783897_D4zv.asm(341) : warning A6004:procedure argument or local not referenced : pos
D:\rawrxd\history\all_versions\Ship\RawrXD_NativeModelBridge_PRODUCTION.asm\1769636783897_D4zv.asm(341) : warning A6004:procedure argument or local not referenced : pLogits
D:\rawrxd\history\all_versions\Ship\RawrXD_NativeModelBridge_PRODUCTION.asm\1769636783897_D4zv.asm(341) : warning A4025:ENDP found before .ENDPROLOG : ForwardPass
D:\rawrxd\history\all_versions\Ship\RawrXD_NativeModelBridge_PRODUCTION.asm\1769636783897_D4zv.asm(341) : error A2247:size of prolog too big, must be < 256 bytes
D:\rawrxd\history\all_versions\Ship\RawrXD_NativeModelBridge_PRODUCTION.asm\1769636783897_D4zv.asm(341) : error A2220:Missing .ENDPROLOG
