 Assembling: D:\rawrxd\history\all_versions\src\dumpbin_final.asm\1769578794973_eHEm.asm
D:\rawrxd\history\all_versions\src\dumpbin_final.asm\1769578794973_eHEm.asm(10) : error A2008:syntax error : .
D:\rawrxd\history\all_versions\src\dumpbin_final.asm\1769578794973_eHEm.asm(11) : error A2008:syntax error : .

***********
ASCII build
***********

C:\masm32\include\windows.inc(9750) : error A2008:syntax error : dword
C:\masm32\include\windows.inc(10183) : error A2008:syntax error : frame
C:\masm32\include\windows.inc(16333) : error A2008:syntax error : dword
C:\masm32\include\windows.inc(18862) : error A2008:syntax error : Frame
C:\masm32\include\windows.inc(24749) : error A2042:statement too complex
C:\masm32\include\winextra.inc(11052) : error A2026:constant expected
C:\masm32\include\winextra.inc(11053) : error A2026:constant expected
D:\rawrxd\history\all_versions\src\dumpbin_final.asm\1769578794973_eHEm.asm(253) : error A2177:nested structure improperly initialized
D:\rawrxd\history\all_versions\src\dumpbin_final.asm\1769578794973_eHEm.asm(287) : error A2008:syntax error : invoke
D:\rawrxd\history\all_versions\src\dumpbin_final.asm\1769578794973_eHEm.asm(289) : error A2008:syntax error : invoke
D:\rawrxd\history\all_versions\src\dumpbin_final.asm\1769578794973_eHEm.asm(292) : error A2008:syntax error : WriteConsoleA
D:\rawrxd\history\all_versions\src\dumpbin_final.asm\1769578794973_eHEm.asm(297) : error A2008:syntax error : invoke
D:\rawrxd\history\all_versions\src\dumpbin_final.asm\1769578794973_eHEm.asm(322) : error A2008:syntax error : WriteConsoleA
D:\rawrxd\history\all_versions\src\dumpbin_final.asm\1769578794973_eHEm.asm(349) : error A2008:syntax error : WriteConsoleA
D:\rawrxd\history\all_versions\src\dumpbin_final.asm\1769578794973_eHEm.asm(350) : error A2008:syntax error : ,
D:\rawrxd\history\all_versions\src\dumpbin_final.asm\1769578794973_eHEm.asm(352) : error A2008:syntax error : invoke
D:\rawrxd\history\all_versions\src\dumpbin_final.asm\1769578794973_eHEm.asm(357) : error A2008:syntax error : invoke
D:\rawrxd\history\all_versions\src\dumpbin_final.asm\1769578794973_eHEm.asm(360) : error A2008:syntax error : invoke
D:\rawrxd\history\all_versions\src\dumpbin_final.asm\1769578794973_eHEm.asm(363) : error A2008:syntax error : invoke
D:\rawrxd\history\all_versions\src\dumpbin_final.asm\1769578794973_eHEm.asm(364) : error A2008:syntax error : invoke
D:\rawrxd\history\all_versions\src\dumpbin_final.asm\1769578794973_eHEm.asm(376) : error A2008:syntax error : WriteConsoleA
D:\rawrxd\history\all_versions\src\dumpbin_final.asm\1769578794973_eHEm.asm(410) : error A2008:syntax error : wsprintfA
D:\rawrxd\history\all_versions\src\dumpbin_final.asm\1769578794973_eHEm.asm(411) : error A2008:syntax error : WriteConsoleA
D:\rawrxd\history\all_versions\src\dumpbin_final.asm\1769578794973_eHEm.asm(424) : error A2008:syntax error : WriteConsoleA
D:\rawrxd\history\all_versions\src\dumpbin_final.asm\1769578794973_eHEm.asm(428) : error A2008:syntax error : WriteConsoleA
D:\rawrxd\history\all_versions\src\dumpbin_final.asm\1769578794973_eHEm.asm(439) : error A2008:syntax error : wsprintfA
D:\rawrxd\history\all_versions\src\dumpbin_final.asm\1769578794973_eHEm.asm(440) : error A2008:syntax error : WriteConsoleA
D:\rawrxd\history\all_versions\src\dumpbin_final.asm\1769578794973_eHEm.asm(464) : error A2008:syntax error : WriteConsoleA
D:\rawrxd\history\all_versions\src\dumpbin_final.asm\1769578794973_eHEm.asm(471) : error A2008:syntax error : WriteConsoleA
D:\rawrxd\history\all_versions\src\dumpbin_final.asm\1769578794973_eHEm.asm(484) : error A2008:syntax error : invoke
D:\rawrxd\history\all_versions\src\dumpbin_final.asm\1769578794973_eHEm.asm(506) : error A2008:syntax error : invoke
D:\rawrxd\history\all_versions\src\dumpbin_final.asm\1769578794973_eHEm.asm(514) : error A2008:syntax error : invoke
D:\rawrxd\history\all_versions\src\dumpbin_final.asm\1769578794973_eHEm.asm(664) : error A2070:invalid instruction operands
D:\rawrxd\history\all_versions\src\dumpbin_final.asm\1769578794973_eHEm.asm(669) : error A2070:invalid instruction operands
D:\rawrxd\history\all_versions\src\dumpbin_final.asm\1769578794973_eHEm.asm(711) : error A2008:syntax error : strlen
D:\rawrxd\history\all_versions\src\dumpbin_final.asm\1769578794973_eHEm.asm(714) : error A2008:syntax error : invoke
D:\rawrxd\history\all_versions\src\dumpbin_final.asm\1769578794973_eHEm.asm(749) : error A2008:syntax error : invoke
D:\rawrxd\history\all_versions\src\dumpbin_final.asm\1769578794973_eHEm.asm(758) : error A2008:syntax error : invoke
D:\rawrxd\history\all_versions\src\dumpbin_final.asm\1769578794973_eHEm.asm(871) : error A2070:invalid instruction operands
D:\rawrxd\history\all_versions\src\dumpbin_final.asm\1769578794973_eHEm.asm(1029) : error A2008:syntax error : integer
D:\rawrxd\history\all_versions\src\dumpbin_final.asm\1769578794973_eHEm.asm(1250) : error A2008:syntax error : invoke
D:\rawrxd\history\all_versions\src\dumpbin_final.asm\1769578794973_eHEm.asm(1256) : error A2008:syntax error : WriteFile
D:\rawrxd\history\all_versions\src\dumpbin_final.asm\1769578794973_eHEm.asm(1257) : error A2008:syntax error : WriteFile
D:\rawrxd\history\all_versions\src\dumpbin_final.asm\1769578794973_eHEm.asm(1266) : error A2008:syntax error : invoke
D:\rawrxd\history\all_versions\src\dumpbin_final.asm\1769578794973_eHEm.asm(1315) : error A2008:syntax error : invoke
D:\rawrxd\history\all_versions\src\dumpbin_final.asm\1769578794973_eHEm.asm(1324) : error A2008:syntax error : invoke
D:\rawrxd\history\all_versions\src\dumpbin_final.asm\1769578794973_eHEm.asm(1335) : error A2008:syntax error : invoke
D:\rawrxd\history\all_versions\src\dumpbin_final.asm\1769578794973_eHEm.asm(1357) : error A2008:syntax error : invoke
D:\rawrxd\history\all_versions\src\dumpbin_final.asm\1769578794973_eHEm.asm(1360) : error A2008:syntax error : invoke
D:\rawrxd\history\all_versions\src\dumpbin_final.asm\1769578794973_eHEm.asm(1369) : error A2008:syntax error : invoke
D:\rawrxd\history\all_versions\src\dumpbin_final.asm\1769578794973_eHEm.asm(1370) : error A2008:syntax error : invoke
D:\rawrxd\history\all_versions\src\dumpbin_final.asm\1769578794973_eHEm.asm(1372) : error A2070:invalid instruction operands
D:\rawrxd\history\all_versions\src\dumpbin_final.asm\1769578794973_eHEm.asm(1395) : error A2008:syntax error : invoke
D:\rawrxd\history\all_versions\src\dumpbin_final.asm\1769578794973_eHEm.asm(1398) : error A2008:syntax error : invoke
D:\rawrxd\history\all_versions\src\dumpbin_final.asm\1769578794973_eHEm.asm(1430) : error A2008:syntax error : strcat
D:\rawrxd\history\all_versions\src\dumpbin_final.asm\1769578794973_eHEm.asm(1432) : error A2008:syntax error : invoke
D:\rawrxd\history\all_versions\src\dumpbin_final.asm\1769578794973_eHEm.asm(1441) : error A2008:syntax error : invoke
D:\rawrxd\history\all_versions\src\dumpbin_final.asm\1769578794973_eHEm.asm(1445) : error A2008:syntax error : invoke
D:\rawrxd\history\all_versions\src\dumpbin_final.asm\1769578794973_eHEm.asm(1470) : error A2008:syntax error : WriteConsoleA
D:\rawrxd\history\all_versions\src\dumpbin_final.asm\1769578794973_eHEm.asm(1496) : error A2070:invalid instruction operands
D:\rawrxd\history\all_versions\src\dumpbin_final.asm\1769578794973_eHEm.asm(1504) : error A2008:syntax error : pushad
D:\rawrxd\history\all_versions\src\dumpbin_final.asm\1769578794973_eHEm.asm(1505) : error A2008:syntax error : wsprintfA
D:\rawrxd\history\all_versions\src\dumpbin_final.asm\1769578794973_eHEm.asm(1507) : error A2008:syntax error : WriteConsoleA
D:\rawrxd\history\all_versions\src\dumpbin_final.asm\1769578794973_eHEm.asm(1508) : error A2008:syntax error : popad
D:\rawrxd\history\all_versions\src\dumpbin_final.asm\1769578794973_eHEm.asm(1514) : error A2070:invalid instruction operands
D:\rawrxd\history\all_versions\src\dumpbin_final.asm\1769578794973_eHEm.asm(1517) : error A2008:syntax error : pushad
D:\rawrxd\history\all_versions\src\dumpbin_final.asm\1769578794973_eHEm.asm(1522) : error A2008:syntax error : wsprintfA
D:\rawrxd\history\all_versions\src\dumpbin_final.asm\1769578794973_eHEm.asm(1524) : error A2008:syntax error : WriteConsoleA
D:\rawrxd\history\all_versions\src\dumpbin_final.asm\1769578794973_eHEm.asm(1525) : error A2008:syntax error : popad
D:\rawrxd\history\all_versions\src\dumpbin_final.asm\1769578794973_eHEm.asm(1535) : error A2008:syntax error : pushad
D:\rawrxd\history\all_versions\src\dumpbin_final.asm\1769578794973_eHEm.asm(1536) : error A2008:syntax error : invoke
D:\rawrxd\history\all_versions\src\dumpbin_final.asm\1769578794973_eHEm.asm(1537) : error A2008:syntax error : WriteConsoleA
D:\rawrxd\history\all_versions\src\dumpbin_final.asm\1769578794973_eHEm.asm(1538) : error A2008:syntax error : popad
D:\rawrxd\history\all_versions\src\dumpbin_final.asm\1769578794973_eHEm.asm(1542) : error A2008:syntax error : WriteConsoleA
D:\rawrxd\history\all_versions\src\dumpbin_final.asm\1769578794973_eHEm.asm(1555) : error A2008:syntax error : invoke
D:\rawrxd\history\all_versions\src\dumpbin_final.asm\1769578794973_eHEm.asm(1556) : error A2008:syntax error : invoke
D:\rawrxd\history\all_versions\src\dumpbin_final.asm\1769578794973_eHEm.asm(1566) : error A2008:syntax error : invoke
D:\rawrxd\history\all_versions\src\dumpbin_final.asm\1769578794973_eHEm.asm(1567) : error A2008:syntax error : invoke
D:\rawrxd\history\all_versions\src\dumpbin_final.asm\1769578794973_eHEm.asm(1576) : error A2008:syntax error : invoke
D:\rawrxd\history\all_versions\src\dumpbin_final.asm\1769578794973_eHEm.asm(1577) : error A2008:syntax error : invoke
D:\rawrxd\history\all_versions\src\dumpbin_final.asm\1769578794973_eHEm.asm(1603) : error A2008:syntax error : invoke
D:\rawrxd\history\all_versions\src\dumpbin_final.asm\1769578794973_eHEm.asm(1604) : error A2008:syntax error : invoke
D:\rawrxd\history\all_versions\src\dumpbin_final.asm\1769578794973_eHEm.asm(1606) : error A2008:syntax error : lstrcpyA
D:\rawrxd\history\all_versions\src\dumpbin_final.asm\1769578794973_eHEm.asm(1608) : error A2008:syntax error : lstrcpyA
D:\rawrxd\history\all_versions\src\dumpbin_final.asm\1769578794973_eHEm.asm(1610) : error A2008:syntax error : lstrcpyA
D:\rawrxd\history\all_versions\src\dumpbin_final.asm\1769578794973_eHEm.asm(1612) : error A2008:syntax error : lstrcpyA
D:\rawrxd\history\all_versions\src\dumpbin_final.asm\1769578794973_eHEm.asm(1632) : error A2070:invalid instruction operands
D:\rawrxd\history\all_versions\src\dumpbin_final.asm\1769578794973_eHEm.asm(1651) : error A2070:invalid instruction operands
D:\rawrxd\history\all_versions\src\dumpbin_final.asm\1769578794973_eHEm.asm(1652) : error A2070:invalid instruction operands
D:\rawrxd\history\all_versions\src\dumpbin_final.asm\1769578794973_eHEm.asm(1658) : error A2070:invalid instruction operands
D:\rawrxd\history\all_versions\src\dumpbin_final.asm\1769578794973_eHEm.asm(1659) : error A2070:invalid instruction operands
D:\rawrxd\history\all_versions\src\dumpbin_final.asm\1769578794973_eHEm.asm(1665) : error A2070:invalid instruction operands
D:\rawrxd\history\all_versions\src\dumpbin_final.asm\1769578794973_eHEm.asm(1711) : error A2005:symbol redefinition : MAX_YARA_RULES
D:\rawrxd\history\all_versions\src\dumpbin_final.asm\1769578794973_eHEm.asm(1715) : error A2005:symbol redefinition : YARA_COND_ANY
D:\rawrxd\history\all_versions\src\dumpbin_final.asm\1769578794973_eHEm.asm(1716) : error A2005:symbol redefinition : YARA_COND_ALL
D:\rawrxd\history\all_versions\src\dumpbin_final.asm\1769578794973_eHEm.asm(1720) : error A2163:non-benign structure redefinition: incorrect initializers : YARA_STRING
D:\rawrxd\history\all_versions\src\dumpbin_final.asm\1769578794973_eHEm.asm(1721) : error A2008:syntax error : length
D:\rawrxd\history\all_versions\src\dumpbin_final.asm\1769578794973_eHEm.asm(1722) : error A2008:syntax error : offset
D:\rawrxd\history\all_versions\src\dumpbin_final.asm\1769578794973_eHEm.asm(1723) : fatal error A1012:error count exceeds 100; stopping assembly
