 Assembling: D:\rawrxd\history\all_versions\src\agentic\RawrXD_Complete_Hidden_Logic.asm\1769574837036_xXZk.asm
D:\rawrxd\history\all_versions\src\agentic\RawrXD_Complete_Hidden_Logic.asm\1769574837036_xXZk.asm(138) : error A2189:invalid combination with segment alignment : 4096
D:\rawrxd\history\all_versions\src\agentic\RawrXD_Complete_Hidden_Logic.asm\1769574837036_xXZk.asm(141) : error A2189:invalid combination with segment alignment : 64
D:\rawrxd\history\all_versions\src\agentic\RawrXD_Complete_Hidden_Logic.asm\1769574837036_xXZk.asm(144) : error A2189:invalid combination with segment alignment : 64
D:\rawrxd\history\all_versions\src\agentic\RawrXD_Complete_Hidden_Logic.asm\1769574837036_xXZk.asm(145) : error A2008:syntax error : g_InfinityState
D:\rawrxd\history\all_versions\src\agentic\RawrXD_Complete_Hidden_Logic.asm\1769574837036_xXZk.asm(148) : error A2189:invalid combination with segment alignment : 64
D:\rawrxd\history\all_versions\src\agentic\RawrXD_Complete_Hidden_Logic.asm\1769574837036_xXZk.asm(155) : error A2189:invalid combination with segment alignment : 64
D:\rawrxd\history\all_versions\src\agentic\RawrXD_Complete_Hidden_Logic.asm\1769574837036_xXZk.asm(163) : error A2189:invalid combination with segment alignment : 64
D:\rawrxd\history\all_versions\src\agentic\RawrXD_Complete_Hidden_Logic.asm\1769574837036_xXZk.asm(168) : error A2189:invalid combination with segment alignment : 64
D:\rawrxd\history\all_versions\src\agentic\RawrXD_Complete_Hidden_Logic.asm\1769574837036_xXZk.asm(174) : error A2189:invalid combination with segment alignment : 64
D:\rawrxd\history\all_versions\src\agentic\RawrXD_Complete_Hidden_Logic.asm\1769574837036_xXZk.asm(188) : error A2189:invalid combination with segment alignment : 64
D:\rawrxd\history\all_versions\src\agentic\RawrXD_Complete_Hidden_Logic.asm\1769574837036_xXZk.asm(198) : error A2189:invalid combination with segment alignment : 64
D:\rawrxd\history\all_versions\src\agentic\RawrXD_Complete_Hidden_Logic.asm\1769574837036_xXZk.asm(206) : error A2189:invalid combination with segment alignment : 64
D:\rawrxd\history\all_versions\src\agentic\RawrXD_Complete_Hidden_Logic.asm\1769574837036_xXZk.asm(214) : error A2189:invalid combination with segment alignment : 64
D:\rawrxd\history\all_versions\src\agentic\RawrXD_Complete_Hidden_Logic.asm\1769574837036_xXZk.asm(722) : error A2070:invalid instruction operands
D:\rawrxd\history\all_versions\src\agentic\RawrXD_Complete_Hidden_Logic.asm\1769574837036_xXZk.asm(723) : error A2070:invalid instruction operands
D:\rawrxd\history\all_versions\src\agentic\RawrXD_Complete_Hidden_Logic.asm\1769574837036_xXZk.asm(724) : error A2070:invalid instruction operands
D:\rawrxd\history\all_versions\src\agentic\RawrXD_Complete_Hidden_Logic.asm\1769574837036_xXZk.asm(725) : error A2070:invalid instruction operands
D:\rawrxd\history\all_versions\src\agentic\RawrXD_Complete_Hidden_Logic.asm\1769574837036_xXZk.asm(736) : error A2070:invalid instruction operands
D:\rawrxd\history\all_versions\src\agentic\RawrXD_Complete_Hidden_Logic.asm\1769574837036_xXZk.asm(745) : error A2070:invalid instruction operands
D:\rawrxd\history\all_versions\src\agentic\RawrXD_Complete_Hidden_Logic.asm\1769574837036_xXZk.asm(233) : error A2206:missing operator in expression
D:\rawrxd\history\all_versions\src\agentic\RawrXD_Complete_Hidden_Logic.asm\1769574837036_xXZk.asm(249) : error A2166:structure field expected
D:\rawrxd\history\all_versions\src\agentic\RawrXD_Complete_Hidden_Logic.asm\1769574837036_xXZk.asm(255) : error A2166:structure field expected
D:\rawrxd\history\all_versions\src\agentic\RawrXD_Complete_Hidden_Logic.asm\1769574837036_xXZk.asm(261) : error A2166:structure field expected
D:\rawrxd\history\all_versions\src\agentic\RawrXD_Complete_Hidden_Logic.asm\1769574837036_xXZk.asm(267) : error A2166:structure field expected
D:\rawrxd\history\all_versions\src\agentic\RawrXD_Complete_Hidden_Logic.asm\1769574837036_xXZk.asm(273) : error A2166:structure field expected
D:\rawrxd\history\all_versions\src\agentic\RawrXD_Complete_Hidden_Logic.asm\1769574837036_xXZk.asm(285) : error A2166:structure field expected
D:\rawrxd\history\all_versions\src\agentic\RawrXD_Complete_Hidden_Logic.asm\1769574837036_xXZk.asm(295) : error A2206:missing operator in expression
D:\rawrxd\history\all_versions\src\agentic\RawrXD_Complete_Hidden_Logic.asm\1769574837036_xXZk.asm(301) : error A2206:missing operator in expression
D:\rawrxd\history\all_versions\src\agentic\RawrXD_Complete_Hidden_Logic.asm\1769574837036_xXZk.asm(344) : error A2166:structure field expected
D:\rawrxd\history\all_versions\src\agentic\RawrXD_Complete_Hidden_Logic.asm\1769574837036_xXZk.asm(349) : error A2166:structure field expected
D:\rawrxd\history\all_versions\src\agentic\RawrXD_Complete_Hidden_Logic.asm\1769574837036_xXZk.asm(353) : error A2206:missing operator in expression
D:\rawrxd\history\all_versions\src\agentic\RawrXD_Complete_Hidden_Logic.asm\1769574837036_xXZk.asm(366) : error A2166:structure field expected
D:\rawrxd\history\all_versions\src\agentic\RawrXD_Complete_Hidden_Logic.asm\1769574837036_xXZk.asm(388) : error A2166:structure field expected
D:\rawrxd\history\all_versions\src\agentic\RawrXD_Complete_Hidden_Logic.asm\1769574837036_xXZk.asm(404) : error A2206:missing operator in expression
D:\rawrxd\history\all_versions\src\agentic\RawrXD_Complete_Hidden_Logic.asm\1769574837036_xXZk.asm(417) : error A2006:undefined symbol : MEM_COMMIT
D:\rawrxd\history\all_versions\src\agentic\RawrXD_Complete_Hidden_Logic.asm\1769574837036_xXZk.asm(418) : error A2006:undefined symbol : PAGE_READWRITE
D:\rawrxd\history\all_versions\src\agentic\RawrXD_Complete_Hidden_Logic.asm\1769574837036_xXZk.asm(430) : error A2006:undefined symbol : MEM_COMMIT
D:\rawrxd\history\all_versions\src\agentic\RawrXD_Complete_Hidden_Logic.asm\1769574837036_xXZk.asm(431) : error A2006:undefined symbol : PAGE_READWRITE
D:\rawrxd\history\all_versions\src\agentic\RawrXD_Complete_Hidden_Logic.asm\1769574837036_xXZk.asm(439) : error A2006:undefined symbol : MEM_COMMIT
D:\rawrxd\history\all_versions\src\agentic\RawrXD_Complete_Hidden_Logic.asm\1769574837036_xXZk.asm(440) : error A2006:undefined symbol : PAGE_READWRITE
D:\rawrxd\history\all_versions\src\agentic\RawrXD_Complete_Hidden_Logic.asm\1769574837036_xXZk.asm(444) : error A2206:missing operator in expression
D:\rawrxd\history\all_versions\src\agentic\RawrXD_Complete_Hidden_Logic.asm\1769574837036_xXZk.asm(457) : error A2006:undefined symbol : g_InfinityState
D:\rawrxd\history\all_versions\src\agentic\RawrXD_Complete_Hidden_Logic.asm\1769574837036_xXZk.asm(458) : error A2006:undefined symbol : INFINITY_STREAM_FULL
D:\rawrxd\history\all_versions\src\agentic\RawrXD_Complete_Hidden_Logic.asm\1769574837036_xXZk.asm(473) : error A2166:structure field expected
D:\rawrxd\history\all_versions\src\agentic\RawrXD_Complete_Hidden_Logic.asm\1769574837036_xXZk.asm(507) : error A2166:structure field expected
D:\rawrxd\history\all_versions\src\agentic\RawrXD_Complete_Hidden_Logic.asm\1769574837036_xXZk.asm(530) : error A2206:missing operator in expression
D:\rawrxd\history\all_versions\src\agentic\RawrXD_Complete_Hidden_Logic.asm\1769574837036_xXZk.asm(546) : error A2206:missing operator in expression
D:\rawrxd\history\all_versions\src\agentic\RawrXD_Complete_Hidden_Logic.asm\1769574837036_xXZk.asm(589) : error A2206:missing operator in expression
D:\rawrxd\history\all_versions\src\agentic\RawrXD_Complete_Hidden_Logic.asm\1769574837036_xXZk.asm(613) : error A2206:missing operator in expression
D:\rawrxd\history\all_versions\src\agentic\RawrXD_Complete_Hidden_Logic.asm\1769574837036_xXZk.asm(659) : error A2166:structure field expected
D:\rawrxd\history\all_versions\src\agentic\RawrXD_Complete_Hidden_Logic.asm\1769574837036_xXZk.asm(679) : error A2206:missing operator in expression
D:\rawrxd\history\all_versions\src\agentic\RawrXD_Complete_Hidden_Logic.asm\1769574837036_xXZk.asm(692) : error A2006:undefined symbol : QUAD_SLOT_FULL
D:\rawrxd\history\all_versions\src\agentic\RawrXD_Complete_Hidden_Logic.asm\1769574837036_xXZk.asm(696) : error A2006:undefined symbol : QUAD_SLOT_FULL
D:\rawrxd\history\all_versions\src\agentic\RawrXD_Complete_Hidden_Logic.asm\1769574837036_xXZk.asm(703) : error A2206:missing operator in expression
D:\rawrxd\history\all_versions\src\agentic\RawrXD_Complete_Hidden_Logic.asm\1769574837036_xXZk.asm(714) : error A2206:missing operator in expression
D:\rawrxd\history\all_versions\src\agentic\RawrXD_Complete_Hidden_Logic.asm\1769574837036_xXZk.asm(758) : error A2206:missing operator in expression
D:\rawrxd\history\all_versions\src\agentic\RawrXD_Complete_Hidden_Logic.asm\1769574837036_xXZk.asm(769) : error A2206:missing operator in expression
D:\rawrxd\history\all_versions\src\agentic\RawrXD_Complete_Hidden_Logic.asm\1769574837036_xXZk.asm(784) : error A2206:missing operator in expression
D:\rawrxd\history\all_versions\src\agentic\RawrXD_Complete_Hidden_Logic.asm\1769574837036_xXZk.asm(827) : error A2206:missing operator in expression
D:\rawrxd\history\all_versions\src\agentic\RawrXD_Complete_Hidden_Logic.asm\1769574837036_xXZk.asm(845) : error A2006:undefined symbol : HEARTBEAT_NODE
D:\rawrxd\history\all_versions\src\agentic\RawrXD_Complete_Hidden_Logic.asm\1769574837036_xXZk.asm(848) : error A2006:undefined symbol : HEARTBEAT_NODE
D:\rawrxd\history\all_versions\src\agentic\RawrXD_Complete_Hidden_Logic.asm\1769574837036_xXZk.asm(867) : error A2006:undefined symbol : HEARTBEAT_NODE
D:\rawrxd\history\all_versions\src\agentic\RawrXD_Complete_Hidden_Logic.asm\1769574837036_xXZk.asm(871) : error A2006:undefined symbol : HEARTBEAT_NODE
D:\rawrxd\history\all_versions\src\agentic\RawrXD_Complete_Hidden_Logic.asm\1769574837036_xXZk.asm(878) : error A2206:missing operator in expression
D:\rawrxd\history\all_versions\src\agentic\RawrXD_Complete_Hidden_Logic.asm\1769574837036_xXZk.asm(889) : error A2206:missing operator in expression
D:\rawrxd\history\all_versions\src\agentic\RawrXD_Complete_Hidden_Logic.asm\1769574837036_xXZk.asm(896) : error A2006:undefined symbol : MAX_RESOURCES
D:\rawrxd\history\all_versions\src\agentic\RawrXD_Complete_Hidden_Logic.asm\1769574837036_xXZk.asm(900) : error A2006:undefined symbol : g_conflict_detector
D:\rawrxd\history\all_versions\src\agentic\RawrXD_Complete_Hidden_Logic.asm\1769574837036_xXZk.asm(908) : error A2009:syntax error in expression
D:\rawrxd\history\all_versions\src\agentic\RawrXD_Complete_Hidden_Logic.asm\1769574837036_xXZk.asm(919) : error A2206:missing operator in expression
D:\rawrxd\history\all_versions\src\agentic\RawrXD_Complete_Hidden_Logic.asm\1769574837036_xXZk.asm(926) : error A2206:missing operator in expression
D:\rawrxd\history\all_versions\src\agentic\RawrXD_Complete_Hidden_Logic.asm\1769574837036_xXZk.asm(933) : error A2006:undefined symbol : MAX_RESOURCES
D:\rawrxd\history\all_versions\src\agentic\RawrXD_Complete_Hidden_Logic.asm\1769574837036_xXZk.asm(937) : error A2006:undefined symbol : g_conflict_detector
D:\rawrxd\history\all_versions\src\agentic\RawrXD_Complete_Hidden_Logic.asm\1769574837036_xXZk.asm(943) : error A2206:missing operator in expression
D:\rawrxd\history\all_versions\src\agentic\RawrXD_Complete_Hidden_Logic.asm\1769574837036_xXZk.asm(955) : error A2166:structure field expected
D:\rawrxd\history\all_versions\src\agentic\RawrXD_Complete_Hidden_Logic.asm\1769574837036_xXZk.asm(972) : error A2022:instruction operands must be the same size
D:\rawrxd\history\all_versions\src\agentic\RawrXD_Complete_Hidden_Logic.asm\1769574837036_xXZk.asm(1005) : error A2206:missing operator in expression
D:\rawrxd\history\all_versions\src\agentic\RawrXD_Complete_Hidden_Logic.asm\1769574837036_xXZk.asm(1023) : error A2206:missing operator in expression
D:\rawrxd\history\all_versions\src\agentic\RawrXD_Complete_Hidden_Logic.asm\1769574837036_xXZk.asm(1033) : error A2206:missing operator in expression
D:\rawrxd\history\all_versions\src\agentic\RawrXD_Complete_Hidden_Logic.asm\1769574837036_xXZk.asm(1047) : error A2006:undefined symbol : g_InfinityState
D:\rawrxd\history\all_versions\src\agentic\RawrXD_Complete_Hidden_Logic.asm\1769574837036_xXZk.asm(1048) : error A2006:undefined symbol : INFINITY_STREAM_FULL
D:\rawrxd\history\all_versions\src\agentic\RawrXD_Complete_Hidden_Logic.asm\1769574837036_xXZk.asm(1052) : error A2006:undefined symbol : g_InfinityState
D:\rawrxd\history\all_versions\src\agentic\RawrXD_Complete_Hidden_Logic.asm\1769574837036_xXZk.asm(1058) : error A2006:undefined symbol : INFINITY_CheckQuadBuffer
D:\rawrxd\history\all_versions\src\agentic\RawrXD_Complete_Hidden_Logic.asm\1769574837036_xXZk.asm(1068) : error A2206:missing operator in expression
D:\rawrxd\history\all_versions\src\agentic\RawrXD_Complete_Hidden_Logic.asm\1769574837036_xXZk.asm(297) : warning A4025:ENDP found before .ENDPROLOG : DetectCPUFeaturesHidden
D:\rawrxd\history\all_versions\src\agentic\RawrXD_Complete_Hidden_Logic.asm\1769574837036_xXZk.asm(297) : error A2220:Missing .ENDPROLOG
D:\rawrxd\history\all_versions\src\agentic\RawrXD_Complete_Hidden_Logic.asm\1769574837036_xXZk.asm(395) : warning A4025:ENDP found before .ENDPROLOG : GetCurrentNumaNodeHidden
D:\rawrxd\history\all_versions\src\agentic\RawrXD_Complete_Hidden_Logic.asm\1769574837036_xXZk.asm(395) : error A2247:size of prolog too big, must be < 256 bytes
D:\rawrxd\history\all_versions\src\agentic\RawrXD_Complete_Hidden_Logic.asm\1769574837036_xXZk.asm(446) : warning A4025:ENDP found before .ENDPROLOG : AllocateHugePageHidden
D:\rawrxd\history\all_versions\src\agentic\RawrXD_Complete_Hidden_Logic.asm\1769574837036_xXZk.asm(463) : warning A4025:ENDP found before .ENDPROLOG : LockPagesInMemoryHidden
D:\rawrxd\history\all_versions\src\agentic\RawrXD_Complete_Hidden_Logic.asm\1769574837036_xXZk.asm(486) : warning A4025:ENDP found before .ENDPROLOG : FlushCacheLineHidden
D:\rawrxd\history\all_versions\src\agentic\RawrXD_Complete_Hidden_Logic.asm\1769574837036_xXZk.asm(525) : warning A4025:ENDP found before .ENDPROLOG : PrefetchHidden
D:\rawrxd\history\all_versions\src\agentic\RawrXD_Complete_Hidden_Logic.asm\1769574837036_xXZk.asm(548) : warning A4025:ENDP found before .ENDPROLOG : PrefetchRangeHidden
D:\rawrxd\history\all_versions\src\agentic\RawrXD_Complete_Hidden_Logic.asm\1769574837036_xXZk.asm(584) : warning A4025:ENDP found before .ENDPROLOG : SpinWaitHidden
D:\rawrxd\history\all_versions\src\agentic\RawrXD_Complete_Hidden_Logic.asm\1769574837036_xXZk.asm(615) : warning A4025:ENDP found before .ENDPROLOG : AdaptiveLockAcquireHidden
D:\rawrxd\history\all_versions\src\agentic\RawrXD_Complete_Hidden_Logic.asm\1769574837036_xXZk.asm(634) : warning A4025:ENDP found before .ENDPROLOG : ReadTSCHidden
D:\rawrxd\history\all_versions\src\agentic\RawrXD_Complete_Hidden_Logic.asm\1769574837036_xXZk.asm(650) : warning A4025:ENDP found before .ENDPROLOG : GetNanosecondTimestampHidden
D:\rawrxd\history\all_versions\src\agentic\RawrXD_Complete_Hidden_Logic.asm\1769574837036_xXZk.asm(670) : warning A4025:ENDP found before .ENDPROLOG : TSCToNanosecondsHidden
D:\rawrxd\history\all_versions\src\agentic\RawrXD_Complete_Hidden_Logic.asm\1769574837036_xXZk.asm(705) : warning A4025:ENDP found before .ENDPROLOG : SubmitIOBatchHidden
D:\rawrxd\history\all_versions\src\agentic\RawrXD_Complete_Hidden_Logic.asm\1769574837036_xXZk.asm(760) : warning A4025:ENDP found before .ENDPROLOG : DecompressNF4_AVX512Hidden
D:\rawrxd\history\all_versions\src\agentic\RawrXD_Complete_Hidden_Logic.asm\1769574837036_xXZk.asm(786) : warning A4025:ENDP found before .ENDPROLOG : LFQueuePushHidden
D:\rawrxd\history\all_versions\src\agentic\RawrXD_Complete_Hidden_Logic.asm\1769574837036_xXZk.asm(818) : warning A4025:ENDP found before .ENDPROLOG : LFQueuePopHidden
D:\rawrxd\history\all_versions\src\agentic\RawrXD_Complete_Hidden_Logic.asm\1769574837036_xXZk.asm(880) : warning A4025:ENDP found before .ENDPROLOG : HeartbeatBatchUpdateHidden
D:\rawrxd\history\all_versions\src\agentic\RawrXD_Complete_Hidden_Logic.asm\1769574837036_xXZk.asm(921) : warning A4025:ENDP found before .ENDPROLOG : WaitForGraphAddEdgeHidden
D:\rawrxd\history\all_versions\src\agentic\RawrXD_Complete_Hidden_Logic.asm\1769574837036_xXZk.asm(945) : warning A4025:ENDP found before .ENDPROLOG : WaitForGraphRemoveEdgeHidden
D:\rawrxd\history\all_versions\src\agentic\RawrXD_Complete_Hidden_Logic.asm\1769574837036_xXZk.asm(974) : warning A4025:ENDP found before .ENDPROLOG : EnterCriticalSectionHidden
D:\rawrxd\history\all_versions\src\agentic\RawrXD_Complete_Hidden_Logic.asm\1769574837036_xXZk.asm(996) : warning A4025:ENDP found before .ENDPROLOG : InterleavedLoadHidden
D:\rawrxd\history\all_versions\src\agentic\RawrXD_Complete_Hidden_Logic.asm\1769574837036_xXZk.asm(1025) : warning A4025:ENDP found before .ENDPROLOG : WarmUpBranchPredictorHidden
D:\rawrxd\history\all_versions\src\agentic\RawrXD_Complete_Hidden_Logic.asm\1769574837036_xXZk.asm(1070) : warning A4025:ENDP found before .ENDPROLOG : InitializeHiddenSubsystem
D:\rawrxd\history\all_versions\src\agentic\RawrXD_Complete_Hidden_Logic.asm\1769574837036_xXZk.asm(1070) : error A2247:size of prolog too big, must be < 256 bytes
D:\rawrxd\history\all_versions\src\agentic\RawrXD_Complete_Hidden_Logic.asm\1769574837036_xXZk.asm(1070) : error A2220:Missing .ENDPROLOG
