 Assembling: D:\rawrxd\history\all_versions\src\omega_professional.asm\1769976190976_vLBH.asm
D:\rawrxd\history\all_versions\src\omega_professional.asm\1769976190976_vLBH.asm(4) : error A2008:syntax error : .
D:\rawrxd\history\all_versions\src\omega_professional.asm\1769976190976_vLBH.asm(5) : error A2008:syntax error : .
D:\rawrxd\history\all_versions\src\omega_professional.asm\1769976190976_vLBH.asm(140) : error A2008:syntax error : INVOKE
D:\rawrxd\history\all_versions\src\omega_professional.asm\1769976190976_vLBH.asm(142) : error A2008:syntax error : INVOKE
D:\rawrxd\history\all_versions\src\omega_professional.asm\1769976190976_vLBH.asm(152) : error A2008:syntax error : INVOKE
D:\rawrxd\history\all_versions\src\omega_professional.asm\1769976190976_vLBH.asm(165) : error A2008:syntax error : INVOKE
D:\rawrxd\history\all_versions\src\omega_professional.asm\1769976190976_vLBH.asm(180) : error A2008:syntax error : INVOKE
D:\rawrxd\history\all_versions\src\omega_professional.asm\1769976190976_vLBH.asm(186) : error A2008:syntax error : INVOKE
D:\rawrxd\history\all_versions\src\omega_professional.asm\1769976190976_vLBH.asm(192) : error A2008:syntax error : INVOKE
D:\rawrxd\history\all_versions\src\omega_professional.asm\1769976190976_vLBH.asm(196) : error A2008:syntax error : INVOKE
D:\rawrxd\history\all_versions\src\omega_professional.asm\1769976190976_vLBH.asm(206) : error A2008:syntax error : INVOKE
D:\rawrxd\history\all_versions\src\omega_professional.asm\1769976190976_vLBH.asm(208) : error A2008:syntax error : INVOKE
D:\rawrxd\history\all_versions\src\omega_professional.asm\1769976190976_vLBH.asm(261) : error A2008:syntax error : INVOKE
D:\rawrxd\history\all_versions\src\omega_professional.asm\1769976190976_vLBH.asm(270) : error A2008:syntax error : INVOKE
D:\rawrxd\history\all_versions\src\omega_professional.asm\1769976190976_vLBH.asm(275) : error A2008:syntax error : wsprintfA
D:\rawrxd\history\all_versions\src\omega_professional.asm\1769976190976_vLBH.asm(276) : error A2008:syntax error : INVOKE
D:\rawrxd\history\all_versions\src\omega_professional.asm\1769976190976_vLBH.asm(279) : error A2008:syntax error : INVOKE
D:\rawrxd\history\all_versions\src\omega_professional.asm\1769976190976_vLBH.asm(280) : error A2008:syntax error : INVOKE
D:\rawrxd\history\all_versions\src\omega_professional.asm\1769976190976_vLBH.asm(283) : error A2008:syntax error : INVOKE
D:\rawrxd\history\all_versions\src\omega_professional.asm\1769976190976_vLBH.asm(284) : error A2008:syntax error : INVOKE
D:\rawrxd\history\all_versions\src\omega_professional.asm\1769976190976_vLBH.asm(287) : error A2008:syntax error : INVOKE
D:\rawrxd\history\all_versions\src\omega_professional.asm\1769976190976_vLBH.asm(288) : error A2008:syntax error : INVOKE
D:\rawrxd\history\all_versions\src\omega_professional.asm\1769976190976_vLBH.asm(290) : error A2008:syntax error : INVOKE
D:\rawrxd\history\all_versions\src\omega_professional.asm\1769976190976_vLBH.asm(291) : error A2008:syntax error : INVOKE
D:\rawrxd\history\all_versions\src\omega_professional.asm\1769976190976_vLBH.asm(302) : error A2008:syntax error : INVOKE
D:\rawrxd\history\all_versions\src\omega_professional.asm\1769976190976_vLBH.asm(319) : error A2070:invalid instruction operands
D:\rawrxd\history\all_versions\src\omega_professional.asm\1769976190976_vLBH.asm(320) : error A2070:invalid instruction operands
D:\rawrxd\history\all_versions\src\omega_professional.asm\1769976190976_vLBH.asm(321) : error A2070:invalid instruction operands
D:\rawrxd\history\all_versions\src\omega_professional.asm\1769976190976_vLBH.asm(322) : error A2070:invalid instruction operands
D:\rawrxd\history\all_versions\src\omega_professional.asm\1769976190976_vLBH.asm(323) : error A2070:invalid instruction operands
D:\rawrxd\history\all_versions\src\omega_professional.asm\1769976190976_vLBH.asm(324) : error A2070:invalid instruction operands
D:\rawrxd\history\all_versions\src\omega_professional.asm\1769976190976_vLBH.asm(328) : error A2008:syntax error : INVOKE
D:\rawrxd\history\all_versions\src\omega_professional.asm\1769976190976_vLBH.asm(391) : error A2008:syntax error : INVOKE
D:\rawrxd\history\all_versions\src\omega_professional.asm\1769976190976_vLBH.asm(400) : error A2008:syntax error : RVA2FileOffset
D:\rawrxd\history\all_versions\src\omega_professional.asm\1769976190976_vLBH.asm(413) : error A2008:syntax error : RVA2FileOffset
D:\rawrxd\history\all_versions\src\omega_professional.asm\1769976190976_vLBH.asm(414) : error A2008:syntax error : wsprintfA
D:\rawrxd\history\all_versions\src\omega_professional.asm\1769976190976_vLBH.asm(415) : error A2008:syntax error : INVOKE
D:\rawrxd\history\all_versions\src\omega_professional.asm\1769976190976_vLBH.asm(424) : error A2008:syntax error : RVA2FileOffset
D:\rawrxd\history\all_versions\src\omega_professional.asm\1769976190976_vLBH.asm(438) : error A2008:syntax error : RVA2FileOffset
D:\rawrxd\history\all_versions\src\omega_professional.asm\1769976190976_vLBH.asm(440) : error A2008:syntax error : wsprintfA
D:\rawrxd\history\all_versions\src\omega_professional.asm\1769976190976_vLBH.asm(441) : error A2008:syntax error : INVOKE
D:\rawrxd\history\all_versions\src\omega_professional.asm\1769976190976_vLBH.asm(456) : error A2008:syntax error : INVOKE
D:\rawrxd\history\all_versions\src\omega_professional.asm\1769976190976_vLBH.asm(469) : error A2008:syntax error : INVOKE
D:\rawrxd\history\all_versions\src\omega_professional.asm\1769976190976_vLBH.asm(524) : error A2008:syntax error : INVOKE
D:\rawrxd\history\all_versions\src\omega_professional.asm\1769976190976_vLBH.asm(525) : error A2008:syntax error : INVOKE
D:\rawrxd\history\all_versions\src\omega_professional.asm\1769976190976_vLBH.asm(546) : error A2008:syntax error : INVOKE
D:\rawrxd\history\all_versions\src\omega_professional.asm\1769976190976_vLBH.asm(555) : error A2008:syntax error : RVA2FileOffset
D:\rawrxd\history\all_versions\src\omega_professional.asm\1769976190976_vLBH.asm(566) : error A2008:syntax error : RVA2FileOffset
D:\rawrxd\history\all_versions\src\omega_professional.asm\1769976190976_vLBH.asm(583) : error A2008:syntax error : RVA2FileOffset
D:\rawrxd\history\all_versions\src\omega_professional.asm\1769976190976_vLBH.asm(584) : error A2070:invalid instruction operands
D:\rawrxd\history\all_versions\src\omega_professional.asm\1769976190976_vLBH.asm(587) : error A2070:invalid instruction operands
D:\rawrxd\history\all_versions\src\omega_professional.asm\1769976190976_vLBH.asm(588) : error A2070:invalid instruction operands
D:\rawrxd\history\all_versions\src\omega_professional.asm\1769976190976_vLBH.asm(589) : error A2070:invalid instruction operands
D:\rawrxd\history\all_versions\src\omega_professional.asm\1769976190976_vLBH.asm(593) : error A2008:syntax error : INVOKE
D:\rawrxd\history\all_versions\src\omega_professional.asm\1769976190976_vLBH.asm(612) : error A2008:syntax error : INVOKE
D:\rawrxd\history\all_versions\src\omega_professional.asm\1769976190976_vLBH.asm(621) : error A2008:syntax error : RVA2FileOffset
D:\rawrxd\history\all_versions\src\omega_professional.asm\1769976190976_vLBH.asm(632) : error A2008:syntax error : RVA2FileOffset
D:\rawrxd\history\all_versions\src\omega_professional.asm\1769976190976_vLBH.asm(641) : error A2070:invalid instruction operands
D:\rawrxd\history\all_versions\src\omega_professional.asm\1769976190976_vLBH.asm(642) : error A2070:invalid instruction operands
D:\rawrxd\history\all_versions\src\omega_professional.asm\1769976190976_vLBH.asm(643) : error A2070:invalid instruction operands
D:\rawrxd\history\all_versions\src\omega_professional.asm\1769976190976_vLBH.asm(646) : error A2008:syntax error : INVOKE
D:\rawrxd\history\all_versions\src\omega_professional.asm\1769976190976_vLBH.asm(662) : error A2008:syntax error : INVOKE
D:\rawrxd\history\all_versions\src\omega_professional.asm\1769976190976_vLBH.asm(675) : error A2008:syntax error : RVA2FileOffset
D:\rawrxd\history\all_versions\src\omega_professional.asm\1769976190976_vLBH.asm(682) : error A2070:invalid instruction operands
D:\rawrxd\history\all_versions\src\omega_professional.asm\1769976190976_vLBH.asm(683) : error A2070:invalid instruction operands
D:\rawrxd\history\all_versions\src\omega_professional.asm\1769976190976_vLBH.asm(684) : error A2070:invalid instruction operands
D:\rawrxd\history\all_versions\src\omega_professional.asm\1769976190976_vLBH.asm(685) : error A2070:invalid instruction operands
D:\rawrxd\history\all_versions\src\omega_professional.asm\1769976190976_vLBH.asm(686) : error A2070:invalid instruction operands
D:\rawrxd\history\all_versions\src\omega_professional.asm\1769976190976_vLBH.asm(689) : error A2008:syntax error : INVOKE
D:\rawrxd\history\all_versions\src\omega_professional.asm\1769976190976_vLBH.asm(712) : error A2008:syntax error : INVOKE
D:\rawrxd\history\all_versions\src\omega_professional.asm\1769976190976_vLBH.asm(716) : error A2008:syntax error : RVA2FileOffset
D:\rawrxd\history\all_versions\src\omega_professional.asm\1769976190976_vLBH.asm(765) : error A2070:invalid instruction operands
D:\rawrxd\history\all_versions\src\omega_professional.asm\1769976190976_vLBH.asm(767) : error A2070:invalid instruction operands
D:\rawrxd\history\all_versions\src\omega_professional.asm\1769976190976_vLBH.asm(769) : error A2070:invalid instruction operands
D:\rawrxd\history\all_versions\src\omega_professional.asm\1769976190976_vLBH.asm(771) : error A2070:invalid instruction operands
D:\rawrxd\history\all_versions\src\omega_professional.asm\1769976190976_vLBH.asm(773) : error A2070:invalid instruction operands
D:\rawrxd\history\all_versions\src\omega_professional.asm\1769976190976_vLBH.asm(775) : error A2070:invalid instruction operands
D:\rawrxd\history\all_versions\src\omega_professional.asm\1769976190976_vLBH.asm(777) : error A2070:invalid instruction operands
D:\rawrxd\history\all_versions\src\omega_professional.asm\1769976190976_vLBH.asm(779) : error A2070:invalid instruction operands
D:\rawrxd\history\all_versions\src\omega_professional.asm\1769976190976_vLBH.asm(783) : error A2070:invalid instruction operands
D:\rawrxd\history\all_versions\src\omega_professional.asm\1769976190976_vLBH.asm(785) : error A2070:invalid instruction operands
D:\rawrxd\history\all_versions\src\omega_professional.asm\1769976190976_vLBH.asm(787) : error A2070:invalid instruction operands
D:\rawrxd\history\all_versions\src\omega_professional.asm\1769976190976_vLBH.asm(789) : error A2070:invalid instruction operands
D:\rawrxd\history\all_versions\src\omega_professional.asm\1769976190976_vLBH.asm(791) : error A2070:invalid instruction operands
D:\rawrxd\history\all_versions\src\omega_professional.asm\1769976190976_vLBH.asm(793) : error A2070:invalid instruction operands
D:\rawrxd\history\all_versions\src\omega_professional.asm\1769976190976_vLBH.asm(795) : error A2070:invalid instruction operands
D:\rawrxd\history\all_versions\src\omega_professional.asm\1769976190976_vLBH.asm(797) : error A2070:invalid instruction operands
D:\rawrxd\history\all_versions\src\omega_professional.asm\1769976190976_vLBH.asm(802) : error A2070:invalid instruction operands
D:\rawrxd\history\all_versions\src\omega_professional.asm\1769976190976_vLBH.asm(804) : error A2070:invalid instruction operands
D:\rawrxd\history\all_versions\src\omega_professional.asm\1769976190976_vLBH.asm(805) : error A2070:invalid instruction operands
D:\rawrxd\history\all_versions\src\omega_professional.asm\1769976190976_vLBH.asm(809) : error A2008:syntax error : INVOKE
D:\rawrxd\history\all_versions\src\omega_professional.asm\1769976190976_vLBH.asm(826) : error A2008:syntax error : INVOKE
D:\rawrxd\history\all_versions\src\omega_professional.asm\1769976190976_vLBH.asm(829) : error A2008:syntax error : RVA2FileOffset
D:\rawrxd\history\all_versions\src\omega_professional.asm\1769976190976_vLBH.asm(843) : error A2008:syntax error : if
D:\rawrxd\history\all_versions\src\omega_professional.asm\1769976190976_vLBH.asm(845) : error A2008:syntax error : elseif
D:\rawrxd\history\all_versions\src\omega_professional.asm\1769976190976_vLBH.asm(848) : error A2008:syntax error : elseif
D:\rawrxd\history\all_versions\src\omega_professional.asm\1769976190976_vLBH.asm(851) : error A2008:syntax error : elseif
D:\rawrxd\history\all_versions\src\omega_professional.asm\1769976190976_vLBH.asm(854) : error A2008:syntax error : elseif
D:\rawrxd\history\all_versions\src\omega_professional.asm\1769976190976_vLBH.asm(857) : error A2008:syntax error : elseif
D:\rawrxd\history\all_versions\src\omega_professional.asm\1769976190976_vLBH.asm(859) : error A2008:syntax error : elseif
D:\rawrxd\history\all_versions\src\omega_professional.asm\1769976190976_vLBH.asm(861) : fatal error A1012:error count exceeds 100; stopping assembly
