 Assembling: D:\rawrxd\history\all_versions\tools\RawrXD_FileAudit.asm\1769616111977_IBZj.asm
D:\rawrxd\history\all_versions\tools\RawrXD_FileAudit.asm\1769616111977_IBZj.asm(25) : error A2034:must be in segment block
D:\rawrxd\history\all_versions\tools\RawrXD_FileAudit.asm\1769616111977_IBZj.asm(27) : error A2034:must be in segment block
D:\rawrxd\history\all_versions\tools\RawrXD_FileAudit.asm\1769616111977_IBZj.asm(28) : error A2034:must be in segment block
D:\rawrxd\history\all_versions\tools\RawrXD_FileAudit.asm\1769616111977_IBZj.asm(29) : error A2034:must be in segment block
D:\rawrxd\history\all_versions\tools\RawrXD_FileAudit.asm\1769616111977_IBZj.asm(30) : error A2034:must be in segment block
D:\rawrxd\history\all_versions\tools\RawrXD_FileAudit.asm\1769616111977_IBZj.asm(31) : error A2034:must be in segment block
D:\rawrxd\history\all_versions\tools\RawrXD_FileAudit.asm\1769616111977_IBZj.asm(32) : error A2034:must be in segment block
D:\rawrxd\history\all_versions\tools\RawrXD_FileAudit.asm\1769616111977_IBZj.asm(34) : error A2034:must be in segment block
D:\rawrxd\history\all_versions\tools\RawrXD_FileAudit.asm\1769616111977_IBZj.asm(35) : error A2045:missing angle bracket or brace in literal
D:\rawrxd\history\all_versions\tools\RawrXD_FileAudit.asm\1769616111977_IBZj.asm(161) : error A2008:syntax error : .
D:\rawrxd\history\all_versions\tools\RawrXD_FileAudit.asm\1769616111977_IBZj.asm(178) : error A2008:syntax error : .
D:\rawrxd\history\all_versions\tools\RawrXD_FileAudit.asm\1769616111977_IBZj.asm(186) : error A2008:syntax error : .
D:\rawrxd\history\all_versions\tools\RawrXD_FileAudit.asm\1769616111977_IBZj.asm(82) : error A2084:constant value too large
D:\rawrxd\history\all_versions\tools\RawrXD_FileAudit.asm\1769616111977_IBZj.asm(86) : error A2006:undefined symbol : JsonTemplate
D:\rawrxd\history\all_versions\tools\RawrXD_FileAudit.asm\1769616111977_IBZj.asm(94) : error A2006:undefined symbol : JsonEnd
D:\rawrxd\history\all_versions\tools\RawrXD_FileAudit.asm\1769616111977_IBZj.asm(102) : error A2006:undefined symbol : ContentLen
D:\rawrxd\history\all_versions\tools\RawrXD_FileAudit.asm\1769616111977_IBZj.asm(118) : error A2006:undefined symbol : OllamaHost
D:\rawrxd\history\all_versions\tools\RawrXD_FileAudit.asm\1769616111977_IBZj.asm(129) : error A2006:undefined symbol : OllamaPath
D:\rawrxd\history\all_versions\tools\RawrXD_FileAudit.asm\1769616111977_IBZj.asm(130) : error A2006:undefined symbol : OllamaPath
D:\rawrxd\history\all_versions\tools\RawrXD_FileAudit.asm\1769616111977_IBZj.asm(134) : error A2022:instruction operands must be the same size
D:\rawrxd\history\all_versions\tools\RawrXD_FileAudit.asm\1769616111977_IBZj.asm(164) : error A2006:undefined symbol : copy
D:\rawrxd\history\all_versions\tools\RawrXD_FileAudit.asm\1769616111977_IBZj.asm(184) : error A2006:undefined symbol : loop
D:\rawrxd\history\all_versions\tools\RawrXD_FileAudit.asm\1769616111977_IBZj.asm(188) : error A2006:undefined symbol : store
