 Assembling: D:\rawrxd\history\all_versions\src\vulkan_masm.asm\1769159327383_UPBF.asm
D:\rawrxd\history\all_versions\src\vulkan_masm.asm\1769159327383_UPBF.asm(6) : error A2034:must be in segment block
D:\rawrxd\history\all_versions\src\vulkan_masm.asm\1769159327383_UPBF.asm(7) : error A2034:must be in segment block
D:\rawrxd\history\all_versions\src\vulkan_masm.asm\1769159327383_UPBF.asm(8) : error A2034:must be in segment block
D:\rawrxd\history\all_versions\src\vulkan_masm.asm\1769159327383_UPBF.asm(9) : error A2034:must be in segment block
D:\rawrxd\history\all_versions\src\vulkan_masm.asm\1769159327383_UPBF.asm(10) : error A2034:must be in segment block
D:\rawrxd\history\all_versions\src\vulkan_masm.asm\1769159327383_UPBF.asm(11) : error A2034:must be in segment block
D:\rawrxd\history\all_versions\src\vulkan_masm.asm\1769159327383_UPBF.asm(13) : error A2034:must be in segment block
D:\rawrxd\history\all_versions\src\vulkan_masm.asm\1769159327383_UPBF.asm(14) : error A2034:must be in segment block
D:\rawrxd\history\all_versions\src\vulkan_masm.asm\1769159327383_UPBF.asm(15) : error A2034:must be in segment block
D:\rawrxd\history\all_versions\src\vulkan_masm.asm\1769159327383_UPBF.asm(17) : error A2034:must be in segment block
D:\rawrxd\history\all_versions\src\vulkan_masm.asm\1769159327383_UPBF.asm(18) : error A2034:must be in segment block
D:\rawrxd\history\all_versions\src\vulkan_masm.asm\1769159327383_UPBF.asm(19) : error A2034:must be in segment block
D:\rawrxd\history\all_versions\src\vulkan_masm.asm\1769159327383_UPBF.asm(20) : error A2034:must be in segment block
D:\rawrxd\history\all_versions\src\vulkan_masm.asm\1769159327383_UPBF.asm(22) : error A2034:must be in segment block
D:\rawrxd\history\all_versions\src\vulkan_masm.asm\1769159327383_UPBF.asm(23) : error A2034:must be in segment block
D:\rawrxd\history\all_versions\src\vulkan_masm.asm\1769159327383_UPBF.asm(24) : error A2034:must be in segment block
D:\rawrxd\history\all_versions\src\vulkan_masm.asm\1769159327383_UPBF.asm(25) : error A2034:must be in segment block
D:\rawrxd\history\all_versions\src\vulkan_masm.asm\1769159327383_UPBF.asm(28) : error A2034:must be in segment block
D:\rawrxd\history\all_versions\src\vulkan_masm.asm\1769159327383_UPBF.asm(29) : error A2034:must be in segment block
D:\rawrxd\history\all_versions\src\vulkan_masm.asm\1769159327383_UPBF.asm(30) : error A2034:must be in segment block
D:\rawrxd\history\all_versions\src\vulkan_masm.asm\1769159327383_UPBF.asm(31) : error A2034:must be in segment block
D:\rawrxd\history\all_versions\src\vulkan_masm.asm\1769159327383_UPBF.asm(32) : error A2034:must be in segment block
D:\rawrxd\history\all_versions\src\vulkan_masm.asm\1769159327383_UPBF.asm(33) : error A2034:must be in segment block
D:\rawrxd\history\all_versions\src\vulkan_masm.asm\1769159327383_UPBF.asm(34) : error A2034:must be in segment block
D:\rawrxd\history\all_versions\src\vulkan_masm.asm\1769159327383_UPBF.asm(35) : error A2034:must be in segment block
D:\rawrxd\history\all_versions\src\vulkan_masm.asm\1769159327383_UPBF.asm(36) : error A2034:must be in segment block
D:\rawrxd\history\all_versions\src\vulkan_masm.asm\1769159327383_UPBF.asm(37) : error A2034:must be in segment block
D:\rawrxd\history\all_versions\src\vulkan_masm.asm\1769159327383_UPBF.asm(38) : error A2034:must be in segment block
D:\rawrxd\history\all_versions\src\vulkan_masm.asm\1769159327383_UPBF.asm(39) : error A2034:must be in segment block
D:\rawrxd\history\all_versions\src\vulkan_masm.asm\1769159327383_UPBF.asm(40) : error A2034:must be in segment block
D:\rawrxd\history\all_versions\src\vulkan_masm.asm\1769159327383_UPBF.asm(41) : error A2034:must be in segment block
D:\rawrxd\history\all_versions\src\vulkan_masm.asm\1769159327383_UPBF.asm(42) : error A2034:must be in segment block
D:\rawrxd\history\all_versions\src\vulkan_masm.asm\1769159327383_UPBF.asm(43) : error A2034:must be in segment block
D:\rawrxd\history\all_versions\src\vulkan_masm.asm\1769159327383_UPBF.asm(44) : error A2034:must be in segment block
D:\rawrxd\history\all_versions\src\vulkan_masm.asm\1769159327383_UPBF.asm(45) : error A2034:must be in segment block
D:\rawrxd\history\all_versions\src\vulkan_masm.asm\1769159327383_UPBF.asm(47) : error A2034:must be in segment block
D:\rawrxd\history\all_versions\src\vulkan_masm.asm\1769159327383_UPBF.asm(48) : error A2034:must be in segment block
D:\rawrxd\history\all_versions\src\vulkan_masm.asm\1769159327383_UPBF.asm(49) : error A2034:must be in segment block
D:\rawrxd\history\all_versions\src\vulkan_masm.asm\1769159327383_UPBF.asm(50) : error A2034:must be in segment block
D:\rawrxd\history\all_versions\src\vulkan_masm.asm\1769159327383_UPBF.asm(51) : error A2034:must be in segment block
D:\rawrxd\history\all_versions\src\vulkan_masm.asm\1769159327383_UPBF.asm(53) : error A2034:must be in segment block
D:\rawrxd\history\all_versions\src\vulkan_masm.asm\1769159327383_UPBF.asm(54) : error A2034:must be in segment block
D:\rawrxd\history\all_versions\src\vulkan_masm.asm\1769159327383_UPBF.asm(55) : error A2034:must be in segment block
D:\rawrxd\history\all_versions\src\vulkan_masm.asm\1769159327383_UPBF.asm(56) : error A2034:must be in segment block
D:\rawrxd\history\all_versions\src\vulkan_masm.asm\1769159327383_UPBF.asm(57) : error A2034:must be in segment block
D:\rawrxd\history\all_versions\src\vulkan_masm.asm\1769159327383_UPBF.asm(58) : error A2034:must be in segment block
D:\rawrxd\history\all_versions\src\vulkan_masm.asm\1769159327383_UPBF.asm(59) : error A2034:must be in segment block
D:\rawrxd\history\all_versions\src\vulkan_masm.asm\1769159327383_UPBF.asm(60) : error A2034:must be in segment block
D:\rawrxd\history\all_versions\src\vulkan_masm.asm\1769159327383_UPBF.asm(61) : error A2034:must be in segment block
D:\rawrxd\history\all_versions\src\vulkan_masm.asm\1769159327383_UPBF.asm(62) : error A2034:must be in segment block
D:\rawrxd\history\all_versions\src\vulkan_masm.asm\1769159327383_UPBF.asm(64) : error A2034:must be in segment block
D:\rawrxd\history\all_versions\src\vulkan_masm.asm\1769159327383_UPBF.asm(66) : error A2034:must be in segment block
D:\rawrxd\history\all_versions\src\vulkan_masm.asm\1769159327383_UPBF.asm(68) : error A2034:must be in segment block
D:\rawrxd\history\all_versions\src\vulkan_masm.asm\1769159327383_UPBF.asm(69) : error A2034:must be in segment block
D:\rawrxd\history\all_versions\src\vulkan_masm.asm\1769159327383_UPBF.asm(70) : error A2034:must be in segment block
D:\rawrxd\history\all_versions\src\vulkan_masm.asm\1769159327383_UPBF.asm(71) : error A2034:must be in segment block
D:\rawrxd\history\all_versions\src\vulkan_masm.asm\1769159327383_UPBF.asm(72) : error A2034:must be in segment block
D:\rawrxd\history\all_versions\src\vulkan_masm.asm\1769159327383_UPBF.asm(73) : error A2034:must be in segment block
D:\rawrxd\history\all_versions\src\vulkan_masm.asm\1769159327383_UPBF.asm(74) : error A2034:must be in segment block
D:\rawrxd\history\all_versions\src\vulkan_masm.asm\1769159327383_UPBF.asm(75) : error A2034:must be in segment block
D:\rawrxd\history\all_versions\src\vulkan_masm.asm\1769159327383_UPBF.asm(76) : error A2034:must be in segment block
D:\rawrxd\history\all_versions\src\vulkan_masm.asm\1769159327383_UPBF.asm(77) : error A2034:must be in segment block
D:\rawrxd\history\all_versions\src\vulkan_masm.asm\1769159327383_UPBF.asm(78) : error A2034:must be in segment block
D:\rawrxd\history\all_versions\src\vulkan_masm.asm\1769159327383_UPBF.asm(79) : error A2034:must be in segment block
D:\rawrxd\history\all_versions\src\vulkan_masm.asm\1769159327383_UPBF.asm(80) : error A2034:must be in segment block
D:\rawrxd\history\all_versions\src\vulkan_masm.asm\1769159327383_UPBF.asm(81) : error A2034:must be in segment block
D:\rawrxd\history\all_versions\src\vulkan_masm.asm\1769159327383_UPBF.asm(82) : error A2034:must be in segment block
D:\rawrxd\history\all_versions\src\vulkan_masm.asm\1769159327383_UPBF.asm(83) : error A2034:must be in segment block
D:\rawrxd\history\all_versions\src\vulkan_masm.asm\1769159327383_UPBF.asm(84) : error A2034:must be in segment block
D:\rawrxd\history\all_versions\src\vulkan_masm.asm\1769159327383_UPBF.asm(85) : error A2034:must be in segment block
D:\rawrxd\history\all_versions\src\vulkan_masm.asm\1769159327383_UPBF.asm(87) : error A2034:must be in segment block
D:\rawrxd\history\all_versions\src\vulkan_masm.asm\1769159327383_UPBF.asm(88) : error A2034:must be in segment block
D:\rawrxd\history\all_versions\src\vulkan_masm.asm\1769159327383_UPBF.asm(89) : error A2034:must be in segment block
D:\rawrxd\history\all_versions\src\vulkan_masm.asm\1769159327383_UPBF.asm(90) : error A2034:must be in segment block
D:\rawrxd\history\all_versions\src\vulkan_masm.asm\1769159327383_UPBF.asm(91) : error A2034:must be in segment block
D:\rawrxd\history\all_versions\src\vulkan_masm.asm\1769159327383_UPBF.asm(92) : error A2034:must be in segment block
D:\rawrxd\history\all_versions\src\vulkan_masm.asm\1769159327383_UPBF.asm(93) : error A2034:must be in segment block
D:\rawrxd\history\all_versions\src\vulkan_masm.asm\1769159327383_UPBF.asm(94) : error A2034:must be in segment block
D:\rawrxd\history\all_versions\src\vulkan_masm.asm\1769159327383_UPBF.asm(95) : error A2034:must be in segment block
D:\rawrxd\history\all_versions\src\vulkan_masm.asm\1769159327383_UPBF.asm(96) : error A2034:must be in segment block
D:\rawrxd\history\all_versions\src\vulkan_masm.asm\1769159327383_UPBF.asm(97) : error A2034:must be in segment block
D:\rawrxd\history\all_versions\src\vulkan_masm.asm\1769159327383_UPBF.asm(98) : error A2034:must be in segment block
D:\rawrxd\history\all_versions\src\vulkan_masm.asm\1769159327383_UPBF.asm(99) : error A2034:must be in segment block
D:\rawrxd\history\all_versions\src\vulkan_masm.asm\1769159327383_UPBF.asm(100) : error A2034:must be in segment block
D:\rawrxd\history\all_versions\src\vulkan_masm.asm\1769159327383_UPBF.asm(101) : error A2034:must be in segment block
D:\rawrxd\history\all_versions\src\vulkan_masm.asm\1769159327383_UPBF.asm(102) : error A2034:must be in segment block
D:\rawrxd\history\all_versions\src\vulkan_masm.asm\1769159327383_UPBF.asm(103) : error A2034:must be in segment block
D:\rawrxd\history\all_versions\src\vulkan_masm.asm\1769159327383_UPBF.asm(105) : error A2008:syntax error : section
D:\rawrxd\history\all_versions\src\vulkan_masm.asm\1769159327383_UPBF.asm(106) : error A2034:must be in segment block
D:\rawrxd\history\all_versions\src\vulkan_masm.asm\1769159327383_UPBF.asm(119) : error A2008:syntax error : global
D:\rawrxd\history\all_versions\src\vulkan_masm.asm\1769159327383_UPBF.asm(120) : error A2034:must be in segment block
D:\rawrxd\history\all_versions\src\vulkan_masm.asm\1769159327383_UPBF.asm(122) : error A2034:must be in segment block
D:\rawrxd\history\all_versions\src\vulkan_masm.asm\1769159327383_UPBF.asm(123) : error A2034:must be in segment block
D:\rawrxd\history\all_versions\src\vulkan_masm.asm\1769159327383_UPBF.asm(124) : error A2034:must be in segment block
D:\rawrxd\history\all_versions\src\vulkan_masm.asm\1769159327383_UPBF.asm(126) : error A2034:must be in segment block
D:\rawrxd\history\all_versions\src\vulkan_masm.asm\1769159327383_UPBF.asm(127) : error A2034:must be in segment block
D:\rawrxd\history\all_versions\src\vulkan_masm.asm\1769159327383_UPBF.asm(128) : error A2034:must be in segment block
D:\rawrxd\history\all_versions\src\vulkan_masm.asm\1769159327383_UPBF.asm(129) : error A2034:must be in segment block
D:\rawrxd\history\all_versions\src\vulkan_masm.asm\1769159327383_UPBF.asm(133) : error A2034:must be in segment block
D:\rawrxd\history\all_versions\src\vulkan_masm.asm\1769159327383_UPBF.asm(134) : error A2034:must be in segment block
D:\rawrxd\history\all_versions\src\vulkan_masm.asm\1769159327383_UPBF.asm(135) : fatal error A1012:error count exceeds 100; stopping assembly
