 Assembling: D:\rawrxd\history\all_versions\Ship\RawrXD_NativeModelBridge_v2_FIXED.asm\1769639510912_roR0.asm
D:\rawrxd\history\all_versions\Ship\RawrXD_NativeModelBridge_v2_FIXED.asm\1769639510912_roR0.asm(1048) : error A2006:undefined symbol : rms_eps_default
D:\rawrxd\history\all_versions\Ship\RawrXD_NativeModelBridge_v2_FIXED.asm\1769639510912_roR0.asm(165) : warning A6004:procedure argument or local not referenced : hModule
D:\rawrxd\history\all_versions\Ship\RawrXD_NativeModelBridge_v2_FIXED.asm\1769639510912_roR0.asm(165) : warning A6004:procedure argument or local not referenced : dwReason
D:\rawrxd\history\all_versions\Ship\RawrXD_NativeModelBridge_v2_FIXED.asm\1769639510912_roR0.asm(165) : warning A6004:procedure argument or local not referenced : lpReserved
D:\rawrxd\history\all_versions\Ship\RawrXD_NativeModelBridge_v2_FIXED.asm\1769639510912_roR0.asm(316) : warning A6004:procedure argument or local not referenced : pCtx
D:\rawrxd\history\all_versions\Ship\RawrXD_NativeModelBridge_v2_FIXED.asm\1769639510912_roR0.asm(316) : warning A6004:procedure argument or local not referenced : pFilePath
D:\rawrxd\history\all_versions\Ship\RawrXD_NativeModelBridge_v2_FIXED.asm\1769639510912_roR0.asm(377) : warning A6004:procedure argument or local not referenced : pCtx
D:\rawrxd\history\all_versions\Ship\RawrXD_NativeModelBridge_v2_FIXED.asm\1769639510912_roR0.asm(377) : warning A6004:procedure argument or local not referenced : token
D:\rawrxd\history\all_versions\Ship\RawrXD_NativeModelBridge_v2_FIXED.asm\1769639510912_roR0.asm(377) : warning A6004:procedure argument or local not referenced : pos
D:\rawrxd\history\all_versions\Ship\RawrXD_NativeModelBridge_v2_FIXED.asm\1769639510912_roR0.asm(377) : warning A6004:procedure argument or local not referenced : pLogits
D:\rawrxd\history\all_versions\Ship\RawrXD_NativeModelBridge_v2_FIXED.asm\1769639510912_roR0.asm(654) : warning A6004:procedure argument or local not referenced : pCtx
D:\rawrxd\history\all_versions\Ship\RawrXD_NativeModelBridge_v2_FIXED.asm\1769639510912_roR0.asm(654) : warning A6004:procedure argument or local not referenced : pEmbeddings
D:\rawrxd\history\all_versions\Ship\RawrXD_NativeModelBridge_v2_FIXED.asm\1769639510912_roR0.asm(734) : warning A6004:procedure argument or local not referenced : pHidden
D:\rawrxd\history\all_versions\Ship\RawrXD_NativeModelBridge_v2_FIXED.asm\1769639510912_roR0.asm(734) : warning A6004:procedure argument or local not referenced : dim
D:\rawrxd\history\all_versions\Ship\RawrXD_NativeModelBridge_v2_FIXED.asm\1769639510912_roR0.asm(816) : warning A6004:procedure argument or local not referenced : pHidden
D:\rawrxd\history\all_versions\Ship\RawrXD_NativeModelBridge_v2_FIXED.asm\1769639510912_roR0.asm(816) : warning A6004:procedure argument or local not referenced : n_embd
D:\rawrxd\history\all_versions\Ship\RawrXD_NativeModelBridge_v2_FIXED.asm\1769639510912_roR0.asm(816) : warning A6004:procedure argument or local not referenced : pQKV
D:\rawrxd\history\all_versions\Ship\RawrXD_NativeModelBridge_v2_FIXED.asm\1769639510912_roR0.asm(899) : warning A6004:procedure argument or local not referenced : pQ
D:\rawrxd\history\all_versions\Ship\RawrXD_NativeModelBridge_v2_FIXED.asm\1769639510912_roR0.asm(899) : warning A6004:procedure argument or local not referenced : pK
D:\rawrxd\history\all_versions\Ship\RawrXD_NativeModelBridge_v2_FIXED.asm\1769639510912_roR0.asm(899) : warning A6004:procedure argument or local not referenced : pV
D:\rawrxd\history\all_versions\Ship\RawrXD_NativeModelBridge_v2_FIXED.asm\1769639510912_roR0.asm(899) : warning A6004:procedure argument or local not referenced : n_head
D:\rawrxd\history\all_versions\Ship\RawrXD_NativeModelBridge_v2_FIXED.asm\1769639510912_roR0.asm(899) : warning A6004:procedure argument or local not referenced : pOut
D:\rawrxd\history\all_versions\Ship\RawrXD_NativeModelBridge_v2_FIXED.asm\1769639510912_roR0.asm(994) : warning A6004:procedure argument or local not referenced : pHidden
D:\rawrxd\history\all_versions\Ship\RawrXD_NativeModelBridge_v2_FIXED.asm\1769639510912_roR0.asm(994) : warning A6004:procedure argument or local not referenced : n_ff
D:\rawrxd\history\all_versions\Ship\RawrXD_NativeModelBridge_v2_FIXED.asm\1769639510912_roR0.asm(1084) : warning A6004:procedure argument or local not referenced : pInput
D:\rawrxd\history\all_versions\Ship\RawrXD_NativeModelBridge_v2_FIXED.asm\1769639510912_roR0.asm(1084) : warning A6004:procedure argument or local not referenced : pOutput
D:\rawrxd\history\all_versions\Ship\RawrXD_NativeModelBridge_v2_FIXED.asm\1769639510912_roR0.asm(1084) : warning A6004:procedure argument or local not referenced : n_embd
D:\rawrxd\history\all_versions\Ship\RawrXD_NativeModelBridge_v2_FIXED.asm\1769639510912_roR0.asm(1084) : warning A6004:procedure argument or local not referenced : eps
