 Assembling: D:\rawrxd\history\all_versions\src\dumpbin_final.asm\1769579596648_TdfJ.asm
D:\rawrxd\history\all_versions\src\dumpbin_final.asm\1769579596648_TdfJ.asm(10) : error A2008:syntax error : .
D:\rawrxd\history\all_versions\src\dumpbin_final.asm\1769579596648_TdfJ.asm(11) : error A2008:syntax error : .

***********
ASCII build
***********

C:\masm32\include\windows.inc(9750) : error A2008:syntax error : dword
C:\masm32\include\windows.inc(10183) : error A2008:syntax error : frame
C:\masm32\include\windows.inc(16333) : error A2008:syntax error : dword
C:\masm32\include\windows.inc(18862) : error A2008:syntax error : Frame
C:\masm32\include\windows.inc(24749) : error A2042:statement too complex
C:\masm32\include\winextra.inc(11052) : error A2026:constant expected
C:\masm32\include\winextra.inc(11053) : error A2026:constant expected
D:\rawrxd\history\all_versions\src\dumpbin_final.asm\1769579596648_TdfJ.asm(321) : error A2008:syntax error : invoke
D:\rawrxd\history\all_versions\src\dumpbin_final.asm\1769579596648_TdfJ.asm(323) : error A2008:syntax error : invoke
D:\rawrxd\history\all_versions\src\dumpbin_final.asm\1769579596648_TdfJ.asm(326) : error A2008:syntax error : WriteConsoleA
D:\rawrxd\history\all_versions\src\dumpbin_final.asm\1769579596648_TdfJ.asm(331) : error A2008:syntax error : invoke
D:\rawrxd\history\all_versions\src\dumpbin_final.asm\1769579596648_TdfJ.asm(356) : error A2008:syntax error : WriteConsoleA
D:\rawrxd\history\all_versions\src\dumpbin_final.asm\1769579596648_TdfJ.asm(383) : error A2008:syntax error : WriteConsoleA
D:\rawrxd\history\all_versions\src\dumpbin_final.asm\1769579596648_TdfJ.asm(385) : error A2008:syntax error : invoke
D:\rawrxd\history\all_versions\src\dumpbin_final.asm\1769579596648_TdfJ.asm(387) : error A2008:syntax error : invoke
D:\rawrxd\history\all_versions\src\dumpbin_final.asm\1769579596648_TdfJ.asm(392) : error A2008:syntax error : invoke
D:\rawrxd\history\all_versions\src\dumpbin_final.asm\1769579596648_TdfJ.asm(395) : error A2008:syntax error : invoke
D:\rawrxd\history\all_versions\src\dumpbin_final.asm\1769579596648_TdfJ.asm(398) : error A2008:syntax error : invoke
D:\rawrxd\history\all_versions\src\dumpbin_final.asm\1769579596648_TdfJ.asm(399) : error A2008:syntax error : invoke
D:\rawrxd\history\all_versions\src\dumpbin_final.asm\1769579596648_TdfJ.asm(411) : error A2008:syntax error : WriteConsoleA
D:\rawrxd\history\all_versions\src\dumpbin_final.asm\1769579596648_TdfJ.asm(445) : error A2008:syntax error : wsprintfA
D:\rawrxd\history\all_versions\src\dumpbin_final.asm\1769579596648_TdfJ.asm(446) : error A2008:syntax error : WriteConsoleA
D:\rawrxd\history\all_versions\src\dumpbin_final.asm\1769579596648_TdfJ.asm(459) : error A2008:syntax error : WriteConsoleA
D:\rawrxd\history\all_versions\src\dumpbin_final.asm\1769579596648_TdfJ.asm(463) : error A2008:syntax error : WriteConsoleA
D:\rawrxd\history\all_versions\src\dumpbin_final.asm\1769579596648_TdfJ.asm(474) : error A2008:syntax error : wsprintfA
D:\rawrxd\history\all_versions\src\dumpbin_final.asm\1769579596648_TdfJ.asm(475) : error A2008:syntax error : WriteConsoleA
D:\rawrxd\history\all_versions\src\dumpbin_final.asm\1769579596648_TdfJ.asm(499) : error A2008:syntax error : WriteConsoleA
D:\rawrxd\history\all_versions\src\dumpbin_final.asm\1769579596648_TdfJ.asm(506) : error A2008:syntax error : WriteConsoleA
D:\rawrxd\history\all_versions\src\dumpbin_final.asm\1769579596648_TdfJ.asm(519) : error A2008:syntax error : invoke
D:\rawrxd\history\all_versions\src\dumpbin_final.asm\1769579596648_TdfJ.asm(541) : error A2008:syntax error : invoke
D:\rawrxd\history\all_versions\src\dumpbin_final.asm\1769579596648_TdfJ.asm(549) : error A2008:syntax error : invoke
D:\rawrxd\history\all_versions\src\dumpbin_final.asm\1769579596648_TdfJ.asm(699) : error A2070:invalid instruction operands
D:\rawrxd\history\all_versions\src\dumpbin_final.asm\1769579596648_TdfJ.asm(704) : error A2070:invalid instruction operands
D:\rawrxd\history\all_versions\src\dumpbin_final.asm\1769579596648_TdfJ.asm(746) : error A2008:syntax error : strlen
D:\rawrxd\history\all_versions\src\dumpbin_final.asm\1769579596648_TdfJ.asm(749) : error A2008:syntax error : invoke
D:\rawrxd\history\all_versions\src\dumpbin_final.asm\1769579596648_TdfJ.asm(784) : error A2008:syntax error : invoke
D:\rawrxd\history\all_versions\src\dumpbin_final.asm\1769579596648_TdfJ.asm(793) : error A2008:syntax error : invoke
D:\rawrxd\history\all_versions\src\dumpbin_final.asm\1769579596648_TdfJ.asm(906) : error A2070:invalid instruction operands
D:\rawrxd\history\all_versions\src\dumpbin_final.asm\1769579596648_TdfJ.asm(1064) : error A2008:syntax error : integer
D:\rawrxd\history\all_versions\src\dumpbin_final.asm\1769579596648_TdfJ.asm(1285) : error A2008:syntax error : invoke
D:\rawrxd\history\all_versions\src\dumpbin_final.asm\1769579596648_TdfJ.asm(1291) : error A2008:syntax error : WriteFile
D:\rawrxd\history\all_versions\src\dumpbin_final.asm\1769579596648_TdfJ.asm(1292) : error A2008:syntax error : WriteFile
D:\rawrxd\history\all_versions\src\dumpbin_final.asm\1769579596648_TdfJ.asm(1301) : error A2008:syntax error : invoke
D:\rawrxd\history\all_versions\src\dumpbin_final.asm\1769579596648_TdfJ.asm(1350) : error A2008:syntax error : invoke
D:\rawrxd\history\all_versions\src\dumpbin_final.asm\1769579596648_TdfJ.asm(1359) : error A2008:syntax error : invoke
D:\rawrxd\history\all_versions\src\dumpbin_final.asm\1769579596648_TdfJ.asm(1370) : error A2008:syntax error : invoke
D:\rawrxd\history\all_versions\src\dumpbin_final.asm\1769579596648_TdfJ.asm(1392) : error A2008:syntax error : invoke
D:\rawrxd\history\all_versions\src\dumpbin_final.asm\1769579596648_TdfJ.asm(1395) : error A2008:syntax error : invoke
D:\rawrxd\history\all_versions\src\dumpbin_final.asm\1769579596648_TdfJ.asm(1404) : error A2008:syntax error : invoke
D:\rawrxd\history\all_versions\src\dumpbin_final.asm\1769579596648_TdfJ.asm(1405) : error A2008:syntax error : invoke
D:\rawrxd\history\all_versions\src\dumpbin_final.asm\1769579596648_TdfJ.asm(1407) : error A2070:invalid instruction operands
D:\rawrxd\history\all_versions\src\dumpbin_final.asm\1769579596648_TdfJ.asm(1430) : error A2008:syntax error : invoke
D:\rawrxd\history\all_versions\src\dumpbin_final.asm\1769579596648_TdfJ.asm(1433) : error A2008:syntax error : invoke
D:\rawrxd\history\all_versions\src\dumpbin_final.asm\1769579596648_TdfJ.asm(1465) : error A2008:syntax error : strcat
D:\rawrxd\history\all_versions\src\dumpbin_final.asm\1769579596648_TdfJ.asm(1467) : error A2008:syntax error : invoke
D:\rawrxd\history\all_versions\src\dumpbin_final.asm\1769579596648_TdfJ.asm(1476) : error A2008:syntax error : invoke
D:\rawrxd\history\all_versions\src\dumpbin_final.asm\1769579596648_TdfJ.asm(1480) : error A2008:syntax error : invoke
D:\rawrxd\history\all_versions\src\dumpbin_final.asm\1769579596648_TdfJ.asm(1505) : error A2008:syntax error : WriteConsoleA
D:\rawrxd\history\all_versions\src\dumpbin_final.asm\1769579596648_TdfJ.asm(1531) : error A2070:invalid instruction operands
D:\rawrxd\history\all_versions\src\dumpbin_final.asm\1769579596648_TdfJ.asm(1539) : error A2008:syntax error : pushad
D:\rawrxd\history\all_versions\src\dumpbin_final.asm\1769579596648_TdfJ.asm(1540) : error A2008:syntax error : wsprintfA
D:\rawrxd\history\all_versions\src\dumpbin_final.asm\1769579596648_TdfJ.asm(1542) : error A2008:syntax error : WriteConsoleA
D:\rawrxd\history\all_versions\src\dumpbin_final.asm\1769579596648_TdfJ.asm(1543) : error A2008:syntax error : popad
D:\rawrxd\history\all_versions\src\dumpbin_final.asm\1769579596648_TdfJ.asm(1549) : error A2070:invalid instruction operands
D:\rawrxd\history\all_versions\src\dumpbin_final.asm\1769579596648_TdfJ.asm(1552) : error A2008:syntax error : pushad
D:\rawrxd\history\all_versions\src\dumpbin_final.asm\1769579596648_TdfJ.asm(1557) : error A2008:syntax error : wsprintfA
D:\rawrxd\history\all_versions\src\dumpbin_final.asm\1769579596648_TdfJ.asm(1559) : error A2008:syntax error : WriteConsoleA
D:\rawrxd\history\all_versions\src\dumpbin_final.asm\1769579596648_TdfJ.asm(1560) : error A2008:syntax error : popad
D:\rawrxd\history\all_versions\src\dumpbin_final.asm\1769579596648_TdfJ.asm(1570) : error A2008:syntax error : pushad
D:\rawrxd\history\all_versions\src\dumpbin_final.asm\1769579596648_TdfJ.asm(1571) : error A2008:syntax error : invoke
D:\rawrxd\history\all_versions\src\dumpbin_final.asm\1769579596648_TdfJ.asm(1572) : error A2008:syntax error : WriteConsoleA
D:\rawrxd\history\all_versions\src\dumpbin_final.asm\1769579596648_TdfJ.asm(1573) : error A2008:syntax error : popad
D:\rawrxd\history\all_versions\src\dumpbin_final.asm\1769579596648_TdfJ.asm(1577) : error A2008:syntax error : WriteConsoleA
D:\rawrxd\history\all_versions\src\dumpbin_final.asm\1769579596648_TdfJ.asm(1591) : error A2008:syntax error : invoke
D:\rawrxd\history\all_versions\src\dumpbin_final.asm\1769579596648_TdfJ.asm(1592) : error A2008:syntax error : invoke
D:\rawrxd\history\all_versions\src\dumpbin_final.asm\1769579596648_TdfJ.asm(1601) : error A2008:syntax error : invoke
D:\rawrxd\history\all_versions\src\dumpbin_final.asm\1769579596648_TdfJ.asm(1602) : error A2008:syntax error : invoke
D:\rawrxd\history\all_versions\src\dumpbin_final.asm\1769579596648_TdfJ.asm(1628) : error A2008:syntax error : invoke
D:\rawrxd\history\all_versions\src\dumpbin_final.asm\1769579596648_TdfJ.asm(1629) : error A2008:syntax error : invoke
D:\rawrxd\history\all_versions\src\dumpbin_final.asm\1769579596648_TdfJ.asm(1631) : error A2008:syntax error : lstrcpyA
D:\rawrxd\history\all_versions\src\dumpbin_final.asm\1769579596648_TdfJ.asm(1633) : error A2008:syntax error : lstrcpyA
D:\rawrxd\history\all_versions\src\dumpbin_final.asm\1769579596648_TdfJ.asm(1635) : error A2008:syntax error : lstrcpyA
D:\rawrxd\history\all_versions\src\dumpbin_final.asm\1769579596648_TdfJ.asm(1637) : error A2008:syntax error : lstrcpyA
D:\rawrxd\history\all_versions\src\dumpbin_final.asm\1769579596648_TdfJ.asm(1657) : error A2070:invalid instruction operands
D:\rawrxd\history\all_versions\src\dumpbin_final.asm\1769579596648_TdfJ.asm(1676) : error A2070:invalid instruction operands
D:\rawrxd\history\all_versions\src\dumpbin_final.asm\1769579596648_TdfJ.asm(1677) : error A2070:invalid instruction operands
D:\rawrxd\history\all_versions\src\dumpbin_final.asm\1769579596648_TdfJ.asm(1683) : error A2070:invalid instruction operands
D:\rawrxd\history\all_versions\src\dumpbin_final.asm\1769579596648_TdfJ.asm(1684) : error A2070:invalid instruction operands
D:\rawrxd\history\all_versions\src\dumpbin_final.asm\1769579596648_TdfJ.asm(1690) : error A2070:invalid instruction operands
D:\rawrxd\history\all_versions\src\dumpbin_final.asm\1769579596648_TdfJ.asm(1831) : error A2008:syntax error : pushad
D:\rawrxd\history\all_versions\src\dumpbin_final.asm\1769579596648_TdfJ.asm(1839) : error A2008:syntax error : CryptDecodeObjectEx
D:\rawrxd\history\all_versions\src\dumpbin_final.asm\1769579596648_TdfJ.asm(1851) : error A2008:syntax error : WriteConsoleA
D:\rawrxd\history\all_versions\src\dumpbin_final.asm\1769579596648_TdfJ.asm(1859) : error A2008:syntax error : CertNameToStrA
D:\rawrxd\history\all_versions\src\dumpbin_final.asm\1769579596648_TdfJ.asm(1863) : error A2008:syntax error : invoke
D:\rawrxd\history\all_versions\src\dumpbin_final.asm\1769579596648_TdfJ.asm(1864) : error A2008:syntax error : WriteConsoleA
D:\rawrxd\history\all_versions\src\dumpbin_final.asm\1769579596648_TdfJ.asm(1872) : error A2008:syntax error : CertNameToStrA
D:\rawrxd\history\all_versions\src\dumpbin_final.asm\1769579596648_TdfJ.asm(1876) : error A2008:syntax error : invoke
D:\rawrxd\history\all_versions\src\dumpbin_final.asm\1769579596648_TdfJ.asm(1877) : error A2008:syntax error : WriteConsoleA
D:\rawrxd\history\all_versions\src\dumpbin_final.asm\1769579596648_TdfJ.asm(1896) : fatal error A1012:error count exceeds 100; stopping assembly
