 Assembling: D:\rawrxd\history\all_versions\src\agentic\RawrXD_Complete_Explicit.asm\1769586993658_IZPv.asm
D:\rawrxd\history\all_versions\src\agentic\RawrXD_Complete_Explicit.asm\1769586993658_IZPv.asm(355) : error A2005:symbol redefinition : g_task_scheduler
D:\rawrxd\history\all_versions\src\agentic\RawrXD_Complete_Explicit.asm\1769586993658_IZPv.asm(357) : error A2005:symbol redefinition : g_conflict_detector
D:\rawrxd\history\all_versions\src\agentic\RawrXD_Complete_Explicit.asm\1769586993658_IZPv.asm(358) : error A2005:symbol redefinition : g_infinity_stream
D:\rawrxd\history\all_versions\src\agentic\RawrXD_Complete_Explicit.asm\1769586993658_IZPv.asm(360) : error A2005:symbol redefinition : g_task_scheduler
D:\rawrxd\history\all_versions\src\agentic\RawrXD_Complete_Explicit.asm\1769586993658_IZPv.asm(362) : error A2005:symbol redefinition : g_conflict_detector
D:\rawrxd\history\all_versions\src\agentic\RawrXD_Complete_Explicit.asm\1769586993658_IZPv.asm(470) : error A2006:undefined symbol : status_lock
D:\rawrxd\history\all_versions\src\agentic\RawrXD_Complete_Explicit.asm\1769586993658_IZPv.asm(478) : error A2006:undefined symbol : status_lock
D:\rawrxd\history\all_versions\src\agentic\RawrXD_Complete_Explicit.asm\1769586993658_IZPv.asm(486) : error A2006:undefined symbol : status_lock
D:\rawrxd\history\all_versions\src\agentic\RawrXD_Complete_Explicit.asm\1769586993658_IZPv.asm(494) : error A2006:undefined symbol : status_lock
D:\rawrxd\history\all_versions\src\agentic\RawrXD_Complete_Explicit.asm\1769586993658_IZPv.asm(722) : error A2006:undefined symbol : hdd_path
D:\rawrxd\history\all_versions\src\agentic\RawrXD_Complete_Explicit.asm\1769586993658_IZPv.asm(727) : error A2006:undefined symbol : hdd_path
D:\rawrxd\history\all_versions\src\agentic\RawrXD_Complete_Explicit.asm\1769586993658_IZPv.asm(744) : error A2006:undefined symbol : hdd_file_size
D:\rawrxd\history\all_versions\src\agentic\RawrXD_Complete_Explicit.asm\1769586993658_IZPv.asm(749) : error A2006:undefined symbol : hdd_file_handle
D:\rawrxd\history\all_versions\src\agentic\RawrXD_Complete_Explicit.asm\1769586993658_IZPv.asm(754) : error A2006:undefined symbol : io_completion_port
D:\rawrxd\history\all_versions\src\agentic\RawrXD_Complete_Explicit.asm\1769586993658_IZPv.asm(760) : error A2006:undefined symbol : slot_count
D:\rawrxd\history\all_versions\src\agentic\RawrXD_Complete_Explicit.asm\1769586993658_IZPv.asm(765) : error A2006:undefined symbol : slots
D:\rawrxd\history\all_versions\src\agentic\RawrXD_Complete_Explicit.asm\1769586993658_IZPv.asm(772) : error A2006:undefined symbol : slot_count
D:\rawrxd\history\all_versions\src\agentic\RawrXD_Complete_Explicit.asm\1769586993658_IZPv.asm(813) : error A2006:undefined symbol : shutdown_event
D:\rawrxd\history\all_versions\src\agentic\RawrXD_Complete_Explicit.asm\1769586993658_IZPv.asm(816) : error A2006:undefined symbol : io_thread_count
D:\rawrxd\history\all_versions\src\agentic\RawrXD_Complete_Explicit.asm\1769586993658_IZPv.asm(833) : error A2006:undefined symbol : io_threads
D:\rawrxd\history\all_versions\src\agentic\RawrXD_Complete_Explicit.asm\1769586993658_IZPv.asm(1127) : error A2081:missing operand after unary operator
D:\rawrxd\history\all_versions\src\agentic\RawrXD_Complete_Explicit.asm\1769586993658_IZPv.asm(586) : warning A4025:ENDP found before .ENDPROLOG : InitCRC32Table
D:\rawrxd\history\all_versions\src\agentic\RawrXD_Complete_Explicit.asm\1769586993658_IZPv.asm(586) : error A2247:size of prolog too big, must be < 256 bytes
D:\rawrxd\history\all_versions\src\agentic\RawrXD_Complete_Explicit.asm\1769586993658_IZPv.asm(586) : error A2220:Missing .ENDPROLOG
D:\rawrxd\history\all_versions\src\agentic\RawrXD_Complete_Explicit.asm\1769586993658_IZPv.asm(664) : warning A4025:ENDP found before .ENDPROLOG : Infinity_ClassifyModel
D:\rawrxd\history\all_versions\src\agentic\RawrXD_Complete_Explicit.asm\1769586993658_IZPv.asm(679) : warning A4025:ENDP found before .ENDPROLOG : Infinity_GetSlotCount
D:\rawrxd\history\all_versions\src\agentic\RawrXD_Complete_Explicit.asm\1769586993658_IZPv.asm(967) : warning A4025:ENDP found before .ENDPROLOG : INFINITY_IOThreadProc
D:\rawrxd\history\all_versions\src\agentic\RawrXD_Complete_Explicit.asm\1769586993658_IZPv.asm(1052) : warning A4025:ENDP found before .ENDPROLOG : INFINITY_CheckQuadBuffer
D:\rawrxd\history\all_versions\src\agentic\RawrXD_Complete_Explicit.asm\1769586993658_IZPv.asm(1211) : warning A4025:ENDP found before .ENDPROLOG : INFINITY_RotateBuffers
D:\rawrxd\history\all_versions\src\agentic\RawrXD_Complete_Explicit.asm\1769586993658_IZPv.asm(1211) : error A2247:size of prolog too big, must be < 256 bytes
D:\rawrxd\history\all_versions\src\agentic\RawrXD_Complete_Explicit.asm\1769586993658_IZPv.asm(1211) : error A2220:Missing .ENDPROLOG
D:\rawrxd\history\all_versions\src\agentic\RawrXD_Complete_Explicit.asm\1769586993658_IZPv.asm(1242) : warning A4025:ENDP found before .ENDPROLOG : INFINITY_HandleYTfnTrap
D:\rawrxd\history\all_versions\src\agentic\RawrXD_Complete_Explicit.asm\1769586993658_IZPv.asm(1242) : error A2247:size of prolog too big, must be < 256 bytes
D:\rawrxd\history\all_versions\src\agentic\RawrXD_Complete_Explicit.asm\1769586993658_IZPv.asm(1242) : error A2220:Missing .ENDPROLOG
D:\rawrxd\history\all_versions\src\agentic\RawrXD_Complete_Explicit.asm\1769586993658_IZPv.asm(1316) : warning A4025:ENDP found before .ENDPROLOG : INFINITY_Shutdown
D:\rawrxd\history\all_versions\src\agentic\RawrXD_Complete_Explicit.asm\1769586993658_IZPv.asm(1316) : error A2247:size of prolog too big, must be < 256 bytes
D:\rawrxd\history\all_versions\src\agentic\RawrXD_Complete_Explicit.asm\1769586993658_IZPv.asm(1316) : error A2220:Missing .ENDPROLOG
D:\rawrxd\history\all_versions\src\agentic\RawrXD_Complete_Explicit.asm\1769586993658_IZPv.asm(1425) : warning A4025:ENDP found before .ENDPROLOG : Scheduler_Initialize
D:\rawrxd\history\all_versions\src\agentic\RawrXD_Complete_Explicit.asm\1769586993658_IZPv.asm(1425) : error A2247:size of prolog too big, must be < 256 bytes
D:\rawrxd\history\all_versions\src\agentic\RawrXD_Complete_Explicit.asm\1769586993658_IZPv.asm(1425) : error A2220:Missing .ENDPROLOG
D:\rawrxd\history\all_versions\src\agentic\RawrXD_Complete_Explicit.asm\1769586993658_IZPv.asm(1508) : warning A4025:ENDP found before .ENDPROLOG : WorkerThreadProc
D:\rawrxd\history\all_versions\src\agentic\RawrXD_Complete_Explicit.asm\1769586993658_IZPv.asm(1508) : error A2247:size of prolog too big, must be < 256 bytes
D:\rawrxd\history\all_versions\src\agentic\RawrXD_Complete_Explicit.asm\1769586993658_IZPv.asm(1508) : error A2220:Missing .ENDPROLOG
D:\rawrxd\history\all_versions\src\agentic\RawrXD_Complete_Explicit.asm\1769586993658_IZPv.asm(1571) : warning A4025:ENDP found before .ENDPROLOG : Worker_GetWork
D:\rawrxd\history\all_versions\src\agentic\RawrXD_Complete_Explicit.asm\1769586993658_IZPv.asm(1571) : error A2247:size of prolog too big, must be < 256 bytes
D:\rawrxd\history\all_versions\src\agentic\RawrXD_Complete_Explicit.asm\1769586993658_IZPv.asm(1571) : error A2220:Missing .ENDPROLOG
D:\rawrxd\history\all_versions\src\agentic\RawrXD_Complete_Explicit.asm\1769586993658_IZPv.asm(1604) : warning A4025:ENDP found before .ENDPROLOG : Worker_PopLocal
D:\rawrxd\history\all_versions\src\agentic\RawrXD_Complete_Explicit.asm\1769586993658_IZPv.asm(1604) : error A2247:size of prolog too big, must be < 256 bytes
D:\rawrxd\history\all_versions\src\agentic\RawrXD_Complete_Explicit.asm\1769586993658_IZPv.asm(1604) : error A2220:Missing .ENDPROLOG
D:\rawrxd\history\all_versions\src\agentic\RawrXD_Complete_Explicit.asm\1769586993658_IZPv.asm(1666) : warning A4025:ENDP found before .ENDPROLOG : Worker_StealFrom
D:\rawrxd\history\all_versions\src\agentic\RawrXD_Complete_Explicit.asm\1769586993658_IZPv.asm(1666) : error A2247:size of prolog too big, must be < 256 bytes
D:\rawrxd\history\all_versions\src\agentic\RawrXD_Complete_Explicit.asm\1769586993658_IZPv.asm(1666) : error A2220:Missing .ENDPROLOG
D:\rawrxd\history\all_versions\src\agentic\RawrXD_Complete_Explicit.asm\1769586993658_IZPv.asm(1769) : warning A4025:ENDP found before .ENDPROLOG : Scheduler_SubmitTask
D:\rawrxd\history\all_versions\src\agentic\RawrXD_Complete_Explicit.asm\1769586993658_IZPv.asm(1769) : error A2247:size of prolog too big, must be < 256 bytes
D:\rawrxd\history\all_versions\src\agentic\RawrXD_Complete_Explicit.asm\1769586993658_IZPv.asm(1769) : error A2220:Missing .ENDPROLOG
D:\rawrxd\history\all_versions\src\agentic\RawrXD_Complete_Explicit.asm\1769586993658_IZPv.asm(1799) : warning A4025:ENDP found before .ENDPROLOG : Scheduler_PopGlobal
D:\rawrxd\history\all_versions\src\agentic\RawrXD_Complete_Explicit.asm\1769586993658_IZPv.asm(1799) : error A2247:size of prolog too big, must be < 256 bytes
D:\rawrxd\history\all_versions\src\agentic\RawrXD_Complete_Explicit.asm\1769586993658_IZPv.asm(1799) : error A2220:Missing .ENDPROLOG
D:\rawrxd\history\all_versions\src\agentic\RawrXD_Complete_Explicit.asm\1769586993658_IZPv.asm(1876) : warning A4025:ENDP found before .ENDPROLOG : ConflictDetector_Initialize
D:\rawrxd\history\all_versions\src\agentic\RawrXD_Complete_Explicit.asm\1769586993658_IZPv.asm(1876) : error A2247:size of prolog too big, must be < 256 bytes
D:\rawrxd\history\all_versions\src\agentic\RawrXD_Complete_Explicit.asm\1769586993658_IZPv.asm(1876) : error A2220:Missing .ENDPROLOG
D:\rawrxd\history\all_versions\src\agentic\RawrXD_Complete_Explicit.asm\1769586993658_IZPv.asm(1921) : warning A4025:ENDP found before .ENDPROLOG : ConflictDetector_RegisterResource
D:\rawrxd\history\all_versions\src\agentic\RawrXD_Complete_Explicit.asm\1769586993658_IZPv.asm(1921) : error A2247:size of prolog too big, must be < 256 bytes
D:\rawrxd\history\all_versions\src\agentic\RawrXD_Complete_Explicit.asm\1769586993658_IZPv.asm(1921) : error A2220:Missing .ENDPROLOG
D:\rawrxd\history\all_versions\src\agentic\RawrXD_Complete_Explicit.asm\1769586993658_IZPv.asm(2038) : warning A4025:ENDP found before .ENDPROLOG : ConflictDetector_LockResource
D:\rawrxd\history\all_versions\src\agentic\RawrXD_Complete_Explicit.asm\1769586993658_IZPv.asm(2038) : error A2247:size of prolog too big, must be < 256 bytes
D:\rawrxd\history\all_versions\src\agentic\RawrXD_Complete_Explicit.asm\1769586993658_IZPv.asm(2038) : error A2220:Missing .ENDPROLOG
D:\rawrxd\history\all_versions\src\agentic\RawrXD_Complete_Explicit.asm\1769586993658_IZPv.asm(2078) : warning A4025:ENDP found before .ENDPROLOG : ConflictDetector_CheckDeadlock
D:\rawrxd\history\all_versions\src\agentic\RawrXD_Complete_Explicit.asm\1769586993658_IZPv.asm(2078) : error A2247:size of prolog too big, must be < 256 bytes
D:\rawrxd\history\all_versions\src\agentic\RawrXD_Complete_Explicit.asm\1769586993658_IZPv.asm(2078) : error A2220:Missing .ENDPROLOG
D:\rawrxd\history\all_versions\src\agentic\RawrXD_Complete_Explicit.asm\1769586993658_IZPv.asm(2149) : warning A4025:ENDP found before .ENDPROLOG : DFS_Deadlock
D:\rawrxd\history\all_versions\src\agentic\RawrXD_Complete_Explicit.asm\1769586993658_IZPv.asm(2149) : error A2247:size of prolog too big, must be < 256 bytes
D:\rawrxd\history\all_versions\src\agentic\RawrXD_Complete_Explicit.asm\1769586993658_IZPv.asm(2149) : error A2220:Missing .ENDPROLOG
D:\rawrxd\history\all_versions\src\agentic\RawrXD_Complete_Explicit.asm\1769586993658_IZPv.asm(2189) : warning A4025:ENDP found before .ENDPROLOG : DeadlockDetectionThread
D:\rawrxd\history\all_versions\src\agentic\RawrXD_Complete_Explicit.asm\1769586993658_IZPv.asm(2189) : error A2247:size of prolog too big, must be < 256 bytes
D:\rawrxd\history\all_versions\src\agentic\RawrXD_Complete_Explicit.asm\1769586993658_IZPv.asm(2189) : error A2220:Missing .ENDPROLOG
D:\rawrxd\history\all_versions\src\agentic\RawrXD_Complete_Explicit.asm\1769586993658_IZPv.asm(2312) : warning A4025:ENDP found before .ENDPROLOG : Heartbeat_Initialize
D:\rawrxd\history\all_versions\src\agentic\RawrXD_Complete_Explicit.asm\1769586993658_IZPv.asm(2312) : error A2247:size of prolog too big, must be < 256 bytes
D:\rawrxd\history\all_versions\src\agentic\RawrXD_Complete_Explicit.asm\1769586993658_IZPv.asm(2312) : error A2220:Missing .ENDPROLOG
D:\rawrxd\history\all_versions\src\agentic\RawrXD_Complete_Explicit.asm\1769586993658_IZPv.asm(2390) : warning A4025:ENDP found before .ENDPROLOG : HeartbeatSendThread
D:\rawrxd\history\all_versions\src\agentic\RawrXD_Complete_Explicit.asm\1769586993658_IZPv.asm(2390) : error A2247:size of prolog too big, must be < 256 bytes
D:\rawrxd\history\all_versions\src\agentic\RawrXD_Complete_Explicit.asm\1769586993658_IZPv.asm(2390) : error A2220:Missing .ENDPROLOG
