 Assembling: D:\rawrxd\history\all_versions\tools\RawrXD_AuditAnything.asm\1769617929482_YeT7.asm
D:\rawrxd\history\all_versions\tools\RawrXD_AuditAnything.asm\1769617929482_YeT7.asm(24) : error A2034:must be in segment block
D:\rawrxd\history\all_versions\tools\RawrXD_AuditAnything.asm\1769617929482_YeT7.asm(26) : error A2034:must be in segment block
D:\rawrxd\history\all_versions\tools\RawrXD_AuditAnything.asm\1769617929482_YeT7.asm(27) : error A2034:must be in segment block
D:\rawrxd\history\all_versions\tools\RawrXD_AuditAnything.asm\1769617929482_YeT7.asm(28) : error A2034:must be in segment block
D:\rawrxd\history\all_versions\tools\RawrXD_AuditAnything.asm\1769617929482_YeT7.asm(29) : error A2034:must be in segment block
D:\rawrxd\history\all_versions\tools\RawrXD_AuditAnything.asm\1769617929482_YeT7.asm(30) : error A2034:must be in segment block
D:\rawrxd\history\all_versions\tools\RawrXD_AuditAnything.asm\1769617929482_YeT7.asm(31) : error A2034:must be in segment block
D:\rawrxd\history\all_versions\tools\RawrXD_AuditAnything.asm\1769617929482_YeT7.asm(33) : error A2034:must be in segment block
D:\rawrxd\history\all_versions\tools\RawrXD_AuditAnything.asm\1769617929482_YeT7.asm(34) : error A2034:must be in segment block
D:\rawrxd\history\all_versions\tools\RawrXD_AuditAnything.asm\1769617929482_YeT7.asm(35) : error A2034:must be in segment block
D:\rawrxd\history\all_versions\tools\RawrXD_AuditAnything.asm\1769617929482_YeT7.asm(36) : error A2034:must be in segment block
D:\rawrxd\history\all_versions\tools\RawrXD_AuditAnything.asm\1769617929482_YeT7.asm(37) : error A2045:missing angle bracket or brace in literal
D:\rawrxd\history\all_versions\tools\RawrXD_AuditAnything.asm\1769617929482_YeT7.asm(242) : error A2008:syntax error : .
D:\rawrxd\history\all_versions\tools\RawrXD_AuditAnything.asm\1769617929482_YeT7.asm(244) : error A2008:syntax error : .
D:\rawrxd\history\all_versions\tools\RawrXD_AuditAnything.asm\1769617929482_YeT7.asm(246) : error A2008:syntax error : .
D:\rawrxd\history\all_versions\tools\RawrXD_AuditAnything.asm\1769617929482_YeT7.asm(248) : error A2008:syntax error : .
D:\rawrxd\history\all_versions\tools\RawrXD_AuditAnything.asm\1769617929482_YeT7.asm(250) : error A2008:syntax error : .
D:\rawrxd\history\all_versions\tools\RawrXD_AuditAnything.asm\1769617929482_YeT7.asm(251) : error A2008:syntax error : .
D:\rawrxd\history\all_versions\tools\RawrXD_AuditAnything.asm\1769617929482_YeT7.asm(259) : error A2008:syntax error : .
D:\rawrxd\history\all_versions\tools\RawrXD_AuditAnything.asm\1769617929482_YeT7.asm(274) : error A2008:syntax error : .
D:\rawrxd\history\all_versions\tools\RawrXD_AuditAnything.asm\1769617929482_YeT7.asm(282) : error A2008:syntax error : .
D:\rawrxd\history\all_versions\tools\RawrXD_AuditAnything.asm\1769617929482_YeT7.asm(72) : error A2006:undefined symbol : RawText
D:\rawrxd\history\all_versions\tools\RawrXD_AuditAnything.asm\1769617929482_YeT7.asm(81) : error A2006:undefined symbol : RawText
D:\rawrxd\history\all_versions\tools\RawrXD_AuditAnything.asm\1769617929482_YeT7.asm(104) : error A2006:undefined symbol : RawText
D:\rawrxd\history\all_versions\tools\RawrXD_AuditAnything.asm\1769617929482_YeT7.asm(113) : error A2006:undefined symbol : LangDetect
D:\rawrxd\history\all_versions\tools\RawrXD_AuditAnything.asm\1769617929482_YeT7.asm(117) : error A2006:undefined symbol : JsonPrefix
D:\rawrxd\history\all_versions\tools\RawrXD_AuditAnything.asm\1769617929482_YeT7.asm(122) : error A2006:undefined symbol : LangDetect
D:\rawrxd\history\all_versions\tools\RawrXD_AuditAnything.asm\1769617929482_YeT7.asm(126) : error A2006:undefined symbol : JsonMid
D:\rawrxd\history\all_versions\tools\RawrXD_AuditAnything.asm\1769617929482_YeT7.asm(130) : error A2006:undefined symbol : RawText
D:\rawrxd\history\all_versions\tools\RawrXD_AuditAnything.asm\1769617929482_YeT7.asm(134) : error A2006:undefined symbol : JsonSuffix
D:\rawrxd\history\all_versions\tools\RawrXD_AuditAnything.asm\1769617929482_YeT7.asm(143) : error A2006:undefined symbol : ContentLenStr
D:\rawrxd\history\all_versions\tools\RawrXD_AuditAnything.asm\1769617929482_YeT7.asm(159) : error A2006:undefined symbol : OllamaHost
D:\rawrxd\history\all_versions\tools\RawrXD_AuditAnything.asm\1769617929482_YeT7.asm(170) : error A2006:undefined symbol : HttpHeader
D:\rawrxd\history\all_versions\tools\RawrXD_AuditAnything.asm\1769617929482_YeT7.asm(171) : error A2006:undefined symbol : ContentLenStr
D:\rawrxd\history\all_versions\tools\RawrXD_AuditAnything.asm\1769617929482_YeT7.asm(172) : error A2006:undefined symbol : HttpHeader
D:\rawrxd\history\all_versions\tools\RawrXD_AuditAnything.asm\1769617929482_YeT7.asm(215) : error A2006:undefined symbol : RawText
D:\rawrxd\history\all_versions\tools\RawrXD_AuditAnything.asm\1769617929482_YeT7.asm(219) : error A2006:undefined symbol : raw
D:\rawrxd\history\all_versions\tools\RawrXD_AuditAnything.asm\1769617929482_YeT7.asm(226) : error A2006:undefined symbol : ps
D:\rawrxd\history\all_versions\tools\RawrXD_AuditAnything.asm\1769617929482_YeT7.asm(230) : error A2006:undefined symbol : js
D:\rawrxd\history\all_versions\tools\RawrXD_AuditAnything.asm\1769617929482_YeT7.asm(234) : error A2006:undefined symbol : py
D:\rawrxd\history\all_versions\tools\RawrXD_AuditAnything.asm\1769617929482_YeT7.asm(238) : error A2006:undefined symbol : cpp
D:\rawrxd\history\all_versions\tools\RawrXD_AuditAnything.asm\1769617929482_YeT7.asm(240) : error A2006:undefined symbol : raw
D:\rawrxd\history\all_versions\tools\RawrXD_AuditAnything.asm\1769617929482_YeT7.asm(243) : error A2006:undefined symbol : copy
D:\rawrxd\history\all_versions\tools\RawrXD_AuditAnything.asm\1769617929482_YeT7.asm(245) : error A2006:undefined symbol : copy
D:\rawrxd\history\all_versions\tools\RawrXD_AuditAnything.asm\1769617929482_YeT7.asm(247) : error A2006:undefined symbol : copy
D:\rawrxd\history\all_versions\tools\RawrXD_AuditAnything.asm\1769617929482_YeT7.asm(249) : error A2006:undefined symbol : copy
D:\rawrxd\history\all_versions\tools\RawrXD_AuditAnything.asm\1769617929482_YeT7.asm(262) : error A2006:undefined symbol : copy
D:\rawrxd\history\all_versions\tools\RawrXD_AuditAnything.asm\1769617929482_YeT7.asm(280) : error A2006:undefined symbol : loop
D:\rawrxd\history\all_versions\tools\RawrXD_AuditAnything.asm\1769617929482_YeT7.asm(284) : error A2006:undefined symbol : store
