 Assembling: D:\rawrxd\history\all_versions\src\agentic\RawrXD_Complete_Explicit.asm\1769586919187_692E.asm
D:\rawrxd\history\all_versions\src\agentic\RawrXD_Complete_Explicit.asm\1769586919187_692E.asm(462) : error A2006:undefined symbol : status_lock
D:\rawrxd\history\all_versions\src\agentic\RawrXD_Complete_Explicit.asm\1769586919187_692E.asm(470) : error A2006:undefined symbol : status_lock
D:\rawrxd\history\all_versions\src\agentic\RawrXD_Complete_Explicit.asm\1769586919187_692E.asm(478) : error A2006:undefined symbol : status_lock
D:\rawrxd\history\all_versions\src\agentic\RawrXD_Complete_Explicit.asm\1769586919187_692E.asm(486) : error A2006:undefined symbol : status_lock
D:\rawrxd\history\all_versions\src\agentic\RawrXD_Complete_Explicit.asm\1769586919187_692E.asm(714) : error A2006:undefined symbol : hdd_path
D:\rawrxd\history\all_versions\src\agentic\RawrXD_Complete_Explicit.asm\1769586919187_692E.asm(719) : error A2006:undefined symbol : hdd_path
D:\rawrxd\history\all_versions\src\agentic\RawrXD_Complete_Explicit.asm\1769586919187_692E.asm(736) : error A2006:undefined symbol : hdd_file_size
D:\rawrxd\history\all_versions\src\agentic\RawrXD_Complete_Explicit.asm\1769586919187_692E.asm(741) : error A2006:undefined symbol : hdd_file_handle
D:\rawrxd\history\all_versions\src\agentic\RawrXD_Complete_Explicit.asm\1769586919187_692E.asm(746) : error A2006:undefined symbol : io_completion_port
D:\rawrxd\history\all_versions\src\agentic\RawrXD_Complete_Explicit.asm\1769586919187_692E.asm(752) : error A2006:undefined symbol : slot_count
D:\rawrxd\history\all_versions\src\agentic\RawrXD_Complete_Explicit.asm\1769586919187_692E.asm(757) : error A2006:undefined symbol : slots
D:\rawrxd\history\all_versions\src\agentic\RawrXD_Complete_Explicit.asm\1769586919187_692E.asm(764) : error A2006:undefined symbol : slot_count
D:\rawrxd\history\all_versions\src\agentic\RawrXD_Complete_Explicit.asm\1769586919187_692E.asm(805) : error A2006:undefined symbol : shutdown_event
D:\rawrxd\history\all_versions\src\agentic\RawrXD_Complete_Explicit.asm\1769586919187_692E.asm(808) : error A2006:undefined symbol : io_thread_count
D:\rawrxd\history\all_versions\src\agentic\RawrXD_Complete_Explicit.asm\1769586919187_692E.asm(825) : error A2006:undefined symbol : io_threads
D:\rawrxd\history\all_versions\src\agentic\RawrXD_Complete_Explicit.asm\1769586919187_692E.asm(1119) : error A2081:missing operand after unary operator
D:\rawrxd\history\all_versions\src\agentic\RawrXD_Complete_Explicit.asm\1769586919187_692E.asm(578) : warning A4025:ENDP found before .ENDPROLOG : InitCRC32Table
D:\rawrxd\history\all_versions\src\agentic\RawrXD_Complete_Explicit.asm\1769586919187_692E.asm(578) : error A2247:size of prolog too big, must be < 256 bytes
D:\rawrxd\history\all_versions\src\agentic\RawrXD_Complete_Explicit.asm\1769586919187_692E.asm(578) : error A2220:Missing .ENDPROLOG
D:\rawrxd\history\all_versions\src\agentic\RawrXD_Complete_Explicit.asm\1769586919187_692E.asm(656) : warning A4025:ENDP found before .ENDPROLOG : Infinity_ClassifyModel
D:\rawrxd\history\all_versions\src\agentic\RawrXD_Complete_Explicit.asm\1769586919187_692E.asm(671) : warning A4025:ENDP found before .ENDPROLOG : Infinity_GetSlotCount
D:\rawrxd\history\all_versions\src\agentic\RawrXD_Complete_Explicit.asm\1769586919187_692E.asm(959) : warning A4025:ENDP found before .ENDPROLOG : INFINITY_IOThreadProc
D:\rawrxd\history\all_versions\src\agentic\RawrXD_Complete_Explicit.asm\1769586919187_692E.asm(1044) : warning A4025:ENDP found before .ENDPROLOG : INFINITY_CheckQuadBuffer
D:\rawrxd\history\all_versions\src\agentic\RawrXD_Complete_Explicit.asm\1769586919187_692E.asm(1203) : warning A4025:ENDP found before .ENDPROLOG : INFINITY_RotateBuffers
D:\rawrxd\history\all_versions\src\agentic\RawrXD_Complete_Explicit.asm\1769586919187_692E.asm(1203) : error A2247:size of prolog too big, must be < 256 bytes
D:\rawrxd\history\all_versions\src\agentic\RawrXD_Complete_Explicit.asm\1769586919187_692E.asm(1203) : error A2220:Missing .ENDPROLOG
D:\rawrxd\history\all_versions\src\agentic\RawrXD_Complete_Explicit.asm\1769586919187_692E.asm(1234) : warning A4025:ENDP found before .ENDPROLOG : INFINITY_HandleYTfnTrap
D:\rawrxd\history\all_versions\src\agentic\RawrXD_Complete_Explicit.asm\1769586919187_692E.asm(1234) : error A2247:size of prolog too big, must be < 256 bytes
D:\rawrxd\history\all_versions\src\agentic\RawrXD_Complete_Explicit.asm\1769586919187_692E.asm(1234) : error A2220:Missing .ENDPROLOG
D:\rawrxd\history\all_versions\src\agentic\RawrXD_Complete_Explicit.asm\1769586919187_692E.asm(1308) : warning A4025:ENDP found before .ENDPROLOG : INFINITY_Shutdown
D:\rawrxd\history\all_versions\src\agentic\RawrXD_Complete_Explicit.asm\1769586919187_692E.asm(1308) : error A2247:size of prolog too big, must be < 256 bytes
D:\rawrxd\history\all_versions\src\agentic\RawrXD_Complete_Explicit.asm\1769586919187_692E.asm(1308) : error A2220:Missing .ENDPROLOG
D:\rawrxd\history\all_versions\src\agentic\RawrXD_Complete_Explicit.asm\1769586919187_692E.asm(1417) : warning A4025:ENDP found before .ENDPROLOG : Scheduler_Initialize
D:\rawrxd\history\all_versions\src\agentic\RawrXD_Complete_Explicit.asm\1769586919187_692E.asm(1417) : error A2247:size of prolog too big, must be < 256 bytes
D:\rawrxd\history\all_versions\src\agentic\RawrXD_Complete_Explicit.asm\1769586919187_692E.asm(1417) : error A2220:Missing .ENDPROLOG
D:\rawrxd\history\all_versions\src\agentic\RawrXD_Complete_Explicit.asm\1769586919187_692E.asm(1500) : warning A4025:ENDP found before .ENDPROLOG : WorkerThreadProc
D:\rawrxd\history\all_versions\src\agentic\RawrXD_Complete_Explicit.asm\1769586919187_692E.asm(1500) : error A2247:size of prolog too big, must be < 256 bytes
D:\rawrxd\history\all_versions\src\agentic\RawrXD_Complete_Explicit.asm\1769586919187_692E.asm(1500) : error A2220:Missing .ENDPROLOG
D:\rawrxd\history\all_versions\src\agentic\RawrXD_Complete_Explicit.asm\1769586919187_692E.asm(1563) : warning A4025:ENDP found before .ENDPROLOG : Worker_GetWork
D:\rawrxd\history\all_versions\src\agentic\RawrXD_Complete_Explicit.asm\1769586919187_692E.asm(1563) : error A2247:size of prolog too big, must be < 256 bytes
D:\rawrxd\history\all_versions\src\agentic\RawrXD_Complete_Explicit.asm\1769586919187_692E.asm(1563) : error A2220:Missing .ENDPROLOG
D:\rawrxd\history\all_versions\src\agentic\RawrXD_Complete_Explicit.asm\1769586919187_692E.asm(1596) : warning A4025:ENDP found before .ENDPROLOG : Worker_PopLocal
D:\rawrxd\history\all_versions\src\agentic\RawrXD_Complete_Explicit.asm\1769586919187_692E.asm(1596) : error A2247:size of prolog too big, must be < 256 bytes
D:\rawrxd\history\all_versions\src\agentic\RawrXD_Complete_Explicit.asm\1769586919187_692E.asm(1596) : error A2220:Missing .ENDPROLOG
D:\rawrxd\history\all_versions\src\agentic\RawrXD_Complete_Explicit.asm\1769586919187_692E.asm(1658) : warning A4025:ENDP found before .ENDPROLOG : Worker_StealFrom
D:\rawrxd\history\all_versions\src\agentic\RawrXD_Complete_Explicit.asm\1769586919187_692E.asm(1658) : error A2247:size of prolog too big, must be < 256 bytes
D:\rawrxd\history\all_versions\src\agentic\RawrXD_Complete_Explicit.asm\1769586919187_692E.asm(1658) : error A2220:Missing .ENDPROLOG
D:\rawrxd\history\all_versions\src\agentic\RawrXD_Complete_Explicit.asm\1769586919187_692E.asm(1761) : warning A4025:ENDP found before .ENDPROLOG : Scheduler_SubmitTask
D:\rawrxd\history\all_versions\src\agentic\RawrXD_Complete_Explicit.asm\1769586919187_692E.asm(1761) : error A2247:size of prolog too big, must be < 256 bytes
D:\rawrxd\history\all_versions\src\agentic\RawrXD_Complete_Explicit.asm\1769586919187_692E.asm(1761) : error A2220:Missing .ENDPROLOG
D:\rawrxd\history\all_versions\src\agentic\RawrXD_Complete_Explicit.asm\1769586919187_692E.asm(1791) : warning A4025:ENDP found before .ENDPROLOG : Scheduler_PopGlobal
D:\rawrxd\history\all_versions\src\agentic\RawrXD_Complete_Explicit.asm\1769586919187_692E.asm(1791) : error A2247:size of prolog too big, must be < 256 bytes
D:\rawrxd\history\all_versions\src\agentic\RawrXD_Complete_Explicit.asm\1769586919187_692E.asm(1791) : error A2220:Missing .ENDPROLOG
D:\rawrxd\history\all_versions\src\agentic\RawrXD_Complete_Explicit.asm\1769586919187_692E.asm(1868) : warning A4025:ENDP found before .ENDPROLOG : ConflictDetector_Initialize
D:\rawrxd\history\all_versions\src\agentic\RawrXD_Complete_Explicit.asm\1769586919187_692E.asm(1868) : error A2247:size of prolog too big, must be < 256 bytes
D:\rawrxd\history\all_versions\src\agentic\RawrXD_Complete_Explicit.asm\1769586919187_692E.asm(1868) : error A2220:Missing .ENDPROLOG
D:\rawrxd\history\all_versions\src\agentic\RawrXD_Complete_Explicit.asm\1769586919187_692E.asm(1913) : warning A4025:ENDP found before .ENDPROLOG : ConflictDetector_RegisterResource
D:\rawrxd\history\all_versions\src\agentic\RawrXD_Complete_Explicit.asm\1769586919187_692E.asm(1913) : error A2247:size of prolog too big, must be < 256 bytes
D:\rawrxd\history\all_versions\src\agentic\RawrXD_Complete_Explicit.asm\1769586919187_692E.asm(1913) : error A2220:Missing .ENDPROLOG
D:\rawrxd\history\all_versions\src\agentic\RawrXD_Complete_Explicit.asm\1769586919187_692E.asm(2030) : warning A4025:ENDP found before .ENDPROLOG : ConflictDetector_LockResource
D:\rawrxd\history\all_versions\src\agentic\RawrXD_Complete_Explicit.asm\1769586919187_692E.asm(2030) : error A2247:size of prolog too big, must be < 256 bytes
D:\rawrxd\history\all_versions\src\agentic\RawrXD_Complete_Explicit.asm\1769586919187_692E.asm(2030) : error A2220:Missing .ENDPROLOG
D:\rawrxd\history\all_versions\src\agentic\RawrXD_Complete_Explicit.asm\1769586919187_692E.asm(2070) : warning A4025:ENDP found before .ENDPROLOG : ConflictDetector_CheckDeadlock
D:\rawrxd\history\all_versions\src\agentic\RawrXD_Complete_Explicit.asm\1769586919187_692E.asm(2070) : error A2247:size of prolog too big, must be < 256 bytes
D:\rawrxd\history\all_versions\src\agentic\RawrXD_Complete_Explicit.asm\1769586919187_692E.asm(2070) : error A2220:Missing .ENDPROLOG
D:\rawrxd\history\all_versions\src\agentic\RawrXD_Complete_Explicit.asm\1769586919187_692E.asm(2141) : warning A4025:ENDP found before .ENDPROLOG : DFS_Deadlock
D:\rawrxd\history\all_versions\src\agentic\RawrXD_Complete_Explicit.asm\1769586919187_692E.asm(2141) : error A2247:size of prolog too big, must be < 256 bytes
D:\rawrxd\history\all_versions\src\agentic\RawrXD_Complete_Explicit.asm\1769586919187_692E.asm(2141) : error A2220:Missing .ENDPROLOG
D:\rawrxd\history\all_versions\src\agentic\RawrXD_Complete_Explicit.asm\1769586919187_692E.asm(2181) : warning A4025:ENDP found before .ENDPROLOG : DeadlockDetectionThread
D:\rawrxd\history\all_versions\src\agentic\RawrXD_Complete_Explicit.asm\1769586919187_692E.asm(2181) : error A2247:size of prolog too big, must be < 256 bytes
D:\rawrxd\history\all_versions\src\agentic\RawrXD_Complete_Explicit.asm\1769586919187_692E.asm(2181) : error A2220:Missing .ENDPROLOG
D:\rawrxd\history\all_versions\src\agentic\RawrXD_Complete_Explicit.asm\1769586919187_692E.asm(2304) : warning A4025:ENDP found before .ENDPROLOG : Heartbeat_Initialize
D:\rawrxd\history\all_versions\src\agentic\RawrXD_Complete_Explicit.asm\1769586919187_692E.asm(2304) : error A2247:size of prolog too big, must be < 256 bytes
D:\rawrxd\history\all_versions\src\agentic\RawrXD_Complete_Explicit.asm\1769586919187_692E.asm(2304) : error A2220:Missing .ENDPROLOG
D:\rawrxd\history\all_versions\src\agentic\RawrXD_Complete_Explicit.asm\1769586919187_692E.asm(2382) : warning A4025:ENDP found before .ENDPROLOG : HeartbeatSendThread
D:\rawrxd\history\all_versions\src\agentic\RawrXD_Complete_Explicit.asm\1769586919187_692E.asm(2382) : error A2247:size of prolog too big, must be < 256 bytes
D:\rawrxd\history\all_versions\src\agentic\RawrXD_Complete_Explicit.asm\1769586919187_692E.asm(2382) : error A2220:Missing .ENDPROLOG
