 Assembling: D:\rawrxd\history\all_versions\src\agentic\RawrXD_Complete_Explicit.asm\1769580087654_mKYV.asm
D:\rawrxd\history\all_versions\src\agentic\RawrXD_Complete_Explicit.asm\1769580087654_mKYV.asm(347) : error A2189:invalid combination with segment alignment : 64
D:\rawrxd\history\all_versions\src\agentic\RawrXD_Complete_Explicit.asm\1769580087654_mKYV.asm(350) : error A2189:invalid combination with segment alignment : 64
D:\rawrxd\history\all_versions\src\agentic\RawrXD_Complete_Explicit.asm\1769580087654_mKYV.asm(353) : error A2189:invalid combination with segment alignment : 64
D:\rawrxd\history\all_versions\src\agentic\RawrXD_Complete_Explicit.asm\1769580087654_mKYV.asm(356) : error A2189:invalid combination with segment alignment : 64
D:\rawrxd\history\all_versions\src\agentic\RawrXD_Complete_Explicit.asm\1769580087654_mKYV.asm(359) : error A2189:invalid combination with segment alignment : 64
D:\rawrxd\history\all_versions\src\agentic\RawrXD_Complete_Explicit.asm\1769580087654_mKYV.asm(362) : error A2189:invalid combination with segment alignment : 64
D:\rawrxd\history\all_versions\src\agentic\RawrXD_Complete_Explicit.asm\1769580087654_mKYV.asm(365) : error A2189:invalid combination with segment alignment : 64
D:\rawrxd\history\all_versions\src\agentic\RawrXD_Complete_Explicit.asm\1769580087654_mKYV.asm(369) : error A2189:invalid combination with segment alignment : 64
D:\rawrxd\history\all_versions\src\agentic\RawrXD_Complete_Explicit.asm\1769580087654_mKYV.asm(615) : error A2084:constant value too large
D:\rawrxd\history\all_versions\src\agentic\RawrXD_Complete_Explicit.asm\1769580087654_mKYV.asm(617) : error A2084:constant value too large
D:\rawrxd\history\all_versions\src\agentic\RawrXD_Complete_Explicit.asm\1769580087654_mKYV.asm(619) : error A2084:constant value too large
D:\rawrxd\history\all_versions\src\agentic\RawrXD_Complete_Explicit.asm\1769580087654_mKYV.asm(621) : error A2084:constant value too large
D:\rawrxd\history\all_versions\src\agentic\RawrXD_Complete_Explicit.asm\1769580087654_mKYV.asm(1149) : error A2084:constant value too large
D:\rawrxd\history\all_versions\src\agentic\RawrXD_Complete_Explicit.asm\1769580087654_mKYV.asm(541) : error A2206:missing operator in expression
D:\rawrxd\history\all_versions\src\agentic\RawrXD_Complete_Explicit.asm\1769580087654_mKYV.asm(571) : error A2206:missing operator in expression
D:\rawrxd\history\all_versions\src\agentic\RawrXD_Complete_Explicit.asm\1769580087654_mKYV.asm(580) : error A2206:missing operator in expression
D:\rawrxd\history\all_versions\src\agentic\RawrXD_Complete_Explicit.asm\1769580087654_mKYV.asm(602) : error A2206:missing operator in expression
D:\rawrxd\history\all_versions\src\agentic\RawrXD_Complete_Explicit.asm\1769580087654_mKYV.asm(665) : error A2206:missing operator in expression
D:\rawrxd\history\all_versions\src\agentic\RawrXD_Complete_Explicit.asm\1769580087654_mKYV.asm(819) : error A2206:missing operator in expression
D:\rawrxd\history\all_versions\src\agentic\RawrXD_Complete_Explicit.asm\1769580087654_mKYV.asm(825) : error A2206:missing operator in expression
D:\rawrxd\history\all_versions\src\agentic\RawrXD_Complete_Explicit.asm\1769580087654_mKYV.asm(833) : error A2206:missing operator in expression
D:\rawrxd\history\all_versions\src\agentic\RawrXD_Complete_Explicit.asm\1769580087654_mKYV.asm(876) : error A2083:invalid scale value
D:\rawrxd\history\all_versions\src\agentic\RawrXD_Complete_Explicit.asm\1769580087654_mKYV.asm(911) : error A2206:missing operator in expression
D:\rawrxd\history\all_versions\src\agentic\RawrXD_Complete_Explicit.asm\1769580087654_mKYV.asm(921) : error A2206:missing operator in expression
D:\rawrxd\history\all_versions\src\agentic\RawrXD_Complete_Explicit.asm\1769580087654_mKYV.asm(953) : error A2206:missing operator in expression
D:\rawrxd\history\all_versions\src\agentic\RawrXD_Complete_Explicit.asm\1769580087654_mKYV.asm(972) : error A2206:missing operator in expression
D:\rawrxd\history\all_versions\src\agentic\RawrXD_Complete_Explicit.asm\1769580087654_mKYV.asm(981) : error A2206:missing operator in expression
D:\rawrxd\history\all_versions\src\agentic\RawrXD_Complete_Explicit.asm\1769580087654_mKYV.asm(989) : error A2206:missing operator in expression
D:\rawrxd\history\all_versions\src\agentic\RawrXD_Complete_Explicit.asm\1769580087654_mKYV.asm(1052) : error A2081:missing operand after unary operator
D:\rawrxd\history\all_versions\src\agentic\RawrXD_Complete_Explicit.asm\1769580087654_mKYV.asm(1127) : error A2206:missing operator in expression
D:\rawrxd\history\all_versions\src\agentic\RawrXD_Complete_Explicit.asm\1769580087654_mKYV.asm(1163) : error A2206:missing operator in expression
D:\rawrxd\history\all_versions\src\agentic\RawrXD_Complete_Explicit.asm\1769580087654_mKYV.asm(1219) : error A2206:missing operator in expression
D:\rawrxd\history\all_versions\src\agentic\RawrXD_Complete_Explicit.asm\1769580087654_mKYV.asm(1231) : error A2206:missing operator in expression
D:\rawrxd\history\all_versions\src\agentic\RawrXD_Complete_Explicit.asm\1769580087654_mKYV.asm(1316) : error A2206:missing operator in expression
D:\rawrxd\history\all_versions\src\agentic\RawrXD_Complete_Explicit.asm\1769580087654_mKYV.asm(1324) : error A2206:missing operator in expression
D:\rawrxd\history\all_versions\src\agentic\RawrXD_Complete_Explicit.asm\1769580087654_mKYV.asm(1387) : error A2206:missing operator in expression
D:\rawrxd\history\all_versions\src\agentic\RawrXD_Complete_Explicit.asm\1769580087654_mKYV.asm(1393) : error A2206:missing operator in expression
D:\rawrxd\history\all_versions\src\agentic\RawrXD_Complete_Explicit.asm\1769580087654_mKYV.asm(1438) : error A2206:missing operator in expression
D:\rawrxd\history\all_versions\src\agentic\RawrXD_Complete_Explicit.asm\1769580087654_mKYV.asm(1479) : error A2206:missing operator in expression
D:\rawrxd\history\all_versions\src\agentic\RawrXD_Complete_Explicit.asm\1769580087654_mKYV.asm(1529) : error A2206:missing operator in expression
D:\rawrxd\history\all_versions\src\agentic\RawrXD_Complete_Explicit.asm\1769580087654_mKYV.asm(1537) : error A2206:missing operator in expression
D:\rawrxd\history\all_versions\src\agentic\RawrXD_Complete_Explicit.asm\1769580087654_mKYV.asm(1620) : error A2206:missing operator in expression
D:\rawrxd\history\all_versions\src\agentic\RawrXD_Complete_Explicit.asm\1769580087654_mKYV.asm(1660) : error A2206:missing operator in expression
D:\rawrxd\history\all_versions\src\agentic\RawrXD_Complete_Explicit.asm\1769580087654_mKYV.asm(1715) : error A2206:missing operator in expression
D:\rawrxd\history\all_versions\src\agentic\RawrXD_Complete_Explicit.asm\1769580087654_mKYV.asm(1768) : error A2206:missing operator in expression
D:\rawrxd\history\all_versions\src\agentic\RawrXD_Complete_Explicit.asm\1769580087654_mKYV.asm(1865) : error A2206:missing operator in expression
D:\rawrxd\history\all_versions\src\agentic\RawrXD_Complete_Explicit.asm\1769580087654_mKYV.asm(1874) : error A2206:missing operator in expression
D:\rawrxd\history\all_versions\src\agentic\RawrXD_Complete_Explicit.asm\1769580087654_mKYV.asm(1893) : error A2206:missing operator in expression
D:\rawrxd\history\all_versions\src\agentic\RawrXD_Complete_Explicit.asm\1769580087654_mKYV.asm(1900) : error A2206:missing operator in expression
D:\rawrxd\history\all_versions\src\agentic\RawrXD_Complete_Explicit.asm\1769580087654_mKYV.asm(1952) : error A2206:missing operator in expression
D:\rawrxd\history\all_versions\src\agentic\RawrXD_Complete_Explicit.asm\1769580087654_mKYV.asm(1958) : error A2206:missing operator in expression
D:\rawrxd\history\all_versions\src\agentic\RawrXD_Complete_Explicit.asm\1769580087654_mKYV.asm(1979) : error A2206:missing operator in expression
D:\rawrxd\history\all_versions\src\agentic\RawrXD_Complete_Explicit.asm\1769580087654_mKYV.asm(1992) : error A2206:missing operator in expression
D:\rawrxd\history\all_versions\src\agentic\RawrXD_Complete_Explicit.asm\1769580087654_mKYV.asm(2091) : error A2206:missing operator in expression
D:\rawrxd\history\all_versions\src\agentic\RawrXD_Complete_Explicit.asm\1769580087654_mKYV.asm(2097) : error A2206:missing operator in expression
D:\rawrxd\history\all_versions\src\agentic\RawrXD_Complete_Explicit.asm\1769580087654_mKYV.asm(2156) : error A2206:missing operator in expression
D:\rawrxd\history\all_versions\src\agentic\RawrXD_Complete_Explicit.asm\1769580087654_mKYV.asm(2163) : error A2206:missing operator in expression
D:\rawrxd\history\all_versions\src\agentic\RawrXD_Complete_Explicit.asm\1769580087654_mKYV.asm(2178) : error A2022:instruction operands must be the same size
D:\rawrxd\history\all_versions\src\agentic\RawrXD_Complete_Explicit.asm\1769580087654_mKYV.asm(2194) : error A2206:missing operator in expression
D:\rawrxd\history\all_versions\src\agentic\RawrXD_Complete_Explicit.asm\1769580087654_mKYV.asm(2201) : error A2206:missing operator in expression
D:\rawrxd\history\all_versions\src\agentic\RawrXD_Complete_Explicit.asm\1769580087654_mKYV.asm(2272) : error A2206:missing operator in expression
D:\rawrxd\history\all_versions\src\agentic\RawrXD_Complete_Explicit.asm\1769580087654_mKYV.asm(348) : error A2167:unexpected literal found in expression
D:\rawrxd\history\all_versions\src\agentic\RawrXD_Complete_Explicit.asm\1769580087654_mKYV.asm(351) : error A2167:unexpected literal found in expression
D:\rawrxd\history\all_versions\src\agentic\RawrXD_Complete_Explicit.asm\1769580087654_mKYV.asm(354) : error A2167:unexpected literal found in expression
D:\rawrxd\history\all_versions\src\agentic\RawrXD_Complete_Explicit.asm\1769580087654_mKYV.asm(462) : warning A4025:ENDP found before .ENDPROLOG : Infinity_InitLocks
D:\rawrxd\history\all_versions\src\agentic\RawrXD_Complete_Explicit.asm\1769580087654_mKYV.asm(462) : error A2247:size of prolog too big, must be < 256 bytes
D:\rawrxd\history\all_versions\src\agentic\RawrXD_Complete_Explicit.asm\1769580087654_mKYV.asm(462) : error A2220:Missing .ENDPROLOG
D:\rawrxd\history\all_versions\src\agentic\RawrXD_Complete_Explicit.asm\1769580087654_mKYV.asm(469) : warning A4025:ENDP found before .ENDPROLOG : Infinity_LockStatusShared
D:\rawrxd\history\all_versions\src\agentic\RawrXD_Complete_Explicit.asm\1769580087654_mKYV.asm(476) : warning A4025:ENDP found before .ENDPROLOG : Infinity_UnlockStatusShared
D:\rawrxd\history\all_versions\src\agentic\RawrXD_Complete_Explicit.asm\1769580087654_mKYV.asm(483) : warning A4025:ENDP found before .ENDPROLOG : Infinity_LockStatusExclusive
D:\rawrxd\history\all_versions\src\agentic\RawrXD_Complete_Explicit.asm\1769580087654_mKYV.asm(490) : warning A4025:ENDP found before .ENDPROLOG : Infinity_UnlockStatusExclusive
D:\rawrxd\history\all_versions\src\agentic\RawrXD_Complete_Explicit.asm\1769580087654_mKYV.asm(523) : warning A4025:ENDP found before .ENDPROLOG : AllocateDMABuffer
D:\rawrxd\history\all_versions\src\agentic\RawrXD_Complete_Explicit.asm\1769580087654_mKYV.asm(533) : warning A4025:ENDP found before .ENDPROLOG : FreeDMABuffer
D:\rawrxd\history\all_versions\src\agentic\RawrXD_Complete_Explicit.asm\1769580087654_mKYV.asm(573) : warning A4025:ENDP found before .ENDPROLOG : InitCRC32Table
D:\rawrxd\history\all_versions\src\agentic\RawrXD_Complete_Explicit.asm\1769580087654_mKYV.asm(604) : warning A4025:ENDP found before .ENDPROLOG : CalculateCRC32
D:\rawrxd\history\all_versions\src\agentic\RawrXD_Complete_Explicit.asm\1769580087654_mKYV.asm(643) : warning A4025:ENDP found before .ENDPROLOG : Infinity_ClassifyModel
D:\rawrxd\history\all_versions\src\agentic\RawrXD_Complete_Explicit.asm\1769580087654_mKYV.asm(658) : warning A4025:ENDP found before .ENDPROLOG : Infinity_GetSlotCount
D:\rawrxd\history\all_versions\src\agentic\RawrXD_Complete_Explicit.asm\1769580087654_mKYV.asm(914) : warning A4025:ENDP found before .ENDPROLOG : INFINITY_IOThreadProc
D:\rawrxd\history\all_versions\src\agentic\RawrXD_Complete_Explicit.asm\1769580087654_mKYV.asm(983) : warning A4025:ENDP found before .ENDPROLOG : INFINITY_CheckQuadBuffer
D:\rawrxd\history\all_versions\src\agentic\RawrXD_Complete_Explicit.asm\1769580087654_mKYV.asm(1129) : warning A4025:ENDP found before .ENDPROLOG : INFINITY_RotateBuffers
D:\rawrxd\history\all_versions\src\agentic\RawrXD_Complete_Explicit.asm\1769580087654_mKYV.asm(1159) : warning A4025:ENDP found before .ENDPROLOG : INFINITY_HandleYTfnTrap
D:\rawrxd\history\all_versions\src\agentic\RawrXD_Complete_Explicit.asm\1769580087654_mKYV.asm(1221) : warning A4025:ENDP found before .ENDPROLOG : INFINITY_Shutdown
D:\rawrxd\history\all_versions\src\agentic\RawrXD_Complete_Explicit.asm\1769580087654_mKYV.asm(1318) : warning A4025:ENDP found before .ENDPROLOG : Scheduler_Initialize
D:\rawrxd\history\all_versions\src\agentic\RawrXD_Complete_Explicit.asm\1769580087654_mKYV.asm(1389) : warning A4025:ENDP found before .ENDPROLOG : WorkerThreadProc
D:\rawrxd\history\all_versions\src\agentic\RawrXD_Complete_Explicit.asm\1769580087654_mKYV.asm(1440) : warning A4025:ENDP found before .ENDPROLOG : Worker_GetWork
D:\rawrxd\history\all_versions\src\agentic\RawrXD_Complete_Explicit.asm\1769580087654_mKYV.asm(1473) : warning A4025:ENDP found before .ENDPROLOG : Worker_PopLocal
D:\rawrxd\history\all_versions\src\agentic\RawrXD_Complete_Explicit.asm\1769580087654_mKYV.asm(1531) : warning A4025:ENDP found before .ENDPROLOG : Worker_StealFrom
D:\rawrxd\history\all_versions\src\agentic\RawrXD_Complete_Explicit.asm\1769580087654_mKYV.asm(1622) : warning A4025:ENDP found before .ENDPROLOG : Scheduler_SubmitTask
D:\rawrxd\history\all_versions\src\agentic\RawrXD_Complete_Explicit.asm\1769580087654_mKYV.asm(1652) : warning A4025:ENDP found before .ENDPROLOG : Scheduler_PopGlobal
D:\rawrxd\history\all_versions\src\agentic\RawrXD_Complete_Explicit.asm\1769580087654_mKYV.asm(1717) : warning A4025:ENDP found before .ENDPROLOG : ConflictDetector_Initialize
D:\rawrxd\history\all_versions\src\agentic\RawrXD_Complete_Explicit.asm\1769580087654_mKYV.asm(1762) : warning A4025:ENDP found before .ENDPROLOG : ConflictDetector_RegisterResource
D:\rawrxd\history\all_versions\src\agentic\RawrXD_Complete_Explicit.asm\1769580087654_mKYV.asm(1867) : warning A4025:ENDP found before .ENDPROLOG : ConflictDetector_LockResource
D:\rawrxd\history\all_versions\src\agentic\RawrXD_Complete_Explicit.asm\1769580087654_mKYV.asm(1895) : warning A4025:ENDP found before .ENDPROLOG : ConflictDetector_CheckDeadlock
D:\rawrxd\history\all_versions\src\agentic\RawrXD_Complete_Explicit.asm\1769580087654_mKYV.asm(1954) : warning A4025:ENDP found before .ENDPROLOG : DFS_Deadlock
D:\rawrxd\history\all_versions\src\agentic\RawrXD_Complete_Explicit.asm\1769580087654_mKYV.asm(1982) : warning A4025:ENDP found before .ENDPROLOG : DeadlockDetectionThread
D:\rawrxd\history\all_versions\src\agentic\RawrXD_Complete_Explicit.asm\1769580087654_mKYV.asm(2093) : warning A4025:ENDP found before .ENDPROLOG : Heartbeat_Initialize
D:\rawrxd\history\all_versions\src\agentic\RawrXD_Complete_Explicit.asm\1769580087654_mKYV.asm(2159) : warning A4025:ENDP found before .ENDPROLOG : HeartbeatSendThread
D:\rawrxd\history\all_versions\src\agentic\RawrXD_Complete_Explicit.asm\1769580087654_mKYV.asm(2197) : warning A4025:ENDP found before .ENDPROLOG : HeartbeatRecvThread
D:\rawrxd\history\all_versions\src\agentic\RawrXD_Complete_Explicit.asm\1769580087654_mKYV.asm(2275) : warning A4025:ENDP found before .ENDPROLOG : HeartbeatMonitorThread
D:\rawrxd\history\all_versions\src\agentic\RawrXD_Complete_Explicit.asm\1769580087654_mKYV.asm(2275) : error A2247:size of prolog too big, must be < 256 bytes
D:\rawrxd\history\all_versions\src\agentic\RawrXD_Complete_Explicit.asm\1769580087654_mKYV.asm(2275) : error A2220:Missing .ENDPROLOG
