 Assembling: D:\rawrxd\history\all_versions\Ship\RawrXD_NativeModelBridge_CLEAN.asm\1769636739563_dRxO.asm
D:\rawrxd\history\all_versions\Ship\RawrXD_NativeModelBridge_CLEAN.asm\1769636739563_dRxO.asm(1044) : error A2070:invalid instruction operands
D:\rawrxd\history\all_versions\Ship\RawrXD_NativeModelBridge_CLEAN.asm\1769636739563_dRxO.asm(251) : error A2206:missing operator in expression
D:\rawrxd\history\all_versions\Ship\RawrXD_NativeModelBridge_CLEAN.asm\1769636739563_dRxO.asm(770) : error A2022:instruction operands must be the same size
D:\rawrxd\history\all_versions\Ship\RawrXD_NativeModelBridge_CLEAN.asm\1769636739563_dRxO.asm(779) : error A2022:instruction operands must be the same size
D:\rawrxd\history\all_versions\Ship\RawrXD_NativeModelBridge_CLEAN.asm\1769636739563_dRxO.asm(782) : error A2022:instruction operands must be the same size
D:\rawrxd\history\all_versions\Ship\RawrXD_NativeModelBridge_CLEAN.asm\1769636739563_dRxO.asm(791) : error A2022:instruction operands must be the same size
D:\rawrxd\history\all_versions\Ship\RawrXD_NativeModelBridge_CLEAN.asm\1769636739563_dRxO.asm(795) : error A2022:instruction operands must be the same size
D:\rawrxd\history\all_versions\Ship\RawrXD_NativeModelBridge_CLEAN.asm\1769636739563_dRxO.asm(1047) : error A2206:missing operator in expression
D:\rawrxd\history\all_versions\Ship\RawrXD_NativeModelBridge_CLEAN.asm\1769636739563_dRxO.asm(54) : warning A4014:instructions and initialized data not supported in BSS segments
D:\rawrxd\history\all_versions\Ship\RawrXD_NativeModelBridge_CLEAN.asm\1769636739563_dRxO.asm(160) : warning A6004:procedure argument or local not referenced : hModule
D:\rawrxd\history\all_versions\Ship\RawrXD_NativeModelBridge_CLEAN.asm\1769636739563_dRxO.asm(160) : warning A6004:procedure argument or local not referenced : dwReason
D:\rawrxd\history\all_versions\Ship\RawrXD_NativeModelBridge_CLEAN.asm\1769636739563_dRxO.asm(160) : warning A6004:procedure argument or local not referenced : lpReserved
D:\rawrxd\history\all_versions\Ship\RawrXD_NativeModelBridge_CLEAN.asm\1769636739563_dRxO.asm(311) : warning A6004:procedure argument or local not referenced : pCtx
D:\rawrxd\history\all_versions\Ship\RawrXD_NativeModelBridge_CLEAN.asm\1769636739563_dRxO.asm(311) : warning A6004:procedure argument or local not referenced : pFilePath
D:\rawrxd\history\all_versions\Ship\RawrXD_NativeModelBridge_CLEAN.asm\1769636739563_dRxO.asm(372) : warning A6004:procedure argument or local not referenced : pCtx
D:\rawrxd\history\all_versions\Ship\RawrXD_NativeModelBridge_CLEAN.asm\1769636739563_dRxO.asm(372) : warning A6004:procedure argument or local not referenced : token
D:\rawrxd\history\all_versions\Ship\RawrXD_NativeModelBridge_CLEAN.asm\1769636739563_dRxO.asm(372) : warning A6004:procedure argument or local not referenced : pos
D:\rawrxd\history\all_versions\Ship\RawrXD_NativeModelBridge_CLEAN.asm\1769636739563_dRxO.asm(372) : warning A6004:procedure argument or local not referenced : pLogits
D:\rawrxd\history\all_versions\Ship\RawrXD_NativeModelBridge_CLEAN.asm\1769636739563_dRxO.asm(649) : warning A6004:procedure argument or local not referenced : pCtx
D:\rawrxd\history\all_versions\Ship\RawrXD_NativeModelBridge_CLEAN.asm\1769636739563_dRxO.asm(649) : warning A6004:procedure argument or local not referenced : pEmbeddings
D:\rawrxd\history\all_versions\Ship\RawrXD_NativeModelBridge_CLEAN.asm\1769636739563_dRxO.asm(729) : warning A6004:procedure argument or local not referenced : pHidden
D:\rawrxd\history\all_versions\Ship\RawrXD_NativeModelBridge_CLEAN.asm\1769636739563_dRxO.asm(729) : warning A6004:procedure argument or local not referenced : dim
D:\rawrxd\history\all_versions\Ship\RawrXD_NativeModelBridge_CLEAN.asm\1769636739563_dRxO.asm(812) : warning A6004:procedure argument or local not referenced : pHidden
D:\rawrxd\history\all_versions\Ship\RawrXD_NativeModelBridge_CLEAN.asm\1769636739563_dRxO.asm(812) : warning A6004:procedure argument or local not referenced : pQKV
D:\rawrxd\history\all_versions\Ship\RawrXD_NativeModelBridge_CLEAN.asm\1769636739563_dRxO.asm(895) : warning A6004:procedure argument or local not referenced : pQ
D:\rawrxd\history\all_versions\Ship\RawrXD_NativeModelBridge_CLEAN.asm\1769636739563_dRxO.asm(895) : warning A6004:procedure argument or local not referenced : pK
D:\rawrxd\history\all_versions\Ship\RawrXD_NativeModelBridge_CLEAN.asm\1769636739563_dRxO.asm(895) : warning A6004:procedure argument or local not referenced : pV
D:\rawrxd\history\all_versions\Ship\RawrXD_NativeModelBridge_CLEAN.asm\1769636739563_dRxO.asm(895) : warning A6004:procedure argument or local not referenced : n_head
D:\rawrxd\history\all_versions\Ship\RawrXD_NativeModelBridge_CLEAN.asm\1769636739563_dRxO.asm(895) : warning A6004:procedure argument or local not referenced : pOut
D:\rawrxd\history\all_versions\Ship\RawrXD_NativeModelBridge_CLEAN.asm\1769636739563_dRxO.asm(990) : warning A6004:procedure argument or local not referenced : pHidden
D:\rawrxd\history\all_versions\Ship\RawrXD_NativeModelBridge_CLEAN.asm\1769636739563_dRxO.asm(990) : warning A6004:procedure argument or local not referenced : n_embd
D:\rawrxd\history\all_versions\Ship\RawrXD_NativeModelBridge_CLEAN.asm\1769636739563_dRxO.asm(990) : warning A6004:procedure argument or local not referenced : n_ff
D:\rawrxd\history\all_versions\Ship\RawrXD_NativeModelBridge_CLEAN.asm\1769636739563_dRxO.asm(1079) : warning A6004:procedure argument or local not referenced : pInput
D:\rawrxd\history\all_versions\Ship\RawrXD_NativeModelBridge_CLEAN.asm\1769636739563_dRxO.asm(1079) : warning A6004:procedure argument or local not referenced : pOutput
D:\rawrxd\history\all_versions\Ship\RawrXD_NativeModelBridge_CLEAN.asm\1769636739563_dRxO.asm(1079) : warning A6004:procedure argument or local not referenced : n_embd
D:\rawrxd\history\all_versions\Ship\RawrXD_NativeModelBridge_CLEAN.asm\1769636739563_dRxO.asm(1079) : warning A6004:procedure argument or local not referenced : eps
