 Assembling: D:\rawrxd\history\all_versions\Ship\RawrXD_NativeModelBridge_CLEAN.asm\1769634276053_MAMr.asm
D:\rawrxd\history\all_versions\Ship\RawrXD_NativeModelBridge_CLEAN.asm\1769634276053_MAMr.asm(54) : warning A4014:instructions and initialized data not supported in BSS segments
D:\rawrxd\history\all_versions\Ship\RawrXD_NativeModelBridge_CLEAN.asm\1769634276053_MAMr.asm(160) : warning A6004:procedure argument or local not referenced : hModule
D:\rawrxd\history\all_versions\Ship\RawrXD_NativeModelBridge_CLEAN.asm\1769634276053_MAMr.asm(160) : warning A6004:procedure argument or local not referenced : dwReason
D:\rawrxd\history\all_versions\Ship\RawrXD_NativeModelBridge_CLEAN.asm\1769634276053_MAMr.asm(160) : warning A6004:procedure argument or local not referenced : lpReserved
D:\rawrxd\history\all_versions\Ship\RawrXD_NativeModelBridge_CLEAN.asm\1769634276053_MAMr.asm(214) : warning A6004:procedure argument or local not referenced : pCtx
D:\rawrxd\history\all_versions\Ship\RawrXD_NativeModelBridge_CLEAN.asm\1769634276053_MAMr.asm(275) : warning A6004:procedure argument or local not referenced : pCtx
D:\rawrxd\history\all_versions\Ship\RawrXD_NativeModelBridge_CLEAN.asm\1769634276053_MAMr.asm(275) : warning A6004:procedure argument or local not referenced : token
D:\rawrxd\history\all_versions\Ship\RawrXD_NativeModelBridge_CLEAN.asm\1769634276053_MAMr.asm(275) : warning A6004:procedure argument or local not referenced : pos
D:\rawrxd\history\all_versions\Ship\RawrXD_NativeModelBridge_CLEAN.asm\1769634276053_MAMr.asm(275) : warning A6004:procedure argument or local not referenced : pLogits
D:\rawrxd\history\all_versions\Ship\RawrXD_NativeModelBridge_CLEAN.asm\1769634276053_MAMr.asm(486) : warning A6004:procedure argument or local not referenced : pCtx
D:\rawrxd\history\all_versions\Ship\RawrXD_NativeModelBridge_CLEAN.asm\1769634276053_MAMr.asm(486) : warning A6004:procedure argument or local not referenced : token
D:\rawrxd\history\all_versions\Ship\RawrXD_NativeModelBridge_CLEAN.asm\1769634276053_MAMr.asm(486) : warning A6004:procedure argument or local not referenced : pEmbeddings
D:\rawrxd\history\all_versions\Ship\RawrXD_NativeModelBridge_CLEAN.asm\1769634276053_MAMr.asm(503) : warning A6004:procedure argument or local not referenced : pHidden
D:\rawrxd\history\all_versions\Ship\RawrXD_NativeModelBridge_CLEAN.asm\1769634276053_MAMr.asm(503) : warning A6004:procedure argument or local not referenced : pos
D:\rawrxd\history\all_versions\Ship\RawrXD_NativeModelBridge_CLEAN.asm\1769634276053_MAMr.asm(503) : warning A6004:procedure argument or local not referenced : dim
D:\rawrxd\history\all_versions\Ship\RawrXD_NativeModelBridge_CLEAN.asm\1769634276053_MAMr.asm(520) : warning A6004:procedure argument or local not referenced : pHidden
D:\rawrxd\history\all_versions\Ship\RawrXD_NativeModelBridge_CLEAN.asm\1769634276053_MAMr.asm(520) : warning A6004:procedure argument or local not referenced : n_embd
D:\rawrxd\history\all_versions\Ship\RawrXD_NativeModelBridge_CLEAN.asm\1769634276053_MAMr.asm(520) : warning A6004:procedure argument or local not referenced : pQKV
D:\rawrxd\history\all_versions\Ship\RawrXD_NativeModelBridge_CLEAN.asm\1769634276053_MAMr.asm(537) : warning A6004:procedure argument or local not referenced : pQ
D:\rawrxd\history\all_versions\Ship\RawrXD_NativeModelBridge_CLEAN.asm\1769634276053_MAMr.asm(537) : warning A6004:procedure argument or local not referenced : pK
D:\rawrxd\history\all_versions\Ship\RawrXD_NativeModelBridge_CLEAN.asm\1769634276053_MAMr.asm(537) : warning A6004:procedure argument or local not referenced : pV
D:\rawrxd\history\all_versions\Ship\RawrXD_NativeModelBridge_CLEAN.asm\1769634276053_MAMr.asm(537) : warning A6004:procedure argument or local not referenced : n_head
D:\rawrxd\history\all_versions\Ship\RawrXD_NativeModelBridge_CLEAN.asm\1769634276053_MAMr.asm(537) : warning A6004:procedure argument or local not referenced : pOut
D:\rawrxd\history\all_versions\Ship\RawrXD_NativeModelBridge_CLEAN.asm\1769634276053_MAMr.asm(554) : warning A6004:procedure argument or local not referenced : pHidden
D:\rawrxd\history\all_versions\Ship\RawrXD_NativeModelBridge_CLEAN.asm\1769634276053_MAMr.asm(554) : warning A6004:procedure argument or local not referenced : n_embd
D:\rawrxd\history\all_versions\Ship\RawrXD_NativeModelBridge_CLEAN.asm\1769634276053_MAMr.asm(554) : warning A6004:procedure argument or local not referenced : n_ff
D:\rawrxd\history\all_versions\Ship\RawrXD_NativeModelBridge_CLEAN.asm\1769634276053_MAMr.asm(554) : warning A6004:procedure argument or local not referenced : pOut
D:\rawrxd\history\all_versions\Ship\RawrXD_NativeModelBridge_CLEAN.asm\1769634276053_MAMr.asm(571) : warning A6004:procedure argument or local not referenced : pInput
D:\rawrxd\history\all_versions\Ship\RawrXD_NativeModelBridge_CLEAN.asm\1769634276053_MAMr.asm(571) : warning A6004:procedure argument or local not referenced : pOutput
D:\rawrxd\history\all_versions\Ship\RawrXD_NativeModelBridge_CLEAN.asm\1769634276053_MAMr.asm(571) : warning A6004:procedure argument or local not referenced : n_embd
D:\rawrxd\history\all_versions\Ship\RawrXD_NativeModelBridge_CLEAN.asm\1769634276053_MAMr.asm(571) : warning A6004:procedure argument or local not referenced : eps
