 Assembling: D:\rawrxd\history\all_versions\src\agentic\gpu_dma_complete_production.asm\1769590314612_tDyB.asm
D:\rawrxd\history\all_versions\src\agentic\gpu_dma_complete_production.asm\1769590314612_tDyB.asm(10) : error A2008:syntax error : .
D:\rawrxd\history\all_versions\src\agentic\gpu_dma_complete_production.asm\1769590314612_tDyB.asm(11) : error A2008:syntax error : .
D:\rawrxd\history\all_versions\src\agentic\gpu_dma_complete_production.asm\1769590314612_tDyB.asm(12) : error A2008:syntax error : .
D:\rawrxd\history\all_versions\src\agentic\gpu_dma_complete_production.asm\1769590314612_tDyB.asm(87) : error A2008:syntax error : size
D:\rawrxd\history\all_versions\src\agentic\gpu_dma_complete_production.asm\1769590314612_tDyB.asm(101) : error A2008:syntax error : size
D:\rawrxd\history\all_versions\src\agentic\gpu_dma_complete_production.asm\1769590314612_tDyB.asm(102) : error A2008:syntax error : type
D:\rawrxd\history\all_versions\src\agentic\gpu_dma_complete_production.asm\1769590314612_tDyB.asm(135) : error A2189:invalid combination with segment alignment : 64
D:\rawrxd\history\all_versions\src\agentic\gpu_dma_complete_production.asm\1769590314612_tDyB.asm(142) : error A2189:invalid combination with segment alignment : 64
D:\rawrxd\history\all_versions\src\agentic\gpu_dma_complete_production.asm\1769590314612_tDyB.asm(371) : error A2070:invalid instruction operands
D:\rawrxd\history\all_versions\src\agentic\gpu_dma_complete_production.asm\1769590314612_tDyB.asm(377) : error A2070:invalid instruction operands
D:\rawrxd\history\all_versions\src\agentic\gpu_dma_complete_production.asm\1769590314612_tDyB.asm(378) : error A2024:invalid operand size for instruction
D:\rawrxd\history\all_versions\src\agentic\gpu_dma_complete_production.asm\1769590314612_tDyB.asm(381) : error A2024:invalid operand size for instruction
D:\rawrxd\history\all_versions\src\agentic\gpu_dma_complete_production.asm\1769590314612_tDyB.asm(392) : error A2070:invalid instruction operands
D:\rawrxd\history\all_versions\src\agentic\gpu_dma_complete_production.asm\1769590314612_tDyB.asm(393) : error A2070:invalid instruction operands
D:\rawrxd\history\all_versions\src\agentic\gpu_dma_complete_production.asm\1769590314612_tDyB.asm(398) : error A2024:invalid operand size for instruction
D:\rawrxd\history\all_versions\src\agentic\gpu_dma_complete_production.asm\1769590314612_tDyB.asm(399) : error A2024:invalid operand size for instruction
D:\rawrxd\history\all_versions\src\agentic\gpu_dma_complete_production.asm\1769590314612_tDyB.asm(841) : error A2070:invalid instruction operands
D:\rawrxd\history\all_versions\src\agentic\gpu_dma_complete_production.asm\1769590314612_tDyB.asm(331) : error A2081:missing operand after unary operator
D:\rawrxd\history\all_versions\src\agentic\gpu_dma_complete_production.asm\1769590314612_tDyB.asm(454) : error A2081:missing operand after unary operator
D:\rawrxd\history\all_versions\src\agentic\gpu_dma_complete_production.asm\1769590314612_tDyB.asm(455) : error A2022:instruction operands must be the same size
D:\rawrxd\history\all_versions\src\agentic\gpu_dma_complete_production.asm\1769590314612_tDyB.asm(548) : error A2081:missing operand after unary operator
D:\rawrxd\history\all_versions\src\agentic\gpu_dma_complete_production.asm\1769590314612_tDyB.asm(549) : error A2022:instruction operands must be the same size
D:\rawrxd\history\all_versions\src\agentic\gpu_dma_complete_production.asm\1769590314612_tDyB.asm(750) : error A2081:missing operand after unary operator
D:\rawrxd\history\all_versions\src\agentic\gpu_dma_complete_production.asm\1769590314612_tDyB.asm(940) : error A2081:missing operand after unary operator
D:\rawrxd\history\all_versions\src\agentic\gpu_dma_complete_production.asm\1769590314612_tDyB.asm(997) : error A2081:missing operand after unary operator
D:\rawrxd\history\all_versions\src\agentic\gpu_dma_complete_production.asm\1769590314612_tDyB.asm(437) : warning A6004:procedure argument or local not referenced : local_size
