 Assembling: D:\rawrxd\history\all_versions\src\dumpbin_final.asm\1769578089148_5RHL.asm
D:\rawrxd\history\all_versions\src\dumpbin_final.asm\1769578089148_5RHL.asm(10) : error A2008:syntax error : .
D:\rawrxd\history\all_versions\src\dumpbin_final.asm\1769578089148_5RHL.asm(11) : error A2008:syntax error : .

***********
ASCII build
***********

C:\masm32\include\windows.inc(9750) : error A2008:syntax error : dword
C:\masm32\include\windows.inc(10183) : error A2008:syntax error : frame
C:\masm32\include\windows.inc(16333) : error A2008:syntax error : dword
C:\masm32\include\windows.inc(18862) : error A2008:syntax error : Frame
C:\masm32\include\windows.inc(24749) : error A2042:statement too complex
C:\masm32\include\winextra.inc(11052) : error A2026:constant expected
C:\masm32\include\winextra.inc(11053) : error A2026:constant expected
D:\rawrxd\history\all_versions\src\dumpbin_final.asm\1769578089148_5RHL.asm(185) : error A2179:structure improperly initialized
D:\rawrxd\history\all_versions\src\dumpbin_final.asm\1769578089148_5RHL.asm(185) : error A2008:syntax error : in structure
D:\rawrxd\history\all_versions\src\dumpbin_final.asm\1769578089148_5RHL.asm(206) : error A2179:structure improperly initialized
D:\rawrxd\history\all_versions\src\dumpbin_final.asm\1769578089148_5RHL.asm(206) : error A2008:syntax error : in structure
D:\rawrxd\history\all_versions\src\dumpbin_final.asm\1769578089148_5RHL.asm(240) : error A2008:syntax error : invoke
D:\rawrxd\history\all_versions\src\dumpbin_final.asm\1769578089148_5RHL.asm(242) : error A2008:syntax error : invoke
D:\rawrxd\history\all_versions\src\dumpbin_final.asm\1769578089148_5RHL.asm(245) : error A2008:syntax error : WriteConsoleA
D:\rawrxd\history\all_versions\src\dumpbin_final.asm\1769578089148_5RHL.asm(250) : error A2008:syntax error : invoke
D:\rawrxd\history\all_versions\src\dumpbin_final.asm\1769578089148_5RHL.asm(275) : error A2008:syntax error : WriteConsoleA
D:\rawrxd\history\all_versions\src\dumpbin_final.asm\1769578089148_5RHL.asm(302) : error A2008:syntax error : WriteConsoleA
D:\rawrxd\history\all_versions\src\dumpbin_final.asm\1769578089148_5RHL.asm(303) : error A2008:syntax error : ,
D:\rawrxd\history\all_versions\src\dumpbin_final.asm\1769578089148_5RHL.asm(305) : error A2008:syntax error : invoke
D:\rawrxd\history\all_versions\src\dumpbin_final.asm\1769578089148_5RHL.asm(310) : error A2008:syntax error : invoke
D:\rawrxd\history\all_versions\src\dumpbin_final.asm\1769578089148_5RHL.asm(313) : error A2008:syntax error : invoke
D:\rawrxd\history\all_versions\src\dumpbin_final.asm\1769578089148_5RHL.asm(316) : error A2008:syntax error : invoke
D:\rawrxd\history\all_versions\src\dumpbin_final.asm\1769578089148_5RHL.asm(317) : error A2008:syntax error : invoke
D:\rawrxd\history\all_versions\src\dumpbin_final.asm\1769578089148_5RHL.asm(329) : error A2008:syntax error : WriteConsoleA
D:\rawrxd\history\all_versions\src\dumpbin_final.asm\1769578089148_5RHL.asm(363) : error A2008:syntax error : wsprintfA
D:\rawrxd\history\all_versions\src\dumpbin_final.asm\1769578089148_5RHL.asm(364) : error A2008:syntax error : WriteConsoleA
D:\rawrxd\history\all_versions\src\dumpbin_final.asm\1769578089148_5RHL.asm(377) : error A2008:syntax error : WriteConsoleA
D:\rawrxd\history\all_versions\src\dumpbin_final.asm\1769578089148_5RHL.asm(381) : error A2008:syntax error : WriteConsoleA
D:\rawrxd\history\all_versions\src\dumpbin_final.asm\1769578089148_5RHL.asm(392) : error A2008:syntax error : wsprintfA
D:\rawrxd\history\all_versions\src\dumpbin_final.asm\1769578089148_5RHL.asm(393) : error A2008:syntax error : WriteConsoleA
D:\rawrxd\history\all_versions\src\dumpbin_final.asm\1769578089148_5RHL.asm(417) : error A2008:syntax error : WriteConsoleA
D:\rawrxd\history\all_versions\src\dumpbin_final.asm\1769578089148_5RHL.asm(424) : error A2008:syntax error : WriteConsoleA
D:\rawrxd\history\all_versions\src\dumpbin_final.asm\1769578089148_5RHL.asm(437) : error A2008:syntax error : invoke
D:\rawrxd\history\all_versions\src\dumpbin_final.asm\1769578089148_5RHL.asm(459) : error A2008:syntax error : invoke
D:\rawrxd\history\all_versions\src\dumpbin_final.asm\1769578089148_5RHL.asm(467) : error A2008:syntax error : invoke
D:\rawrxd\history\all_versions\src\dumpbin_final.asm\1769578089148_5RHL.asm(617) : error A2070:invalid instruction operands
D:\rawrxd\history\all_versions\src\dumpbin_final.asm\1769578089148_5RHL.asm(622) : error A2070:invalid instruction operands
D:\rawrxd\history\all_versions\src\dumpbin_final.asm\1769578089148_5RHL.asm(659) : error A2005:symbol redefinition : hFile
D:\rawrxd\history\all_versions\src\dumpbin_final.asm\1769578089148_5RHL.asm(664) : error A2008:syntax error : strlen
D:\rawrxd\history\all_versions\src\dumpbin_final.asm\1769578089148_5RHL.asm(667) : error A2008:syntax error : invoke
D:\rawrxd\history\all_versions\src\dumpbin_final.asm\1769578089148_5RHL.asm(675) : error A2008:syntax error : MAX_PATH
D:\rawrxd\history\all_versions\src\dumpbin_final.asm\1769578089148_5RHL.asm(702) : error A2008:syntax error : invoke
D:\rawrxd\history\all_versions\src\dumpbin_final.asm\1769578089148_5RHL.asm(711) : error A2008:syntax error : invoke
D:\rawrxd\history\all_versions\src\dumpbin_final.asm\1769578089148_5RHL.asm(824) : error A2070:invalid instruction operands
D:\rawrxd\history\all_versions\src\dumpbin_final.asm\1769578089148_5RHL.asm(868) : error A2001:immediate operand not allowed
D:\rawrxd\history\all_versions\src\dumpbin_final.asm\1769578089148_5RHL.asm(878) : error A2001:immediate operand not allowed
D:\rawrxd\history\all_versions\src\dumpbin_final.asm\1769578089148_5RHL.asm(879) : error A2001:immediate operand not allowed
D:\rawrxd\history\all_versions\src\dumpbin_final.asm\1769578089148_5RHL.asm(880) : error A2001:immediate operand not allowed
D:\rawrxd\history\all_versions\src\dumpbin_final.asm\1769578089148_5RHL.asm(881) : error A2001:immediate operand not allowed
D:\rawrxd\history\all_versions\src\dumpbin_final.asm\1769578089148_5RHL.asm(923) : error A2001:immediate operand not allowed
D:\rawrxd\history\all_versions\src\dumpbin_final.asm\1769578089148_5RHL.asm(927) : error A2001:immediate operand not allowed
D:\rawrxd\history\all_versions\src\dumpbin_final.asm\1769578089148_5RHL.asm(930) : error A2001:immediate operand not allowed
D:\rawrxd\history\all_versions\src\dumpbin_final.asm\1769578089148_5RHL.asm(982) : error A2008:syntax error : integer
D:\rawrxd\history\all_versions\src\dumpbin_final.asm\1769578089148_5RHL.asm(1200) : error A2005:symbol redefinition : hFile
D:\rawrxd\history\all_versions\src\dumpbin_final.asm\1769578089148_5RHL.asm(1202) : error A2008:syntax error : invoke
D:\rawrxd\history\all_versions\src\dumpbin_final.asm\1769578089148_5RHL.asm(1208) : error A2008:syntax error : WriteFile
D:\rawrxd\history\all_versions\src\dumpbin_final.asm\1769578089148_5RHL.asm(1209) : error A2008:syntax error : WriteFile
D:\rawrxd\history\all_versions\src\dumpbin_final.asm\1769578089148_5RHL.asm(1218) : error A2008:syntax error : invoke
D:\rawrxd\history\all_versions\src\dumpbin_final.asm\1769578089148_5RHL.asm(1263) : error A2005:symbol redefinition : hFile
D:\rawrxd\history\all_versions\src\dumpbin_final.asm\1769578089148_5RHL.asm(1264) : error A2008:syntax error : integer
D:\rawrxd\history\all_versions\src\dumpbin_final.asm\1769578089148_5RHL.asm(1267) : error A2008:syntax error : invoke
D:\rawrxd\history\all_versions\src\dumpbin_final.asm\1769578089148_5RHL.asm(1276) : error A2008:syntax error : invoke
D:\rawrxd\history\all_versions\src\dumpbin_final.asm\1769578089148_5RHL.asm(1287) : error A2008:syntax error : invoke
D:\rawrxd\history\all_versions\src\dumpbin_final.asm\1769578089148_5RHL.asm(1304) : error A2008:syntax error : integer
D:\rawrxd\history\all_versions\src\dumpbin_final.asm\1769578089148_5RHL.asm(1305) : error A2008:syntax error : integer
D:\rawrxd\history\all_versions\src\dumpbin_final.asm\1769578089148_5RHL.asm(1309) : error A2008:syntax error : invoke
D:\rawrxd\history\all_versions\src\dumpbin_final.asm\1769578089148_5RHL.asm(1312) : error A2008:syntax error : invoke
D:\rawrxd\history\all_versions\src\dumpbin_final.asm\1769578089148_5RHL.asm(1321) : error A2008:syntax error : invoke
D:\rawrxd\history\all_versions\src\dumpbin_final.asm\1769578089148_5RHL.asm(1322) : error A2008:syntax error : invoke
D:\rawrxd\history\all_versions\src\dumpbin_final.asm\1769578089148_5RHL.asm(1324) : error A2070:invalid instruction operands
D:\rawrxd\history\all_versions\src\dumpbin_final.asm\1769578089148_5RHL.asm(1347) : error A2008:syntax error : invoke
D:\rawrxd\history\all_versions\src\dumpbin_final.asm\1769578089148_5RHL.asm(1350) : error A2008:syntax error : invoke
D:\rawrxd\history\all_versions\src\dumpbin_final.asm\1769578089148_5RHL.asm(1364) : error A2008:syntax error
D:\rawrxd\history\all_versions\src\dumpbin_final.asm\1769578089148_5RHL.asm(1365) : error A2008:syntax error : MAX_PATH
D:\rawrxd\history\all_versions\src\dumpbin_final.asm\1769578089148_5RHL.asm(1366) : error A2008:syntax error : MAX_PATH
D:\rawrxd\history\all_versions\src\dumpbin_final.asm\1769578089148_5RHL.asm(1382) : error A2008:syntax error : strcat
D:\rawrxd\history\all_versions\src\dumpbin_final.asm\1769578089148_5RHL.asm(1384) : error A2008:syntax error : invoke
D:\rawrxd\history\all_versions\src\dumpbin_final.asm\1769578089148_5RHL.asm(1393) : error A2008:syntax error : invoke
D:\rawrxd\history\all_versions\src\dumpbin_final.asm\1769578089148_5RHL.asm(1397) : error A2008:syntax error : invoke
D:\rawrxd\history\all_versions\src\dumpbin_final.asm\1769578089148_5RHL.asm(1406) : error A2008:syntax error : main
D:\rawrxd\history\all_versions\src\dumpbin_final.asm\1769578089148_5RHL.asm(1406) : error A2088:END directive required at end of file
D:\rawrxd\history\all_versions\src\dumpbin_final.asm\1769578089148_5RHL.asm(471) : error A2082:cannot mix 16- and 32-bit registers
D:\rawrxd\history\all_versions\src\dumpbin_final.asm\1769578089148_5RHL.asm(663) : error A2006:undefined symbol : lpBuffer
D:\rawrxd\history\all_versions\src\dumpbin_final.asm\1769578089148_5RHL.asm(678) : error A2006:undefined symbol : szTemp
D:\rawrxd\history\all_versions\src\dumpbin_final.asm\1769578089148_5RHL.asm(685) : error A2006:undefined symbol : szTemp
D:\rawrxd\history\all_versions\src\dumpbin_final.asm\1769578089148_5RHL.asm(691) : error A2006:undefined symbol : szTemp
D:\rawrxd\history\all_versions\src\dumpbin_final.asm\1769578089148_5RHL.asm(830) : error A2009:syntax error in expression
D:\rawrxd\history\all_versions\src\dumpbin_final.asm\1769578089148_5RHL.asm(986) : error A2006:undefined symbol : ByteFreq
D:\rawrxd\history\all_versions\src\dumpbin_final.asm\1769578089148_5RHL.asm(999) : error A2006:undefined symbol : ByteFreq
D:\rawrxd\history\all_versions\src\dumpbin_final.asm\1769578089148_5RHL.asm(1013) : error A2006:undefined symbol : ByteFreq
D:\rawrxd\history\all_versions\src\dumpbin_final.asm\1769578089148_5RHL.asm(1331) : error A2006:undefined symbol : szBuf1
D:\rawrxd\history\all_versions\src\dumpbin_final.asm\1769578089148_5RHL.asm(1332) : error A2006:undefined symbol : szBuf2
D:\rawrxd\history\all_versions\src\dumpbin_final.asm\1769578089148_5RHL.asm(1369) : error A2006:undefined symbol : szSearchPath
D:\rawrxd\history\all_versions\src\dumpbin_final.asm\1769578089148_5RHL.asm(1380) : error A2006:undefined symbol : szSearchPath
D:\rawrxd\history\all_versions\src\dumpbin_final.asm\1769578089148_5RHL.asm(1390) : error A2006:undefined symbol : findData
D:\rawrxd\history\all_versions\src\dumpbin_final.asm\1769578089148_5RHL.asm(474) : warning A6004:procedure argument or local not referenced : dwMax
D:\rawrxd\history\all_versions\src\dumpbin_final.asm\1769578089148_5RHL.asm(528) : error A2220:Missing .ENDPROLOG
D:\rawrxd\history\all_versions\src\dumpbin_final.asm\1769578089148_5RHL.asm(552) : error A2220:Missing .ENDPROLOG
D:\rawrxd\history\all_versions\src\dumpbin_final.asm\1769578089148_5RHL.asm(595) : error A2220:Missing .ENDPROLOG
D:\rawrxd\history\all_versions\src\dumpbin_final.asm\1769578089148_5RHL.asm(652) : fatal error A1012:error count exceeds 100; stopping assembly
