 Assembling: D:\rawrxd\history\all_versions\src\agentic\memory_cleanup.asm\1769580132544_5KyL.asm
D:\rawrxd\history\all_versions\src\agentic\memory_cleanup.asm\1769580132544_5KyL.asm(5) : error A2008:syntax error : .
D:\rawrxd\history\all_versions\src\agentic\memory_cleanup.asm\1769580132544_5KyL.asm(6) : error A2008:syntax error : .
D:\rawrxd\history\all_versions\src\agentic\memory_cleanup.asm\1769580132544_5KyL.asm(58) : error A2070:invalid instruction operands
D:\rawrxd\history\all_versions\src\agentic\memory_cleanup.asm\1769580132544_5KyL.asm(60) : error A2070:invalid instruction operands
D:\rawrxd\history\all_versions\src\agentic\memory_cleanup.asm\1769580132544_5KyL.asm(61) : error A2070:invalid instruction operands
D:\rawrxd\history\all_versions\src\agentic\memory_cleanup.asm\1769580132544_5KyL.asm(65) : error A2070:invalid instruction operands
D:\rawrxd\history\all_versions\src\agentic\memory_cleanup.asm\1769580132544_5KyL.asm(79) : error A2070:invalid instruction operands
D:\rawrxd\history\all_versions\src\agentic\memory_cleanup.asm\1769580132544_5KyL.asm(92) : error A2070:invalid instruction operands
D:\rawrxd\history\all_versions\src\agentic\memory_cleanup.asm\1769580132544_5KyL.asm(104) : error A2070:invalid instruction operands
D:\rawrxd\history\all_versions\src\agentic\memory_cleanup.asm\1769580132544_5KyL.asm(112) : error A2008:syntax error : .
D:\rawrxd\history\all_versions\src\agentic\memory_cleanup.asm\1769580132544_5KyL.asm(114) : error A2070:invalid instruction operands
D:\rawrxd\history\all_versions\src\agentic\memory_cleanup.asm\1769580132544_5KyL.asm(122) : error A2008:syntax error : .
D:\rawrxd\history\all_versions\src\agentic\memory_cleanup.asm\1769580132544_5KyL.asm(126) : error A2070:invalid instruction operands
D:\rawrxd\history\all_versions\src\agentic\memory_cleanup.asm\1769580132544_5KyL.asm(132) : error A2008:syntax error : .
D:\rawrxd\history\all_versions\src\agentic\memory_cleanup.asm\1769580132544_5KyL.asm(133) : error A2070:invalid instruction operands
D:\rawrxd\history\all_versions\src\agentic\memory_cleanup.asm\1769580132544_5KyL.asm(134) : error A2070:invalid instruction operands
D:\rawrxd\history\all_versions\src\agentic\memory_cleanup.asm\1769580132544_5KyL.asm(135) : error A2070:invalid instruction operands
D:\rawrxd\history\all_versions\src\agentic\memory_cleanup.asm\1769580132544_5KyL.asm(144) : error A2070:invalid instruction operands
D:\rawrxd\history\all_versions\src\agentic\memory_cleanup.asm\1769580132544_5KyL.asm(146) : error A2070:invalid instruction operands
D:\rawrxd\history\all_versions\src\agentic\memory_cleanup.asm\1769580132544_5KyL.asm(150) : error A2070:invalid instruction operands
D:\rawrxd\history\all_versions\src\agentic\memory_cleanup.asm\1769580132544_5KyL.asm(166) : error A2070:invalid instruction operands
D:\rawrxd\history\all_versions\src\agentic\memory_cleanup.asm\1769580132544_5KyL.asm(178) : error A2070:invalid instruction operands
D:\rawrxd\history\all_versions\src\agentic\memory_cleanup.asm\1769580132544_5KyL.asm(186) : error A2008:syntax error : .
D:\rawrxd\history\all_versions\src\agentic\memory_cleanup.asm\1769580132544_5KyL.asm(188) : error A2070:invalid instruction operands
D:\rawrxd\history\all_versions\src\agentic\memory_cleanup.asm\1769580132544_5KyL.asm(196) : error A2008:syntax error : .
D:\rawrxd\history\all_versions\src\agentic\memory_cleanup.asm\1769580132544_5KyL.asm(200) : error A2070:invalid instruction operands
D:\rawrxd\history\all_versions\src\agentic\memory_cleanup.asm\1769580132544_5KyL.asm(206) : error A2008:syntax error : .
D:\rawrxd\history\all_versions\src\agentic\memory_cleanup.asm\1769580132544_5KyL.asm(207) : error A2070:invalid instruction operands
D:\rawrxd\history\all_versions\src\agentic\memory_cleanup.asm\1769580132544_5KyL.asm(208) : error A2070:invalid instruction operands
D:\rawrxd\history\all_versions\src\agentic\memory_cleanup.asm\1769580132544_5KyL.asm(217) : error A2070:invalid instruction operands
D:\rawrxd\history\all_versions\src\agentic\memory_cleanup.asm\1769580132544_5KyL.asm(222) : error A2070:invalid instruction operands
D:\rawrxd\history\all_versions\src\agentic\memory_cleanup.asm\1769580132544_5KyL.asm(240) : error A2070:invalid instruction operands
D:\rawrxd\history\all_versions\src\agentic\memory_cleanup.asm\1769580132544_5KyL.asm(247) : error A2008:syntax error : .
D:\rawrxd\history\all_versions\src\agentic\memory_cleanup.asm\1769580132544_5KyL.asm(250) : error A2008:syntax error : .
D:\rawrxd\history\all_versions\src\agentic\memory_cleanup.asm\1769580132544_5KyL.asm(251) : error A2070:invalid instruction operands
D:\rawrxd\history\all_versions\src\agentic\memory_cleanup.asm\1769580132544_5KyL.asm(260) : error A2070:invalid instruction operands
D:\rawrxd\history\all_versions\src\agentic\memory_cleanup.asm\1769580132544_5KyL.asm(262) : error A2070:invalid instruction operands
D:\rawrxd\history\all_versions\src\agentic\memory_cleanup.asm\1769580132544_5KyL.asm(263) : error A2070:invalid instruction operands
D:\rawrxd\history\all_versions\src\agentic\memory_cleanup.asm\1769580132544_5KyL.asm(264) : error A2070:invalid instruction operands
D:\rawrxd\history\all_versions\src\agentic\memory_cleanup.asm\1769580132544_5KyL.asm(268) : error A2070:invalid instruction operands
D:\rawrxd\history\all_versions\src\agentic\memory_cleanup.asm\1769580132544_5KyL.asm(306) : error A2070:invalid instruction operands
D:\rawrxd\history\all_versions\src\agentic\memory_cleanup.asm\1769580132544_5KyL.asm(311) : error A2070:invalid instruction operands
D:\rawrxd\history\all_versions\src\agentic\memory_cleanup.asm\1769580132544_5KyL.asm(312) : error A2070:invalid instruction operands
D:\rawrxd\history\all_versions\src\agentic\memory_cleanup.asm\1769580132544_5KyL.asm(313) : error A2070:invalid instruction operands
D:\rawrxd\history\all_versions\src\agentic\memory_cleanup.asm\1769580132544_5KyL.asm(314) : error A2070:invalid instruction operands
D:\rawrxd\history\all_versions\src\agentic\memory_cleanup.asm\1769580132544_5KyL.asm(324) : error A2070:invalid instruction operands
D:\rawrxd\history\all_versions\src\agentic\memory_cleanup.asm\1769580132544_5KyL.asm(339) : error A2070:invalid instruction operands
D:\rawrxd\history\all_versions\src\agentic\memory_cleanup.asm\1769580132544_5KyL.asm(341) : error A2008:syntax error : .
D:\rawrxd\history\all_versions\src\agentic\memory_cleanup.asm\1769580132544_5KyL.asm(349) : error A2070:invalid instruction operands
D:\rawrxd\history\all_versions\src\agentic\memory_cleanup.asm\1769580132544_5KyL.asm(351) : error A2008:syntax error : .
D:\rawrxd\history\all_versions\src\agentic\memory_cleanup.asm\1769580132544_5KyL.asm(353) : error A2070:invalid instruction operands
D:\rawrxd\history\all_versions\src\agentic\memory_cleanup.asm\1769580132544_5KyL.asm(73) : error A2006:undefined symbol : L3_ALREADY_FREED
D:\rawrxd\history\all_versions\src\agentic\memory_cleanup.asm\1769580132544_5KyL.asm(90) : error A2206:missing operator in expression
D:\rawrxd\history\all_versions\src\agentic\memory_cleanup.asm\1769580132544_5KyL.asm(97) : error A2006:undefined symbol : L3_FREE_FAILED
D:\rawrxd\history\all_versions\src\agentic\memory_cleanup.asm\1769580132544_5KyL.asm(110) : error A2006:undefined symbol : L3_CLEANUP_END
D:\rawrxd\history\all_versions\src\agentic\memory_cleanup.asm\1769580132544_5KyL.asm(120) : error A2006:undefined symbol : L3_CLEANUP_END
D:\rawrxd\history\all_versions\src\agentic\memory_cleanup.asm\1769580132544_5KyL.asm(158) : error A2006:undefined symbol : FILE_ALREADY_CLOSED
D:\rawrxd\history\all_versions\src\agentic\memory_cleanup.asm\1769580132544_5KyL.asm(161) : error A2006:undefined symbol : FILE_ALREADY_CLOSED
D:\rawrxd\history\all_versions\src\agentic\memory_cleanup.asm\1769580132544_5KyL.asm(167) : error A2006:undefined symbol : CloseHandle
D:\rawrxd\history\all_versions\src\agentic\memory_cleanup.asm\1769580132544_5KyL.asm(171) : error A2006:undefined symbol : FILE_CLOSE_FAILED
D:\rawrxd\history\all_versions\src\agentic\memory_cleanup.asm\1769580132544_5KyL.asm(184) : error A2006:undefined symbol : FILE_CLEANUP_END
D:\rawrxd\history\all_versions\src\agentic\memory_cleanup.asm\1769580132544_5KyL.asm(194) : error A2006:undefined symbol : FILE_CLEANUP_END
D:\rawrxd\history\all_versions\src\agentic\memory_cleanup.asm\1769580132544_5KyL.asm(230) : error A2006:undefined symbol : GGML_NOT_INIT
D:\rawrxd\history\all_versions\src\agentic\memory_cleanup.asm\1769580132544_5KyL.asm(245) : error A2006:undefined symbol : GGML_CLEANUP_END
D:\rawrxd\history\all_versions\src\agentic\memory_cleanup.asm\1769580132544_5KyL.asm(336) : error A2006:undefined symbol : SKIP_FILE_CLOSE
D:\rawrxd\history\all_versions\src\agentic\memory_cleanup.asm\1769580132544_5KyL.asm(338) : error A2006:undefined symbol : SKIP_FILE_CLOSE
D:\rawrxd\history\all_versions\src\agentic\memory_cleanup.asm\1769580132544_5KyL.asm(340) : error A2006:undefined symbol : CloseHandle
D:\rawrxd\history\all_versions\src\agentic\memory_cleanup.asm\1769580132544_5KyL.asm(346) : error A2006:undefined symbol : SKIP_L3_FREE
D:\rawrxd\history\all_versions\src\agentic\memory_cleanup.asm\1769580132544_5KyL.asm(347) : error A2206:missing operator in expression
