 Assembling: D:\rawrxd\history\all_versions\src\vulkan_masm.asm\1769159476793_4TW9.asm
D:\rawrxd\history\all_versions\src\vulkan_masm.asm\1769159476793_4TW9.asm(6) : error A2034:must be in segment block
D:\rawrxd\history\all_versions\src\vulkan_masm.asm\1769159476793_4TW9.asm(7) : error A2034:must be in segment block
D:\rawrxd\history\all_versions\src\vulkan_masm.asm\1769159476793_4TW9.asm(8) : error A2034:must be in segment block
D:\rawrxd\history\all_versions\src\vulkan_masm.asm\1769159476793_4TW9.asm(9) : error A2034:must be in segment block
D:\rawrxd\history\all_versions\src\vulkan_masm.asm\1769159476793_4TW9.asm(10) : error A2034:must be in segment block
D:\rawrxd\history\all_versions\src\vulkan_masm.asm\1769159476793_4TW9.asm(11) : error A2034:must be in segment block
D:\rawrxd\history\all_versions\src\vulkan_masm.asm\1769159476793_4TW9.asm(13) : error A2034:must be in segment block
D:\rawrxd\history\all_versions\src\vulkan_masm.asm\1769159476793_4TW9.asm(14) : error A2034:must be in segment block
D:\rawrxd\history\all_versions\src\vulkan_masm.asm\1769159476793_4TW9.asm(15) : error A2034:must be in segment block
D:\rawrxd\history\all_versions\src\vulkan_masm.asm\1769159476793_4TW9.asm(17) : error A2034:must be in segment block
D:\rawrxd\history\all_versions\src\vulkan_masm.asm\1769159476793_4TW9.asm(18) : error A2034:must be in segment block
D:\rawrxd\history\all_versions\src\vulkan_masm.asm\1769159476793_4TW9.asm(19) : error A2034:must be in segment block
D:\rawrxd\history\all_versions\src\vulkan_masm.asm\1769159476793_4TW9.asm(20) : error A2034:must be in segment block
D:\rawrxd\history\all_versions\src\vulkan_masm.asm\1769159476793_4TW9.asm(22) : error A2034:must be in segment block
D:\rawrxd\history\all_versions\src\vulkan_masm.asm\1769159476793_4TW9.asm(23) : error A2034:must be in segment block
D:\rawrxd\history\all_versions\src\vulkan_masm.asm\1769159476793_4TW9.asm(24) : error A2034:must be in segment block
D:\rawrxd\history\all_versions\src\vulkan_masm.asm\1769159476793_4TW9.asm(25) : error A2034:must be in segment block
D:\rawrxd\history\all_versions\src\vulkan_masm.asm\1769159476793_4TW9.asm(28) : error A2034:must be in segment block
D:\rawrxd\history\all_versions\src\vulkan_masm.asm\1769159476793_4TW9.asm(29) : error A2034:must be in segment block
D:\rawrxd\history\all_versions\src\vulkan_masm.asm\1769159476793_4TW9.asm(30) : error A2034:must be in segment block
D:\rawrxd\history\all_versions\src\vulkan_masm.asm\1769159476793_4TW9.asm(31) : error A2034:must be in segment block
D:\rawrxd\history\all_versions\src\vulkan_masm.asm\1769159476793_4TW9.asm(32) : error A2034:must be in segment block
D:\rawrxd\history\all_versions\src\vulkan_masm.asm\1769159476793_4TW9.asm(33) : error A2034:must be in segment block
D:\rawrxd\history\all_versions\src\vulkan_masm.asm\1769159476793_4TW9.asm(34) : error A2034:must be in segment block
D:\rawrxd\history\all_versions\src\vulkan_masm.asm\1769159476793_4TW9.asm(35) : error A2034:must be in segment block
D:\rawrxd\history\all_versions\src\vulkan_masm.asm\1769159476793_4TW9.asm(36) : error A2034:must be in segment block
D:\rawrxd\history\all_versions\src\vulkan_masm.asm\1769159476793_4TW9.asm(37) : error A2034:must be in segment block
D:\rawrxd\history\all_versions\src\vulkan_masm.asm\1769159476793_4TW9.asm(38) : error A2034:must be in segment block
D:\rawrxd\history\all_versions\src\vulkan_masm.asm\1769159476793_4TW9.asm(39) : error A2034:must be in segment block
D:\rawrxd\history\all_versions\src\vulkan_masm.asm\1769159476793_4TW9.asm(40) : error A2034:must be in segment block
D:\rawrxd\history\all_versions\src\vulkan_masm.asm\1769159476793_4TW9.asm(41) : error A2034:must be in segment block
D:\rawrxd\history\all_versions\src\vulkan_masm.asm\1769159476793_4TW9.asm(42) : error A2034:must be in segment block
D:\rawrxd\history\all_versions\src\vulkan_masm.asm\1769159476793_4TW9.asm(43) : error A2034:must be in segment block
D:\rawrxd\history\all_versions\src\vulkan_masm.asm\1769159476793_4TW9.asm(44) : error A2034:must be in segment block
D:\rawrxd\history\all_versions\src\vulkan_masm.asm\1769159476793_4TW9.asm(45) : error A2034:must be in segment block
D:\rawrxd\history\all_versions\src\vulkan_masm.asm\1769159476793_4TW9.asm(47) : error A2034:must be in segment block
D:\rawrxd\history\all_versions\src\vulkan_masm.asm\1769159476793_4TW9.asm(48) : error A2034:must be in segment block
D:\rawrxd\history\all_versions\src\vulkan_masm.asm\1769159476793_4TW9.asm(49) : error A2034:must be in segment block
D:\rawrxd\history\all_versions\src\vulkan_masm.asm\1769159476793_4TW9.asm(50) : error A2034:must be in segment block
D:\rawrxd\history\all_versions\src\vulkan_masm.asm\1769159476793_4TW9.asm(51) : error A2034:must be in segment block
D:\rawrxd\history\all_versions\src\vulkan_masm.asm\1769159476793_4TW9.asm(53) : error A2034:must be in segment block
D:\rawrxd\history\all_versions\src\vulkan_masm.asm\1769159476793_4TW9.asm(54) : error A2034:must be in segment block
D:\rawrxd\history\all_versions\src\vulkan_masm.asm\1769159476793_4TW9.asm(55) : error A2034:must be in segment block
D:\rawrxd\history\all_versions\src\vulkan_masm.asm\1769159476793_4TW9.asm(56) : error A2034:must be in segment block
D:\rawrxd\history\all_versions\src\vulkan_masm.asm\1769159476793_4TW9.asm(57) : error A2034:must be in segment block
D:\rawrxd\history\all_versions\src\vulkan_masm.asm\1769159476793_4TW9.asm(58) : error A2034:must be in segment block
D:\rawrxd\history\all_versions\src\vulkan_masm.asm\1769159476793_4TW9.asm(59) : error A2034:must be in segment block
D:\rawrxd\history\all_versions\src\vulkan_masm.asm\1769159476793_4TW9.asm(60) : error A2034:must be in segment block
D:\rawrxd\history\all_versions\src\vulkan_masm.asm\1769159476793_4TW9.asm(61) : error A2034:must be in segment block
D:\rawrxd\history\all_versions\src\vulkan_masm.asm\1769159476793_4TW9.asm(62) : error A2034:must be in segment block
D:\rawrxd\history\all_versions\src\vulkan_masm.asm\1769159476793_4TW9.asm(64) : error A2034:must be in segment block
D:\rawrxd\history\all_versions\src\vulkan_masm.asm\1769159476793_4TW9.asm(66) : error A2034:must be in segment block
D:\rawrxd\history\all_versions\src\vulkan_masm.asm\1769159476793_4TW9.asm(68) : error A2034:must be in segment block
D:\rawrxd\history\all_versions\src\vulkan_masm.asm\1769159476793_4TW9.asm(69) : error A2034:must be in segment block
D:\rawrxd\history\all_versions\src\vulkan_masm.asm\1769159476793_4TW9.asm(70) : error A2034:must be in segment block
D:\rawrxd\history\all_versions\src\vulkan_masm.asm\1769159476793_4TW9.asm(71) : error A2034:must be in segment block
D:\rawrxd\history\all_versions\src\vulkan_masm.asm\1769159476793_4TW9.asm(72) : error A2034:must be in segment block
D:\rawrxd\history\all_versions\src\vulkan_masm.asm\1769159476793_4TW9.asm(73) : error A2034:must be in segment block
D:\rawrxd\history\all_versions\src\vulkan_masm.asm\1769159476793_4TW9.asm(74) : error A2034:must be in segment block
D:\rawrxd\history\all_versions\src\vulkan_masm.asm\1769159476793_4TW9.asm(75) : error A2034:must be in segment block
D:\rawrxd\history\all_versions\src\vulkan_masm.asm\1769159476793_4TW9.asm(76) : error A2034:must be in segment block
D:\rawrxd\history\all_versions\src\vulkan_masm.asm\1769159476793_4TW9.asm(77) : error A2034:must be in segment block
D:\rawrxd\history\all_versions\src\vulkan_masm.asm\1769159476793_4TW9.asm(78) : error A2034:must be in segment block
D:\rawrxd\history\all_versions\src\vulkan_masm.asm\1769159476793_4TW9.asm(79) : error A2034:must be in segment block
D:\rawrxd\history\all_versions\src\vulkan_masm.asm\1769159476793_4TW9.asm(80) : error A2034:must be in segment block
D:\rawrxd\history\all_versions\src\vulkan_masm.asm\1769159476793_4TW9.asm(81) : error A2034:must be in segment block
D:\rawrxd\history\all_versions\src\vulkan_masm.asm\1769159476793_4TW9.asm(82) : error A2034:must be in segment block
D:\rawrxd\history\all_versions\src\vulkan_masm.asm\1769159476793_4TW9.asm(83) : error A2034:must be in segment block
D:\rawrxd\history\all_versions\src\vulkan_masm.asm\1769159476793_4TW9.asm(84) : error A2034:must be in segment block
D:\rawrxd\history\all_versions\src\vulkan_masm.asm\1769159476793_4TW9.asm(85) : error A2034:must be in segment block
D:\rawrxd\history\all_versions\src\vulkan_masm.asm\1769159476793_4TW9.asm(87) : error A2034:must be in segment block
D:\rawrxd\history\all_versions\src\vulkan_masm.asm\1769159476793_4TW9.asm(88) : error A2034:must be in segment block
D:\rawrxd\history\all_versions\src\vulkan_masm.asm\1769159476793_4TW9.asm(89) : error A2034:must be in segment block
D:\rawrxd\history\all_versions\src\vulkan_masm.asm\1769159476793_4TW9.asm(90) : error A2034:must be in segment block
D:\rawrxd\history\all_versions\src\vulkan_masm.asm\1769159476793_4TW9.asm(91) : error A2034:must be in segment block
D:\rawrxd\history\all_versions\src\vulkan_masm.asm\1769159476793_4TW9.asm(92) : error A2034:must be in segment block
D:\rawrxd\history\all_versions\src\vulkan_masm.asm\1769159476793_4TW9.asm(93) : error A2034:must be in segment block
D:\rawrxd\history\all_versions\src\vulkan_masm.asm\1769159476793_4TW9.asm(94) : error A2034:must be in segment block
D:\rawrxd\history\all_versions\src\vulkan_masm.asm\1769159476793_4TW9.asm(95) : error A2034:must be in segment block
D:\rawrxd\history\all_versions\src\vulkan_masm.asm\1769159476793_4TW9.asm(96) : error A2034:must be in segment block
D:\rawrxd\history\all_versions\src\vulkan_masm.asm\1769159476793_4TW9.asm(97) : error A2034:must be in segment block
D:\rawrxd\history\all_versions\src\vulkan_masm.asm\1769159476793_4TW9.asm(98) : error A2034:must be in segment block
D:\rawrxd\history\all_versions\src\vulkan_masm.asm\1769159476793_4TW9.asm(99) : error A2034:must be in segment block
D:\rawrxd\history\all_versions\src\vulkan_masm.asm\1769159476793_4TW9.asm(100) : error A2034:must be in segment block
D:\rawrxd\history\all_versions\src\vulkan_masm.asm\1769159476793_4TW9.asm(101) : error A2034:must be in segment block
D:\rawrxd\history\all_versions\src\vulkan_masm.asm\1769159476793_4TW9.asm(102) : error A2034:must be in segment block
D:\rawrxd\history\all_versions\src\vulkan_masm.asm\1769159476793_4TW9.asm(103) : error A2034:must be in segment block
D:\rawrxd\history\all_versions\src\vulkan_masm.asm\1769159476793_4TW9.asm(105) : error A2008:syntax error : section
D:\rawrxd\history\all_versions\src\vulkan_masm.asm\1769159476793_4TW9.asm(106) : error A2034:must be in segment block
D:\rawrxd\history\all_versions\src\vulkan_masm.asm\1769159476793_4TW9.asm(119) : error A2008:syntax error : global
D:\rawrxd\history\all_versions\src\vulkan_masm.asm\1769159476793_4TW9.asm(120) : error A2034:must be in segment block
D:\rawrxd\history\all_versions\src\vulkan_masm.asm\1769159476793_4TW9.asm(122) : error A2034:must be in segment block
D:\rawrxd\history\all_versions\src\vulkan_masm.asm\1769159476793_4TW9.asm(123) : error A2034:must be in segment block
D:\rawrxd\history\all_versions\src\vulkan_masm.asm\1769159476793_4TW9.asm(124) : error A2034:must be in segment block
D:\rawrxd\history\all_versions\src\vulkan_masm.asm\1769159476793_4TW9.asm(126) : error A2034:must be in segment block
D:\rawrxd\history\all_versions\src\vulkan_masm.asm\1769159476793_4TW9.asm(127) : error A2034:must be in segment block
D:\rawrxd\history\all_versions\src\vulkan_masm.asm\1769159476793_4TW9.asm(128) : error A2034:must be in segment block
D:\rawrxd\history\all_versions\src\vulkan_masm.asm\1769159476793_4TW9.asm(129) : error A2034:must be in segment block
D:\rawrxd\history\all_versions\src\vulkan_masm.asm\1769159476793_4TW9.asm(133) : error A2034:must be in segment block
D:\rawrxd\history\all_versions\src\vulkan_masm.asm\1769159476793_4TW9.asm(134) : error A2034:must be in segment block
D:\rawrxd\history\all_versions\src\vulkan_masm.asm\1769159476793_4TW9.asm(135) : fatal error A1012:error count exceeds 100; stopping assembly
