 Assembling: D:\rawrxd\history\all_versions\src\asm\RawrCodex.asm\1770470656150_hfzd.asm
D:\rawrxd\history\all_versions\src\asm\RawrCodex.asm\1770470656150_hfzd.asm(149) : error A2008:syntax error : size
D:\rawrxd\history\all_versions\src\asm\RawrCodex.asm\1770470656150_hfzd.asm(180) : error A2008:syntax error : length
D:\rawrxd\history\all_versions\src\asm\RawrCodex.asm\1770470656150_hfzd.asm(235) : error A2008:syntax error : offset
D:\rawrxd\history\all_versions\src\asm\RawrCodex.asm\1770470656150_hfzd.asm(241) : error A2008:syntax error : offset
D:\rawrxd\history\all_versions\src\asm\RawrCodex.asm\1770470656150_hfzd.asm(243) : error A2008:syntax error : length
D:\rawrxd\history\all_versions\src\asm\RawrCodex.asm\1770470656150_hfzd.asm(1121) : error A2098:invalid operand for OFFSET
D:\rawrxd\history\all_versions\src\asm\RawrCodex.asm\1770470656150_hfzd.asm(1231) : error A2098:invalid operand for OFFSET
D:\rawrxd\history\all_versions\src\asm\RawrCodex.asm\1770470656150_hfzd.asm(1235) : error A2098:invalid operand for OFFSET
D:\rawrxd\history\all_versions\src\asm\RawrCodex.asm\1770470656150_hfzd.asm(1239) : error A2098:invalid operand for OFFSET
D:\rawrxd\history\all_versions\src\asm\RawrCodex.asm\1770470656150_hfzd.asm(1243) : error A2098:invalid operand for OFFSET
D:\rawrxd\history\all_versions\src\asm\RawrCodex.asm\1770470656150_hfzd.asm(1247) : error A2098:invalid operand for OFFSET
D:\rawrxd\history\all_versions\src\asm\RawrCodex.asm\1770470656150_hfzd.asm(1253) : error A2098:invalid operand for OFFSET
D:\rawrxd\history\all_versions\src\asm\RawrCodex.asm\1770470656150_hfzd.asm(1255) : error A2098:invalid operand for OFFSET
D:\rawrxd\history\all_versions\src\asm\RawrCodex.asm\1770470656150_hfzd.asm(1259) : error A2098:invalid operand for OFFSET
D:\rawrxd\history\all_versions\src\asm\RawrCodex.asm\1770470656150_hfzd.asm(1261) : error A2098:invalid operand for OFFSET
D:\rawrxd\history\all_versions\src\asm\RawrCodex.asm\1770470656150_hfzd.asm(1265) : error A2098:invalid operand for OFFSET
D:\rawrxd\history\all_versions\src\asm\RawrCodex.asm\1770470656150_hfzd.asm(1404) : error A2098:invalid operand for OFFSET
D:\rawrxd\history\all_versions\src\asm\RawrCodex.asm\1770470656150_hfzd.asm(1405) : error A2098:invalid operand for OFFSET
D:\rawrxd\history\all_versions\src\asm\RawrCodex.asm\1770470656150_hfzd.asm(1444) : error A2098:invalid operand for OFFSET
D:\rawrxd\history\all_versions\src\asm\RawrCodex.asm\1770470656150_hfzd.asm(1579) : error A2098:invalid operand for OFFSET
D:\rawrxd\history\all_versions\src\asm\RawrCodex.asm\1770470656150_hfzd.asm(1584) : error A2098:invalid operand for OFFSET
D:\rawrxd\history\all_versions\src\asm\RawrCodex.asm\1770470656150_hfzd.asm(1737) : error A2098:invalid operand for OFFSET
D:\rawrxd\history\all_versions\src\asm\RawrCodex.asm\1770470656150_hfzd.asm(1741) : error A2098:invalid operand for OFFSET
D:\rawrxd\history\all_versions\src\asm\RawrCodex.asm\1770470656150_hfzd.asm(1745) : error A2098:invalid operand for OFFSET
D:\rawrxd\history\all_versions\src\asm\RawrCodex.asm\1770470656150_hfzd.asm(1746) : error A2098:invalid operand for OFFSET
D:\rawrxd\history\all_versions\src\asm\RawrCodex.asm\1770470656150_hfzd.asm(1754) : error A2098:invalid operand for OFFSET
D:\rawrxd\history\all_versions\src\asm\RawrCodex.asm\1770470656150_hfzd.asm(1758) : error A2098:invalid operand for OFFSET
D:\rawrxd\history\all_versions\src\asm\RawrCodex.asm\1770470656150_hfzd.asm(1762) : error A2098:invalid operand for OFFSET
D:\rawrxd\history\all_versions\src\asm\RawrCodex.asm\1770470656150_hfzd.asm(1769) : error A2098:invalid operand for OFFSET
D:\rawrxd\history\all_versions\src\asm\RawrCodex.asm\1770470656150_hfzd.asm(1773) : error A2098:invalid operand for OFFSET
D:\rawrxd\history\all_versions\src\asm\RawrCodex.asm\1770470656150_hfzd.asm(1777) : error A2098:invalid operand for OFFSET
D:\rawrxd\history\all_versions\src\asm\RawrCodex.asm\1770470656150_hfzd.asm(1778) : error A2098:invalid operand for OFFSET
D:\rawrxd\history\all_versions\src\asm\RawrCodex.asm\1770470656150_hfzd.asm(1784) : error A2098:invalid operand for OFFSET
D:\rawrxd\history\all_versions\src\asm\RawrCodex.asm\1770470656150_hfzd.asm(1788) : error A2098:invalid operand for OFFSET
D:\rawrxd\history\all_versions\src\asm\RawrCodex.asm\1770470656150_hfzd.asm(1792) : error A2098:invalid operand for OFFSET
D:\rawrxd\history\all_versions\src\asm\RawrCodex.asm\1770470656150_hfzd.asm(2388) : error A2006:undefined symbol : mnXCHG
D:\rawrxd\history\all_versions\src\asm\RawrCodex.asm\1770470656150_hfzd.asm(2974) : error A2081:missing operand after unary operator
D:\rawrxd\history\all_versions\src\asm\RawrCodex.asm\1770470656150_hfzd.asm(2984) : error A2098:invalid operand for OFFSET
D:\rawrxd\history\all_versions\src\asm\RawrCodex.asm\1770470656150_hfzd.asm(3073) : error A2081:missing operand after unary operator
D:\rawrxd\history\all_versions\src\asm\RawrCodex.asm\1770470656150_hfzd.asm(3187) : error A2081:missing operand after unary operator
D:\rawrxd\history\all_versions\src\asm\RawrCodex.asm\1770470656150_hfzd.asm(3188) : error A2081:missing operand after unary operator
D:\rawrxd\history\all_versions\src\asm\RawrCodex.asm\1770470656150_hfzd.asm(3189) : error A2098:invalid operand for OFFSET
D:\rawrxd\history\all_versions\src\asm\RawrCodex.asm\1770470656150_hfzd.asm(3197) : error A2098:invalid operand for OFFSET
D:\rawrxd\history\all_versions\src\asm\RawrCodex.asm\1770470656150_hfzd.asm(3199) : error A2081:missing operand after unary operator
D:\rawrxd\history\all_versions\src\asm\RawrCodex.asm\1770470656150_hfzd.asm(3202) : error A2081:missing operand after unary operator
D:\rawrxd\history\all_versions\src\asm\RawrCodex.asm\1770470656150_hfzd.asm(3297) : error A2029:multiple base registers not allowed
D:\rawrxd\history\all_versions\src\asm\RawrCodex.asm\1770470656150_hfzd.asm(3309) : error A2081:missing operand after unary operator
D:\rawrxd\history\all_versions\src\asm\RawrCodex.asm\1770470656150_hfzd.asm(3310) : error A2098:invalid operand for OFFSET
D:\rawrxd\history\all_versions\src\asm\RawrCodex.asm\1770470656150_hfzd.asm(3393) : error A2098:invalid operand for OFFSET
D:\rawrxd\history\all_versions\src\asm\RawrCodex.asm\1770470656150_hfzd.asm(3403) : error A2098:invalid operand for OFFSET
D:\rawrxd\history\all_versions\src\asm\RawrCodex.asm\1770470656150_hfzd.asm(3405) : error A2098:invalid operand for OFFSET
D:\rawrxd\history\all_versions\src\asm\RawrCodex.asm\1770470656150_hfzd.asm(3424) : error A2098:invalid operand for OFFSET
D:\rawrxd\history\all_versions\src\asm\RawrCodex.asm\1770470656150_hfzd.asm(3433) : error A2098:invalid operand for OFFSET
D:\rawrxd\history\all_versions\src\asm\RawrCodex.asm\1770470656150_hfzd.asm(3435) : error A2098:invalid operand for OFFSET
D:\rawrxd\history\all_versions\src\asm\RawrCodex.asm\1770470656150_hfzd.asm(4059) : error A2081:missing operand after unary operator
D:\rawrxd\history\all_versions\src\asm\RawrCodex.asm\1770470656150_hfzd.asm(4139) : error A2098:invalid operand for OFFSET
D:\rawrxd\history\all_versions\src\asm\RawrCodex.asm\1770470656150_hfzd.asm(4151) : error A2098:invalid operand for OFFSET
D:\rawrxd\history\all_versions\src\asm\RawrCodex.asm\1770470656150_hfzd.asm(4423) : error A2081:missing operand after unary operator
D:\rawrxd\history\all_versions\src\asm\RawrCodex.asm\1770470656150_hfzd.asm(4443) : error A2081:missing operand after unary operator
