 Assembling: D:\rawrxd\history\all_versions\RawrXD_IDE_unified.asm\1770695280825_0q2C.asm
D:\rawrxd\history\all_versions\RawrXD_IDE_unified.asm\1770695280825_0q2C.asm(941) : error A2016:expression expected
 CANARY_PROLOGUE(3): Macro Called From
  D:\rawrxd\history\all_versions\RawrXD_IDE_unified.asm\1770695280825_0q2C.asm(941): Main Line Code
D:\rawrxd\history\all_versions\RawrXD_IDE_unified.asm\1770695280825_0q2C.asm(985) : error A2016:expression expected
 CANARY_EPILOGUE(1): Macro Called From
  D:\rawrxd\history\all_versions\RawrXD_IDE_unified.asm\1770695280825_0q2C.asm(985): Main Line Code
D:\rawrxd\history\all_versions\RawrXD_IDE_unified.asm\1770695280825_0q2C.asm(1004) : error A2016:expression expected
 CANARY_PROLOGUE(3): Macro Called From
  D:\rawrxd\history\all_versions\RawrXD_IDE_unified.asm\1770695280825_0q2C.asm(1004): Main Line Code
D:\rawrxd\history\all_versions\RawrXD_IDE_unified.asm\1770695280825_0q2C.asm(1096) : error A2016:expression expected
 CANARY_EPILOGUE(1): Macro Called From
  D:\rawrxd\history\all_versions\RawrXD_IDE_unified.asm\1770695280825_0q2C.asm(1096): Main Line Code
D:\rawrxd\history\all_versions\RawrXD_IDE_unified.asm\1770695280825_0q2C.asm(1115) : error A2016:expression expected
 CANARY_PROLOGUE(3): Macro Called From
  D:\rawrxd\history\all_versions\RawrXD_IDE_unified.asm\1770695280825_0q2C.asm(1115): Main Line Code
D:\rawrxd\history\all_versions\RawrXD_IDE_unified.asm\1770695280825_0q2C.asm(1190) : error A2016:expression expected
 CANARY_EPILOGUE(1): Macro Called From
  D:\rawrxd\history\all_versions\RawrXD_IDE_unified.asm\1770695280825_0q2C.asm(1190): Main Line Code
D:\rawrxd\history\all_versions\RawrXD_IDE_unified.asm\1770695280825_0q2C.asm(1207) : error A2016:expression expected
 CANARY_PROLOGUE(3): Macro Called From
  D:\rawrxd\history\all_versions\RawrXD_IDE_unified.asm\1770695280825_0q2C.asm(1207): Main Line Code
D:\rawrxd\history\all_versions\RawrXD_IDE_unified.asm\1770695280825_0q2C.asm(1274) : error A2016:expression expected
 CANARY_EPILOGUE(1): Macro Called From
  D:\rawrxd\history\all_versions\RawrXD_IDE_unified.asm\1770695280825_0q2C.asm(1274): Main Line Code
D:\rawrxd\history\all_versions\RawrXD_IDE_unified.asm\1770695280825_0q2C.asm(1290) : error A2016:expression expected
 CANARY_PROLOGUE(3): Macro Called From
  D:\rawrxd\history\all_versions\RawrXD_IDE_unified.asm\1770695280825_0q2C.asm(1290): Main Line Code
D:\rawrxd\history\all_versions\RawrXD_IDE_unified.asm\1770695280825_0q2C.asm(1328) : error A2016:expression expected
 CANARY_EPILOGUE(1): Macro Called From
  D:\rawrxd\history\all_versions\RawrXD_IDE_unified.asm\1770695280825_0q2C.asm(1328): Main Line Code
D:\rawrxd\history\all_versions\RawrXD_IDE_unified.asm\1770695280825_0q2C.asm(1347) : error A2016:expression expected
 CANARY_PROLOGUE(3): Macro Called From
  D:\rawrxd\history\all_versions\RawrXD_IDE_unified.asm\1770695280825_0q2C.asm(1347): Main Line Code
D:\rawrxd\history\all_versions\RawrXD_IDE_unified.asm\1770695280825_0q2C.asm(1501) : error A2016:expression expected
 CANARY_EPILOGUE(1): Macro Called From
  D:\rawrxd\history\all_versions\RawrXD_IDE_unified.asm\1770695280825_0q2C.asm(1501): Main Line Code
D:\rawrxd\history\all_versions\RawrXD_IDE_unified.asm\1770695280825_0q2C.asm(1520) : error A2016:expression expected
 CANARY_PROLOGUE(3): Macro Called From
  D:\rawrxd\history\all_versions\RawrXD_IDE_unified.asm\1770695280825_0q2C.asm(1520): Main Line Code
D:\rawrxd\history\all_versions\RawrXD_IDE_unified.asm\1770695280825_0q2C.asm(1564) : error A2016:expression expected
 CANARY_EPILOGUE(1): Macro Called From
  D:\rawrxd\history\all_versions\RawrXD_IDE_unified.asm\1770695280825_0q2C.asm(1564): Main Line Code
D:\rawrxd\history\all_versions\RawrXD_IDE_unified.asm\1770695280825_0q2C.asm(1581) : error A2016:expression expected
 CANARY_PROLOGUE(3): Macro Called From
  D:\rawrxd\history\all_versions\RawrXD_IDE_unified.asm\1770695280825_0q2C.asm(1581): Main Line Code
D:\rawrxd\history\all_versions\RawrXD_IDE_unified.asm\1770695280825_0q2C.asm(1686) : error A2016:expression expected
 CANARY_EPILOGUE(1): Macro Called From
  D:\rawrxd\history\all_versions\RawrXD_IDE_unified.asm\1770695280825_0q2C.asm(1686): Main Line Code
D:\rawrxd\history\all_versions\RawrXD_IDE_unified.asm\1770695280825_0q2C.asm(1708) : error A2016:expression expected
 CANARY_PROLOGUE(3): Macro Called From
  D:\rawrxd\history\all_versions\RawrXD_IDE_unified.asm\1770695280825_0q2C.asm(1708): Main Line Code
D:\rawrxd\history\all_versions\RawrXD_IDE_unified.asm\1770695280825_0q2C.asm(1823) : error A2016:expression expected
 CANARY_EPILOGUE(1): Macro Called From
  D:\rawrxd\history\all_versions\RawrXD_IDE_unified.asm\1770695280825_0q2C.asm(1823): Main Line Code
D:\rawrxd\history\all_versions\RawrXD_IDE_unified.asm\1770695280825_0q2C.asm(1842) : error A2016:expression expected
 CANARY_PROLOGUE(3): Macro Called From
  D:\rawrxd\history\all_versions\RawrXD_IDE_unified.asm\1770695280825_0q2C.asm(1842): Main Line Code
D:\rawrxd\history\all_versions\RawrXD_IDE_unified.asm\1770695280825_0q2C.asm(1878) : error A2016:expression expected
 CANARY_EPILOGUE(1): Macro Called From
  D:\rawrxd\history\all_versions\RawrXD_IDE_unified.asm\1770695280825_0q2C.asm(1878): Main Line Code
