 Assembling: D:\rawrxd\history\all_versions\src\asm\RawrXD-AnalyzerDistiller.asm\1770773696977_dfLK.asm
D:\rawrxd\history\all_versions\src\asm\RawrXD-AnalyzerDistiller.asm\1770773696977_dfLK.asm(26) : error A2034:must be in segment block
D:\rawrxd\history\all_versions\src\asm\RawrXD-AnalyzerDistiller.asm\1770773696977_dfLK.asm(27) : error A2034:must be in segment block
D:\rawrxd\history\all_versions\src\asm\RawrXD-AnalyzerDistiller.asm\1770773696977_dfLK.asm(76) : error A2034:must be in segment block
D:\rawrxd\history\all_versions\src\asm\RawrXD-AnalyzerDistiller.asm\1770773696977_dfLK.asm(98) : error A2008:syntax error : offset
D:\rawrxd\history\all_versions\src\asm\RawrXD-AnalyzerDistiller.asm\1770773696977_dfLK.asm(321) : error A2006:undefined symbol : @COUNTER
 c_str(2): Macro Called From
  D:\rawrxd\history\all_versions\src\asm\RawrXD-AnalyzerDistiller.asm\1770773696977_dfLK.asm(321): Main Line Code
D:\rawrxd\history\all_versions\src\asm\RawrXD-AnalyzerDistiller.asm\1770773696977_dfLK.asm(335) : error A2006:undefined symbol : @COUNTER
 c_str(2): Macro Called From
  D:\rawrxd\history\all_versions\src\asm\RawrXD-AnalyzerDistiller.asm\1770773696977_dfLK.asm(335): Main Line Code
D:\rawrxd\history\all_versions\src\asm\RawrXD-AnalyzerDistiller.asm\1770773696977_dfLK.asm(335) : error A2005:symbol redefinition : _cstr_0
 c_str(4): Macro Called From
  D:\rawrxd\history\all_versions\src\asm\RawrXD-AnalyzerDistiller.asm\1770773696977_dfLK.asm(335): Main Line Code
D:\rawrxd\history\all_versions\src\asm\RawrXD-AnalyzerDistiller.asm\1770773696977_dfLK.asm(341) : error A2006:undefined symbol : @COUNTER
 c_str(2): Macro Called From
  D:\rawrxd\history\all_versions\src\asm\RawrXD-AnalyzerDistiller.asm\1770773696977_dfLK.asm(341): Main Line Code
D:\rawrxd\history\all_versions\src\asm\RawrXD-AnalyzerDistiller.asm\1770773696977_dfLK.asm(341) : error A2005:symbol redefinition : _cstr_0
 c_str(4): Macro Called From
  D:\rawrxd\history\all_versions\src\asm\RawrXD-AnalyzerDistiller.asm\1770773696977_dfLK.asm(341): Main Line Code
D:\rawrxd\history\all_versions\src\asm\RawrXD-AnalyzerDistiller.asm\1770773696977_dfLK.asm(347) : error A2006:undefined symbol : @COUNTER
 c_str(2): Macro Called From
  D:\rawrxd\history\all_versions\src\asm\RawrXD-AnalyzerDistiller.asm\1770773696977_dfLK.asm(347): Main Line Code
D:\rawrxd\history\all_versions\src\asm\RawrXD-AnalyzerDistiller.asm\1770773696977_dfLK.asm(347) : error A2005:symbol redefinition : _cstr_0
 c_str(4): Macro Called From
  D:\rawrxd\history\all_versions\src\asm\RawrXD-AnalyzerDistiller.asm\1770773696977_dfLK.asm(347): Main Line Code
D:\rawrxd\history\all_versions\src\asm\RawrXD-AnalyzerDistiller.asm\1770773696977_dfLK.asm(353) : error A2006:undefined symbol : @COUNTER
 c_str(2): Macro Called From
  D:\rawrxd\history\all_versions\src\asm\RawrXD-AnalyzerDistiller.asm\1770773696977_dfLK.asm(353): Main Line Code
D:\rawrxd\history\all_versions\src\asm\RawrXD-AnalyzerDistiller.asm\1770773696977_dfLK.asm(353) : error A2005:symbol redefinition : _cstr_0
 c_str(4): Macro Called From
  D:\rawrxd\history\all_versions\src\asm\RawrXD-AnalyzerDistiller.asm\1770773696977_dfLK.asm(353): Main Line Code
D:\rawrxd\history\all_versions\src\asm\RawrXD-AnalyzerDistiller.asm\1770773696977_dfLK.asm(359) : error A2006:undefined symbol : @COUNTER
 c_str(2): Macro Called From
  D:\rawrxd\history\all_versions\src\asm\RawrXD-AnalyzerDistiller.asm\1770773696977_dfLK.asm(359): Main Line Code
D:\rawrxd\history\all_versions\src\asm\RawrXD-AnalyzerDistiller.asm\1770773696977_dfLK.asm(359) : error A2005:symbol redefinition : _cstr_0
 c_str(4): Macro Called From
  D:\rawrxd\history\all_versions\src\asm\RawrXD-AnalyzerDistiller.asm\1770773696977_dfLK.asm(359): Main Line Code
D:\rawrxd\history\all_versions\src\asm\RawrXD-AnalyzerDistiller.asm\1770773696977_dfLK.asm(382) : error A2111:conflicting parameter definition
D:\rawrxd\history\all_versions\src\asm\RawrXD-AnalyzerDistiller.asm\1770773696977_dfLK.asm(400) : error A2111:conflicting parameter definition
D:\rawrxd\history\all_versions\src\asm\RawrXD-AnalyzerDistiller.asm\1770773696977_dfLK.asm(402) : error A2008:syntax error : OPEN_EXISTING
D:\rawrxd\history\all_versions\src\asm\RawrXD-AnalyzerDistiller.asm\1770773696977_dfLK.asm(415) : error A2111:conflicting parameter definition
D:\rawrxd\history\all_versions\src\asm\RawrXD-AnalyzerDistiller.asm\1770773696977_dfLK.asm(467) : error A2111:conflicting parameter definition
D:\rawrxd\history\all_versions\src\asm\RawrXD-AnalyzerDistiller.asm\1770773696977_dfLK.asm(584) : error A2111:conflicting parameter definition
D:\rawrxd\history\all_versions\src\asm\RawrXD-AnalyzerDistiller.asm\1770773696977_dfLK.asm(682) : error A2111:conflicting parameter definition
D:\rawrxd\history\all_versions\src\asm\RawrXD-AnalyzerDistiller.asm\1770773696977_dfLK.asm(759) : error A2111:conflicting parameter definition
D:\rawrxd\history\all_versions\src\asm\RawrXD-AnalyzerDistiller.asm\1770773696977_dfLK.asm(776) : error A2070:invalid instruction operands
D:\rawrxd\history\all_versions\src\asm\RawrXD-AnalyzerDistiller.asm\1770773696977_dfLK.asm(805) : error A2111:conflicting parameter definition
D:\rawrxd\history\all_versions\src\asm\RawrXD-AnalyzerDistiller.asm\1770773696977_dfLK.asm(836) : error A2111:conflicting parameter definition
D:\rawrxd\history\all_versions\src\asm\RawrXD-AnalyzerDistiller.asm\1770773696977_dfLK.asm(848) : error A2008:syntax error : CREATE_ALWAYS
D:\rawrxd\history\all_versions\src\asm\RawrXD-AnalyzerDistiller.asm\1770773696977_dfLK.asm(888) : error A2111:conflicting parameter definition
D:\rawrxd\history\all_versions\src\asm\RawrXD-AnalyzerDistiller.asm\1770773696977_dfLK.asm(922) : error A2111:conflicting parameter definition
D:\rawrxd\history\all_versions\src\asm\RawrXD-AnalyzerDistiller.asm\1770773696977_dfLK.asm(963) : error A2111:conflicting parameter definition
D:\rawrxd\history\all_versions\src\asm\RawrXD-AnalyzerDistiller.asm\1770773696977_dfLK.asm(1006) : error A2111:conflicting parameter definition
D:\rawrxd\history\all_versions\src\asm\RawrXD-AnalyzerDistiller.asm\1770773696977_dfLK.asm(1048) : error A2111:conflicting parameter definition
D:\rawrxd\history\all_versions\src\asm\RawrXD-AnalyzerDistiller.asm\1770773696977_dfLK.asm(1090) : error A2111:conflicting parameter definition
D:\rawrxd\history\all_versions\src\asm\RawrXD-AnalyzerDistiller.asm\1770773696977_dfLK.asm(1135) : error A2111:conflicting parameter definition
D:\rawrxd\history\all_versions\src\asm\RawrXD-AnalyzerDistiller.asm\1770773696977_dfLK.asm(1173) : error A2111:conflicting parameter definition
D:\rawrxd\history\all_versions\src\asm\RawrXD-AnalyzerDistiller.asm\1770773696977_dfLK.asm(1177) : error A2008:syntax error : addr
 invoke(30): Macro Called From
  D:\rawrxd\history\all_versions\src\asm\RawrXD-AnalyzerDistiller.asm\1770773696977_dfLK.asm(1177): Main Line Code
D:\rawrxd\history\all_versions\src\asm\RawrXD-AnalyzerDistiller.asm\1770773696977_dfLK.asm(1182) : error A2111:conflicting parameter definition
D:\rawrxd\history\all_versions\src\asm\RawrXD-AnalyzerDistiller.asm\1770773696977_dfLK.asm(1186) : error A2008:syntax error : addr
 invoke(30): Macro Called From
  D:\rawrxd\history\all_versions\src\asm\RawrXD-AnalyzerDistiller.asm\1770773696977_dfLK.asm(1186): Main Line Code
D:\rawrxd\history\all_versions\src\asm\RawrXD-AnalyzerDistiller.asm\1770773696977_dfLK.asm(1191) : error A2111:conflicting parameter definition
D:\rawrxd\history\all_versions\src\asm\RawrXD-AnalyzerDistiller.asm\1770773696977_dfLK.asm(1224) : error A2005:symbol redefinition : strcpy_s
D:\rawrxd\history\all_versions\src\asm\RawrXD-AnalyzerDistiller.asm\1770773696977_dfLK.asm(1225) : error A2005:symbol redefinition : sprintf_s
D:\rawrxd\history\all_versions\src\asm\RawrXD-AnalyzerDistiller.asm\1770773696977_dfLK.asm(1227) : error A2005:symbol redefinition : lstrlenA
D:\rawrxd\history\all_versions\src\asm\RawrXD-AnalyzerDistiller.asm\1770773696977_dfLK.asm(1228) : error A2005:symbol redefinition : SetFilePointerEx
D:\rawrxd\history\all_versions\src\asm\RawrXD-AnalyzerDistiller.asm\1770773696977_dfLK.asm(423) : error A2006:undefined symbol : magic
D:\rawrxd\history\all_versions\src\asm\RawrXD-AnalyzerDistiller.asm\1770773696977_dfLK.asm(429) : error A2006:undefined symbol : magic
D:\rawrxd\history\all_versions\src\asm\RawrXD-AnalyzerDistiller.asm\1770773696977_dfLK.asm(430) : error A2006:undefined symbol : GGUF_MAGIC
D:\rawrxd\history\all_versions\src\asm\RawrXD-AnalyzerDistiller.asm\1770773696977_dfLK.asm(434) : error A2006:undefined symbol : version
D:\rawrxd\history\all_versions\src\asm\RawrXD-AnalyzerDistiller.asm\1770773696977_dfLK.asm(438) : error A2006:undefined symbol : tensor_count
D:\rawrxd\history\all_versions\src\asm\RawrXD-AnalyzerDistiller.asm\1770773696977_dfLK.asm(605) : error A2083:invalid scale value
D:\rawrxd\history\all_versions\src\asm\RawrXD-AnalyzerDistiller.asm\1770773696977_dfLK.asm(608) : error A2006:undefined symbol : name_len
D:\rawrxd\history\all_versions\src\asm\RawrXD-AnalyzerDistiller.asm\1770773696977_dfLK.asm(614) : error A2006:undefined symbol : name_len
D:\rawrxd\history\all_versions\src\asm\RawrXD-AnalyzerDistiller.asm\1770773696977_dfLK.asm(622) : error A2006:undefined symbol : name_ptr
D:\rawrxd\history\all_versions\src\asm\RawrXD-AnalyzerDistiller.asm\1770773696977_dfLK.asm(628) : error A2006:undefined symbol : dtype
D:\rawrxd\history\all_versions\src\asm\RawrXD-AnalyzerDistiller.asm\1770773696977_dfLK.asm(634) : error A2006:undefined symbol : shape_rank
D:\rawrxd\history\all_versions\src\asm\RawrXD-AnalyzerDistiller.asm\1770773696977_dfLK.asm(640) : error A2006:undefined symbol : shape_rank
D:\rawrxd\history\all_versions\src\asm\RawrXD-AnalyzerDistiller.asm\1770773696977_dfLK.asm(644) : error A2006:undefined symbol : shape
D:\rawrxd\history\all_versions\src\asm\RawrXD-AnalyzerDistiller.asm\1770773696977_dfLK.asm(650) : error A2081:missing operand after unary operator
D:\rawrxd\history\all_versions\src\asm\RawrXD-AnalyzerDistiller.asm\1770773696977_dfLK.asm(691) : error A2006:undefined symbol : name_ptr
D:\rawrxd\history\all_versions\src\asm\RawrXD-AnalyzerDistiller.asm\1770773696977_dfLK.asm(718) : error A2006:undefined symbol : pattern_type
D:\rawrxd\history\all_versions\src\asm\RawrXD-AnalyzerDistiller.asm\1770773696977_dfLK.asm(719) : error A2006:undefined symbol : unknown_layers
D:\rawrxd\history\all_versions\src\asm\RawrXD-AnalyzerDistiller.asm\1770773696977_dfLK.asm(723) : error A2006:undefined symbol : pattern_type
D:\rawrxd\history\all_versions\src\asm\RawrXD-AnalyzerDistiller.asm\1770773696977_dfLK.asm(724) : error A2006:undefined symbol : ffn_blocks
D:\rawrxd\history\all_versions\src\asm\RawrXD-AnalyzerDistiller.asm\1770773696977_dfLK.asm(727) : error A2006:undefined symbol : total_params
D:\rawrxd\history\all_versions\src\asm\RawrXD-AnalyzerDistiller.asm\1770773696977_dfLK.asm(731) : error A2006:undefined symbol : pattern_type
D:\rawrxd\history\all_versions\src\asm\RawrXD-AnalyzerDistiller.asm\1770773696977_dfLK.asm(732) : error A2006:undefined symbol : attn_heads
D:\rawrxd\history\all_versions\src\asm\RawrXD-AnalyzerDistiller.asm\1770773696977_dfLK.asm(735) : error A2006:undefined symbol : total_params
D:\rawrxd\history\all_versions\src\asm\RawrXD-AnalyzerDistiller.asm\1770773696977_dfLK.asm(739) : error A2006:undefined symbol : pattern_type
D:\rawrxd\history\all_versions\src\asm\RawrXD-AnalyzerDistiller.asm\1770773696977_dfLK.asm(740) : error A2006:undefined symbol : embed_tokens
D:\rawrxd\history\all_versions\src\asm\RawrXD-AnalyzerDistiller.asm\1770773696977_dfLK.asm(744) : error A2006:undefined symbol : pattern_type
D:\rawrxd\history\all_versions\src\asm\RawrXD-AnalyzerDistiller.asm\1770773696977_dfLK.asm(745) : error A2006:undefined symbol : norm_layers
D:\rawrxd\history\all_versions\src\asm\RawrXD-AnalyzerDistiller.asm\1770773696977_dfLK.asm(775) : error A2083:invalid scale value
D:\rawrxd\history\all_versions\src\asm\RawrXD-AnalyzerDistiller.asm\1770773696977_dfLK.asm(784) : error A2006:undefined symbol : ffn_blocks
D:\rawrxd\history\all_versions\src\asm\RawrXD-AnalyzerDistiller.asm\1770773696977_dfLK.asm(785) : error A2006:undefined symbol : attn_heads
D:\rawrxd\history\all_versions\src\asm\RawrXD-AnalyzerDistiller.asm\1770773696977_dfLK.asm(786) : error A2006:undefined symbol : embed_tokens
D:\rawrxd\history\all_versions\src\asm\RawrXD-AnalyzerDistiller.asm\1770773696977_dfLK.asm(787) : error A2006:undefined symbol : norm_layers
D:\rawrxd\history\all_versions\src\asm\RawrXD-AnalyzerDistiller.asm\1770773696977_dfLK.asm(788) : error A2006:undefined symbol : layer_count
D:\rawrxd\history\all_versions\src\asm\RawrXD-AnalyzerDistiller.asm\1770773696977_dfLK.asm(815) : error A2006:undefined symbol : total_params
D:\rawrxd\history\all_versions\src\asm\RawrXD-AnalyzerDistiller.asm\1770773696977_dfLK.asm(854) : error A2006:undefined symbol : exec_header
D:\rawrxd\history\all_versions\src\asm\RawrXD-AnalyzerDistiller.asm\1770773696977_dfLK.asm(896) : error A2006:undefined symbol : shape_rank
D:\rawrxd\history\all_versions\src\asm\RawrXD-AnalyzerDistiller.asm\1770773696977_dfLK.asm(897) : error A2006:undefined symbol : shape
D:\rawrxd\history\all_versions\src\asm\RawrXD-AnalyzerDistiller.asm\1770773696977_dfLK.asm(911) : error A2006:undefined symbol : param_count
D:\rawrxd\history\all_versions\src\asm\RawrXD-AnalyzerDistiller.asm\1770773696977_dfLK.asm(1177) : error A2022:instruction operands must be the same size
 invoke(18): Macro Called From
  D:\rawrxd\history\all_versions\src\asm\RawrXD-AnalyzerDistiller.asm\1770773696977_dfLK.asm(1177): Main Line Code
D:\rawrxd\history\all_versions\src\asm\RawrXD-AnalyzerDistiller.asm\1770773696977_dfLK.asm(1186) : error A2022:instruction operands must be the same size
 invoke(18): Macro Called From
  D:\rawrxd\history\all_versions\src\asm\RawrXD-AnalyzerDistiller.asm\1770773696977_dfLK.asm(1186): Main Line Code
