 Assembling: D:\rawrxd\history\all_versions\src\asm\RawrXD-StreamingOrchestrator.asm\1770776277504_mqk2.asm
D:\rawrxd\history\all_versions\src\asm\RawrXD-StreamingOrchestrator.asm\1770776277504_mqk2.asm(269) : error A2008:syntax error : DQ
D:\rawrxd\history\all_versions\src\asm\RawrXD-StreamingOrchestrator.asm\1770776277504_mqk2.asm(645) : error A2008:syntax error : OPEN_EXISTING
D:\rawrxd\history\all_versions\src\asm\RawrXD-StreamingOrchestrator.asm\1770776277504_mqk2.asm(658) : error A2084:constant value too large
D:\rawrxd\history\all_versions\src\asm\RawrXD-StreamingOrchestrator.asm\1770776277504_mqk2.asm(723) : error A2084:constant value too large
D:\rawrxd\history\all_versions\src\asm\RawrXD-StreamingOrchestrator.asm\1770776277504_mqk2.asm(725) : error A2084:constant value too large
D:\rawrxd\history\all_versions\src\asm\RawrXD-StreamingOrchestrator.asm\1770776277504_mqk2.asm(874) : error A2008:syntax error : addr
 invoke(20): Macro Called From
  D:\rawrxd\history\all_versions\src\asm\RawrXD-StreamingOrchestrator.asm\1770776277504_mqk2.asm(874): Main Line Code
D:\rawrxd\history\all_versions\src\asm\RawrXD-StreamingOrchestrator.asm\1770776277504_mqk2.asm(1046) : error A2008:syntax error : code
D:\rawrxd\history\all_versions\src\asm\RawrXD-StreamingOrchestrator.asm\1770776277504_mqk2.asm(1081) : error A2008:syntax error : code
D:\rawrxd\history\all_versions\src\asm\RawrXD-StreamingOrchestrator.asm\1770776277504_mqk2.asm(1116) : error A2008:syntax error : code
D:\rawrxd\history\all_versions\src\asm\RawrXD-StreamingOrchestrator.asm\1770776277504_mqk2.asm(1151) : error A2008:syntax error : code
D:\rawrxd\history\all_versions\src\asm\RawrXD-StreamingOrchestrator.asm\1770776277504_mqk2.asm(1261) : error A2070:invalid instruction operands
D:\rawrxd\history\all_versions\src\asm\RawrXD-StreamingOrchestrator.asm\1770776277504_mqk2.asm(1262) : error A2008:syntax error : code
D:\rawrxd\history\all_versions\src\asm\RawrXD-StreamingOrchestrator.asm\1770776277504_mqk2.asm(1301) : error A2070:invalid instruction operands
D:\rawrxd\history\all_versions\src\asm\RawrXD-StreamingOrchestrator.asm\1770776277504_mqk2.asm(1302) : error A2084:constant value too large
D:\rawrxd\history\all_versions\src\asm\RawrXD-StreamingOrchestrator.asm\1770776277504_mqk2.asm(1303) : error A2070:invalid instruction operands
D:\rawrxd\history\all_versions\src\asm\RawrXD-StreamingOrchestrator.asm\1770776277504_mqk2.asm(1348) : error A2070:invalid instruction operands
D:\rawrxd\history\all_versions\src\asm\RawrXD-StreamingOrchestrator.asm\1770776277504_mqk2.asm(1349) : error A2008:syntax error : code
D:\rawrxd\history\all_versions\src\asm\RawrXD-StreamingOrchestrator.asm\1770776277504_mqk2.asm(1388) : error A2070:invalid instruction operands
D:\rawrxd\history\all_versions\src\asm\RawrXD-StreamingOrchestrator.asm\1770776277504_mqk2.asm(1389) : error A2084:constant value too large
D:\rawrxd\history\all_versions\src\asm\RawrXD-StreamingOrchestrator.asm\1770776277504_mqk2.asm(1390) : error A2070:invalid instruction operands
D:\rawrxd\history\all_versions\src\asm\RawrXD-StreamingOrchestrator.asm\1770776277504_mqk2.asm(1435) : error A2070:invalid instruction operands
D:\rawrxd\history\all_versions\src\asm\RawrXD-StreamingOrchestrator.asm\1770776277504_mqk2.asm(1436) : error A2008:syntax error : code
D:\rawrxd\history\all_versions\src\asm\RawrXD-StreamingOrchestrator.asm\1770776277504_mqk2.asm(1475) : error A2070:invalid instruction operands
D:\rawrxd\history\all_versions\src\asm\RawrXD-StreamingOrchestrator.asm\1770776277504_mqk2.asm(1476) : error A2084:constant value too large
D:\rawrxd\history\all_versions\src\asm\RawrXD-StreamingOrchestrator.asm\1770776277504_mqk2.asm(1477) : error A2070:invalid instruction operands
D:\rawrxd\history\all_versions\src\asm\RawrXD-StreamingOrchestrator.asm\1770776277504_mqk2.asm(1522) : error A2070:invalid instruction operands
D:\rawrxd\history\all_versions\src\asm\RawrXD-StreamingOrchestrator.asm\1770776277504_mqk2.asm(1523) : error A2008:syntax error : code
D:\rawrxd\history\all_versions\src\asm\RawrXD-StreamingOrchestrator.asm\1770776277504_mqk2.asm(1562) : error A2070:invalid instruction operands
D:\rawrxd\history\all_versions\src\asm\RawrXD-StreamingOrchestrator.asm\1770776277504_mqk2.asm(1563) : error A2084:constant value too large
D:\rawrxd\history\all_versions\src\asm\RawrXD-StreamingOrchestrator.asm\1770776277504_mqk2.asm(1564) : error A2070:invalid instruction operands
D:\rawrxd\history\all_versions\src\asm\RawrXD-StreamingOrchestrator.asm\1770776277504_mqk2.asm(2242) : error A2008:syntax error : addr
 invoke(30): Macro Called From
  D:\rawrxd\history\all_versions\src\asm\RawrXD-StreamingOrchestrator.asm\1770776277504_mqk2.asm(2242): Main Line Code
D:\rawrxd\history\all_versions\src\asm\RawrXD-StreamingOrchestrator.asm\1770776277504_mqk2.asm(2251) : error A2008:syntax error : addr
 invoke(30): Macro Called From
  D:\rawrxd\history\all_versions\src\asm\RawrXD-StreamingOrchestrator.asm\1770776277504_mqk2.asm(2251): Main Line Code
D:\rawrxd\history\all_versions\src\asm\RawrXD-StreamingOrchestrator.asm\1770776277504_mqk2.asm(2373) : error A2008:syntax error : prefetch_queue
D:\rawrxd\history\all_versions\src\asm\RawrXD-StreamingOrchestrator.asm\1770776277504_mqk2.asm(496) : error A2022:instruction operands must be the same size
D:\rawrxd\history\all_versions\src\asm\RawrXD-StreamingOrchestrator.asm\1770776277504_mqk2.asm(502) : error A2022:instruction operands must be the same size
D:\rawrxd\history\all_versions\src\asm\RawrXD-StreamingOrchestrator.asm\1770776277504_mqk2.asm(508) : error A2022:instruction operands must be the same size
D:\rawrxd\history\all_versions\src\asm\RawrXD-StreamingOrchestrator.asm\1770776277504_mqk2.asm(513) : error A2022:instruction operands must be the same size
D:\rawrxd\history\all_versions\src\asm\RawrXD-StreamingOrchestrator.asm\1770776277504_mqk2.asm(520) : error A2022:instruction operands must be the same size
D:\rawrxd\history\all_versions\src\asm\RawrXD-StreamingOrchestrator.asm\1770776277504_mqk2.asm(527) : error A2022:instruction operands must be the same size
D:\rawrxd\history\all_versions\src\asm\RawrXD-StreamingOrchestrator.asm\1770776277504_mqk2.asm(534) : error A2022:instruction operands must be the same size
D:\rawrxd\history\all_versions\src\asm\RawrXD-StreamingOrchestrator.asm\1770776277504_mqk2.asm(541) : error A2022:instruction operands must be the same size
D:\rawrxd\history\all_versions\src\asm\RawrXD-StreamingOrchestrator.asm\1770776277504_mqk2.asm(551) : error A2022:instruction operands must be the same size
D:\rawrxd\history\all_versions\src\asm\RawrXD-StreamingOrchestrator.asm\1770776277504_mqk2.asm(670) : error A2022:instruction operands must be the same size
D:\rawrxd\history\all_versions\src\asm\RawrXD-StreamingOrchestrator.asm\1770776277504_mqk2.asm(679) : error A2022:instruction operands must be the same size
D:\rawrxd\history\all_versions\src\asm\RawrXD-StreamingOrchestrator.asm\1770776277504_mqk2.asm(823) : error A2083:invalid scale value
D:\rawrxd\history\all_versions\src\asm\RawrXD-StreamingOrchestrator.asm\1770776277504_mqk2.asm(871) : error A2083:invalid scale value
D:\rawrxd\history\all_versions\src\asm\RawrXD-StreamingOrchestrator.asm\1770776277504_mqk2.asm(913) : error A2006:undefined symbol : prefetch_queue
D:\rawrxd\history\all_versions\src\asm\RawrXD-StreamingOrchestrator.asm\1770776277504_mqk2.asm(914) : error A2006:undefined symbol : PrefetchEntry
D:\rawrxd\history\all_versions\src\asm\RawrXD-StreamingOrchestrator.asm\1770776277504_mqk2.asm(915) : error A2006:undefined symbol : PrefetchEntry
D:\rawrxd\history\all_versions\src\asm\RawrXD-StreamingOrchestrator.asm\1770776277504_mqk2.asm(916) : error A2006:undefined symbol : PrefetchEntry
D:\rawrxd\history\all_versions\src\asm\RawrXD-StreamingOrchestrator.asm\1770776277504_mqk2.asm(917) : error A2006:undefined symbol : PrefetchEntry
D:\rawrxd\history\all_versions\src\asm\RawrXD-StreamingOrchestrator.asm\1770776277504_mqk2.asm(918) : error A2006:undefined symbol : PrefetchEntry
D:\rawrxd\history\all_versions\src\asm\RawrXD-StreamingOrchestrator.asm\1770776277504_mqk2.asm(972) : error A2022:instruction operands must be the same size
D:\rawrxd\history\all_versions\src\asm\RawrXD-StreamingOrchestrator.asm\1770776277504_mqk2.asm(1185) : error A2083:invalid scale value
D:\rawrxd\history\all_versions\src\asm\RawrXD-StreamingOrchestrator.asm\1770776277504_mqk2.asm(1299) : error A2006:undefined symbol : VK_STRUCTURE_TYPE_PIPELINE_SHADER_STAGE_CREATE_INFO
D:\rawrxd\history\all_versions\src\asm\RawrXD-StreamingOrchestrator.asm\1770776277504_mqk2.asm(1300) : error A2006:undefined symbol : stage
D:\rawrxd\history\all_versions\src\asm\RawrXD-StreamingOrchestrator.asm\1770776277504_mqk2.asm(1386) : error A2006:undefined symbol : VK_STRUCTURE_TYPE_PIPELINE_SHADER_STAGE_CREATE_INFO
D:\rawrxd\history\all_versions\src\asm\RawrXD-StreamingOrchestrator.asm\1770776277504_mqk2.asm(1387) : error A2006:undefined symbol : stage
D:\rawrxd\history\all_versions\src\asm\RawrXD-StreamingOrchestrator.asm\1770776277504_mqk2.asm(1473) : error A2006:undefined symbol : VK_STRUCTURE_TYPE_PIPELINE_SHADER_STAGE_CREATE_INFO
D:\rawrxd\history\all_versions\src\asm\RawrXD-StreamingOrchestrator.asm\1770776277504_mqk2.asm(1474) : error A2006:undefined symbol : stage
D:\rawrxd\history\all_versions\src\asm\RawrXD-StreamingOrchestrator.asm\1770776277504_mqk2.asm(1560) : error A2006:undefined symbol : VK_STRUCTURE_TYPE_PIPELINE_SHADER_STAGE_CREATE_INFO
D:\rawrxd\history\all_versions\src\asm\RawrXD-StreamingOrchestrator.asm\1770776277504_mqk2.asm(1561) : error A2006:undefined symbol : stage
D:\rawrxd\history\all_versions\src\asm\RawrXD-StreamingOrchestrator.asm\1770776277504_mqk2.asm(1607) : error A2083:invalid scale value
D:\rawrxd\history\all_versions\src\asm\RawrXD-StreamingOrchestrator.asm\1770776277504_mqk2.asm(1615) : error A2083:invalid scale value
D:\rawrxd\history\all_versions\src\asm\RawrXD-StreamingOrchestrator.asm\1770776277504_mqk2.asm(1623) : error A2083:invalid scale value
D:\rawrxd\history\all_versions\src\asm\RawrXD-StreamingOrchestrator.asm\1770776277504_mqk2.asm(1688) : error A2083:invalid scale value
D:\rawrxd\history\all_versions\src\asm\RawrXD-StreamingOrchestrator.asm\1770776277504_mqk2.asm(1744) : error A2006:undefined symbol : RawrXD_Queue_Decompression_Task
D:\rawrxd\history\all_versions\src\asm\RawrXD-StreamingOrchestrator.asm\1770776277504_mqk2.asm(1747) : error A2006:undefined symbol : RawrXD_Wait_For_Layer_Ready
D:\rawrxd\history\all_versions\src\asm\RawrXD-StreamingOrchestrator.asm\1770776277504_mqk2.asm(1753) : error A2083:invalid scale value
D:\rawrxd\history\all_versions\src\asm\RawrXD-StreamingOrchestrator.asm\1770776277504_mqk2.asm(1765) : error A2006:undefined symbol : MEMORY_PRESSURE_CRITICAL
D:\rawrxd\history\all_versions\src\asm\RawrXD-StreamingOrchestrator.asm\1770776277504_mqk2.asm(1815) : error A2006:undefined symbol : layer_id
D:\rawrxd\history\all_versions\src\asm\RawrXD-StreamingOrchestrator.asm\1770776277504_mqk2.asm(1834) : error A2006:undefined symbol : layer_states
D:\rawrxd\history\all_versions\src\asm\RawrXD-StreamingOrchestrator.asm\1770776277504_mqk2.asm(1835) : error A2006:undefined symbol : LayerState
D:\rawrxd\history\all_versions\src\asm\RawrXD-StreamingOrchestrator.asm\1770776277504_mqk2.asm(1836) : error A2006:undefined symbol : streaming_metrics
D:\rawrxd\history\all_versions\src\asm\RawrXD-StreamingOrchestrator.asm\1770776277504_mqk2.asm(1838) : error A2006:undefined symbol : streaming_metrics
D:\rawrxd\history\all_versions\src\asm\RawrXD-StreamingOrchestrator.asm\1770776277504_mqk2.asm(1841) : error A2006:undefined symbol : streaming_metrics
D:\rawrxd\history\all_versions\src\asm\RawrXD-StreamingOrchestrator.asm\1770776277504_mqk2.asm(1843) : error A2006:undefined symbol : streaming_metrics
D:\rawrxd\history\all_versions\src\asm\RawrXD-StreamingOrchestrator.asm\1770776277504_mqk2.asm(1846) : error A2006:undefined symbol : streaming_metrics
D:\rawrxd\history\all_versions\src\asm\RawrXD-StreamingOrchestrator.asm\1770776277504_mqk2.asm(1847) : error A2006:undefined symbol : streaming_metrics
D:\rawrxd\history\all_versions\src\asm\RawrXD-StreamingOrchestrator.asm\1770776277504_mqk2.asm(1849) : error A2006:undefined symbol : streaming_metrics
D:\rawrxd\history\all_versions\src\asm\RawrXD-StreamingOrchestrator.asm\1770776277504_mqk2.asm(1850) : error A2006:undefined symbol : streaming_metrics
D:\rawrxd\history\all_versions\src\asm\RawrXD-StreamingOrchestrator.asm\1770776277504_mqk2.asm(1854) : error A2006:undefined symbol : layer_id
D:\rawrxd\history\all_versions\src\asm\RawrXD-StreamingOrchestrator.asm\1770776277504_mqk2.asm(1893) : error A2083:invalid scale value
D:\rawrxd\history\all_versions\src\asm\RawrXD-StreamingOrchestrator.asm\1770776277504_mqk2.asm(1903) : error A2083:invalid scale value
D:\rawrxd\history\all_versions\src\asm\RawrXD-StreamingOrchestrator.asm\1770776277504_mqk2.asm(1906) : error A2006:undefined symbol : layer_states
D:\rawrxd\history\all_versions\src\asm\RawrXD-StreamingOrchestrator.asm\1770776277504_mqk2.asm(1907) : error A2006:undefined symbol : LayerState
D:\rawrxd\history\all_versions\src\asm\RawrXD-StreamingOrchestrator.asm\1770776277504_mqk2.asm(1944) : error A2022:instruction operands must be the same size
D:\rawrxd\history\all_versions\src\asm\RawrXD-StreamingOrchestrator.asm\1770776277504_mqk2.asm(1947) : error A2006:undefined symbol : layer_states
D:\rawrxd\history\all_versions\src\asm\RawrXD-StreamingOrchestrator.asm\1770776277504_mqk2.asm(1948) : error A2006:undefined symbol : LayerState
D:\rawrxd\history\all_versions\src\asm\RawrXD-StreamingOrchestrator.asm\1770776277504_mqk2.asm(1953) : error A2006:undefined symbol : LayerState
D:\rawrxd\history\all_versions\src\asm\RawrXD-StreamingOrchestrator.asm\1770776277504_mqk2.asm(1969) : error A2006:undefined symbol : layer_states
D:\rawrxd\history\all_versions\src\asm\RawrXD-StreamingOrchestrator.asm\1770776277504_mqk2.asm(1970) : error A2006:undefined symbol : LayerState
D:\rawrxd\history\all_versions\src\asm\RawrXD-StreamingOrchestrator.asm\1770776277504_mqk2.asm(1971) : error A2006:undefined symbol : LayerState
D:\rawrxd\history\all_versions\src\asm\RawrXD-StreamingOrchestrator.asm\1770776277504_mqk2.asm(1974) : error A2006:undefined symbol : streaming_metrics
D:\rawrxd\history\all_versions\src\asm\RawrXD-StreamingOrchestrator.asm\1770776277504_mqk2.asm(1976) : error A2006:undefined symbol : streaming_metrics
D:\rawrxd\history\all_versions\src\asm\RawrXD-StreamingOrchestrator.asm\1770776277504_mqk2.asm(1979) : error A2006:undefined symbol : streaming_metrics
D:\rawrxd\history\all_versions\src\asm\RawrXD-StreamingOrchestrator.asm\1770776277504_mqk2.asm(1981) : error A2006:undefined symbol : streaming_metrics
D:\rawrxd\history\all_versions\src\asm\RawrXD-StreamingOrchestrator.asm\1770776277504_mqk2.asm(2019) : error A2006:undefined symbol : prefetch_queue
D:\rawrxd\history\all_versions\src\asm\RawrXD-StreamingOrchestrator.asm\1770776277504_mqk2.asm(2020) : error A2006:undefined symbol : PrefetchEntry
D:\rawrxd\history\all_versions\src\asm\RawrXD-StreamingOrchestrator.asm\1770776277504_mqk2.asm(2029) : error A2006:undefined symbol : prefetch_queue
D:\rawrxd\history\all_versions\src\asm\RawrXD-StreamingOrchestrator.asm\1770776277504_mqk2.asm(2030) : fatal error A1012:error count exceeds 100; stopping assembly
