 Assembling: D:\rawrxd\history\all_versions\src\RawrXD_Complete_ReverseEngineered.asm\1770914792594_IGoE.asm
D:\rawrxd\history\all_versions\src\RawrXD_Complete_ReverseEngineered.asm\1770914792594_IGoE.asm(519) : error A2008:syntax error : ,
D:\rawrxd\history\all_versions\src\RawrXD_Complete_ReverseEngineered.asm\1770914792594_IGoE.asm(867) : error A2008:syntax error : ,
D:\rawrxd\history\all_versions\src\RawrXD_Complete_ReverseEngineered.asm\1770914792594_IGoE.asm(876) : error A2008:syntax error : ,
D:\rawrxd\history\all_versions\src\RawrXD_Complete_ReverseEngineered.asm\1770914792594_IGoE.asm(1369) : error A2008:syntax error : ,
D:\rawrxd\history\all_versions\src\RawrXD_Complete_ReverseEngineered.asm\1770914792594_IGoE.asm(1868) : error A2008:syntax error : ,
D:\rawrxd\history\all_versions\src\RawrXD_Complete_ReverseEngineered.asm\1770914792594_IGoE.asm(48) : error A2006:undefined symbol : free_slots
D:\rawrxd\history\all_versions\src\RawrXD_Complete_ReverseEngineered.asm\1770914792594_IGoE.asm(85) : error A2206:missing operator in expression
D:\rawrxd\history\all_versions\src\RawrXD_Complete_ReverseEngineered.asm\1770914792594_IGoE.asm(89) : error A2006:undefined symbol : g_task_scheduler
D:\rawrxd\history\all_versions\src\RawrXD_Complete_ReverseEngineered.asm\1770914792594_IGoE.asm(90) : error A2006:undefined symbol : TASK_SCHEDULER
D:\rawrxd\history\all_versions\src\RawrXD_Complete_ReverseEngineered.asm\1770914792594_IGoE.asm(91) : error A2006:undefined symbol : TASK_SCHEDULER
D:\rawrxd\history\all_versions\src\RawrXD_Complete_ReverseEngineered.asm\1770914792594_IGoE.asm(94) : error A2006:undefined symbol : WORKER_CONTEXT
D:\rawrxd\history\all_versions\src\RawrXD_Complete_ReverseEngineered.asm\1770914792594_IGoE.asm(101) : error A2006:undefined symbol : TASK_SCHEDULER
D:\rawrxd\history\all_versions\src\RawrXD_Complete_ReverseEngineered.asm\1770914792594_IGoE.asm(110) : error A2006:undefined symbol : TASK_SCHEDULER
D:\rawrxd\history\all_versions\src\RawrXD_Complete_ReverseEngineered.asm\1770914792594_IGoE.asm(113) : error A2006:undefined symbol : TASK_SCHEDULER
D:\rawrxd\history\all_versions\src\RawrXD_Complete_ReverseEngineered.asm\1770914792594_IGoE.asm(130) : error A2006:undefined symbol : TASK_SCHEDULER
D:\rawrxd\history\all_versions\src\RawrXD_Complete_ReverseEngineered.asm\1770914792594_IGoE.asm(131) : error A2006:undefined symbol : WORKER_CONTEXT
D:\rawrxd\history\all_versions\src\RawrXD_Complete_ReverseEngineered.asm\1770914792594_IGoE.asm(135) : error A2006:undefined symbol : WORKER_CONTEXT
D:\rawrxd\history\all_versions\src\RawrXD_Complete_ReverseEngineered.asm\1770914792594_IGoE.asm(136) : error A2006:undefined symbol : WORKER_CONTEXT
D:\rawrxd\history\all_versions\src\RawrXD_Complete_ReverseEngineered.asm\1770914792594_IGoE.asm(137) : error A2006:undefined symbol : WORKER_CONTEXT
D:\rawrxd\history\all_versions\src\RawrXD_Complete_ReverseEngineered.asm\1770914792594_IGoE.asm(138) : error A2006:undefined symbol : WORKER_CONTEXT
D:\rawrxd\history\all_versions\src\RawrXD_Complete_ReverseEngineered.asm\1770914792594_IGoE.asm(141) : error A2006:undefined symbol : WORKER_CONTEXT
D:\rawrxd\history\all_versions\src\RawrXD_Complete_ReverseEngineered.asm\1770914792594_IGoE.asm(150) : error A2006:undefined symbol : WORKER_CONTEXT
D:\rawrxd\history\all_versions\src\RawrXD_Complete_ReverseEngineered.asm\1770914792594_IGoE.asm(160) : error A2006:undefined symbol : WORKER_CONTEXT
D:\rawrxd\history\all_versions\src\RawrXD_Complete_ReverseEngineered.asm\1770914792594_IGoE.asm(171) : error A2006:undefined symbol : WORKER_CONTEXT
D:\rawrxd\history\all_versions\src\RawrXD_Complete_ReverseEngineered.asm\1770914792594_IGoE.asm(182) : error A2006:undefined symbol : THREAD_PRIORITY_NORMAL
D:\rawrxd\history\all_versions\src\RawrXD_Complete_ReverseEngineered.asm\1770914792594_IGoE.asm(185) : error A2006:undefined symbol : THREAD_PRIORITY_ABOVE_NORMAL
D:\rawrxd\history\all_versions\src\RawrXD_Complete_ReverseEngineered.asm\1770914792594_IGoE.asm(188) : error A2006:undefined symbol : THREAD_PRIORITY_HIGHEST
D:\rawrxd\history\all_versions\src\RawrXD_Complete_ReverseEngineered.asm\1770914792594_IGoE.asm(204) : error A2006:undefined symbol : TASK_SCHEDULER
D:\rawrxd\history\all_versions\src\RawrXD_Complete_ReverseEngineered.asm\1770914792594_IGoE.asm(206) : error A2206:missing operator in expression
D:\rawrxd\history\all_versions\src\RawrXD_Complete_ReverseEngineered.asm\1770914792594_IGoE.asm(214) : error A2206:missing operator in expression
D:\rawrxd\history\all_versions\src\RawrXD_Complete_ReverseEngineered.asm\1770914792594_IGoE.asm(216) : error A2006:undefined symbol : g_task_scheduler
D:\rawrxd\history\all_versions\src\RawrXD_Complete_ReverseEngineered.asm\1770914792594_IGoE.asm(219) : error A2006:undefined symbol : WORKER_CONTEXT
D:\rawrxd\history\all_versions\src\RawrXD_Complete_ReverseEngineered.asm\1770914792594_IGoE.asm(220) : error A2006:undefined symbol : WORKER_CONTEXT
D:\rawrxd\history\all_versions\src\RawrXD_Complete_ReverseEngineered.asm\1770914792594_IGoE.asm(224) : error A2006:undefined symbol : WORKER_CONTEXT
D:\rawrxd\history\all_versions\src\RawrXD_Complete_ReverseEngineered.asm\1770914792594_IGoE.asm(229) : error A2006:undefined symbol : TASK_SCHEDULER
D:\rawrxd\history\all_versions\src\RawrXD_Complete_ReverseEngineered.asm\1770914792594_IGoE.asm(238) : error A2006:undefined symbol : WORKER_CONTEXT
D:\rawrxd\history\all_versions\src\RawrXD_Complete_ReverseEngineered.asm\1770914792594_IGoE.asm(243) : error A2006:undefined symbol : WORKER_CONTEXT
D:\rawrxd\history\all_versions\src\RawrXD_Complete_ReverseEngineered.asm\1770914792594_IGoE.asm(253) : error A2006:undefined symbol : TASK_SCHEDULER
D:\rawrxd\history\all_versions\src\RawrXD_Complete_ReverseEngineered.asm\1770914792594_IGoE.asm(254) : error A2006:undefined symbol : WORKER_CONTEXT
D:\rawrxd\history\all_versions\src\RawrXD_Complete_ReverseEngineered.asm\1770914792594_IGoE.asm(255) : error A2006:undefined symbol : WORKER_CONTEXT
D:\rawrxd\history\all_versions\src\RawrXD_Complete_ReverseEngineered.asm\1770914792594_IGoE.asm(258) : error A2006:undefined symbol : TASK_NODE
D:\rawrxd\history\all_versions\src\RawrXD_Complete_ReverseEngineered.asm\1770914792594_IGoE.asm(260) : error A2006:undefined symbol : TASK_NODE
D:\rawrxd\history\all_versions\src\RawrXD_Complete_ReverseEngineered.asm\1770914792594_IGoE.asm(263) : error A2006:undefined symbol : TASK_NODE
D:\rawrxd\history\all_versions\src\RawrXD_Complete_ReverseEngineered.asm\1770914792594_IGoE.asm(278) : error A2006:undefined symbol : TASK_NODE
D:\rawrxd\history\all_versions\src\RawrXD_Complete_ReverseEngineered.asm\1770914792594_IGoE.asm(279) : error A2006:undefined symbol : TASK_NODE
D:\rawrxd\history\all_versions\src\RawrXD_Complete_ReverseEngineered.asm\1770914792594_IGoE.asm(285) : error A2006:undefined symbol : TASK_NODE
D:\rawrxd\history\all_versions\src\RawrXD_Complete_ReverseEngineered.asm\1770914792594_IGoE.asm(286) : error A2006:undefined symbol : TASK_NODE
D:\rawrxd\history\all_versions\src\RawrXD_Complete_ReverseEngineered.asm\1770914792594_IGoE.asm(288) : error A2006:undefined symbol : TASK_NODE
D:\rawrxd\history\all_versions\src\RawrXD_Complete_ReverseEngineered.asm\1770914792594_IGoE.asm(291) : error A2006:undefined symbol : TASK_NODE
D:\rawrxd\history\all_versions\src\RawrXD_Complete_ReverseEngineered.asm\1770914792594_IGoE.asm(298) : error A2006:undefined symbol : WORKER_CONTEXT
D:\rawrxd\history\all_versions\src\RawrXD_Complete_ReverseEngineered.asm\1770914792594_IGoE.asm(299) : error A2006:undefined symbol : TASK_SCHEDULER
D:\rawrxd\history\all_versions\src\RawrXD_Complete_ReverseEngineered.asm\1770914792594_IGoE.asm(300) : error A2006:undefined symbol : WORKER_CONTEXT
D:\rawrxd\history\all_versions\src\RawrXD_Complete_ReverseEngineered.asm\1770914792594_IGoE.asm(301) : error A2006:undefined symbol : WORKER_CONTEXT
D:\rawrxd\history\all_versions\src\RawrXD_Complete_ReverseEngineered.asm\1770914792594_IGoE.asm(304) : error A2006:undefined symbol : TASK_SCHEDULER
D:\rawrxd\history\all_versions\src\RawrXD_Complete_ReverseEngineered.asm\1770914792594_IGoE.asm(307) : error A2006:undefined symbol : TASK_SCHEDULER
D:\rawrxd\history\all_versions\src\RawrXD_Complete_ReverseEngineered.asm\1770914792594_IGoE.asm(308) : error A2006:undefined symbol : TASK_SCHEDULER
D:\rawrxd\history\all_versions\src\RawrXD_Complete_ReverseEngineered.asm\1770914792594_IGoE.asm(310) : error A2006:undefined symbol : TASK_SCHEDULER
D:\rawrxd\history\all_versions\src\RawrXD_Complete_ReverseEngineered.asm\1770914792594_IGoE.asm(317) : error A2006:undefined symbol : WORKER_CONTEXT
D:\rawrxd\history\all_versions\src\RawrXD_Complete_ReverseEngineered.asm\1770914792594_IGoE.asm(319) : error A2206:missing operator in expression
D:\rawrxd\history\all_versions\src\RawrXD_Complete_ReverseEngineered.asm\1770914792594_IGoE.asm(328) : error A2206:missing operator in expression
D:\rawrxd\history\all_versions\src\RawrXD_Complete_ReverseEngineered.asm\1770914792594_IGoE.asm(334) : error A2006:undefined symbol : TASK_NODE
D:\rawrxd\history\all_versions\src\RawrXD_Complete_ReverseEngineered.asm\1770914792594_IGoE.asm(338) : error A2006:undefined symbol : TASK_NODE
D:\rawrxd\history\all_versions\src\RawrXD_Complete_ReverseEngineered.asm\1770914792594_IGoE.asm(348) : error A2206:missing operator in expression
D:\rawrxd\history\all_versions\src\RawrXD_Complete_ReverseEngineered.asm\1770914792594_IGoE.asm(354) : error A2206:missing operator in expression
D:\rawrxd\history\all_versions\src\RawrXD_Complete_ReverseEngineered.asm\1770914792594_IGoE.asm(375) : error A2006:undefined symbol : WORKER_CONTEXT
D:\rawrxd\history\all_versions\src\RawrXD_Complete_ReverseEngineered.asm\1770914792594_IGoE.asm(377) : error A2006:undefined symbol : TASK_SCHEDULER
D:\rawrxd\history\all_versions\src\RawrXD_Complete_ReverseEngineered.asm\1770914792594_IGoE.asm(381) : error A2006:undefined symbol : WORKER_CONTEXT
D:\rawrxd\history\all_versions\src\RawrXD_Complete_ReverseEngineered.asm\1770914792594_IGoE.asm(383) : error A2006:undefined symbol : WORKER_CONTEXT
D:\rawrxd\history\all_versions\src\RawrXD_Complete_ReverseEngineered.asm\1770914792594_IGoE.asm(400) : error A2206:missing operator in expression
D:\rawrxd\history\all_versions\src\RawrXD_Complete_ReverseEngineered.asm\1770914792594_IGoE.asm(411) : error A2006:undefined symbol : WORKER_CONTEXT
D:\rawrxd\history\all_versions\src\RawrXD_Complete_ReverseEngineered.asm\1770914792594_IGoE.asm(414) : error A2006:undefined symbol : WORKER_CONTEXT
D:\rawrxd\history\all_versions\src\RawrXD_Complete_ReverseEngineered.asm\1770914792594_IGoE.asm(419) : error A2006:undefined symbol : TASK_NODE
D:\rawrxd\history\all_versions\src\RawrXD_Complete_ReverseEngineered.asm\1770914792594_IGoE.asm(420) : error A2006:undefined symbol : WORKER_CONTEXT
D:\rawrxd\history\all_versions\src\RawrXD_Complete_ReverseEngineered.asm\1770914792594_IGoE.asm(424) : error A2006:undefined symbol : WORKER_CONTEXT
D:\rawrxd\history\all_versions\src\RawrXD_Complete_ReverseEngineered.asm\1770914792594_IGoE.asm(427) : error A2006:undefined symbol : TASK_NODE
D:\rawrxd\history\all_versions\src\RawrXD_Complete_ReverseEngineered.asm\1770914792594_IGoE.asm(428) : error A2006:undefined symbol : TASK_NODE
D:\rawrxd\history\all_versions\src\RawrXD_Complete_ReverseEngineered.asm\1770914792594_IGoE.asm(429) : error A2006:undefined symbol : WORKER_CONTEXT
D:\rawrxd\history\all_versions\src\RawrXD_Complete_ReverseEngineered.asm\1770914792594_IGoE.asm(432) : error A2006:undefined symbol : WORKER_CONTEXT
D:\rawrxd\history\all_versions\src\RawrXD_Complete_ReverseEngineered.asm\1770914792594_IGoE.asm(443) : error A2206:missing operator in expression
D:\rawrxd\history\all_versions\src\RawrXD_Complete_ReverseEngineered.asm\1770914792594_IGoE.asm(447) : error A2006:undefined symbol : TASK_SCHEDULER
D:\rawrxd\history\all_versions\src\RawrXD_Complete_ReverseEngineered.asm\1770914792594_IGoE.asm(448) : error A2006:undefined symbol : WORKER_CONTEXT
D:\rawrxd\history\all_versions\src\RawrXD_Complete_ReverseEngineered.asm\1770914792594_IGoE.asm(452) : error A2006:undefined symbol : WORKER_CONTEXT
D:\rawrxd\history\all_versions\src\RawrXD_Complete_ReverseEngineered.asm\1770914792594_IGoE.asm(455) : error A2006:undefined symbol : WORKER_CONTEXT
D:\rawrxd\history\all_versions\src\RawrXD_Complete_ReverseEngineered.asm\1770914792594_IGoE.asm(461) : error A2006:undefined symbol : WORKER_CONTEXT
D:\rawrxd\history\all_versions\src\RawrXD_Complete_ReverseEngineered.asm\1770914792594_IGoE.asm(466) : error A2006:undefined symbol : WORKER_CONTEXT
D:\rawrxd\history\all_versions\src\RawrXD_Complete_ReverseEngineered.asm\1770914792594_IGoE.asm(473) : error A2006:undefined symbol : TASK_NODE
D:\rawrxd\history\all_versions\src\RawrXD_Complete_ReverseEngineered.asm\1770914792594_IGoE.asm(481) : error A2006:undefined symbol : TASK_NODE
D:\rawrxd\history\all_versions\src\RawrXD_Complete_ReverseEngineered.asm\1770914792594_IGoE.asm(482) : error A2006:undefined symbol : WORKER_CONTEXT
D:\rawrxd\history\all_versions\src\RawrXD_Complete_ReverseEngineered.asm\1770914792594_IGoE.asm(487) : error A2006:undefined symbol : WORKER_CONTEXT
D:\rawrxd\history\all_versions\src\RawrXD_Complete_ReverseEngineered.asm\1770914792594_IGoE.asm(488) : error A2006:undefined symbol : WORKER_CONTEXT
D:\rawrxd\history\all_versions\src\RawrXD_Complete_ReverseEngineered.asm\1770914792594_IGoE.asm(491) : error A2006:undefined symbol : WORKER_CONTEXT
D:\rawrxd\history\all_versions\src\RawrXD_Complete_ReverseEngineered.asm\1770914792594_IGoE.asm(492) : error A2006:undefined symbol : WORKER_CONTEXT
D:\rawrxd\history\all_versions\src\RawrXD_Complete_ReverseEngineered.asm\1770914792594_IGoE.asm(493) : error A2006:undefined symbol : TASK_SCHEDULER
D:\rawrxd\history\all_versions\src\RawrXD_Complete_ReverseEngineered.asm\1770914792594_IGoE.asm(496) : error A2006:undefined symbol : WORKER_CONTEXT
D:\rawrxd\history\all_versions\src\RawrXD_Complete_ReverseEngineered.asm\1770914792594_IGoE.asm(500) : error A2206:missing operator in expression
D:\rawrxd\history\all_versions\src\RawrXD_Complete_ReverseEngineered.asm\1770914792594_IGoE.asm(509) : error A2206:missing operator in expression
D:\rawrxd\history\all_versions\src\RawrXD_Complete_ReverseEngineered.asm\1770914792594_IGoE.asm(515) : error A2006:undefined symbol : g_task_scheduler
D:\rawrxd\history\all_versions\src\RawrXD_Complete_ReverseEngineered.asm\1770914792594_IGoE.asm(518) : error A2006:undefined symbol : TASK_NODE
D:\rawrxd\history\all_versions\src\RawrXD_Complete_ReverseEngineered.asm\1770914792594_IGoE.asm(525) : error A2006:undefined symbol : TASK_SCHEDULER
D:\rawrxd\history\all_versions\src\RawrXD_Complete_ReverseEngineered.asm\1770914792594_IGoE.asm(528) : error A2006:undefined symbol : TASK_SCHEDULER
D:\rawrxd\history\all_versions\src\RawrXD_Complete_ReverseEngineered.asm\1770914792594_IGoE.asm(529) : fatal error A1012:error count exceeds 100; stopping assembly
