 Assembling: D:\rawrxd\history\all_versions\src\asm\RawrXD-AnalyzerDistiller.asm\1770773742979_myKq.asm
D:\rawrxd\history\all_versions\src\asm\RawrXD-AnalyzerDistiller.asm\1770773742979_myKq.asm(26) : error A2034:must be in segment block
D:\rawrxd\history\all_versions\src\asm\RawrXD-AnalyzerDistiller.asm\1770773742979_myKq.asm(27) : error A2034:must be in segment block
D:\rawrxd\history\all_versions\src\asm\RawrXD-AnalyzerDistiller.asm\1770773742979_myKq.asm(76) : error A2034:must be in segment block
D:\rawrxd\history\all_versions\src\asm\RawrXD-AnalyzerDistiller.asm\1770773742979_myKq.asm(98) : error A2008:syntax error : offset
D:\rawrxd\history\all_versions\src\asm\RawrXD-AnalyzerDistiller.asm\1770773742979_myKq.asm(324) : error A2006:undefined symbol : @COUNTER
 c_str(2): Macro Called From
  D:\rawrxd\history\all_versions\src\asm\RawrXD-AnalyzerDistiller.asm\1770773742979_myKq.asm(324): Main Line Code
D:\rawrxd\history\all_versions\src\asm\RawrXD-AnalyzerDistiller.asm\1770773742979_myKq.asm(338) : error A2006:undefined symbol : @COUNTER
 c_str(2): Macro Called From
  D:\rawrxd\history\all_versions\src\asm\RawrXD-AnalyzerDistiller.asm\1770773742979_myKq.asm(338): Main Line Code
D:\rawrxd\history\all_versions\src\asm\RawrXD-AnalyzerDistiller.asm\1770773742979_myKq.asm(338) : error A2005:symbol redefinition : _cstr_0
 c_str(4): Macro Called From
  D:\rawrxd\history\all_versions\src\asm\RawrXD-AnalyzerDistiller.asm\1770773742979_myKq.asm(338): Main Line Code
D:\rawrxd\history\all_versions\src\asm\RawrXD-AnalyzerDistiller.asm\1770773742979_myKq.asm(344) : error A2006:undefined symbol : @COUNTER
 c_str(2): Macro Called From
  D:\rawrxd\history\all_versions\src\asm\RawrXD-AnalyzerDistiller.asm\1770773742979_myKq.asm(344): Main Line Code
D:\rawrxd\history\all_versions\src\asm\RawrXD-AnalyzerDistiller.asm\1770773742979_myKq.asm(344) : error A2005:symbol redefinition : _cstr_0
 c_str(4): Macro Called From
  D:\rawrxd\history\all_versions\src\asm\RawrXD-AnalyzerDistiller.asm\1770773742979_myKq.asm(344): Main Line Code
D:\rawrxd\history\all_versions\src\asm\RawrXD-AnalyzerDistiller.asm\1770773742979_myKq.asm(350) : error A2006:undefined symbol : @COUNTER
 c_str(2): Macro Called From
  D:\rawrxd\history\all_versions\src\asm\RawrXD-AnalyzerDistiller.asm\1770773742979_myKq.asm(350): Main Line Code
D:\rawrxd\history\all_versions\src\asm\RawrXD-AnalyzerDistiller.asm\1770773742979_myKq.asm(350) : error A2005:symbol redefinition : _cstr_0
 c_str(4): Macro Called From
  D:\rawrxd\history\all_versions\src\asm\RawrXD-AnalyzerDistiller.asm\1770773742979_myKq.asm(350): Main Line Code
D:\rawrxd\history\all_versions\src\asm\RawrXD-AnalyzerDistiller.asm\1770773742979_myKq.asm(356) : error A2006:undefined symbol : @COUNTER
 c_str(2): Macro Called From
  D:\rawrxd\history\all_versions\src\asm\RawrXD-AnalyzerDistiller.asm\1770773742979_myKq.asm(356): Main Line Code
D:\rawrxd\history\all_versions\src\asm\RawrXD-AnalyzerDistiller.asm\1770773742979_myKq.asm(356) : error A2005:symbol redefinition : _cstr_0
 c_str(4): Macro Called From
  D:\rawrxd\history\all_versions\src\asm\RawrXD-AnalyzerDistiller.asm\1770773742979_myKq.asm(356): Main Line Code
D:\rawrxd\history\all_versions\src\asm\RawrXD-AnalyzerDistiller.asm\1770773742979_myKq.asm(362) : error A2006:undefined symbol : @COUNTER
 c_str(2): Macro Called From
  D:\rawrxd\history\all_versions\src\asm\RawrXD-AnalyzerDistiller.asm\1770773742979_myKq.asm(362): Main Line Code
D:\rawrxd\history\all_versions\src\asm\RawrXD-AnalyzerDistiller.asm\1770773742979_myKq.asm(362) : error A2005:symbol redefinition : _cstr_0
 c_str(4): Macro Called From
  D:\rawrxd\history\all_versions\src\asm\RawrXD-AnalyzerDistiller.asm\1770773742979_myKq.asm(362): Main Line Code
D:\rawrxd\history\all_versions\src\asm\RawrXD-AnalyzerDistiller.asm\1770773742979_myKq.asm(385) : error A2111:conflicting parameter definition
D:\rawrxd\history\all_versions\src\asm\RawrXD-AnalyzerDistiller.asm\1770773742979_myKq.asm(403) : error A2111:conflicting parameter definition
D:\rawrxd\history\all_versions\src\asm\RawrXD-AnalyzerDistiller.asm\1770773742979_myKq.asm(427) : error A2111:conflicting parameter definition
D:\rawrxd\history\all_versions\src\asm\RawrXD-AnalyzerDistiller.asm\1770773742979_myKq.asm(479) : error A2111:conflicting parameter definition
D:\rawrxd\history\all_versions\src\asm\RawrXD-AnalyzerDistiller.asm\1770773742979_myKq.asm(596) : error A2111:conflicting parameter definition
D:\rawrxd\history\all_versions\src\asm\RawrXD-AnalyzerDistiller.asm\1770773742979_myKq.asm(694) : error A2111:conflicting parameter definition
D:\rawrxd\history\all_versions\src\asm\RawrXD-AnalyzerDistiller.asm\1770773742979_myKq.asm(771) : error A2111:conflicting parameter definition
D:\rawrxd\history\all_versions\src\asm\RawrXD-AnalyzerDistiller.asm\1770773742979_myKq.asm(788) : error A2070:invalid instruction operands
D:\rawrxd\history\all_versions\src\asm\RawrXD-AnalyzerDistiller.asm\1770773742979_myKq.asm(817) : error A2111:conflicting parameter definition
D:\rawrxd\history\all_versions\src\asm\RawrXD-AnalyzerDistiller.asm\1770773742979_myKq.asm(848) : error A2111:conflicting parameter definition
D:\rawrxd\history\all_versions\src\asm\RawrXD-AnalyzerDistiller.asm\1770773742979_myKq.asm(908) : error A2111:conflicting parameter definition
D:\rawrxd\history\all_versions\src\asm\RawrXD-AnalyzerDistiller.asm\1770773742979_myKq.asm(942) : error A2111:conflicting parameter definition
D:\rawrxd\history\all_versions\src\asm\RawrXD-AnalyzerDistiller.asm\1770773742979_myKq.asm(983) : error A2111:conflicting parameter definition
D:\rawrxd\history\all_versions\src\asm\RawrXD-AnalyzerDistiller.asm\1770773742979_myKq.asm(1026) : error A2111:conflicting parameter definition
D:\rawrxd\history\all_versions\src\asm\RawrXD-AnalyzerDistiller.asm\1770773742979_myKq.asm(1068) : error A2111:conflicting parameter definition
D:\rawrxd\history\all_versions\src\asm\RawrXD-AnalyzerDistiller.asm\1770773742979_myKq.asm(1110) : error A2111:conflicting parameter definition
D:\rawrxd\history\all_versions\src\asm\RawrXD-AnalyzerDistiller.asm\1770773742979_myKq.asm(1155) : error A2111:conflicting parameter definition
D:\rawrxd\history\all_versions\src\asm\RawrXD-AnalyzerDistiller.asm\1770773742979_myKq.asm(1193) : error A2111:conflicting parameter definition
D:\rawrxd\history\all_versions\src\asm\RawrXD-AnalyzerDistiller.asm\1770773742979_myKq.asm(1202) : error A2111:conflicting parameter definition
D:\rawrxd\history\all_versions\src\asm\RawrXD-AnalyzerDistiller.asm\1770773742979_myKq.asm(1211) : error A2111:conflicting parameter definition
D:\rawrxd\history\all_versions\src\asm\RawrXD-AnalyzerDistiller.asm\1770773742979_myKq.asm(1234) : error A2005:symbol redefinition : strcpy_s
D:\rawrxd\history\all_versions\src\asm\RawrXD-AnalyzerDistiller.asm\1770773742979_myKq.asm(1235) : error A2005:symbol redefinition : sprintf_s
D:\rawrxd\history\all_versions\src\asm\RawrXD-AnalyzerDistiller.asm\1770773742979_myKq.asm(1237) : error A2005:symbol redefinition : lstrlenA
D:\rawrxd\history\all_versions\src\asm\RawrXD-AnalyzerDistiller.asm\1770773742979_myKq.asm(1238) : error A2005:symbol redefinition : SetFilePointerEx
D:\rawrxd\history\all_versions\src\asm\RawrXD-AnalyzerDistiller.asm\1770773742979_myKq.asm(435) : error A2006:undefined symbol : magic
D:\rawrxd\history\all_versions\src\asm\RawrXD-AnalyzerDistiller.asm\1770773742979_myKq.asm(441) : error A2006:undefined symbol : magic
D:\rawrxd\history\all_versions\src\asm\RawrXD-AnalyzerDistiller.asm\1770773742979_myKq.asm(442) : error A2006:undefined symbol : GGUF_MAGIC
D:\rawrxd\history\all_versions\src\asm\RawrXD-AnalyzerDistiller.asm\1770773742979_myKq.asm(446) : error A2006:undefined symbol : version
D:\rawrxd\history\all_versions\src\asm\RawrXD-AnalyzerDistiller.asm\1770773742979_myKq.asm(450) : error A2006:undefined symbol : tensor_count
D:\rawrxd\history\all_versions\src\asm\RawrXD-AnalyzerDistiller.asm\1770773742979_myKq.asm(617) : error A2083:invalid scale value
D:\rawrxd\history\all_versions\src\asm\RawrXD-AnalyzerDistiller.asm\1770773742979_myKq.asm(620) : error A2006:undefined symbol : name_len
D:\rawrxd\history\all_versions\src\asm\RawrXD-AnalyzerDistiller.asm\1770773742979_myKq.asm(626) : error A2006:undefined symbol : name_len
D:\rawrxd\history\all_versions\src\asm\RawrXD-AnalyzerDistiller.asm\1770773742979_myKq.asm(634) : error A2006:undefined symbol : name_ptr
D:\rawrxd\history\all_versions\src\asm\RawrXD-AnalyzerDistiller.asm\1770773742979_myKq.asm(640) : error A2006:undefined symbol : dtype
D:\rawrxd\history\all_versions\src\asm\RawrXD-AnalyzerDistiller.asm\1770773742979_myKq.asm(646) : error A2006:undefined symbol : shape_rank
D:\rawrxd\history\all_versions\src\asm\RawrXD-AnalyzerDistiller.asm\1770773742979_myKq.asm(652) : error A2006:undefined symbol : shape_rank
D:\rawrxd\history\all_versions\src\asm\RawrXD-AnalyzerDistiller.asm\1770773742979_myKq.asm(656) : error A2006:undefined symbol : shape
D:\rawrxd\history\all_versions\src\asm\RawrXD-AnalyzerDistiller.asm\1770773742979_myKq.asm(662) : error A2081:missing operand after unary operator
D:\rawrxd\history\all_versions\src\asm\RawrXD-AnalyzerDistiller.asm\1770773742979_myKq.asm(703) : error A2006:undefined symbol : name_ptr
D:\rawrxd\history\all_versions\src\asm\RawrXD-AnalyzerDistiller.asm\1770773742979_myKq.asm(730) : error A2006:undefined symbol : pattern_type
D:\rawrxd\history\all_versions\src\asm\RawrXD-AnalyzerDistiller.asm\1770773742979_myKq.asm(731) : error A2006:undefined symbol : unknown_layers
D:\rawrxd\history\all_versions\src\asm\RawrXD-AnalyzerDistiller.asm\1770773742979_myKq.asm(735) : error A2006:undefined symbol : pattern_type
D:\rawrxd\history\all_versions\src\asm\RawrXD-AnalyzerDistiller.asm\1770773742979_myKq.asm(736) : error A2006:undefined symbol : ffn_blocks
D:\rawrxd\history\all_versions\src\asm\RawrXD-AnalyzerDistiller.asm\1770773742979_myKq.asm(739) : error A2006:undefined symbol : total_params
D:\rawrxd\history\all_versions\src\asm\RawrXD-AnalyzerDistiller.asm\1770773742979_myKq.asm(743) : error A2006:undefined symbol : pattern_type
D:\rawrxd\history\all_versions\src\asm\RawrXD-AnalyzerDistiller.asm\1770773742979_myKq.asm(744) : error A2006:undefined symbol : attn_heads
D:\rawrxd\history\all_versions\src\asm\RawrXD-AnalyzerDistiller.asm\1770773742979_myKq.asm(747) : error A2006:undefined symbol : total_params
D:\rawrxd\history\all_versions\src\asm\RawrXD-AnalyzerDistiller.asm\1770773742979_myKq.asm(751) : error A2006:undefined symbol : pattern_type
D:\rawrxd\history\all_versions\src\asm\RawrXD-AnalyzerDistiller.asm\1770773742979_myKq.asm(752) : error A2006:undefined symbol : embed_tokens
D:\rawrxd\history\all_versions\src\asm\RawrXD-AnalyzerDistiller.asm\1770773742979_myKq.asm(756) : error A2006:undefined symbol : pattern_type
D:\rawrxd\history\all_versions\src\asm\RawrXD-AnalyzerDistiller.asm\1770773742979_myKq.asm(757) : error A2006:undefined symbol : norm_layers
D:\rawrxd\history\all_versions\src\asm\RawrXD-AnalyzerDistiller.asm\1770773742979_myKq.asm(787) : error A2083:invalid scale value
D:\rawrxd\history\all_versions\src\asm\RawrXD-AnalyzerDistiller.asm\1770773742979_myKq.asm(796) : error A2006:undefined symbol : ffn_blocks
D:\rawrxd\history\all_versions\src\asm\RawrXD-AnalyzerDistiller.asm\1770773742979_myKq.asm(797) : error A2006:undefined symbol : attn_heads
D:\rawrxd\history\all_versions\src\asm\RawrXD-AnalyzerDistiller.asm\1770773742979_myKq.asm(798) : error A2006:undefined symbol : embed_tokens
D:\rawrxd\history\all_versions\src\asm\RawrXD-AnalyzerDistiller.asm\1770773742979_myKq.asm(799) : error A2006:undefined symbol : norm_layers
D:\rawrxd\history\all_versions\src\asm\RawrXD-AnalyzerDistiller.asm\1770773742979_myKq.asm(800) : error A2006:undefined symbol : layer_count
D:\rawrxd\history\all_versions\src\asm\RawrXD-AnalyzerDistiller.asm\1770773742979_myKq.asm(827) : error A2006:undefined symbol : total_params
D:\rawrxd\history\all_versions\src\asm\RawrXD-AnalyzerDistiller.asm\1770773742979_myKq.asm(916) : error A2006:undefined symbol : shape_rank
D:\rawrxd\history\all_versions\src\asm\RawrXD-AnalyzerDistiller.asm\1770773742979_myKq.asm(917) : error A2006:undefined symbol : shape
D:\rawrxd\history\all_versions\src\asm\RawrXD-AnalyzerDistiller.asm\1770773742979_myKq.asm(931) : error A2006:undefined symbol : param_count
D:\rawrxd\history\all_versions\src\asm\RawrXD-AnalyzerDistiller.asm\1770773742979_myKq.asm(166) : error A2206:missing operator in expression
