 Assembling: D:\rawrxd\history\all_versions\src\asm\gui_dispatch_bridge.asm\1770817911535_sRdQ.asm
D:\rawrxd\history\all_versions\src\asm\gui_dispatch_bridge.asm\1770817911535_sRdQ.asm(135) : error A2008:syntax error : .
D:\rawrxd\history\all_versions\src\asm\gui_dispatch_bridge.asm\1770817911535_sRdQ.asm(142) : error A2008:syntax error : .
D:\rawrxd\history\all_versions\src\asm\gui_dispatch_bridge.asm\1770817911535_sRdQ.asm(148) : error A2008:syntax error : .
D:\rawrxd\history\all_versions\src\asm\gui_dispatch_bridge.asm\1770817911535_sRdQ.asm(154) : error A2008:syntax error : .
D:\rawrxd\history\all_versions\src\asm\gui_dispatch_bridge.asm\1770817911535_sRdQ.asm(160) : error A2008:syntax error : .
D:\rawrxd\history\all_versions\src\asm\gui_dispatch_bridge.asm\1770817911535_sRdQ.asm(166) : error A2008:syntax error : .
D:\rawrxd\history\all_versions\src\asm\gui_dispatch_bridge.asm\1770817911535_sRdQ.asm(172) : error A2008:syntax error : .
D:\rawrxd\history\all_versions\src\asm\gui_dispatch_bridge.asm\1770817911535_sRdQ.asm(178) : error A2008:syntax error : .
D:\rawrxd\history\all_versions\src\asm\gui_dispatch_bridge.asm\1770817911535_sRdQ.asm(184) : error A2008:syntax error : .
D:\rawrxd\history\all_versions\src\asm\gui_dispatch_bridge.asm\1770817911535_sRdQ.asm(190) : error A2008:syntax error : .
D:\rawrxd\history\all_versions\src\asm\gui_dispatch_bridge.asm\1770817911535_sRdQ.asm(196) : error A2008:syntax error : .
D:\rawrxd\history\all_versions\src\asm\gui_dispatch_bridge.asm\1770817911535_sRdQ.asm(202) : error A2008:syntax error : .
D:\rawrxd\history\all_versions\src\asm\gui_dispatch_bridge.asm\1770817911535_sRdQ.asm(208) : error A2008:syntax error : .
D:\rawrxd\history\all_versions\src\asm\gui_dispatch_bridge.asm\1770817911535_sRdQ.asm(214) : error A2008:syntax error : .
D:\rawrxd\history\all_versions\src\asm\gui_dispatch_bridge.asm\1770817911535_sRdQ.asm(223) : error A2008:syntax error : .
D:\rawrxd\history\all_versions\src\asm\gui_dispatch_bridge.asm\1770817911535_sRdQ.asm(236) : error A2008:syntax error : .
D:\rawrxd\history\all_versions\src\asm\gui_dispatch_bridge.asm\1770817911535_sRdQ.asm(239) : error A2008:syntax error : .
D:\rawrxd\history\all_versions\src\asm\gui_dispatch_bridge.asm\1770817911535_sRdQ.asm(263) : error A2008:syntax error : .
D:\rawrxd\history\all_versions\src\asm\gui_dispatch_bridge.asm\1770817911535_sRdQ.asm(269) : error A2008:syntax error : .
D:\rawrxd\history\all_versions\src\asm\gui_dispatch_bridge.asm\1770817911535_sRdQ.asm(275) : error A2008:syntax error : .
D:\rawrxd\history\all_versions\src\asm\gui_dispatch_bridge.asm\1770817911535_sRdQ.asm(281) : error A2008:syntax error : .
D:\rawrxd\history\all_versions\src\asm\gui_dispatch_bridge.asm\1770817911535_sRdQ.asm(287) : error A2008:syntax error : .
D:\rawrxd\history\all_versions\src\asm\gui_dispatch_bridge.asm\1770817911535_sRdQ.asm(293) : error A2008:syntax error : .
D:\rawrxd\history\all_versions\src\asm\gui_dispatch_bridge.asm\1770817911535_sRdQ.asm(299) : error A2008:syntax error : .
D:\rawrxd\history\all_versions\src\asm\gui_dispatch_bridge.asm\1770817911535_sRdQ.asm(305) : error A2008:syntax error : .
D:\rawrxd\history\all_versions\src\asm\gui_dispatch_bridge.asm\1770817911535_sRdQ.asm(309) : error A2008:syntax error : .
D:\rawrxd\history\all_versions\src\asm\gui_dispatch_bridge.asm\1770817911535_sRdQ.asm(352) : error A2008:syntax error : .
D:\rawrxd\history\all_versions\src\asm\gui_dispatch_bridge.asm\1770817911535_sRdQ.asm(366) : error A2008:syntax error : .
D:\rawrxd\history\all_versions\src\asm\gui_dispatch_bridge.asm\1770817911535_sRdQ.asm(370) : error A2008:syntax error : .
D:\rawrxd\history\all_versions\src\asm\gui_dispatch_bridge.asm\1770817911535_sRdQ.asm(119) : error A2006:undefined symbol : not_handled
D:\rawrxd\history\all_versions\src\asm\gui_dispatch_bridge.asm\1770817911535_sRdQ.asm(121) : error A2006:undefined symbol : not_handled
D:\rawrxd\history\all_versions\src\asm\gui_dispatch_bridge.asm\1770817911535_sRdQ.asm(125) : error A2006:undefined symbol : check_higher_ranges
D:\rawrxd\history\all_versions\src\asm\gui_dispatch_bridge.asm\1770817911535_sRdQ.asm(127) : error A2006:undefined symbol : dispatch_it
D:\rawrxd\history\all_versions\src\asm\gui_dispatch_bridge.asm\1770817911535_sRdQ.asm(131) : error A2006:undefined symbol : check_higher_ranges
D:\rawrxd\history\all_versions\src\asm\gui_dispatch_bridge.asm\1770817911535_sRdQ.asm(133) : error A2006:undefined symbol : dispatch_it
D:\rawrxd\history\all_versions\src\asm\gui_dispatch_bridge.asm\1770817911535_sRdQ.asm(138) : error A2006:undefined symbol : check_terminal
D:\rawrxd\history\all_versions\src\asm\gui_dispatch_bridge.asm\1770817911535_sRdQ.asm(140) : error A2006:undefined symbol : dispatch_it
D:\rawrxd\history\all_versions\src\asm\gui_dispatch_bridge.asm\1770817911535_sRdQ.asm(144) : error A2006:undefined symbol : check_debug
D:\rawrxd\history\all_versions\src\asm\gui_dispatch_bridge.asm\1770817911535_sRdQ.asm(146) : error A2006:undefined symbol : dispatch_it
D:\rawrxd\history\all_versions\src\asm\gui_dispatch_bridge.asm\1770817911535_sRdQ.asm(150) : error A2006:undefined symbol : check_hotpatch
D:\rawrxd\history\all_versions\src\asm\gui_dispatch_bridge.asm\1770817911535_sRdQ.asm(152) : error A2006:undefined symbol : dispatch_it
D:\rawrxd\history\all_versions\src\asm\gui_dispatch_bridge.asm\1770817911535_sRdQ.asm(156) : error A2006:undefined symbol : check_ai_modes
D:\rawrxd\history\all_versions\src\asm\gui_dispatch_bridge.asm\1770817911535_sRdQ.asm(158) : error A2006:undefined symbol : dispatch_it
D:\rawrxd\history\all_versions\src\asm\gui_dispatch_bridge.asm\1770817911535_sRdQ.asm(161) : error A2006:undefined symbol : CMD_AI_MIN
D:\rawrxd\history\all_versions\src\asm\gui_dispatch_bridge.asm\1770817911535_sRdQ.asm(162) : error A2006:undefined symbol : check_re
D:\rawrxd\history\all_versions\src\asm\gui_dispatch_bridge.asm\1770817911535_sRdQ.asm(163) : error A2006:undefined symbol : CMD_AI_MAX
D:\rawrxd\history\all_versions\src\asm\gui_dispatch_bridge.asm\1770817911535_sRdQ.asm(164) : error A2006:undefined symbol : dispatch_it
D:\rawrxd\history\all_versions\src\asm\gui_dispatch_bridge.asm\1770817911535_sRdQ.asm(168) : error A2006:undefined symbol : check_swarm
D:\rawrxd\history\all_versions\src\asm\gui_dispatch_bridge.asm\1770817911535_sRdQ.asm(170) : error A2006:undefined symbol : dispatch_it
D:\rawrxd\history\all_versions\src\asm\gui_dispatch_bridge.asm\1770817911535_sRdQ.asm(174) : error A2006:undefined symbol : check_backend
D:\rawrxd\history\all_versions\src\asm\gui_dispatch_bridge.asm\1770817911535_sRdQ.asm(176) : error A2006:undefined symbol : dispatch_it
D:\rawrxd\history\all_versions\src\asm\gui_dispatch_bridge.asm\1770817911535_sRdQ.asm(180) : error A2006:undefined symbol : check_voice
D:\rawrxd\history\all_versions\src\asm\gui_dispatch_bridge.asm\1770817911535_sRdQ.asm(182) : error A2006:undefined symbol : dispatch_it
D:\rawrxd\history\all_versions\src\asm\gui_dispatch_bridge.asm\1770817911535_sRdQ.asm(186) : error A2006:undefined symbol : check_server
D:\rawrxd\history\all_versions\src\asm\gui_dispatch_bridge.asm\1770817911535_sRdQ.asm(188) : error A2006:undefined symbol : dispatch_it
D:\rawrxd\history\all_versions\src\asm\gui_dispatch_bridge.asm\1770817911535_sRdQ.asm(191) : error A2006:undefined symbol : CMD_SERVER_MIN
D:\rawrxd\history\all_versions\src\asm\gui_dispatch_bridge.asm\1770817911535_sRdQ.asm(192) : error A2006:undefined symbol : check_git
D:\rawrxd\history\all_versions\src\asm\gui_dispatch_bridge.asm\1770817911535_sRdQ.asm(193) : error A2006:undefined symbol : CMD_SERVER_MAX
D:\rawrxd\history\all_versions\src\asm\gui_dispatch_bridge.asm\1770817911535_sRdQ.asm(194) : error A2006:undefined symbol : dispatch_it
D:\rawrxd\history\all_versions\src\asm\gui_dispatch_bridge.asm\1770817911535_sRdQ.asm(197) : error A2006:undefined symbol : CMD_GIT_MIN
D:\rawrxd\history\all_versions\src\asm\gui_dispatch_bridge.asm\1770817911535_sRdQ.asm(198) : error A2006:undefined symbol : check_help
D:\rawrxd\history\all_versions\src\asm\gui_dispatch_bridge.asm\1770817911535_sRdQ.asm(199) : error A2006:undefined symbol : CMD_GIT_MAX
D:\rawrxd\history\all_versions\src\asm\gui_dispatch_bridge.asm\1770817911535_sRdQ.asm(200) : error A2006:undefined symbol : dispatch_it
D:\rawrxd\history\all_versions\src\asm\gui_dispatch_bridge.asm\1770817911535_sRdQ.asm(203) : error A2006:undefined symbol : CMD_HELP_MIN
D:\rawrxd\history\all_versions\src\asm\gui_dispatch_bridge.asm\1770817911535_sRdQ.asm(204) : error A2006:undefined symbol : check_theme
D:\rawrxd\history\all_versions\src\asm\gui_dispatch_bridge.asm\1770817911535_sRdQ.asm(205) : error A2006:undefined symbol : CMD_HELP_MAX
D:\rawrxd\history\all_versions\src\asm\gui_dispatch_bridge.asm\1770817911535_sRdQ.asm(206) : error A2006:undefined symbol : dispatch_it
D:\rawrxd\history\all_versions\src\asm\gui_dispatch_bridge.asm\1770817911535_sRdQ.asm(209) : error A2006:undefined symbol : CMD_THEME_MIN
D:\rawrxd\history\all_versions\src\asm\gui_dispatch_bridge.asm\1770817911535_sRdQ.asm(210) : error A2006:undefined symbol : check_settings
D:\rawrxd\history\all_versions\src\asm\gui_dispatch_bridge.asm\1770817911535_sRdQ.asm(211) : error A2006:undefined symbol : CMD_THEME_MAX
D:\rawrxd\history\all_versions\src\asm\gui_dispatch_bridge.asm\1770817911535_sRdQ.asm(212) : error A2006:undefined symbol : dispatch_it
D:\rawrxd\history\all_versions\src\asm\gui_dispatch_bridge.asm\1770817911535_sRdQ.asm(215) : error A2006:undefined symbol : CMD_SETTINGS_MIN
D:\rawrxd\history\all_versions\src\asm\gui_dispatch_bridge.asm\1770817911535_sRdQ.asm(216) : error A2006:undefined symbol : not_handled
D:\rawrxd\history\all_versions\src\asm\gui_dispatch_bridge.asm\1770817911535_sRdQ.asm(217) : error A2006:undefined symbol : CMD_SETTINGS_MAX
D:\rawrxd\history\all_versions\src\asm\gui_dispatch_bridge.asm\1770817911535_sRdQ.asm(218) : error A2006:undefined symbol : dispatch_it
D:\rawrxd\history\all_versions\src\asm\gui_dispatch_bridge.asm\1770817911535_sRdQ.asm(221) : error A2006:undefined symbol : not_handled
D:\rawrxd\history\all_versions\src\asm\gui_dispatch_bridge.asm\1770817911535_sRdQ.asm(231) : error A2006:undefined symbol : not_handled
D:\rawrxd\history\all_versions\src\asm\gui_dispatch_bridge.asm\1770817911535_sRdQ.asm(234) : error A2006:undefined symbol : done
D:\rawrxd\history\all_versions\src\asm\gui_dispatch_bridge.asm\1770817911535_sRdQ.asm(259) : error A2006:undefined symbol : check_edit
D:\rawrxd\history\all_versions\src\asm\gui_dispatch_bridge.asm\1770817911535_sRdQ.asm(261) : error A2006:undefined symbol : valid
D:\rawrxd\history\all_versions\src\asm\gui_dispatch_bridge.asm\1770817911535_sRdQ.asm(265) : error A2006:undefined symbol : check_view
D:\rawrxd\history\all_versions\src\asm\gui_dispatch_bridge.asm\1770817911535_sRdQ.asm(267) : error A2006:undefined symbol : valid
D:\rawrxd\history\all_versions\src\asm\gui_dispatch_bridge.asm\1770817911535_sRdQ.asm(270) : error A2006:undefined symbol : CMD_VIEW_MIN
D:\rawrxd\history\all_versions\src\asm\gui_dispatch_bridge.asm\1770817911535_sRdQ.asm(271) : error A2006:undefined symbol : check_terminal
D:\rawrxd\history\all_versions\src\asm\gui_dispatch_bridge.asm\1770817911535_sRdQ.asm(272) : error A2006:undefined symbol : CMD_VIEW_MAX
D:\rawrxd\history\all_versions\src\asm\gui_dispatch_bridge.asm\1770817911535_sRdQ.asm(273) : error A2006:undefined symbol : valid
D:\rawrxd\history\all_versions\src\asm\gui_dispatch_bridge.asm\1770817911535_sRdQ.asm(277) : error A2006:undefined symbol : check_agent
D:\rawrxd\history\all_versions\src\asm\gui_dispatch_bridge.asm\1770817911535_sRdQ.asm(279) : error A2006:undefined symbol : valid
D:\rawrxd\history\all_versions\src\asm\gui_dispatch_bridge.asm\1770817911535_sRdQ.asm(283) : error A2006:undefined symbol : check_debug
D:\rawrxd\history\all_versions\src\asm\gui_dispatch_bridge.asm\1770817911535_sRdQ.asm(285) : error A2006:undefined symbol : valid
D:\rawrxd\history\all_versions\src\asm\gui_dispatch_bridge.asm\1770817911535_sRdQ.asm(289) : error A2006:undefined symbol : check_hotpatch
D:\rawrxd\history\all_versions\src\asm\gui_dispatch_bridge.asm\1770817911535_sRdQ.asm(291) : error A2006:undefined symbol : valid
D:\rawrxd\history\all_versions\src\asm\gui_dispatch_bridge.asm\1770817911535_sRdQ.asm(295) : error A2006:undefined symbol : check_help
D:\rawrxd\history\all_versions\src\asm\gui_dispatch_bridge.asm\1770817911535_sRdQ.asm(297) : error A2006:undefined symbol : valid
D:\rawrxd\history\all_versions\src\asm\gui_dispatch_bridge.asm\1770817911535_sRdQ.asm(300) : error A2006:undefined symbol : CMD_HELP_MIN
D:\rawrxd\history\all_versions\src\asm\gui_dispatch_bridge.asm\1770817911535_sRdQ.asm(301) : error A2006:undefined symbol : invalid
D:\rawrxd\history\all_versions\src\asm\gui_dispatch_bridge.asm\1770817911535_sRdQ.asm(302) : error A2006:undefined symbol : CMD_HELP_MAX
D:\rawrxd\history\all_versions\src\asm\gui_dispatch_bridge.asm\1770817911535_sRdQ.asm(303) : error A2006:undefined symbol : valid
D:\rawrxd\history\all_versions\src\asm\gui_dispatch_bridge.asm\1770817911535_sRdQ.asm(354) : error A2006:undefined symbol : done
D:\rawrxd\history\all_versions\src\asm\gui_dispatch_bridge.asm\1770817911535_sRdQ.asm(363) : error A2006:undefined symbol : next
D:\rawrxd\history\all_versions\src\asm\gui_dispatch_bridge.asm\1770817911535_sRdQ.asm(368) : fatal error A1012:error count exceeds 100; stopping assembly
