 Assembling: D:\rawrxd\history\all_versions\src\RawrXD_Complete_ReverseEngineered.asm\1770913321887_gWhp.asm
D:\rawrxd\history\all_versions\src\RawrXD_Complete_ReverseEngineered.asm\1770913321887_gWhp.asm(514) : error A2008:syntax error : ,
D:\rawrxd\history\all_versions\src\RawrXD_Complete_ReverseEngineered.asm\1770913321887_gWhp.asm(862) : error A2008:syntax error : ,
D:\rawrxd\history\all_versions\src\RawrXD_Complete_ReverseEngineered.asm\1770913321887_gWhp.asm(871) : error A2008:syntax error : ,
D:\rawrxd\history\all_versions\src\RawrXD_Complete_ReverseEngineered.asm\1770913321887_gWhp.asm(1364) : error A2008:syntax error : ,
D:\rawrxd\history\all_versions\src\RawrXD_Complete_ReverseEngineered.asm\1770913321887_gWhp.asm(1863) : error A2008:syntax error : ,
D:\rawrxd\history\all_versions\src\RawrXD_Complete_ReverseEngineered.asm\1770913321887_gWhp.asm(49) : error A2006:undefined symbol : free_slots
D:\rawrxd\history\all_versions\src\RawrXD_Complete_ReverseEngineered.asm\1770913321887_gWhp.asm(68) : error A2206:missing operator in expression
D:\rawrxd\history\all_versions\src\RawrXD_Complete_ReverseEngineered.asm\1770913321887_gWhp.asm(80) : error A2206:missing operator in expression
D:\rawrxd\history\all_versions\src\RawrXD_Complete_ReverseEngineered.asm\1770913321887_gWhp.asm(84) : error A2006:undefined symbol : g_task_scheduler
D:\rawrxd\history\all_versions\src\RawrXD_Complete_ReverseEngineered.asm\1770913321887_gWhp.asm(85) : error A2006:undefined symbol : TASK_SCHEDULER
D:\rawrxd\history\all_versions\src\RawrXD_Complete_ReverseEngineered.asm\1770913321887_gWhp.asm(86) : error A2006:undefined symbol : TASK_SCHEDULER
D:\rawrxd\history\all_versions\src\RawrXD_Complete_ReverseEngineered.asm\1770913321887_gWhp.asm(89) : error A2006:undefined symbol : WORKER_CONTEXT
D:\rawrxd\history\all_versions\src\RawrXD_Complete_ReverseEngineered.asm\1770913321887_gWhp.asm(96) : error A2006:undefined symbol : TASK_SCHEDULER
D:\rawrxd\history\all_versions\src\RawrXD_Complete_ReverseEngineered.asm\1770913321887_gWhp.asm(105) : error A2006:undefined symbol : TASK_SCHEDULER
D:\rawrxd\history\all_versions\src\RawrXD_Complete_ReverseEngineered.asm\1770913321887_gWhp.asm(108) : error A2006:undefined symbol : TASK_SCHEDULER
D:\rawrxd\history\all_versions\src\RawrXD_Complete_ReverseEngineered.asm\1770913321887_gWhp.asm(125) : error A2006:undefined symbol : TASK_SCHEDULER
D:\rawrxd\history\all_versions\src\RawrXD_Complete_ReverseEngineered.asm\1770913321887_gWhp.asm(126) : error A2006:undefined symbol : WORKER_CONTEXT
D:\rawrxd\history\all_versions\src\RawrXD_Complete_ReverseEngineered.asm\1770913321887_gWhp.asm(130) : error A2006:undefined symbol : WORKER_CONTEXT
D:\rawrxd\history\all_versions\src\RawrXD_Complete_ReverseEngineered.asm\1770913321887_gWhp.asm(131) : error A2006:undefined symbol : WORKER_CONTEXT
D:\rawrxd\history\all_versions\src\RawrXD_Complete_ReverseEngineered.asm\1770913321887_gWhp.asm(132) : error A2006:undefined symbol : WORKER_CONTEXT
D:\rawrxd\history\all_versions\src\RawrXD_Complete_ReverseEngineered.asm\1770913321887_gWhp.asm(133) : error A2006:undefined symbol : WORKER_CONTEXT
D:\rawrxd\history\all_versions\src\RawrXD_Complete_ReverseEngineered.asm\1770913321887_gWhp.asm(136) : error A2006:undefined symbol : WORKER_CONTEXT
D:\rawrxd\history\all_versions\src\RawrXD_Complete_ReverseEngineered.asm\1770913321887_gWhp.asm(145) : error A2006:undefined symbol : WORKER_CONTEXT
D:\rawrxd\history\all_versions\src\RawrXD_Complete_ReverseEngineered.asm\1770913321887_gWhp.asm(155) : error A2006:undefined symbol : WORKER_CONTEXT
D:\rawrxd\history\all_versions\src\RawrXD_Complete_ReverseEngineered.asm\1770913321887_gWhp.asm(166) : error A2006:undefined symbol : WORKER_CONTEXT
D:\rawrxd\history\all_versions\src\RawrXD_Complete_ReverseEngineered.asm\1770913321887_gWhp.asm(177) : error A2006:undefined symbol : THREAD_PRIORITY_NORMAL
D:\rawrxd\history\all_versions\src\RawrXD_Complete_ReverseEngineered.asm\1770913321887_gWhp.asm(180) : error A2006:undefined symbol : THREAD_PRIORITY_ABOVE_NORMAL
D:\rawrxd\history\all_versions\src\RawrXD_Complete_ReverseEngineered.asm\1770913321887_gWhp.asm(183) : error A2006:undefined symbol : THREAD_PRIORITY_HIGHEST
D:\rawrxd\history\all_versions\src\RawrXD_Complete_ReverseEngineered.asm\1770913321887_gWhp.asm(199) : error A2006:undefined symbol : TASK_SCHEDULER
D:\rawrxd\history\all_versions\src\RawrXD_Complete_ReverseEngineered.asm\1770913321887_gWhp.asm(201) : error A2206:missing operator in expression
D:\rawrxd\history\all_versions\src\RawrXD_Complete_ReverseEngineered.asm\1770913321887_gWhp.asm(209) : error A2206:missing operator in expression
D:\rawrxd\history\all_versions\src\RawrXD_Complete_ReverseEngineered.asm\1770913321887_gWhp.asm(211) : error A2006:undefined symbol : g_task_scheduler
D:\rawrxd\history\all_versions\src\RawrXD_Complete_ReverseEngineered.asm\1770913321887_gWhp.asm(214) : error A2006:undefined symbol : WORKER_CONTEXT
D:\rawrxd\history\all_versions\src\RawrXD_Complete_ReverseEngineered.asm\1770913321887_gWhp.asm(215) : error A2006:undefined symbol : WORKER_CONTEXT
D:\rawrxd\history\all_versions\src\RawrXD_Complete_ReverseEngineered.asm\1770913321887_gWhp.asm(219) : error A2006:undefined symbol : WORKER_CONTEXT
D:\rawrxd\history\all_versions\src\RawrXD_Complete_ReverseEngineered.asm\1770913321887_gWhp.asm(224) : error A2006:undefined symbol : TASK_SCHEDULER
D:\rawrxd\history\all_versions\src\RawrXD_Complete_ReverseEngineered.asm\1770913321887_gWhp.asm(233) : error A2006:undefined symbol : WORKER_CONTEXT
D:\rawrxd\history\all_versions\src\RawrXD_Complete_ReverseEngineered.asm\1770913321887_gWhp.asm(238) : error A2006:undefined symbol : WORKER_CONTEXT
D:\rawrxd\history\all_versions\src\RawrXD_Complete_ReverseEngineered.asm\1770913321887_gWhp.asm(248) : error A2006:undefined symbol : TASK_SCHEDULER
D:\rawrxd\history\all_versions\src\RawrXD_Complete_ReverseEngineered.asm\1770913321887_gWhp.asm(249) : error A2006:undefined symbol : WORKER_CONTEXT
D:\rawrxd\history\all_versions\src\RawrXD_Complete_ReverseEngineered.asm\1770913321887_gWhp.asm(250) : error A2006:undefined symbol : WORKER_CONTEXT
D:\rawrxd\history\all_versions\src\RawrXD_Complete_ReverseEngineered.asm\1770913321887_gWhp.asm(253) : error A2006:undefined symbol : TASK_NODE
D:\rawrxd\history\all_versions\src\RawrXD_Complete_ReverseEngineered.asm\1770913321887_gWhp.asm(255) : error A2006:undefined symbol : TASK_NODE
D:\rawrxd\history\all_versions\src\RawrXD_Complete_ReverseEngineered.asm\1770913321887_gWhp.asm(258) : error A2006:undefined symbol : TASK_NODE
D:\rawrxd\history\all_versions\src\RawrXD_Complete_ReverseEngineered.asm\1770913321887_gWhp.asm(273) : error A2006:undefined symbol : TASK_NODE
D:\rawrxd\history\all_versions\src\RawrXD_Complete_ReverseEngineered.asm\1770913321887_gWhp.asm(274) : error A2006:undefined symbol : TASK_NODE
D:\rawrxd\history\all_versions\src\RawrXD_Complete_ReverseEngineered.asm\1770913321887_gWhp.asm(280) : error A2006:undefined symbol : TASK_NODE
D:\rawrxd\history\all_versions\src\RawrXD_Complete_ReverseEngineered.asm\1770913321887_gWhp.asm(281) : error A2006:undefined symbol : TASK_NODE
D:\rawrxd\history\all_versions\src\RawrXD_Complete_ReverseEngineered.asm\1770913321887_gWhp.asm(283) : error A2006:undefined symbol : TASK_NODE
D:\rawrxd\history\all_versions\src\RawrXD_Complete_ReverseEngineered.asm\1770913321887_gWhp.asm(286) : error A2006:undefined symbol : TASK_NODE
D:\rawrxd\history\all_versions\src\RawrXD_Complete_ReverseEngineered.asm\1770913321887_gWhp.asm(293) : error A2006:undefined symbol : WORKER_CONTEXT
D:\rawrxd\history\all_versions\src\RawrXD_Complete_ReverseEngineered.asm\1770913321887_gWhp.asm(294) : error A2006:undefined symbol : TASK_SCHEDULER
D:\rawrxd\history\all_versions\src\RawrXD_Complete_ReverseEngineered.asm\1770913321887_gWhp.asm(295) : error A2006:undefined symbol : WORKER_CONTEXT
D:\rawrxd\history\all_versions\src\RawrXD_Complete_ReverseEngineered.asm\1770913321887_gWhp.asm(296) : error A2006:undefined symbol : WORKER_CONTEXT
D:\rawrxd\history\all_versions\src\RawrXD_Complete_ReverseEngineered.asm\1770913321887_gWhp.asm(299) : error A2006:undefined symbol : TASK_SCHEDULER
D:\rawrxd\history\all_versions\src\RawrXD_Complete_ReverseEngineered.asm\1770913321887_gWhp.asm(302) : error A2006:undefined symbol : TASK_SCHEDULER
D:\rawrxd\history\all_versions\src\RawrXD_Complete_ReverseEngineered.asm\1770913321887_gWhp.asm(303) : error A2006:undefined symbol : TASK_SCHEDULER
D:\rawrxd\history\all_versions\src\RawrXD_Complete_ReverseEngineered.asm\1770913321887_gWhp.asm(305) : error A2006:undefined symbol : TASK_SCHEDULER
D:\rawrxd\history\all_versions\src\RawrXD_Complete_ReverseEngineered.asm\1770913321887_gWhp.asm(312) : error A2006:undefined symbol : WORKER_CONTEXT
D:\rawrxd\history\all_versions\src\RawrXD_Complete_ReverseEngineered.asm\1770913321887_gWhp.asm(314) : error A2206:missing operator in expression
D:\rawrxd\history\all_versions\src\RawrXD_Complete_ReverseEngineered.asm\1770913321887_gWhp.asm(323) : error A2206:missing operator in expression
D:\rawrxd\history\all_versions\src\RawrXD_Complete_ReverseEngineered.asm\1770913321887_gWhp.asm(329) : error A2006:undefined symbol : TASK_NODE
D:\rawrxd\history\all_versions\src\RawrXD_Complete_ReverseEngineered.asm\1770913321887_gWhp.asm(333) : error A2006:undefined symbol : TASK_NODE
D:\rawrxd\history\all_versions\src\RawrXD_Complete_ReverseEngineered.asm\1770913321887_gWhp.asm(343) : error A2206:missing operator in expression
D:\rawrxd\history\all_versions\src\RawrXD_Complete_ReverseEngineered.asm\1770913321887_gWhp.asm(349) : error A2206:missing operator in expression
D:\rawrxd\history\all_versions\src\RawrXD_Complete_ReverseEngineered.asm\1770913321887_gWhp.asm(370) : error A2006:undefined symbol : WORKER_CONTEXT
D:\rawrxd\history\all_versions\src\RawrXD_Complete_ReverseEngineered.asm\1770913321887_gWhp.asm(372) : error A2006:undefined symbol : TASK_SCHEDULER
D:\rawrxd\history\all_versions\src\RawrXD_Complete_ReverseEngineered.asm\1770913321887_gWhp.asm(376) : error A2006:undefined symbol : WORKER_CONTEXT
D:\rawrxd\history\all_versions\src\RawrXD_Complete_ReverseEngineered.asm\1770913321887_gWhp.asm(378) : error A2006:undefined symbol : WORKER_CONTEXT
D:\rawrxd\history\all_versions\src\RawrXD_Complete_ReverseEngineered.asm\1770913321887_gWhp.asm(395) : error A2206:missing operator in expression
D:\rawrxd\history\all_versions\src\RawrXD_Complete_ReverseEngineered.asm\1770913321887_gWhp.asm(406) : error A2006:undefined symbol : WORKER_CONTEXT
D:\rawrxd\history\all_versions\src\RawrXD_Complete_ReverseEngineered.asm\1770913321887_gWhp.asm(409) : error A2006:undefined symbol : WORKER_CONTEXT
D:\rawrxd\history\all_versions\src\RawrXD_Complete_ReverseEngineered.asm\1770913321887_gWhp.asm(414) : error A2006:undefined symbol : TASK_NODE
D:\rawrxd\history\all_versions\src\RawrXD_Complete_ReverseEngineered.asm\1770913321887_gWhp.asm(415) : error A2006:undefined symbol : WORKER_CONTEXT
D:\rawrxd\history\all_versions\src\RawrXD_Complete_ReverseEngineered.asm\1770913321887_gWhp.asm(419) : error A2006:undefined symbol : WORKER_CONTEXT
D:\rawrxd\history\all_versions\src\RawrXD_Complete_ReverseEngineered.asm\1770913321887_gWhp.asm(422) : error A2006:undefined symbol : TASK_NODE
D:\rawrxd\history\all_versions\src\RawrXD_Complete_ReverseEngineered.asm\1770913321887_gWhp.asm(423) : error A2006:undefined symbol : TASK_NODE
D:\rawrxd\history\all_versions\src\RawrXD_Complete_ReverseEngineered.asm\1770913321887_gWhp.asm(424) : error A2006:undefined symbol : WORKER_CONTEXT
D:\rawrxd\history\all_versions\src\RawrXD_Complete_ReverseEngineered.asm\1770913321887_gWhp.asm(427) : error A2006:undefined symbol : WORKER_CONTEXT
D:\rawrxd\history\all_versions\src\RawrXD_Complete_ReverseEngineered.asm\1770913321887_gWhp.asm(438) : error A2206:missing operator in expression
D:\rawrxd\history\all_versions\src\RawrXD_Complete_ReverseEngineered.asm\1770913321887_gWhp.asm(442) : error A2006:undefined symbol : TASK_SCHEDULER
D:\rawrxd\history\all_versions\src\RawrXD_Complete_ReverseEngineered.asm\1770913321887_gWhp.asm(443) : error A2006:undefined symbol : WORKER_CONTEXT
D:\rawrxd\history\all_versions\src\RawrXD_Complete_ReverseEngineered.asm\1770913321887_gWhp.asm(447) : error A2006:undefined symbol : WORKER_CONTEXT
D:\rawrxd\history\all_versions\src\RawrXD_Complete_ReverseEngineered.asm\1770913321887_gWhp.asm(450) : error A2006:undefined symbol : WORKER_CONTEXT
D:\rawrxd\history\all_versions\src\RawrXD_Complete_ReverseEngineered.asm\1770913321887_gWhp.asm(456) : error A2006:undefined symbol : WORKER_CONTEXT
D:\rawrxd\history\all_versions\src\RawrXD_Complete_ReverseEngineered.asm\1770913321887_gWhp.asm(461) : error A2006:undefined symbol : WORKER_CONTEXT
D:\rawrxd\history\all_versions\src\RawrXD_Complete_ReverseEngineered.asm\1770913321887_gWhp.asm(468) : error A2006:undefined symbol : TASK_NODE
D:\rawrxd\history\all_versions\src\RawrXD_Complete_ReverseEngineered.asm\1770913321887_gWhp.asm(476) : error A2006:undefined symbol : TASK_NODE
D:\rawrxd\history\all_versions\src\RawrXD_Complete_ReverseEngineered.asm\1770913321887_gWhp.asm(477) : error A2006:undefined symbol : WORKER_CONTEXT
D:\rawrxd\history\all_versions\src\RawrXD_Complete_ReverseEngineered.asm\1770913321887_gWhp.asm(482) : error A2006:undefined symbol : WORKER_CONTEXT
D:\rawrxd\history\all_versions\src\RawrXD_Complete_ReverseEngineered.asm\1770913321887_gWhp.asm(483) : error A2006:undefined symbol : WORKER_CONTEXT
D:\rawrxd\history\all_versions\src\RawrXD_Complete_ReverseEngineered.asm\1770913321887_gWhp.asm(486) : error A2006:undefined symbol : WORKER_CONTEXT
D:\rawrxd\history\all_versions\src\RawrXD_Complete_ReverseEngineered.asm\1770913321887_gWhp.asm(487) : error A2006:undefined symbol : WORKER_CONTEXT
D:\rawrxd\history\all_versions\src\RawrXD_Complete_ReverseEngineered.asm\1770913321887_gWhp.asm(488) : error A2006:undefined symbol : TASK_SCHEDULER
D:\rawrxd\history\all_versions\src\RawrXD_Complete_ReverseEngineered.asm\1770913321887_gWhp.asm(491) : error A2006:undefined symbol : WORKER_CONTEXT
D:\rawrxd\history\all_versions\src\RawrXD_Complete_ReverseEngineered.asm\1770913321887_gWhp.asm(495) : error A2206:missing operator in expression
D:\rawrxd\history\all_versions\src\RawrXD_Complete_ReverseEngineered.asm\1770913321887_gWhp.asm(504) : error A2206:missing operator in expression
D:\rawrxd\history\all_versions\src\RawrXD_Complete_ReverseEngineered.asm\1770913321887_gWhp.asm(510) : error A2006:undefined symbol : g_task_scheduler
D:\rawrxd\history\all_versions\src\RawrXD_Complete_ReverseEngineered.asm\1770913321887_gWhp.asm(513) : error A2006:undefined symbol : TASK_NODE
D:\rawrxd\history\all_versions\src\RawrXD_Complete_ReverseEngineered.asm\1770913321887_gWhp.asm(520) : error A2006:undefined symbol : TASK_SCHEDULER
D:\rawrxd\history\all_versions\src\RawrXD_Complete_ReverseEngineered.asm\1770913321887_gWhp.asm(523) : fatal error A1012:error count exceeds 100; stopping assembly
