 Assembling: D:\rawrxd\history\all_versions\src\agentic\RawrXD_Production_ReverseEngineered.asm\1771286166218_72Ek.asm
D:\rawrxd\history\all_versions\src\agentic\RawrXD_Production_ReverseEngineered.asm\1771286166218_72Ek.asm(148) : error A2008:syntax error : DD
D:\rawrxd\history\all_versions\src\agentic\RawrXD_Production_ReverseEngineered.asm\1771286166218_72Ek.asm(158) : error A2008:syntax error : ptr
D:\rawrxd\history\all_versions\src\agentic\RawrXD_Production_ReverseEngineered.asm\1771286166218_72Ek.asm(159) : error A2008:syntax error : size
D:\rawrxd\history\all_versions\src\agentic\RawrXD_Production_ReverseEngineered.asm\1771286166218_72Ek.asm(266) : error A2008:syntax error : size
D:\rawrxd\history\all_versions\src\agentic\RawrXD_Production_ReverseEngineered.asm\1771286166218_72Ek.asm(321) : error A2008:syntax error : stream_lock
D:\rawrxd\history\all_versions\src\agentic\RawrXD_Production_ReverseEngineered.asm\1771286166218_72Ek.asm(334) : error A2008:syntax error : in type
D:\rawrxd\history\all_versions\src\agentic\RawrXD_Production_ReverseEngineered.asm\1771286166218_72Ek.asm(386) : error A2008:syntax error : .
D:\rawrxd\history\all_versions\src\agentic\RawrXD_Production_ReverseEngineered.asm\1771286166218_72Ek.asm(397) : error A2008:syntax error : .
D:\rawrxd\history\all_versions\src\agentic\RawrXD_Production_ReverseEngineered.asm\1771286166218_72Ek.asm(403) : error A2008:syntax error : code
D:\rawrxd\history\all_versions\src\agentic\RawrXD_Production_ReverseEngineered.asm\1771286166218_72Ek.asm(424) : error A2008:syntax error : .
D:\rawrxd\history\all_versions\src\agentic\RawrXD_Production_ReverseEngineered.asm\1771286166218_72Ek.asm(430) : error A2008:syntax error : .
D:\rawrxd\history\all_versions\src\agentic\RawrXD_Production_ReverseEngineered.asm\1771286166218_72Ek.asm(494) : error A2008:syntax error : .
D:\rawrxd\history\all_versions\src\agentic\RawrXD_Production_ReverseEngineered.asm\1771286166218_72Ek.asm(497) : error A2008:syntax error : .
D:\rawrxd\history\all_versions\src\agentic\RawrXD_Production_ReverseEngineered.asm\1771286166218_72Ek.asm(526) : error A2008:syntax error : .
D:\rawrxd\history\all_versions\src\agentic\RawrXD_Production_ReverseEngineered.asm\1771286166218_72Ek.asm(538) : error A2008:syntax error : .
D:\rawrxd\history\all_versions\src\agentic\RawrXD_Production_ReverseEngineered.asm\1771286166218_72Ek.asm(544) : error A2008:syntax error : .
D:\rawrxd\history\all_versions\src\agentic\RawrXD_Production_ReverseEngineered.asm\1771286166218_72Ek.asm(547) : error A2008:syntax error : .
D:\rawrxd\history\all_versions\src\agentic\RawrXD_Production_ReverseEngineered.asm\1771286166218_72Ek.asm(575) : error A2008:syntax error : .
D:\rawrxd\history\all_versions\src\agentic\RawrXD_Production_ReverseEngineered.asm\1771286166218_72Ek.asm(609) : error A2008:syntax error : .
D:\rawrxd\history\all_versions\src\agentic\RawrXD_Production_ReverseEngineered.asm\1771286166218_72Ek.asm(613) : error A2008:syntax error : .
D:\rawrxd\history\all_versions\src\agentic\RawrXD_Production_ReverseEngineered.asm\1771286166218_72Ek.asm(663) : error A2070:invalid instruction operands
D:\rawrxd\history\all_versions\src\agentic\RawrXD_Production_ReverseEngineered.asm\1771286166218_72Ek.asm(676) : error A2070:invalid instruction operands
D:\rawrxd\history\all_versions\src\agentic\RawrXD_Production_ReverseEngineered.asm\1771286166218_72Ek.asm(686) : error A2070:invalid instruction operands
D:\rawrxd\history\all_versions\src\agentic\RawrXD_Production_ReverseEngineered.asm\1771286166218_72Ek.asm(701) : error A2008:syntax error : .
D:\rawrxd\history\all_versions\src\agentic\RawrXD_Production_ReverseEngineered.asm\1771286166218_72Ek.asm(705) : error A2008:syntax error : .
D:\rawrxd\history\all_versions\src\agentic\RawrXD_Production_ReverseEngineered.asm\1771286166218_72Ek.asm(710) : error A2008:syntax error : .
D:\rawrxd\history\all_versions\src\agentic\RawrXD_Production_ReverseEngineered.asm\1771286166218_72Ek.asm(715) : error A2008:syntax error : .
D:\rawrxd\history\all_versions\src\agentic\RawrXD_Production_ReverseEngineered.asm\1771286166218_72Ek.asm(720) : error A2008:syntax error : .
D:\rawrxd\history\all_versions\src\agentic\RawrXD_Production_ReverseEngineered.asm\1771286166218_72Ek.asm(724) : error A2008:syntax error : .
D:\rawrxd\history\all_versions\src\agentic\RawrXD_Production_ReverseEngineered.asm\1771286166218_72Ek.asm(760) : error A2008:syntax error : .
D:\rawrxd\history\all_versions\src\agentic\RawrXD_Production_ReverseEngineered.asm\1771286166218_72Ek.asm(769) : error A2070:invalid instruction operands
D:\rawrxd\history\all_versions\src\agentic\RawrXD_Production_ReverseEngineered.asm\1771286166218_72Ek.asm(773) : error A2008:syntax error : .
D:\rawrxd\history\all_versions\src\agentic\RawrXD_Production_ReverseEngineered.asm\1771286166218_72Ek.asm(777) : error A2008:syntax error : .
D:\rawrxd\history\all_versions\src\agentic\RawrXD_Production_ReverseEngineered.asm\1771286166218_72Ek.asm(781) : error A2008:syntax error : .
D:\rawrxd\history\all_versions\src\agentic\RawrXD_Production_ReverseEngineered.asm\1771286166218_72Ek.asm(797) : error A2008:syntax error : .
D:\rawrxd\history\all_versions\src\agentic\RawrXD_Production_ReverseEngineered.asm\1771286166218_72Ek.asm(807) : error A2008:syntax error : .
D:\rawrxd\history\all_versions\src\agentic\RawrXD_Production_ReverseEngineered.asm\1771286166218_72Ek.asm(820) : error A2008:syntax error : .
D:\rawrxd\history\all_versions\src\agentic\RawrXD_Production_ReverseEngineered.asm\1771286166218_72Ek.asm(838) : error A2008:syntax error : .
D:\rawrxd\history\all_versions\src\agentic\RawrXD_Production_ReverseEngineered.asm\1771286166218_72Ek.asm(843) : error A2008:syntax error : .
D:\rawrxd\history\all_versions\src\agentic\RawrXD_Production_ReverseEngineered.asm\1771286166218_72Ek.asm(914) : error A2008:syntax error : .
D:\rawrxd\history\all_versions\src\agentic\RawrXD_Production_ReverseEngineered.asm\1771286166218_72Ek.asm(918) : error A2008:syntax error : .
D:\rawrxd\history\all_versions\src\agentic\RawrXD_Production_ReverseEngineered.asm\1771286166218_72Ek.asm(923) : error A2008:syntax error : .
D:\rawrxd\history\all_versions\src\agentic\RawrXD_Production_ReverseEngineered.asm\1771286166218_72Ek.asm(980) : error A2008:syntax error : .
D:\rawrxd\history\all_versions\src\agentic\RawrXD_Production_ReverseEngineered.asm\1771286166218_72Ek.asm(986) : error A2008:syntax error : .
D:\rawrxd\history\all_versions\src\agentic\RawrXD_Production_ReverseEngineered.asm\1771286166218_72Ek.asm(991) : error A2008:syntax error : .
D:\rawrxd\history\all_versions\src\agentic\RawrXD_Production_ReverseEngineered.asm\1771286166218_72Ek.asm(1013) : error A2008:syntax error : .
D:\rawrxd\history\all_versions\src\agentic\RawrXD_Production_ReverseEngineered.asm\1771286166218_72Ek.asm(1022) : error A2008:syntax error : .
D:\rawrxd\history\all_versions\src\agentic\RawrXD_Production_ReverseEngineered.asm\1771286166218_72Ek.asm(1031) : error A2008:syntax error : .
D:\rawrxd\history\all_versions\src\agentic\RawrXD_Production_ReverseEngineered.asm\1771286166218_72Ek.asm(1075) : error A2008:syntax error : .
D:\rawrxd\history\all_versions\src\agentic\RawrXD_Production_ReverseEngineered.asm\1771286166218_72Ek.asm(1079) : error A2008:syntax error : .
D:\rawrxd\history\all_versions\src\agentic\RawrXD_Production_ReverseEngineered.asm\1771286166218_72Ek.asm(1084) : error A2008:syntax error : .
D:\rawrxd\history\all_versions\src\agentic\RawrXD_Production_ReverseEngineered.asm\1771286166218_72Ek.asm(1089) : error A2008:syntax error : .
D:\rawrxd\history\all_versions\src\agentic\RawrXD_Production_ReverseEngineered.asm\1771286166218_72Ek.asm(1125) : error A2008:syntax error : .
D:\rawrxd\history\all_versions\src\agentic\RawrXD_Production_ReverseEngineered.asm\1771286166218_72Ek.asm(1131) : error A2008:syntax error : .
D:\rawrxd\history\all_versions\src\agentic\RawrXD_Production_ReverseEngineered.asm\1771286166218_72Ek.asm(1136) : error A2008:syntax error : .
D:\rawrxd\history\all_versions\src\agentic\RawrXD_Production_ReverseEngineered.asm\1771286166218_72Ek.asm(1158) : error A2008:syntax error : .
D:\rawrxd\history\all_versions\src\agentic\RawrXD_Production_ReverseEngineered.asm\1771286166218_72Ek.asm(1167) : error A2008:syntax error : .
D:\rawrxd\history\all_versions\src\agentic\RawrXD_Production_ReverseEngineered.asm\1771286166218_72Ek.asm(1264) : error A2008:syntax error : .
D:\rawrxd\history\all_versions\src\agentic\RawrXD_Production_ReverseEngineered.asm\1771286166218_72Ek.asm(1268) : error A2008:syntax error : .
D:\rawrxd\history\all_versions\src\agentic\RawrXD_Production_ReverseEngineered.asm\1771286166218_72Ek.asm(1272) : error A2008:syntax error : .
D:\rawrxd\history\all_versions\src\agentic\RawrXD_Production_ReverseEngineered.asm\1771286166218_72Ek.asm(1276) : error A2008:syntax error : .
D:\rawrxd\history\all_versions\src\agentic\RawrXD_Production_ReverseEngineered.asm\1771286166218_72Ek.asm(1282) : error A2008:syntax error : .
D:\rawrxd\history\all_versions\src\agentic\RawrXD_Production_ReverseEngineered.asm\1771286166218_72Ek.asm(1283) : error A2008:syntax error : .
D:\rawrxd\history\all_versions\src\agentic\RawrXD_Production_ReverseEngineered.asm\1771286166218_72Ek.asm(1286) : error A2008:syntax error : .
D:\rawrxd\history\all_versions\src\agentic\RawrXD_Production_ReverseEngineered.asm\1771286166218_72Ek.asm(1319) : error A2008:syntax error : .
D:\rawrxd\history\all_versions\src\agentic\RawrXD_Production_ReverseEngineered.asm\1771286166218_72Ek.asm(1328) : error A2008:syntax error : .
D:\rawrxd\history\all_versions\src\agentic\RawrXD_Production_ReverseEngineered.asm\1771286166218_72Ek.asm(1337) : error A2008:syntax error : .
D:\rawrxd\history\all_versions\src\agentic\RawrXD_Production_ReverseEngineered.asm\1771286166218_72Ek.asm(1346) : error A2008:syntax error : .
D:\rawrxd\history\all_versions\src\agentic\RawrXD_Production_ReverseEngineered.asm\1771286166218_72Ek.asm(1355) : error A2008:syntax error : .
D:\rawrxd\history\all_versions\src\agentic\RawrXD_Production_ReverseEngineered.asm\1771286166218_72Ek.asm(1364) : error A2008:syntax error : .
D:\rawrxd\history\all_versions\src\agentic\RawrXD_Production_ReverseEngineered.asm\1771286166218_72Ek.asm(1376) : error A2005:symbol redefinition : HeapAlloc
D:\rawrxd\history\all_versions\src\agentic\RawrXD_Production_ReverseEngineered.asm\1771286166218_72Ek.asm(1389) : fatal error A1010:unmatched block nesting : HeapAlloc
