 Assembling: D:\rawrxd\history\all_versions\src\dumpbin_final.asm\1771284632776_60k1.asm
D:\rawrxd\history\all_versions\src\dumpbin_final.asm\1771284632776_60k1.asm(10) : error A2008:syntax error : .
D:\rawrxd\history\all_versions\src\dumpbin_final.asm\1771284632776_60k1.asm(11) : error A2008:syntax error : .

***********
ASCII build
***********

C:\masm32\include\windows.inc(9750) : error A2008:syntax error : dword
C:\masm32\include\windows.inc(10183) : error A2008:syntax error : frame
C:\masm32\include\windows.inc(16333) : error A2008:syntax error : dword
C:\masm32\include\windows.inc(18862) : error A2008:syntax error : Frame
C:\masm32\include\windows.inc(24749) : error A2042:statement too complex
C:\masm32\include\winextra.inc(11052) : error A2026:constant expected
C:\masm32\include\winextra.inc(11053) : error A2026:constant expected
D:\rawrxd\history\all_versions\src\dumpbin_final.asm\1771284632776_60k1.asm(353) : error A2008:syntax error : invoke
D:\rawrxd\history\all_versions\src\dumpbin_final.asm\1771284632776_60k1.asm(355) : error A2008:syntax error : invoke
D:\rawrxd\history\all_versions\src\dumpbin_final.asm\1771284632776_60k1.asm(358) : error A2008:syntax error : WriteConsoleA
D:\rawrxd\history\all_versions\src\dumpbin_final.asm\1771284632776_60k1.asm(363) : error A2008:syntax error : invoke
D:\rawrxd\history\all_versions\src\dumpbin_final.asm\1771284632776_60k1.asm(388) : error A2008:syntax error : WriteConsoleA
D:\rawrxd\history\all_versions\src\dumpbin_final.asm\1771284632776_60k1.asm(415) : error A2008:syntax error : WriteConsoleA
D:\rawrxd\history\all_versions\src\dumpbin_final.asm\1771284632776_60k1.asm(416) : error A2008:syntax error : invoke
D:\rawrxd\history\all_versions\src\dumpbin_final.asm\1771284632776_60k1.asm(418) : error A2008:syntax error : invoke
D:\rawrxd\history\all_versions\src\dumpbin_final.asm\1771284632776_60k1.asm(423) : error A2008:syntax error : invoke
D:\rawrxd\history\all_versions\src\dumpbin_final.asm\1771284632776_60k1.asm(426) : error A2008:syntax error : invoke
D:\rawrxd\history\all_versions\src\dumpbin_final.asm\1771284632776_60k1.asm(429) : error A2008:syntax error : invoke
D:\rawrxd\history\all_versions\src\dumpbin_final.asm\1771284632776_60k1.asm(430) : error A2008:syntax error : invoke
D:\rawrxd\history\all_versions\src\dumpbin_final.asm\1771284632776_60k1.asm(442) : error A2008:syntax error : WriteConsoleA
D:\rawrxd\history\all_versions\src\dumpbin_final.asm\1771284632776_60k1.asm(476) : error A2008:syntax error : wsprintfA
D:\rawrxd\history\all_versions\src\dumpbin_final.asm\1771284632776_60k1.asm(477) : error A2008:syntax error : WriteConsoleA
D:\rawrxd\history\all_versions\src\dumpbin_final.asm\1771284632776_60k1.asm(490) : error A2008:syntax error : WriteConsoleA
D:\rawrxd\history\all_versions\src\dumpbin_final.asm\1771284632776_60k1.asm(494) : error A2008:syntax error : WriteConsoleA
D:\rawrxd\history\all_versions\src\dumpbin_final.asm\1771284632776_60k1.asm(505) : error A2008:syntax error : wsprintfA
D:\rawrxd\history\all_versions\src\dumpbin_final.asm\1771284632776_60k1.asm(506) : error A2008:syntax error : WriteConsoleA
D:\rawrxd\history\all_versions\src\dumpbin_final.asm\1771284632776_60k1.asm(530) : error A2008:syntax error : WriteConsoleA
D:\rawrxd\history\all_versions\src\dumpbin_final.asm\1771284632776_60k1.asm(537) : error A2008:syntax error : WriteConsoleA
D:\rawrxd\history\all_versions\src\dumpbin_final.asm\1771284632776_60k1.asm(550) : error A2008:syntax error : invoke
D:\rawrxd\history\all_versions\src\dumpbin_final.asm\1771284632776_60k1.asm(572) : error A2008:syntax error : invoke
D:\rawrxd\history\all_versions\src\dumpbin_final.asm\1771284632776_60k1.asm(580) : error A2008:syntax error : invoke
D:\rawrxd\history\all_versions\src\dumpbin_final.asm\1771284632776_60k1.asm(730) : error A2070:invalid instruction operands
D:\rawrxd\history\all_versions\src\dumpbin_final.asm\1771284632776_60k1.asm(735) : error A2070:invalid instruction operands
D:\rawrxd\history\all_versions\src\dumpbin_final.asm\1771284632776_60k1.asm(777) : error A2008:syntax error : strlen
D:\rawrxd\history\all_versions\src\dumpbin_final.asm\1771284632776_60k1.asm(780) : error A2008:syntax error : invoke
D:\rawrxd\history\all_versions\src\dumpbin_final.asm\1771284632776_60k1.asm(822) : error A2008:syntax error : invoke
D:\rawrxd\history\all_versions\src\dumpbin_final.asm\1771284632776_60k1.asm(831) : error A2008:syntax error : invoke
D:\rawrxd\history\all_versions\src\dumpbin_final.asm\1771284632776_60k1.asm(1340) : error A2008:syntax error : invoke
D:\rawrxd\history\all_versions\src\dumpbin_final.asm\1771284632776_60k1.asm(1346) : error A2008:syntax error : WriteFile
D:\rawrxd\history\all_versions\src\dumpbin_final.asm\1771284632776_60k1.asm(1347) : error A2008:syntax error : WriteFile
D:\rawrxd\history\all_versions\src\dumpbin_final.asm\1771284632776_60k1.asm(1356) : error A2008:syntax error : invoke
D:\rawrxd\history\all_versions\src\dumpbin_final.asm\1771284632776_60k1.asm(1405) : error A2008:syntax error : invoke
D:\rawrxd\history\all_versions\src\dumpbin_final.asm\1771284632776_60k1.asm(1414) : error A2008:syntax error : invoke
D:\rawrxd\history\all_versions\src\dumpbin_final.asm\1771284632776_60k1.asm(1425) : error A2008:syntax error : invoke
D:\rawrxd\history\all_versions\src\dumpbin_final.asm\1771284632776_60k1.asm(1447) : error A2008:syntax error : invoke
D:\rawrxd\history\all_versions\src\dumpbin_final.asm\1771284632776_60k1.asm(1450) : error A2008:syntax error : invoke
D:\rawrxd\history\all_versions\src\dumpbin_final.asm\1771284632776_60k1.asm(1460) : error A2008:syntax error : ReadFile
D:\rawrxd\history\all_versions\src\dumpbin_final.asm\1771284632776_60k1.asm(1462) : error A2008:syntax error : ReadFile
D:\rawrxd\history\all_versions\src\dumpbin_final.asm\1771284632776_60k1.asm(1490) : error A2008:syntax error : invoke
D:\rawrxd\history\all_versions\src\dumpbin_final.asm\1771284632776_60k1.asm(1493) : error A2008:syntax error : invoke
D:\rawrxd\history\all_versions\src\dumpbin_final.asm\1771284632776_60k1.asm(1525) : error A2008:syntax error : strcat
D:\rawrxd\history\all_versions\src\dumpbin_final.asm\1771284632776_60k1.asm(1527) : error A2008:syntax error : invoke
D:\rawrxd\history\all_versions\src\dumpbin_final.asm\1771284632776_60k1.asm(1536) : error A2008:syntax error : invoke
D:\rawrxd\history\all_versions\src\dumpbin_final.asm\1771284632776_60k1.asm(1540) : error A2008:syntax error : invoke
D:\rawrxd\history\all_versions\src\dumpbin_final.asm\1771284632776_60k1.asm(1565) : error A2008:syntax error : WriteConsoleA
D:\rawrxd\history\all_versions\src\dumpbin_final.asm\1771284632776_60k1.asm(1566) : error A2008:syntax error : WriteConsoleA
D:\rawrxd\history\all_versions\src\dumpbin_final.asm\1771284632776_60k1.asm(1602) : error A2008:syntax error : WriteConsoleA
D:\rawrxd\history\all_versions\src\dumpbin_final.asm\1771284632776_60k1.asm(1649) : error A2008:syntax error : invoke
D:\rawrxd\history\all_versions\src\dumpbin_final.asm\1771284632776_60k1.asm(1650) : error A2008:syntax error : WriteConsoleA
D:\rawrxd\history\all_versions\src\dumpbin_final.asm\1771284632776_60k1.asm(1655) : error A2008:syntax error : WriteConsoleA
D:\rawrxd\history\all_versions\src\dumpbin_final.asm\1771284632776_60k1.asm(1745) : error A2008:syntax error : pushad
D:\rawrxd\history\all_versions\src\dumpbin_final.asm\1771284632776_60k1.asm(1753) : error A2008:syntax error : CryptDecodeObjectEx
D:\rawrxd\history\all_versions\src\dumpbin_final.asm\1771284632776_60k1.asm(1765) : error A2008:syntax error : WriteConsoleA
D:\rawrxd\history\all_versions\src\dumpbin_final.asm\1771284632776_60k1.asm(1773) : error A2008:syntax error : CertNameToStrA
D:\rawrxd\history\all_versions\src\dumpbin_final.asm\1771284632776_60k1.asm(1777) : error A2008:syntax error : invoke
D:\rawrxd\history\all_versions\src\dumpbin_final.asm\1771284632776_60k1.asm(1778) : error A2008:syntax error : WriteConsoleA
D:\rawrxd\history\all_versions\src\dumpbin_final.asm\1771284632776_60k1.asm(1786) : error A2008:syntax error : CertNameToStrA
D:\rawrxd\history\all_versions\src\dumpbin_final.asm\1771284632776_60k1.asm(1790) : error A2008:syntax error : invoke
D:\rawrxd\history\all_versions\src\dumpbin_final.asm\1771284632776_60k1.asm(1791) : error A2008:syntax error : WriteConsoleA
D:\rawrxd\history\all_versions\src\dumpbin_final.asm\1771284632776_60k1.asm(1810) : error A2008:syntax error : invoke
D:\rawrxd\history\all_versions\src\dumpbin_final.asm\1771284632776_60k1.asm(1811) : error A2008:syntax error : invoke
D:\rawrxd\history\all_versions\src\dumpbin_final.asm\1771284632776_60k1.asm(1814) : error A2008:syntax error : invoke
D:\rawrxd\history\all_versions\src\dumpbin_final.asm\1771284632776_60k1.asm(1816) : error A2008:syntax error : invoke
D:\rawrxd\history\all_versions\src\dumpbin_final.asm\1771284632776_60k1.asm(1817) : error A2008:syntax error : WriteConsoleA
D:\rawrxd\history\all_versions\src\dumpbin_final.asm\1771284632776_60k1.asm(1819) : error A2008:syntax error : invoke
D:\rawrxd\history\all_versions\src\dumpbin_final.asm\1771284632776_60k1.asm(1821) : error A2008:syntax error : invoke
D:\rawrxd\history\all_versions\src\dumpbin_final.asm\1771284632776_60k1.asm(1822) : error A2008:syntax error : WriteConsoleA
D:\rawrxd\history\all_versions\src\dumpbin_final.asm\1771284632776_60k1.asm(1825) : error A2008:syntax error : invoke
D:\rawrxd\history\all_versions\src\dumpbin_final.asm\1771284632776_60k1.asm(1832) : error A2012:PROC, MACRO, or macro repeat directive must precede LOCAL
D:\rawrxd\history\all_versions\src\dumpbin_final.asm\1771284632776_60k1.asm(1833) : error A2012:PROC, MACRO, or macro repeat directive must precede LOCAL
D:\rawrxd\history\all_versions\src\dumpbin_final.asm\1771284632776_60k1.asm(1840) : error A2008:syntax error : invoke
D:\rawrxd\history\all_versions\src\dumpbin_final.asm\1771284632776_60k1.asm(1851) : error A2008:syntax error : WriteConsoleA
D:\rawrxd\history\all_versions\src\dumpbin_final.asm\1771284632776_60k1.asm(1855) : error A2008:syntax error : WriteConsoleA
D:\rawrxd\history\all_versions\src\dumpbin_final.asm\1771284632776_60k1.asm(1858) : error A2008:syntax error : invoke
D:\rawrxd\history\all_versions\src\dumpbin_final.asm\1771284632776_60k1.asm(1865) : error A2008:syntax error : WriteConsoleA
D:\rawrxd\history\all_versions\src\dumpbin_final.asm\1771284632776_60k1.asm(1872) : error A2008:syntax error : WriteConsoleA
D:\rawrxd\history\all_versions\src\dumpbin_final.asm\1771284632776_60k1.asm(1876) : error A2008:syntax error : wsprintfA
D:\rawrxd\history\all_versions\src\dumpbin_final.asm\1771284632776_60k1.asm(1877) : error A2008:syntax error : WriteConsoleA
D:\rawrxd\history\all_versions\src\dumpbin_final.asm\1771284632776_60k1.asm(1881) : error A2008:syntax error : WriteConsoleA
D:\rawrxd\history\all_versions\src\dumpbin_final.asm\1771284632776_60k1.asm(1887) : error A2008:syntax error : main
D:\rawrxd\history\all_versions\src\dumpbin_final.asm\1771284632776_60k1.asm(1887) : error A2088:END directive required at end of file
D:\rawrxd\history\all_versions\src\dumpbin_final.asm\1771284632776_60k1.asm(584) : error A2082:cannot mix 16- and 32-bit registers
D:\rawrxd\history\all_versions\src\dumpbin_final.asm\1771284632776_60k1.asm(963) : error A2009:syntax error in expression
D:\rawrxd\history\all_versions\src\dumpbin_final.asm\1771284632776_60k1.asm(1836) : error A2006:undefined symbol : dwType
D:\rawrxd\history\all_versions\src\dumpbin_final.asm\1771284632776_60k1.asm(1837) : error A2006:undefined symbol : Usage
D:\rawrxd\history\all_versions\src\dumpbin_final.asm\1771284632776_60k1.asm(1838) : error A2006:undefined symbol : Usage
D:\rawrxd\history\all_versions\src\dumpbin_final.asm\1771284632776_60k1.asm(587) : warning A6004:procedure argument or local not referenced : dwMax
D:\rawrxd\history\all_versions\src\dumpbin_final.asm\1771284632776_60k1.asm(784) : warning A6004:procedure argument or local not referenced : hFileOut
D:\rawrxd\history\all_versions\src\dumpbin_final.asm\1771284632776_60k1.asm(1003) : warning A6004:procedure argument or local not referenced : lpBuffer
D:\rawrxd\history\all_versions\src\dumpbin_final.asm\1771284632776_60k1.asm(1364) : warning A6004:procedure argument or local not referenced : lpOutputPath
D:\rawrxd\history\all_versions\src\dumpbin_final.asm\1771284632776_60k1.asm(1364) : warning A6004:procedure argument or local not referenced : dwWritten
D:\rawrxd\history\all_versions\src\dumpbin_final.asm\1771284632776_60k1.asm(1433) : warning A6004:procedure argument or local not referenced : lpFilePath
D:\rawrxd\history\all_versions\src\dumpbin_final.asm\1771284632776_60k1.asm(1433) : warning A6004:procedure argument or local not referenced : dwHashType
D:\rawrxd\history\all_versions\src\dumpbin_final.asm\1771284632776_60k1.asm(1433) : warning A6004:procedure argument or local not referenced : bBuffer
D:\rawrxd\history\all_versions\src\dumpbin_final.asm\1771284632776_60k1.asm(1499) : warning A6004:procedure argument or local not referenced : lpFile1
D:\rawrxd\history\all_versions\src\dumpbin_final.asm\1771284632776_60k1.asm(1499) : warning A6004:procedure argument or local not referenced : lpFile2
D:\rawrxd\history\all_versions\src\dumpbin_final.asm\1771284632776_60k1.asm(1547) : warning A6004:procedure argument or local not referenced : szFullPath
D:\rawrxd\history\all_versions\src\dumpbin_final.asm\1771284632776_60k1.asm(1570) : warning A6004:procedure argument or local not referenced : i
D:\rawrxd\history\all_versions\src\dumpbin_final.asm\1771284632776_60k1.asm(1570) : warning A6004:procedure argument or local not referenced : j
D:\rawrxd\history\all_versions\src\dumpbin_final.asm\1771284632776_60k1.asm(1570) : warning A6004:procedure argument or local not referenced : dwMatchCount
D:\rawrxd\history\all_versions\src\dumpbin_final.asm\1771284632776_60k1.asm(1570) : warning A6004:procedure argument or local not referenced : dwRuleCount
D:\rawrxd\history\all_versions\src\dumpbin_final.asm\1771284632776_60k1.asm(1583) : warning A6004:procedure argument or local not referenced : pRule
D:\rawrxd\history\all_versions\src\dumpbin_final.asm\1771284632776_60k1.asm(1885) : warning A6004:procedure argument or local not referenced : dwCertEncoding
D:\rawrxd\history\all_versions\src\dumpbin_final.asm\1771284632776_60k1.asm(1885) : warning A6004:procedure argument or local not referenced : dwContentType
D:\rawrxd\history\all_versions\src\dumpbin_final.asm\1771284632776_60k1.asm(1885) : warning A6004:procedure argument or local not referenced : dwFormatType
D:\rawrxd\history\all_versions\src\dumpbin_final.asm\1771284632776_60k1.asm(1885) : warning A6004:procedure argument or local not referenced : szCertName
D:\rawrxd\history\all_versions\src\dumpbin_final.asm\1771284632776_60k1.asm(1885) : warning A6004:procedure argument or local not referenced : szCertIssuer
D:\rawrxd\history\all_versions\src\dumpbin_final.asm\1771284632776_60k1.asm(1885) : warning A6004:procedure argument or local not referenced : szCertDate
D:\rawrxd\history\all_versions\src\dumpbin_final.asm\1771284632776_60k1.asm(1885) : warning A6004:procedure argument or local not referenced : stNotBefore
D:\rawrxd\history\all_versions\src\dumpbin_final.asm\1771284632776_60k1.asm(1885) : warning A6004:procedure argument or local not referenced : stNotAfter
