 Assembling: D:\rawrxd\history\all_versions\src\win32app\Win32IDE_Sidebar_Pure.asm\1771529471220_6cK4.asm
D:\rawrxd\history\all_versions\src\win32app\Win32IDE_Sidebar_Pure.asm\1771529471220_6cK4.asm(7) : error A2008:syntax error : frame
D:\rawrxd\history\all_versions\src\win32app\Win32IDE_Sidebar_Pure.asm\1771529471220_6cK4.asm(229) : error A2008:syntax error : Dr0
D:\rawrxd\history\all_versions\src\win32app\Win32IDE_Sidebar_Pure.asm\1771529471220_6cK4.asm(230) : error A2008:syntax error : Dr1
D:\rawrxd\history\all_versions\src\win32app\Win32IDE_Sidebar_Pure.asm\1771529471220_6cK4.asm(231) : error A2008:syntax error : Dr2
D:\rawrxd\history\all_versions\src\win32app\Win32IDE_Sidebar_Pure.asm\1771529471220_6cK4.asm(232) : error A2008:syntax error : Dr3
D:\rawrxd\history\all_versions\src\win32app\Win32IDE_Sidebar_Pure.asm\1771529471220_6cK4.asm(233) : error A2008:syntax error : Dr6
D:\rawrxd\history\all_versions\src\win32app\Win32IDE_Sidebar_Pure.asm\1771529471220_6cK4.asm(234) : error A2008:syntax error : Dr7
D:\rawrxd\history\all_versions\src\win32app\Win32IDE_Sidebar_Pure.asm\1771529471220_6cK4.asm(235) : error A2008:syntax error : Rax
D:\rawrxd\history\all_versions\src\win32app\Win32IDE_Sidebar_Pure.asm\1771529471220_6cK4.asm(236) : error A2008:syntax error : Rcx
D:\rawrxd\history\all_versions\src\win32app\Win32IDE_Sidebar_Pure.asm\1771529471220_6cK4.asm(237) : error A2008:syntax error : Rdx
D:\rawrxd\history\all_versions\src\win32app\Win32IDE_Sidebar_Pure.asm\1771529471220_6cK4.asm(238) : error A2008:syntax error : Rbx
D:\rawrxd\history\all_versions\src\win32app\Win32IDE_Sidebar_Pure.asm\1771529471220_6cK4.asm(239) : error A2008:syntax error : Rsp
D:\rawrxd\history\all_versions\src\win32app\Win32IDE_Sidebar_Pure.asm\1771529471220_6cK4.asm(240) : error A2008:syntax error : Rbp
D:\rawrxd\history\all_versions\src\win32app\Win32IDE_Sidebar_Pure.asm\1771529471220_6cK4.asm(241) : error A2008:syntax error : Rsi
D:\rawrxd\history\all_versions\src\win32app\Win32IDE_Sidebar_Pure.asm\1771529471220_6cK4.asm(242) : error A2008:syntax error : Rdi
D:\rawrxd\history\all_versions\src\win32app\Win32IDE_Sidebar_Pure.asm\1771529471220_6cK4.asm(243) : error A2008:syntax error : R8
D:\rawrxd\history\all_versions\src\win32app\Win32IDE_Sidebar_Pure.asm\1771529471220_6cK4.asm(244) : error A2008:syntax error : R9
D:\rawrxd\history\all_versions\src\win32app\Win32IDE_Sidebar_Pure.asm\1771529471220_6cK4.asm(245) : error A2008:syntax error : R10
D:\rawrxd\history\all_versions\src\win32app\Win32IDE_Sidebar_Pure.asm\1771529471220_6cK4.asm(246) : error A2008:syntax error : R11
D:\rawrxd\history\all_versions\src\win32app\Win32IDE_Sidebar_Pure.asm\1771529471220_6cK4.asm(247) : error A2008:syntax error : R12
D:\rawrxd\history\all_versions\src\win32app\Win32IDE_Sidebar_Pure.asm\1771529471220_6cK4.asm(248) : error A2008:syntax error : R13
D:\rawrxd\history\all_versions\src\win32app\Win32IDE_Sidebar_Pure.asm\1771529471220_6cK4.asm(249) : error A2008:syntax error : R14
D:\rawrxd\history\all_versions\src\win32app\Win32IDE_Sidebar_Pure.asm\1771529471220_6cK4.asm(250) : error A2008:syntax error : R15
D:\rawrxd\history\all_versions\src\win32app\Win32IDE_Sidebar_Pure.asm\1771529471220_6cK4.asm(414) : error A2006:undefined symbol : @@lvl_warn
D:\rawrxd\history\all_versions\src\win32app\Win32IDE_Sidebar_Pure.asm\1771529471220_6cK4.asm(671) : error A2022:instruction operands must be the same size
D:\rawrxd\history\all_versions\src\win32app\Win32IDE_Sidebar_Pure.asm\1771529471220_6cK4.asm(824) : error A2006:undefined symbol : rip
D:\rawrxd\history\all_versions\src\win32app\Win32IDE_Sidebar_Pure.asm\1771529471220_6cK4.asm(353) : warning A4025:ENDP found before .ENDPROLOG : Sidebar_strlen
D:\rawrxd\history\all_versions\src\win32app\Win32IDE_Sidebar_Pure.asm\1771529471220_6cK4.asm(353) : error A2220:Missing .ENDPROLOG
D:\rawrxd\history\all_versions\src\win32app\Win32IDE_Sidebar_Pure.asm\1771529471220_6cK4.asm(519) : warning A4025:ENDP found before .ENDPROLOG : Logger_Write
D:\rawrxd\history\all_versions\src\win32app\Win32IDE_Sidebar_Pure.asm\1771529471220_6cK4.asm(519) : error A2247:size of prolog too big, must be < 256 bytes
D:\rawrxd\history\all_versions\src\win32app\Win32IDE_Sidebar_Pure.asm\1771529471220_6cK4.asm(590) : warning A4025:ENDP found before .ENDPROLOG : DebugEngine_Create
D:\rawrxd\history\all_versions\src\win32app\Win32IDE_Sidebar_Pure.asm\1771529471220_6cK4.asm(638) : warning A4025:ENDP found before .ENDPROLOG : DebugEngine_Step
D:\rawrxd\history\all_versions\src\win32app\Win32IDE_Sidebar_Pure.asm\1771529471220_6cK4.asm(647) : warning A4025:ENDP found before .ENDPROLOG : DebugEngine_Detach
D:\rawrxd\history\all_versions\src\win32app\Win32IDE_Sidebar_Pure.asm\1771529471220_6cK4.asm(659) : warning A4025:ENDP found before .ENDPROLOG : TreeView_PopulateAsync
D:\rawrxd\history\all_versions\src\win32app\Win32IDE_Sidebar_Pure.asm\1771529471220_6cK4.asm(676) : warning A4025:ENDP found before .ENDPROLOG : Theme_SetDarkMode
D:\rawrxd\history\all_versions\src\win32app\Win32IDE_Sidebar_Pure.asm\1771529471220_6cK4.asm(790) : warning A4025:ENDP found before .ENDPROLOG : Sidebar_WndProc
D:\rawrxd\history\all_versions\src\win32app\Win32IDE_Sidebar_Pure.asm\1771529471220_6cK4.asm(806) : warning A4025:ENDP found before .ENDPROLOG : Sidebar_Init
D:\rawrxd\history\all_versions\src\win32app\Win32IDE_Sidebar_Pure.asm\1771529471220_6cK4.asm(850) : warning A4025:ENDP found before .ENDPROLOG : Sidebar_Create
D:\rawrxd\history\all_versions\src\win32app\Win32IDE_Sidebar_Pure.asm\1771529471220_6cK4.asm(850) : error A2247:size of prolog too big, must be < 256 bytes
D:\rawrxd\history\all_versions\src\win32app\Win32IDE_Sidebar_Pure.asm\1771529471220_6cK4.asm(850) : error A2220:Missing .ENDPROLOG
