 Assembling: D:\rawrxd\history\all_versions\OmegaPolyglot_v5.asm\1771278607975_9RzI.asm
D:\rawrxd\history\all_versions\OmegaPolyglot_v5.asm\1771278607975_9RzI.asm(11) : error A2008:syntax error : .
D:\rawrxd\history\all_versions\OmegaPolyglot_v5.asm\1771278607975_9RzI.asm(12) : error A2008:syntax error : .

***********
ASCII build
***********

C:\masm32\include\windows.inc(9750) : error A2008:syntax error : dword
C:\masm32\include\windows.inc(10183) : error A2008:syntax error : frame
C:\masm32\include\windows.inc(16333) : error A2008:syntax error : dword
C:\masm32\include\windows.inc(18862) : error A2008:syntax error : Frame
C:\masm32\include\windows.inc(24749) : error A2042:statement too complex
C:\masm32\include\winextra.inc(11052) : error A2026:constant expected
C:\masm32\include\winextra.inc(11053) : error A2026:constant expected
D:\rawrxd\history\all_versions\OmegaPolyglot_v5.asm\1771278607975_9RzI.asm(235) : error A2008:syntax error : invoke
D:\rawrxd\history\all_versions\OmegaPolyglot_v5.asm\1771278607975_9RzI.asm(241) : error A2008:syntax error : invoke
D:\rawrxd\history\all_versions\OmegaPolyglot_v5.asm\1771278607975_9RzI.asm(244) : error A2008:syntax error : invoke
D:\rawrxd\history\all_versions\OmegaPolyglot_v5.asm\1771278607975_9RzI.asm(252) : error A2008:syntax error : invoke
D:\rawrxd\history\all_versions\OmegaPolyglot_v5.asm\1771278607975_9RzI.asm(254) : error A2008:syntax error : invoke
D:\rawrxd\history\all_versions\OmegaPolyglot_v5.asm\1771278607975_9RzI.asm(261) : error A2008:syntax error : invoke
D:\rawrxd\history\all_versions\OmegaPolyglot_v5.asm\1771278607975_9RzI.asm(347) : error A2008:syntax error : invoke
D:\rawrxd\history\all_versions\OmegaPolyglot_v5.asm\1771278607975_9RzI.asm(354) : error A2008:syntax error : invoke
D:\rawrxd\history\all_versions\OmegaPolyglot_v5.asm\1771278607975_9RzI.asm(362) : error A2008:syntax error : invoke
D:\rawrxd\history\all_versions\OmegaPolyglot_v5.asm\1771278607975_9RzI.asm(368) : error A2008:syntax error : invoke
D:\rawrxd\history\all_versions\OmegaPolyglot_v5.asm\1771278607975_9RzI.asm(374) : error A2008:syntax error : invoke
D:\rawrxd\history\all_versions\OmegaPolyglot_v5.asm\1771278607975_9RzI.asm(380) : error A2008:syntax error : invoke
D:\rawrxd\history\all_versions\OmegaPolyglot_v5.asm\1771278607975_9RzI.asm(384) : error A2008:syntax error : invoke
D:\rawrxd\history\all_versions\OmegaPolyglot_v5.asm\1771278607975_9RzI.asm(385) : error A2008:syntax error : invoke
D:\rawrxd\history\all_versions\OmegaPolyglot_v5.asm\1771278607975_9RzI.asm(389) : error A2008:syntax error : invoke
D:\rawrxd\history\all_versions\OmegaPolyglot_v5.asm\1771278607975_9RzI.asm(390) : error A2008:syntax error : invoke
D:\rawrxd\history\all_versions\OmegaPolyglot_v5.asm\1771278607975_9RzI.asm(394) : error A2008:syntax error : invoke
D:\rawrxd\history\all_versions\OmegaPolyglot_v5.asm\1771278607975_9RzI.asm(395) : error A2008:syntax error : invoke
D:\rawrxd\history\all_versions\OmegaPolyglot_v5.asm\1771278607975_9RzI.asm(396) : error A2008:syntax error : invoke
D:\rawrxd\history\all_versions\OmegaPolyglot_v5.asm\1771278607975_9RzI.asm(405) : error A2008:syntax error : invoke
D:\rawrxd\history\all_versions\OmegaPolyglot_v5.asm\1771278607975_9RzI.asm(410) : error A2008:syntax error : invoke
D:\rawrxd\history\all_versions\OmegaPolyglot_v5.asm\1771278607975_9RzI.asm(465) : error A2008:syntax error : esi
D:\rawrxd\history\all_versions\OmegaPolyglot_v5.asm\1771278607975_9RzI.asm(466) : error A2012:PROC, MACRO, or macro repeat directive must precede LOCAL
D:\rawrxd\history\all_versions\OmegaPolyglot_v5.asm\1771278607975_9RzI.asm(467) : error A2012:PROC, MACRO, or macro repeat directive must precede LOCAL
D:\rawrxd\history\all_versions\OmegaPolyglot_v5.asm\1771278607975_9RzI.asm(468) : error A2012:PROC, MACRO, or macro repeat directive must precede LOCAL
D:\rawrxd\history\all_versions\OmegaPolyglot_v5.asm\1771278607975_9RzI.asm(470) : error A2008:syntax error : invoke
D:\rawrxd\history\all_versions\OmegaPolyglot_v5.asm\1771278607975_9RzI.asm(495) : error A2008:syntax error : wsprintfA
D:\rawrxd\history\all_versions\OmegaPolyglot_v5.asm\1771278607975_9RzI.asm(496) : error A2008:syntax error : invoke
D:\rawrxd\history\all_versions\OmegaPolyglot_v5.asm\1771278607975_9RzI.asm(503) : error A2070:invalid instruction operands
D:\rawrxd\history\all_versions\OmegaPolyglot_v5.asm\1771278607975_9RzI.asm(506) : error A2070:invalid instruction operands
D:\rawrxd\history\all_versions\OmegaPolyglot_v5.asm\1771278607975_9RzI.asm(508) : error A2070:invalid instruction operands
D:\rawrxd\history\all_versions\OmegaPolyglot_v5.asm\1771278607975_9RzI.asm(511) : error A2070:invalid instruction operands
D:\rawrxd\history\all_versions\OmegaPolyglot_v5.asm\1771278607975_9RzI.asm(516) : error A2070:invalid instruction operands
D:\rawrxd\history\all_versions\OmegaPolyglot_v5.asm\1771278607975_9RzI.asm(517) : error A2070:invalid instruction operands
D:\rawrxd\history\all_versions\OmegaPolyglot_v5.asm\1771278607975_9RzI.asm(518) : error A2070:invalid instruction operands
D:\rawrxd\history\all_versions\OmegaPolyglot_v5.asm\1771278607975_9RzI.asm(519) : error A2070:invalid instruction operands
D:\rawrxd\history\all_versions\OmegaPolyglot_v5.asm\1771278607975_9RzI.asm(520) : error A2008:syntax error : wsprintfA
D:\rawrxd\history\all_versions\OmegaPolyglot_v5.asm\1771278607975_9RzI.asm(521) : error A2008:syntax error : invoke
D:\rawrxd\history\all_versions\OmegaPolyglot_v5.asm\1771278607975_9RzI.asm(545) : error A2008:syntax error : invoke
D:\rawrxd\history\all_versions\OmegaPolyglot_v5.asm\1771278607975_9RzI.asm(547) : error A2008:syntax error : invoke
D:\rawrxd\history\all_versions\OmegaPolyglot_v5.asm\1771278607975_9RzI.asm(554) : error A2008:syntax error : invoke
D:\rawrxd\history\all_versions\OmegaPolyglot_v5.asm\1771278607975_9RzI.asm(568) : error A2070:invalid instruction operands
D:\rawrxd\history\all_versions\OmegaPolyglot_v5.asm\1771278607975_9RzI.asm(579) : error A2070:invalid instruction operands
D:\rawrxd\history\all_versions\OmegaPolyglot_v5.asm\1771278607975_9RzI.asm(584) : error A2070:invalid instruction operands
D:\rawrxd\history\all_versions\OmegaPolyglot_v5.asm\1771278607975_9RzI.asm(586) : error A2070:invalid instruction operands
D:\rawrxd\history\all_versions\OmegaPolyglot_v5.asm\1771278607975_9RzI.asm(588) : error A2070:invalid instruction operands
D:\rawrxd\history\all_versions\OmegaPolyglot_v5.asm\1771278607975_9RzI.asm(590) : error A2070:invalid instruction operands
D:\rawrxd\history\all_versions\OmegaPolyglot_v5.asm\1771278607975_9RzI.asm(591) : error A2070:invalid instruction operands
D:\rawrxd\history\all_versions\OmegaPolyglot_v5.asm\1771278607975_9RzI.asm(592) : error A2070:invalid instruction operands
D:\rawrxd\history\all_versions\OmegaPolyglot_v5.asm\1771278607975_9RzI.asm(593) : error A2070:invalid instruction operands
D:\rawrxd\history\all_versions\OmegaPolyglot_v5.asm\1771278607975_9RzI.asm(594) : error A2070:invalid instruction operands
D:\rawrxd\history\all_versions\OmegaPolyglot_v5.asm\1771278607975_9RzI.asm(597) : error A2008:syntax error : invoke
D:\rawrxd\history\all_versions\OmegaPolyglot_v5.asm\1771278607975_9RzI.asm(618) : error A2070:invalid instruction operands
D:\rawrxd\history\all_versions\OmegaPolyglot_v5.asm\1771278607975_9RzI.asm(620) : error A2070:invalid instruction operands
D:\rawrxd\history\all_versions\OmegaPolyglot_v5.asm\1771278607975_9RzI.asm(622) : error A2070:invalid instruction operands
D:\rawrxd\history\all_versions\OmegaPolyglot_v5.asm\1771278607975_9RzI.asm(623) : error A2070:invalid instruction operands
D:\rawrxd\history\all_versions\OmegaPolyglot_v5.asm\1771278607975_9RzI.asm(624) : error A2070:invalid instruction operands
D:\rawrxd\history\all_versions\OmegaPolyglot_v5.asm\1771278607975_9RzI.asm(625) : error A2070:invalid instruction operands
D:\rawrxd\history\all_versions\OmegaPolyglot_v5.asm\1771278607975_9RzI.asm(628) : error A2008:syntax error : invoke
D:\rawrxd\history\all_versions\OmegaPolyglot_v5.asm\1771278607975_9RzI.asm(634) : error A2008:syntax error : invoke
D:\rawrxd\history\all_versions\OmegaPolyglot_v5.asm\1771278607975_9RzI.asm(635) : error A2008:syntax error : invoke
D:\rawrxd\history\all_versions\OmegaPolyglot_v5.asm\1771278607975_9RzI.asm(640) : error A2008:syntax error : invoke
D:\rawrxd\history\all_versions\OmegaPolyglot_v5.asm\1771278607975_9RzI.asm(643) : fatal error A1010:unmatched block nesting : ParsePE
