 Assembling: D:\rawrxd\history\all_versions\src\RawrXD_Lexer_AVX2.asm\1771287869892_T2KF.asm
D:\rawrxd\history\all_versions\src\RawrXD_Lexer_AVX2.asm\1771287869892_T2KF.asm(7) : error A2008:syntax error : .
D:\rawrxd\history\all_versions\src\RawrXD_Lexer_AVX2.asm\1771287869892_T2KF.asm(8) : error A2008:syntax error : .
D:\rawrxd\history\all_versions\src\RawrXD_Lexer_AVX2.asm\1771287869892_T2KF.asm(9) : error A2008:syntax error : .
D:\rawrxd\history\all_versions\src\RawrXD_Lexer_AVX2.asm\1771287869892_T2KF.asm(11) : error A2008:syntax error : frame
D:\rawrxd\history\all_versions\src\RawrXD_Lexer_AVX2.asm\1771287869892_T2KF.asm(48) : error A2189:invalid combination with segment alignment : 32
D:\rawrxd\history\all_versions\src\RawrXD_Lexer_AVX2.asm\1771287869892_T2KF.asm(59) : error A2189:invalid combination with segment alignment : 32
D:\rawrxd\history\all_versions\src\RawrXD_Lexer_AVX2.asm\1771287869892_T2KF.asm(371) : error A2070:invalid instruction operands
D:\rawrxd\history\all_versions\src\RawrXD_Lexer_AVX2.asm\1771287869892_T2KF.asm(499) : error A2070:invalid instruction operands
D:\rawrxd\history\all_versions\src\RawrXD_Lexer_AVX2.asm\1771287869892_T2KF.asm(192) : error A2229:cannot use labels and 32-bit addressing in the same expression
D:\rawrxd\history\all_versions\src\RawrXD_Lexer_AVX2.asm\1771287869892_T2KF.asm(359) : error A2006:undefined symbol : QueryPerformanceCounter
D:\rawrxd\history\all_versions\src\RawrXD_Lexer_AVX2.asm\1771287869892_T2KF.asm(399) : error A2006:undefined symbol : QueryPerformanceCounter
D:\rawrxd\history\all_versions\src\RawrXD_Lexer_AVX2.asm\1771287869892_T2KF.asm(461) : error A2006:undefined symbol : current_state
D:\rawrxd\history\all_versions\src\RawrXD_Lexer_AVX2.asm\1771287869892_T2KF.asm(477) : error A2006:undefined symbol : vec_state_string
D:\rawrxd\history\all_versions\src\RawrXD_Lexer_AVX2.asm\1771287869892_T2KF.asm(478) : error A2006:undefined symbol : vec_state_comment
D:\rawrxd\history\all_versions\src\RawrXD_Lexer_AVX2.asm\1771287869892_T2KF.asm(481) : error A2006:undefined symbol : vec_state
D:\rawrxd\history\all_versions\src\RawrXD_Lexer_AVX2.asm\1771287869892_T2KF.asm(522) : error A2006:undefined symbol : current_state
D:\rawrxd\history\all_versions\src\RawrXD_Lexer_AVX2.asm\1771287869892_T2KF.asm(537) : error A2006:undefined symbol : current_state
D:\rawrxd\history\all_versions\src\RawrXD_Lexer_AVX2.asm\1771287869892_T2KF.asm(544) : error A2006:undefined symbol : current_state
D:\rawrxd\history\all_versions\src\RawrXD_Lexer_AVX2.asm\1771287869892_T2KF.asm(561) : error A2006:undefined symbol : current_state
D:\rawrxd\history\all_versions\src\RawrXD_Lexer_AVX2.asm\1771287869892_T2KF.asm(565) : error A2006:undefined symbol : current_state
D:\rawrxd\history\all_versions\src\RawrXD_Lexer_AVX2.asm\1771287869892_T2KF.asm(571) : error A2006:undefined symbol : current_state
D:\rawrxd\history\all_versions\src\RawrXD_Lexer_AVX2.asm\1771287869892_T2KF.asm(578) : error A2006:undefined symbol : current_state
D:\rawrxd\history\all_versions\src\RawrXD_Lexer_AVX2.asm\1771287869892_T2KF.asm(586) : error A2006:undefined symbol : current_state
D:\rawrxd\history\all_versions\src\RawrXD_Lexer_AVX2.asm\1771287869892_T2KF.asm(594) : error A2006:undefined symbol : current_state
D:\rawrxd\history\all_versions\src\RawrXD_Lexer_AVX2.asm\1771287869892_T2KF.asm(596) : error A2006:undefined symbol : current_state
D:\rawrxd\history\all_versions\src\RawrXD_Lexer_AVX2.asm\1771287869892_T2KF.asm(647) : error A2006:undefined symbol : QueryPerformanceFrequency
D:\rawrxd\history\all_versions\src\RawrXD_Lexer_AVX2.asm\1771287869892_T2KF.asm(142) : warning A4025:ENDP found before .ENDPROLOG : Lexer_Initialize
D:\rawrxd\history\all_versions\src\RawrXD_Lexer_AVX2.asm\1771287869892_T2KF.asm(142) : error A2220:Missing .ENDPROLOG
D:\rawrxd\history\all_versions\src\RawrXD_Lexer_AVX2.asm\1771287869892_T2KF.asm(225) : warning A4025:ENDP found before .ENDPROLOG : Init_Char_Class_Table
D:\rawrxd\history\all_versions\src\RawrXD_Lexer_AVX2.asm\1771287869892_T2KF.asm(225) : error A2247:size of prolog too big, must be < 256 bytes
D:\rawrxd\history\all_versions\src\RawrXD_Lexer_AVX2.asm\1771287869892_T2KF.asm(263) : warning A4025:ENDP found before .ENDPROLOG : Init_Keyword_Table
D:\rawrxd\history\all_versions\src\RawrXD_Lexer_AVX2.asm\1771287869892_T2KF.asm(294) : warning A4025:ENDP found before .ENDPROLOG : Hash_Keyword
D:\rawrxd\history\all_versions\src\RawrXD_Lexer_AVX2.asm\1771287869892_T2KF.asm(416) : warning A4025:ENDP found before .ENDPROLOG : Lexer_Scan_Buffer_AVX2
D:\rawrxd\history\all_versions\src\RawrXD_Lexer_AVX2.asm\1771287869892_T2KF.asm(452) : warning A4025:ENDP found before .ENDPROLOG : Classify_Vector_AVX2
D:\rawrxd\history\all_versions\src\RawrXD_Lexer_AVX2.asm\1771287869892_T2KF.asm(485) : warning A4025:ENDP found before .ENDPROLOG : Update_State_Vector_AVX2
D:\rawrxd\history\all_versions\src\RawrXD_Lexer_AVX2.asm\1771287869892_T2KF.asm(503) : warning A4025:ENDP found before .ENDPROLOG : Emit_Tokens_AVX2
D:\rawrxd\history\all_versions\src\RawrXD_Lexer_AVX2.asm\1771287869892_T2KF.asm(608) : warning A4025:ENDP found before .ENDPROLOG : Scan_Remainder_Scalar
D:\rawrxd\history\all_versions\src\RawrXD_Lexer_AVX2.asm\1771287869892_T2KF.asm(637) : warning A4025:ENDP found before .ENDPROLOG : Is_Identifier_Char
D:\rawrxd\history\all_versions\src\RawrXD_Lexer_AVX2.asm\1771287869892_T2KF.asm(659) : warning A4025:ENDP found before .ENDPROLOG : Ticks_To_Microseconds
D:\rawrxd\history\all_versions\src\RawrXD_Lexer_AVX2.asm\1771287869892_T2KF.asm(659) : error A2247:size of prolog too big, must be < 256 bytes
D:\rawrxd\history\all_versions\src\RawrXD_Lexer_AVX2.asm\1771287869892_T2KF.asm(659) : error A2220:Missing .ENDPROLOG
D:\rawrxd\history\all_versions\src\RawrXD_Lexer_AVX2.asm\1771287869892_T2KF.asm(703) : warning A4025:ENDP found before .ENDPROLOG : Lexer_Scan_Parallel
D:\rawrxd\history\all_versions\src\RawrXD_Lexer_AVX2.asm\1771287869892_T2KF.asm(703) : error A2247:size of prolog too big, must be < 256 bytes
D:\rawrxd\history\all_versions\src\RawrXD_Lexer_AVX2.asm\1771287869892_T2KF.asm(703) : error A2220:Missing .ENDPROLOG
D:\rawrxd\history\all_versions\src\RawrXD_Lexer_AVX2.asm\1771287869892_T2KF.asm(768) : warning A4025:ENDP found before .ENDPROLOG : Lexer_GetPerformance
D:\rawrxd\history\all_versions\src\RawrXD_Lexer_AVX2.asm\1771287869892_T2KF.asm(768) : error A2247:size of prolog too big, must be < 256 bytes
D:\rawrxd\history\all_versions\src\RawrXD_Lexer_AVX2.asm\1771287869892_T2KF.asm(768) : error A2220:Missing .ENDPROLOG
