 Assembling: D:\rawrxd\history\all_versions\src\RawrXD_Titan_CORE.asm\1771475830631_tUwT.asm
D:\rawrxd\history\all_versions\src\RawrXD_Titan_CORE.asm\1771475830631_tUwT.asm(209) : error A2070:invalid instruction operands
D:\rawrxd\history\all_versions\src\RawrXD_Titan_CORE.asm\1771475830631_tUwT.asm(224) : error A2070:invalid instruction operands
D:\rawrxd\history\all_versions\src\RawrXD_Titan_CORE.asm\1771475830631_tUwT.asm(225) : error A2070:invalid instruction operands
D:\rawrxd\history\all_versions\src\RawrXD_Titan_CORE.asm\1771475830631_tUwT.asm(226) : error A2070:invalid instruction operands
D:\rawrxd\history\all_versions\src\RawrXD_Titan_CORE.asm\1771475830631_tUwT.asm(227) : error A2070:invalid instruction operands
D:\rawrxd\history\all_versions\src\RawrXD_Titan_CORE.asm\1771475830631_tUwT.asm(259) : error A2070:invalid instruction operands
D:\rawrxd\history\all_versions\src\RawrXD_Titan_CORE.asm\1771475830631_tUwT.asm(274) : error A2070:invalid instruction operands
D:\rawrxd\history\all_versions\src\RawrXD_Titan_CORE.asm\1771475830631_tUwT.asm(275) : error A2070:invalid instruction operands
D:\rawrxd\history\all_versions\src\RawrXD_Titan_CORE.asm\1771475830631_tUwT.asm(296) : error A2070:invalid instruction operands
D:\rawrxd\history\all_versions\src\RawrXD_Titan_CORE.asm\1771475830631_tUwT.asm(298) : error A2008:syntax error : ,
D:\rawrxd\history\all_versions\src\RawrXD_Titan_CORE.asm\1771475830631_tUwT.asm(301) : error A2070:invalid instruction operands
D:\rawrxd\history\all_versions\src\RawrXD_Titan_CORE.asm\1771475830631_tUwT.asm(351) : error A2070:invalid instruction operands
D:\rawrxd\history\all_versions\src\RawrXD_Titan_CORE.asm\1771475830631_tUwT.asm(446) : error A2070:invalid instruction operands
D:\rawrxd\history\all_versions\src\RawrXD_Titan_CORE.asm\1771475830631_tUwT.asm(583) : error A2070:invalid instruction operands
D:\rawrxd\history\all_versions\src\RawrXD_Titan_CORE.asm\1771475830631_tUwT.asm(589) : error A2070:invalid instruction operands
D:\rawrxd\history\all_versions\src\RawrXD_Titan_CORE.asm\1771475830631_tUwT.asm(601) : error A2070:invalid instruction operands
D:\rawrxd\history\all_versions\src\RawrXD_Titan_CORE.asm\1771475830631_tUwT.asm(609) : error A2070:invalid instruction operands
D:\rawrxd\history\all_versions\src\RawrXD_Titan_CORE.asm\1771475830631_tUwT.asm(614) : error A2070:invalid instruction operands
D:\rawrxd\history\all_versions\src\RawrXD_Titan_CORE.asm\1771475830631_tUwT.asm(627) : error A2070:invalid instruction operands
D:\rawrxd\history\all_versions\src\RawrXD_Titan_CORE.asm\1771475830631_tUwT.asm(644) : error A2070:invalid instruction operands
D:\rawrxd\history\all_versions\src\RawrXD_Titan_CORE.asm\1771475830631_tUwT.asm(656) : error A2070:invalid instruction operands
D:\rawrxd\history\all_versions\src\RawrXD_Titan_CORE.asm\1771475830631_tUwT.asm(658) : error A2070:invalid instruction operands
D:\rawrxd\history\all_versions\src\RawrXD_Titan_CORE.asm\1771475830631_tUwT.asm(670) : error A2070:invalid instruction operands
D:\rawrxd\history\all_versions\src\RawrXD_Titan_CORE.asm\1771475830631_tUwT.asm(680) : error A2070:invalid instruction operands
D:\rawrxd\history\all_versions\src\RawrXD_Titan_CORE.asm\1771475830631_tUwT.asm(691) : error A2070:invalid instruction operands
D:\rawrxd\history\all_versions\src\RawrXD_Titan_CORE.asm\1771475830631_tUwT.asm(694) : error A2070:invalid instruction operands
D:\rawrxd\history\all_versions\src\RawrXD_Titan_CORE.asm\1771475830631_tUwT.asm(696) : error A2070:invalid instruction operands
D:\rawrxd\history\all_versions\src\RawrXD_Titan_CORE.asm\1771475830631_tUwT.asm(786) : error A2070:invalid instruction operands
D:\rawrxd\history\all_versions\src\RawrXD_Titan_CORE.asm\1771475830631_tUwT.asm(796) : error A2070:invalid instruction operands
D:\rawrxd\history\all_versions\src\RawrXD_Titan_CORE.asm\1771475830631_tUwT.asm(798) : error A2070:invalid instruction operands
D:\rawrxd\history\all_versions\src\RawrXD_Titan_CORE.asm\1771475830631_tUwT.asm(811) : error A2070:invalid instruction operands
D:\rawrxd\history\all_versions\src\RawrXD_Titan_CORE.asm\1771475830631_tUwT.asm(845) : error A2070:invalid instruction operands
D:\rawrxd\history\all_versions\src\RawrXD_Titan_CORE.asm\1771475830631_tUwT.asm(857) : error A2070:invalid instruction operands
D:\rawrxd\history\all_versions\src\RawrXD_Titan_CORE.asm\1771475830631_tUwT.asm(859) : error A2070:invalid instruction operands
D:\rawrxd\history\all_versions\src\RawrXD_Titan_CORE.asm\1771475830631_tUwT.asm(861) : error A2070:invalid instruction operands
D:\rawrxd\history\all_versions\src\RawrXD_Titan_CORE.asm\1771475830631_tUwT.asm(879) : error A2070:invalid instruction operands
D:\rawrxd\history\all_versions\src\RawrXD_Titan_CORE.asm\1771475830631_tUwT.asm(880) : error A2070:invalid instruction operands
D:\rawrxd\history\all_versions\src\RawrXD_Titan_CORE.asm\1771475830631_tUwT.asm(887) : error A2070:invalid instruction operands
D:\rawrxd\history\all_versions\src\RawrXD_Titan_CORE.asm\1771475830631_tUwT.asm(889) : error A2070:invalid instruction operands
D:\rawrxd\history\all_versions\src\RawrXD_Titan_CORE.asm\1771475830631_tUwT.asm(1025) : error A2070:invalid instruction operands
D:\rawrxd\history\all_versions\src\RawrXD_Titan_CORE.asm\1771475830631_tUwT.asm(1032) : error A2070:invalid instruction operands
D:\rawrxd\history\all_versions\src\RawrXD_Titan_CORE.asm\1771475830631_tUwT.asm(1039) : error A2070:invalid instruction operands
D:\rawrxd\history\all_versions\src\RawrXD_Titan_CORE.asm\1771475830631_tUwT.asm(1044) : error A2070:invalid instruction operands
D:\rawrxd\history\all_versions\src\RawrXD_Titan_CORE.asm\1771475830631_tUwT.asm(1047) : error A2070:invalid instruction operands
D:\rawrxd\history\all_versions\src\RawrXD_Titan_CORE.asm\1771475830631_tUwT.asm(1247) : error A2084:constant value too large
D:\rawrxd\history\all_versions\src\RawrXD_Titan_CORE.asm\1771475830631_tUwT.asm(197) : error A2206:missing operator in expression
D:\rawrxd\history\all_versions\src\RawrXD_Titan_CORE.asm\1771475830631_tUwT.asm(198) : error A2206:missing operator in expression
D:\rawrxd\history\all_versions\src\RawrXD_Titan_CORE.asm\1771475830631_tUwT.asm(236) : error A2206:missing operator in expression
D:\rawrxd\history\all_versions\src\RawrXD_Titan_CORE.asm\1771475830631_tUwT.asm(247) : error A2206:missing operator in expression
D:\rawrxd\history\all_versions\src\RawrXD_Titan_CORE.asm\1771475830631_tUwT.asm(252) : error A2206:missing operator in expression
D:\rawrxd\history\all_versions\src\RawrXD_Titan_CORE.asm\1771475830631_tUwT.asm(283) : error A2206:missing operator in expression
D:\rawrxd\history\all_versions\src\RawrXD_Titan_CORE.asm\1771475830631_tUwT.asm(284) : error A2206:missing operator in expression
D:\rawrxd\history\all_versions\src\RawrXD_Titan_CORE.asm\1771475830631_tUwT.asm(297) : error A2206:missing operator in expression
D:\rawrxd\history\all_versions\src\RawrXD_Titan_CORE.asm\1771475830631_tUwT.asm(299) : error A2206:missing operator in expression
D:\rawrxd\history\all_versions\src\RawrXD_Titan_CORE.asm\1771475830631_tUwT.asm(338) : error A2206:missing operator in expression
D:\rawrxd\history\all_versions\src\RawrXD_Titan_CORE.asm\1771475830631_tUwT.asm(386) : error A2083:invalid scale value
D:\rawrxd\history\all_versions\src\RawrXD_Titan_CORE.asm\1771475830631_tUwT.asm(402) : error A2206:missing operator in expression
D:\rawrxd\history\all_versions\src\RawrXD_Titan_CORE.asm\1771475830631_tUwT.asm(404) : error A2206:missing operator in expression
D:\rawrxd\history\all_versions\src\RawrXD_Titan_CORE.asm\1771475830631_tUwT.asm(416) : error A2083:invalid scale value
D:\rawrxd\history\all_versions\src\RawrXD_Titan_CORE.asm\1771475830631_tUwT.asm(417) : error A2083:invalid scale value
D:\rawrxd\history\all_versions\src\RawrXD_Titan_CORE.asm\1771475830631_tUwT.asm(420) : error A2083:invalid scale value
D:\rawrxd\history\all_versions\src\RawrXD_Titan_CORE.asm\1771475830631_tUwT.asm(453) : error A2083:invalid scale value
D:\rawrxd\history\all_versions\src\RawrXD_Titan_CORE.asm\1771475830631_tUwT.asm(471) : error A2083:invalid scale value
D:\rawrxd\history\all_versions\src\RawrXD_Titan_CORE.asm\1771475830631_tUwT.asm(536) : error A2022:instruction operands must be the same size
D:\rawrxd\history\all_versions\src\RawrXD_Titan_CORE.asm\1771475830631_tUwT.asm(630) : error A2206:missing operator in expression
D:\rawrxd\history\all_versions\src\RawrXD_Titan_CORE.asm\1771475830631_tUwT.asm(651) : error A2206:missing operator in expression
D:\rawrxd\history\all_versions\src\RawrXD_Titan_CORE.asm\1771475830631_tUwT.asm(788) : error A2030:multiple index registers not allowed
D:\rawrxd\history\all_versions\src\RawrXD_Titan_CORE.asm\1771475830631_tUwT.asm(818) : error A2206:missing operator in expression
D:\rawrxd\history\all_versions\src\RawrXD_Titan_CORE.asm\1771475830631_tUwT.asm(838) : error A2206:missing operator in expression
D:\rawrxd\history\all_versions\src\RawrXD_Titan_CORE.asm\1771475830631_tUwT.asm(840) : error A2206:missing operator in expression
D:\rawrxd\history\all_versions\src\RawrXD_Titan_CORE.asm\1771475830631_tUwT.asm(934) : error A2206:missing operator in expression
D:\rawrxd\history\all_versions\src\RawrXD_Titan_CORE.asm\1771475830631_tUwT.asm(1026) : error A2030:multiple index registers not allowed
D:\rawrxd\history\all_versions\src\RawrXD_Titan_CORE.asm\1771475830631_tUwT.asm(1127) : error A2006:undefined symbol : GetFileSize
D:\rawrxd\history\all_versions\src\RawrXD_Titan_CORE.asm\1771475830631_tUwT.asm(1411) : error A2206:missing operator in expression
D:\rawrxd\history\all_versions\src\RawrXD_Titan_CORE.asm\1771475830631_tUwT.asm(1417) : error A2206:missing operator in expression
D:\rawrxd\history\all_versions\src\RawrXD_Titan_CORE.asm\1771475830631_tUwT.asm(1442) : error A2022:instruction operands must be the same size
D:\rawrxd\history\all_versions\src\RawrXD_Titan_CORE.asm\1771475830631_tUwT.asm(1443) : error A2022:instruction operands must be the same size
D:\rawrxd\history\all_versions\src\RawrXD_Titan_CORE.asm\1771475830631_tUwT.asm(1480) : error A2022:instruction operands must be the same size
