 Assembling: D:\rawrxd\history\all_versions\src\asm\gguf_dump.asm\1771284920375_bCoI.asm
D:\rawrxd\history\all_versions\src\asm\gguf_dump.asm\1771284920375_bCoI.asm(149) : error A2008:syntax error : .
D:\rawrxd\history\all_versions\src\asm\gguf_dump.asm\1771284920375_bCoI.asm(154) : error A2008:syntax error : .
D:\rawrxd\history\all_versions\src\asm\gguf_dump.asm\1771284920375_bCoI.asm(158) : error A2008:syntax error : .
D:\rawrxd\history\all_versions\src\asm\gguf_dump.asm\1771284920375_bCoI.asm(162) : error A2008:syntax error : .
D:\rawrxd\history\all_versions\src\asm\gguf_dump.asm\1771284920375_bCoI.asm(166) : error A2008:syntax error : .
D:\rawrxd\history\all_versions\src\asm\gguf_dump.asm\1771284920375_bCoI.asm(181) : error A2008:syntax error : .
D:\rawrxd\history\all_versions\src\asm\gguf_dump.asm\1771284920375_bCoI.asm(184) : error A2008:syntax error : .
D:\rawrxd\history\all_versions\src\asm\gguf_dump.asm\1771284920375_bCoI.asm(257) : error A2008:syntax error : .
D:\rawrxd\history\all_versions\src\asm\gguf_dump.asm\1771284920375_bCoI.asm(261) : error A2008:syntax error : .
D:\rawrxd\history\all_versions\src\asm\gguf_dump.asm\1771284920375_bCoI.asm(265) : error A2008:syntax error : .
D:\rawrxd\history\all_versions\src\asm\gguf_dump.asm\1771284920375_bCoI.asm(273) : error A2008:syntax error : .
D:\rawrxd\history\all_versions\src\asm\gguf_dump.asm\1771284920375_bCoI.asm(295) : error A2008:syntax error : .
D:\rawrxd\history\all_versions\src\asm\gguf_dump.asm\1771284920375_bCoI.asm(307) : error A2008:syntax error : .
D:\rawrxd\history\all_versions\src\asm\gguf_dump.asm\1771284920375_bCoI.asm(342) : error A2008:syntax error : .
D:\rawrxd\history\all_versions\src\asm\gguf_dump.asm\1771284920375_bCoI.asm(345) : error A2008:syntax error : .
D:\rawrxd\history\all_versions\src\asm\gguf_dump.asm\1771284920375_bCoI.asm(364) : error A2008:syntax error : .
D:\rawrxd\history\all_versions\src\asm\gguf_dump.asm\1771284920375_bCoI.asm(414) : error A2008:syntax error : .
D:\rawrxd\history\all_versions\src\asm\gguf_dump.asm\1771284920375_bCoI.asm(434) : error A2008:syntax error : .
D:\rawrxd\history\all_versions\src\asm\gguf_dump.asm\1771284920375_bCoI.asm(460) : error A2008:syntax error : .
D:\rawrxd\history\all_versions\src\asm\gguf_dump.asm\1771284920375_bCoI.asm(468) : error A2008:syntax error : .
D:\rawrxd\history\all_versions\src\asm\gguf_dump.asm\1771284920375_bCoI.asm(501) : error A2008:syntax error : .
D:\rawrxd\history\all_versions\src\asm\gguf_dump.asm\1771284920375_bCoI.asm(520) : error A2008:syntax error : .
D:\rawrxd\history\all_versions\src\asm\gguf_dump.asm\1771284920375_bCoI.asm(523) : error A2008:syntax error : .
D:\rawrxd\history\all_versions\src\asm\gguf_dump.asm\1771284920375_bCoI.asm(538) : error A2008:syntax error : .
D:\rawrxd\history\all_versions\src\asm\gguf_dump.asm\1771284920375_bCoI.asm(551) : error A2008:syntax error : .
D:\rawrxd\history\all_versions\src\asm\gguf_dump.asm\1771284920375_bCoI.asm(563) : error A2008:syntax error : .
D:\rawrxd\history\all_versions\src\asm\gguf_dump.asm\1771284920375_bCoI.asm(585) : error A2008:syntax error : .
D:\rawrxd\history\all_versions\src\asm\gguf_dump.asm\1771284920375_bCoI.asm(588) : error A2008:syntax error : .
D:\rawrxd\history\all_versions\src\asm\gguf_dump.asm\1771284920375_bCoI.asm(603) : error A2008:syntax error : .
D:\rawrxd\history\all_versions\src\asm\gguf_dump.asm\1771284920375_bCoI.asm(609) : error A2008:syntax error : .
D:\rawrxd\history\all_versions\src\asm\gguf_dump.asm\1771284920375_bCoI.asm(664) : error A2008:syntax error : .
D:\rawrxd\history\all_versions\src\asm\gguf_dump.asm\1771284920375_bCoI.asm(670) : error A2008:syntax error : .
D:\rawrxd\history\all_versions\src\asm\gguf_dump.asm\1771284920375_bCoI.asm(676) : error A2008:syntax error : .
D:\rawrxd\history\all_versions\src\asm\gguf_dump.asm\1771284920375_bCoI.asm(113) : error A2006:undefined symbol : show_usage
D:\rawrxd\history\all_versions\src\asm\gguf_dump.asm\1771284920375_bCoI.asm(126) : error A2006:undefined symbol : exit_error
D:\rawrxd\history\all_versions\src\asm\gguf_dump.asm\1771284920375_bCoI.asm(133) : error A2006:undefined symbol : default_dump
D:\rawrxd\history\all_versions\src\asm\gguf_dump.asm\1771284920375_bCoI.asm(140) : error A2006:undefined symbol : ghost_output
D:\rawrxd\history\all_versions\src\asm\gguf_dump.asm\1771284920375_bCoI.asm(146) : error A2006:undefined symbol : tensors_only
D:\rawrxd\history\all_versions\src\asm\gguf_dump.asm\1771284920375_bCoI.asm(150) : error A2006:undefined symbol : DumpMetadata
D:\rawrxd\history\all_versions\src\asm\gguf_dump.asm\1771284920375_bCoI.asm(152) : error A2006:undefined symbol : cleanup
D:\rawrxd\history\all_versions\src\asm\gguf_dump.asm\1771284920375_bCoI.asm(156) : error A2006:undefined symbol : cleanup
D:\rawrxd\history\all_versions\src\asm\gguf_dump.asm\1771284920375_bCoI.asm(160) : error A2006:undefined symbol : cleanup
D:\rawrxd\history\all_versions\src\asm\gguf_dump.asm\1771284920375_bCoI.asm(179) : error A2006:undefined symbol : exit
D:\rawrxd\history\all_versions\src\asm\gguf_dump.asm\1771284920375_bCoI.asm(193) : error A2206:missing operator in expression
D:\rawrxd\history\all_versions\src\asm\gguf_dump.asm\1771284920375_bCoI.asm(213) : error A2006:undefined symbol : fail
D:\rawrxd\history\all_versions\src\asm\gguf_dump.asm\1771284920375_bCoI.asm(235) : error A2006:undefined symbol : fail_close
D:\rawrxd\history\all_versions\src\asm\gguf_dump.asm\1771284920375_bCoI.asm(250) : error A2006:undefined symbol : fail_unmap
D:\rawrxd\history\all_versions\src\asm\gguf_dump.asm\1771284920375_bCoI.asm(255) : error A2006:undefined symbol : done
D:\rawrxd\history\all_versions\src\asm\gguf_dump.asm\1771284920375_bCoI.asm(274) : error A2206:missing operator in expression
D:\rawrxd\history\all_versions\src\asm\gguf_dump.asm\1771284920375_bCoI.asm(288) : error A2206:missing operator in expression
D:\rawrxd\history\all_versions\src\asm\gguf_dump.asm\1771284920375_bCoI.asm(289) : error A2006:undefined symbol : magic_ok
D:\rawrxd\history\all_versions\src\asm\gguf_dump.asm\1771284920375_bCoI.asm(293) : error A2006:undefined symbol : fail
D:\rawrxd\history\all_versions\src\asm\gguf_dump.asm\1771284920375_bCoI.asm(301) : error A2006:undefined symbol : version_ok
D:\rawrxd\history\all_versions\src\asm\gguf_dump.asm\1771284920375_bCoI.asm(305) : error A2006:undefined symbol : fail
D:\rawrxd\history\all_versions\src\asm\gguf_dump.asm\1771284920375_bCoI.asm(340) : error A2006:undefined symbol : done
D:\rawrxd\history\all_versions\src\asm\gguf_dump.asm\1771284920375_bCoI.asm(354) : error A2206:missing operator in expression
D:\rawrxd\history\all_versions\src\asm\gguf_dump.asm\1771284920375_bCoI.asm(366) : error A2006:undefined symbol : done
D:\rawrxd\history\all_versions\src\asm\gguf_dump.asm\1771284920375_bCoI.asm(412) : error A2006:undefined symbol : tensor_loop
D:\rawrxd\history\all_versions\src\asm\gguf_dump.asm\1771284920375_bCoI.asm(415) : error A2206:missing operator in expression
D:\rawrxd\history\all_versions\src\asm\gguf_dump.asm\1771284920375_bCoI.asm(423) : error A2206:missing operator in expression
D:\rawrxd\history\all_versions\src\asm\gguf_dump.asm\1771284920375_bCoI.asm(436) : error A2006:undefined symbol : done
D:\rawrxd\history\all_versions\src\asm\gguf_dump.asm\1771284920375_bCoI.asm(457) : error A2006:undefined symbol : no_dims
D:\rawrxd\history\all_versions\src\asm\gguf_dump.asm\1771284920375_bCoI.asm(466) : error A2006:undefined symbol : dim_loop
D:\rawrxd\history\all_versions\src\asm\gguf_dump.asm\1771284920375_bCoI.asm(478) : error A2006:undefined symbol : size_done
D:\rawrxd\history\all_versions\src\asm\gguf_dump.asm\1771284920375_bCoI.asm(480) : error A2006:undefined symbol : size_done
D:\rawrxd\history\all_versions\src\asm\gguf_dump.asm\1771284920375_bCoI.asm(483) : error A2006:undefined symbol : size_done
D:\rawrxd\history\all_versions\src\asm\gguf_dump.asm\1771284920375_bCoI.asm(485) : error A2006:undefined symbol : size_done
D:\rawrxd\history\all_versions\src\asm\gguf_dump.asm\1771284920375_bCoI.asm(488) : error A2006:undefined symbol : size_done
D:\rawrxd\history\all_versions\src\asm\gguf_dump.asm\1771284920375_bCoI.asm(490) : error A2006:undefined symbol : size_done
D:\rawrxd\history\all_versions\src\asm\gguf_dump.asm\1771284920375_bCoI.asm(492) : error A2006:undefined symbol : size_done
D:\rawrxd\history\all_versions\src\asm\gguf_dump.asm\1771284920375_bCoI.asm(495) : error A2006:undefined symbol : size_done
D:\rawrxd\history\all_versions\src\asm\gguf_dump.asm\1771284920375_bCoI.asm(497) : error A2006:undefined symbol : size_done
D:\rawrxd\history\all_versions\src\asm\gguf_dump.asm\1771284920375_bCoI.asm(499) : error A2006:undefined symbol : size_done
D:\rawrxd\history\all_versions\src\asm\gguf_dump.asm\1771284920375_bCoI.asm(517) : error A2006:undefined symbol : multi_stripe
D:\rawrxd\history\all_versions\src\asm\gguf_dump.asm\1771284920375_bCoI.asm(519) : error A2006:undefined symbol : print_entry
D:\rawrxd\history\all_versions\src\asm\gguf_dump.asm\1771284920375_bCoI.asm(536) : error A2006:undefined symbol : ghost_loop
D:\rawrxd\history\all_versions\src\asm\gguf_dump.asm\1771284920375_bCoI.asm(539) : error A2206:missing operator in expression
D:\rawrxd\history\all_versions\src\asm\gguf_dump.asm\1771284920375_bCoI.asm(549) : error A2206:missing operator in expression
D:\rawrxd\history\all_versions\src\asm\gguf_dump.asm\1771284920375_bCoI.asm(553) : error A2006:undefined symbol : done
D:\rawrxd\history\all_versions\src\asm\gguf_dump.asm\1771284920375_bCoI.asm(557) : error A2206:missing operator in expression
D:\rawrxd\history\all_versions\src\asm\gguf_dump.asm\1771284920375_bCoI.asm(561) : error A2006:undefined symbol : hash_loop
D:\rawrxd\history\all_versions\src\asm\gguf_dump.asm\1771284920375_bCoI.asm(580) : error A2006:undefined symbol : hot
D:\rawrxd\history\all_versions\src\asm\gguf_dump.asm\1771284920375_bCoI.asm(582) : error A2006:undefined symbol : warm
D:\rawrxd\history\all_versions\src\asm\gguf_dump.asm\1771284920375_bCoI.asm(598) : error A2206:missing operator in expression
D:\rawrxd\history\all_versions\src\asm\gguf_dump.asm\1771284920375_bCoI.asm(605) : error A2006:undefined symbol : print
D:\rawrxd\history\all_versions\src\asm\gguf_dump.asm\1771284920375_bCoI.asm(607) : error A2006:undefined symbol : len_loop
D:\rawrxd\history\all_versions\src\asm\gguf_dump.asm\1771284920375_bCoI.asm(619) : error A2206:missing operator in expression
D:\rawrxd\history\all_versions\src\asm\gguf_dump.asm\1771284920375_bCoI.asm(661) : error A2006:undefined symbol : skip_unmap
D:\rawrxd\history\all_versions\src\asm\gguf_dump.asm\1771284920375_bCoI.asm(667) : error A2006:undefined symbol : skip_close
D:\rawrxd\history\all_versions\src\asm\gguf_dump.asm\1771284920375_bCoI.asm(673) : error A2006:undefined symbol : done
