 Assembling: D:\rawrxd\history\all_versions\OmegaPolyglot_v5.asm\1771278594809_SllS.asm
D:\rawrxd\history\all_versions\OmegaPolyglot_v5.asm\1771278594809_SllS.asm(11) : error A2008:syntax error : .
D:\rawrxd\history\all_versions\OmegaPolyglot_v5.asm\1771278594809_SllS.asm(12) : error A2008:syntax error : .

***********
ASCII build
***********

C:\masm32\include\windows.inc(9750) : error A2008:syntax error : dword
C:\masm32\include\windows.inc(10183) : error A2008:syntax error : frame
C:\masm32\include\windows.inc(16333) : error A2008:syntax error : dword
C:\masm32\include\windows.inc(18862) : error A2008:syntax error : Frame
C:\masm32\include\windows.inc(24749) : error A2042:statement too complex
C:\masm32\include\winextra.inc(11052) : error A2026:constant expected
C:\masm32\include\winextra.inc(11053) : error A2026:constant expected
D:\rawrxd\history\all_versions\OmegaPolyglot_v5.asm\1771278594809_SllS.asm(235) : error A2008:syntax error : invoke
D:\rawrxd\history\all_versions\OmegaPolyglot_v5.asm\1771278594809_SllS.asm(241) : error A2008:syntax error : invoke
D:\rawrxd\history\all_versions\OmegaPolyglot_v5.asm\1771278594809_SllS.asm(244) : error A2008:syntax error : invoke
D:\rawrxd\history\all_versions\OmegaPolyglot_v5.asm\1771278594809_SllS.asm(252) : error A2008:syntax error : invoke
D:\rawrxd\history\all_versions\OmegaPolyglot_v5.asm\1771278594809_SllS.asm(253) : error A2008:syntax error : WriteFile
D:\rawrxd\history\all_versions\OmegaPolyglot_v5.asm\1771278594809_SllS.asm(260) : error A2008:syntax error : invoke
D:\rawrxd\history\all_versions\OmegaPolyglot_v5.asm\1771278594809_SllS.asm(346) : error A2008:syntax error : invoke
D:\rawrxd\history\all_versions\OmegaPolyglot_v5.asm\1771278594809_SllS.asm(353) : error A2008:syntax error : invoke
D:\rawrxd\history\all_versions\OmegaPolyglot_v5.asm\1771278594809_SllS.asm(361) : error A2008:syntax error : invoke
D:\rawrxd\history\all_versions\OmegaPolyglot_v5.asm\1771278594809_SllS.asm(367) : error A2008:syntax error : invoke
D:\rawrxd\history\all_versions\OmegaPolyglot_v5.asm\1771278594809_SllS.asm(373) : error A2008:syntax error : invoke
D:\rawrxd\history\all_versions\OmegaPolyglot_v5.asm\1771278594809_SllS.asm(379) : error A2008:syntax error : invoke
D:\rawrxd\history\all_versions\OmegaPolyglot_v5.asm\1771278594809_SllS.asm(383) : error A2008:syntax error : invoke
D:\rawrxd\history\all_versions\OmegaPolyglot_v5.asm\1771278594809_SllS.asm(384) : error A2008:syntax error : invoke
D:\rawrxd\history\all_versions\OmegaPolyglot_v5.asm\1771278594809_SllS.asm(388) : error A2008:syntax error : invoke
D:\rawrxd\history\all_versions\OmegaPolyglot_v5.asm\1771278594809_SllS.asm(389) : error A2008:syntax error : invoke
D:\rawrxd\history\all_versions\OmegaPolyglot_v5.asm\1771278594809_SllS.asm(393) : error A2008:syntax error : invoke
D:\rawrxd\history\all_versions\OmegaPolyglot_v5.asm\1771278594809_SllS.asm(394) : error A2008:syntax error : invoke
D:\rawrxd\history\all_versions\OmegaPolyglot_v5.asm\1771278594809_SllS.asm(395) : error A2008:syntax error : invoke
D:\rawrxd\history\all_versions\OmegaPolyglot_v5.asm\1771278594809_SllS.asm(404) : error A2008:syntax error : invoke
D:\rawrxd\history\all_versions\OmegaPolyglot_v5.asm\1771278594809_SllS.asm(409) : error A2008:syntax error : invoke
D:\rawrxd\history\all_versions\OmegaPolyglot_v5.asm\1771278594809_SllS.asm(464) : error A2008:syntax error : esi
D:\rawrxd\history\all_versions\OmegaPolyglot_v5.asm\1771278594809_SllS.asm(465) : error A2012:PROC, MACRO, or macro repeat directive must precede LOCAL
D:\rawrxd\history\all_versions\OmegaPolyglot_v5.asm\1771278594809_SllS.asm(466) : error A2012:PROC, MACRO, or macro repeat directive must precede LOCAL
D:\rawrxd\history\all_versions\OmegaPolyglot_v5.asm\1771278594809_SllS.asm(467) : error A2012:PROC, MACRO, or macro repeat directive must precede LOCAL
D:\rawrxd\history\all_versions\OmegaPolyglot_v5.asm\1771278594809_SllS.asm(469) : error A2008:syntax error : invoke
D:\rawrxd\history\all_versions\OmegaPolyglot_v5.asm\1771278594809_SllS.asm(494) : error A2008:syntax error : wsprintfA
D:\rawrxd\history\all_versions\OmegaPolyglot_v5.asm\1771278594809_SllS.asm(495) : error A2008:syntax error : invoke
D:\rawrxd\history\all_versions\OmegaPolyglot_v5.asm\1771278594809_SllS.asm(502) : error A2070:invalid instruction operands
D:\rawrxd\history\all_versions\OmegaPolyglot_v5.asm\1771278594809_SllS.asm(505) : error A2070:invalid instruction operands
D:\rawrxd\history\all_versions\OmegaPolyglot_v5.asm\1771278594809_SllS.asm(507) : error A2070:invalid instruction operands
D:\rawrxd\history\all_versions\OmegaPolyglot_v5.asm\1771278594809_SllS.asm(510) : error A2070:invalid instruction operands
D:\rawrxd\history\all_versions\OmegaPolyglot_v5.asm\1771278594809_SllS.asm(515) : error A2070:invalid instruction operands
D:\rawrxd\history\all_versions\OmegaPolyglot_v5.asm\1771278594809_SllS.asm(516) : error A2070:invalid instruction operands
D:\rawrxd\history\all_versions\OmegaPolyglot_v5.asm\1771278594809_SllS.asm(517) : error A2070:invalid instruction operands
D:\rawrxd\history\all_versions\OmegaPolyglot_v5.asm\1771278594809_SllS.asm(518) : error A2070:invalid instruction operands
D:\rawrxd\history\all_versions\OmegaPolyglot_v5.asm\1771278594809_SllS.asm(519) : error A2008:syntax error : wsprintfA
D:\rawrxd\history\all_versions\OmegaPolyglot_v5.asm\1771278594809_SllS.asm(520) : error A2008:syntax error : invoke
D:\rawrxd\history\all_versions\OmegaPolyglot_v5.asm\1771278594809_SllS.asm(544) : error A2008:syntax error : invoke
D:\rawrxd\history\all_versions\OmegaPolyglot_v5.asm\1771278594809_SllS.asm(546) : error A2008:syntax error : invoke
D:\rawrxd\history\all_versions\OmegaPolyglot_v5.asm\1771278594809_SllS.asm(553) : error A2008:syntax error : invoke
D:\rawrxd\history\all_versions\OmegaPolyglot_v5.asm\1771278594809_SllS.asm(567) : error A2070:invalid instruction operands
D:\rawrxd\history\all_versions\OmegaPolyglot_v5.asm\1771278594809_SllS.asm(578) : error A2070:invalid instruction operands
D:\rawrxd\history\all_versions\OmegaPolyglot_v5.asm\1771278594809_SllS.asm(583) : error A2070:invalid instruction operands
D:\rawrxd\history\all_versions\OmegaPolyglot_v5.asm\1771278594809_SllS.asm(585) : error A2070:invalid instruction operands
D:\rawrxd\history\all_versions\OmegaPolyglot_v5.asm\1771278594809_SllS.asm(587) : error A2070:invalid instruction operands
D:\rawrxd\history\all_versions\OmegaPolyglot_v5.asm\1771278594809_SllS.asm(589) : error A2070:invalid instruction operands
D:\rawrxd\history\all_versions\OmegaPolyglot_v5.asm\1771278594809_SllS.asm(590) : error A2070:invalid instruction operands
D:\rawrxd\history\all_versions\OmegaPolyglot_v5.asm\1771278594809_SllS.asm(591) : error A2070:invalid instruction operands
D:\rawrxd\history\all_versions\OmegaPolyglot_v5.asm\1771278594809_SllS.asm(592) : error A2070:invalid instruction operands
D:\rawrxd\history\all_versions\OmegaPolyglot_v5.asm\1771278594809_SllS.asm(593) : error A2070:invalid instruction operands
D:\rawrxd\history\all_versions\OmegaPolyglot_v5.asm\1771278594809_SllS.asm(596) : error A2008:syntax error : invoke
D:\rawrxd\history\all_versions\OmegaPolyglot_v5.asm\1771278594809_SllS.asm(617) : error A2070:invalid instruction operands
D:\rawrxd\history\all_versions\OmegaPolyglot_v5.asm\1771278594809_SllS.asm(619) : error A2070:invalid instruction operands
D:\rawrxd\history\all_versions\OmegaPolyglot_v5.asm\1771278594809_SllS.asm(621) : error A2070:invalid instruction operands
D:\rawrxd\history\all_versions\OmegaPolyglot_v5.asm\1771278594809_SllS.asm(622) : error A2070:invalid instruction operands
D:\rawrxd\history\all_versions\OmegaPolyglot_v5.asm\1771278594809_SllS.asm(623) : error A2070:invalid instruction operands
D:\rawrxd\history\all_versions\OmegaPolyglot_v5.asm\1771278594809_SllS.asm(624) : error A2070:invalid instruction operands
D:\rawrxd\history\all_versions\OmegaPolyglot_v5.asm\1771278594809_SllS.asm(627) : error A2008:syntax error : invoke
D:\rawrxd\history\all_versions\OmegaPolyglot_v5.asm\1771278594809_SllS.asm(633) : error A2008:syntax error : invoke
D:\rawrxd\history\all_versions\OmegaPolyglot_v5.asm\1771278594809_SllS.asm(634) : error A2008:syntax error : invoke
D:\rawrxd\history\all_versions\OmegaPolyglot_v5.asm\1771278594809_SllS.asm(639) : error A2008:syntax error : invoke
D:\rawrxd\history\all_versions\OmegaPolyglot_v5.asm\1771278594809_SllS.asm(642) : fatal error A1010:unmatched block nesting : ParsePE
