 Assembling: D:\rawrxd\history\all_versions\src\dumpbin_final.asm\1771284647105_MaRX.asm
D:\rawrxd\history\all_versions\src\dumpbin_final.asm\1771284647105_MaRX.asm(10) : error A2008:syntax error : .
D:\rawrxd\history\all_versions\src\dumpbin_final.asm\1771284647105_MaRX.asm(11) : error A2008:syntax error : .

***********
ASCII build
***********

C:\masm32\include\windows.inc(9750) : error A2008:syntax error : dword
C:\masm32\include\windows.inc(10183) : error A2008:syntax error : frame
C:\masm32\include\windows.inc(16333) : error A2008:syntax error : dword
C:\masm32\include\windows.inc(18862) : error A2008:syntax error : Frame
C:\masm32\include\windows.inc(24749) : error A2042:statement too complex
C:\masm32\include\winextra.inc(11052) : error A2026:constant expected
C:\masm32\include\winextra.inc(11053) : error A2026:constant expected
D:\rawrxd\history\all_versions\src\dumpbin_final.asm\1771284647105_MaRX.asm(353) : error A2008:syntax error : invoke
D:\rawrxd\history\all_versions\src\dumpbin_final.asm\1771284647105_MaRX.asm(355) : error A2008:syntax error : invoke
D:\rawrxd\history\all_versions\src\dumpbin_final.asm\1771284647105_MaRX.asm(358) : error A2008:syntax error : WriteConsoleA
D:\rawrxd\history\all_versions\src\dumpbin_final.asm\1771284647105_MaRX.asm(363) : error A2008:syntax error : invoke
D:\rawrxd\history\all_versions\src\dumpbin_final.asm\1771284647105_MaRX.asm(388) : error A2008:syntax error : WriteConsoleA
D:\rawrxd\history\all_versions\src\dumpbin_final.asm\1771284647105_MaRX.asm(415) : error A2008:syntax error : WriteConsoleA
D:\rawrxd\history\all_versions\src\dumpbin_final.asm\1771284647105_MaRX.asm(416) : error A2008:syntax error : invoke
D:\rawrxd\history\all_versions\src\dumpbin_final.asm\1771284647105_MaRX.asm(418) : error A2008:syntax error : invoke
D:\rawrxd\history\all_versions\src\dumpbin_final.asm\1771284647105_MaRX.asm(423) : error A2008:syntax error : invoke
D:\rawrxd\history\all_versions\src\dumpbin_final.asm\1771284647105_MaRX.asm(426) : error A2008:syntax error : invoke
D:\rawrxd\history\all_versions\src\dumpbin_final.asm\1771284647105_MaRX.asm(429) : error A2008:syntax error : invoke
D:\rawrxd\history\all_versions\src\dumpbin_final.asm\1771284647105_MaRX.asm(430) : error A2008:syntax error : invoke
D:\rawrxd\history\all_versions\src\dumpbin_final.asm\1771284647105_MaRX.asm(442) : error A2008:syntax error : WriteConsoleA
D:\rawrxd\history\all_versions\src\dumpbin_final.asm\1771284647105_MaRX.asm(476) : error A2008:syntax error : wsprintfA
D:\rawrxd\history\all_versions\src\dumpbin_final.asm\1771284647105_MaRX.asm(477) : error A2008:syntax error : WriteConsoleA
D:\rawrxd\history\all_versions\src\dumpbin_final.asm\1771284647105_MaRX.asm(490) : error A2008:syntax error : WriteConsoleA
D:\rawrxd\history\all_versions\src\dumpbin_final.asm\1771284647105_MaRX.asm(494) : error A2008:syntax error : WriteConsoleA
D:\rawrxd\history\all_versions\src\dumpbin_final.asm\1771284647105_MaRX.asm(505) : error A2008:syntax error : wsprintfA
D:\rawrxd\history\all_versions\src\dumpbin_final.asm\1771284647105_MaRX.asm(506) : error A2008:syntax error : WriteConsoleA
D:\rawrxd\history\all_versions\src\dumpbin_final.asm\1771284647105_MaRX.asm(530) : error A2008:syntax error : WriteConsoleA
D:\rawrxd\history\all_versions\src\dumpbin_final.asm\1771284647105_MaRX.asm(537) : error A2008:syntax error : WriteConsoleA
D:\rawrxd\history\all_versions\src\dumpbin_final.asm\1771284647105_MaRX.asm(550) : error A2008:syntax error : invoke
D:\rawrxd\history\all_versions\src\dumpbin_final.asm\1771284647105_MaRX.asm(572) : error A2008:syntax error : invoke
D:\rawrxd\history\all_versions\src\dumpbin_final.asm\1771284647105_MaRX.asm(580) : error A2008:syntax error : invoke
D:\rawrxd\history\all_versions\src\dumpbin_final.asm\1771284647105_MaRX.asm(730) : error A2070:invalid instruction operands
D:\rawrxd\history\all_versions\src\dumpbin_final.asm\1771284647105_MaRX.asm(735) : error A2070:invalid instruction operands
D:\rawrxd\history\all_versions\src\dumpbin_final.asm\1771284647105_MaRX.asm(777) : error A2008:syntax error : strlen
D:\rawrxd\history\all_versions\src\dumpbin_final.asm\1771284647105_MaRX.asm(780) : error A2008:syntax error : invoke
D:\rawrxd\history\all_versions\src\dumpbin_final.asm\1771284647105_MaRX.asm(822) : error A2008:syntax error : invoke
D:\rawrxd\history\all_versions\src\dumpbin_final.asm\1771284647105_MaRX.asm(831) : error A2008:syntax error : invoke
D:\rawrxd\history\all_versions\src\dumpbin_final.asm\1771284647105_MaRX.asm(1406) : error A2008:syntax error : invoke
D:\rawrxd\history\all_versions\src\dumpbin_final.asm\1771284647105_MaRX.asm(1412) : error A2008:syntax error : WriteFile
D:\rawrxd\history\all_versions\src\dumpbin_final.asm\1771284647105_MaRX.asm(1413) : error A2008:syntax error : WriteFile
D:\rawrxd\history\all_versions\src\dumpbin_final.asm\1771284647105_MaRX.asm(1422) : error A2008:syntax error : invoke
D:\rawrxd\history\all_versions\src\dumpbin_final.asm\1771284647105_MaRX.asm(1471) : error A2008:syntax error : invoke
D:\rawrxd\history\all_versions\src\dumpbin_final.asm\1771284647105_MaRX.asm(1480) : error A2008:syntax error : invoke
D:\rawrxd\history\all_versions\src\dumpbin_final.asm\1771284647105_MaRX.asm(1491) : error A2008:syntax error : invoke
D:\rawrxd\history\all_versions\src\dumpbin_final.asm\1771284647105_MaRX.asm(1513) : error A2008:syntax error : invoke
D:\rawrxd\history\all_versions\src\dumpbin_final.asm\1771284647105_MaRX.asm(1516) : error A2008:syntax error : invoke
D:\rawrxd\history\all_versions\src\dumpbin_final.asm\1771284647105_MaRX.asm(1526) : error A2008:syntax error : ReadFile
D:\rawrxd\history\all_versions\src\dumpbin_final.asm\1771284647105_MaRX.asm(1528) : error A2008:syntax error : ReadFile
D:\rawrxd\history\all_versions\src\dumpbin_final.asm\1771284647105_MaRX.asm(1556) : error A2008:syntax error : invoke
D:\rawrxd\history\all_versions\src\dumpbin_final.asm\1771284647105_MaRX.asm(1559) : error A2008:syntax error : invoke
D:\rawrxd\history\all_versions\src\dumpbin_final.asm\1771284647105_MaRX.asm(1591) : error A2008:syntax error : strcat
D:\rawrxd\history\all_versions\src\dumpbin_final.asm\1771284647105_MaRX.asm(1593) : error A2008:syntax error : invoke
D:\rawrxd\history\all_versions\src\dumpbin_final.asm\1771284647105_MaRX.asm(1602) : error A2008:syntax error : invoke
D:\rawrxd\history\all_versions\src\dumpbin_final.asm\1771284647105_MaRX.asm(1606) : error A2008:syntax error : invoke
D:\rawrxd\history\all_versions\src\dumpbin_final.asm\1771284647105_MaRX.asm(1631) : error A2008:syntax error : WriteConsoleA
D:\rawrxd\history\all_versions\src\dumpbin_final.asm\1771284647105_MaRX.asm(1632) : error A2008:syntax error : WriteConsoleA
D:\rawrxd\history\all_versions\src\dumpbin_final.asm\1771284647105_MaRX.asm(1668) : error A2008:syntax error : WriteConsoleA
D:\rawrxd\history\all_versions\src\dumpbin_final.asm\1771284647105_MaRX.asm(1715) : error A2008:syntax error : invoke
D:\rawrxd\history\all_versions\src\dumpbin_final.asm\1771284647105_MaRX.asm(1716) : error A2008:syntax error : WriteConsoleA
D:\rawrxd\history\all_versions\src\dumpbin_final.asm\1771284647105_MaRX.asm(1721) : error A2008:syntax error : WriteConsoleA
D:\rawrxd\history\all_versions\src\dumpbin_final.asm\1771284647105_MaRX.asm(1811) : error A2008:syntax error : pushad
D:\rawrxd\history\all_versions\src\dumpbin_final.asm\1771284647105_MaRX.asm(1819) : error A2008:syntax error : CryptDecodeObjectEx
D:\rawrxd\history\all_versions\src\dumpbin_final.asm\1771284647105_MaRX.asm(1831) : error A2008:syntax error : WriteConsoleA
D:\rawrxd\history\all_versions\src\dumpbin_final.asm\1771284647105_MaRX.asm(1839) : error A2008:syntax error : CertNameToStrA
D:\rawrxd\history\all_versions\src\dumpbin_final.asm\1771284647105_MaRX.asm(1843) : error A2008:syntax error : invoke
D:\rawrxd\history\all_versions\src\dumpbin_final.asm\1771284647105_MaRX.asm(1844) : error A2008:syntax error : WriteConsoleA
D:\rawrxd\history\all_versions\src\dumpbin_final.asm\1771284647105_MaRX.asm(1852) : error A2008:syntax error : CertNameToStrA
D:\rawrxd\history\all_versions\src\dumpbin_final.asm\1771284647105_MaRX.asm(1856) : error A2008:syntax error : invoke
D:\rawrxd\history\all_versions\src\dumpbin_final.asm\1771284647105_MaRX.asm(1857) : error A2008:syntax error : WriteConsoleA
D:\rawrxd\history\all_versions\src\dumpbin_final.asm\1771284647105_MaRX.asm(1876) : error A2008:syntax error : invoke
D:\rawrxd\history\all_versions\src\dumpbin_final.asm\1771284647105_MaRX.asm(1877) : error A2008:syntax error : invoke
D:\rawrxd\history\all_versions\src\dumpbin_final.asm\1771284647105_MaRX.asm(1880) : error A2008:syntax error : invoke
D:\rawrxd\history\all_versions\src\dumpbin_final.asm\1771284647105_MaRX.asm(1882) : error A2008:syntax error : invoke
D:\rawrxd\history\all_versions\src\dumpbin_final.asm\1771284647105_MaRX.asm(1883) : error A2008:syntax error : WriteConsoleA
D:\rawrxd\history\all_versions\src\dumpbin_final.asm\1771284647105_MaRX.asm(1885) : error A2008:syntax error : invoke
D:\rawrxd\history\all_versions\src\dumpbin_final.asm\1771284647105_MaRX.asm(1887) : error A2008:syntax error : invoke
D:\rawrxd\history\all_versions\src\dumpbin_final.asm\1771284647105_MaRX.asm(1888) : error A2008:syntax error : WriteConsoleA
D:\rawrxd\history\all_versions\src\dumpbin_final.asm\1771284647105_MaRX.asm(1891) : error A2008:syntax error : invoke
D:\rawrxd\history\all_versions\src\dumpbin_final.asm\1771284647105_MaRX.asm(1903) : error A2008:syntax error : invoke
D:\rawrxd\history\all_versions\src\dumpbin_final.asm\1771284647105_MaRX.asm(1914) : error A2008:syntax error : WriteConsoleA
D:\rawrxd\history\all_versions\src\dumpbin_final.asm\1771284647105_MaRX.asm(1918) : error A2008:syntax error : WriteConsoleA
D:\rawrxd\history\all_versions\src\dumpbin_final.asm\1771284647105_MaRX.asm(1921) : error A2008:syntax error : invoke
D:\rawrxd\history\all_versions\src\dumpbin_final.asm\1771284647105_MaRX.asm(1928) : error A2008:syntax error : WriteConsoleA
D:\rawrxd\history\all_versions\src\dumpbin_final.asm\1771284647105_MaRX.asm(1935) : error A2008:syntax error : WriteConsoleA
D:\rawrxd\history\all_versions\src\dumpbin_final.asm\1771284647105_MaRX.asm(1939) : error A2008:syntax error : wsprintfA
D:\rawrxd\history\all_versions\src\dumpbin_final.asm\1771284647105_MaRX.asm(1940) : error A2008:syntax error : WriteConsoleA
D:\rawrxd\history\all_versions\src\dumpbin_final.asm\1771284647105_MaRX.asm(1944) : error A2008:syntax error : WriteConsoleA
D:\rawrxd\history\all_versions\src\dumpbin_final.asm\1771284647105_MaRX.asm(1950) : error A2008:syntax error : main
D:\rawrxd\history\all_versions\src\dumpbin_final.asm\1771284647105_MaRX.asm(1950) : error A2088:END directive required at end of file
D:\rawrxd\history\all_versions\src\dumpbin_final.asm\1771284647105_MaRX.asm(584) : error A2082:cannot mix 16- and 32-bit registers
D:\rawrxd\history\all_versions\src\dumpbin_final.asm\1771284647105_MaRX.asm(1003) : error A2009:syntax error in expression
D:\rawrxd\history\all_versions\src\dumpbin_final.asm\1771284647105_MaRX.asm(1899) : error A2006:undefined symbol : dwType
D:\rawrxd\history\all_versions\src\dumpbin_final.asm\1771284647105_MaRX.asm(1900) : error A2006:undefined symbol : Usage
D:\rawrxd\history\all_versions\src\dumpbin_final.asm\1771284647105_MaRX.asm(1901) : error A2006:undefined symbol : Usage
D:\rawrxd\history\all_versions\src\dumpbin_final.asm\1771284647105_MaRX.asm(587) : warning A6004:procedure argument or local not referenced : dwMax
D:\rawrxd\history\all_versions\src\dumpbin_final.asm\1771284647105_MaRX.asm(784) : warning A6004:procedure argument or local not referenced : hFileOut
D:\rawrxd\history\all_versions\src\dumpbin_final.asm\1771284647105_MaRX.asm(1043) : warning A6004:procedure argument or local not referenced : lpBuffer
D:\rawrxd\history\all_versions\src\dumpbin_final.asm\1771284647105_MaRX.asm(1430) : warning A6004:procedure argument or local not referenced : lpOutputPath
D:\rawrxd\history\all_versions\src\dumpbin_final.asm\1771284647105_MaRX.asm(1430) : warning A6004:procedure argument or local not referenced : dwWritten
D:\rawrxd\history\all_versions\src\dumpbin_final.asm\1771284647105_MaRX.asm(1499) : warning A6004:procedure argument or local not referenced : lpFilePath
D:\rawrxd\history\all_versions\src\dumpbin_final.asm\1771284647105_MaRX.asm(1499) : warning A6004:procedure argument or local not referenced : dwHashType
D:\rawrxd\history\all_versions\src\dumpbin_final.asm\1771284647105_MaRX.asm(1499) : warning A6004:procedure argument or local not referenced : bBuffer
D:\rawrxd\history\all_versions\src\dumpbin_final.asm\1771284647105_MaRX.asm(1565) : warning A6004:procedure argument or local not referenced : lpFile1
D:\rawrxd\history\all_versions\src\dumpbin_final.asm\1771284647105_MaRX.asm(1565) : warning A6004:procedure argument or local not referenced : lpFile2
D:\rawrxd\history\all_versions\src\dumpbin_final.asm\1771284647105_MaRX.asm(1613) : warning A6004:procedure argument or local not referenced : szFullPath
D:\rawrxd\history\all_versions\src\dumpbin_final.asm\1771284647105_MaRX.asm(1636) : warning A6004:procedure argument or local not referenced : i
D:\rawrxd\history\all_versions\src\dumpbin_final.asm\1771284647105_MaRX.asm(1636) : warning A6004:procedure argument or local not referenced : j
D:\rawrxd\history\all_versions\src\dumpbin_final.asm\1771284647105_MaRX.asm(1636) : warning A6004:procedure argument or local not referenced : dwMatchCount
D:\rawrxd\history\all_versions\src\dumpbin_final.asm\1771284647105_MaRX.asm(1636) : warning A6004:procedure argument or local not referenced : dwRuleCount
D:\rawrxd\history\all_versions\src\dumpbin_final.asm\1771284647105_MaRX.asm(1649) : warning A6004:procedure argument or local not referenced : pRule
D:\rawrxd\history\all_versions\src\dumpbin_final.asm\1771284647105_MaRX.asm(1948) : warning A6004:procedure argument or local not referenced : dwCertEncoding
D:\rawrxd\history\all_versions\src\dumpbin_final.asm\1771284647105_MaRX.asm(1948) : warning A6004:procedure argument or local not referenced : dwContentType
D:\rawrxd\history\all_versions\src\dumpbin_final.asm\1771284647105_MaRX.asm(1948) : warning A6004:procedure argument or local not referenced : dwFormatType
D:\rawrxd\history\all_versions\src\dumpbin_final.asm\1771284647105_MaRX.asm(1948) : warning A6004:procedure argument or local not referenced : szCertName
D:\rawrxd\history\all_versions\src\dumpbin_final.asm\1771284647105_MaRX.asm(1948) : warning A6004:procedure argument or local not referenced : szCertIssuer
D:\rawrxd\history\all_versions\src\dumpbin_final.asm\1771284647105_MaRX.asm(1948) : warning A6004:procedure argument or local not referenced : szCertDate
D:\rawrxd\history\all_versions\src\dumpbin_final.asm\1771284647105_MaRX.asm(1948) : warning A6004:procedure argument or local not referenced : stNotBefore
D:\rawrxd\history\all_versions\src\dumpbin_final.asm\1771284647105_MaRX.asm(1948) : warning A6004:procedure argument or local not referenced : stNotAfter
