 Assembling: D:\rawrxd\history\all_versions\src\agentic\monaco\MONACO_EDITOR_ENTERPRISE.ASM\1771287505525_3gMa.ASM
D:\rawrxd\history\all_versions\src\agentic\monaco\MONACO_EDITOR_ENTERPRISE.ASM\1771287505525_3gMa.ASM(8) : error A2008:syntax error : WIN64
D:\rawrxd\history\all_versions\src\agentic\monaco\MONACO_EDITOR_ENTERPRISE.ASM\1771287505525_3gMa.ASM(104) : error A2008:syntax error : label
D:\rawrxd\history\all_versions\src\agentic\monaco\MONACO_EDITOR_ENTERPRISE.ASM\1771287505525_3gMa.ASM(165) : error A2008:syntax error : dword
D:\rawrxd\history\all_versions\src\agentic\monaco\MONACO_EDITOR_ENTERPRISE.ASM\1771287505525_3gMa.ASM(283) : error A2189:invalid combination with segment alignment : 64
D:\rawrxd\history\all_versions\src\agentic\monaco\MONACO_EDITOR_ENTERPRISE.ASM\1771287505525_3gMa.ASM(327) : error A2006:undefined symbol : LSPParseCapabilities
D:\rawrxd\history\all_versions\src\agentic\monaco\MONACO_EDITOR_ENTERPRISE.ASM\1771287505525_3gMa.ASM(331) : error A2006:undefined symbol : LSPSendInitialized
D:\rawrxd\history\all_versions\src\agentic\monaco\MONACO_EDITOR_ENTERPRISE.ASM\1771287505525_3gMa.ASM(496) : error A2006:undefined symbol : sz_jsonrpc_didChange
D:\rawrxd\history\all_versions\src\agentic\monaco\MONACO_EDITOR_ENTERPRISE.ASM\1771287505525_3gMa.ASM(497) : error A2006:undefined symbol : lstrcpyA
D:\rawrxd\history\all_versions\src\agentic\monaco\MONACO_EDITOR_ENTERPRISE.ASM\1771287505525_3gMa.ASM(499) : error A2006:undefined symbol : lstrlenA
D:\rawrxd\history\all_versions\src\agentic\monaco\MONACO_EDITOR_ENTERPRISE.ASM\1771287505525_3gMa.ASM(504) : error A2006:undefined symbol : lstrlenA
D:\rawrxd\history\all_versions\src\agentic\monaco\MONACO_EDITOR_ENTERPRISE.ASM\1771287505525_3gMa.ASM(508) : error A2006:undefined symbol : g_LSPPipeHandle
D:\rawrxd\history\all_versions\src\agentic\monaco\MONACO_EDITOR_ENTERPRISE.ASM\1771287505525_3gMa.ASM(517) : error A2006:undefined symbol : WriteFile
D:\rawrxd\history\all_versions\src\agentic\monaco\MONACO_EDITOR_ENTERPRISE.ASM\1771287505525_3gMa.ASM(761) : error A2006:undefined symbol : LineColToScreen
D:\rawrxd\history\all_versions\src\agentic\monaco\MONACO_EDITOR_ENTERPRISE.ASM\1771287505525_3gMa.ASM(767) : error A2006:undefined symbol : FONT_WIDTH
D:\rawrxd\history\all_versions\src\agentic\monaco\MONACO_EDITOR_ENTERPRISE.ASM\1771287505525_3gMa.ASM(776) : error A2206:missing operator in expression
D:\rawrxd\history\all_versions\src\agentic\monaco\MONACO_EDITOR_ENTERPRISE.ASM\1771287505525_3gMa.ASM(780) : error A2206:missing operator in expression
D:\rawrxd\history\all_versions\src\agentic\monaco\MONACO_EDITOR_ENTERPRISE.ASM\1771287505525_3gMa.ASM(783) : error A2206:missing operator in expression
D:\rawrxd\history\all_versions\src\agentic\monaco\MONACO_EDITOR_ENTERPRISE.ASM\1771287505525_3gMa.ASM(834) : error A2006:undefined symbol : sz_dap_launch_req
D:\rawrxd\history\all_versions\src\agentic\monaco\MONACO_EDITOR_ENTERPRISE.ASM\1771287505525_3gMa.ASM(835) : error A2006:undefined symbol : lstrcpyA
D:\rawrxd\history\all_versions\src\agentic\monaco\MONACO_EDITOR_ENTERPRISE.ASM\1771287505525_3gMa.ASM(848) : error A2006:undefined symbol : lstrlenA
D:\rawrxd\history\all_versions\src\agentic\monaco\MONACO_EDITOR_ENTERPRISE.ASM\1771287505525_3gMa.ASM(854) : error A2006:undefined symbol : WriteFile
D:\rawrxd\history\all_versions\src\agentic\monaco\MONACO_EDITOR_ENTERPRISE.ASM\1771287505525_3gMa.ASM(862) : error A2006:undefined symbol : ReadFile
D:\rawrxd\history\all_versions\src\agentic\monaco\MONACO_EDITOR_ENTERPRISE.ASM\1771287505525_3gMa.ASM(895) : error A2006:undefined symbol : sz_dap_setbp_req
D:\rawrxd\history\all_versions\src\agentic\monaco\MONACO_EDITOR_ENTERPRISE.ASM\1771287505525_3gMa.ASM(896) : error A2006:undefined symbol : lstrcpyA
D:\rawrxd\history\all_versions\src\agentic\monaco\MONACO_EDITOR_ENTERPRISE.ASM\1771287505525_3gMa.ASM(903) : error A2006:undefined symbol : lstrlenA
D:\rawrxd\history\all_versions\src\agentic\monaco\MONACO_EDITOR_ENTERPRISE.ASM\1771287505525_3gMa.ASM(909) : error A2006:undefined symbol : WriteFile
D:\rawrxd\history\all_versions\src\agentic\monaco\MONACO_EDITOR_ENTERPRISE.ASM\1771287505525_3gMa.ASM(917) : error A2006:undefined symbol : ReadFile
D:\rawrxd\history\all_versions\src\agentic\monaco\MONACO_EDITOR_ENTERPRISE.ASM\1771287505525_3gMa.ASM(922) : error A2006:undefined symbol : sz_verified_true
D:\rawrxd\history\all_versions\src\agentic\monaco\MONACO_EDITOR_ENTERPRISE.ASM\1771287505525_3gMa.ASM(923) : error A2006:undefined symbol : StrStrA
D:\rawrxd\history\all_versions\src\agentic\monaco\MONACO_EDITOR_ENTERPRISE.ASM\1771287505525_3gMa.ASM(954) : error A2006:undefined symbol : sz_dap_continue_req
D:\rawrxd\history\all_versions\src\agentic\monaco\MONACO_EDITOR_ENTERPRISE.ASM\1771287505525_3gMa.ASM(959) : error A2006:undefined symbol : sz_dap_continue_req
D:\rawrxd\history\all_versions\src\agentic\monaco\MONACO_EDITOR_ENTERPRISE.ASM\1771287505525_3gMa.ASM(960) : error A2006:undefined symbol : lstrcpyA
D:\rawrxd\history\all_versions\src\agentic\monaco\MONACO_EDITOR_ENTERPRISE.ASM\1771287505525_3gMa.ASM(964) : error A2006:undefined symbol : lstrlenA
D:\rawrxd\history\all_versions\src\agentic\monaco\MONACO_EDITOR_ENTERPRISE.ASM\1771287505525_3gMa.ASM(970) : error A2006:undefined symbol : WriteFile
D:\rawrxd\history\all_versions\src\agentic\monaco\MONACO_EDITOR_ENTERPRISE.ASM\1771287505525_3gMa.ASM(996) : error A2006:undefined symbol : sz_dap_next_req
D:\rawrxd\history\all_versions\src\agentic\monaco\MONACO_EDITOR_ENTERPRISE.ASM\1771287505525_3gMa.ASM(997) : error A2006:undefined symbol : lstrcpyA
D:\rawrxd\history\all_versions\src\agentic\monaco\MONACO_EDITOR_ENTERPRISE.ASM\1771287505525_3gMa.ASM(1001) : error A2006:undefined symbol : lstrlenA
D:\rawrxd\history\all_versions\src\agentic\monaco\MONACO_EDITOR_ENTERPRISE.ASM\1771287505525_3gMa.ASM(1007) : error A2006:undefined symbol : WriteFile
D:\rawrxd\history\all_versions\src\agentic\monaco\MONACO_EDITOR_ENTERPRISE.ASM\1771287505525_3gMa.ASM(1034) : error A2006:undefined symbol : sz_dap_stacktrace_req
D:\rawrxd\history\all_versions\src\agentic\monaco\MONACO_EDITOR_ENTERPRISE.ASM\1771287505525_3gMa.ASM(1035) : error A2006:undefined symbol : lstrcpyA
D:\rawrxd\history\all_versions\src\agentic\monaco\MONACO_EDITOR_ENTERPRISE.ASM\1771287505525_3gMa.ASM(1039) : error A2006:undefined symbol : lstrlenA
D:\rawrxd\history\all_versions\src\agentic\monaco\MONACO_EDITOR_ENTERPRISE.ASM\1771287505525_3gMa.ASM(1045) : error A2006:undefined symbol : WriteFile
D:\rawrxd\history\all_versions\src\agentic\monaco\MONACO_EDITOR_ENTERPRISE.ASM\1771287505525_3gMa.ASM(1054) : error A2006:undefined symbol : ReadFile
D:\rawrxd\history\all_versions\src\agentic\monaco\MONACO_EDITOR_ENTERPRISE.ASM\1771287505525_3gMa.ASM(1059) : error A2006:undefined symbol : sz_stackFrames
D:\rawrxd\history\all_versions\src\agentic\monaco\MONACO_EDITOR_ENTERPRISE.ASM\1771287505525_3gMa.ASM(1060) : error A2006:undefined symbol : StrStrA
D:\rawrxd\history\all_versions\src\agentic\monaco\MONACO_EDITOR_ENTERPRISE.ASM\1771287505525_3gMa.ASM(1136) : error A2006:undefined symbol : CreatePipe
D:\rawrxd\history\all_versions\src\agentic\monaco\MONACO_EDITOR_ENTERPRISE.ASM\1771287505525_3gMa.ASM(1158) : error A2006:undefined symbol : sz_git_diff_cmd
D:\rawrxd\history\all_versions\src\agentic\monaco\MONACO_EDITOR_ENTERPRISE.ASM\1771287505525_3gMa.ASM(1167) : error A2006:undefined symbol : CreateProcessA
D:\rawrxd\history\all_versions\src\agentic\monaco\MONACO_EDITOR_ENTERPRISE.ASM\1771287505525_3gMa.ASM(1173) : error A2006:undefined symbol : CloseHandle
D:\rawrxd\history\all_versions\src\agentic\monaco\MONACO_EDITOR_ENTERPRISE.ASM\1771287505525_3gMa.ASM(1181) : error A2006:undefined symbol : ReadFile
D:\rawrxd\history\all_versions\src\agentic\monaco\MONACO_EDITOR_ENTERPRISE.ASM\1771287505525_3gMa.ASM(1186) : error A2006:undefined symbol : WaitForSingleObject
D:\rawrxd\history\all_versions\src\agentic\monaco\MONACO_EDITOR_ENTERPRISE.ASM\1771287505525_3gMa.ASM(1190) : error A2006:undefined symbol : CloseHandle
D:\rawrxd\history\all_versions\src\agentic\monaco\MONACO_EDITOR_ENTERPRISE.ASM\1771287505525_3gMa.ASM(1192) : error A2006:undefined symbol : CloseHandle
D:\rawrxd\history\all_versions\src\agentic\monaco\MONACO_EDITOR_ENTERPRISE.ASM\1771287505525_3gMa.ASM(1194) : error A2006:undefined symbol : CloseHandle
D:\rawrxd\history\all_versions\src\agentic\monaco\MONACO_EDITOR_ENTERPRISE.ASM\1771287505525_3gMa.ASM(1199) : error A2006:undefined symbol : CloseHandle
D:\rawrxd\history\all_versions\src\agentic\monaco\MONACO_EDITOR_ENTERPRISE.ASM\1771287505525_3gMa.ASM(1201) : error A2006:undefined symbol : CloseHandle
D:\rawrxd\history\all_versions\src\agentic\monaco\MONACO_EDITOR_ENTERPRISE.ASM\1771287505525_3gMa.ASM(1226) : error A2006:undefined symbol : CreatePipe
D:\rawrxd\history\all_versions\src\agentic\monaco\MONACO_EDITOR_ENTERPRISE.ASM\1771287505525_3gMa.ASM(1247) : error A2006:undefined symbol : sz_git_blame_cmd
D:\rawrxd\history\all_versions\src\agentic\monaco\MONACO_EDITOR_ENTERPRISE.ASM\1771287505525_3gMa.ASM(1256) : error A2006:undefined symbol : CreateProcessA
D:\rawrxd\history\all_versions\src\agentic\monaco\MONACO_EDITOR_ENTERPRISE.ASM\1771287505525_3gMa.ASM(1261) : error A2006:undefined symbol : CloseHandle
D:\rawrxd\history\all_versions\src\agentic\monaco\MONACO_EDITOR_ENTERPRISE.ASM\1771287505525_3gMa.ASM(1269) : error A2006:undefined symbol : ReadFile
D:\rawrxd\history\all_versions\src\agentic\monaco\MONACO_EDITOR_ENTERPRISE.ASM\1771287505525_3gMa.ASM(1273) : error A2006:undefined symbol : WaitForSingleObject
D:\rawrxd\history\all_versions\src\agentic\monaco\MONACO_EDITOR_ENTERPRISE.ASM\1771287505525_3gMa.ASM(1275) : error A2006:undefined symbol : CloseHandle
D:\rawrxd\history\all_versions\src\agentic\monaco\MONACO_EDITOR_ENTERPRISE.ASM\1771287505525_3gMa.ASM(1277) : error A2006:undefined symbol : CloseHandle
D:\rawrxd\history\all_versions\src\agentic\monaco\MONACO_EDITOR_ENTERPRISE.ASM\1771287505525_3gMa.ASM(1279) : error A2006:undefined symbol : CloseHandle
D:\rawrxd\history\all_versions\src\agentic\monaco\MONACO_EDITOR_ENTERPRISE.ASM\1771287505525_3gMa.ASM(1284) : error A2006:undefined symbol : CloseHandle
D:\rawrxd\history\all_versions\src\agentic\monaco\MONACO_EDITOR_ENTERPRISE.ASM\1771287505525_3gMa.ASM(1286) : error A2006:undefined symbol : CloseHandle
D:\rawrxd\history\all_versions\src\agentic\monaco\MONACO_EDITOR_ENTERPRISE.ASM\1771287505525_3gMa.ASM(1312) : error A2006:undefined symbol : AlignedAlloc64
D:\rawrxd\history\all_versions\src\agentic\monaco\MONACO_EDITOR_ENTERPRISE.ASM\1771287505525_3gMa.ASM(1316) : error A2006:undefined symbol : BufferCreate
D:\rawrxd\history\all_versions\src\agentic\monaco\MONACO_EDITOR_ENTERPRISE.ASM\1771287505525_3gMa.ASM(1327) : error A2006:undefined symbol : IntelliSenseInit
D:\rawrxd\history\all_versions\src\agentic\monaco\MONACO_EDITOR_ENTERPRISE.ASM\1771287505525_3gMa.ASM(1331) : error A2006:undefined symbol : DiagnosticsInit
D:\rawrxd\history\all_versions\src\agentic\monaco\MONACO_EDITOR_ENTERPRISE.ASM\1771287505525_3gMa.ASM(1335) : error A2006:undefined symbol : DAPInit
D:\rawrxd\history\all_versions\src\agentic\monaco\MONACO_EDITOR_ENTERPRISE.ASM\1771287505525_3gMa.ASM(1340) : error A2006:undefined symbol : GitInit
D:\rawrxd\history\all_versions\src\agentic\monaco\MONACO_EDITOR_ENTERPRISE.ASM\1771287505525_3gMa.ASM(1347) : error A2006:undefined symbol : CreateFileA
D:\rawrxd\history\all_versions\src\agentic\monaco\MONACO_EDITOR_ENTERPRISE.ASM\1771287505525_3gMa.ASM(1375) : error A2006:undefined symbol : CreatePipe
D:\rawrxd\history\all_versions\src\agentic\monaco\MONACO_EDITOR_ENTERPRISE.ASM\1771287505525_3gMa.ASM(1384) : error A2006:undefined symbol : CreatePipe
D:\rawrxd\history\all_versions\src\agentic\monaco\MONACO_EDITOR_ENTERPRISE.ASM\1771287505525_3gMa.ASM(1414) : error A2006:undefined symbol : CreateProcessA
D:\rawrxd\history\all_versions\src\agentic\monaco\MONACO_EDITOR_ENTERPRISE.ASM\1771287505525_3gMa.ASM(1421) : error A2006:undefined symbol : g_LSPWriteHandle
D:\rawrxd\history\all_versions\src\agentic\monaco\MONACO_EDITOR_ENTERPRISE.ASM\1771287505525_3gMa.ASM(1424) : error A2006:undefined symbol : g_LSPReadHandle
D:\rawrxd\history\all_versions\src\agentic\monaco\MONACO_EDITOR_ENTERPRISE.ASM\1771287505525_3gMa.ASM(1427) : error A2006:undefined symbol : g_LSPProcessHandle
D:\rawrxd\history\all_versions\src\agentic\monaco\MONACO_EDITOR_ENTERPRISE.ASM\1771287505525_3gMa.ASM(1451) : error A2006:undefined symbol : VirtualAlloc
D:\rawrxd\history\all_versions\src\agentic\monaco\MONACO_EDITOR_ENTERPRISE.ASM\1771287505525_3gMa.ASM(344) : warning A4025:ENDP found before .ENDPROLOG : LSPInitialize
D:\rawrxd\history\all_versions\src\agentic\monaco\MONACO_EDITOR_ENTERPRISE.ASM\1771287505525_3gMa.ASM(344) : error A2220:Missing .ENDPROLOG
D:\rawrxd\history\all_versions\src\agentic\monaco\MONACO_EDITOR_ENTERPRISE.ASM\1771287505525_3gMa.ASM(409) : warning A4025:ENDP found before .ENDPROLOG : LSPSendInitialize
D:\rawrxd\history\all_versions\src\agentic\monaco\MONACO_EDITOR_ENTERPRISE.ASM\1771287505525_3gMa.ASM(409) : error A2247:size of prolog too big, must be < 256 bytes
D:\rawrxd\history\all_versions\src\agentic\monaco\MONACO_EDITOR_ENTERPRISE.ASM\1771287505525_3gMa.ASM(476) : warning A4025:ENDP found before .ENDPROLOG : LSPTextDocumentDidOpen
D:\rawrxd\history\all_versions\src\agentic\monaco\MONACO_EDITOR_ENTERPRISE.ASM\1771287505525_3gMa.ASM(613) : warning A4025:ENDP found before .ENDPROLOG : LSPCompletion
D:\rawrxd\history\all_versions\src\agentic\monaco\MONACO_EDITOR_ENTERPRISE.ASM\1771287505525_3gMa.ASM(702) : warning A4025:ENDP found before .ENDPROLOG : IntelliSenseRenderPopup
D:\rawrxd\history\all_versions\src\agentic\monaco\MONACO_EDITOR_ENTERPRISE.ASM\1771287505525_3gMa.ASM(725) : warning A4025:ENDP found before .ENDPROLOG : IntelliSenseApplyCompletion
D:\rawrxd\history\all_versions\src\agentic\monaco\MONACO_EDITOR_ENTERPRISE.ASM\1771287505525_3gMa.ASM(811) : warning A4025:ENDP found before .ENDPROLOG : DiagnosticsRenderSquiggles
D:\rawrxd\history\all_versions\src\agentic\monaco\MONACO_EDITOR_ENTERPRISE.ASM\1771287505525_3gMa.ASM(1116) : warning A4025:ENDP found before .ENDPROLOG : GitGetStatus
D:\rawrxd\history\all_versions\src\agentic\monaco\MONACO_EDITOR_ENTERPRISE.ASM\1771287505525_3gMa.ASM(1355) : warning A4025:ENDP found before .ENDPROLOG : EnterpriseEditorCreate
