 Assembling: D:\rawrxd\history\all_versions\src\Win32IDE_Sidebar.asm\1771508264797_7pzy.asm
D:\rawrxd\history\all_versions\src\Win32IDE_Sidebar.asm\1771508264797_7pzy.asm(6) : error A2008:syntax error : WIN64
D:\rawrxd\history\all_versions\src\Win32IDE_Sidebar.asm\1771508264797_7pzy.asm(16) : error A2008:syntax error : TranslateMessage
D:\rawrxd\history\all_versions\src\Win32IDE_Sidebar.asm\1771508264797_7pzy.asm(19) : error A2008:syntax error : GetStockObject
D:\rawrxd\history\all_versions\src\Win32IDE_Sidebar.asm\1771508264797_7pzy.asm(23) : error A2008:syntax error : ShowWindow
D:\rawrxd\history\all_versions\src\Win32IDE_Sidebar.asm\1771508264797_7pzy.asm(24) : error A2008:syntax error : UpdateWindow
D:\rawrxd\history\all_versions\src\Win32IDE_Sidebar.asm\1771508264797_7pzy.asm(25) : error A2008:syntax error : CreateFontA
D:\rawrxd\history\all_versions\src\Win32IDE_Sidebar.asm\1771508264797_7pzy.asm(26) : error A2008:syntax error : CreateSolidBrush
D:\rawrxd\history\all_versions\src\Win32IDE_Sidebar.asm\1771508264797_7pzy.asm(27) : error A2008:syntax error : DeleteObject
D:\rawrxd\history\all_versions\src\Win32IDE_Sidebar.asm\1771508264797_7pzy.asm(28) : error A2008:syntax error : FillRect
D:\rawrxd\history\all_versions\src\Win32IDE_Sidebar.asm\1771508264797_7pzy.asm(29) : error A2008:syntax error : GetClientRect
D:\rawrxd\history\all_versions\src\Win32IDE_Sidebar.asm\1771508264797_7pzy.asm(30) : error A2008:syntax error : MoveWindow
D:\rawrxd\history\all_versions\src\Win32IDE_Sidebar.asm\1771508264797_7pzy.asm(248) : error A2070:invalid instruction operands
D:\rawrxd\history\all_versions\src\Win32IDE_Sidebar.asm\1771508264797_7pzy.asm(249) : error A2070:invalid instruction operands
D:\rawrxd\history\all_versions\src\Win32IDE_Sidebar.asm\1771508264797_7pzy.asm(250) : error A2070:invalid instruction operands
D:\rawrxd\history\all_versions\src\Win32IDE_Sidebar.asm\1771508264797_7pzy.asm(251) : error A2070:invalid instruction operands
D:\rawrxd\history\all_versions\src\Win32IDE_Sidebar.asm\1771508264797_7pzy.asm(254) : error A2070:invalid instruction operands
D:\rawrxd\history\all_versions\src\Win32IDE_Sidebar.asm\1771508264797_7pzy.asm(263) : error A2070:invalid instruction operands
D:\rawrxd\history\all_versions\src\Win32IDE_Sidebar.asm\1771508264797_7pzy.asm(264) : error A2070:invalid instruction operands
D:\rawrxd\history\all_versions\src\Win32IDE_Sidebar.asm\1771508264797_7pzy.asm(265) : error A2070:invalid instruction operands
D:\rawrxd\history\all_versions\src\Win32IDE_Sidebar.asm\1771508264797_7pzy.asm(266) : error A2070:invalid instruction operands
D:\rawrxd\history\all_versions\src\Win32IDE_Sidebar.asm\1771508264797_7pzy.asm(269) : error A2070:invalid instruction operands
D:\rawrxd\history\all_versions\src\Win32IDE_Sidebar.asm\1771508264797_7pzy.asm(285) : error A2070:invalid instruction operands
D:\rawrxd\history\all_versions\src\Win32IDE_Sidebar.asm\1771508264797_7pzy.asm(286) : error A2070:invalid instruction operands
D:\rawrxd\history\all_versions\src\Win32IDE_Sidebar.asm\1771508264797_7pzy.asm(287) : error A2070:invalid instruction operands
D:\rawrxd\history\all_versions\src\Win32IDE_Sidebar.asm\1771508264797_7pzy.asm(288) : error A2070:invalid instruction operands
D:\rawrxd\history\all_versions\src\Win32IDE_Sidebar.asm\1771508264797_7pzy.asm(291) : error A2070:invalid instruction operands
D:\rawrxd\history\all_versions\src\Win32IDE_Sidebar.asm\1771508264797_7pzy.asm(300) : error A2070:invalid instruction operands
D:\rawrxd\history\all_versions\src\Win32IDE_Sidebar.asm\1771508264797_7pzy.asm(301) : error A2070:invalid instruction operands
D:\rawrxd\history\all_versions\src\Win32IDE_Sidebar.asm\1771508264797_7pzy.asm(302) : error A2070:invalid instruction operands
D:\rawrxd\history\all_versions\src\Win32IDE_Sidebar.asm\1771508264797_7pzy.asm(303) : error A2070:invalid instruction operands
D:\rawrxd\history\all_versions\src\Win32IDE_Sidebar.asm\1771508264797_7pzy.asm(306) : error A2070:invalid instruction operands
D:\rawrxd\history\all_versions\src\Win32IDE_Sidebar.asm\1771508264797_7pzy.asm(372) : error A2070:invalid instruction operands
D:\rawrxd\history\all_versions\src\Win32IDE_Sidebar.asm\1771508264797_7pzy.asm(394) : error A2008:syntax error : code
D:\rawrxd\history\all_versions\src\Win32IDE_Sidebar.asm\1771508264797_7pzy.asm(705) : error A2070:invalid instruction operands
D:\rawrxd\history\all_versions\src\Win32IDE_Sidebar.asm\1771508264797_7pzy.asm(706) : error A2070:invalid instruction operands
D:\rawrxd\history\all_versions\src\Win32IDE_Sidebar.asm\1771508264797_7pzy.asm(841) : error A2070:invalid instruction operands
D:\rawrxd\history\all_versions\src\Win32IDE_Sidebar.asm\1771508264797_7pzy.asm(275) : error A2006:undefined symbol : TVM_SETEXTENDEDSTYLE
D:\rawrxd\history\all_versions\src\Win32IDE_Sidebar.asm\1771508264797_7pzy.asm(312) : error A2006:undefined symbol : LVM_SETEXTENDEDLISTVIEWSTYLE
D:\rawrxd\history\all_versions\src\Win32IDE_Sidebar.asm\1771508264797_7pzy.asm(344) : error A2006:undefined symbol : MoveWindow
D:\rawrxd\history\all_versions\src\Win32IDE_Sidebar.asm\1771508264797_7pzy.asm(360) : error A2006:undefined symbol : MoveWindow
D:\rawrxd\history\all_versions\src\Win32IDE_Sidebar.asm\1771508264797_7pzy.asm(374) : error A2006:undefined symbol : MoveWindow
D:\rawrxd\history\all_versions\src\Win32IDE_Sidebar.asm\1771508264797_7pzy.asm(385) : error A2006:undefined symbol : MoveWindow
D:\rawrxd\history\all_versions\src\Win32IDE_Sidebar.asm\1771508264797_7pzy.asm(483) : error A2006:undefined symbol : DRAWITEMSTRUCT
D:\rawrxd\history\all_versions\src\Win32IDE_Sidebar.asm\1771508264797_7pzy.asm(486) : error A2006:undefined symbol : DRAWITEMSTRUCT
D:\rawrxd\history\all_versions\src\Win32IDE_Sidebar.asm\1771508264797_7pzy.asm(488) : error A2006:undefined symbol : SetBkColor
D:\rawrxd\history\all_versions\src\Win32IDE_Sidebar.asm\1771508264797_7pzy.asm(489) : error A2006:undefined symbol : DRAWITEMSTRUCT
D:\rawrxd\history\all_versions\src\Win32IDE_Sidebar.asm\1771508264797_7pzy.asm(491) : error A2006:undefined symbol : SetTextColor
D:\rawrxd\history\all_versions\src\Win32IDE_Sidebar.asm\1771508264797_7pzy.asm(494) : error A2006:undefined symbol : DRAWITEMSTRUCT
D:\rawrxd\history\all_versions\src\Win32IDE_Sidebar.asm\1771508264797_7pzy.asm(495) : error A2006:undefined symbol : DRAWITEMSTRUCT
D:\rawrxd\history\all_versions\src\Win32IDE_Sidebar.asm\1771508264797_7pzy.asm(497) : error A2006:undefined symbol : FillRect
D:\rawrxd\history\all_versions\src\Win32IDE_Sidebar.asm\1771508264797_7pzy.asm(500) : error A2006:undefined symbol : DRAWITEMSTRUCT
D:\rawrxd\history\all_versions\src\Win32IDE_Sidebar.asm\1771508264797_7pzy.asm(516) : error A2006:undefined symbol : DRAWITEMSTRUCT
D:\rawrxd\history\all_versions\src\Win32IDE_Sidebar.asm\1771508264797_7pzy.asm(518) : error A2006:undefined symbol : SetTextAlign
D:\rawrxd\history\all_versions\src\Win32IDE_Sidebar.asm\1771508264797_7pzy.asm(520) : error A2006:undefined symbol : DRAWITEMSTRUCT
D:\rawrxd\history\all_versions\src\Win32IDE_Sidebar.asm\1771508264797_7pzy.asm(522) : error A2006:undefined symbol : lstrlenA
D:\rawrxd\history\all_versions\src\Win32IDE_Sidebar.asm\1771508264797_7pzy.asm(524) : error A2006:undefined symbol : DRAWITEMSTRUCT
D:\rawrxd\history\all_versions\src\Win32IDE_Sidebar.asm\1771508264797_7pzy.asm(527) : error A2006:undefined symbol : DRAWITEMSTRUCT
D:\rawrxd\history\all_versions\src\Win32IDE_Sidebar.asm\1771508264797_7pzy.asm(528) : error A2006:undefined symbol : RECT
D:\rawrxd\history\all_versions\src\Win32IDE_Sidebar.asm\1771508264797_7pzy.asm(529) : error A2006:undefined symbol : RECT
D:\rawrxd\history\all_versions\src\Win32IDE_Sidebar.asm\1771508264797_7pzy.asm(532) : error A2006:undefined symbol : RECT
D:\rawrxd\history\all_versions\src\Win32IDE_Sidebar.asm\1771508264797_7pzy.asm(535) : error A2006:undefined symbol : TextOutA
D:\rawrxd\history\all_versions\src\Win32IDE_Sidebar.asm\1771508264797_7pzy.asm(562) : error A2006:undefined symbol : DeleteObject
D:\rawrxd\history\all_versions\src\Win32IDE_Sidebar.asm\1771508264797_7pzy.asm(599) : error A2006:undefined symbol : ShowWindow
D:\rawrxd\history\all_versions\src\Win32IDE_Sidebar.asm\1771508264797_7pzy.asm(603) : error A2006:undefined symbol : ShowWindow
D:\rawrxd\history\all_versions\src\Win32IDE_Sidebar.asm\1771508264797_7pzy.asm(607) : error A2006:undefined symbol : ShowWindow
D:\rawrxd\history\all_versions\src\Win32IDE_Sidebar.asm\1771508264797_7pzy.asm(615) : error A2006:undefined symbol : ShowWindow
D:\rawrxd\history\all_versions\src\Win32IDE_Sidebar.asm\1771508264797_7pzy.asm(624) : error A2006:undefined symbol : ShowWindow
D:\rawrxd\history\all_versions\src\Win32IDE_Sidebar.asm\1771508264797_7pzy.asm(627) : error A2006:undefined symbol : ShowWindow
D:\rawrxd\history\all_versions\src\Win32IDE_Sidebar.asm\1771508264797_7pzy.asm(636) : error A2006:undefined symbol : ShowWindow
D:\rawrxd\history\all_versions\src\Win32IDE_Sidebar.asm\1771508264797_7pzy.asm(646) : error A2006:undefined symbol : ShowWindow
D:\rawrxd\history\all_versions\src\Win32IDE_Sidebar.asm\1771508264797_7pzy.asm(655) : error A2006:undefined symbol : ShowWindow
D:\rawrxd\history\all_versions\src\Win32IDE_Sidebar.asm\1771508264797_7pzy.asm(741) : error A2006:undefined symbol : LVM_DELETEALLITEMS
D:\rawrxd\history\all_versions\src\Win32IDE_Sidebar.asm\1771508264797_7pzy.asm(783) : error A2006:undefined symbol : WS_EX_CLIENTEDGE
D:\rawrxd\history\all_versions\src\Win32IDE_Sidebar.asm\1771508264797_7pzy.asm(663) : warning A4025:ENDP found before .ENDPROLOG : SidebarSwitchView
D:\rawrxd\history\all_versions\src\Win32IDE_Sidebar.asm\1771508264797_7pzy.asm(663) : error A2247:size of prolog too big, must be < 256 bytes
D:\rawrxd\history\all_versions\src\Win32IDE_Sidebar.asm\1771508264797_7pzy.asm(663) : error A2220:Missing .ENDPROLOG
D:\rawrxd\history\all_versions\src\Win32IDE_Sidebar.asm\1771508264797_7pzy.asm(760) : warning A4025:ENDP found before .ENDPROLOG : SidebarExecuteGit
D:\rawrxd\history\all_versions\src\Win32IDE_Sidebar.asm\1771508264797_7pzy.asm(817) : warning A4025:ENDP found before .ENDPROLOG : SidebarCreate
D:\rawrxd\history\all_versions\src\Win32IDE_Sidebar.asm\1771508264797_7pzy.asm(881) : warning A4025:ENDP found before .ENDPROLOG : SidebarDebugAttach
D:\rawrxd\history\all_versions\src\Win32IDE_Sidebar.asm\1771508264797_7pzy.asm(881) : error A2247:size of prolog too big, must be < 256 bytes
D:\rawrxd\history\all_versions\src\Win32IDE_Sidebar.asm\1771508264797_7pzy.asm(881) : error A2220:Missing .ENDPROLOG
