 Assembling: D:\rawrxd\history\all_versions\src\Win32IDE_Sidebar.asm\1771507970393_yfdL.asm
D:\rawrxd\history\all_versions\src\Win32IDE_Sidebar.asm\1771507970393_yfdL.asm(242) : error A2070:invalid instruction operands
D:\rawrxd\history\all_versions\src\Win32IDE_Sidebar.asm\1771507970393_yfdL.asm(243) : error A2070:invalid instruction operands
D:\rawrxd\history\all_versions\src\Win32IDE_Sidebar.asm\1771507970393_yfdL.asm(244) : error A2070:invalid instruction operands
D:\rawrxd\history\all_versions\src\Win32IDE_Sidebar.asm\1771507970393_yfdL.asm(245) : error A2070:invalid instruction operands
D:\rawrxd\history\all_versions\src\Win32IDE_Sidebar.asm\1771507970393_yfdL.asm(248) : error A2070:invalid instruction operands
D:\rawrxd\history\all_versions\src\Win32IDE_Sidebar.asm\1771507970393_yfdL.asm(257) : error A2070:invalid instruction operands
D:\rawrxd\history\all_versions\src\Win32IDE_Sidebar.asm\1771507970393_yfdL.asm(258) : error A2070:invalid instruction operands
D:\rawrxd\history\all_versions\src\Win32IDE_Sidebar.asm\1771507970393_yfdL.asm(259) : error A2070:invalid instruction operands
D:\rawrxd\history\all_versions\src\Win32IDE_Sidebar.asm\1771507970393_yfdL.asm(260) : error A2070:invalid instruction operands
D:\rawrxd\history\all_versions\src\Win32IDE_Sidebar.asm\1771507970393_yfdL.asm(263) : error A2070:invalid instruction operands
D:\rawrxd\history\all_versions\src\Win32IDE_Sidebar.asm\1771507970393_yfdL.asm(279) : error A2070:invalid instruction operands
D:\rawrxd\history\all_versions\src\Win32IDE_Sidebar.asm\1771507970393_yfdL.asm(280) : error A2070:invalid instruction operands
D:\rawrxd\history\all_versions\src\Win32IDE_Sidebar.asm\1771507970393_yfdL.asm(281) : error A2070:invalid instruction operands
D:\rawrxd\history\all_versions\src\Win32IDE_Sidebar.asm\1771507970393_yfdL.asm(282) : error A2070:invalid instruction operands
D:\rawrxd\history\all_versions\src\Win32IDE_Sidebar.asm\1771507970393_yfdL.asm(285) : error A2070:invalid instruction operands
D:\rawrxd\history\all_versions\src\Win32IDE_Sidebar.asm\1771507970393_yfdL.asm(294) : error A2070:invalid instruction operands
D:\rawrxd\history\all_versions\src\Win32IDE_Sidebar.asm\1771507970393_yfdL.asm(295) : error A2070:invalid instruction operands
D:\rawrxd\history\all_versions\src\Win32IDE_Sidebar.asm\1771507970393_yfdL.asm(296) : error A2070:invalid instruction operands
D:\rawrxd\history\all_versions\src\Win32IDE_Sidebar.asm\1771507970393_yfdL.asm(297) : error A2070:invalid instruction operands
D:\rawrxd\history\all_versions\src\Win32IDE_Sidebar.asm\1771507970393_yfdL.asm(300) : error A2070:invalid instruction operands
D:\rawrxd\history\all_versions\src\Win32IDE_Sidebar.asm\1771507970393_yfdL.asm(366) : error A2070:invalid instruction operands
D:\rawrxd\history\all_versions\src\Win32IDE_Sidebar.asm\1771507970393_yfdL.asm(388) : error A2008:syntax error : code
D:\rawrxd\history\all_versions\src\Win32IDE_Sidebar.asm\1771507970393_yfdL.asm(699) : error A2070:invalid instruction operands
D:\rawrxd\history\all_versions\src\Win32IDE_Sidebar.asm\1771507970393_yfdL.asm(700) : error A2070:invalid instruction operands
D:\rawrxd\history\all_versions\src\Win32IDE_Sidebar.asm\1771507970393_yfdL.asm(835) : error A2070:invalid instruction operands
D:\rawrxd\history\all_versions\src\Win32IDE_Sidebar.asm\1771507970393_yfdL.asm(269) : error A2006:undefined symbol : TVM_SETEXTENDEDSTYLE
D:\rawrxd\history\all_versions\src\Win32IDE_Sidebar.asm\1771507970393_yfdL.asm(306) : error A2006:undefined symbol : LVM_SETEXTENDEDLISTVIEWSTYLE
D:\rawrxd\history\all_versions\src\Win32IDE_Sidebar.asm\1771507970393_yfdL.asm(477) : error A2006:undefined symbol : DRAWITEMSTRUCT
D:\rawrxd\history\all_versions\src\Win32IDE_Sidebar.asm\1771507970393_yfdL.asm(480) : error A2006:undefined symbol : DRAWITEMSTRUCT
D:\rawrxd\history\all_versions\src\Win32IDE_Sidebar.asm\1771507970393_yfdL.asm(482) : error A2006:undefined symbol : SetBkColor
D:\rawrxd\history\all_versions\src\Win32IDE_Sidebar.asm\1771507970393_yfdL.asm(483) : error A2006:undefined symbol : DRAWITEMSTRUCT
D:\rawrxd\history\all_versions\src\Win32IDE_Sidebar.asm\1771507970393_yfdL.asm(485) : error A2006:undefined symbol : SetTextColor
D:\rawrxd\history\all_versions\src\Win32IDE_Sidebar.asm\1771507970393_yfdL.asm(488) : error A2006:undefined symbol : DRAWITEMSTRUCT
D:\rawrxd\history\all_versions\src\Win32IDE_Sidebar.asm\1771507970393_yfdL.asm(489) : error A2006:undefined symbol : DRAWITEMSTRUCT
D:\rawrxd\history\all_versions\src\Win32IDE_Sidebar.asm\1771507970393_yfdL.asm(494) : error A2006:undefined symbol : DRAWITEMSTRUCT
D:\rawrxd\history\all_versions\src\Win32IDE_Sidebar.asm\1771507970393_yfdL.asm(510) : error A2006:undefined symbol : DRAWITEMSTRUCT
D:\rawrxd\history\all_versions\src\Win32IDE_Sidebar.asm\1771507970393_yfdL.asm(512) : error A2006:undefined symbol : SetTextAlign
D:\rawrxd\history\all_versions\src\Win32IDE_Sidebar.asm\1771507970393_yfdL.asm(514) : error A2006:undefined symbol : DRAWITEMSTRUCT
D:\rawrxd\history\all_versions\src\Win32IDE_Sidebar.asm\1771507970393_yfdL.asm(516) : error A2006:undefined symbol : lstrlenA
D:\rawrxd\history\all_versions\src\Win32IDE_Sidebar.asm\1771507970393_yfdL.asm(518) : error A2006:undefined symbol : DRAWITEMSTRUCT
D:\rawrxd\history\all_versions\src\Win32IDE_Sidebar.asm\1771507970393_yfdL.asm(521) : error A2006:undefined symbol : DRAWITEMSTRUCT
D:\rawrxd\history\all_versions\src\Win32IDE_Sidebar.asm\1771507970393_yfdL.asm(522) : error A2006:undefined symbol : RECT
D:\rawrxd\history\all_versions\src\Win32IDE_Sidebar.asm\1771507970393_yfdL.asm(523) : error A2006:undefined symbol : RECT
D:\rawrxd\history\all_versions\src\Win32IDE_Sidebar.asm\1771507970393_yfdL.asm(526) : error A2006:undefined symbol : RECT
D:\rawrxd\history\all_versions\src\Win32IDE_Sidebar.asm\1771507970393_yfdL.asm(529) : error A2006:undefined symbol : TextOutA
D:\rawrxd\history\all_versions\src\Win32IDE_Sidebar.asm\1771507970393_yfdL.asm(735) : error A2006:undefined symbol : LVM_DELETEALLITEMS
D:\rawrxd\history\all_versions\src\Win32IDE_Sidebar.asm\1771507970393_yfdL.asm(777) : error A2006:undefined symbol : WS_EX_CLIENTEDGE
D:\rawrxd\history\all_versions\src\Win32IDE_Sidebar.asm\1771507970393_yfdL.asm(568) : error A2220:Missing .ENDPROLOG
D:\rawrxd\history\all_versions\src\Win32IDE_Sidebar.asm\1771507970393_yfdL.asm(657) : error A2220:Missing .ENDPROLOG
D:\rawrxd\history\all_versions\src\Win32IDE_Sidebar.asm\1771507970393_yfdL.asm(754) : error A2220:Missing .ENDPROLOG
D:\rawrxd\history\all_versions\src\Win32IDE_Sidebar.asm\1771507970393_yfdL.asm(811) : error A2220:Missing .ENDPROLOG
D:\rawrxd\history\all_versions\src\Win32IDE_Sidebar.asm\1771507970393_yfdL.asm(875) : error A2220:Missing .ENDPROLOG
