 Assembling: D:\rawrxd\history\all_versions\src\asm\gguf_dump.asm\1771284186749_qhXn.asm
D:\rawrxd\history\all_versions\src\asm\gguf_dump.asm\1771284186749_qhXn.asm(149) : error A2008:syntax error : .
D:\rawrxd\history\all_versions\src\asm\gguf_dump.asm\1771284186749_qhXn.asm(154) : error A2008:syntax error : .
D:\rawrxd\history\all_versions\src\asm\gguf_dump.asm\1771284186749_qhXn.asm(158) : error A2008:syntax error : .
D:\rawrxd\history\all_versions\src\asm\gguf_dump.asm\1771284186749_qhXn.asm(162) : error A2008:syntax error : .
D:\rawrxd\history\all_versions\src\asm\gguf_dump.asm\1771284186749_qhXn.asm(166) : error A2008:syntax error : .
D:\rawrxd\history\all_versions\src\asm\gguf_dump.asm\1771284186749_qhXn.asm(181) : error A2008:syntax error : .
D:\rawrxd\history\all_versions\src\asm\gguf_dump.asm\1771284186749_qhXn.asm(184) : error A2008:syntax error : .
D:\rawrxd\history\all_versions\src\asm\gguf_dump.asm\1771284186749_qhXn.asm(257) : error A2008:syntax error : .
D:\rawrxd\history\all_versions\src\asm\gguf_dump.asm\1771284186749_qhXn.asm(261) : error A2008:syntax error : .
D:\rawrxd\history\all_versions\src\asm\gguf_dump.asm\1771284186749_qhXn.asm(265) : error A2008:syntax error : .
D:\rawrxd\history\all_versions\src\asm\gguf_dump.asm\1771284186749_qhXn.asm(273) : error A2008:syntax error : .
D:\rawrxd\history\all_versions\src\asm\gguf_dump.asm\1771284186749_qhXn.asm(295) : error A2008:syntax error : .
D:\rawrxd\history\all_versions\src\asm\gguf_dump.asm\1771284186749_qhXn.asm(307) : error A2008:syntax error : .
D:\rawrxd\history\all_versions\src\asm\gguf_dump.asm\1771284186749_qhXn.asm(342) : error A2008:syntax error : .
D:\rawrxd\history\all_versions\src\asm\gguf_dump.asm\1771284186749_qhXn.asm(345) : error A2008:syntax error : .
D:\rawrxd\history\all_versions\src\asm\gguf_dump.asm\1771284186749_qhXn.asm(364) : error A2008:syntax error : .
D:\rawrxd\history\all_versions\src\asm\gguf_dump.asm\1771284186749_qhXn.asm(414) : error A2008:syntax error : .
D:\rawrxd\history\all_versions\src\asm\gguf_dump.asm\1771284186749_qhXn.asm(434) : error A2008:syntax error : .
D:\rawrxd\history\all_versions\src\asm\gguf_dump.asm\1771284186749_qhXn.asm(474) : error A2008:syntax error : .
D:\rawrxd\history\all_versions\src\asm\gguf_dump.asm\1771284186749_qhXn.asm(477) : error A2008:syntax error : .
D:\rawrxd\history\all_versions\src\asm\gguf_dump.asm\1771284186749_qhXn.asm(492) : error A2008:syntax error : .
D:\rawrxd\history\all_versions\src\asm\gguf_dump.asm\1771284186749_qhXn.asm(505) : error A2008:syntax error : .
D:\rawrxd\history\all_versions\src\asm\gguf_dump.asm\1771284186749_qhXn.asm(517) : error A2008:syntax error : .
D:\rawrxd\history\all_versions\src\asm\gguf_dump.asm\1771284186749_qhXn.asm(539) : error A2008:syntax error : .
D:\rawrxd\history\all_versions\src\asm\gguf_dump.asm\1771284186749_qhXn.asm(542) : error A2008:syntax error : .
D:\rawrxd\history\all_versions\src\asm\gguf_dump.asm\1771284186749_qhXn.asm(557) : error A2008:syntax error : .
D:\rawrxd\history\all_versions\src\asm\gguf_dump.asm\1771284186749_qhXn.asm(563) : error A2008:syntax error : .
D:\rawrxd\history\all_versions\src\asm\gguf_dump.asm\1771284186749_qhXn.asm(618) : error A2008:syntax error : .
D:\rawrxd\history\all_versions\src\asm\gguf_dump.asm\1771284186749_qhXn.asm(624) : error A2008:syntax error : .
D:\rawrxd\history\all_versions\src\asm\gguf_dump.asm\1771284186749_qhXn.asm(630) : error A2008:syntax error : .
D:\rawrxd\history\all_versions\src\asm\gguf_dump.asm\1771284186749_qhXn.asm(113) : error A2006:undefined symbol : show_usage
D:\rawrxd\history\all_versions\src\asm\gguf_dump.asm\1771284186749_qhXn.asm(126) : error A2006:undefined symbol : exit_error
D:\rawrxd\history\all_versions\src\asm\gguf_dump.asm\1771284186749_qhXn.asm(133) : error A2006:undefined symbol : default_dump
D:\rawrxd\history\all_versions\src\asm\gguf_dump.asm\1771284186749_qhXn.asm(140) : error A2006:undefined symbol : ghost_output
D:\rawrxd\history\all_versions\src\asm\gguf_dump.asm\1771284186749_qhXn.asm(146) : error A2006:undefined symbol : tensors_only
D:\rawrxd\history\all_versions\src\asm\gguf_dump.asm\1771284186749_qhXn.asm(150) : error A2006:undefined symbol : DumpMetadata
D:\rawrxd\history\all_versions\src\asm\gguf_dump.asm\1771284186749_qhXn.asm(152) : error A2006:undefined symbol : cleanup
D:\rawrxd\history\all_versions\src\asm\gguf_dump.asm\1771284186749_qhXn.asm(156) : error A2006:undefined symbol : cleanup
D:\rawrxd\history\all_versions\src\asm\gguf_dump.asm\1771284186749_qhXn.asm(160) : error A2006:undefined symbol : cleanup
D:\rawrxd\history\all_versions\src\asm\gguf_dump.asm\1771284186749_qhXn.asm(179) : error A2006:undefined symbol : exit
D:\rawrxd\history\all_versions\src\asm\gguf_dump.asm\1771284186749_qhXn.asm(193) : error A2206:missing operator in expression
D:\rawrxd\history\all_versions\src\asm\gguf_dump.asm\1771284186749_qhXn.asm(213) : error A2006:undefined symbol : fail
D:\rawrxd\history\all_versions\src\asm\gguf_dump.asm\1771284186749_qhXn.asm(235) : error A2006:undefined symbol : fail_close
D:\rawrxd\history\all_versions\src\asm\gguf_dump.asm\1771284186749_qhXn.asm(250) : error A2006:undefined symbol : fail_unmap
D:\rawrxd\history\all_versions\src\asm\gguf_dump.asm\1771284186749_qhXn.asm(255) : error A2006:undefined symbol : done
D:\rawrxd\history\all_versions\src\asm\gguf_dump.asm\1771284186749_qhXn.asm(274) : error A2206:missing operator in expression
D:\rawrxd\history\all_versions\src\asm\gguf_dump.asm\1771284186749_qhXn.asm(288) : error A2206:missing operator in expression
D:\rawrxd\history\all_versions\src\asm\gguf_dump.asm\1771284186749_qhXn.asm(289) : error A2006:undefined symbol : magic_ok
D:\rawrxd\history\all_versions\src\asm\gguf_dump.asm\1771284186749_qhXn.asm(293) : error A2006:undefined symbol : fail
D:\rawrxd\history\all_versions\src\asm\gguf_dump.asm\1771284186749_qhXn.asm(301) : error A2006:undefined symbol : version_ok
D:\rawrxd\history\all_versions\src\asm\gguf_dump.asm\1771284186749_qhXn.asm(305) : error A2006:undefined symbol : fail
D:\rawrxd\history\all_versions\src\asm\gguf_dump.asm\1771284186749_qhXn.asm(340) : error A2006:undefined symbol : done
D:\rawrxd\history\all_versions\src\asm\gguf_dump.asm\1771284186749_qhXn.asm(354) : error A2206:missing operator in expression
D:\rawrxd\history\all_versions\src\asm\gguf_dump.asm\1771284186749_qhXn.asm(366) : error A2006:undefined symbol : done
D:\rawrxd\history\all_versions\src\asm\gguf_dump.asm\1771284186749_qhXn.asm(412) : error A2006:undefined symbol : tensor_loop
D:\rawrxd\history\all_versions\src\asm\gguf_dump.asm\1771284186749_qhXn.asm(415) : error A2206:missing operator in expression
D:\rawrxd\history\all_versions\src\asm\gguf_dump.asm\1771284186749_qhXn.asm(423) : error A2206:missing operator in expression
D:\rawrxd\history\all_versions\src\asm\gguf_dump.asm\1771284186749_qhXn.asm(436) : error A2006:undefined symbol : done
D:\rawrxd\history\all_versions\src\asm\gguf_dump.asm\1771284186749_qhXn.asm(471) : error A2006:undefined symbol : multi_stripe
D:\rawrxd\history\all_versions\src\asm\gguf_dump.asm\1771284186749_qhXn.asm(473) : error A2006:undefined symbol : print_entry
D:\rawrxd\history\all_versions\src\asm\gguf_dump.asm\1771284186749_qhXn.asm(490) : error A2006:undefined symbol : ghost_loop
D:\rawrxd\history\all_versions\src\asm\gguf_dump.asm\1771284186749_qhXn.asm(493) : error A2206:missing operator in expression
D:\rawrxd\history\all_versions\src\asm\gguf_dump.asm\1771284186749_qhXn.asm(503) : error A2206:missing operator in expression
D:\rawrxd\history\all_versions\src\asm\gguf_dump.asm\1771284186749_qhXn.asm(507) : error A2006:undefined symbol : done
D:\rawrxd\history\all_versions\src\asm\gguf_dump.asm\1771284186749_qhXn.asm(511) : error A2206:missing operator in expression
D:\rawrxd\history\all_versions\src\asm\gguf_dump.asm\1771284186749_qhXn.asm(515) : error A2006:undefined symbol : hash_loop
D:\rawrxd\history\all_versions\src\asm\gguf_dump.asm\1771284186749_qhXn.asm(534) : error A2006:undefined symbol : hot
D:\rawrxd\history\all_versions\src\asm\gguf_dump.asm\1771284186749_qhXn.asm(536) : error A2006:undefined symbol : warm
D:\rawrxd\history\all_versions\src\asm\gguf_dump.asm\1771284186749_qhXn.asm(552) : error A2206:missing operator in expression
D:\rawrxd\history\all_versions\src\asm\gguf_dump.asm\1771284186749_qhXn.asm(559) : error A2006:undefined symbol : print
D:\rawrxd\history\all_versions\src\asm\gguf_dump.asm\1771284186749_qhXn.asm(561) : error A2006:undefined symbol : len_loop
D:\rawrxd\history\all_versions\src\asm\gguf_dump.asm\1771284186749_qhXn.asm(573) : error A2206:missing operator in expression
D:\rawrxd\history\all_versions\src\asm\gguf_dump.asm\1771284186749_qhXn.asm(615) : error A2006:undefined symbol : skip_unmap
D:\rawrxd\history\all_versions\src\asm\gguf_dump.asm\1771284186749_qhXn.asm(621) : error A2006:undefined symbol : skip_close
D:\rawrxd\history\all_versions\src\asm\gguf_dump.asm\1771284186749_qhXn.asm(627) : error A2006:undefined symbol : done
