 Assembling: D:\rawrxd\history\all_versions\src\agentic\monaco\MONACO_EDITOR_ENTERPRISE.ASM\1771287869052_G3sH.ASM
D:\rawrxd\history\all_versions\src\agentic\monaco\MONACO_EDITOR_ENTERPRISE.ASM\1771287869052_G3sH.ASM(1) : error A2044:invalid character in file
D:\rawrxd\history\all_versions\src\agentic\monaco\MONACO_EDITOR_ENTERPRISE.ASM\1771287869052_G3sH.ASM(106) : error A2008:syntax error : label
D:\rawrxd\history\all_versions\src\agentic\monaco\MONACO_EDITOR_ENTERPRISE.ASM\1771287869052_G3sH.ASM(167) : error A2008:syntax error : dword
D:\rawrxd\history\all_versions\src\agentic\monaco\MONACO_EDITOR_ENTERPRISE.ASM\1771287869052_G3sH.ASM(2094) : error A2070:invalid instruction operands
D:\rawrxd\history\all_versions\src\agentic\monaco\MONACO_EDITOR_ENTERPRISE.ASM\1771287869052_G3sH.ASM(527) : error A2006:undefined symbol : lstrcpyA
D:\rawrxd\history\all_versions\src\agentic\monaco\MONACO_EDITOR_ENTERPRISE.ASM\1771287869052_G3sH.ASM(797) : error A2006:undefined symbol : FONT_WIDTH
D:\rawrxd\history\all_versions\src\agentic\monaco\MONACO_EDITOR_ENTERPRISE.ASM\1771287869052_G3sH.ASM(806) : error A2206:missing operator in expression
D:\rawrxd\history\all_versions\src\agentic\monaco\MONACO_EDITOR_ENTERPRISE.ASM\1771287869052_G3sH.ASM(810) : error A2206:missing operator in expression
D:\rawrxd\history\all_versions\src\agentic\monaco\MONACO_EDITOR_ENTERPRISE.ASM\1771287869052_G3sH.ASM(813) : error A2206:missing operator in expression
D:\rawrxd\history\all_versions\src\agentic\monaco\MONACO_EDITOR_ENTERPRISE.ASM\1771287869052_G3sH.ASM(867) : error A2006:undefined symbol : lstrcpyA
D:\rawrxd\history\all_versions\src\agentic\monaco\MONACO_EDITOR_ENTERPRISE.ASM\1771287869052_G3sH.ASM(880) : error A2006:undefined symbol : lstrcpyA
D:\rawrxd\history\all_versions\src\agentic\monaco\MONACO_EDITOR_ENTERPRISE.ASM\1771287869052_G3sH.ASM(887) : error A2006:undefined symbol : lstrcpyA
D:\rawrxd\history\all_versions\src\agentic\monaco\MONACO_EDITOR_ENTERPRISE.ASM\1771287869052_G3sH.ASM(942) : error A2006:undefined symbol : lstrcpyA
D:\rawrxd\history\all_versions\src\agentic\monaco\MONACO_EDITOR_ENTERPRISE.ASM\1771287869052_G3sH.ASM(953) : error A2006:undefined symbol : lstrcpyA
D:\rawrxd\history\all_versions\src\agentic\monaco\MONACO_EDITOR_ENTERPRISE.ASM\1771287869052_G3sH.ASM(1025) : error A2006:undefined symbol : lstrcpyA
D:\rawrxd\history\all_versions\src\agentic\monaco\MONACO_EDITOR_ENTERPRISE.ASM\1771287869052_G3sH.ASM(1062) : error A2006:undefined symbol : lstrcpyA
D:\rawrxd\history\all_versions\src\agentic\monaco\MONACO_EDITOR_ENTERPRISE.ASM\1771287869052_G3sH.ASM(1100) : error A2006:undefined symbol : lstrcpyA
D:\rawrxd\history\all_versions\src\agentic\monaco\MONACO_EDITOR_ENTERPRISE.ASM\1771287869052_G3sH.ASM(1201) : error A2006:undefined symbol : CreatePipe
D:\rawrxd\history\all_versions\src\agentic\monaco\MONACO_EDITOR_ENTERPRISE.ASM\1771287869052_G3sH.ASM(1291) : error A2006:undefined symbol : CreatePipe
D:\rawrxd\history\all_versions\src\agentic\monaco\MONACO_EDITOR_ENTERPRISE.ASM\1771287869052_G3sH.ASM(1377) : error A2006:undefined symbol : AlignedAlloc64
D:\rawrxd\history\all_versions\src\agentic\monaco\MONACO_EDITOR_ENTERPRISE.ASM\1771287869052_G3sH.ASM(1381) : error A2006:undefined symbol : BufferCreate
D:\rawrxd\history\all_versions\src\agentic\monaco\MONACO_EDITOR_ENTERPRISE.ASM\1771287869052_G3sH.ASM(1440) : error A2006:undefined symbol : CreatePipe
D:\rawrxd\history\all_versions\src\agentic\monaco\MONACO_EDITOR_ENTERPRISE.ASM\1771287869052_G3sH.ASM(1449) : error A2006:undefined symbol : CreatePipe
D:\rawrxd\history\all_versions\src\agentic\monaco\MONACO_EDITOR_ENTERPRISE.ASM\1771287869052_G3sH.ASM(1838) : error A2006:undefined symbol : RtlMoveMemory
D:\rawrxd\history\all_versions\src\agentic\monaco\MONACO_EDITOR_ENTERPRISE.ASM\1771287869052_G3sH.ASM(1938) : error A2006:undefined symbol : RtlMoveMemory
D:\rawrxd\history\all_versions\src\agentic\monaco\MONACO_EDITOR_ENTERPRISE.ASM\1771287869052_G3sH.ASM(2075) : error A2006:undefined symbol : CreateSolidBrush
D:\rawrxd\history\all_versions\src\agentic\monaco\MONACO_EDITOR_ENTERPRISE.ASM\1771287869052_G3sH.ASM(2095) : error A2006:undefined symbol : RoundRect
D:\rawrxd\history\all_versions\src\agentic\monaco\MONACO_EDITOR_ENTERPRISE.ASM\1771287869052_G3sH.ASM(2101) : error A2006:undefined symbol : SetDCPenColor
D:\rawrxd\history\all_versions\src\agentic\monaco\MONACO_EDITOR_ENTERPRISE.ASM\1771287869052_G3sH.ASM(2172) : error A2006:undefined symbol : CreateSolidBrush
D:\rawrxd\history\all_versions\src\agentic\monaco\MONACO_EDITOR_ENTERPRISE.ASM\1771287869052_G3sH.ASM(2186) : error A2006:undefined symbol : FillRect
D:\rawrxd\history\all_versions\src\agentic\monaco\MONACO_EDITOR_ENTERPRISE.ASM\1771287869052_G3sH.ASM(2235) : error A2006:undefined symbol : CreatePen
D:\rawrxd\history\all_versions\src\agentic\monaco\MONACO_EDITOR_ENTERPRISE.ASM\1771287869052_G3sH.ASM(2249) : error A2006:undefined symbol : MoveToEx
D:\rawrxd\history\all_versions\src\agentic\monaco\MONACO_EDITOR_ENTERPRISE.ASM\1771287869052_G3sH.ASM(2274) : error A2006:undefined symbol : LineTo
D:\rawrxd\history\all_versions\src\agentic\monaco\MONACO_EDITOR_ENTERPRISE.ASM\1771287869052_G3sH.ASM(2473) : error A2006:undefined symbol : RtlCompareMemory
D:\rawrxd\history\all_versions\src\agentic\monaco\MONACO_EDITOR_ENTERPRISE.ASM\1771287869052_G3sH.ASM(346) : warning A4025:ENDP found before .ENDPROLOG : LSPInitialize
D:\rawrxd\history\all_versions\src\agentic\monaco\MONACO_EDITOR_ENTERPRISE.ASM\1771287869052_G3sH.ASM(346) : error A2220:Missing .ENDPROLOG
D:\rawrxd\history\all_versions\src\agentic\monaco\MONACO_EDITOR_ENTERPRISE.ASM\1771287869052_G3sH.ASM(374) : warning A4025:ENDP found before .ENDPROLOG : LSPParseCapabilities
D:\rawrxd\history\all_versions\src\agentic\monaco\MONACO_EDITOR_ENTERPRISE.ASM\1771287869052_G3sH.ASM(374) : error A2247:size of prolog too big, must be < 256 bytes
D:\rawrxd\history\all_versions\src\agentic\monaco\MONACO_EDITOR_ENTERPRISE.ASM\1771287869052_G3sH.ASM(439) : warning A4025:ENDP found before .ENDPROLOG : LSPSendInitialize
D:\rawrxd\history\all_versions\src\agentic\monaco\MONACO_EDITOR_ENTERPRISE.ASM\1771287869052_G3sH.ASM(506) : warning A4025:ENDP found before .ENDPROLOG : LSPTextDocumentDidOpen
D:\rawrxd\history\all_versions\src\agentic\monaco\MONACO_EDITOR_ENTERPRISE.ASM\1771287869052_G3sH.ASM(643) : warning A4025:ENDP found before .ENDPROLOG : LSPCompletion
D:\rawrxd\history\all_versions\src\agentic\monaco\MONACO_EDITOR_ENTERPRISE.ASM\1771287869052_G3sH.ASM(732) : warning A4025:ENDP found before .ENDPROLOG : IntelliSenseRenderPopup
D:\rawrxd\history\all_versions\src\agentic\monaco\MONACO_EDITOR_ENTERPRISE.ASM\1771287869052_G3sH.ASM(755) : warning A4025:ENDP found before .ENDPROLOG : IntelliSenseApplyCompletion
D:\rawrxd\history\all_versions\src\agentic\monaco\MONACO_EDITOR_ENTERPRISE.ASM\1771287869052_G3sH.ASM(841) : warning A4025:ENDP found before .ENDPROLOG : DiagnosticsRenderSquiggles
D:\rawrxd\history\all_versions\src\agentic\monaco\MONACO_EDITOR_ENTERPRISE.ASM\1771287869052_G3sH.ASM(1181) : warning A4025:ENDP found before .ENDPROLOG : GitGetStatus
D:\rawrxd\history\all_versions\src\agentic\monaco\MONACO_EDITOR_ENTERPRISE.ASM\1771287869052_G3sH.ASM(1420) : warning A4025:ENDP found before .ENDPROLOG : EnterpriseEditorCreate
D:\rawrxd\history\all_versions\src\agentic\monaco\MONACO_EDITOR_ENTERPRISE.ASM\1771287869052_G3sH.ASM(2440) : warning A4025:ENDP found before .ENDPROLOG : LineColToScreen
D:\rawrxd\history\all_versions\src\agentic\monaco\MONACO_EDITOR_ENTERPRISE.ASM\1771287869052_G3sH.ASM(2492) : warning A4025:ENDP found before .ENDPROLOG : StrStrA
D:\rawrxd\history\all_versions\src\agentic\monaco\MONACO_EDITOR_ENTERPRISE.ASM\1771287869052_G3sH.ASM(2492) : error A2247:size of prolog too big, must be < 256 bytes
D:\rawrxd\history\all_versions\src\agentic\monaco\MONACO_EDITOR_ENTERPRISE.ASM\1771287869052_G3sH.ASM(2492) : error A2220:Missing .ENDPROLOG
