 Assembling: D:\rawrxd\history\all_versions\src\omega_crx.asm\1771284592298_oLif.asm
D:\rawrxd\history\all_versions\src\omega_crx.asm\1771284592298_oLif.asm(3) : error A2008:syntax error : .
D:\rawrxd\history\all_versions\src\omega_crx.asm\1771284592298_oLif.asm(4) : error A2008:syntax error : .

***********
ASCII build
***********

C:\masm32\include\windows.inc(9750) : error A2008:syntax error : dword
C:\masm32\include\windows.inc(10183) : error A2008:syntax error : frame
C:\masm32\include\windows.inc(16333) : error A2008:syntax error : dword
C:\masm32\include\windows.inc(18862) : error A2008:syntax error : Frame
C:\masm32\include\windows.inc(24749) : error A2042:statement too complex
C:\masm32\include\winextra.inc(11052) : error A2026:constant expected
C:\masm32\include\winextra.inc(11053) : error A2026:constant expected
D:\rawrxd\history\all_versions\src\omega_crx.asm\1771284592298_oLif.asm(44) : error A2008:syntax error : dd
D:\rawrxd\history\all_versions\src\omega_crx.asm\1771284592298_oLif.asm(50) : error A2144:cannot nest procedures
D:\rawrxd\history\all_versions\src\omega_crx.asm\1771284592298_oLif.asm(51) : error A2144:cannot nest procedures
D:\rawrxd\history\all_versions\src\omega_crx.asm\1771284592298_oLif.asm(52) : error A2144:cannot nest procedures
D:\rawrxd\history\all_versions\src\omega_crx.asm\1771284592298_oLif.asm(55) : error A2144:cannot nest procedures
D:\rawrxd\history\all_versions\src\omega_crx.asm\1771284592298_oLif.asm(58) : error A2144:cannot nest procedures
D:\rawrxd\history\all_versions\src\omega_crx.asm\1771284592298_oLif.asm(61) : error A2039:line too long
D:\rawrxd\history\all_versions\src\omega_crx.asm\1771284592298_oLif.asm(62) : error A2144:cannot nest procedures
D:\rawrxd\history\all_versions\src\omega_crx.asm\1771284592298_oLif.asm(63) : error A2144:cannot nest procedures
D:\rawrxd\history\all_versions\src\omega_crx.asm\1771284592298_oLif.asm(66) : error A2039:line too long
D:\rawrxd\history\all_versions\src\omega_crx.asm\1771284592298_oLif.asm(69) : error A2039:line too long
D:\rawrxd\history\all_versions\src\omega_crx.asm\1771284592298_oLif.asm(72) : error A2144:cannot nest procedures
D:\rawrxd\history\all_versions\src\omega_crx.asm\1771284592298_oLif.asm(73) : error A2008:syntax error : ES
D:\rawrxd\history\all_versions\src\omega_crx.asm\1771284592298_oLif.asm(74) : error A2144:cannot nest procedures
D:\rawrxd\history\all_versions\src\omega_crx.asm\1771284592298_oLif.asm(77) : error A2039:line too long
D:\rawrxd\history\all_versions\src\omega_crx.asm\1771284592298_oLif.asm(80) : error A2144:cannot nest procedures
D:\rawrxd\history\all_versions\src\omega_crx.asm\1771284592298_oLif.asm(81) : error A2008:syntax error : main
D:\rawrxd\history\all_versions\src\omega_crx.asm\1771284592298_oLif.asm(81) : error A2088:END directive required at end of file
D:\rawrxd\history\all_versions\src\omega_crx.asm\1771284592298_oLif.asm(81) : fatal error A1010:unmatched block nesting : main
