 Assembling: D:\rawrxd\history\all_versions\src\RawrXD_Titan_CORE.asm\1771286156491_Fz8E.asm
D:\rawrxd\history\all_versions\src\RawrXD_Titan_CORE.asm\1771286156491_Fz8E.asm(194) : error A2070:invalid instruction operands
D:\rawrxd\history\all_versions\src\RawrXD_Titan_CORE.asm\1771286156491_Fz8E.asm(209) : error A2070:invalid instruction operands
D:\rawrxd\history\all_versions\src\RawrXD_Titan_CORE.asm\1771286156491_Fz8E.asm(210) : error A2070:invalid instruction operands
D:\rawrxd\history\all_versions\src\RawrXD_Titan_CORE.asm\1771286156491_Fz8E.asm(211) : error A2070:invalid instruction operands
D:\rawrxd\history\all_versions\src\RawrXD_Titan_CORE.asm\1771286156491_Fz8E.asm(212) : error A2070:invalid instruction operands
D:\rawrxd\history\all_versions\src\RawrXD_Titan_CORE.asm\1771286156491_Fz8E.asm(244) : error A2070:invalid instruction operands
D:\rawrxd\history\all_versions\src\RawrXD_Titan_CORE.asm\1771286156491_Fz8E.asm(259) : error A2070:invalid instruction operands
D:\rawrxd\history\all_versions\src\RawrXD_Titan_CORE.asm\1771286156491_Fz8E.asm(260) : error A2070:invalid instruction operands
D:\rawrxd\history\all_versions\src\RawrXD_Titan_CORE.asm\1771286156491_Fz8E.asm(281) : error A2070:invalid instruction operands
D:\rawrxd\history\all_versions\src\RawrXD_Titan_CORE.asm\1771286156491_Fz8E.asm(283) : error A2008:syntax error : ,
D:\rawrxd\history\all_versions\src\RawrXD_Titan_CORE.asm\1771286156491_Fz8E.asm(286) : error A2070:invalid instruction operands
D:\rawrxd\history\all_versions\src\RawrXD_Titan_CORE.asm\1771286156491_Fz8E.asm(336) : error A2070:invalid instruction operands
D:\rawrxd\history\all_versions\src\RawrXD_Titan_CORE.asm\1771286156491_Fz8E.asm(431) : error A2070:invalid instruction operands
D:\rawrxd\history\all_versions\src\RawrXD_Titan_CORE.asm\1771286156491_Fz8E.asm(568) : error A2070:invalid instruction operands
D:\rawrxd\history\all_versions\src\RawrXD_Titan_CORE.asm\1771286156491_Fz8E.asm(574) : error A2070:invalid instruction operands
D:\rawrxd\history\all_versions\src\RawrXD_Titan_CORE.asm\1771286156491_Fz8E.asm(586) : error A2070:invalid instruction operands
D:\rawrxd\history\all_versions\src\RawrXD_Titan_CORE.asm\1771286156491_Fz8E.asm(594) : error A2070:invalid instruction operands
D:\rawrxd\history\all_versions\src\RawrXD_Titan_CORE.asm\1771286156491_Fz8E.asm(599) : error A2070:invalid instruction operands
D:\rawrxd\history\all_versions\src\RawrXD_Titan_CORE.asm\1771286156491_Fz8E.asm(612) : error A2070:invalid instruction operands
D:\rawrxd\history\all_versions\src\RawrXD_Titan_CORE.asm\1771286156491_Fz8E.asm(629) : error A2070:invalid instruction operands
D:\rawrxd\history\all_versions\src\RawrXD_Titan_CORE.asm\1771286156491_Fz8E.asm(641) : error A2070:invalid instruction operands
D:\rawrxd\history\all_versions\src\RawrXD_Titan_CORE.asm\1771286156491_Fz8E.asm(643) : error A2070:invalid instruction operands
D:\rawrxd\history\all_versions\src\RawrXD_Titan_CORE.asm\1771286156491_Fz8E.asm(655) : error A2070:invalid instruction operands
D:\rawrxd\history\all_versions\src\RawrXD_Titan_CORE.asm\1771286156491_Fz8E.asm(665) : error A2070:invalid instruction operands
D:\rawrxd\history\all_versions\src\RawrXD_Titan_CORE.asm\1771286156491_Fz8E.asm(676) : error A2070:invalid instruction operands
D:\rawrxd\history\all_versions\src\RawrXD_Titan_CORE.asm\1771286156491_Fz8E.asm(679) : error A2070:invalid instruction operands
D:\rawrxd\history\all_versions\src\RawrXD_Titan_CORE.asm\1771286156491_Fz8E.asm(681) : error A2070:invalid instruction operands
D:\rawrxd\history\all_versions\src\RawrXD_Titan_CORE.asm\1771286156491_Fz8E.asm(771) : error A2070:invalid instruction operands
D:\rawrxd\history\all_versions\src\RawrXD_Titan_CORE.asm\1771286156491_Fz8E.asm(781) : error A2070:invalid instruction operands
D:\rawrxd\history\all_versions\src\RawrXD_Titan_CORE.asm\1771286156491_Fz8E.asm(783) : error A2070:invalid instruction operands
D:\rawrxd\history\all_versions\src\RawrXD_Titan_CORE.asm\1771286156491_Fz8E.asm(796) : error A2070:invalid instruction operands
D:\rawrxd\history\all_versions\src\RawrXD_Titan_CORE.asm\1771286156491_Fz8E.asm(830) : error A2070:invalid instruction operands
D:\rawrxd\history\all_versions\src\RawrXD_Titan_CORE.asm\1771286156491_Fz8E.asm(842) : error A2070:invalid instruction operands
D:\rawrxd\history\all_versions\src\RawrXD_Titan_CORE.asm\1771286156491_Fz8E.asm(844) : error A2070:invalid instruction operands
D:\rawrxd\history\all_versions\src\RawrXD_Titan_CORE.asm\1771286156491_Fz8E.asm(846) : error A2070:invalid instruction operands
D:\rawrxd\history\all_versions\src\RawrXD_Titan_CORE.asm\1771286156491_Fz8E.asm(864) : error A2070:invalid instruction operands
D:\rawrxd\history\all_versions\src\RawrXD_Titan_CORE.asm\1771286156491_Fz8E.asm(865) : error A2070:invalid instruction operands
D:\rawrxd\history\all_versions\src\RawrXD_Titan_CORE.asm\1771286156491_Fz8E.asm(872) : error A2070:invalid instruction operands
D:\rawrxd\history\all_versions\src\RawrXD_Titan_CORE.asm\1771286156491_Fz8E.asm(874) : error A2070:invalid instruction operands
D:\rawrxd\history\all_versions\src\RawrXD_Titan_CORE.asm\1771286156491_Fz8E.asm(1010) : error A2070:invalid instruction operands
D:\rawrxd\history\all_versions\src\RawrXD_Titan_CORE.asm\1771286156491_Fz8E.asm(1017) : error A2070:invalid instruction operands
D:\rawrxd\history\all_versions\src\RawrXD_Titan_CORE.asm\1771286156491_Fz8E.asm(1024) : error A2070:invalid instruction operands
D:\rawrxd\history\all_versions\src\RawrXD_Titan_CORE.asm\1771286156491_Fz8E.asm(1029) : error A2070:invalid instruction operands
D:\rawrxd\history\all_versions\src\RawrXD_Titan_CORE.asm\1771286156491_Fz8E.asm(1032) : error A2070:invalid instruction operands
D:\rawrxd\history\all_versions\src\RawrXD_Titan_CORE.asm\1771286156491_Fz8E.asm(182) : error A2206:missing operator in expression
D:\rawrxd\history\all_versions\src\RawrXD_Titan_CORE.asm\1771286156491_Fz8E.asm(183) : error A2206:missing operator in expression
D:\rawrxd\history\all_versions\src\RawrXD_Titan_CORE.asm\1771286156491_Fz8E.asm(221) : error A2206:missing operator in expression
D:\rawrxd\history\all_versions\src\RawrXD_Titan_CORE.asm\1771286156491_Fz8E.asm(232) : error A2206:missing operator in expression
D:\rawrxd\history\all_versions\src\RawrXD_Titan_CORE.asm\1771286156491_Fz8E.asm(237) : error A2206:missing operator in expression
D:\rawrxd\history\all_versions\src\RawrXD_Titan_CORE.asm\1771286156491_Fz8E.asm(268) : error A2206:missing operator in expression
D:\rawrxd\history\all_versions\src\RawrXD_Titan_CORE.asm\1771286156491_Fz8E.asm(269) : error A2206:missing operator in expression
D:\rawrxd\history\all_versions\src\RawrXD_Titan_CORE.asm\1771286156491_Fz8E.asm(282) : error A2206:missing operator in expression
D:\rawrxd\history\all_versions\src\RawrXD_Titan_CORE.asm\1771286156491_Fz8E.asm(284) : error A2206:missing operator in expression
D:\rawrxd\history\all_versions\src\RawrXD_Titan_CORE.asm\1771286156491_Fz8E.asm(323) : error A2206:missing operator in expression
D:\rawrxd\history\all_versions\src\RawrXD_Titan_CORE.asm\1771286156491_Fz8E.asm(371) : error A2083:invalid scale value
D:\rawrxd\history\all_versions\src\RawrXD_Titan_CORE.asm\1771286156491_Fz8E.asm(387) : error A2206:missing operator in expression
D:\rawrxd\history\all_versions\src\RawrXD_Titan_CORE.asm\1771286156491_Fz8E.asm(389) : error A2206:missing operator in expression
D:\rawrxd\history\all_versions\src\RawrXD_Titan_CORE.asm\1771286156491_Fz8E.asm(401) : error A2083:invalid scale value
D:\rawrxd\history\all_versions\src\RawrXD_Titan_CORE.asm\1771286156491_Fz8E.asm(402) : error A2083:invalid scale value
D:\rawrxd\history\all_versions\src\RawrXD_Titan_CORE.asm\1771286156491_Fz8E.asm(405) : error A2083:invalid scale value
D:\rawrxd\history\all_versions\src\RawrXD_Titan_CORE.asm\1771286156491_Fz8E.asm(438) : error A2083:invalid scale value
D:\rawrxd\history\all_versions\src\RawrXD_Titan_CORE.asm\1771286156491_Fz8E.asm(456) : error A2083:invalid scale value
D:\rawrxd\history\all_versions\src\RawrXD_Titan_CORE.asm\1771286156491_Fz8E.asm(521) : error A2022:instruction operands must be the same size
D:\rawrxd\history\all_versions\src\RawrXD_Titan_CORE.asm\1771286156491_Fz8E.asm(615) : error A2206:missing operator in expression
D:\rawrxd\history\all_versions\src\RawrXD_Titan_CORE.asm\1771286156491_Fz8E.asm(636) : error A2206:missing operator in expression
D:\rawrxd\history\all_versions\src\RawrXD_Titan_CORE.asm\1771286156491_Fz8E.asm(773) : error A2030:multiple index registers not allowed
D:\rawrxd\history\all_versions\src\RawrXD_Titan_CORE.asm\1771286156491_Fz8E.asm(803) : error A2206:missing operator in expression
D:\rawrxd\history\all_versions\src\RawrXD_Titan_CORE.asm\1771286156491_Fz8E.asm(823) : error A2206:missing operator in expression
D:\rawrxd\history\all_versions\src\RawrXD_Titan_CORE.asm\1771286156491_Fz8E.asm(825) : error A2206:missing operator in expression
D:\rawrxd\history\all_versions\src\RawrXD_Titan_CORE.asm\1771286156491_Fz8E.asm(919) : error A2206:missing operator in expression
D:\rawrxd\history\all_versions\src\RawrXD_Titan_CORE.asm\1771286156491_Fz8E.asm(1011) : error A2030:multiple index registers not allowed
D:\rawrxd\history\all_versions\src\RawrXD_Titan_CORE.asm\1771286156491_Fz8E.asm(1098) : error A2206:missing operator in expression
