 Assembling: D:\rawrxd\history\all_versions\src\dumpbin_final_backup.asm\1771286090983_izLc.asm
D:\rawrxd\history\all_versions\src\dumpbin_final_backup.asm\1771286090983_izLc.asm(10) : error A2008:syntax error : .
D:\rawrxd\history\all_versions\src\dumpbin_final_backup.asm\1771286090983_izLc.asm(11) : error A2008:syntax error : .

***********
ASCII build
***********

C:\masm32\include\windows.inc(9750) : error A2008:syntax error : dword
C:\masm32\include\windows.inc(10183) : error A2008:syntax error : frame
C:\masm32\include\windows.inc(16333) : error A2008:syntax error : dword
C:\masm32\include\windows.inc(18862) : error A2008:syntax error : Frame
C:\masm32\include\windows.inc(24749) : error A2042:statement too complex
C:\masm32\include\winextra.inc(11052) : error A2026:constant expected
C:\masm32\include\winextra.inc(11053) : error A2026:constant expected
D:\rawrxd\history\all_versions\src\dumpbin_final_backup.asm\1771286090983_izLc.asm(185) : error A2179:structure improperly initialized
D:\rawrxd\history\all_versions\src\dumpbin_final_backup.asm\1771286090983_izLc.asm(185) : error A2008:syntax error : in structure
D:\rawrxd\history\all_versions\src\dumpbin_final_backup.asm\1771286090983_izLc.asm(206) : error A2179:structure improperly initialized
D:\rawrxd\history\all_versions\src\dumpbin_final_backup.asm\1771286090983_izLc.asm(206) : error A2008:syntax error : in structure
D:\rawrxd\history\all_versions\src\dumpbin_final_backup.asm\1771286090983_izLc.asm(240) : error A2008:syntax error : invoke
D:\rawrxd\history\all_versions\src\dumpbin_final_backup.asm\1771286090983_izLc.asm(242) : error A2008:syntax error : invoke
D:\rawrxd\history\all_versions\src\dumpbin_final_backup.asm\1771286090983_izLc.asm(245) : error A2008:syntax error : WriteConsoleA
D:\rawrxd\history\all_versions\src\dumpbin_final_backup.asm\1771286090983_izLc.asm(250) : error A2008:syntax error : invoke
D:\rawrxd\history\all_versions\src\dumpbin_final_backup.asm\1771286090983_izLc.asm(276) : error A2008:syntax error : WriteConsoleA
D:\rawrxd\history\all_versions\src\dumpbin_final_backup.asm\1771286090983_izLc.asm(303) : error A2008:syntax error : WriteConsoleA
D:\rawrxd\history\all_versions\src\dumpbin_final_backup.asm\1771286090983_izLc.asm(304) : error A2008:syntax error : ,
D:\rawrxd\history\all_versions\src\dumpbin_final_backup.asm\1771286090983_izLc.asm(306) : error A2008:syntax error : invoke
D:\rawrxd\history\all_versions\src\dumpbin_final_backup.asm\1771286090983_izLc.asm(311) : error A2008:syntax error : invoke
D:\rawrxd\history\all_versions\src\dumpbin_final_backup.asm\1771286090983_izLc.asm(314) : error A2008:syntax error : invoke
D:\rawrxd\history\all_versions\src\dumpbin_final_backup.asm\1771286090983_izLc.asm(317) : error A2008:syntax error : invoke
D:\rawrxd\history\all_versions\src\dumpbin_final_backup.asm\1771286090983_izLc.asm(318) : error A2008:syntax error : invoke
D:\rawrxd\history\all_versions\src\dumpbin_final_backup.asm\1771286090983_izLc.asm(330) : error A2008:syntax error : WriteConsoleA
D:\rawrxd\history\all_versions\src\dumpbin_final_backup.asm\1771286090983_izLc.asm(364) : error A2008:syntax error : wsprintfA
D:\rawrxd\history\all_versions\src\dumpbin_final_backup.asm\1771286090983_izLc.asm(365) : error A2008:syntax error : WriteConsoleA
D:\rawrxd\history\all_versions\src\dumpbin_final_backup.asm\1771286090983_izLc.asm(378) : error A2008:syntax error : WriteConsoleA
D:\rawrxd\history\all_versions\src\dumpbin_final_backup.asm\1771286090983_izLc.asm(382) : error A2008:syntax error : WriteConsoleA
D:\rawrxd\history\all_versions\src\dumpbin_final_backup.asm\1771286090983_izLc.asm(393) : error A2008:syntax error : wsprintfA
D:\rawrxd\history\all_versions\src\dumpbin_final_backup.asm\1771286090983_izLc.asm(394) : error A2008:syntax error : WriteConsoleA
D:\rawrxd\history\all_versions\src\dumpbin_final_backup.asm\1771286090983_izLc.asm(418) : error A2008:syntax error : WriteConsoleA
D:\rawrxd\history\all_versions\src\dumpbin_final_backup.asm\1771286090983_izLc.asm(425) : error A2008:syntax error : WriteConsoleA
D:\rawrxd\history\all_versions\src\dumpbin_final_backup.asm\1771286090983_izLc.asm(438) : error A2008:syntax error : invoke
D:\rawrxd\history\all_versions\src\dumpbin_final_backup.asm\1771286090983_izLc.asm(460) : error A2008:syntax error : invoke
D:\rawrxd\history\all_versions\src\dumpbin_final_backup.asm\1771286090983_izLc.asm(468) : error A2008:syntax error : invoke
D:\rawrxd\history\all_versions\src\dumpbin_final_backup.asm\1771286090983_izLc.asm(618) : error A2070:invalid instruction operands
D:\rawrxd\history\all_versions\src\dumpbin_final_backup.asm\1771286090983_izLc.asm(623) : error A2070:invalid instruction operands
D:\rawrxd\history\all_versions\src\dumpbin_final_backup.asm\1771286090983_izLc.asm(660) : error A2005:symbol redefinition : hFile
D:\rawrxd\history\all_versions\src\dumpbin_final_backup.asm\1771286090983_izLc.asm(665) : error A2008:syntax error : strlen
D:\rawrxd\history\all_versions\src\dumpbin_final_backup.asm\1771286090983_izLc.asm(668) : error A2008:syntax error : invoke
D:\rawrxd\history\all_versions\src\dumpbin_final_backup.asm\1771286090983_izLc.asm(703) : error A2008:syntax error : invoke
D:\rawrxd\history\all_versions\src\dumpbin_final_backup.asm\1771286090983_izLc.asm(712) : error A2008:syntax error : invoke
D:\rawrxd\history\all_versions\src\dumpbin_final_backup.asm\1771286090983_izLc.asm(825) : error A2070:invalid instruction operands
D:\rawrxd\history\all_versions\src\dumpbin_final_backup.asm\1771286090983_izLc.asm(869) : error A2001:immediate operand not allowed
D:\rawrxd\history\all_versions\src\dumpbin_final_backup.asm\1771286090983_izLc.asm(879) : error A2001:immediate operand not allowed
D:\rawrxd\history\all_versions\src\dumpbin_final_backup.asm\1771286090983_izLc.asm(880) : error A2001:immediate operand not allowed
D:\rawrxd\history\all_versions\src\dumpbin_final_backup.asm\1771286090983_izLc.asm(881) : error A2001:immediate operand not allowed
D:\rawrxd\history\all_versions\src\dumpbin_final_backup.asm\1771286090983_izLc.asm(882) : error A2001:immediate operand not allowed
D:\rawrxd\history\all_versions\src\dumpbin_final_backup.asm\1771286090983_izLc.asm(924) : error A2001:immediate operand not allowed
D:\rawrxd\history\all_versions\src\dumpbin_final_backup.asm\1771286090983_izLc.asm(928) : error A2001:immediate operand not allowed
D:\rawrxd\history\all_versions\src\dumpbin_final_backup.asm\1771286090983_izLc.asm(931) : error A2001:immediate operand not allowed
D:\rawrxd\history\all_versions\src\dumpbin_final_backup.asm\1771286090983_izLc.asm(983) : error A2008:syntax error : integer
D:\rawrxd\history\all_versions\src\dumpbin_final_backup.asm\1771286090983_izLc.asm(1201) : error A2005:symbol redefinition : hFile
D:\rawrxd\history\all_versions\src\dumpbin_final_backup.asm\1771286090983_izLc.asm(1203) : error A2008:syntax error : invoke
D:\rawrxd\history\all_versions\src\dumpbin_final_backup.asm\1771286090983_izLc.asm(1209) : error A2008:syntax error : WriteFile
D:\rawrxd\history\all_versions\src\dumpbin_final_backup.asm\1771286090983_izLc.asm(1210) : error A2008:syntax error : WriteFile
D:\rawrxd\history\all_versions\src\dumpbin_final_backup.asm\1771286090983_izLc.asm(1219) : error A2008:syntax error : invoke
D:\rawrxd\history\all_versions\src\dumpbin_final_backup.asm\1771286090983_izLc.asm(1264) : error A2005:symbol redefinition : hFile
D:\rawrxd\history\all_versions\src\dumpbin_final_backup.asm\1771286090983_izLc.asm(1265) : error A2008:syntax error : integer
D:\rawrxd\history\all_versions\src\dumpbin_final_backup.asm\1771286090983_izLc.asm(1268) : error A2008:syntax error : invoke
D:\rawrxd\history\all_versions\src\dumpbin_final_backup.asm\1771286090983_izLc.asm(1277) : error A2008:syntax error : invoke
D:\rawrxd\history\all_versions\src\dumpbin_final_backup.asm\1771286090983_izLc.asm(1288) : error A2008:syntax error : invoke
D:\rawrxd\history\all_versions\src\dumpbin_final_backup.asm\1771286090983_izLc.asm(1310) : error A2008:syntax error : invoke
D:\rawrxd\history\all_versions\src\dumpbin_final_backup.asm\1771286090983_izLc.asm(1313) : error A2008:syntax error : invoke
D:\rawrxd\history\all_versions\src\dumpbin_final_backup.asm\1771286090983_izLc.asm(1322) : error A2008:syntax error : invoke
D:\rawrxd\history\all_versions\src\dumpbin_final_backup.asm\1771286090983_izLc.asm(1323) : error A2008:syntax error : invoke
D:\rawrxd\history\all_versions\src\dumpbin_final_backup.asm\1771286090983_izLc.asm(1325) : error A2070:invalid instruction operands
D:\rawrxd\history\all_versions\src\dumpbin_final_backup.asm\1771286090983_izLc.asm(1348) : error A2008:syntax error : invoke
D:\rawrxd\history\all_versions\src\dumpbin_final_backup.asm\1771286090983_izLc.asm(1351) : error A2008:syntax error : invoke
D:\rawrxd\history\all_versions\src\dumpbin_final_backup.asm\1771286090983_izLc.asm(1365) : error A2008:syntax error
D:\rawrxd\history\all_versions\src\dumpbin_final_backup.asm\1771286090983_izLc.asm(1383) : error A2008:syntax error : strcat
D:\rawrxd\history\all_versions\src\dumpbin_final_backup.asm\1771286090983_izLc.asm(1385) : error A2008:syntax error : invoke
D:\rawrxd\history\all_versions\src\dumpbin_final_backup.asm\1771286090983_izLc.asm(1394) : error A2008:syntax error : invoke
D:\rawrxd\history\all_versions\src\dumpbin_final_backup.asm\1771286090983_izLc.asm(1398) : error A2008:syntax error : invoke
D:\rawrxd\history\all_versions\src\dumpbin_final_backup.asm\1771286090983_izLc.asm(1423) : error A2008:syntax error : WriteConsoleA
D:\rawrxd\history\all_versions\src\dumpbin_final_backup.asm\1771286090983_izLc.asm(1449) : error A2070:invalid instruction operands
D:\rawrxd\history\all_versions\src\dumpbin_final_backup.asm\1771286090983_izLc.asm(1457) : error A2008:syntax error : pushad
D:\rawrxd\history\all_versions\src\dumpbin_final_backup.asm\1771286090983_izLc.asm(1458) : error A2008:syntax error : wsprintfA
D:\rawrxd\history\all_versions\src\dumpbin_final_backup.asm\1771286090983_izLc.asm(1460) : error A2008:syntax error : WriteConsoleA
D:\rawrxd\history\all_versions\src\dumpbin_final_backup.asm\1771286090983_izLc.asm(1461) : error A2008:syntax error : popad
D:\rawrxd\history\all_versions\src\dumpbin_final_backup.asm\1771286090983_izLc.asm(1470) : error A2008:syntax error : pushad
D:\rawrxd\history\all_versions\src\dumpbin_final_backup.asm\1771286090983_izLc.asm(1475) : error A2008:syntax error : wsprintfA
D:\rawrxd\history\all_versions\src\dumpbin_final_backup.asm\1771286090983_izLc.asm(1477) : error A2008:syntax error : WriteConsoleA
D:\rawrxd\history\all_versions\src\dumpbin_final_backup.asm\1771286090983_izLc.asm(1478) : error A2008:syntax error : popad
D:\rawrxd\history\all_versions\src\dumpbin_final_backup.asm\1771286090983_izLc.asm(1488) : error A2008:syntax error : pushad
D:\rawrxd\history\all_versions\src\dumpbin_final_backup.asm\1771286090983_izLc.asm(1489) : error A2008:syntax error : invoke
D:\rawrxd\history\all_versions\src\dumpbin_final_backup.asm\1771286090983_izLc.asm(1490) : error A2008:syntax error : WriteConsoleA
D:\rawrxd\history\all_versions\src\dumpbin_final_backup.asm\1771286090983_izLc.asm(1491) : error A2008:syntax error : popad
D:\rawrxd\history\all_versions\src\dumpbin_final_backup.asm\1771286090983_izLc.asm(1495) : error A2008:syntax error : WriteConsoleA
D:\rawrxd\history\all_versions\src\dumpbin_final_backup.asm\1771286090983_izLc.asm(1508) : error A2008:syntax error : invoke
D:\rawrxd\history\all_versions\src\dumpbin_final_backup.asm\1771286090983_izLc.asm(1509) : error A2008:syntax error : invoke
D:\rawrxd\history\all_versions\src\dumpbin_final_backup.asm\1771286090983_izLc.asm(1519) : error A2008:syntax error : invoke
D:\rawrxd\history\all_versions\src\dumpbin_final_backup.asm\1771286090983_izLc.asm(1520) : error A2008:syntax error : invoke
D:\rawrxd\history\all_versions\src\dumpbin_final_backup.asm\1771286090983_izLc.asm(1529) : error A2008:syntax error : invoke
D:\rawrxd\history\all_versions\src\dumpbin_final_backup.asm\1771286090983_izLc.asm(1530) : error A2008:syntax error : invoke
D:\rawrxd\history\all_versions\src\dumpbin_final_backup.asm\1771286090983_izLc.asm(1556) : error A2008:syntax error : invoke
D:\rawrxd\history\all_versions\src\dumpbin_final_backup.asm\1771286090983_izLc.asm(1557) : error A2008:syntax error : invoke
D:\rawrxd\history\all_versions\src\dumpbin_final_backup.asm\1771286090983_izLc.asm(1559) : error A2008:syntax error : lstrcpyA
D:\rawrxd\history\all_versions\src\dumpbin_final_backup.asm\1771286090983_izLc.asm(1561) : fatal error A1012:error count exceeds 100; stopping assembly
