 Assembling: D:\rawrxd\history\all_versions\src\Titan_InferenceCore.asm\1771286081964_6kXY.asm
D:\rawrxd\history\all_versions\src\Titan_InferenceCore.asm\1771286081964_6kXY.asm(230) : error A2070:invalid instruction operands
D:\rawrxd\history\all_versions\src\Titan_InferenceCore.asm\1771286081964_6kXY.asm(264) : error A2070:invalid instruction operands
D:\rawrxd\history\all_versions\src\Titan_InferenceCore.asm\1771286081964_6kXY.asm(289) : error A2070:invalid instruction operands
D:\rawrxd\history\all_versions\src\Titan_InferenceCore.asm\1771286081964_6kXY.asm(291) : error A2070:invalid instruction operands
D:\rawrxd\history\all_versions\src\Titan_InferenceCore.asm\1771286081964_6kXY.asm(293) : error A2070:invalid instruction operands
D:\rawrxd\history\all_versions\src\Titan_InferenceCore.asm\1771286081964_6kXY.asm(346) : error A2070:invalid instruction operands
D:\rawrxd\history\all_versions\src\Titan_InferenceCore.asm\1771286081964_6kXY.asm(371) : error A2070:invalid instruction operands
D:\rawrxd\history\all_versions\src\Titan_InferenceCore.asm\1771286081964_6kXY.asm(381) : error A2070:invalid instruction operands
D:\rawrxd\history\all_versions\src\Titan_InferenceCore.asm\1771286081964_6kXY.asm(382) : error A2070:invalid instruction operands
D:\rawrxd\history\all_versions\src\Titan_InferenceCore.asm\1771286081964_6kXY.asm(384) : error A2070:invalid instruction operands
D:\rawrxd\history\all_versions\src\Titan_InferenceCore.asm\1771286081964_6kXY.asm(385) : error A2070:invalid instruction operands
D:\rawrxd\history\all_versions\src\Titan_InferenceCore.asm\1771286081964_6kXY.asm(399) : error A2070:invalid instruction operands
D:\rawrxd\history\all_versions\src\Titan_InferenceCore.asm\1771286081964_6kXY.asm(400) : error A2070:invalid instruction operands
D:\rawrxd\history\all_versions\src\Titan_InferenceCore.asm\1771286081964_6kXY.asm(510) : error A2070:invalid instruction operands
D:\rawrxd\history\all_versions\src\Titan_InferenceCore.asm\1771286081964_6kXY.asm(520) : error A2070:invalid instruction operands
D:\rawrxd\history\all_versions\src\Titan_InferenceCore.asm\1771286081964_6kXY.asm(537) : error A2070:invalid instruction operands
D:\rawrxd\history\all_versions\src\Titan_InferenceCore.asm\1771286081964_6kXY.asm(558) : error A2070:invalid instruction operands
D:\rawrxd\history\all_versions\src\Titan_InferenceCore.asm\1771286081964_6kXY.asm(570) : error A2070:invalid instruction operands
D:\rawrxd\history\all_versions\src\Titan_InferenceCore.asm\1771286081964_6kXY.asm(585) : error A2070:invalid instruction operands
D:\rawrxd\history\all_versions\src\Titan_InferenceCore.asm\1771286081964_6kXY.asm(588) : error A2070:invalid instruction operands
D:\rawrxd\history\all_versions\src\Titan_InferenceCore.asm\1771286081964_6kXY.asm(590) : error A2070:invalid instruction operands
D:\rawrxd\history\all_versions\src\Titan_InferenceCore.asm\1771286081964_6kXY.asm(663) : error A2070:invalid instruction operands
D:\rawrxd\history\all_versions\src\Titan_InferenceCore.asm\1771286081964_6kXY.asm(672) : error A2070:invalid instruction operands
D:\rawrxd\history\all_versions\src\Titan_InferenceCore.asm\1771286081964_6kXY.asm(674) : error A2070:invalid instruction operands
D:\rawrxd\history\all_versions\src\Titan_InferenceCore.asm\1771286081964_6kXY.asm(689) : error A2070:invalid instruction operands
D:\rawrxd\history\all_versions\src\Titan_InferenceCore.asm\1771286081964_6kXY.asm(695) : error A2070:invalid instruction operands
D:\rawrxd\history\all_versions\src\Titan_InferenceCore.asm\1771286081964_6kXY.asm(717) : error A2070:invalid instruction operands
D:\rawrxd\history\all_versions\src\Titan_InferenceCore.asm\1771286081964_6kXY.asm(730) : error A2070:invalid instruction operands
D:\rawrxd\history\all_versions\src\Titan_InferenceCore.asm\1771286081964_6kXY.asm(732) : error A2070:invalid instruction operands
D:\rawrxd\history\all_versions\src\Titan_InferenceCore.asm\1771286081964_6kXY.asm(734) : error A2070:invalid instruction operands
D:\rawrxd\history\all_versions\src\Titan_InferenceCore.asm\1771286081964_6kXY.asm(755) : error A2070:invalid instruction operands
D:\rawrxd\history\all_versions\src\Titan_InferenceCore.asm\1771286081964_6kXY.asm(764) : error A2070:invalid instruction operands
D:\rawrxd\history\all_versions\src\Titan_InferenceCore.asm\1771286081964_6kXY.asm(766) : error A2070:invalid instruction operands
D:\rawrxd\history\all_versions\src\Titan_InferenceCore.asm\1771286081964_6kXY.asm(800) : error A2070:invalid instruction operands
D:\rawrxd\history\all_versions\src\Titan_InferenceCore.asm\1771286081964_6kXY.asm(806) : error A2070:invalid instruction operands
D:\rawrxd\history\all_versions\src\Titan_InferenceCore.asm\1771286081964_6kXY.asm(821) : error A2070:invalid instruction operands
D:\rawrxd\history\all_versions\src\Titan_InferenceCore.asm\1771286081964_6kXY.asm(838) : error A2070:invalid instruction operands
D:\rawrxd\history\all_versions\src\Titan_InferenceCore.asm\1771286081964_6kXY.asm(856) : error A2070:invalid instruction operands
D:\rawrxd\history\all_versions\src\Titan_InferenceCore.asm\1771286081964_6kXY.asm(858) : error A2070:invalid instruction operands
D:\rawrxd\history\all_versions\src\Titan_InferenceCore.asm\1771286081964_6kXY.asm(214) : error A2082:cannot mix 16- and 32-bit registers
D:\rawrxd\history\all_versions\src\Titan_InferenceCore.asm\1771286081964_6kXY.asm(226) : error A2206:missing operator in expression
D:\rawrxd\history\all_versions\src\Titan_InferenceCore.asm\1771286081964_6kXY.asm(278) : error A2206:missing operator in expression
D:\rawrxd\history\all_versions\src\Titan_InferenceCore.asm\1771286081964_6kXY.asm(943) : error A2022:instruction operands must be the same size
