 Assembling: D:\rawrxd\history\all_versions\src\RawrXD_Titan_CORE.asm\1771286180302_qlfd.asm
D:\rawrxd\history\all_versions\src\RawrXD_Titan_CORE.asm\1771286180302_qlfd.asm(194) : error A2070:invalid instruction operands
D:\rawrxd\history\all_versions\src\RawrXD_Titan_CORE.asm\1771286180302_qlfd.asm(209) : error A2070:invalid instruction operands
D:\rawrxd\history\all_versions\src\RawrXD_Titan_CORE.asm\1771286180302_qlfd.asm(210) : error A2070:invalid instruction operands
D:\rawrxd\history\all_versions\src\RawrXD_Titan_CORE.asm\1771286180302_qlfd.asm(211) : error A2070:invalid instruction operands
D:\rawrxd\history\all_versions\src\RawrXD_Titan_CORE.asm\1771286180302_qlfd.asm(212) : error A2070:invalid instruction operands
D:\rawrxd\history\all_versions\src\RawrXD_Titan_CORE.asm\1771286180302_qlfd.asm(244) : error A2070:invalid instruction operands
D:\rawrxd\history\all_versions\src\RawrXD_Titan_CORE.asm\1771286180302_qlfd.asm(259) : error A2070:invalid instruction operands
D:\rawrxd\history\all_versions\src\RawrXD_Titan_CORE.asm\1771286180302_qlfd.asm(260) : error A2070:invalid instruction operands
D:\rawrxd\history\all_versions\src\RawrXD_Titan_CORE.asm\1771286180302_qlfd.asm(281) : error A2070:invalid instruction operands
D:\rawrxd\history\all_versions\src\RawrXD_Titan_CORE.asm\1771286180302_qlfd.asm(283) : error A2008:syntax error : ,
D:\rawrxd\history\all_versions\src\RawrXD_Titan_CORE.asm\1771286180302_qlfd.asm(286) : error A2070:invalid instruction operands
D:\rawrxd\history\all_versions\src\RawrXD_Titan_CORE.asm\1771286180302_qlfd.asm(336) : error A2070:invalid instruction operands
D:\rawrxd\history\all_versions\src\RawrXD_Titan_CORE.asm\1771286180302_qlfd.asm(431) : error A2070:invalid instruction operands
D:\rawrxd\history\all_versions\src\RawrXD_Titan_CORE.asm\1771286180302_qlfd.asm(568) : error A2070:invalid instruction operands
D:\rawrxd\history\all_versions\src\RawrXD_Titan_CORE.asm\1771286180302_qlfd.asm(574) : error A2070:invalid instruction operands
D:\rawrxd\history\all_versions\src\RawrXD_Titan_CORE.asm\1771286180302_qlfd.asm(586) : error A2070:invalid instruction operands
D:\rawrxd\history\all_versions\src\RawrXD_Titan_CORE.asm\1771286180302_qlfd.asm(594) : error A2070:invalid instruction operands
D:\rawrxd\history\all_versions\src\RawrXD_Titan_CORE.asm\1771286180302_qlfd.asm(599) : error A2070:invalid instruction operands
D:\rawrxd\history\all_versions\src\RawrXD_Titan_CORE.asm\1771286180302_qlfd.asm(612) : error A2070:invalid instruction operands
D:\rawrxd\history\all_versions\src\RawrXD_Titan_CORE.asm\1771286180302_qlfd.asm(629) : error A2070:invalid instruction operands
D:\rawrxd\history\all_versions\src\RawrXD_Titan_CORE.asm\1771286180302_qlfd.asm(641) : error A2070:invalid instruction operands
D:\rawrxd\history\all_versions\src\RawrXD_Titan_CORE.asm\1771286180302_qlfd.asm(643) : error A2070:invalid instruction operands
D:\rawrxd\history\all_versions\src\RawrXD_Titan_CORE.asm\1771286180302_qlfd.asm(655) : error A2070:invalid instruction operands
D:\rawrxd\history\all_versions\src\RawrXD_Titan_CORE.asm\1771286180302_qlfd.asm(665) : error A2070:invalid instruction operands
D:\rawrxd\history\all_versions\src\RawrXD_Titan_CORE.asm\1771286180302_qlfd.asm(676) : error A2070:invalid instruction operands
D:\rawrxd\history\all_versions\src\RawrXD_Titan_CORE.asm\1771286180302_qlfd.asm(679) : error A2070:invalid instruction operands
D:\rawrxd\history\all_versions\src\RawrXD_Titan_CORE.asm\1771286180302_qlfd.asm(681) : error A2070:invalid instruction operands
D:\rawrxd\history\all_versions\src\RawrXD_Titan_CORE.asm\1771286180302_qlfd.asm(771) : error A2070:invalid instruction operands
D:\rawrxd\history\all_versions\src\RawrXD_Titan_CORE.asm\1771286180302_qlfd.asm(781) : error A2070:invalid instruction operands
D:\rawrxd\history\all_versions\src\RawrXD_Titan_CORE.asm\1771286180302_qlfd.asm(783) : error A2070:invalid instruction operands
D:\rawrxd\history\all_versions\src\RawrXD_Titan_CORE.asm\1771286180302_qlfd.asm(796) : error A2070:invalid instruction operands
D:\rawrxd\history\all_versions\src\RawrXD_Titan_CORE.asm\1771286180302_qlfd.asm(830) : error A2070:invalid instruction operands
D:\rawrxd\history\all_versions\src\RawrXD_Titan_CORE.asm\1771286180302_qlfd.asm(842) : error A2070:invalid instruction operands
D:\rawrxd\history\all_versions\src\RawrXD_Titan_CORE.asm\1771286180302_qlfd.asm(844) : error A2070:invalid instruction operands
D:\rawrxd\history\all_versions\src\RawrXD_Titan_CORE.asm\1771286180302_qlfd.asm(846) : error A2070:invalid instruction operands
D:\rawrxd\history\all_versions\src\RawrXD_Titan_CORE.asm\1771286180302_qlfd.asm(864) : error A2070:invalid instruction operands
D:\rawrxd\history\all_versions\src\RawrXD_Titan_CORE.asm\1771286180302_qlfd.asm(865) : error A2070:invalid instruction operands
D:\rawrxd\history\all_versions\src\RawrXD_Titan_CORE.asm\1771286180302_qlfd.asm(872) : error A2070:invalid instruction operands
D:\rawrxd\history\all_versions\src\RawrXD_Titan_CORE.asm\1771286180302_qlfd.asm(874) : error A2070:invalid instruction operands
D:\rawrxd\history\all_versions\src\RawrXD_Titan_CORE.asm\1771286180302_qlfd.asm(1010) : error A2070:invalid instruction operands
D:\rawrxd\history\all_versions\src\RawrXD_Titan_CORE.asm\1771286180302_qlfd.asm(1017) : error A2070:invalid instruction operands
D:\rawrxd\history\all_versions\src\RawrXD_Titan_CORE.asm\1771286180302_qlfd.asm(1024) : error A2070:invalid instruction operands
D:\rawrxd\history\all_versions\src\RawrXD_Titan_CORE.asm\1771286180302_qlfd.asm(1029) : error A2070:invalid instruction operands
D:\rawrxd\history\all_versions\src\RawrXD_Titan_CORE.asm\1771286180302_qlfd.asm(1032) : error A2070:invalid instruction operands
D:\rawrxd\history\all_versions\src\RawrXD_Titan_CORE.asm\1771286180302_qlfd.asm(182) : error A2206:missing operator in expression
D:\rawrxd\history\all_versions\src\RawrXD_Titan_CORE.asm\1771286180302_qlfd.asm(183) : error A2206:missing operator in expression
D:\rawrxd\history\all_versions\src\RawrXD_Titan_CORE.asm\1771286180302_qlfd.asm(221) : error A2206:missing operator in expression
D:\rawrxd\history\all_versions\src\RawrXD_Titan_CORE.asm\1771286180302_qlfd.asm(232) : error A2206:missing operator in expression
D:\rawrxd\history\all_versions\src\RawrXD_Titan_CORE.asm\1771286180302_qlfd.asm(237) : error A2206:missing operator in expression
D:\rawrxd\history\all_versions\src\RawrXD_Titan_CORE.asm\1771286180302_qlfd.asm(268) : error A2206:missing operator in expression
D:\rawrxd\history\all_versions\src\RawrXD_Titan_CORE.asm\1771286180302_qlfd.asm(269) : error A2206:missing operator in expression
D:\rawrxd\history\all_versions\src\RawrXD_Titan_CORE.asm\1771286180302_qlfd.asm(282) : error A2206:missing operator in expression
D:\rawrxd\history\all_versions\src\RawrXD_Titan_CORE.asm\1771286180302_qlfd.asm(284) : error A2206:missing operator in expression
D:\rawrxd\history\all_versions\src\RawrXD_Titan_CORE.asm\1771286180302_qlfd.asm(323) : error A2206:missing operator in expression
D:\rawrxd\history\all_versions\src\RawrXD_Titan_CORE.asm\1771286180302_qlfd.asm(371) : error A2083:invalid scale value
D:\rawrxd\history\all_versions\src\RawrXD_Titan_CORE.asm\1771286180302_qlfd.asm(387) : error A2206:missing operator in expression
D:\rawrxd\history\all_versions\src\RawrXD_Titan_CORE.asm\1771286180302_qlfd.asm(389) : error A2206:missing operator in expression
D:\rawrxd\history\all_versions\src\RawrXD_Titan_CORE.asm\1771286180302_qlfd.asm(401) : error A2083:invalid scale value
D:\rawrxd\history\all_versions\src\RawrXD_Titan_CORE.asm\1771286180302_qlfd.asm(402) : error A2083:invalid scale value
D:\rawrxd\history\all_versions\src\RawrXD_Titan_CORE.asm\1771286180302_qlfd.asm(405) : error A2083:invalid scale value
D:\rawrxd\history\all_versions\src\RawrXD_Titan_CORE.asm\1771286180302_qlfd.asm(438) : error A2083:invalid scale value
D:\rawrxd\history\all_versions\src\RawrXD_Titan_CORE.asm\1771286180302_qlfd.asm(456) : error A2083:invalid scale value
D:\rawrxd\history\all_versions\src\RawrXD_Titan_CORE.asm\1771286180302_qlfd.asm(521) : error A2022:instruction operands must be the same size
D:\rawrxd\history\all_versions\src\RawrXD_Titan_CORE.asm\1771286180302_qlfd.asm(615) : error A2206:missing operator in expression
D:\rawrxd\history\all_versions\src\RawrXD_Titan_CORE.asm\1771286180302_qlfd.asm(636) : error A2206:missing operator in expression
D:\rawrxd\history\all_versions\src\RawrXD_Titan_CORE.asm\1771286180302_qlfd.asm(773) : error A2030:multiple index registers not allowed
D:\rawrxd\history\all_versions\src\RawrXD_Titan_CORE.asm\1771286180302_qlfd.asm(803) : error A2206:missing operator in expression
D:\rawrxd\history\all_versions\src\RawrXD_Titan_CORE.asm\1771286180302_qlfd.asm(823) : error A2206:missing operator in expression
D:\rawrxd\history\all_versions\src\RawrXD_Titan_CORE.asm\1771286180302_qlfd.asm(825) : error A2206:missing operator in expression
D:\rawrxd\history\all_versions\src\RawrXD_Titan_CORE.asm\1771286180302_qlfd.asm(919) : error A2206:missing operator in expression
D:\rawrxd\history\all_versions\src\RawrXD_Titan_CORE.asm\1771286180302_qlfd.asm(1011) : error A2030:multiple index registers not allowed
D:\rawrxd\history\all_versions\src\RawrXD_Titan_CORE.asm\1771286180302_qlfd.asm(1102) : error A2006:undefined symbol : CreateFileA
D:\rawrxd\history\all_versions\src\RawrXD_Titan_CORE.asm\1771286180302_qlfd.asm(1112) : error A2006:undefined symbol : GetFileSize
D:\rawrxd\history\all_versions\src\RawrXD_Titan_CORE.asm\1771286180302_qlfd.asm(1122) : error A2006:undefined symbol : CreateFileMappingA
D:\rawrxd\history\all_versions\src\RawrXD_Titan_CORE.asm\1771286180302_qlfd.asm(1134) : error A2006:undefined symbol : MapViewOfFile
D:\rawrxd\history\all_versions\src\RawrXD_Titan_CORE.asm\1771286180302_qlfd.asm(1287) : error A2006:undefined symbol : UnmapViewOfFile
D:\rawrxd\history\all_versions\src\RawrXD_Titan_CORE.asm\1771286180302_qlfd.asm(1290) : error A2006:undefined symbol : CloseHandle
D:\rawrxd\history\all_versions\src\RawrXD_Titan_CORE.asm\1771286180302_qlfd.asm(1293) : error A2006:undefined symbol : CloseHandle
D:\rawrxd\history\all_versions\src\RawrXD_Titan_CORE.asm\1771286180302_qlfd.asm(1338) : error A2206:missing operator in expression
D:\rawrxd\history\all_versions\src\RawrXD_Titan_CORE.asm\1771286180302_qlfd.asm(1344) : error A2206:missing operator in expression
D:\rawrxd\history\all_versions\src\RawrXD_Titan_CORE.asm\1771286180302_qlfd.asm(1390) : error A2022:instruction operands must be the same size
