 Assembling: D:\rawrxd\history\all_versions\src\os_explorer_interceptor_simple_x86.asm\1771287811727_ZM6j.asm
D:\rawrxd\history\all_versions\src\os_explorer_interceptor_simple_x86.asm\1771287811727_ZM6j.asm(6) : error A2008:syntax error : .
D:\rawrxd\history\all_versions\src\os_explorer_interceptor_simple_x86.asm\1771287811727_ZM6j.asm(7) : error A2008:syntax error : .
D:\rawrxd\history\all_versions\src\os_explorer_interceptor_simple_x86.asm\1771287811727_ZM6j.asm(29) : error A2070:invalid instruction operands
D:\rawrxd\history\all_versions\src\os_explorer_interceptor_simple_x86.asm\1771287811727_ZM6j.asm(30) : error A2070:invalid instruction operands
D:\rawrxd\history\all_versions\src\os_explorer_interceptor_simple_x86.asm\1771287811727_ZM6j.asm(33) : error A2070:invalid instruction operands
D:\rawrxd\history\all_versions\src\os_explorer_interceptor_simple_x86.asm\1771287811727_ZM6j.asm(46) : error A2070:invalid instruction operands
D:\rawrxd\history\all_versions\src\os_explorer_interceptor_simple_x86.asm\1771287811727_ZM6j.asm(56) : error A2070:invalid instruction operands
D:\rawrxd\history\all_versions\src\os_explorer_interceptor_simple_x86.asm\1771287811727_ZM6j.asm(57) : error A2070:invalid instruction operands
D:\rawrxd\history\all_versions\src\os_explorer_interceptor_simple_x86.asm\1771287811727_ZM6j.asm(61) : error A2070:invalid instruction operands
D:\rawrxd\history\all_versions\src\os_explorer_interceptor_simple_x86.asm\1771287811727_ZM6j.asm(68) : error A2070:invalid instruction operands
D:\rawrxd\history\all_versions\src\os_explorer_interceptor_simple_x86.asm\1771287811727_ZM6j.asm(73) : error A2070:invalid instruction operands
D:\rawrxd\history\all_versions\src\os_explorer_interceptor_simple_x86.asm\1771287811727_ZM6j.asm(74) : error A2070:invalid instruction operands
D:\rawrxd\history\all_versions\src\os_explorer_interceptor_simple_x86.asm\1771287811727_ZM6j.asm(80) : error A2070:invalid instruction operands
D:\rawrxd\history\all_versions\src\os_explorer_interceptor_simple_x86.asm\1771287811727_ZM6j.asm(110) : error A2070:invalid instruction operands
D:\rawrxd\history\all_versions\src\os_explorer_interceptor_simple_x86.asm\1771287811727_ZM6j.asm(123) : error A2070:invalid instruction operands
D:\rawrxd\history\all_versions\src\os_explorer_interceptor_simple_x86.asm\1771287811727_ZM6j.asm(146) : error A2070:invalid instruction operands
D:\rawrxd\history\all_versions\src\os_explorer_interceptor_simple_x86.asm\1771287811727_ZM6j.asm(158) : error A2070:invalid instruction operands
D:\rawrxd\history\all_versions\src\os_explorer_interceptor_simple_x86.asm\1771287811727_ZM6j.asm(162) : error A2070:invalid instruction operands
D:\rawrxd\history\all_versions\src\os_explorer_interceptor_simple_x86.asm\1771287811727_ZM6j.asm(168) : error A2070:invalid instruction operands
D:\rawrxd\history\all_versions\src\os_explorer_interceptor_simple_x86.asm\1771287811727_ZM6j.asm(178) : error A2070:invalid instruction operands
D:\rawrxd\history\all_versions\src\os_explorer_interceptor_simple_x86.asm\1771287811727_ZM6j.asm(182) : error A2070:invalid instruction operands
D:\rawrxd\history\all_versions\src\os_explorer_interceptor_simple_x86.asm\1771287811727_ZM6j.asm(198) : error A2070:invalid instruction operands
D:\rawrxd\history\all_versions\src\os_explorer_interceptor_simple_x86.asm\1771287811727_ZM6j.asm(208) : error A2070:invalid instruction operands
D:\rawrxd\history\all_versions\src\os_explorer_interceptor_simple_x86.asm\1771287811727_ZM6j.asm(212) : error A2070:invalid instruction operands
D:\rawrxd\history\all_versions\src\os_explorer_interceptor_simple_x86.asm\1771287811727_ZM6j.asm(218) : error A2070:invalid instruction operands
D:\rawrxd\history\all_versions\src\os_explorer_interceptor_simple_x86.asm\1771287811727_ZM6j.asm(219) : error A2070:invalid instruction operands
D:\rawrxd\history\all_versions\src\os_explorer_interceptor_simple_x86.asm\1771287811727_ZM6j.asm(246) : error A2070:invalid instruction operands
D:\rawrxd\history\all_versions\src\os_explorer_interceptor_simple_x86.asm\1771287811727_ZM6j.asm(247) : error A2070:invalid instruction operands
D:\rawrxd\history\all_versions\src\os_explorer_interceptor_simple_x86.asm\1771287811727_ZM6j.asm(248) : error A2070:invalid instruction operands
D:\rawrxd\history\all_versions\src\os_explorer_interceptor_simple_x86.asm\1771287811727_ZM6j.asm(251) : error A2070:invalid instruction operands
D:\rawrxd\history\all_versions\src\os_explorer_interceptor_simple_x86.asm\1771287811727_ZM6j.asm(258) : error A2070:invalid instruction operands
D:\rawrxd\history\all_versions\src\os_explorer_interceptor_simple_x86.asm\1771287811727_ZM6j.asm(259) : error A2070:invalid instruction operands
D:\rawrxd\history\all_versions\src\os_explorer_interceptor_simple_x86.asm\1771287811727_ZM6j.asm(266) : error A2070:invalid instruction operands
D:\rawrxd\history\all_versions\src\os_explorer_interceptor_simple_x86.asm\1771287811727_ZM6j.asm(274) : error A2070:invalid instruction operands
D:\rawrxd\history\all_versions\src\os_explorer_interceptor_simple_x86.asm\1771287811727_ZM6j.asm(352) : error A2088:END directive required at end of file
D:\rawrxd\history\all_versions\src\os_explorer_interceptor_simple_x86.asm\1771287811727_ZM6j.asm(36) : error A2006:undefined symbol : OpenProcess
D:\rawrxd\history\all_versions\src\os_explorer_interceptor_simple_x86.asm\1771287811727_ZM6j.asm(47) : error A2006:undefined symbol : VirtualAllocEx
D:\rawrxd\history\all_versions\src\os_explorer_interceptor_simple_x86.asm\1771287811727_ZM6j.asm(55) : error A2070:invalid instruction operands
D:\rawrxd\history\all_versions\src\os_explorer_interceptor_simple_x86.asm\1771287811727_ZM6j.asm(58) : error A2006:undefined symbol : WriteProcessMemory
D:\rawrxd\history\all_versions\src\os_explorer_interceptor_simple_x86.asm\1771287811727_ZM6j.asm(62) : error A2006:undefined symbol : CloseHandle
D:\rawrxd\history\all_versions\src\os_explorer_interceptor_simple_x86.asm\1771287811727_ZM6j.asm(69) : error A2006:undefined symbol : CloseHandle
D:\rawrxd\history\all_versions\src\os_explorer_interceptor_simple_x86.asm\1771287811727_ZM6j.asm(83) : error A2070:invalid instruction operands
D:\rawrxd\history\all_versions\src\os_explorer_interceptor_simple_x86.asm\1771287811727_ZM6j.asm(87) : error A2006:undefined symbol : CreateEventA
D:\rawrxd\history\all_versions\src\os_explorer_interceptor_simple_x86.asm\1771287811727_ZM6j.asm(93) : error A2070:invalid instruction operands
D:\rawrxd\history\all_versions\src\os_explorer_interceptor_simple_x86.asm\1771287811727_ZM6j.asm(96) : error A2070:invalid instruction operands
D:\rawrxd\history\all_versions\src\os_explorer_interceptor_simple_x86.asm\1771287811727_ZM6j.asm(99) : error A2006:undefined symbol : CreateThread
D:\rawrxd\history\all_versions\src\os_explorer_interceptor_simple_x86.asm\1771287811727_ZM6j.asm(124) : error A2006:undefined symbol : SetEvent
D:\rawrxd\history\all_versions\src\os_explorer_interceptor_simple_x86.asm\1771287811727_ZM6j.asm(128) : error A2070:invalid instruction operands
D:\rawrxd\history\all_versions\src\os_explorer_interceptor_simple_x86.asm\1771287811727_ZM6j.asm(129) : error A2006:undefined symbol : WaitForSingleObject
D:\rawrxd\history\all_versions\src\os_explorer_interceptor_simple_x86.asm\1771287811727_ZM6j.asm(132) : error A2070:invalid instruction operands
D:\rawrxd\history\all_versions\src\os_explorer_interceptor_simple_x86.asm\1771287811727_ZM6j.asm(133) : error A2006:undefined symbol : CloseHandle
D:\rawrxd\history\all_versions\src\os_explorer_interceptor_simple_x86.asm\1771287811727_ZM6j.asm(134) : error A2070:invalid instruction operands
D:\rawrxd\history\all_versions\src\os_explorer_interceptor_simple_x86.asm\1771287811727_ZM6j.asm(135) : error A2006:undefined symbol : CloseHandle
D:\rawrxd\history\all_versions\src\os_explorer_interceptor_simple_x86.asm\1771287811727_ZM6j.asm(150) : error A2006:undefined symbol : GetStdHandle
D:\rawrxd\history\all_versions\src\os_explorer_interceptor_simple_x86.asm\1771287811727_ZM6j.asm(155) : error A2070:invalid instruction operands
D:\rawrxd\history\all_versions\src\os_explorer_interceptor_simple_x86.asm\1771287811727_ZM6j.asm(156) : error A2070:invalid instruction operands
D:\rawrxd\history\all_versions\src\os_explorer_interceptor_simple_x86.asm\1771287811727_ZM6j.asm(157) : error A2070:invalid instruction operands
D:\rawrxd\history\all_versions\src\os_explorer_interceptor_simple_x86.asm\1771287811727_ZM6j.asm(159) : error A2006:undefined symbol : WriteFile
D:\rawrxd\history\all_versions\src\os_explorer_interceptor_simple_x86.asm\1771287811727_ZM6j.asm(171) : error A2006:undefined symbol : GetStdHandle
D:\rawrxd\history\all_versions\src\os_explorer_interceptor_simple_x86.asm\1771287811727_ZM6j.asm(175) : error A2070:invalid instruction operands
D:\rawrxd\history\all_versions\src\os_explorer_interceptor_simple_x86.asm\1771287811727_ZM6j.asm(176) : error A2070:invalid instruction operands
D:\rawrxd\history\all_versions\src\os_explorer_interceptor_simple_x86.asm\1771287811727_ZM6j.asm(177) : error A2070:invalid instruction operands
D:\rawrxd\history\all_versions\src\os_explorer_interceptor_simple_x86.asm\1771287811727_ZM6j.asm(179) : error A2006:undefined symbol : WriteFile
D:\rawrxd\history\all_versions\src\os_explorer_interceptor_simple_x86.asm\1771287811727_ZM6j.asm(201) : error A2006:undefined symbol : GetStdHandle
D:\rawrxd\history\all_versions\src\os_explorer_interceptor_simple_x86.asm\1771287811727_ZM6j.asm(205) : error A2070:invalid instruction operands
D:\rawrxd\history\all_versions\src\os_explorer_interceptor_simple_x86.asm\1771287811727_ZM6j.asm(206) : error A2070:invalid instruction operands
D:\rawrxd\history\all_versions\src\os_explorer_interceptor_simple_x86.asm\1771287811727_ZM6j.asm(207) : error A2070:invalid instruction operands
D:\rawrxd\history\all_versions\src\os_explorer_interceptor_simple_x86.asm\1771287811727_ZM6j.asm(209) : error A2006:undefined symbol : WriteFile
D:\rawrxd\history\all_versions\src\os_explorer_interceptor_simple_x86.asm\1771287811727_ZM6j.asm(228) : error A2070:invalid instruction operands
D:\rawrxd\history\all_versions\src\os_explorer_interceptor_simple_x86.asm\1771287811727_ZM6j.asm(229) : error A2006:undefined symbol : CreateFileA
D:\rawrxd\history\all_versions\src\os_explorer_interceptor_simple_x86.asm\1771287811727_ZM6j.asm(245) : error A2070:invalid instruction operands
D:\rawrxd\history\all_versions\src\os_explorer_interceptor_simple_x86.asm\1771287811727_ZM6j.asm(249) : error A2006:undefined symbol : WriteFile
D:\rawrxd\history\all_versions\src\os_explorer_interceptor_simple_x86.asm\1771287811727_ZM6j.asm(252) : error A2006:undefined symbol : CloseHandle
D:\rawrxd\history\all_versions\src\os_explorer_interceptor_simple_x86.asm\1771287811727_ZM6j.asm(290) : error A2006:undefined symbol : GetTickCount
D:\rawrxd\history\all_versions\src\os_explorer_interceptor_simple_x86.asm\1771287811727_ZM6j.asm(308) : error A2070:invalid instruction operands
D:\rawrxd\history\all_versions\src\os_explorer_interceptor_simple_x86.asm\1771287811727_ZM6j.asm(309) : error A2006:undefined symbol : WaitForSingleObject
D:\rawrxd\history\all_versions\src\os_explorer_interceptor_simple_x86.asm\1771287811727_ZM6j.asm(21) : warning A6004:procedure argument or local not referenced : hInstDLL
D:\rawrxd\history\all_versions\src\os_explorer_interceptor_simple_x86.asm\1771287811727_ZM6j.asm(21) : warning A6004:procedure argument or local not referenced : fdwReason
D:\rawrxd\history\all_versions\src\os_explorer_interceptor_simple_x86.asm\1771287811727_ZM6j.asm(21) : warning A6004:procedure argument or local not referenced : lpvReserved
D:\rawrxd\history\all_versions\src\os_explorer_interceptor_simple_x86.asm\1771287811727_ZM6j.asm(320) : warning A6004:procedure argument or local not referenced : lpParam
