 Assembling: D:\rawrxd\history\all_versions\src\dumpbin_final_backup.asm\1771287869965_4duX.asm
D:\rawrxd\history\all_versions\src\dumpbin_final_backup.asm\1771287869965_4duX.asm(10) : error A2008:syntax error : .
D:\rawrxd\history\all_versions\src\dumpbin_final_backup.asm\1771287869965_4duX.asm(11) : error A2008:syntax error : .

***********
ASCII build
***********

C:\masm32\include\windows.inc(9750) : error A2008:syntax error : dword
C:\masm32\include\windows.inc(10183) : error A2008:syntax error : frame
C:\masm32\include\windows.inc(16333) : error A2008:syntax error : dword
C:\masm32\include\windows.inc(18862) : error A2008:syntax error : Frame
C:\masm32\include\windows.inc(24749) : error A2042:statement too complex
C:\masm32\include\winextra.inc(11052) : error A2026:constant expected
C:\masm32\include\winextra.inc(11053) : error A2026:constant expected
D:\rawrxd\history\all_versions\src\dumpbin_final_backup.asm\1771287869965_4duX.asm(185) : error A2179:structure improperly initialized
D:\rawrxd\history\all_versions\src\dumpbin_final_backup.asm\1771287869965_4duX.asm(185) : error A2008:syntax error : in structure
D:\rawrxd\history\all_versions\src\dumpbin_final_backup.asm\1771287869965_4duX.asm(206) : error A2179:structure improperly initialized
D:\rawrxd\history\all_versions\src\dumpbin_final_backup.asm\1771287869965_4duX.asm(206) : error A2008:syntax error : in structure
D:\rawrxd\history\all_versions\src\dumpbin_final_backup.asm\1771287869965_4duX.asm(240) : error A2008:syntax error : invoke
D:\rawrxd\history\all_versions\src\dumpbin_final_backup.asm\1771287869965_4duX.asm(242) : error A2008:syntax error : invoke
D:\rawrxd\history\all_versions\src\dumpbin_final_backup.asm\1771287869965_4duX.asm(245) : error A2008:syntax error : WriteConsoleA
D:\rawrxd\history\all_versions\src\dumpbin_final_backup.asm\1771287869965_4duX.asm(250) : error A2008:syntax error : invoke
D:\rawrxd\history\all_versions\src\dumpbin_final_backup.asm\1771287869965_4duX.asm(276) : error A2008:syntax error : WriteConsoleA
D:\rawrxd\history\all_versions\src\dumpbin_final_backup.asm\1771287869965_4duX.asm(303) : error A2008:syntax error : WriteConsoleA
D:\rawrxd\history\all_versions\src\dumpbin_final_backup.asm\1771287869965_4duX.asm(304) : error A2008:syntax error : ,
D:\rawrxd\history\all_versions\src\dumpbin_final_backup.asm\1771287869965_4duX.asm(306) : error A2008:syntax error : invoke
D:\rawrxd\history\all_versions\src\dumpbin_final_backup.asm\1771287869965_4duX.asm(311) : error A2008:syntax error : invoke
D:\rawrxd\history\all_versions\src\dumpbin_final_backup.asm\1771287869965_4duX.asm(314) : error A2008:syntax error : invoke
D:\rawrxd\history\all_versions\src\dumpbin_final_backup.asm\1771287869965_4duX.asm(317) : error A2008:syntax error : invoke
D:\rawrxd\history\all_versions\src\dumpbin_final_backup.asm\1771287869965_4duX.asm(318) : error A2008:syntax error : invoke
D:\rawrxd\history\all_versions\src\dumpbin_final_backup.asm\1771287869965_4duX.asm(330) : error A2008:syntax error : WriteConsoleA
D:\rawrxd\history\all_versions\src\dumpbin_final_backup.asm\1771287869965_4duX.asm(364) : error A2008:syntax error : wsprintfA
D:\rawrxd\history\all_versions\src\dumpbin_final_backup.asm\1771287869965_4duX.asm(365) : error A2008:syntax error : WriteConsoleA
D:\rawrxd\history\all_versions\src\dumpbin_final_backup.asm\1771287869965_4duX.asm(378) : error A2008:syntax error : WriteConsoleA
D:\rawrxd\history\all_versions\src\dumpbin_final_backup.asm\1771287869965_4duX.asm(382) : error A2008:syntax error : WriteConsoleA
D:\rawrxd\history\all_versions\src\dumpbin_final_backup.asm\1771287869965_4duX.asm(393) : error A2008:syntax error : wsprintfA
D:\rawrxd\history\all_versions\src\dumpbin_final_backup.asm\1771287869965_4duX.asm(394) : error A2008:syntax error : WriteConsoleA
D:\rawrxd\history\all_versions\src\dumpbin_final_backup.asm\1771287869965_4duX.asm(418) : error A2008:syntax error : WriteConsoleA
D:\rawrxd\history\all_versions\src\dumpbin_final_backup.asm\1771287869965_4duX.asm(425) : error A2008:syntax error : WriteConsoleA
D:\rawrxd\history\all_versions\src\dumpbin_final_backup.asm\1771287869965_4duX.asm(438) : error A2008:syntax error : invoke
D:\rawrxd\history\all_versions\src\dumpbin_final_backup.asm\1771287869965_4duX.asm(460) : error A2008:syntax error : invoke
D:\rawrxd\history\all_versions\src\dumpbin_final_backup.asm\1771287869965_4duX.asm(468) : error A2008:syntax error : invoke
D:\rawrxd\history\all_versions\src\dumpbin_final_backup.asm\1771287869965_4duX.asm(618) : error A2070:invalid instruction operands
D:\rawrxd\history\all_versions\src\dumpbin_final_backup.asm\1771287869965_4duX.asm(623) : error A2070:invalid instruction operands
D:\rawrxd\history\all_versions\src\dumpbin_final_backup.asm\1771287869965_4duX.asm(660) : error A2005:symbol redefinition : hFile
D:\rawrxd\history\all_versions\src\dumpbin_final_backup.asm\1771287869965_4duX.asm(665) : error A2008:syntax error : strlen
D:\rawrxd\history\all_versions\src\dumpbin_final_backup.asm\1771287869965_4duX.asm(668) : error A2008:syntax error : invoke
D:\rawrxd\history\all_versions\src\dumpbin_final_backup.asm\1771287869965_4duX.asm(703) : error A2008:syntax error : invoke
D:\rawrxd\history\all_versions\src\dumpbin_final_backup.asm\1771287869965_4duX.asm(712) : error A2008:syntax error : invoke
D:\rawrxd\history\all_versions\src\dumpbin_final_backup.asm\1771287869965_4duX.asm(1009) : error A2070:invalid instruction operands
D:\rawrxd\history\all_versions\src\dumpbin_final_backup.asm\1771287869965_4duX.asm(1053) : error A2001:immediate operand not allowed
D:\rawrxd\history\all_versions\src\dumpbin_final_backup.asm\1771287869965_4duX.asm(1063) : error A2001:immediate operand not allowed
D:\rawrxd\history\all_versions\src\dumpbin_final_backup.asm\1771287869965_4duX.asm(1064) : error A2001:immediate operand not allowed
D:\rawrxd\history\all_versions\src\dumpbin_final_backup.asm\1771287869965_4duX.asm(1065) : error A2001:immediate operand not allowed
D:\rawrxd\history\all_versions\src\dumpbin_final_backup.asm\1771287869965_4duX.asm(1066) : error A2001:immediate operand not allowed
D:\rawrxd\history\all_versions\src\dumpbin_final_backup.asm\1771287869965_4duX.asm(1108) : error A2001:immediate operand not allowed
D:\rawrxd\history\all_versions\src\dumpbin_final_backup.asm\1771287869965_4duX.asm(1112) : error A2001:immediate operand not allowed
D:\rawrxd\history\all_versions\src\dumpbin_final_backup.asm\1771287869965_4duX.asm(1115) : error A2001:immediate operand not allowed
D:\rawrxd\history\all_versions\src\dumpbin_final_backup.asm\1771287869965_4duX.asm(1167) : error A2008:syntax error : integer
D:\rawrxd\history\all_versions\src\dumpbin_final_backup.asm\1771287869965_4duX.asm(1495) : error A2008:syntax error : pushad
D:\rawrxd\history\all_versions\src\dumpbin_final_backup.asm\1771287869965_4duX.asm(1507) : error A2070:invalid instruction operands
D:\rawrxd\history\all_versions\src\dumpbin_final_backup.asm\1771287869965_4duX.asm(1513) : error A2070:invalid instruction operands
D:\rawrxd\history\all_versions\src\dumpbin_final_backup.asm\1771287869965_4duX.asm(1517) : error A2070:invalid instruction operands
D:\rawrxd\history\all_versions\src\dumpbin_final_backup.asm\1771287869965_4duX.asm(1531) : error A2070:invalid instruction operands
D:\rawrxd\history\all_versions\src\dumpbin_final_backup.asm\1771287869965_4duX.asm(1560) : error A2008:syntax error : popad
D:\rawrxd\history\all_versions\src\dumpbin_final_backup.asm\1771287869965_4duX.asm(1564) : error A2008:syntax error : popad
D:\rawrxd\history\all_versions\src\dumpbin_final_backup.asm\1771287869965_4duX.asm(1568) : error A2008:syntax error : popad
D:\rawrxd\history\all_versions\src\dumpbin_final_backup.asm\1771287869965_4duX.asm(1572) : error A2008:syntax error : popad
D:\rawrxd\history\all_versions\src\dumpbin_final_backup.asm\1771287869965_4duX.asm(1577) : error A2008:syntax error : popad
D:\rawrxd\history\all_versions\src\dumpbin_final_backup.asm\1771287869965_4duX.asm(1600) : error A2005:symbol redefinition : hFile
D:\rawrxd\history\all_versions\src\dumpbin_final_backup.asm\1771287869965_4duX.asm(1602) : error A2008:syntax error : invoke
D:\rawrxd\history\all_versions\src\dumpbin_final_backup.asm\1771287869965_4duX.asm(1608) : error A2008:syntax error : WriteFile
D:\rawrxd\history\all_versions\src\dumpbin_final_backup.asm\1771287869965_4duX.asm(1609) : error A2008:syntax error : WriteFile
D:\rawrxd\history\all_versions\src\dumpbin_final_backup.asm\1771287869965_4duX.asm(1618) : error A2008:syntax error : invoke
D:\rawrxd\history\all_versions\src\dumpbin_final_backup.asm\1771287869965_4duX.asm(1707) : error A2005:symbol redefinition : hFile
D:\rawrxd\history\all_versions\src\dumpbin_final_backup.asm\1771287869965_4duX.asm(1708) : error A2008:syntax error : integer
D:\rawrxd\history\all_versions\src\dumpbin_final_backup.asm\1771287869965_4duX.asm(1711) : error A2008:syntax error : invoke
D:\rawrxd\history\all_versions\src\dumpbin_final_backup.asm\1771287869965_4duX.asm(1720) : error A2008:syntax error : invoke
D:\rawrxd\history\all_versions\src\dumpbin_final_backup.asm\1771287869965_4duX.asm(1731) : error A2008:syntax error : invoke
D:\rawrxd\history\all_versions\src\dumpbin_final_backup.asm\1771287869965_4duX.asm(1753) : error A2008:syntax error : invoke
D:\rawrxd\history\all_versions\src\dumpbin_final_backup.asm\1771287869965_4duX.asm(1756) : error A2008:syntax error : invoke
D:\rawrxd\history\all_versions\src\dumpbin_final_backup.asm\1771287869965_4duX.asm(1765) : error A2008:syntax error : invoke
D:\rawrxd\history\all_versions\src\dumpbin_final_backup.asm\1771287869965_4duX.asm(1766) : error A2008:syntax error : invoke
D:\rawrxd\history\all_versions\src\dumpbin_final_backup.asm\1771287869965_4duX.asm(1768) : error A2070:invalid instruction operands
D:\rawrxd\history\all_versions\src\dumpbin_final_backup.asm\1771287869965_4duX.asm(1791) : error A2008:syntax error : invoke
D:\rawrxd\history\all_versions\src\dumpbin_final_backup.asm\1771287869965_4duX.asm(1794) : error A2008:syntax error : invoke
D:\rawrxd\history\all_versions\src\dumpbin_final_backup.asm\1771287869965_4duX.asm(1808) : error A2008:syntax error
D:\rawrxd\history\all_versions\src\dumpbin_final_backup.asm\1771287869965_4duX.asm(1826) : error A2008:syntax error : strcat
D:\rawrxd\history\all_versions\src\dumpbin_final_backup.asm\1771287869965_4duX.asm(1828) : error A2008:syntax error : invoke
D:\rawrxd\history\all_versions\src\dumpbin_final_backup.asm\1771287869965_4duX.asm(1837) : error A2008:syntax error : invoke
D:\rawrxd\history\all_versions\src\dumpbin_final_backup.asm\1771287869965_4duX.asm(1841) : error A2008:syntax error : invoke
D:\rawrxd\history\all_versions\src\dumpbin_final_backup.asm\1771287869965_4duX.asm(1866) : error A2008:syntax error : WriteConsoleA
D:\rawrxd\history\all_versions\src\dumpbin_final_backup.asm\1771287869965_4duX.asm(1892) : error A2070:invalid instruction operands
D:\rawrxd\history\all_versions\src\dumpbin_final_backup.asm\1771287869965_4duX.asm(1900) : error A2008:syntax error : pushad
D:\rawrxd\history\all_versions\src\dumpbin_final_backup.asm\1771287869965_4duX.asm(1901) : error A2008:syntax error : wsprintfA
D:\rawrxd\history\all_versions\src\dumpbin_final_backup.asm\1771287869965_4duX.asm(1903) : error A2008:syntax error : WriteConsoleA
D:\rawrxd\history\all_versions\src\dumpbin_final_backup.asm\1771287869965_4duX.asm(1904) : error A2008:syntax error : popad
D:\rawrxd\history\all_versions\src\dumpbin_final_backup.asm\1771287869965_4duX.asm(1913) : error A2008:syntax error : pushad
D:\rawrxd\history\all_versions\src\dumpbin_final_backup.asm\1771287869965_4duX.asm(1918) : error A2008:syntax error : wsprintfA
D:\rawrxd\history\all_versions\src\dumpbin_final_backup.asm\1771287869965_4duX.asm(1920) : error A2008:syntax error : WriteConsoleA
D:\rawrxd\history\all_versions\src\dumpbin_final_backup.asm\1771287869965_4duX.asm(1921) : error A2008:syntax error : popad
D:\rawrxd\history\all_versions\src\dumpbin_final_backup.asm\1771287869965_4duX.asm(1931) : error A2008:syntax error : pushad
D:\rawrxd\history\all_versions\src\dumpbin_final_backup.asm\1771287869965_4duX.asm(1932) : error A2008:syntax error : invoke
D:\rawrxd\history\all_versions\src\dumpbin_final_backup.asm\1771287869965_4duX.asm(1933) : error A2008:syntax error : WriteConsoleA
D:\rawrxd\history\all_versions\src\dumpbin_final_backup.asm\1771287869965_4duX.asm(1934) : error A2008:syntax error : popad
D:\rawrxd\history\all_versions\src\dumpbin_final_backup.asm\1771287869965_4duX.asm(1938) : fatal error A1012:error count exceeds 100; stopping assembly
