 Assembling: D:\rawrxd\history\all_versions\src\masm\RawrXD_CLI.asm\1771286220966_dSvZ.asm
D:\rawrxd\history\all_versions\src\masm\RawrXD_CLI.asm\1771286220966_dSvZ.asm(6) : error A2008:syntax error : .
D:\rawrxd\history\all_versions\src\masm\RawrXD_CLI.asm\1771286220966_dSvZ.asm(7) : error A2008:syntax error : .
D:\rawrxd\history\all_versions\src\masm\RawrXD_CLI.asm\1771286220966_dSvZ.asm(8) : error A2008:syntax error : .
D:\rawrxd\history\all_versions\src\masm\RawrXD_CLI.asm\1771286220966_dSvZ.asm(10) : error A2008:syntax error : frame
D:\rawrxd\history\all_versions\src\masm\RawrXD_CLI.asm\1771286220966_dSvZ.asm(97) : error A2008:syntax error : width
D:\rawrxd\history\all_versions\src\masm\RawrXD_CLI.asm\1771286220966_dSvZ.asm(1024) : error A2070:invalid instruction operands
D:\rawrxd\history\all_versions\src\masm\RawrXD_CLI.asm\1771286220966_dSvZ.asm(237) : error A2206:missing operator in expression
D:\rawrxd\history\all_versions\src\masm\RawrXD_CLI.asm\1771286220966_dSvZ.asm(249) : error A2081:missing operand after unary operator
D:\rawrxd\history\all_versions\src\masm\RawrXD_CLI.asm\1771286220966_dSvZ.asm(329) : error A2006:undefined symbol : ReadConsoleInputA
D:\rawrxd\history\all_versions\src\masm\RawrXD_CLI.asm\1771286220966_dSvZ.asm(362) : error A2006:undefined symbol : ReadConsoleInputA
D:\rawrxd\history\all_versions\src\masm\RawrXD_CLI.asm\1771286220966_dSvZ.asm(513) : error A2206:missing operator in expression
D:\rawrxd\history\all_versions\src\masm\RawrXD_CLI.asm\1771286220966_dSvZ.asm(547) : error A2026:constant expected
D:\rawrxd\history\all_versions\src\masm\RawrXD_CLI.asm\1771286220966_dSvZ.asm(562) : error A2026:constant expected
D:\rawrxd\history\all_versions\src\masm\RawrXD_CLI.asm\1771286220966_dSvZ.asm(609) : error A2026:constant expected
D:\rawrxd\history\all_versions\src\masm\RawrXD_CLI.asm\1771286220966_dSvZ.asm(613) : error A2026:constant expected
D:\rawrxd\history\all_versions\src\masm\RawrXD_CLI.asm\1771286220966_dSvZ.asm(812) : error A2206:missing operator in expression
D:\rawrxd\history\all_versions\src\masm\RawrXD_CLI.asm\1771286220966_dSvZ.asm(1100) : error A2081:missing operand after unary operator
D:\rawrxd\history\all_versions\src\masm\RawrXD_CLI.asm\1771286220966_dSvZ.asm(1198) : error A2006:undefined symbol : wsprintfA
D:\rawrxd\history\all_versions\src\masm\RawrXD_CLI.asm\1771286220966_dSvZ.asm(1245) : error A2206:missing operator in expression
D:\rawrxd\history\all_versions\src\masm\RawrXD_CLI.asm\1771286220966_dSvZ.asm(217) : error A2220:Missing .ENDPROLOG
D:\rawrxd\history\all_versions\src\masm\RawrXD_CLI.asm\1771286220966_dSvZ.asm(283) : error A2220:Missing .ENDPROLOG
D:\rawrxd\history\all_versions\src\masm\RawrXD_CLI.asm\1771286220966_dSvZ.asm(312) : error A2220:Missing .ENDPROLOG
D:\rawrxd\history\all_versions\src\masm\RawrXD_CLI.asm\1771286220966_dSvZ.asm(350) : error A2220:Missing .ENDPROLOG
D:\rawrxd\history\all_versions\src\masm\RawrXD_CLI.asm\1771286220966_dSvZ.asm(373) : error A2220:Missing .ENDPROLOG
D:\rawrxd\history\all_versions\src\masm\RawrXD_CLI.asm\1771286220966_dSvZ.asm(497) : error A2220:Missing .ENDPROLOG
D:\rawrxd\history\all_versions\src\masm\RawrXD_CLI.asm\1771286220966_dSvZ.asm(531) : error A2220:Missing .ENDPROLOG
D:\rawrxd\history\all_versions\src\masm\RawrXD_CLI.asm\1771286220966_dSvZ.asm(574) : error A2220:Missing .ENDPROLOG
D:\rawrxd\history\all_versions\src\masm\RawrXD_CLI.asm\1771286220966_dSvZ.asm(591) : error A2220:Missing .ENDPROLOG
D:\rawrxd\history\all_versions\src\masm\RawrXD_CLI.asm\1771286220966_dSvZ.asm(618) : error A2220:Missing .ENDPROLOG
D:\rawrxd\history\all_versions\src\masm\RawrXD_CLI.asm\1771286220966_dSvZ.asm(633) : error A2220:Missing .ENDPROLOG
D:\rawrxd\history\all_versions\src\masm\RawrXD_CLI.asm\1771286220966_dSvZ.asm(661) : error A2220:Missing .ENDPROLOG
D:\rawrxd\history\all_versions\src\masm\RawrXD_CLI.asm\1771286220966_dSvZ.asm(696) : error A2220:Missing .ENDPROLOG
D:\rawrxd\history\all_versions\src\masm\RawrXD_CLI.asm\1771286220966_dSvZ.asm(701) : error A2220:Missing .ENDPROLOG
D:\rawrxd\history\all_versions\src\masm\RawrXD_CLI.asm\1771286220966_dSvZ.asm(705) : error A2220:Missing .ENDPROLOG
D:\rawrxd\history\all_versions\src\masm\RawrXD_CLI.asm\1771286220966_dSvZ.asm(713) : error A2220:Missing .ENDPROLOG
D:\rawrxd\history\all_versions\src\masm\RawrXD_CLI.asm\1771286220966_dSvZ.asm(719) : error A2220:Missing .ENDPROLOG
D:\rawrxd\history\all_versions\src\masm\RawrXD_CLI.asm\1771286220966_dSvZ.asm(801) : error A2220:Missing .ENDPROLOG
D:\rawrxd\history\all_versions\src\masm\RawrXD_CLI.asm\1771286220966_dSvZ.asm(883) : error A2220:Missing .ENDPROLOG
D:\rawrxd\history\all_versions\src\masm\RawrXD_CLI.asm\1771286220966_dSvZ.asm(893) : error A2220:Missing .ENDPROLOG
D:\rawrxd\history\all_versions\src\masm\RawrXD_CLI.asm\1771286220966_dSvZ.asm(989) : error A2220:Missing .ENDPROLOG
D:\rawrxd\history\all_versions\src\masm\RawrXD_CLI.asm\1771286220966_dSvZ.asm(1048) : error A2220:Missing .ENDPROLOG
D:\rawrxd\history\all_versions\src\masm\RawrXD_CLI.asm\1771286220966_dSvZ.asm(1083) : error A2220:Missing .ENDPROLOG
D:\rawrxd\history\all_versions\src\masm\RawrXD_CLI.asm\1771286220966_dSvZ.asm(1118) : error A2220:Missing .ENDPROLOG
D:\rawrxd\history\all_versions\src\masm\RawrXD_CLI.asm\1771286220966_dSvZ.asm(1134) : error A2220:Missing .ENDPROLOG
D:\rawrxd\history\all_versions\src\masm\RawrXD_CLI.asm\1771286220966_dSvZ.asm(1162) : error A2220:Missing .ENDPROLOG
D:\rawrxd\history\all_versions\src\masm\RawrXD_CLI.asm\1771286220966_dSvZ.asm(1171) : error A2220:Missing .ENDPROLOG
D:\rawrxd\history\all_versions\src\masm\RawrXD_CLI.asm\1771286220966_dSvZ.asm(1195) : error A2220:Missing .ENDPROLOG
D:\rawrxd\history\all_versions\src\masm\RawrXD_CLI.asm\1771286220966_dSvZ.asm(1200) : error A2220:Missing .ENDPROLOG
D:\rawrxd\history\all_versions\src\masm\RawrXD_CLI.asm\1771286220966_dSvZ.asm(1225) : error A2220:Missing .ENDPROLOG
D:\rawrxd\history\all_versions\src\masm\RawrXD_CLI.asm\1771286220966_dSvZ.asm(1254) : error A2220:Missing .ENDPROLOG
