 Assembling: D:\rawrxd\history\all_versions\src\masm\RawrXD_InferenceCore.asm\1771285187204_MmCC.asm
D:\rawrxd\history\all_versions\src\masm\RawrXD_InferenceCore.asm\1771285187204_MmCC.asm(7) : error A2008:syntax error : .
D:\rawrxd\history\all_versions\src\masm\RawrXD_InferenceCore.asm\1771285187204_MmCC.asm(8) : error A2008:syntax error : .
D:\rawrxd\history\all_versions\src\masm\RawrXD_InferenceCore.asm\1771285187204_MmCC.asm(9) : error A2008:syntax error : .
D:\rawrxd\history\all_versions\src\masm\RawrXD_InferenceCore.asm\1771285187204_MmCC.asm(11) : error A2008:syntax error : frame
D:\rawrxd\history\all_versions\src\masm\RawrXD_InferenceCore.asm\1771285187204_MmCC.asm(97) : error A2008:syntax error : type
D:\rawrxd\history\all_versions\src\masm\RawrXD_InferenceCore.asm\1771285187204_MmCC.asm(98) : error A2008:syntax error : offset
D:\rawrxd\history\all_versions\src\masm\RawrXD_InferenceCore.asm\1771285187204_MmCC.asm(168) : error A2008:syntax error : cs
D:\rawrxd\history\all_versions\src\masm\RawrXD_InferenceCore.asm\1771285187204_MmCC.asm(989) : error A2008:syntax error : name
D:\rawrxd\history\all_versions\src\masm\RawrXD_InferenceCore.asm\1771285187204_MmCC.asm(1097) : error A2008:syntax error : name
D:\rawrxd\history\all_versions\src\masm\RawrXD_InferenceCore.asm\1771285187204_MmCC.asm(1115) : error A2008:syntax error : name
D:\rawrxd\history\all_versions\src\masm\RawrXD_InferenceCore.asm\1771285187204_MmCC.asm(1127) : error A2008:syntax error : name
D:\rawrxd\history\all_versions\src\masm\RawrXD_InferenceCore.asm\1771285187204_MmCC.asm(1133) : error A2008:syntax error : name
D:\rawrxd\history\all_versions\src\masm\RawrXD_InferenceCore.asm\1771285187204_MmCC.asm(1139) : error A2008:syntax error : name
D:\rawrxd\history\all_versions\src\masm\RawrXD_InferenceCore.asm\1771285187204_MmCC.asm(1145) : error A2008:syntax error : name
D:\rawrxd\history\all_versions\src\masm\RawrXD_InferenceCore.asm\1771285187204_MmCC.asm(1151) : error A2008:syntax error : name
D:\rawrxd\history\all_versions\src\masm\RawrXD_InferenceCore.asm\1771285187204_MmCC.asm(1195) : error A2008:syntax error : name
D:\rawrxd\history\all_versions\src\masm\RawrXD_InferenceCore.asm\1771285187204_MmCC.asm(1201) : error A2008:syntax error : name
D:\rawrxd\history\all_versions\src\masm\RawrXD_InferenceCore.asm\1771285187204_MmCC.asm(1207) : error A2008:syntax error : name
D:\rawrxd\history\all_versions\src\masm\RawrXD_InferenceCore.asm\1771285187204_MmCC.asm(1213) : error A2008:syntax error : name
D:\rawrxd\history\all_versions\src\masm\RawrXD_InferenceCore.asm\1771285187204_MmCC.asm(1565) : error A2070:invalid instruction operands
D:\rawrxd\history\all_versions\src\masm\RawrXD_InferenceCore.asm\1771285187204_MmCC.asm(242) : error A2166:structure field expected
D:\rawrxd\history\all_versions\src\masm\RawrXD_InferenceCore.asm\1771285187204_MmCC.asm(364) : error A2206:missing operator in expression
D:\rawrxd\history\all_versions\src\masm\RawrXD_InferenceCore.asm\1771285187204_MmCC.asm(552) : error A2006:undefined symbol : MEM_COMMIT
D:\rawrxd\history\all_versions\src\masm\RawrXD_InferenceCore.asm\1771285187204_MmCC.asm(553) : error A2006:undefined symbol : PAGE_READWRITE
D:\rawrxd\history\all_versions\src\masm\RawrXD_InferenceCore.asm\1771285187204_MmCC.asm(963) : error A2006:undefined symbol : MEM_COMMIT
D:\rawrxd\history\all_versions\src\masm\RawrXD_InferenceCore.asm\1771285187204_MmCC.asm(964) : error A2006:undefined symbol : PAGE_READWRITE
D:\rawrxd\history\all_versions\src\masm\RawrXD_InferenceCore.asm\1771285187204_MmCC.asm(1021) : error A2081:missing operand after unary operator
D:\rawrxd\history\all_versions\src\masm\RawrXD_InferenceCore.asm\1771285187204_MmCC.asm(1026) : error A2081:missing operand after unary operator
D:\rawrxd\history\all_versions\src\masm\RawrXD_InferenceCore.asm\1771285187204_MmCC.asm(1035) : error A2081:missing operand after unary operator
D:\rawrxd\history\all_versions\src\masm\RawrXD_InferenceCore.asm\1771285187204_MmCC.asm(1063) : error A2022:instruction operands must be the same size
D:\rawrxd\history\all_versions\src\masm\RawrXD_InferenceCore.asm\1771285187204_MmCC.asm(1064) : error A2022:instruction operands must be the same size
D:\rawrxd\history\all_versions\src\masm\RawrXD_InferenceCore.asm\1771285187204_MmCC.asm(1065) : error A2022:instruction operands must be the same size
D:\rawrxd\history\all_versions\src\masm\RawrXD_InferenceCore.asm\1771285187204_MmCC.asm(1066) : error A2022:instruction operands must be the same size
D:\rawrxd\history\all_versions\src\masm\RawrXD_InferenceCore.asm\1771285187204_MmCC.asm(1069) : error A2081:missing operand after unary operator
D:\rawrxd\history\all_versions\src\masm\RawrXD_InferenceCore.asm\1771285187204_MmCC.asm(1406) : error A2006:undefined symbol : MEM_COMMIT
D:\rawrxd\history\all_versions\src\masm\RawrXD_InferenceCore.asm\1771285187204_MmCC.asm(1407) : error A2006:undefined symbol : PAGE_READWRITE
D:\rawrxd\history\all_versions\src\masm\RawrXD_InferenceCore.asm\1771285187204_MmCC.asm(1604) : error A2022:instruction operands must be the same size
D:\rawrxd\history\all_versions\src\masm\RawrXD_InferenceCore.asm\1771285187204_MmCC.asm(1728) : error A2006:undefined symbol : lnorm_eps
D:\rawrxd\history\all_versions\src\masm\RawrXD_InferenceCore.asm\1771285187204_MmCC.asm(1733) : error A2006:undefined symbol : lnorm_one
D:\rawrxd\history\all_versions\src\masm\RawrXD_InferenceCore.asm\1771285187204_MmCC.asm(1802) : error A2006:undefined symbol : pTempBuffer
D:\rawrxd\history\all_versions\src\masm\RawrXD_InferenceCore.asm\1771285187204_MmCC.asm(1994) : error A2006:undefined symbol : pTempBuffer
D:\rawrxd\history\all_versions\src\masm\RawrXD_InferenceCore.asm\1771285187204_MmCC.asm(2040) : error A2006:undefined symbol : ff_exp_clamp_lo
D:\rawrxd\history\all_versions\src\masm\RawrXD_InferenceCore.asm\1771285187204_MmCC.asm(2044) : error A2006:undefined symbol : ff_exp_scale
D:\rawrxd\history\all_versions\src\masm\RawrXD_InferenceCore.asm\1771285187204_MmCC.asm(2045) : error A2006:undefined symbol : ff_exp_bias
D:\rawrxd\history\all_versions\src\masm\RawrXD_InferenceCore.asm\1771285187204_MmCC.asm(2050) : error A2006:undefined symbol : ff_one
D:\rawrxd\history\all_versions\src\masm\RawrXD_InferenceCore.asm\1771285187204_MmCC.asm(2295) : error A2006:undefined symbol : MEM_RELEASE
D:\rawrxd\history\all_versions\src\masm\RawrXD_InferenceCore.asm\1771285187204_MmCC.asm(2303) : error A2006:undefined symbol : MEM_RELEASE
D:\rawrxd\history\all_versions\src\masm\RawrXD_InferenceCore.asm\1771285187204_MmCC.asm(2311) : error A2006:undefined symbol : MEM_RELEASE
D:\rawrxd\history\all_versions\src\masm\RawrXD_InferenceCore.asm\1771285187204_MmCC.asm(2315) : error A2166:structure field expected
D:\rawrxd\history\all_versions\src\masm\RawrXD_InferenceCore.asm\1771285187204_MmCC.asm(260) : error A2220:Missing .ENDPROLOG
D:\rawrxd\history\all_versions\src\masm\RawrXD_InferenceCore.asm\1771285187204_MmCC.asm(304) : error A2220:Missing .ENDPROLOG
D:\rawrxd\history\all_versions\src\masm\RawrXD_InferenceCore.asm\1771285187204_MmCC.asm(329) : error A2220:Missing .ENDPROLOG
D:\rawrxd\history\all_versions\src\masm\RawrXD_InferenceCore.asm\1771285187204_MmCC.asm(334) : error A2220:Missing .ENDPROLOG
D:\rawrxd\history\all_versions\src\masm\RawrXD_InferenceCore.asm\1771285187204_MmCC.asm(338) : error A2220:Missing .ENDPROLOG
D:\rawrxd\history\all_versions\src\masm\RawrXD_InferenceCore.asm\1771285187204_MmCC.asm(532) : error A2220:Missing .ENDPROLOG
D:\rawrxd\history\all_versions\src\masm\RawrXD_InferenceCore.asm\1771285187204_MmCC.asm(611) : error A2220:Missing .ENDPROLOG
D:\rawrxd\history\all_versions\src\masm\RawrXD_InferenceCore.asm\1771285187204_MmCC.asm(645) : error A2220:Missing .ENDPROLOG
D:\rawrxd\history\all_versions\src\masm\RawrXD_InferenceCore.asm\1771285187204_MmCC.asm(664) : error A2220:Missing .ENDPROLOG
D:\rawrxd\history\all_versions\src\masm\RawrXD_InferenceCore.asm\1771285187204_MmCC.asm(754) : error A2220:Missing .ENDPROLOG
D:\rawrxd\history\all_versions\src\masm\RawrXD_InferenceCore.asm\1771285187204_MmCC.asm(863) : error A2220:Missing .ENDPROLOG
D:\rawrxd\history\all_versions\src\masm\RawrXD_InferenceCore.asm\1771285187204_MmCC.asm(892) : error A2220:Missing .ENDPROLOG
D:\rawrxd\history\all_versions\src\masm\RawrXD_InferenceCore.asm\1771285187204_MmCC.asm(937) : error A2220:Missing .ENDPROLOG
D:\rawrxd\history\all_versions\src\masm\RawrXD_InferenceCore.asm\1771285187204_MmCC.asm(1056) : error A2220:Missing .ENDPROLOG
D:\rawrxd\history\all_versions\src\masm\RawrXD_InferenceCore.asm\1771285187204_MmCC.asm(1075) : error A2220:Missing .ENDPROLOG
D:\rawrxd\history\all_versions\src\masm\RawrXD_InferenceCore.asm\1771285187204_MmCC.asm(1270) : error A2220:Missing .ENDPROLOG
D:\rawrxd\history\all_versions\src\masm\RawrXD_InferenceCore.asm\1771285187204_MmCC.asm(1323) : error A2220:Missing .ENDPROLOG
D:\rawrxd\history\all_versions\src\masm\RawrXD_InferenceCore.asm\1771285187204_MmCC.asm(1375) : error A2220:Missing .ENDPROLOG
D:\rawrxd\history\all_versions\src\masm\RawrXD_InferenceCore.asm\1771285187204_MmCC.asm(1449) : error A2220:Missing .ENDPROLOG
D:\rawrxd\history\all_versions\src\masm\RawrXD_InferenceCore.asm\1771285187204_MmCC.asm(1581) : error A2220:Missing .ENDPROLOG
D:\rawrxd\history\all_versions\src\masm\RawrXD_InferenceCore.asm\1771285187204_MmCC.asm(1662) : error A2220:Missing .ENDPROLOG
D:\rawrxd\history\all_versions\src\masm\RawrXD_InferenceCore.asm\1771285187204_MmCC.asm(1688) : error A2220:Missing .ENDPROLOG
D:\rawrxd\history\all_versions\src\masm\RawrXD_InferenceCore.asm\1771285187204_MmCC.asm(1760) : error A2220:Missing .ENDPROLOG
D:\rawrxd\history\all_versions\src\masm\RawrXD_InferenceCore.asm\1771285187204_MmCC.asm(1962) : error A2220:Missing .ENDPROLOG
D:\rawrxd\history\all_versions\src\masm\RawrXD_InferenceCore.asm\1771285187204_MmCC.asm(2155) : error A2220:Missing .ENDPROLOG
D:\rawrxd\history\all_versions\src\masm\RawrXD_InferenceCore.asm\1771285187204_MmCC.asm(2159) : error A2220:Missing .ENDPROLOG
D:\rawrxd\history\all_versions\src\masm\RawrXD_InferenceCore.asm\1771285187204_MmCC.asm(2227) : error A2220:Missing .ENDPROLOG
D:\rawrxd\history\all_versions\src\masm\RawrXD_InferenceCore.asm\1771285187204_MmCC.asm(2264) : error A2220:Missing .ENDPROLOG
D:\rawrxd\history\all_versions\src\masm\RawrXD_InferenceCore.asm\1771285187204_MmCC.asm(2276) : error A2220:Missing .ENDPROLOG
D:\rawrxd\history\all_versions\src\masm\RawrXD_InferenceCore.asm\1771285187204_MmCC.asm(2324) : error A2220:Missing .ENDPROLOG
D:\rawrxd\history\all_versions\src\masm\RawrXD_InferenceCore.asm\1771285187204_MmCC.asm(2334) : error A2220:Missing .ENDPROLOG
D:\rawrxd\history\all_versions\src\masm\RawrXD_InferenceCore.asm\1771285187204_MmCC.asm(2364) : error A2220:Missing .ENDPROLOG
