 Assembling: D:\rawrxd\history\all_versions\terraform.asm\1771246419405_QmGb.asm
D:\rawrxd\history\all_versions\terraform.asm\1771246419405_QmGb.asm(38) : error A2008:syntax error : integer
D:\rawrxd\history\all_versions\terraform.asm\1771246419405_QmGb.asm(75) : error A2008:syntax error : integer
D:\rawrxd\history\all_versions\terraform.asm\1771246419405_QmGb.asm(97) : error A2008:syntax error : .
D:\rawrxd\history\all_versions\terraform.asm\1771246419405_QmGb.asm(520) : error A2005:symbol redefinition : dos_header
D:\rawrxd\history\all_versions\terraform.asm\1771246419405_QmGb.asm(536) : error A2005:symbol redefinition : nt_header
D:\rawrxd\history\all_versions\terraform.asm\1771246419405_QmGb.asm(605) : error A2005:symbol redefinition : file_name
D:\rawrxd\history\all_versions\terraform.asm\1771246419405_QmGb.asm(606) : error A2005:symbol redefinition : msg_success
D:\rawrxd\history\all_versions\terraform.asm\1771246419405_QmGb.asm(607) : error A2005:symbol redefinition : msg_error
D:\rawrxd\history\all_versions\terraform.asm\1771246419405_QmGb.asm(608) : error A2005:symbol redefinition : hFile
D:\rawrxd\history\all_versions\terraform.asm\1771246419405_QmGb.asm(609) : error A2005:symbol redefinition : bytesWritten
D:\rawrxd\history\all_versions\terraform.asm\1771246419405_QmGb.asm(126) : error A2022:instruction operands must be the same size
D:\rawrxd\history\all_versions\terraform.asm\1771246419405_QmGb.asm(147) : error A2022:instruction operands must be the same size
D:\rawrxd\history\all_versions\terraform.asm\1771246419405_QmGb.asm(155) : error A2022:instruction operands must be the same size
D:\rawrxd\history\all_versions\terraform.asm\1771246419405_QmGb.asm(162) : error A2022:instruction operands must be the same size
D:\rawrxd\history\all_versions\terraform.asm\1771246419405_QmGb.asm(169) : error A2022:instruction operands must be the same size
D:\rawrxd\history\all_versions\terraform.asm\1771246419405_QmGb.asm(392) : error A2022:instruction operands must be the same size
D:\rawrxd\history\all_versions\terraform.asm\1771246419405_QmGb.asm(393) : error A2022:instruction operands must be the same size
D:\rawrxd\history\all_versions\terraform.asm\1771246419405_QmGb.asm(394) : error A2022:instruction operands must be the same size
D:\rawrxd\history\all_versions\terraform.asm\1771246419405_QmGb.asm(395) : error A2022:instruction operands must be the same size
D:\rawrxd\history\all_versions\terraform.asm\1771246419405_QmGb.asm(397) : error A2022:instruction operands must be the same size
D:\rawrxd\history\all_versions\terraform.asm\1771246419405_QmGb.asm(398) : error A2022:instruction operands must be the same size
D:\rawrxd\history\all_versions\terraform.asm\1771246419405_QmGb.asm(483) : error A2006:undefined symbol : WriteConsoleA
