 Assembling: D:\rawrxd\history\all_versions\src\Titan_InferenceCore.asm\1771286100868_IOm3.asm
D:\rawrxd\history\all_versions\src\Titan_InferenceCore.asm\1771286100868_IOm3.asm(230) : error A2070:invalid instruction operands
D:\rawrxd\history\all_versions\src\Titan_InferenceCore.asm\1771286100868_IOm3.asm(264) : error A2070:invalid instruction operands
D:\rawrxd\history\all_versions\src\Titan_InferenceCore.asm\1771286100868_IOm3.asm(289) : error A2070:invalid instruction operands
D:\rawrxd\history\all_versions\src\Titan_InferenceCore.asm\1771286100868_IOm3.asm(291) : error A2070:invalid instruction operands
D:\rawrxd\history\all_versions\src\Titan_InferenceCore.asm\1771286100868_IOm3.asm(293) : error A2070:invalid instruction operands
D:\rawrxd\history\all_versions\src\Titan_InferenceCore.asm\1771286100868_IOm3.asm(346) : error A2070:invalid instruction operands
D:\rawrxd\history\all_versions\src\Titan_InferenceCore.asm\1771286100868_IOm3.asm(371) : error A2070:invalid instruction operands
D:\rawrxd\history\all_versions\src\Titan_InferenceCore.asm\1771286100868_IOm3.asm(381) : error A2070:invalid instruction operands
D:\rawrxd\history\all_versions\src\Titan_InferenceCore.asm\1771286100868_IOm3.asm(382) : error A2070:invalid instruction operands
D:\rawrxd\history\all_versions\src\Titan_InferenceCore.asm\1771286100868_IOm3.asm(384) : error A2070:invalid instruction operands
D:\rawrxd\history\all_versions\src\Titan_InferenceCore.asm\1771286100868_IOm3.asm(385) : error A2070:invalid instruction operands
D:\rawrxd\history\all_versions\src\Titan_InferenceCore.asm\1771286100868_IOm3.asm(399) : error A2070:invalid instruction operands
D:\rawrxd\history\all_versions\src\Titan_InferenceCore.asm\1771286100868_IOm3.asm(400) : error A2070:invalid instruction operands
D:\rawrxd\history\all_versions\src\Titan_InferenceCore.asm\1771286100868_IOm3.asm(510) : error A2070:invalid instruction operands
D:\rawrxd\history\all_versions\src\Titan_InferenceCore.asm\1771286100868_IOm3.asm(520) : error A2070:invalid instruction operands
D:\rawrxd\history\all_versions\src\Titan_InferenceCore.asm\1771286100868_IOm3.asm(537) : error A2070:invalid instruction operands
D:\rawrxd\history\all_versions\src\Titan_InferenceCore.asm\1771286100868_IOm3.asm(558) : error A2070:invalid instruction operands
D:\rawrxd\history\all_versions\src\Titan_InferenceCore.asm\1771286100868_IOm3.asm(570) : error A2070:invalid instruction operands
D:\rawrxd\history\all_versions\src\Titan_InferenceCore.asm\1771286100868_IOm3.asm(585) : error A2070:invalid instruction operands
D:\rawrxd\history\all_versions\src\Titan_InferenceCore.asm\1771286100868_IOm3.asm(588) : error A2070:invalid instruction operands
D:\rawrxd\history\all_versions\src\Titan_InferenceCore.asm\1771286100868_IOm3.asm(590) : error A2070:invalid instruction operands
D:\rawrxd\history\all_versions\src\Titan_InferenceCore.asm\1771286100868_IOm3.asm(676) : error A2070:invalid instruction operands
D:\rawrxd\history\all_versions\src\Titan_InferenceCore.asm\1771286100868_IOm3.asm(686) : error A2152:coprocessor register cannot be first operand
D:\rawrxd\history\all_versions\src\Titan_InferenceCore.asm\1771286100868_IOm3.asm(697) : error A2070:invalid instruction operands
D:\rawrxd\history\all_versions\src\Titan_InferenceCore.asm\1771286100868_IOm3.asm(699) : error A2070:invalid instruction operands
D:\rawrxd\history\all_versions\src\Titan_InferenceCore.asm\1771286100868_IOm3.asm(714) : error A2070:invalid instruction operands
D:\rawrxd\history\all_versions\src\Titan_InferenceCore.asm\1771286100868_IOm3.asm(720) : error A2070:invalid instruction operands
D:\rawrxd\history\all_versions\src\Titan_InferenceCore.asm\1771286100868_IOm3.asm(742) : error A2070:invalid instruction operands
D:\rawrxd\history\all_versions\src\Titan_InferenceCore.asm\1771286100868_IOm3.asm(755) : error A2070:invalid instruction operands
D:\rawrxd\history\all_versions\src\Titan_InferenceCore.asm\1771286100868_IOm3.asm(757) : error A2070:invalid instruction operands
D:\rawrxd\history\all_versions\src\Titan_InferenceCore.asm\1771286100868_IOm3.asm(759) : error A2070:invalid instruction operands
D:\rawrxd\history\all_versions\src\Titan_InferenceCore.asm\1771286100868_IOm3.asm(780) : error A2070:invalid instruction operands
D:\rawrxd\history\all_versions\src\Titan_InferenceCore.asm\1771286100868_IOm3.asm(789) : error A2070:invalid instruction operands
D:\rawrxd\history\all_versions\src\Titan_InferenceCore.asm\1771286100868_IOm3.asm(797) : error A2070:invalid instruction operands
D:\rawrxd\history\all_versions\src\Titan_InferenceCore.asm\1771286100868_IOm3.asm(799) : error A2070:invalid instruction operands
D:\rawrxd\history\all_versions\src\Titan_InferenceCore.asm\1771286100868_IOm3.asm(833) : error A2070:invalid instruction operands
D:\rawrxd\history\all_versions\src\Titan_InferenceCore.asm\1771286100868_IOm3.asm(839) : error A2070:invalid instruction operands
D:\rawrxd\history\all_versions\src\Titan_InferenceCore.asm\1771286100868_IOm3.asm(854) : error A2070:invalid instruction operands
D:\rawrxd\history\all_versions\src\Titan_InferenceCore.asm\1771286100868_IOm3.asm(871) : error A2070:invalid instruction operands
D:\rawrxd\history\all_versions\src\Titan_InferenceCore.asm\1771286100868_IOm3.asm(889) : error A2070:invalid instruction operands
D:\rawrxd\history\all_versions\src\Titan_InferenceCore.asm\1771286100868_IOm3.asm(891) : error A2070:invalid instruction operands
D:\rawrxd\history\all_versions\src\Titan_InferenceCore.asm\1771286100868_IOm3.asm(1011) : error A2070:invalid instruction operands
D:\rawrxd\history\all_versions\src\Titan_InferenceCore.asm\1771286100868_IOm3.asm(1019) : error A2070:invalid instruction operands
D:\rawrxd\history\all_versions\src\Titan_InferenceCore.asm\1771286100868_IOm3.asm(214) : error A2082:cannot mix 16- and 32-bit registers
D:\rawrxd\history\all_versions\src\Titan_InferenceCore.asm\1771286100868_IOm3.asm(226) : error A2206:missing operator in expression
D:\rawrxd\history\all_versions\src\Titan_InferenceCore.asm\1771286100868_IOm3.asm(278) : error A2206:missing operator in expression
D:\rawrxd\history\all_versions\src\Titan_InferenceCore.asm\1771286100868_IOm3.asm(681) : error A2030:multiple index registers not allowed
D:\rawrxd\history\all_versions\src\Titan_InferenceCore.asm\1771286100868_IOm3.asm(976) : error A2022:instruction operands must be the same size
D:\rawrxd\history\all_versions\src\Titan_InferenceCore.asm\1771286100868_IOm3.asm(1012) : error A2030:multiple index registers not allowed
