 Assembling: D:\rawrxd\history\all_versions\src\agentic\vulkan\NEON_VULKAN_FABRIC_STUB.asm\1771286828279_ssUO.asm
D:\rawrxd\history\all_versions\src\agentic\vulkan\NEON_VULKAN_FABRIC_STUB.asm\1771286828279_ssUO.asm(24) : error A2006:undefined symbol : szVulkanDll
D:\rawrxd\history\all_versions\src\agentic\vulkan\NEON_VULKAN_FABRIC_STUB.asm\1771286828279_ssUO.asm(25) : error A2006:undefined symbol : LoadLibraryA
D:\rawrxd\history\all_versions\src\agentic\vulkan\NEON_VULKAN_FABRIC_STUB.asm\1771286828279_ssUO.asm(28) : error A2006:undefined symbol : hVulkanLib
D:\rawrxd\history\all_versions\src\agentic\vulkan\NEON_VULKAN_FABRIC_STUB.asm\1771286828279_ssUO.asm(33) : error A2006:undefined symbol : szVkCreateInst
D:\rawrxd\history\all_versions\src\agentic\vulkan\NEON_VULKAN_FABRIC_STUB.asm\1771286828279_ssUO.asm(34) : error A2006:undefined symbol : GetProcAddress
D:\rawrxd\history\all_versions\src\agentic\vulkan\NEON_VULKAN_FABRIC_STUB.asm\1771286828279_ssUO.asm(35) : error A2006:undefined symbol : pfnVkCreateInst
D:\rawrxd\history\all_versions\src\agentic\vulkan\NEON_VULKAN_FABRIC_STUB.asm\1771286828279_ssUO.asm(39) : error A2006:undefined symbol : szVkEnumPhys
D:\rawrxd\history\all_versions\src\agentic\vulkan\NEON_VULKAN_FABRIC_STUB.asm\1771286828279_ssUO.asm(40) : error A2006:undefined symbol : GetProcAddress
D:\rawrxd\history\all_versions\src\agentic\vulkan\NEON_VULKAN_FABRIC_STUB.asm\1771286828279_ssUO.asm(41) : error A2006:undefined symbol : pfnVkEnumPhys
D:\rawrxd\history\all_versions\src\agentic\vulkan\NEON_VULKAN_FABRIC_STUB.asm\1771286828279_ssUO.asm(44) : error A2006:undefined symbol : g_NeonFabricInit
D:\rawrxd\history\all_versions\src\agentic\vulkan\NEON_VULKAN_FABRIC_STUB.asm\1771286828279_ssUO.asm(52) : error A2006:undefined symbol : g_NeonFabricInit
D:\rawrxd\history\all_versions\src\agentic\vulkan\NEON_VULKAN_FABRIC_STUB.asm\1771286828279_ssUO.asm(106) : error A2006:undefined symbol : g_NeonFabricInit
D:\rawrxd\history\all_versions\src\agentic\vulkan\NEON_VULKAN_FABRIC_STUB.asm\1771286828279_ssUO.asm(116) : error A2006:undefined symbol : VirtualAlloc
D:\rawrxd\history\all_versions\src\agentic\vulkan\NEON_VULKAN_FABRIC_STUB.asm\1771286828279_ssUO.asm(157) : error A2006:undefined symbol : hVulkanLib
D:\rawrxd\history\all_versions\src\agentic\vulkan\NEON_VULKAN_FABRIC_STUB.asm\1771286828279_ssUO.asm(160) : error A2006:undefined symbol : FreeLibrary
D:\rawrxd\history\all_versions\src\agentic\vulkan\NEON_VULKAN_FABRIC_STUB.asm\1771286828279_ssUO.asm(161) : error A2006:undefined symbol : hVulkanLib
D:\rawrxd\history\all_versions\src\agentic\vulkan\NEON_VULKAN_FABRIC_STUB.asm\1771286828279_ssUO.asm(165) : error A2006:undefined symbol : pfnVkCreateInst
D:\rawrxd\history\all_versions\src\agentic\vulkan\NEON_VULKAN_FABRIC_STUB.asm\1771286828279_ssUO.asm(166) : error A2006:undefined symbol : pfnVkEnumPhys
D:\rawrxd\history\all_versions\src\agentic\vulkan\NEON_VULKAN_FABRIC_STUB.asm\1771286828279_ssUO.asm(167) : error A2006:undefined symbol : g_NeonFabricInit
