 Assembling: D:\rawrxd\history\all_versions\src\vulkan_masm.asm\1771286599530_zUwe.asm
D:\rawrxd\history\all_versions\src\vulkan_masm.asm\1771286599530_zUwe.asm(10) : error A2034:must be in segment block : FP32_TO_FP16
D:\rawrxd\history\all_versions\src\vulkan_masm.asm\1771286599530_zUwe.asm(12) : error A2034:must be in segment block
D:\rawrxd\history\all_versions\src\vulkan_masm.asm\1771286599530_zUwe.asm(13) : error A2034:must be in segment block
D:\rawrxd\history\all_versions\src\vulkan_masm.asm\1771286599530_zUwe.asm(14) : error A2034:must be in segment block
D:\rawrxd\history\all_versions\src\vulkan_masm.asm\1771286599530_zUwe.asm(15) : error A2034:must be in segment block
D:\rawrxd\history\all_versions\src\vulkan_masm.asm\1771286599530_zUwe.asm(16) : error A2034:must be in segment block
D:\rawrxd\history\all_versions\src\vulkan_masm.asm\1771286599530_zUwe.asm(17) : error A2034:must be in segment block
D:\rawrxd\history\all_versions\src\vulkan_masm.asm\1771286599530_zUwe.asm(18) : error A2034:must be in segment block
D:\rawrxd\history\all_versions\src\vulkan_masm.asm\1771286599530_zUwe.asm(21) : error A2034:must be in segment block
D:\rawrxd\history\all_versions\src\vulkan_masm.asm\1771286599530_zUwe.asm(22) : error A2034:must be in segment block
D:\rawrxd\history\all_versions\src\vulkan_masm.asm\1771286599530_zUwe.asm(23) : error A2034:must be in segment block
D:\rawrxd\history\all_versions\src\vulkan_masm.asm\1771286599530_zUwe.asm(24) : error A2034:must be in segment block
D:\rawrxd\history\all_versions\src\vulkan_masm.asm\1771286599530_zUwe.asm(27) : error A2034:must be in segment block
D:\rawrxd\history\all_versions\src\vulkan_masm.asm\1771286599530_zUwe.asm(28) : error A2034:must be in segment block
D:\rawrxd\history\all_versions\src\vulkan_masm.asm\1771286599530_zUwe.asm(29) : error A2034:must be in segment block
D:\rawrxd\history\all_versions\src\vulkan_masm.asm\1771286599530_zUwe.asm(30) : error A2034:must be in segment block
D:\rawrxd\history\all_versions\src\vulkan_masm.asm\1771286599530_zUwe.asm(31) : error A2034:must be in segment block
D:\rawrxd\history\all_versions\src\vulkan_masm.asm\1771286599530_zUwe.asm(32) : error A2034:must be in segment block
D:\rawrxd\history\all_versions\src\vulkan_masm.asm\1771286599530_zUwe.asm(33) : error A2034:must be in segment block
D:\rawrxd\history\all_versions\src\vulkan_masm.asm\1771286599530_zUwe.asm(34) : error A2034:must be in segment block
D:\rawrxd\history\all_versions\src\vulkan_masm.asm\1771286599530_zUwe.asm(35) : error A2034:must be in segment block
D:\rawrxd\history\all_versions\src\vulkan_masm.asm\1771286599530_zUwe.asm(36) : error A2034:must be in segment block
D:\rawrxd\history\all_versions\src\vulkan_masm.asm\1771286599530_zUwe.asm(37) : error A2034:must be in segment block
D:\rawrxd\history\all_versions\src\vulkan_masm.asm\1771286599530_zUwe.asm(38) : error A2034:must be in segment block
D:\rawrxd\history\all_versions\src\vulkan_masm.asm\1771286599530_zUwe.asm(40) : error A2008:syntax error : .
D:\rawrxd\history\all_versions\src\vulkan_masm.asm\1771286599530_zUwe.asm(41) : error A2034:must be in segment block
D:\rawrxd\history\all_versions\src\vulkan_masm.asm\1771286599530_zUwe.asm(42) : error A2034:must be in segment block
D:\rawrxd\history\all_versions\src\vulkan_masm.asm\1771286599530_zUwe.asm(44) : error A2008:syntax error : .
D:\rawrxd\history\all_versions\src\vulkan_masm.asm\1771286599530_zUwe.asm(45) : error A2034:must be in segment block
D:\rawrxd\history\all_versions\src\vulkan_masm.asm\1771286599530_zUwe.asm(46) : error A2034:must be in segment block
D:\rawrxd\history\all_versions\src\vulkan_masm.asm\1771286599530_zUwe.asm(47) : error A2034:must be in segment block
D:\rawrxd\history\all_versions\src\vulkan_masm.asm\1771286599530_zUwe.asm(49) : error A2008:syntax error : .
D:\rawrxd\history\all_versions\src\vulkan_masm.asm\1771286599530_zUwe.asm(50) : error A2034:must be in segment block
D:\rawrxd\history\all_versions\src\vulkan_masm.asm\1771286599530_zUwe.asm(51) : error A2034:must be in segment block
D:\rawrxd\history\all_versions\src\vulkan_masm.asm\1771286599530_zUwe.asm(52) : error A2034:must be in segment block
D:\rawrxd\history\all_versions\src\vulkan_masm.asm\1771286599530_zUwe.asm(54) : error A2008:syntax error : .
D:\rawrxd\history\all_versions\src\vulkan_masm.asm\1771286599530_zUwe.asm(55) : error A2034:must be in segment block
D:\rawrxd\history\all_versions\src\vulkan_masm.asm\1771286599530_zUwe.asm(56) : error A2034:must be in segment block
D:\rawrxd\history\all_versions\src\vulkan_masm.asm\1771286599530_zUwe.asm(57) : fatal error A1010:unmatched block nesting : FP32_TO_FP16
