 Assembling: D:\rawrxd\.archived_orphans\extracted_chats\cursor\History\-12522156\2GjN.asm
D:\rawrxd\.archived_orphans\extracted_chats\cursor\History\-12522156\2GjN.asm(8) : error A2008:syntax error : define
D:\rawrxd\.archived_orphans\extracted_chats\cursor\History\-12522156\2GjN.asm(9) : error A2008:syntax error : define
D:\rawrxd\.archived_orphans\extracted_chats\cursor\History\-12522156\2GjN.asm(10) : error A2008:syntax error : define
D:\rawrxd\.archived_orphans\extracted_chats\cursor\History\-12522156\2GjN.asm(11) : error A2008:syntax error : define
D:\rawrxd\.archived_orphans\extracted_chats\cursor\History\-12522156\2GjN.asm(13) : error A2008:syntax error : define
D:\rawrxd\.archived_orphans\extracted_chats\cursor\History\-12522156\2GjN.asm(14) : error A2008:syntax error : define
D:\rawrxd\.archived_orphans\extracted_chats\cursor\History\-12522156\2GjN.asm(15) : error A2008:syntax error : define
D:\rawrxd\.archived_orphans\extracted_chats\cursor\History\-12522156\2GjN.asm(16) : error A2008:syntax error : define
D:\rawrxd\.archived_orphans\extracted_chats\cursor\History\-12522156\2GjN.asm(18) : error A2008:syntax error : define
D:\rawrxd\.archived_orphans\extracted_chats\cursor\History\-12522156\2GjN.asm(19) : error A2008:syntax error : define
D:\rawrxd\.archived_orphans\extracted_chats\cursor\History\-12522156\2GjN.asm(20) : error A2008:syntax error : define
D:\rawrxd\.archived_orphans\extracted_chats\cursor\History\-12522156\2GjN.asm(21) : error A2008:syntax error : define
D:\rawrxd\.archived_orphans\extracted_chats\cursor\History\-12522156\2GjN.asm(22) : error A2008:syntax error : define
D:\rawrxd\.archived_orphans\extracted_chats\cursor\History\-12522156\2GjN.asm(24) : error A2008:syntax error : define
D:\rawrxd\.archived_orphans\extracted_chats\cursor\History\-12522156\2GjN.asm(25) : error A2008:syntax error : define
D:\rawrxd\.archived_orphans\extracted_chats\cursor\History\-12522156\2GjN.asm(26) : error A2008:syntax error : define
D:\rawrxd\.archived_orphans\extracted_chats\cursor\History\-12522156\2GjN.asm(28) : error A2008:syntax error : define
D:\rawrxd\.archived_orphans\extracted_chats\cursor\History\-12522156\2GjN.asm(31) : error A2008:syntax error : define
D:\rawrxd\.archived_orphans\extracted_chats\cursor\History\-12522156\2GjN.asm(32) : error A2008:syntax error : define
D:\rawrxd\.archived_orphans\extracted_chats\cursor\History\-12522156\2GjN.asm(33) : error A2008:syntax error : define
D:\rawrxd\.archived_orphans\extracted_chats\cursor\History\-12522156\2GjN.asm(36) : error A2008:syntax error : struc
D:\rawrxd\.archived_orphans\extracted_chats\cursor\History\-12522156\2GjN.asm(37) : error A2008:syntax error : .
D:\rawrxd\.archived_orphans\extracted_chats\cursor\History\-12522156\2GjN.asm(38) : error A2008:syntax error : .
D:\rawrxd\.archived_orphans\extracted_chats\cursor\History\-12522156\2GjN.asm(39) : error A2008:syntax error : .
D:\rawrxd\.archived_orphans\extracted_chats\cursor\History\-12522156\2GjN.asm(40) : error A2008:syntax error : .
D:\rawrxd\.archived_orphans\extracted_chats\cursor\History\-12522156\2GjN.asm(41) : error A2008:syntax error : .
D:\rawrxd\.archived_orphans\extracted_chats\cursor\History\-12522156\2GjN.asm(42) : error A2008:syntax error : .
D:\rawrxd\.archived_orphans\extracted_chats\cursor\History\-12522156\2GjN.asm(43) : error A2008:syntax error : .
D:\rawrxd\.archived_orphans\extracted_chats\cursor\History\-12522156\2GjN.asm(44) : error A2008:syntax error : .
D:\rawrxd\.archived_orphans\extracted_chats\cursor\History\-12522156\2GjN.asm(45) : error A2008:syntax error : .
D:\rawrxd\.archived_orphans\extracted_chats\cursor\History\-12522156\2GjN.asm(46) : error A2008:syntax error : .
D:\rawrxd\.archived_orphans\extracted_chats\cursor\History\-12522156\2GjN.asm(47) : error A2008:syntax error : endstruc
D:\rawrxd\.archived_orphans\extracted_chats\cursor\History\-12522156\2GjN.asm(49) : error A2008:syntax error : struc
D:\rawrxd\.archived_orphans\extracted_chats\cursor\History\-12522156\2GjN.asm(50) : error A2008:syntax error : .
D:\rawrxd\.archived_orphans\extracted_chats\cursor\History\-12522156\2GjN.asm(51) : error A2008:syntax error : .
D:\rawrxd\.archived_orphans\extracted_chats\cursor\History\-12522156\2GjN.asm(52) : error A2008:syntax error : .
D:\rawrxd\.archived_orphans\extracted_chats\cursor\History\-12522156\2GjN.asm(53) : error A2008:syntax error : .
D:\rawrxd\.archived_orphans\extracted_chats\cursor\History\-12522156\2GjN.asm(54) : error A2008:syntax error : .
D:\rawrxd\.archived_orphans\extracted_chats\cursor\History\-12522156\2GjN.asm(55) : error A2008:syntax error : .
D:\rawrxd\.archived_orphans\extracted_chats\cursor\History\-12522156\2GjN.asm(56) : error A2008:syntax error : endstruc
D:\rawrxd\.archived_orphans\extracted_chats\cursor\History\-12522156\2GjN.asm(58) : error A2008:syntax error : struc
D:\rawrxd\.archived_orphans\extracted_chats\cursor\History\-12522156\2GjN.asm(59) : error A2008:syntax error : .
D:\rawrxd\.archived_orphans\extracted_chats\cursor\History\-12522156\2GjN.asm(60) : error A2008:syntax error : .
D:\rawrxd\.archived_orphans\extracted_chats\cursor\History\-12522156\2GjN.asm(61) : error A2008:syntax error : .
D:\rawrxd\.archived_orphans\extracted_chats\cursor\History\-12522156\2GjN.asm(62) : error A2008:syntax error : .
D:\rawrxd\.archived_orphans\extracted_chats\cursor\History\-12522156\2GjN.asm(63) : error A2008:syntax error : .
D:\rawrxd\.archived_orphans\extracted_chats\cursor\History\-12522156\2GjN.asm(64) : error A2008:syntax error : .
D:\rawrxd\.archived_orphans\extracted_chats\cursor\History\-12522156\2GjN.asm(65) : error A2008:syntax error : .
D:\rawrxd\.archived_orphans\extracted_chats\cursor\History\-12522156\2GjN.asm(66) : error A2008:syntax error : .
D:\rawrxd\.archived_orphans\extracted_chats\cursor\History\-12522156\2GjN.asm(67) : error A2008:syntax error : .
D:\rawrxd\.archived_orphans\extracted_chats\cursor\History\-12522156\2GjN.asm(68) : error A2008:syntax error : .
D:\rawrxd\.archived_orphans\extracted_chats\cursor\History\-12522156\2GjN.asm(69) : error A2008:syntax error : .
D:\rawrxd\.archived_orphans\extracted_chats\cursor\History\-12522156\2GjN.asm(70) : error A2008:syntax error : endstruc
D:\rawrxd\.archived_orphans\extracted_chats\cursor\History\-12522156\2GjN.asm(72) : error A2008:syntax error : section
D:\rawrxd\.archived_orphans\extracted_chats\cursor\History\-12522156\2GjN.asm(74) : error A2034:must be in segment block
D:\rawrxd\.archived_orphans\extracted_chats\cursor\History\-12522156\2GjN.asm(75) : error A2034:must be in segment block
D:\rawrxd\.archived_orphans\extracted_chats\cursor\History\-12522156\2GjN.asm(78) : error A2034:must be in segment block
D:\rawrxd\.archived_orphans\extracted_chats\cursor\History\-12522156\2GjN.asm(79) : error A2034:must be in segment block
D:\rawrxd\.archived_orphans\extracted_chats\cursor\History\-12522156\2GjN.asm(80) : error A2034:must be in segment block
D:\rawrxd\.archived_orphans\extracted_chats\cursor\History\-12522156\2GjN.asm(81) : error A2034:must be in segment block
D:\rawrxd\.archived_orphans\extracted_chats\cursor\History\-12522156\2GjN.asm(83) : error A2034:must be in segment block
D:\rawrxd\.archived_orphans\extracted_chats\cursor\History\-12522156\2GjN.asm(84) : error A2034:must be in segment block
D:\rawrxd\.archived_orphans\extracted_chats\cursor\History\-12522156\2GjN.asm(85) : error A2034:must be in segment block
D:\rawrxd\.archived_orphans\extracted_chats\cursor\History\-12522156\2GjN.asm(86) : error A2034:must be in segment block
D:\rawrxd\.archived_orphans\extracted_chats\cursor\History\-12522156\2GjN.asm(88) : error A2034:must be in segment block
D:\rawrxd\.archived_orphans\extracted_chats\cursor\History\-12522156\2GjN.asm(89) : error A2034:must be in segment block
D:\rawrxd\.archived_orphans\extracted_chats\cursor\History\-12522156\2GjN.asm(90) : error A2034:must be in segment block
D:\rawrxd\.archived_orphans\extracted_chats\cursor\History\-12522156\2GjN.asm(91) : error A2034:must be in segment block
D:\rawrxd\.archived_orphans\extracted_chats\cursor\History\-12522156\2GjN.asm(92) : error A2034:must be in segment block
D:\rawrxd\.archived_orphans\extracted_chats\cursor\History\-12522156\2GjN.asm(94) : error A2034:must be in segment block
D:\rawrxd\.archived_orphans\extracted_chats\cursor\History\-12522156\2GjN.asm(95) : error A2034:must be in segment block
D:\rawrxd\.archived_orphans\extracted_chats\cursor\History\-12522156\2GjN.asm(96) : error A2034:must be in segment block
D:\rawrxd\.archived_orphans\extracted_chats\cursor\History\-12522156\2GjN.asm(98) : error A2034:must be in segment block
D:\rawrxd\.archived_orphans\extracted_chats\cursor\History\-12522156\2GjN.asm(101) : error A2034:must be in segment block
D:\rawrxd\.archived_orphans\extracted_chats\cursor\History\-12522156\2GjN.asm(102) : error A2034:must be in segment block
D:\rawrxd\.archived_orphans\extracted_chats\cursor\History\-12522156\2GjN.asm(103) : error A2034:must be in segment block
D:\rawrxd\.archived_orphans\extracted_chats\cursor\History\-12522156\2GjN.asm(106) : error A2034:must be in segment block
D:\rawrxd\.archived_orphans\extracted_chats\cursor\History\-12522156\2GjN.asm(107) : error A2034:must be in segment block
D:\rawrxd\.archived_orphans\extracted_chats\cursor\History\-12522156\2GjN.asm(108) : error A2034:must be in segment block
D:\rawrxd\.archived_orphans\extracted_chats\cursor\History\-12522156\2GjN.asm(109) : error A2034:must be in segment block
D:\rawrxd\.archived_orphans\extracted_chats\cursor\History\-12522156\2GjN.asm(112) : error A2034:must be in segment block
D:\rawrxd\.archived_orphans\extracted_chats\cursor\History\-12522156\2GjN.asm(113) : error A2034:must be in segment block
D:\rawrxd\.archived_orphans\extracted_chats\cursor\History\-12522156\2GjN.asm(115) : error A2008:syntax error : section
D:\rawrxd\.archived_orphans\extracted_chats\cursor\History\-12522156\2GjN.asm(117) : error A2008:syntax error : hWnd
D:\rawrxd\.archived_orphans\extracted_chats\cursor\History\-12522156\2GjN.asm(118) : error A2008:syntax error : hInstance
D:\rawrxd\.archived_orphans\extracted_chats\cursor\History\-12522156\2GjN.asm(119) : error A2008:syntax error : hMenu
D:\rawrxd\.archived_orphans\extracted_chats\cursor\History\-12522156\2GjN.asm(122) : error A2008:syntax error : hBuildProcess
D:\rawrxd\.archived_orphans\extracted_chats\cursor\History\-12522156\2GjN.asm(123) : error A2008:syntax error : dwBuildResult
D:\rawrxd\.archived_orphans\extracted_chats\cursor\History\-12522156\2GjN.asm(126) : error A2008:syntax error : hStatus
D:\rawrxd\.archived_orphans\extracted_chats\cursor\History\-12522156\2GjN.asm(127) : error A2008:syntax error : statusText
D:\rawrxd\.archived_orphans\extracted_chats\cursor\History\-12522156\2GjN.asm(130) : error A2008:syntax error : currentFile
D:\rawrxd\.archived_orphans\extracted_chats\cursor\History\-12522156\2GjN.asm(133) : error A2008:syntax error : msg
D:\rawrxd\.archived_orphans\extracted_chats\cursor\History\-12522156\2GjN.asm(135) : error A2008:syntax error : section
D:\rawrxd\.archived_orphans\extracted_chats\cursor\History\-12522156\2GjN.asm(136) : error A2008:syntax error : global
D:\rawrxd\.archived_orphans\extracted_chats\cursor\History\-12522156\2GjN.asm(137) : error A2008:syntax error : in directive
D:\rawrxd\.archived_orphans\extracted_chats\cursor\History\-12522156\2GjN.asm(138) : error A2008:syntax error : in directive
D:\rawrxd\.archived_orphans\extracted_chats\cursor\History\-12522156\2GjN.asm(139) : error A2008:syntax error : in directive
D:\rawrxd\.archived_orphans\extracted_chats\cursor\History\-12522156\2GjN.asm(140) : error A2008:syntax error : in directive
D:\rawrxd\.archived_orphans\extracted_chats\cursor\History\-12522156\2GjN.asm(141) : error A2008:syntax error : in directive
D:\rawrxd\.archived_orphans\extracted_chats\cursor\History\-12522156\2GjN.asm(142) : error A2008:syntax error : in directive
D:\rawrxd\.archived_orphans\extracted_chats\cursor\History\-12522156\2GjN.asm(143) : fatal error A1012:error count exceeds 100; stopping assembly
