 Assembling: D:\rawrxd\history\-269b55bd\5Ang.asm
D:\rawrxd\history\-269b55bd\5Ang.asm(58) : error A2008:syntax error : in expression
D:\rawrxd\history\-269b55bd\5Ang.asm(59) : error A2008:syntax error : in expression
D:\rawrxd\history\-269b55bd\5Ang.asm(60) : error A2008:syntax error : in expression
D:\rawrxd\history\-269b55bd\5Ang.asm(61) : error A2008:syntax error : in expression
D:\rawrxd\history\-269b55bd\5Ang.asm(62) : error A2008:syntax error : in expression
D:\rawrxd\history\-269b55bd\5Ang.asm(63) : error A2008:syntax error : in expression
D:\rawrxd\history\-269b55bd\5Ang.asm(64) : error A2008:syntax error : in expression
D:\rawrxd\history\-269b55bd\5Ang.asm(65) : warning A6006:structure contains no members
D:\rawrxd\history\-269b55bd\5Ang.asm(69) : error A2008:syntax error : in expression
D:\rawrxd\history\-269b55bd\5Ang.asm(70) : error A2008:syntax error : in expression
D:\rawrxd\history\-269b55bd\5Ang.asm(71) : error A2008:syntax error : in expression
D:\rawrxd\history\-269b55bd\5Ang.asm(72) : error A2008:syntax error : in expression
D:\rawrxd\history\-269b55bd\5Ang.asm(73) : error A2008:syntax error : in expression
D:\rawrxd\history\-269b55bd\5Ang.asm(74) : error A2008:syntax error : in expression
D:\rawrxd\history\-269b55bd\5Ang.asm(75) : error A2008:syntax error : in expression
D:\rawrxd\history\-269b55bd\5Ang.asm(76) : warning A6006:structure contains no members
D:\rawrxd\history\-269b55bd\5Ang.asm(80) : error A2008:syntax error : in expression
D:\rawrxd\history\-269b55bd\5Ang.asm(81) : error A2008:syntax error : in expression
D:\rawrxd\history\-269b55bd\5Ang.asm(82) : error A2008:syntax error : in expression
D:\rawrxd\history\-269b55bd\5Ang.asm(83) : error A2008:syntax error : in expression
D:\rawrxd\history\-269b55bd\5Ang.asm(84) : error A2008:syntax error : in expression
D:\rawrxd\history\-269b55bd\5Ang.asm(85) : error A2008:syntax error : in expression
D:\rawrxd\history\-269b55bd\5Ang.asm(86) : warning A6006:structure contains no members
D:\rawrxd\history\-269b55bd\5Ang.asm(91) : error A2008:syntax error : ALIGN
D:\rawrxd\history\-269b55bd\5Ang.asm(94) : error A2034:must be in segment block
D:\rawrxd\history\-269b55bd\5Ang.asm(95) : error A2034:must be in segment block
D:\rawrxd\history\-269b55bd\5Ang.asm(96) : error A2034:must be in segment block
D:\rawrxd\history\-269b55bd\5Ang.asm(97) : error A2034:must be in segment block
D:\rawrxd\history\-269b55bd\5Ang.asm(98) : error A2034:must be in segment block
D:\rawrxd\history\-269b55bd\5Ang.asm(99) : error A2034:must be in segment block
D:\rawrxd\history\-269b55bd\5Ang.asm(103) : error A2034:must be in segment block
D:\rawrxd\history\-269b55bd\5Ang.asm(104) : error A2034:must be in segment block
D:\rawrxd\history\-269b55bd\5Ang.asm(105) : error A2034:must be in segment block
D:\rawrxd\history\-269b55bd\5Ang.asm(106) : error A2034:must be in segment block
D:\rawrxd\history\-269b55bd\5Ang.asm(109) : error A2034:must be in segment block
D:\rawrxd\history\-269b55bd\5Ang.asm(110) : error A2034:must be in segment block
D:\rawrxd\history\-269b55bd\5Ang.asm(113) : error A2034:must be in segment block
D:\rawrxd\history\-269b55bd\5Ang.asm(116) : error A2034:must be in segment block
D:\rawrxd\history\-269b55bd\5Ang.asm(117) : error A2034:must be in segment block
D:\rawrxd\history\-269b55bd\5Ang.asm(120) : error A2034:must be in segment block
D:\rawrxd\history\-269b55bd\5Ang.asm(121) : error A2034:must be in segment block
D:\rawrxd\history\-269b55bd\5Ang.asm(126) : error A2008:syntax error : ALIGN
D:\rawrxd\history\-269b55bd\5Ang.asm(135) : error A2034:must be in segment block
D:\rawrxd\history\-269b55bd\5Ang.asm(136) : error A2034:must be in segment block : error_recovery_init
D:\rawrxd\history\-269b55bd\5Ang.asm(137) : error A2034:must be in segment block
D:\rawrxd\history\-269b55bd\5Ang.asm(138) : error A2034:must be in segment block
D:\rawrxd\history\-269b55bd\5Ang.asm(141) : error A2034:must be in segment block
D:\rawrxd\history\-269b55bd\5Ang.asm(142) : error A2008:syntax error : .
D:\rawrxd\history\-269b55bd\5Ang.asm(143) : error A2034:must be in segment block
D:\rawrxd\history\-269b55bd\5Ang.asm(144) : error A2034:must be in segment block
D:\rawrxd\history\-269b55bd\5Ang.asm(145) : error A2034:must be in segment block
D:\rawrxd\history\-269b55bd\5Ang.asm(146) : error A2034:must be in segment block
D:\rawrxd\history\-269b55bd\5Ang.asm(147) : error A2034:must be in segment block
D:\rawrxd\history\-269b55bd\5Ang.asm(148) : error A2034:must be in segment block
D:\rawrxd\history\-269b55bd\5Ang.asm(149) : error A2034:must be in segment block
D:\rawrxd\history\-269b55bd\5Ang.asm(150) : error A2034:must be in segment block
D:\rawrxd\history\-269b55bd\5Ang.asm(152) : error A2008:syntax error : .
D:\rawrxd\history\-269b55bd\5Ang.asm(153) : error A2034:must be in segment block
D:\rawrxd\history\-269b55bd\5Ang.asm(154) : error A2034:must be in segment block
D:\rawrxd\history\-269b55bd\5Ang.asm(155) : error A2034:must be in segment block
D:\rawrxd\history\-269b55bd\5Ang.asm(157) : error A2034:must be in segment block
D:\rawrxd\history\-269b55bd\5Ang.asm(158) : error A2034:must be in segment block
D:\rawrxd\history\-269b55bd\5Ang.asm(159) : error A2034:must be in segment block
D:\rawrxd\history\-269b55bd\5Ang.asm(160) : error A2034:must be in segment block
D:\rawrxd\history\-269b55bd\5Ang.asm(161) : fatal error A1010:unmatched block nesting : error_recovery_init
