 Assembling: D:\rawrxd\history\-1bd1bafa\8u1r.asm
D:\rawrxd\history\-1bd1bafa\8u1r.asm(968) : error A2006:undefined symbol : _append_string
D:\rawrxd\history\-1bd1bafa\8u1r.asm(973) : error A2006:undefined symbol : _append_string
D:\rawrxd\history\-1bd1bafa\8u1r.asm(982) : error A2006:undefined symbol : _append_string
D:\rawrxd\history\-1bd1bafa\8u1r.asm(984) : error A2006:undefined symbol : _append_int
D:\rawrxd\history\-1bd1bafa\8u1r.asm(988) : error A2006:undefined symbol : _append_string
D:\rawrxd\history\-1bd1bafa\8u1r.asm(990) : error A2006:undefined symbol : _append_int
D:\rawrxd\history\-1bd1bafa\8u1r.asm(994) : error A2006:undefined symbol : _append_string
D:\rawrxd\history\-1bd1bafa\8u1r.asm(996) : error A2006:undefined symbol : _append_int
D:\rawrxd\history\-1bd1bafa\8u1r.asm(1000) : error A2006:undefined symbol : _append_string
D:\rawrxd\history\-1bd1bafa\8u1r.asm(1002) : error A2006:undefined symbol : _append_int
D:\rawrxd\history\-1bd1bafa\8u1r.asm(1005) : error A2006:undefined symbol : _append_string
D:\rawrxd\history\-1bd1bafa\8u1r.asm(1007) : error A2006:undefined symbol : _append_int
D:\rawrxd\history\-1bd1bafa\8u1r.asm(1010) : error A2006:undefined symbol : _append_string
D:\rawrxd\history\-1bd1bafa\8u1r.asm(1012) : error A2006:undefined symbol : _append_int
D:\rawrxd\history\-1bd1bafa\8u1r.asm(1015) : error A2006:undefined symbol : _append_string
D:\rawrxd\history\-1bd1bafa\8u1r.asm(1017) : error A2006:undefined symbol : _append_int
D:\rawrxd\history\-1bd1bafa\8u1r.asm(1021) : error A2006:undefined symbol : _append_string
D:\rawrxd\history\-1bd1bafa\8u1r.asm(1028) : error A2006:undefined symbol : _append_bool
D:\rawrxd\history\-1bd1bafa\8u1r.asm(1032) : error A2006:undefined symbol : _append_string
D:\rawrxd\history\-1bd1bafa\8u1r.asm(1039) : error A2006:undefined symbol : _append_bool
D:\rawrxd\history\-1bd1bafa\8u1r.asm(1043) : error A2006:undefined symbol : _append_string
D:\rawrxd\history\-1bd1bafa\8u1r.asm(1050) : error A2006:undefined symbol : _append_bool
D:\rawrxd\history\-1bd1bafa\8u1r.asm(1054) : error A2006:undefined symbol : _append_string
D:\rawrxd\history\-1bd1bafa\8u1r.asm(1063) : error A2006:undefined symbol : _append_string
D:\rawrxd\history\-1bd1bafa\8u1r.asm(1068) : error A2006:undefined symbol : _write_json_to_file
D:\rawrxd\history\-1bd1bafa\8u1r.asm(1101) : error A2006:undefined symbol : _read_json_from_file
D:\rawrxd\history\-1bd1bafa\8u1r.asm(1117) : error A2006:undefined symbol : _find_json_key
D:\rawrxd\history\-1bd1bafa\8u1r.asm(1133) : error A2022:instruction operands must be the same size
D:\rawrxd\history\-1bd1bafa\8u1r.asm(1139) : error A2006:undefined symbol : _parse_json_int
D:\rawrxd\history\-1bd1bafa\8u1r.asm(1144) : error A2006:undefined symbol : _parse_json_int
D:\rawrxd\history\-1bd1bafa\8u1r.asm(1149) : error A2006:undefined symbol : _parse_json_int
D:\rawrxd\history\-1bd1bafa\8u1r.asm(1154) : error A2006:undefined symbol : _parse_json_int
D:\rawrxd\history\-1bd1bafa\8u1r.asm(1159) : error A2006:undefined symbol : _parse_json_int
D:\rawrxd\history\-1bd1bafa\8u1r.asm(1164) : error A2006:undefined symbol : _parse_json_int
D:\rawrxd\history\-1bd1bafa\8u1r.asm(1169) : error A2006:undefined symbol : _parse_json_int
D:\rawrxd\history\-1bd1bafa\8u1r.asm(1174) : error A2006:undefined symbol : _parse_json_bool
D:\rawrxd\history\-1bd1bafa\8u1r.asm(1179) : error A2006:undefined symbol : _parse_json_bool
D:\rawrxd\history\-1bd1bafa\8u1r.asm(1184) : error A2006:undefined symbol : _parse_json_bool
D:\rawrxd\history\-1bd1bafa\8u1r.asm(1869) : error A2006:undefined symbol : IID_ID2D1Factory
D:\rawrxd\history\-1bd1bafa\8u1r.asm(1870) : error A2006:undefined symbol : D2D1_FACTORY_TYPE_SINGLE_THREADED
D:\rawrxd\history\-1bd1bafa\8u1r.asm(1876) : error A2006:undefined symbol : IID_IDWriteFactory
D:\rawrxd\history\-1bd1bafa\8u1r.asm(1877) : error A2006:undefined symbol : DWRITE_FACTORY_TYPE_SHARED
D:\rawrxd\history\-1bd1bafa\8u1r.asm(2036) : error A2006:undefined symbol : WS_CHILD
