 Assembling: D:\rawrxd\history\-12c0189a\9AoL.asm
D:\rawrxd\history\-12c0189a\9AoL.asm(371) : warning A4025:ENDP found before .ENDPROLOG : Encoder_SetREX
D:\rawrxd\history\-12c0189a\9AoL.asm(371) : error A2247:size of prolog too big, must be < 256 bytes
D:\rawrxd\history\-12c0189a\9AoL.asm(371) : error A2220:Missing .ENDPROLOG
D:\rawrxd\history\-12c0189a\9AoL.asm(579) : warning A4025:ENDP found before .ENDPROLOG : Encoder_SetModRM_MemReg
D:\rawrxd\history\-12c0189a\9AoL.asm(579) : error A2247:size of prolog too big, must be < 256 bytes
D:\rawrxd\history\-12c0189a\9AoL.asm(579) : error A2220:Missing .ENDPROLOG
D:\rawrxd\history\-12c0189a\9AoL.asm(663) : warning A4025:ENDP found before .ENDPROLOG : Encoder_SetDisplacement
D:\rawrxd\history\-12c0189a\9AoL.asm(663) : error A2247:size of prolog too big, must be < 256 bytes
D:\rawrxd\history\-12c0189a\9AoL.asm(663) : error A2220:Missing .ENDPROLOG
D:\rawrxd\history\-12c0189a\9AoL.asm(676) : warning A4025:ENDP found before .ENDPROLOG : Encoder_SetImmediate
D:\rawrxd\history\-12c0189a\9AoL.asm(676) : error A2247:size of prolog too big, must be < 256 bytes
D:\rawrxd\history\-12c0189a\9AoL.asm(676) : error A2220:Missing .ENDPROLOG
D:\rawrxd\history\-12c0189a\9AoL.asm(686) : warning A4025:ENDP found before .ENDPROLOG : Encoder_SetPrefix66
D:\rawrxd\history\-12c0189a\9AoL.asm(686) : error A2247:size of prolog too big, must be < 256 bytes
D:\rawrxd\history\-12c0189a\9AoL.asm(686) : error A2220:Missing .ENDPROLOG
D:\rawrxd\history\-12c0189a\9AoL.asm(696) : warning A4025:ENDP found before .ENDPROLOG : Encoder_SetPrefixF2
D:\rawrxd\history\-12c0189a\9AoL.asm(696) : error A2247:size of prolog too big, must be < 256 bytes
D:\rawrxd\history\-12c0189a\9AoL.asm(696) : error A2220:Missing .ENDPROLOG
D:\rawrxd\history\-12c0189a\9AoL.asm(706) : warning A4025:ENDP found before .ENDPROLOG : Encoder_SetPrefixF3
D:\rawrxd\history\-12c0189a\9AoL.asm(706) : error A2247:size of prolog too big, must be < 256 bytes
D:\rawrxd\history\-12c0189a\9AoL.asm(706) : error A2220:Missing .ENDPROLOG
D:\rawrxd\history\-12c0189a\9AoL.asm(888) : warning A4025:ENDP found before .ENDPROLOG : Encoder_GetBuffer
D:\rawrxd\history\-12c0189a\9AoL.asm(888) : error A2247:size of prolog too big, must be < 256 bytes
D:\rawrxd\history\-12c0189a\9AoL.asm(888) : error A2220:Missing .ENDPROLOG
D:\rawrxd\history\-12c0189a\9AoL.asm(899) : warning A4025:ENDP found before .ENDPROLOG : Encoder_GetSize
D:\rawrxd\history\-12c0189a\9AoL.asm(899) : error A2247:size of prolog too big, must be < 256 bytes
D:\rawrxd\history\-12c0189a\9AoL.asm(899) : error A2220:Missing .ENDPROLOG
D:\rawrxd\history\-12c0189a\9AoL.asm(910) : warning A4025:ENDP found before .ENDPROLOG : Encoder_GetLastInstructionSize
D:\rawrxd\history\-12c0189a\9AoL.asm(910) : error A2247:size of prolog too big, must be < 256 bytes
D:\rawrxd\history\-12c0189a\9AoL.asm(910) : error A2220:Missing .ENDPROLOG
D:\rawrxd\history\-12c0189a\9AoL.asm(921) : warning A4025:ENDP found before .ENDPROLOG : Encoder_GetError
D:\rawrxd\history\-12c0189a\9AoL.asm(921) : error A2247:size of prolog too big, must be < 256 bytes
D:\rawrxd\history\-12c0189a\9AoL.asm(921) : error A2220:Missing .ENDPROLOG
