 Assembling: D:\rawrxd\OrganizedPiProject\misc\Desktop\secure-ide-asm\ai_engine.asm
D:\rawrxd\OrganizedPiProject\misc\Desktop\secure-ide-asm\ai_engine.asm(4) : error A2008:syntax error : BITS
D:\rawrxd\OrganizedPiProject\misc\Desktop\secure-ide-asm\ai_engine.asm(5) : error A2008:syntax error : DEFAULT
D:\rawrxd\OrganizedPiProject\misc\Desktop\secure-ide-asm\ai_engine.asm(19) : error A2008:syntax error : section
D:\rawrxd\OrganizedPiProject\misc\Desktop\secure-ide-asm\ai_engine.asm(21) : error A2034:must be in segment block
D:\rawrxd\OrganizedPiProject\misc\Desktop\secure-ide-asm\ai_engine.asm(22) : error A2034:must be in segment block
D:\rawrxd\OrganizedPiProject\misc\Desktop\secure-ide-asm\ai_engine.asm(23) : error A2034:must be in segment block
D:\rawrxd\OrganizedPiProject\misc\Desktop\secure-ide-asm\ai_engine.asm(24) : error A2034:must be in segment block
D:\rawrxd\OrganizedPiProject\misc\Desktop\secure-ide-asm\ai_engine.asm(27) : error A2034:must be in segment block
D:\rawrxd\OrganizedPiProject\misc\Desktop\secure-ide-asm\ai_engine.asm(28) : error A2034:must be in segment block
D:\rawrxd\OrganizedPiProject\misc\Desktop\secure-ide-asm\ai_engine.asm(29) : error A2034:must be in segment block
D:\rawrxd\OrganizedPiProject\misc\Desktop\secure-ide-asm\ai_engine.asm(30) : error A2034:must be in segment block
D:\rawrxd\OrganizedPiProject\misc\Desktop\secure-ide-asm\ai_engine.asm(31) : error A2034:must be in segment block
D:\rawrxd\OrganizedPiProject\misc\Desktop\secure-ide-asm\ai_engine.asm(32) : error A2034:must be in segment block
D:\rawrxd\OrganizedPiProject\misc\Desktop\secure-ide-asm\ai_engine.asm(33) : error A2034:must be in segment block
D:\rawrxd\OrganizedPiProject\misc\Desktop\secure-ide-asm\ai_engine.asm(34) : error A2034:must be in segment block
D:\rawrxd\OrganizedPiProject\misc\Desktop\secure-ide-asm\ai_engine.asm(35) : error A2034:must be in segment block
D:\rawrxd\OrganizedPiProject\misc\Desktop\secure-ide-asm\ai_engine.asm(36) : error A2034:must be in segment block
D:\rawrxd\OrganizedPiProject\misc\Desktop\secure-ide-asm\ai_engine.asm(37) : error A2034:must be in segment block
D:\rawrxd\OrganizedPiProject\misc\Desktop\secure-ide-asm\ai_engine.asm(38) : error A2034:must be in segment block
D:\rawrxd\OrganizedPiProject\misc\Desktop\secure-ide-asm\ai_engine.asm(41) : error A2034:must be in segment block
D:\rawrxd\OrganizedPiProject\misc\Desktop\secure-ide-asm\ai_engine.asm(42) : error A2034:must be in segment block
D:\rawrxd\OrganizedPiProject\misc\Desktop\secure-ide-asm\ai_engine.asm(43) : error A2034:must be in segment block
D:\rawrxd\OrganizedPiProject\misc\Desktop\secure-ide-asm\ai_engine.asm(44) : error A2034:must be in segment block
D:\rawrxd\OrganizedPiProject\misc\Desktop\secure-ide-asm\ai_engine.asm(45) : error A2034:must be in segment block
D:\rawrxd\OrganizedPiProject\misc\Desktop\secure-ide-asm\ai_engine.asm(46) : error A2034:must be in segment block
D:\rawrxd\OrganizedPiProject\misc\Desktop\secure-ide-asm\ai_engine.asm(47) : error A2034:must be in segment block
D:\rawrxd\OrganizedPiProject\misc\Desktop\secure-ide-asm\ai_engine.asm(48) : error A2034:must be in segment block
D:\rawrxd\OrganizedPiProject\misc\Desktop\secure-ide-asm\ai_engine.asm(49) : error A2034:must be in segment block
D:\rawrxd\OrganizedPiProject\misc\Desktop\secure-ide-asm\ai_engine.asm(50) : error A2034:must be in segment block
D:\rawrxd\OrganizedPiProject\misc\Desktop\secure-ide-asm\ai_engine.asm(51) : error A2034:must be in segment block
D:\rawrxd\OrganizedPiProject\misc\Desktop\secure-ide-asm\ai_engine.asm(54) : error A2034:must be in segment block
D:\rawrxd\OrganizedPiProject\misc\Desktop\secure-ide-asm\ai_engine.asm(55) : error A2034:must be in segment block
D:\rawrxd\OrganizedPiProject\misc\Desktop\secure-ide-asm\ai_engine.asm(56) : error A2034:must be in segment block
D:\rawrxd\OrganizedPiProject\misc\Desktop\secure-ide-asm\ai_engine.asm(57) : error A2034:must be in segment block
D:\rawrxd\OrganizedPiProject\misc\Desktop\secure-ide-asm\ai_engine.asm(58) : error A2034:must be in segment block
D:\rawrxd\OrganizedPiProject\misc\Desktop\secure-ide-asm\ai_engine.asm(59) : error A2034:must be in segment block
D:\rawrxd\OrganizedPiProject\misc\Desktop\secure-ide-asm\ai_engine.asm(60) : error A2034:must be in segment block
D:\rawrxd\OrganizedPiProject\misc\Desktop\secure-ide-asm\ai_engine.asm(61) : error A2034:must be in segment block
D:\rawrxd\OrganizedPiProject\misc\Desktop\secure-ide-asm\ai_engine.asm(62) : error A2034:must be in segment block
D:\rawrxd\OrganizedPiProject\misc\Desktop\secure-ide-asm\ai_engine.asm(63) : error A2034:must be in segment block
D:\rawrxd\OrganizedPiProject\misc\Desktop\secure-ide-asm\ai_engine.asm(64) : error A2034:must be in segment block
D:\rawrxd\OrganizedPiProject\misc\Desktop\secure-ide-asm\ai_engine.asm(65) : error A2034:must be in segment block
D:\rawrxd\OrganizedPiProject\misc\Desktop\secure-ide-asm\ai_engine.asm(66) : error A2034:must be in segment block
D:\rawrxd\OrganizedPiProject\misc\Desktop\secure-ide-asm\ai_engine.asm(67) : error A2034:must be in segment block
D:\rawrxd\OrganizedPiProject\misc\Desktop\secure-ide-asm\ai_engine.asm(70) : error A2034:must be in segment block
D:\rawrxd\OrganizedPiProject\misc\Desktop\secure-ide-asm\ai_engine.asm(71) : error A2034:must be in segment block
D:\rawrxd\OrganizedPiProject\misc\Desktop\secure-ide-asm\ai_engine.asm(73) : error A2034:must be in segment block
D:\rawrxd\OrganizedPiProject\misc\Desktop\secure-ide-asm\ai_engine.asm(74) : error A2034:must be in segment block
D:\rawrxd\OrganizedPiProject\misc\Desktop\secure-ide-asm\ai_engine.asm(76) : error A2034:must be in segment block
D:\rawrxd\OrganizedPiProject\misc\Desktop\secure-ide-asm\ai_engine.asm(77) : error A2034:must be in segment block
D:\rawrxd\OrganizedPiProject\misc\Desktop\secure-ide-asm\ai_engine.asm(80) : error A2034:must be in segment block
D:\rawrxd\OrganizedPiProject\misc\Desktop\secure-ide-asm\ai_engine.asm(81) : error A2034:must be in segment block
D:\rawrxd\OrganizedPiProject\misc\Desktop\secure-ide-asm\ai_engine.asm(84) : error A2034:must be in segment block
D:\rawrxd\OrganizedPiProject\misc\Desktop\secure-ide-asm\ai_engine.asm(85) : error A2034:must be in segment block
D:\rawrxd\OrganizedPiProject\misc\Desktop\secure-ide-asm\ai_engine.asm(87) : error A2008:syntax error : section
D:\rawrxd\OrganizedPiProject\misc\Desktop\secure-ide-asm\ai_engine.asm(89) : error A2008:syntax error : ai_context
D:\rawrxd\OrganizedPiProject\misc\Desktop\secure-ide-asm\ai_engine.asm(92) : error A2008:syntax error : pattern_matches
D:\rawrxd\OrganizedPiProject\misc\Desktop\secure-ide-asm\ai_engine.asm(93) : error A2008:syntax error : pattern_count
D:\rawrxd\OrganizedPiProject\misc\Desktop\secure-ide-asm\ai_engine.asm(96) : error A2008:syntax error : ai_response
D:\rawrxd\OrganizedPiProject\misc\Desktop\secure-ide-asm\ai_engine.asm(99) : error A2008:syntax error : analysis_results
D:\rawrxd\OrganizedPiProject\misc\Desktop\secure-ide-asm\ai_engine.asm(102) : error A2008:syntax error : ai_initialized
D:\rawrxd\OrganizedPiProject\misc\Desktop\secure-ide-asm\ai_engine.asm(103) : error A2008:syntax error : ai_processing
D:\rawrxd\OrganizedPiProject\misc\Desktop\secure-ide-asm\ai_engine.asm(105) : error A2008:syntax error : section
D:\rawrxd\OrganizedPiProject\misc\Desktop\secure-ide-asm\ai_engine.asm(106) : error A2008:syntax error : global
D:\rawrxd\OrganizedPiProject\misc\Desktop\secure-ide-asm\ai_engine.asm(107) : error A2008:syntax error : global
D:\rawrxd\OrganizedPiProject\misc\Desktop\secure-ide-asm\ai_engine.asm(108) : error A2008:syntax error : global
D:\rawrxd\OrganizedPiProject\misc\Desktop\secure-ide-asm\ai_engine.asm(109) : error A2008:syntax error : global
D:\rawrxd\OrganizedPiProject\misc\Desktop\secure-ide-asm\ai_engine.asm(110) : error A2008:syntax error : global
D:\rawrxd\OrganizedPiProject\misc\Desktop\secure-ide-asm\ai_engine.asm(111) : error A2008:syntax error : global
D:\rawrxd\OrganizedPiProject\misc\Desktop\secure-ide-asm\ai_engine.asm(114) : error A2034:must be in segment block
D:\rawrxd\OrganizedPiProject\misc\Desktop\secure-ide-asm\ai_engine.asm(115) : error A2034:must be in segment block
D:\rawrxd\OrganizedPiProject\misc\Desktop\secure-ide-asm\ai_engine.asm(116) : error A2034:must be in segment block
D:\rawrxd\OrganizedPiProject\misc\Desktop\secure-ide-asm\ai_engine.asm(119) : error A2034:must be in segment block
D:\rawrxd\OrganizedPiProject\misc\Desktop\secure-ide-asm\ai_engine.asm(120) : error A2034:must be in segment block
D:\rawrxd\OrganizedPiProject\misc\Desktop\secure-ide-asm\ai_engine.asm(121) : error A2034:must be in segment block
D:\rawrxd\OrganizedPiProject\misc\Desktop\secure-ide-asm\ai_engine.asm(122) : error A2034:must be in segment block
D:\rawrxd\OrganizedPiProject\misc\Desktop\secure-ide-asm\ai_engine.asm(123) : error A2034:must be in segment block
D:\rawrxd\OrganizedPiProject\misc\Desktop\secure-ide-asm\ai_engine.asm(126) : error A2034:must be in segment block
D:\rawrxd\OrganizedPiProject\misc\Desktop\secure-ide-asm\ai_engine.asm(127) : error A2034:must be in segment block
D:\rawrxd\OrganizedPiProject\misc\Desktop\secure-ide-asm\ai_engine.asm(128) : error A2034:must be in segment block
D:\rawrxd\OrganizedPiProject\misc\Desktop\secure-ide-asm\ai_engine.asm(131) : error A2034:must be in segment block
D:\rawrxd\OrganizedPiProject\misc\Desktop\secure-ide-asm\ai_engine.asm(133) : error A2034:must be in segment block
D:\rawrxd\OrganizedPiProject\misc\Desktop\secure-ide-asm\ai_engine.asm(134) : error A2034:must be in segment block
D:\rawrxd\OrganizedPiProject\misc\Desktop\secure-ide-asm\ai_engine.asm(137) : error A2034:must be in segment block
D:\rawrxd\OrganizedPiProject\misc\Desktop\secure-ide-asm\ai_engine.asm(138) : error A2034:must be in segment block
D:\rawrxd\OrganizedPiProject\misc\Desktop\secure-ide-asm\ai_engine.asm(139) : error A2034:must be in segment block
D:\rawrxd\OrganizedPiProject\misc\Desktop\secure-ide-asm\ai_engine.asm(142) : error A2034:must be in segment block
D:\rawrxd\OrganizedPiProject\misc\Desktop\secure-ide-asm\ai_engine.asm(143) : error A2034:must be in segment block
D:\rawrxd\OrganizedPiProject\misc\Desktop\secure-ide-asm\ai_engine.asm(146) : error A2034:must be in segment block
D:\rawrxd\OrganizedPiProject\misc\Desktop\secure-ide-asm\ai_engine.asm(149) : error A2034:must be in segment block
D:\rawrxd\OrganizedPiProject\misc\Desktop\secure-ide-asm\ai_engine.asm(152) : error A2034:must be in segment block
D:\rawrxd\OrganizedPiProject\misc\Desktop\secure-ide-asm\ai_engine.asm(155) : error A2034:must be in segment block
D:\rawrxd\OrganizedPiProject\misc\Desktop\secure-ide-asm\ai_engine.asm(158) : error A2034:must be in segment block
D:\rawrxd\OrganizedPiProject\misc\Desktop\secure-ide-asm\ai_engine.asm(161) : error A2034:must be in segment block
D:\rawrxd\OrganizedPiProject\misc\Desktop\secure-ide-asm\ai_engine.asm(163) : error A2034:must be in segment block
D:\rawrxd\OrganizedPiProject\misc\Desktop\secure-ide-asm\ai_engine.asm(164) : error A2034:must be in segment block
D:\rawrxd\OrganizedPiProject\misc\Desktop\secure-ide-asm\ai_engine.asm(166) : error A2008:syntax error : .
D:\rawrxd\OrganizedPiProject\misc\Desktop\secure-ide-asm\ai_engine.asm(168) : error A2034:must be in segment block
D:\rawrxd\OrganizedPiProject\misc\Desktop\secure-ide-asm\ai_engine.asm(169) : error A2034:must be in segment block
D:\rawrxd\OrganizedPiProject\misc\Desktop\secure-ide-asm\ai_engine.asm(172) : error A2034:must be in segment block
D:\rawrxd\OrganizedPiProject\misc\Desktop\secure-ide-asm\ai_engine.asm(173) : fatal error A1012:error count exceeds 100; stopping assembly
