 Assembling: D:\rawrxd\reconstructed\Users\HiH8e\OneDrive\Desktop\Powershield\RawrXD-ModelLoader\RawrXD-ModelLoader\kernels\compact\wire\asm.asm
D:\rawrxd\reconstructed\Users\HiH8e\OneDrive\Desktop\Powershield\RawrXD-ModelLoader\RawrXD-ModelLoader\kernels\compact\wire\asm.asm(6) : error A2008:syntax error : define
D:\rawrxd\reconstructed\Users\HiH8e\OneDrive\Desktop\Powershield\RawrXD-ModelLoader\RawrXD-ModelLoader\kernels\compact\wire\asm.asm(7) : error A2008:syntax error : define
D:\rawrxd\reconstructed\Users\HiH8e\OneDrive\Desktop\Powershield\RawrXD-ModelLoader\RawrXD-ModelLoader\kernels\compact\wire\asm.asm(8) : error A2045:missing angle bracket or brace in literal
D:\rawrxd\reconstructed\Users\HiH8e\OneDrive\Desktop\Powershield\RawrXD-ModelLoader\RawrXD-ModelLoader\kernels\compact\wire\asm.asm(9) : error A2008:syntax error : define
D:\rawrxd\reconstructed\Users\HiH8e\OneDrive\Desktop\Powershield\RawrXD-ModelLoader\RawrXD-ModelLoader\kernels\compact\wire\asm.asm(11) : error A2008:syntax error : in directive
D:\rawrxd\reconstructed\Users\HiH8e\OneDrive\Desktop\Powershield\RawrXD-ModelLoader\RawrXD-ModelLoader\kernels\compact\wire\asm.asm(13) : error A2008:syntax error : section
D:\rawrxd\reconstructed\Users\HiH8e\OneDrive\Desktop\Powershield\RawrXD-ModelLoader\RawrXD-ModelLoader\kernels\compact\wire\asm.asm(14) : error A2034:must be in segment block
D:\rawrxd\reconstructed\Users\HiH8e\OneDrive\Desktop\Powershield\RawrXD-ModelLoader\RawrXD-ModelLoader\kernels\compact\wire\asm.asm(15) : error A2034:must be in segment block
D:\rawrxd\reconstructed\Users\HiH8e\OneDrive\Desktop\Powershield\RawrXD-ModelLoader\RawrXD-ModelLoader\kernels\compact\wire\asm.asm(16) : error A2034:must be in segment block
D:\rawrxd\reconstructed\Users\HiH8e\OneDrive\Desktop\Powershield\RawrXD-ModelLoader\RawrXD-ModelLoader\kernels\compact\wire\asm.asm(18) : error A2008:syntax error : section
D:\rawrxd\reconstructed\Users\HiH8e\OneDrive\Desktop\Powershield\RawrXD-ModelLoader\RawrXD-ModelLoader\kernels\compact\wire\asm.asm(20) : error A2008:syntax error : global
D:\rawrxd\reconstructed\Users\HiH8e\OneDrive\Desktop\Powershield\RawrXD-ModelLoader\RawrXD-ModelLoader\kernels\compact\wire\asm.asm(23) : error A2034:must be in segment block
D:\rawrxd\reconstructed\Users\HiH8e\OneDrive\Desktop\Powershield\RawrXD-ModelLoader\RawrXD-ModelLoader\kernels\compact\wire\asm.asm(24) : error A2034:must be in segment block
D:\rawrxd\reconstructed\Users\HiH8e\OneDrive\Desktop\Powershield\RawrXD-ModelLoader\RawrXD-ModelLoader\kernels\compact\wire\asm.asm(25) : error A2034:must be in segment block
D:\rawrxd\reconstructed\Users\HiH8e\OneDrive\Desktop\Powershield\RawrXD-ModelLoader\RawrXD-ModelLoader\kernels\compact\wire\asm.asm(26) : error A2034:must be in segment block
D:\rawrxd\reconstructed\Users\HiH8e\OneDrive\Desktop\Powershield\RawrXD-ModelLoader\RawrXD-ModelLoader\kernels\compact\wire\asm.asm(29) : error A2034:must be in segment block
D:\rawrxd\reconstructed\Users\HiH8e\OneDrive\Desktop\Powershield\RawrXD-ModelLoader\RawrXD-ModelLoader\kernels\compact\wire\asm.asm(30) : error A2034:must be in segment block
D:\rawrxd\reconstructed\Users\HiH8e\OneDrive\Desktop\Powershield\RawrXD-ModelLoader\RawrXD-ModelLoader\kernels\compact\wire\asm.asm(33) : error A2034:must be in segment block
D:\rawrxd\reconstructed\Users\HiH8e\OneDrive\Desktop\Powershield\RawrXD-ModelLoader\RawrXD-ModelLoader\kernels\compact\wire\asm.asm(34) : error A2034:must be in segment block
D:\rawrxd\reconstructed\Users\HiH8e\OneDrive\Desktop\Powershield\RawrXD-ModelLoader\RawrXD-ModelLoader\kernels\compact\wire\asm.asm(35) : error A2034:must be in segment block
D:\rawrxd\reconstructed\Users\HiH8e\OneDrive\Desktop\Powershield\RawrXD-ModelLoader\RawrXD-ModelLoader\kernels\compact\wire\asm.asm(36) : error A2034:must be in segment block
D:\rawrxd\reconstructed\Users\HiH8e\OneDrive\Desktop\Powershield\RawrXD-ModelLoader\RawrXD-ModelLoader\kernels\compact\wire\asm.asm(37) : error A2034:must be in segment block
D:\rawrxd\reconstructed\Users\HiH8e\OneDrive\Desktop\Powershield\RawrXD-ModelLoader\RawrXD-ModelLoader\kernels\compact\wire\asm.asm(38) : error A2034:must be in segment block
D:\rawrxd\reconstructed\Users\HiH8e\OneDrive\Desktop\Powershield\RawrXD-ModelLoader\RawrXD-ModelLoader\kernels\compact\wire\asm.asm(41) : error A2034:must be in segment block
D:\rawrxd\reconstructed\Users\HiH8e\OneDrive\Desktop\Powershield\RawrXD-ModelLoader\RawrXD-ModelLoader\kernels\compact\wire\asm.asm(42) : error A2034:must be in segment block
D:\rawrxd\reconstructed\Users\HiH8e\OneDrive\Desktop\Powershield\RawrXD-ModelLoader\RawrXD-ModelLoader\kernels\compact\wire\asm.asm(43) : error A2034:must be in segment block
D:\rawrxd\reconstructed\Users\HiH8e\OneDrive\Desktop\Powershield\RawrXD-ModelLoader\RawrXD-ModelLoader\kernels\compact\wire\asm.asm(44) : error A2034:must be in segment block
D:\rawrxd\reconstructed\Users\HiH8e\OneDrive\Desktop\Powershield\RawrXD-ModelLoader\RawrXD-ModelLoader\kernels\compact\wire\asm.asm(47) : error A2034:must be in segment block
D:\rawrxd\reconstructed\Users\HiH8e\OneDrive\Desktop\Powershield\RawrXD-ModelLoader\RawrXD-ModelLoader\kernels\compact\wire\asm.asm(48) : error A2034:must be in segment block
D:\rawrxd\reconstructed\Users\HiH8e\OneDrive\Desktop\Powershield\RawrXD-ModelLoader\RawrXD-ModelLoader\kernels\compact\wire\asm.asm(49) : error A2034:must be in segment block
D:\rawrxd\reconstructed\Users\HiH8e\OneDrive\Desktop\Powershield\RawrXD-ModelLoader\RawrXD-ModelLoader\kernels\compact\wire\asm.asm(51) : error A2008:syntax error : .
D:\rawrxd\reconstructed\Users\HiH8e\OneDrive\Desktop\Powershield\RawrXD-ModelLoader\RawrXD-ModelLoader\kernels\compact\wire\asm.asm(52) : error A2034:must be in segment block
D:\rawrxd\reconstructed\Users\HiH8e\OneDrive\Desktop\Powershield\RawrXD-ModelLoader\RawrXD-ModelLoader\kernels\compact\wire\asm.asm(53) : error A2034:must be in segment block
D:\rawrxd\reconstructed\Users\HiH8e\OneDrive\Desktop\Powershield\RawrXD-ModelLoader\RawrXD-ModelLoader\kernels\compact\wire\asm.asm(54) : error A2034:must be in segment block
D:\rawrxd\reconstructed\Users\HiH8e\OneDrive\Desktop\Powershield\RawrXD-ModelLoader\RawrXD-ModelLoader\kernels\compact\wire\asm.asm(57) : error A2034:must be in segment block
D:\rawrxd\reconstructed\Users\HiH8e\OneDrive\Desktop\Powershield\RawrXD-ModelLoader\RawrXD-ModelLoader\kernels\compact\wire\asm.asm(58) : error A2034:must be in segment block
D:\rawrxd\reconstructed\Users\HiH8e\OneDrive\Desktop\Powershield\RawrXD-ModelLoader\RawrXD-ModelLoader\kernels\compact\wire\asm.asm(59) : error A2034:must be in segment block
D:\rawrxd\reconstructed\Users\HiH8e\OneDrive\Desktop\Powershield\RawrXD-ModelLoader\RawrXD-ModelLoader\kernels\compact\wire\asm.asm(60) : error A2034:must be in segment block
D:\rawrxd\reconstructed\Users\HiH8e\OneDrive\Desktop\Powershield\RawrXD-ModelLoader\RawrXD-ModelLoader\kernels\compact\wire\asm.asm(62) : error A2034:must be in segment block
D:\rawrxd\reconstructed\Users\HiH8e\OneDrive\Desktop\Powershield\RawrXD-ModelLoader\RawrXD-ModelLoader\kernels\compact\wire\asm.asm(63) : error A2034:must be in segment block
D:\rawrxd\reconstructed\Users\HiH8e\OneDrive\Desktop\Powershield\RawrXD-ModelLoader\RawrXD-ModelLoader\kernels\compact\wire\asm.asm(64) : error A2034:must be in segment block
D:\rawrxd\reconstructed\Users\HiH8e\OneDrive\Desktop\Powershield\RawrXD-ModelLoader\RawrXD-ModelLoader\kernels\compact\wire\asm.asm(65) : error A2034:must be in segment block
D:\rawrxd\reconstructed\Users\HiH8e\OneDrive\Desktop\Powershield\RawrXD-ModelLoader\RawrXD-ModelLoader\kernels\compact\wire\asm.asm(67) : error A2034:must be in segment block
D:\rawrxd\reconstructed\Users\HiH8e\OneDrive\Desktop\Powershield\RawrXD-ModelLoader\RawrXD-ModelLoader\kernels\compact\wire\asm.asm(68) : error A2034:must be in segment block
D:\rawrxd\reconstructed\Users\HiH8e\OneDrive\Desktop\Powershield\RawrXD-ModelLoader\RawrXD-ModelLoader\kernels\compact\wire\asm.asm(71) : error A2034:must be in segment block
D:\rawrxd\reconstructed\Users\HiH8e\OneDrive\Desktop\Powershield\RawrXD-ModelLoader\RawrXD-ModelLoader\kernels\compact\wire\asm.asm(72) : error A2034:must be in segment block
D:\rawrxd\reconstructed\Users\HiH8e\OneDrive\Desktop\Powershield\RawrXD-ModelLoader\RawrXD-ModelLoader\kernels\compact\wire\asm.asm(73) : error A2034:must be in segment block
D:\rawrxd\reconstructed\Users\HiH8e\OneDrive\Desktop\Powershield\RawrXD-ModelLoader\RawrXD-ModelLoader\kernels\compact\wire\asm.asm(74) : error A2034:must be in segment block
D:\rawrxd\reconstructed\Users\HiH8e\OneDrive\Desktop\Powershield\RawrXD-ModelLoader\RawrXD-ModelLoader\kernels\compact\wire\asm.asm(75) : error A2034:must be in segment block
D:\rawrxd\reconstructed\Users\HiH8e\OneDrive\Desktop\Powershield\RawrXD-ModelLoader\RawrXD-ModelLoader\kernels\compact\wire\asm.asm(76) : error A2008:syntax error : .
D:\rawrxd\reconstructed\Users\HiH8e\OneDrive\Desktop\Powershield\RawrXD-ModelLoader\RawrXD-ModelLoader\kernels\compact\wire\asm.asm(79) : error A2034:must be in segment block
D:\rawrxd\reconstructed\Users\HiH8e\OneDrive\Desktop\Powershield\RawrXD-ModelLoader\RawrXD-ModelLoader\kernels\compact\wire\asm.asm(80) : error A2034:must be in segment block
D:\rawrxd\reconstructed\Users\HiH8e\OneDrive\Desktop\Powershield\RawrXD-ModelLoader\RawrXD-ModelLoader\kernels\compact\wire\asm.asm(81) : error A2034:must be in segment block
D:\rawrxd\reconstructed\Users\HiH8e\OneDrive\Desktop\Powershield\RawrXD-ModelLoader\RawrXD-ModelLoader\kernels\compact\wire\asm.asm(82) : error A2034:must be in segment block
D:\rawrxd\reconstructed\Users\HiH8e\OneDrive\Desktop\Powershield\RawrXD-ModelLoader\RawrXD-ModelLoader\kernels\compact\wire\asm.asm(83) : error A2034:must be in segment block
D:\rawrxd\reconstructed\Users\HiH8e\OneDrive\Desktop\Powershield\RawrXD-ModelLoader\RawrXD-ModelLoader\kernels\compact\wire\asm.asm(84) : error A2034:must be in segment block
D:\rawrxd\reconstructed\Users\HiH8e\OneDrive\Desktop\Powershield\RawrXD-ModelLoader\RawrXD-ModelLoader\kernels\compact\wire\asm.asm(85) : error A2034:must be in segment block
D:\rawrxd\reconstructed\Users\HiH8e\OneDrive\Desktop\Powershield\RawrXD-ModelLoader\RawrXD-ModelLoader\kernels\compact\wire\asm.asm(86) : error A2034:must be in segment block
D:\rawrxd\reconstructed\Users\HiH8e\OneDrive\Desktop\Powershield\RawrXD-ModelLoader\RawrXD-ModelLoader\kernels\compact\wire\asm.asm(88) : error A2008:syntax error : .
D:\rawrxd\reconstructed\Users\HiH8e\OneDrive\Desktop\Powershield\RawrXD-ModelLoader\RawrXD-ModelLoader\kernels\compact\wire\asm.asm(89) : error A2034:must be in segment block
D:\rawrxd\reconstructed\Users\HiH8e\OneDrive\Desktop\Powershield\RawrXD-ModelLoader\RawrXD-ModelLoader\kernels\compact\wire\asm.asm(90) : error A2034:must be in segment block
D:\rawrxd\reconstructed\Users\HiH8e\OneDrive\Desktop\Powershield\RawrXD-ModelLoader\RawrXD-ModelLoader\kernels\compact\wire\asm.asm(91) : error A2034:must be in segment block
D:\rawrxd\reconstructed\Users\HiH8e\OneDrive\Desktop\Powershield\RawrXD-ModelLoader\RawrXD-ModelLoader\kernels\compact\wire\asm.asm(92) : error A2034:must be in segment block
D:\rawrxd\reconstructed\Users\HiH8e\OneDrive\Desktop\Powershield\RawrXD-ModelLoader\RawrXD-ModelLoader\kernels\compact\wire\asm.asm(93) : error A2034:must be in segment block
D:\rawrxd\reconstructed\Users\HiH8e\OneDrive\Desktop\Powershield\RawrXD-ModelLoader\RawrXD-ModelLoader\kernels\compact\wire\asm.asm(95) : error A2008:syntax error : .
D:\rawrxd\reconstructed\Users\HiH8e\OneDrive\Desktop\Powershield\RawrXD-ModelLoader\RawrXD-ModelLoader\kernels\compact\wire\asm.asm(97) : error A2034:must be in segment block
D:\rawrxd\reconstructed\Users\HiH8e\OneDrive\Desktop\Powershield\RawrXD-ModelLoader\RawrXD-ModelLoader\kernels\compact\wire\asm.asm(98) : error A2034:must be in segment block
D:\rawrxd\reconstructed\Users\HiH8e\OneDrive\Desktop\Powershield\RawrXD-ModelLoader\RawrXD-ModelLoader\kernels\compact\wire\asm.asm(99) : error A2034:must be in segment block
D:\rawrxd\reconstructed\Users\HiH8e\OneDrive\Desktop\Powershield\RawrXD-ModelLoader\RawrXD-ModelLoader\kernels\compact\wire\asm.asm(100) : error A2034:must be in segment block
D:\rawrxd\reconstructed\Users\HiH8e\OneDrive\Desktop\Powershield\RawrXD-ModelLoader\RawrXD-ModelLoader\kernels\compact\wire\asm.asm(101) : error A2034:must be in segment block
D:\rawrxd\reconstructed\Users\HiH8e\OneDrive\Desktop\Powershield\RawrXD-ModelLoader\RawrXD-ModelLoader\kernels\compact\wire\asm.asm(105) : error A2008:syntax error : global
D:\rawrxd\reconstructed\Users\HiH8e\OneDrive\Desktop\Powershield\RawrXD-ModelLoader\RawrXD-ModelLoader\kernels\compact\wire\asm.asm(108) : error A2034:must be in segment block
D:\rawrxd\reconstructed\Users\HiH8e\OneDrive\Desktop\Powershield\RawrXD-ModelLoader\RawrXD-ModelLoader\kernels\compact\wire\asm.asm(109) : error A2034:must be in segment block
D:\rawrxd\reconstructed\Users\HiH8e\OneDrive\Desktop\Powershield\RawrXD-ModelLoader\RawrXD-ModelLoader\kernels\compact\wire\asm.asm(110) : error A2034:must be in segment block
D:\rawrxd\reconstructed\Users\HiH8e\OneDrive\Desktop\Powershield\RawrXD-ModelLoader\RawrXD-ModelLoader\kernels\compact\wire\asm.asm(111) : error A2034:must be in segment block
D:\rawrxd\reconstructed\Users\HiH8e\OneDrive\Desktop\Powershield\RawrXD-ModelLoader\RawrXD-ModelLoader\kernels\compact\wire\asm.asm(114) : error A2034:must be in segment block
D:\rawrxd\reconstructed\Users\HiH8e\OneDrive\Desktop\Powershield\RawrXD-ModelLoader\RawrXD-ModelLoader\kernels\compact\wire\asm.asm(115) : error A2034:must be in segment block
D:\rawrxd\reconstructed\Users\HiH8e\OneDrive\Desktop\Powershield\RawrXD-ModelLoader\RawrXD-ModelLoader\kernels\compact\wire\asm.asm(116) : error A2034:must be in segment block
D:\rawrxd\reconstructed\Users\HiH8e\OneDrive\Desktop\Powershield\RawrXD-ModelLoader\RawrXD-ModelLoader\kernels\compact\wire\asm.asm(117) : error A2034:must be in segment block
D:\rawrxd\reconstructed\Users\HiH8e\OneDrive\Desktop\Powershield\RawrXD-ModelLoader\RawrXD-ModelLoader\kernels\compact\wire\asm.asm(119) : error A2034:must be in segment block
D:\rawrxd\reconstructed\Users\HiH8e\OneDrive\Desktop\Powershield\RawrXD-ModelLoader\RawrXD-ModelLoader\kernels\compact\wire\asm.asm(120) : error A2034:must be in segment block
D:\rawrxd\reconstructed\Users\HiH8e\OneDrive\Desktop\Powershield\RawrXD-ModelLoader\RawrXD-ModelLoader\kernels\compact\wire\asm.asm(122) : error A2008:syntax error : .
D:\rawrxd\reconstructed\Users\HiH8e\OneDrive\Desktop\Powershield\RawrXD-ModelLoader\RawrXD-ModelLoader\kernels\compact\wire\asm.asm(123) : error A2034:must be in segment block
D:\rawrxd\reconstructed\Users\HiH8e\OneDrive\Desktop\Powershield\RawrXD-ModelLoader\RawrXD-ModelLoader\kernels\compact\wire\asm.asm(124) : error A2034:must be in segment block
D:\rawrxd\reconstructed\Users\HiH8e\OneDrive\Desktop\Powershield\RawrXD-ModelLoader\RawrXD-ModelLoader\kernels\compact\wire\asm.asm(125) : error A2034:must be in segment block
D:\rawrxd\reconstructed\Users\HiH8e\OneDrive\Desktop\Powershield\RawrXD-ModelLoader\RawrXD-ModelLoader\kernels\compact\wire\asm.asm(127) : error A2034:must be in segment block
D:\rawrxd\reconstructed\Users\HiH8e\OneDrive\Desktop\Powershield\RawrXD-ModelLoader\RawrXD-ModelLoader\kernels\compact\wire\asm.asm(128) : error A2034:must be in segment block
D:\rawrxd\reconstructed\Users\HiH8e\OneDrive\Desktop\Powershield\RawrXD-ModelLoader\RawrXD-ModelLoader\kernels\compact\wire\asm.asm(129) : error A2034:must be in segment block
D:\rawrxd\reconstructed\Users\HiH8e\OneDrive\Desktop\Powershield\RawrXD-ModelLoader\RawrXD-ModelLoader\kernels\compact\wire\asm.asm(130) : error A2034:must be in segment block
D:\rawrxd\reconstructed\Users\HiH8e\OneDrive\Desktop\Powershield\RawrXD-ModelLoader\RawrXD-ModelLoader\kernels\compact\wire\asm.asm(133) : error A2034:must be in segment block
D:\rawrxd\reconstructed\Users\HiH8e\OneDrive\Desktop\Powershield\RawrXD-ModelLoader\RawrXD-ModelLoader\kernels\compact\wire\asm.asm(134) : error A2034:must be in segment block
D:\rawrxd\reconstructed\Users\HiH8e\OneDrive\Desktop\Powershield\RawrXD-ModelLoader\RawrXD-ModelLoader\kernels\compact\wire\asm.asm(135) : error A2034:must be in segment block
D:\rawrxd\reconstructed\Users\HiH8e\OneDrive\Desktop\Powershield\RawrXD-ModelLoader\RawrXD-ModelLoader\kernels\compact\wire\asm.asm(136) : error A2034:must be in segment block
D:\rawrxd\reconstructed\Users\HiH8e\OneDrive\Desktop\Powershield\RawrXD-ModelLoader\RawrXD-ModelLoader\kernels\compact\wire\asm.asm(137) : error A2034:must be in segment block
D:\rawrxd\reconstructed\Users\HiH8e\OneDrive\Desktop\Powershield\RawrXD-ModelLoader\RawrXD-ModelLoader\kernels\compact\wire\asm.asm(138) : error A2034:must be in segment block
D:\rawrxd\reconstructed\Users\HiH8e\OneDrive\Desktop\Powershield\RawrXD-ModelLoader\RawrXD-ModelLoader\kernels\compact\wire\asm.asm(139) : error A2034:must be in segment block
D:\rawrxd\reconstructed\Users\HiH8e\OneDrive\Desktop\Powershield\RawrXD-ModelLoader\RawrXD-ModelLoader\kernels\compact\wire\asm.asm(140) : error A2034:must be in segment block
D:\rawrxd\reconstructed\Users\HiH8e\OneDrive\Desktop\Powershield\RawrXD-ModelLoader\RawrXD-ModelLoader\kernels\compact\wire\asm.asm(141) : error A2034:must be in segment block
D:\rawrxd\reconstructed\Users\HiH8e\OneDrive\Desktop\Powershield\RawrXD-ModelLoader\RawrXD-ModelLoader\kernels\compact\wire\asm.asm(142) : error A2034:must be in segment block
D:\rawrxd\reconstructed\Users\HiH8e\OneDrive\Desktop\Powershield\RawrXD-ModelLoader\RawrXD-ModelLoader\kernels\compact\wire\asm.asm(143) : error A2034:must be in segment block
D:\rawrxd\reconstructed\Users\HiH8e\OneDrive\Desktop\Powershield\RawrXD-ModelLoader\RawrXD-ModelLoader\kernels\compact\wire\asm.asm(145) : fatal error A1012:error count exceeds 100; stopping assembly
