 Assembling: D:\rawrxd\reconstructed\Users\HiH8e\Downloads\RawrXD-production-lazy-init\src\masm\final-ide\stub\integration\bridges.asm
D:\rawrxd\reconstructed\Users\HiH8e\Downloads\RawrXD-production-lazy-init\src\masm\final-ide\stub\integration\bridges.asm(209) : error A2008:syntax error : .
D:\rawrxd\reconstructed\Users\HiH8e\Downloads\RawrXD-production-lazy-init\src\masm\final-ide\stub\integration\bridges.asm(255) : error A2008:syntax error : .
D:\rawrxd\reconstructed\Users\HiH8e\Downloads\RawrXD-production-lazy-init\src\masm\final-ide\stub\integration\bridges.asm(376) : error A2008:syntax error : .
D:\rawrxd\reconstructed\Users\HiH8e\Downloads\RawrXD-production-lazy-init\src\masm\final-ide\stub\integration\bridges.asm(418) : error A2008:syntax error : .
D:\rawrxd\reconstructed\Users\HiH8e\Downloads\RawrXD-production-lazy-init\src\masm\final-ide\stub\integration\bridges.asm(649) : error A2008:syntax error : .
D:\rawrxd\reconstructed\Users\HiH8e\Downloads\RawrXD-production-lazy-init\src\masm\final-ide\stub\integration\bridges.asm(176) : error A2006:undefined symbol : init_failed
D:\rawrxd\reconstructed\Users\HiH8e\Downloads\RawrXD-production-lazy-init\src\masm\final-ide\stub\integration\bridges.asm(181) : error A2006:undefined symbol : init_failed
D:\rawrxd\reconstructed\Users\HiH8e\Downloads\RawrXD-production-lazy-init\src\masm\final-ide\stub\integration\bridges.asm(186) : error A2006:undefined symbol : init_failed
D:\rawrxd\reconstructed\Users\HiH8e\Downloads\RawrXD-production-lazy-init\src\masm\final-ide\stub\integration\bridges.asm(191) : error A2006:undefined symbol : init_failed
D:\rawrxd\reconstructed\Users\HiH8e\Downloads\RawrXD-production-lazy-init\src\masm\final-ide\stub\integration\bridges.asm(196) : error A2006:undefined symbol : init_failed
D:\rawrxd\reconstructed\Users\HiH8e\Downloads\RawrXD-production-lazy-init\src\masm\final-ide\stub\integration\bridges.asm(201) : error A2006:undefined symbol : init_failed
D:\rawrxd\reconstructed\Users\HiH8e\Downloads\RawrXD-production-lazy-init\src\masm\final-ide\stub\integration\bridges.asm(230) : error A2006:undefined symbol : OutputDebugStringA
D:\rawrxd\reconstructed\Users\HiH8e\Downloads\RawrXD-production-lazy-init\src\masm\final-ide\stub\integration\bridges.asm(234) : error A2006:undefined symbol : HeapAlloc
D:\rawrxd\reconstructed\Users\HiH8e\Downloads\RawrXD-production-lazy-init\src\masm\final-ide\stub\integration\bridges.asm(237) : error A2006:undefined symbol : anim_init_error
D:\rawrxd\reconstructed\Users\HiH8e\Downloads\RawrXD-production-lazy-init\src\masm\final-ide\stub\integration\bridges.asm(242) : error A2006:undefined symbol : SetTimer
D:\rawrxd\reconstructed\Users\HiH8e\Downloads\RawrXD-production-lazy-init\src\masm\final-ide\stub\integration\bridges.asm(245) : error A2006:undefined symbol : anim_init_error
D:\rawrxd\reconstructed\Users\HiH8e\Downloads\RawrXD-production-lazy-init\src\masm\final-ide\stub\integration\bridges.asm(258) : error A2006:undefined symbol : OutputDebugStringA
D:\rawrxd\reconstructed\Users\HiH8e\Downloads\RawrXD-production-lazy-init\src\masm\final-ide\stub\integration\bridges.asm(279) : error A2006:undefined symbol : OutputDebugStringA
D:\rawrxd\reconstructed\Users\HiH8e\Downloads\RawrXD-production-lazy-init\src\masm\final-ide\stub\integration\bridges.asm(308) : error A2006:undefined symbol : OutputDebugStringA
D:\rawrxd\reconstructed\Users\HiH8e\Downloads\RawrXD-production-lazy-init\src\masm\final-ide\stub\integration\bridges.asm(317) : error A2006:undefined symbol : HeapAlloc
D:\rawrxd\reconstructed\Users\HiH8e\Downloads\RawrXD-production-lazy-init\src\masm\final-ide\stub\integration\bridges.asm(320) : error A2006:undefined symbol : feature_init_error
D:\rawrxd\reconstructed\Users\HiH8e\Downloads\RawrXD-production-lazy-init\src\masm\final-ide\stub\integration\bridges.asm(329) : error A2006:undefined symbol : feature_init_error
D:\rawrxd\reconstructed\Users\HiH8e\Downloads\RawrXD-production-lazy-init\src\masm\final-ide\stub\integration\bridges.asm(334) : error A2006:undefined symbol : feature_init_error
D:\rawrxd\reconstructed\Users\HiH8e\Downloads\RawrXD-production-lazy-init\src\masm\final-ide\stub\integration\bridges.asm(339) : error A2006:undefined symbol : feature_init_error
D:\rawrxd\reconstructed\Users\HiH8e\Downloads\RawrXD-production-lazy-init\src\masm\final-ide\stub\integration\bridges.asm(344) : error A2006:undefined symbol : feature_init_error
D:\rawrxd\reconstructed\Users\HiH8e\Downloads\RawrXD-production-lazy-init\src\masm\final-ide\stub\integration\bridges.asm(349) : error A2006:undefined symbol : feature_init_error
D:\rawrxd\reconstructed\Users\HiH8e\Downloads\RawrXD-production-lazy-init\src\masm\final-ide\stub\integration\bridges.asm(354) : error A2006:undefined symbol : feature_init_error
D:\rawrxd\reconstructed\Users\HiH8e\Downloads\RawrXD-production-lazy-init\src\masm\final-ide\stub\integration\bridges.asm(359) : error A2006:undefined symbol : feature_init_error
D:\rawrxd\reconstructed\Users\HiH8e\Downloads\RawrXD-production-lazy-init\src\masm\final-ide\stub\integration\bridges.asm(364) : error A2006:undefined symbol : feature_init_error
D:\rawrxd\reconstructed\Users\HiH8e\Downloads\RawrXD-production-lazy-init\src\masm\final-ide\stub\integration\bridges.asm(379) : error A2006:undefined symbol : OutputDebugStringA
D:\rawrxd\reconstructed\Users\HiH8e\Downloads\RawrXD-production-lazy-init\src\masm\final-ide\stub\integration\bridges.asm(400) : error A2006:undefined symbol : OutputDebugStringA
D:\rawrxd\reconstructed\Users\HiH8e\Downloads\RawrXD-production-lazy-init\src\masm\final-ide\stub\integration\bridges.asm(404) : error A2006:undefined symbol : HeapAlloc
D:\rawrxd\reconstructed\Users\HiH8e\Downloads\RawrXD-production-lazy-init\src\masm\final-ide\stub\integration\bridges.asm(407) : error A2006:undefined symbol : model_init_error
D:\rawrxd\reconstructed\Users\HiH8e\Downloads\RawrXD-production-lazy-init\src\masm\final-ide\stub\integration\bridges.asm(421) : error A2006:undefined symbol : OutputDebugStringA
D:\rawrxd\reconstructed\Users\HiH8e\Downloads\RawrXD-production-lazy-init\src\masm\final-ide\stub\integration\bridges.asm(627) : error A2006:undefined symbol : load_model_error
D:\rawrxd\reconstructed\Users\HiH8e\Downloads\RawrXD-production-lazy-init\src\masm\final-ide\stub\integration\bridges.asm(636) : error A2006:undefined symbol : load_model_error
