 Assembling: D:\rawrxd\history\runoff\part_0002\c__Users_HiH8e_Downloads_RawrXD-production-lazy-init_src_masm_final-ide_theme_animation_system.asm
D:\rawrxd\history\runoff\part_0002\c__Users_HiH8e_Downloads_RawrXD-production-lazy-init_src_masm_final-ide_theme_animation_system.asm(270) : error A2008:syntax error : .
D:\rawrxd\history\runoff\part_0002\c__Users_HiH8e_Downloads_RawrXD-production-lazy-init_src_masm_final-ide_theme_animation_system.asm(287) : error A2008:syntax error : .
D:\rawrxd\history\runoff\part_0002\c__Users_HiH8e_Downloads_RawrXD-production-lazy-init_src_masm_final-ide_theme_animation_system.asm(308) : error A2008:syntax error : .
D:\rawrxd\history\runoff\part_0002\c__Users_HiH8e_Downloads_RawrXD-production-lazy-init_src_masm_final-ide_theme_animation_system.asm(315) : error A2008:syntax error : .
D:\rawrxd\history\runoff\part_0002\c__Users_HiH8e_Downloads_RawrXD-production-lazy-init_src_masm_final-ide_theme_animation_system.asm(322) : error A2008:syntax error : .
D:\rawrxd\history\runoff\part_0002\c__Users_HiH8e_Downloads_RawrXD-production-lazy-init_src_masm_final-ide_theme_animation_system.asm(336) : error A2008:syntax error : .
D:\rawrxd\history\runoff\part_0002\c__Users_HiH8e_Downloads_RawrXD-production-lazy-init_src_masm_final-ide_theme_animation_system.asm(339) : error A2008:syntax error : .
D:\rawrxd\history\runoff\part_0002\c__Users_HiH8e_Downloads_RawrXD-production-lazy-init_src_masm_final-ide_theme_animation_system.asm(357) : error A2008:syntax error : .
D:\rawrxd\history\runoff\part_0002\c__Users_HiH8e_Downloads_RawrXD-production-lazy-init_src_masm_final-ide_theme_animation_system.asm(360) : error A2008:syntax error : .
D:\rawrxd\history\runoff\part_0002\c__Users_HiH8e_Downloads_RawrXD-production-lazy-init_src_masm_final-ide_theme_animation_system.asm(378) : error A2008:syntax error : .
D:\rawrxd\history\runoff\part_0002\c__Users_HiH8e_Downloads_RawrXD-production-lazy-init_src_masm_final-ide_theme_animation_system.asm(391) : error A2008:syntax error : .
D:\rawrxd\history\runoff\part_0002\c__Users_HiH8e_Downloads_RawrXD-production-lazy-init_src_masm_final-ide_theme_animation_system.asm(395) : error A2008:syntax error : .
D:\rawrxd\history\runoff\part_0002\c__Users_HiH8e_Downloads_RawrXD-production-lazy-init_src_masm_final-ide_theme_animation_system.asm(427) : error A2008:syntax error : .
D:\rawrxd\history\runoff\part_0002\c__Users_HiH8e_Downloads_RawrXD-production-lazy-init_src_masm_final-ide_theme_animation_system.asm(442) : error A2008:syntax error : .
D:\rawrxd\history\runoff\part_0002\c__Users_HiH8e_Downloads_RawrXD-production-lazy-init_src_masm_final-ide_theme_animation_system.asm(472) : error A2008:syntax error : .
D:\rawrxd\history\runoff\part_0002\c__Users_HiH8e_Downloads_RawrXD-production-lazy-init_src_masm_final-ide_theme_animation_system.asm(496) : error A2008:syntax error : .
D:\rawrxd\history\runoff\part_0002\c__Users_HiH8e_Downloads_RawrXD-production-lazy-init_src_masm_final-ide_theme_animation_system.asm(512) : error A2008:syntax error : .
D:\rawrxd\history\runoff\part_0002\c__Users_HiH8e_Downloads_RawrXD-production-lazy-init_src_masm_final-ide_theme_animation_system.asm(530) : error A2008:syntax error : .
D:\rawrxd\history\runoff\part_0002\c__Users_HiH8e_Downloads_RawrXD-production-lazy-init_src_masm_final-ide_theme_animation_system.asm(552) : error A2008:syntax error : .
D:\rawrxd\history\runoff\part_0002\c__Users_HiH8e_Downloads_RawrXD-production-lazy-init_src_masm_final-ide_theme_animation_system.asm(568) : error A2008:syntax error : .
D:\rawrxd\history\runoff\part_0002\c__Users_HiH8e_Downloads_RawrXD-production-lazy-init_src_masm_final-ide_theme_animation_system.asm(579) : error A2008:syntax error : .
D:\rawrxd\history\runoff\part_0002\c__Users_HiH8e_Downloads_RawrXD-production-lazy-init_src_masm_final-ide_theme_animation_system.asm(585) : error A2008:syntax error : .
D:\rawrxd\history\runoff\part_0002\c__Users_HiH8e_Downloads_RawrXD-production-lazy-init_src_masm_final-ide_theme_animation_system.asm(616) : error A2008:syntax error : .
D:\rawrxd\history\runoff\part_0002\c__Users_HiH8e_Downloads_RawrXD-production-lazy-init_src_masm_final-ide_theme_animation_system.asm(656) : error A2008:syntax error : .
D:\rawrxd\history\runoff\part_0002\c__Users_HiH8e_Downloads_RawrXD-production-lazy-init_src_masm_final-ide_theme_animation_system.asm(665) : error A2070:invalid instruction operands
D:\rawrxd\history\runoff\part_0002\c__Users_HiH8e_Downloads_RawrXD-production-lazy-init_src_masm_final-ide_theme_animation_system.asm(669) : error A2070:invalid instruction operands
D:\rawrxd\history\runoff\part_0002\c__Users_HiH8e_Downloads_RawrXD-production-lazy-init_src_masm_final-ide_theme_animation_system.asm(670) : error A2070:invalid instruction operands
D:\rawrxd\history\runoff\part_0002\c__Users_HiH8e_Downloads_RawrXD-production-lazy-init_src_masm_final-ide_theme_animation_system.asm(671) : error A2070:invalid instruction operands
D:\rawrxd\history\runoff\part_0002\c__Users_HiH8e_Downloads_RawrXD-production-lazy-init_src_masm_final-ide_theme_animation_system.asm(685) : error A2008:syntax error : .
D:\rawrxd\history\runoff\part_0002\c__Users_HiH8e_Downloads_RawrXD-production-lazy-init_src_masm_final-ide_theme_animation_system.asm(689) : error A2008:syntax error : .
D:\rawrxd\history\runoff\part_0002\c__Users_HiH8e_Downloads_RawrXD-production-lazy-init_src_masm_final-ide_theme_animation_system.asm(693) : error A2008:syntax error : .
D:\rawrxd\history\runoff\part_0002\c__Users_HiH8e_Downloads_RawrXD-production-lazy-init_src_masm_final-ide_theme_animation_system.asm(702) : error A2008:syntax error : .
D:\rawrxd\history\runoff\part_0002\c__Users_HiH8e_Downloads_RawrXD-production-lazy-init_src_masm_final-ide_theme_animation_system.asm(722) : error A2008:syntax error : .
D:\rawrxd\history\runoff\part_0002\c__Users_HiH8e_Downloads_RawrXD-production-lazy-init_src_masm_final-ide_theme_animation_system.asm(726) : error A2008:syntax error : .
D:\rawrxd\history\runoff\part_0002\c__Users_HiH8e_Downloads_RawrXD-production-lazy-init_src_masm_final-ide_theme_animation_system.asm(733) : error A2008:syntax error : .
D:\rawrxd\history\runoff\part_0002\c__Users_HiH8e_Downloads_RawrXD-production-lazy-init_src_masm_final-ide_theme_animation_system.asm(735) : error A2008:syntax error : in instruction
D:\rawrxd\history\runoff\part_0002\c__Users_HiH8e_Downloads_RawrXD-production-lazy-init_src_masm_final-ide_theme_animation_system.asm(743) : error A2008:syntax error : .
D:\rawrxd\history\runoff\part_0002\c__Users_HiH8e_Downloads_RawrXD-production-lazy-init_src_masm_final-ide_theme_animation_system.asm(755) : error A2008:syntax error : .
D:\rawrxd\history\runoff\part_0002\c__Users_HiH8e_Downloads_RawrXD-production-lazy-init_src_masm_final-ide_theme_animation_system.asm(798) : error A2070:invalid instruction operands
D:\rawrxd\history\runoff\part_0002\c__Users_HiH8e_Downloads_RawrXD-production-lazy-init_src_masm_final-ide_theme_animation_system.asm(838) : error A2008:syntax error : .
D:\rawrxd\history\runoff\part_0002\c__Users_HiH8e_Downloads_RawrXD-production-lazy-init_src_masm_final-ide_theme_animation_system.asm(854) : error A2008:syntax error : .
D:\rawrxd\history\runoff\part_0002\c__Users_HiH8e_Downloads_RawrXD-production-lazy-init_src_masm_final-ide_theme_animation_system.asm(862) : error A2008:syntax error : .
D:\rawrxd\history\runoff\part_0002\c__Users_HiH8e_Downloads_RawrXD-production-lazy-init_src_masm_final-ide_theme_animation_system.asm(894) : error A2008:syntax error : .
D:\rawrxd\history\runoff\part_0002\c__Users_HiH8e_Downloads_RawrXD-production-lazy-init_src_masm_final-ide_theme_animation_system.asm(910) : error A2008:syntax error : .
D:\rawrxd\history\runoff\part_0002\c__Users_HiH8e_Downloads_RawrXD-production-lazy-init_src_masm_final-ide_theme_animation_system.asm(921) : error A2008:syntax error : .
D:\rawrxd\history\runoff\part_0002\c__Users_HiH8e_Downloads_RawrXD-production-lazy-init_src_masm_final-ide_theme_animation_system.asm(941) : error A2008:syntax error : .
D:\rawrxd\history\runoff\part_0002\c__Users_HiH8e_Downloads_RawrXD-production-lazy-init_src_masm_final-ide_theme_animation_system.asm(967) : error A2008:syntax error : .
D:\rawrxd\history\runoff\part_0002\c__Users_HiH8e_Downloads_RawrXD-production-lazy-init_src_masm_final-ide_theme_animation_system.asm(983) : error A2008:syntax error : .
D:\rawrxd\history\runoff\part_0002\c__Users_HiH8e_Downloads_RawrXD-production-lazy-init_src_masm_final-ide_theme_animation_system.asm(989) : error A2070:invalid instruction operands
D:\rawrxd\history\runoff\part_0002\c__Users_HiH8e_Downloads_RawrXD-production-lazy-init_src_masm_final-ide_theme_animation_system.asm(994) : error A2008:syntax error : .
D:\rawrxd\history\runoff\part_0002\c__Users_HiH8e_Downloads_RawrXD-production-lazy-init_src_masm_final-ide_theme_animation_system.asm(1016) : error A2008:syntax error : .
D:\rawrxd\history\runoff\part_0002\c__Users_HiH8e_Downloads_RawrXD-production-lazy-init_src_masm_final-ide_theme_animation_system.asm(1032) : error A2008:syntax error : .
D:\rawrxd\history\runoff\part_0002\c__Users_HiH8e_Downloads_RawrXD-production-lazy-init_src_masm_final-ide_theme_animation_system.asm(1042) : error A2008:syntax error : .
D:\rawrxd\history\runoff\part_0002\c__Users_HiH8e_Downloads_RawrXD-production-lazy-init_src_masm_final-ide_theme_animation_system.asm(1048) : error A2008:syntax error : .
D:\rawrxd\history\runoff\part_0002\c__Users_HiH8e_Downloads_RawrXD-production-lazy-init_src_masm_final-ide_theme_animation_system.asm(1070) : error A2008:syntax error : .
D:\rawrxd\history\runoff\part_0002\c__Users_HiH8e_Downloads_RawrXD-production-lazy-init_src_masm_final-ide_theme_animation_system.asm(1086) : error A2008:syntax error : .
D:\rawrxd\history\runoff\part_0002\c__Users_HiH8e_Downloads_RawrXD-production-lazy-init_src_masm_final-ide_theme_animation_system.asm(1094) : error A2008:syntax error : .
D:\rawrxd\history\runoff\part_0002\c__Users_HiH8e_Downloads_RawrXD-production-lazy-init_src_masm_final-ide_theme_animation_system.asm(1102) : error A2008:syntax error : .
D:\rawrxd\history\runoff\part_0002\c__Users_HiH8e_Downloads_RawrXD-production-lazy-init_src_masm_final-ide_theme_animation_system.asm(1109) : error A2008:syntax error : .
D:\rawrxd\history\runoff\part_0002\c__Users_HiH8e_Downloads_RawrXD-production-lazy-init_src_masm_final-ide_theme_animation_system.asm(1116) : error A2008:syntax error : .
D:\rawrxd\history\runoff\part_0002\c__Users_HiH8e_Downloads_RawrXD-production-lazy-init_src_masm_final-ide_theme_animation_system.asm(1126) : error A2008:syntax error : .
D:\rawrxd\history\runoff\part_0002\c__Users_HiH8e_Downloads_RawrXD-production-lazy-init_src_masm_final-ide_theme_animation_system.asm(264) : error A2006:undefined symbol : init_failed
D:\rawrxd\history\runoff\part_0002\c__Users_HiH8e_Downloads_RawrXD-production-lazy-init_src_masm_final-ide_theme_animation_system.asm(272) : error A2006:undefined symbol : init_complete
D:\rawrxd\history\runoff\part_0002\c__Users_HiH8e_Downloads_RawrXD-production-lazy-init_src_masm_final-ide_theme_animation_system.asm(274) : error A2022:instruction operands must be the same size
D:\rawrxd\history\runoff\part_0002\c__Users_HiH8e_Downloads_RawrXD-production-lazy-init_src_masm_final-ide_theme_animation_system.asm(285) : error A2006:undefined symbol : init_loop
D:\rawrxd\history\runoff\part_0002\c__Users_HiH8e_Downloads_RawrXD-production-lazy-init_src_masm_final-ide_theme_animation_system.asm(289) : error A2006:undefined symbol : generate_easing_tables
D:\rawrxd\history\runoff\part_0002\c__Users_HiH8e_Downloads_RawrXD-production-lazy-init_src_masm_final-ide_theme_animation_system.asm(324) : error A2006:undefined symbol : gen_ease_out
D:\rawrxd\history\runoff\part_0002\c__Users_HiH8e_Downloads_RawrXD-production-lazy-init_src_masm_final-ide_theme_animation_system.asm(328) : error A2206:missing operator in expression
D:\rawrxd\history\runoff\part_0002\c__Users_HiH8e_Downloads_RawrXD-production-lazy-init_src_masm_final-ide_theme_animation_system.asm(334) : error A2006:undefined symbol : gen_ease_in
D:\rawrxd\history\runoff\part_0002\c__Users_HiH8e_Downloads_RawrXD-production-lazy-init_src_masm_final-ide_theme_animation_system.asm(341) : error A2006:undefined symbol : gen_ease_in_out
D:\rawrxd\history\runoff\part_0002\c__Users_HiH8e_Downloads_RawrXD-production-lazy-init_src_masm_final-ide_theme_animation_system.asm(345) : error A2206:missing operator in expression
D:\rawrxd\history\runoff\part_0002\c__Users_HiH8e_Downloads_RawrXD-production-lazy-init_src_masm_final-ide_theme_animation_system.asm(346) : error A2206:missing operator in expression
D:\rawrxd\history\runoff\part_0002\c__Users_HiH8e_Downloads_RawrXD-production-lazy-init_src_masm_final-ide_theme_animation_system.asm(350) : error A2206:missing operator in expression
D:\rawrxd\history\runoff\part_0002\c__Users_HiH8e_Downloads_RawrXD-production-lazy-init_src_masm_final-ide_theme_animation_system.asm(355) : error A2006:undefined symbol : gen_ease_out_loop
D:\rawrxd\history\runoff\part_0002\c__Users_HiH8e_Downloads_RawrXD-production-lazy-init_src_masm_final-ide_theme_animation_system.asm(362) : error A2006:undefined symbol : tables_done
D:\rawrxd\history\runoff\part_0002\c__Users_HiH8e_Downloads_RawrXD-production-lazy-init_src_masm_final-ide_theme_animation_system.asm(366) : error A2206:missing operator in expression
D:\rawrxd\history\runoff\part_0002\c__Users_HiH8e_Downloads_RawrXD-production-lazy-init_src_masm_final-ide_theme_animation_system.asm(369) : error A2006:undefined symbol : ease_in_out_second_half
D:\rawrxd\history\runoff\part_0002\c__Users_HiH8e_Downloads_RawrXD-production-lazy-init_src_masm_final-ide_theme_animation_system.asm(374) : error A2206:missing operator in expression
D:\rawrxd\history\runoff\part_0002\c__Users_HiH8e_Downloads_RawrXD-production-lazy-init_src_masm_final-ide_theme_animation_system.asm(376) : error A2006:undefined symbol : continue_ease_in_out
D:\rawrxd\history\runoff\part_0002\c__Users_HiH8e_Downloads_RawrXD-production-lazy-init_src_masm_final-ide_theme_animation_system.asm(380) : error A2206:missing operator in expression
D:\rawrxd\history\runoff\part_0002\c__Users_HiH8e_Downloads_RawrXD-production-lazy-init_src_masm_final-ide_theme_animation_system.asm(384) : error A2206:missing operator in expression
D:\rawrxd\history\runoff\part_0002\c__Users_HiH8e_Downloads_RawrXD-production-lazy-init_src_masm_final-ide_theme_animation_system.asm(386) : error A2206:missing operator in expression
D:\rawrxd\history\runoff\part_0002\c__Users_HiH8e_Downloads_RawrXD-production-lazy-init_src_masm_final-ide_theme_animation_system.asm(387) : error A2206:missing operator in expression
D:\rawrxd\history\runoff\part_0002\c__Users_HiH8e_Downloads_RawrXD-production-lazy-init_src_masm_final-ide_theme_animation_system.asm(393) : error A2006:undefined symbol : gen_ease_in_out_loop
D:\rawrxd\history\runoff\part_0002\c__Users_HiH8e_Downloads_RawrXD-production-lazy-init_src_masm_final-ide_theme_animation_system.asm(429) : error A2006:undefined symbol : create_failed
D:\rawrxd\history\runoff\part_0002\c__Users_HiH8e_Downloads_RawrXD-production-lazy-init_src_masm_final-ide_theme_animation_system.asm(431) : error A2022:instruction operands must be the same size
D:\rawrxd\history\runoff\part_0002\c__Users_HiH8e_Downloads_RawrXD-production-lazy-init_src_masm_final-ide_theme_animation_system.asm(437) : error A2006:undefined symbol : slot_free
D:\rawrxd\history\runoff\part_0002\c__Users_HiH8e_Downloads_RawrXD-production-lazy-init_src_masm_final-ide_theme_animation_system.asm(440) : error A2006:undefined symbol : find_free
D:\rawrxd\history\runoff\part_0002\c__Users_HiH8e_Downloads_RawrXD-production-lazy-init_src_masm_final-ide_theme_animation_system.asm(498) : error A2006:undefined symbol : start_not_found
D:\rawrxd\history\runoff\part_0002\c__Users_HiH8e_Downloads_RawrXD-production-lazy-init_src_masm_final-ide_theme_animation_system.asm(500) : error A2022:instruction operands must be the same size
D:\rawrxd\history\runoff\part_0002\c__Users_HiH8e_Downloads_RawrXD-production-lazy-init_src_masm_final-ide_theme_animation_system.asm(507) : error A2006:undefined symbol : anim_found
D:\rawrxd\history\runoff\part_0002\c__Users_HiH8e_Downloads_RawrXD-production-lazy-init_src_masm_final-ide_theme_animation_system.asm(510) : error A2006:undefined symbol : find_start
D:\rawrxd\history\runoff\part_0002\c__Users_HiH8e_Downloads_RawrXD-production-lazy-init_src_masm_final-ide_theme_animation_system.asm(554) : error A2006:undefined symbol : stop_not_found
D:\rawrxd\history\runoff\part_0002\c__Users_HiH8e_Downloads_RawrXD-production-lazy-init_src_masm_final-ide_theme_animation_system.asm(556) : error A2022:instruction operands must be the same size
D:\rawrxd\history\runoff\part_0002\c__Users_HiH8e_Downloads_RawrXD-production-lazy-init_src_masm_final-ide_theme_animation_system.asm(563) : error A2006:undefined symbol : stop_found
D:\rawrxd\history\runoff\part_0002\c__Users_HiH8e_Downloads_RawrXD-production-lazy-init_src_masm_final-ide_theme_animation_system.asm(566) : error A2006:undefined symbol : find_stop
D:\rawrxd\history\runoff\part_0002\c__Users_HiH8e_Downloads_RawrXD-production-lazy-init_src_masm_final-ide_theme_animation_system.asm(574) : error A2006:undefined symbol : stop_complete
D:\rawrxd\history\runoff\part_0002\c__Users_HiH8e_Downloads_RawrXD-production-lazy-init_src_masm_final-ide_theme_animation_system.asm(618) : error A2006:undefined symbol : update_complete
D:\rawrxd\history\runoff\part_0002\c__Users_HiH8e_Downloads_RawrXD-production-lazy-init_src_masm_final-ide_theme_animation_system.asm(620) : error A2022:instruction operands must be the same size
D:\rawrxd\history\runoff\part_0002\c__Users_HiH8e_Downloads_RawrXD-production-lazy-init_src_masm_final-ide_theme_animation_system.asm(628) : error A2006:undefined symbol : skip_animation
D:\rawrxd\history\runoff\part_0002\c__Users_HiH8e_Downloads_RawrXD-production-lazy-init_src_masm_final-ide_theme_animation_system.asm(631) : fatal error A1012:error count exceeds 100; stopping assembly
