 Assembling: D:\rawrxd\history\runoff\part_0002\c__Users_HiH8e_Downloads_RawrXD-production-lazy-init_src_masm_final-ide_production_systems_unified.asm
D:\rawrxd\history\runoff\part_0002\c__Users_HiH8e_Downloads_RawrXD-production-lazy-init_src_masm_final-ide_production_systems_unified.asm(166) : error A2008:syntax error : .
D:\rawrxd\history\runoff\part_0002\c__Users_HiH8e_Downloads_RawrXD-production-lazy-init_src_masm_final-ide_production_systems_unified.asm(172) : error A2008:syntax error : .
D:\rawrxd\history\runoff\part_0002\c__Users_HiH8e_Downloads_RawrXD-production-lazy-init_src_masm_final-ide_production_systems_unified.asm(243) : error A2008:syntax error : .
D:\rawrxd\history\runoff\part_0002\c__Users_HiH8e_Downloads_RawrXD-production-lazy-init_src_masm_final-ide_production_systems_unified.asm(247) : error A2008:syntax error : .
D:\rawrxd\history\runoff\part_0002\c__Users_HiH8e_Downloads_RawrXD-production-lazy-init_src_masm_final-ide_production_systems_unified.asm(316) : error A2008:syntax error : .
D:\rawrxd\history\runoff\part_0002\c__Users_HiH8e_Downloads_RawrXD-production-lazy-init_src_masm_final-ide_production_systems_unified.asm(319) : error A2008:syntax error : .
D:\rawrxd\history\runoff\part_0002\c__Users_HiH8e_Downloads_RawrXD-production-lazy-init_src_masm_final-ide_production_systems_unified.asm(352) : error A2008:syntax error : .
D:\rawrxd\history\runoff\part_0002\c__Users_HiH8e_Downloads_RawrXD-production-lazy-init_src_masm_final-ide_production_systems_unified.asm(358) : error A2008:syntax error : .
D:\rawrxd\history\runoff\part_0002\c__Users_HiH8e_Downloads_RawrXD-production-lazy-init_src_masm_final-ide_production_systems_unified.asm(363) : error A2008:syntax error : .
D:\rawrxd\history\runoff\part_0002\c__Users_HiH8e_Downloads_RawrXD-production-lazy-init_src_masm_final-ide_production_systems_unified.asm(367) : error A2008:syntax error : .
D:\rawrxd\history\runoff\part_0002\c__Users_HiH8e_Downloads_RawrXD-production-lazy-init_src_masm_final-ide_production_systems_unified.asm(442) : error A2008:syntax error : .
D:\rawrxd\history\runoff\part_0002\c__Users_HiH8e_Downloads_RawrXD-production-lazy-init_src_masm_final-ide_production_systems_unified.asm(472) : error A2008:syntax error : .
D:\rawrxd\history\runoff\part_0002\c__Users_HiH8e_Downloads_RawrXD-production-lazy-init_src_masm_final-ide_production_systems_unified.asm(571) : error A2008:syntax error : ,
D:\rawrxd\history\runoff\part_0002\c__Users_HiH8e_Downloads_RawrXD-production-lazy-init_src_masm_final-ide_production_systems_unified.asm(581) : error A2008:syntax error : .
D:\rawrxd\history\runoff\part_0002\c__Users_HiH8e_Downloads_RawrXD-production-lazy-init_src_masm_final-ide_production_systems_unified.asm(133) : error A2006:undefined symbol : already_init
D:\rawrxd\history\runoff\part_0002\c__Users_HiH8e_Downloads_RawrXD-production-lazy-init_src_masm_final-ide_production_systems_unified.asm(138) : error A2006:undefined symbol : init_failed
D:\rawrxd\history\runoff\part_0002\c__Users_HiH8e_Downloads_RawrXD-production-lazy-init_src_masm_final-ide_production_systems_unified.asm(143) : error A2006:undefined symbol : init_failed
D:\rawrxd\history\runoff\part_0002\c__Users_HiH8e_Downloads_RawrXD-production-lazy-init_src_masm_final-ide_production_systems_unified.asm(148) : error A2006:undefined symbol : init_failed
D:\rawrxd\history\runoff\part_0002\c__Users_HiH8e_Downloads_RawrXD-production-lazy-init_src_masm_final-ide_production_systems_unified.asm(155) : error A2006:undefined symbol : console_log
D:\rawrxd\history\runoff\part_0002\c__Users_HiH8e_Downloads_RawrXD-production-lazy-init_src_masm_final-ide_production_systems_unified.asm(158) : error A2006:undefined symbol : GetTickCount64
D:\rawrxd\history\runoff\part_0002\c__Users_HiH8e_Downloads_RawrXD-production-lazy-init_src_masm_final-ide_production_systems_unified.asm(208) : error A2006:undefined symbol : pipeline_queue_job
D:\rawrxd\history\runoff\part_0002\c__Users_HiH8e_Downloads_RawrXD-production-lazy-init_src_masm_final-ide_production_systems_unified.asm(238) : error A2006:undefined symbol : stage_failed
D:\rawrxd\history\runoff\part_0002\c__Users_HiH8e_Downloads_RawrXD-production-lazy-init_src_masm_final-ide_production_systems_unified.asm(240) : error A2022:instruction operands must be the same size
D:\rawrxd\history\runoff\part_0002\c__Users_HiH8e_Downloads_RawrXD-production-lazy-init_src_masm_final-ide_production_systems_unified.asm(241) : error A2006:undefined symbol : stage_done
D:\rawrxd\history\runoff\part_0002\c__Users_HiH8e_Downloads_RawrXD-production-lazy-init_src_masm_final-ide_production_systems_unified.asm(312) : error A2006:undefined symbol : track_failed
D:\rawrxd\history\runoff\part_0002\c__Users_HiH8e_Downloads_RawrXD-production-lazy-init_src_masm_final-ide_production_systems_unified.asm(314) : error A2006:undefined symbol : track_done
D:\rawrxd\history\runoff\part_0002\c__Users_HiH8e_Downloads_RawrXD-production-lazy-init_src_masm_final-ide_production_systems_unified.asm(344) : error A2006:undefined symbol : export_json
D:\rawrxd\history\runoff\part_0002\c__Users_HiH8e_Downloads_RawrXD-production-lazy-init_src_masm_final-ide_production_systems_unified.asm(347) : error A2006:undefined symbol : export_csv
D:\rawrxd\history\runoff\part_0002\c__Users_HiH8e_Downloads_RawrXD-production-lazy-init_src_masm_final-ide_production_systems_unified.asm(350) : error A2006:undefined symbol : export_prometheus
D:\rawrxd\history\runoff\part_0002\c__Users_HiH8e_Downloads_RawrXD-production-lazy-init_src_masm_final-ide_production_systems_unified.asm(356) : error A2006:undefined symbol : export_complete
D:\rawrxd\history\runoff\part_0002\c__Users_HiH8e_Downloads_RawrXD-production-lazy-init_src_masm_final-ide_production_systems_unified.asm(361) : error A2006:undefined symbol : export_complete
D:\rawrxd\history\runoff\part_0002\c__Users_HiH8e_Downloads_RawrXD-production-lazy-init_src_masm_final-ide_production_systems_unified.asm(444) : error A2006:undefined symbol : animation_complete
D:\rawrxd\history\runoff\part_0002\c__Users_HiH8e_Downloads_RawrXD-production-lazy-init_src_masm_final-ide_production_systems_unified.asm(448) : error A2022:instruction operands must be the same size
D:\rawrxd\history\runoff\part_0002\c__Users_HiH8e_Downloads_RawrXD-production-lazy-init_src_masm_final-ide_production_systems_unified.asm(470) : error A2006:undefined symbol : animate_colors
D:\rawrxd\history\runoff\part_0002\c__Users_HiH8e_Downloads_RawrXD-production-lazy-init_src_masm_final-ide_production_systems_unified.asm(503) : error A2006:undefined symbol : GetTickCount64
D:\rawrxd\history\runoff\part_0002\c__Users_HiH8e_Downloads_RawrXD-production-lazy-init_src_masm_final-ide_production_systems_unified.asm(525) : error A2022:instruction operands must be the same size
D:\rawrxd\history\runoff\part_0002\c__Users_HiH8e_Downloads_RawrXD-production-lazy-init_src_masm_final-ide_production_systems_unified.asm(526) : error A2022:instruction operands must be the same size
D:\rawrxd\history\runoff\part_0002\c__Users_HiH8e_Downloads_RawrXD-production-lazy-init_src_masm_final-ide_production_systems_unified.asm(527) : error A2022:instruction operands must be the same size
D:\rawrxd\history\runoff\part_0002\c__Users_HiH8e_Downloads_RawrXD-production-lazy-init_src_masm_final-ide_production_systems_unified.asm(531) : error A2006:undefined symbol : sprintf
D:\rawrxd\history\runoff\part_0002\c__Users_HiH8e_Downloads_RawrXD-production-lazy-init_src_masm_final-ide_production_systems_unified.asm(535) : error A2006:undefined symbol : console_log
D:\rawrxd\history\runoff\part_0002\c__Users_HiH8e_Downloads_RawrXD-production-lazy-init_src_masm_final-ide_production_systems_unified.asm(559) : error A2006:undefined symbol : already_shutdown
D:\rawrxd\history\runoff\part_0002\c__Users_HiH8e_Downloads_RawrXD-production-lazy-init_src_masm_final-ide_production_systems_unified.asm(572) : error A2006:undefined symbol : console_log
