 Assembling: D:\rawrxd\history\runoff\part_0001\c__Users_HiH8e_Downloads_RawrXD-production-lazy-init_src_masm_final-ide_cpp_to_masm_ai_chat_panel.asm
D:\rawrxd\history\runoff\part_0001\c__Users_HiH8e_Downloads_RawrXD-production-lazy-init_src_masm_final-ide_cpp_to_masm_ai_chat_panel.asm(174) : error A2008:syntax error : .
D:\rawrxd\history\runoff\part_0001\c__Users_HiH8e_Downloads_RawrXD-production-lazy-init_src_masm_final-ide_cpp_to_masm_ai_chat_panel.asm(233) : error A2008:syntax error : .
D:\rawrxd\history\runoff\part_0001\c__Users_HiH8e_Downloads_RawrXD-production-lazy-init_src_masm_final-ide_cpp_to_masm_ai_chat_panel.asm(238) : error A2008:syntax error : .
D:\rawrxd\history\runoff\part_0001\c__Users_HiH8e_Downloads_RawrXD-production-lazy-init_src_masm_final-ide_cpp_to_masm_ai_chat_panel.asm(271) : error A2008:syntax error : .
D:\rawrxd\history\runoff\part_0001\c__Users_HiH8e_Downloads_RawrXD-production-lazy-init_src_masm_final-ide_cpp_to_masm_ai_chat_panel.asm(317) : error A2008:syntax error : .
D:\rawrxd\history\runoff\part_0001\c__Users_HiH8e_Downloads_RawrXD-production-lazy-init_src_masm_final-ide_cpp_to_masm_ai_chat_panel.asm(388) : error A2008:syntax error : .
D:\rawrxd\history\runoff\part_0001\c__Users_HiH8e_Downloads_RawrXD-production-lazy-init_src_masm_final-ide_cpp_to_masm_ai_chat_panel.asm(403) : error A2008:syntax error : .
D:\rawrxd\history\runoff\part_0001\c__Users_HiH8e_Downloads_RawrXD-production-lazy-init_src_masm_final-ide_cpp_to_masm_ai_chat_panel.asm(407) : error A2008:syntax error : .
D:\rawrxd\history\runoff\part_0001\c__Users_HiH8e_Downloads_RawrXD-production-lazy-init_src_masm_final-ide_cpp_to_masm_ai_chat_panel.asm(431) : error A2008:syntax error : .
D:\rawrxd\history\runoff\part_0001\c__Users_HiH8e_Downloads_RawrXD-production-lazy-init_src_masm_final-ide_cpp_to_masm_ai_chat_panel.asm(438) : error A2008:syntax error : .
D:\rawrxd\history\runoff\part_0001\c__Users_HiH8e_Downloads_RawrXD-production-lazy-init_src_masm_final-ide_cpp_to_masm_ai_chat_panel.asm(444) : error A2008:syntax error : .
D:\rawrxd\history\runoff\part_0001\c__Users_HiH8e_Downloads_RawrXD-production-lazy-init_src_masm_final-ide_cpp_to_masm_ai_chat_panel.asm(450) : error A2008:syntax error : .
D:\rawrxd\history\runoff\part_0001\c__Users_HiH8e_Downloads_RawrXD-production-lazy-init_src_masm_final-ide_cpp_to_masm_ai_chat_panel.asm(107) : error A2009:syntax error in expression
D:\rawrxd\history\runoff\part_0001\c__Users_HiH8e_Downloads_RawrXD-production-lazy-init_src_masm_final-ide_cpp_to_masm_ai_chat_panel.asm(133) : error A2006:undefined symbol : no_room
D:\rawrxd\history\runoff\part_0001\c__Users_HiH8e_Downloads_RawrXD-production-lazy-init_src_masm_final-ide_cpp_to_masm_ai_chat_panel.asm(141) : error A2009:syntax error in expression
D:\rawrxd\history\runoff\part_0001\c__Users_HiH8e_Downloads_RawrXD-production-lazy-init_src_masm_final-ide_cpp_to_masm_ai_chat_panel.asm(162) : error A2009:syntax error in expression
D:\rawrxd\history\runoff\part_0001\c__Users_HiH8e_Downloads_RawrXD-production-lazy-init_src_masm_final-ide_cpp_to_masm_ai_chat_panel.asm(197) : error A2006:undefined symbol : no_room
D:\rawrxd\history\runoff\part_0001\c__Users_HiH8e_Downloads_RawrXD-production-lazy-init_src_masm_final-ide_cpp_to_masm_ai_chat_panel.asm(205) : error A2009:syntax error in expression
D:\rawrxd\history\runoff\part_0001\c__Users_HiH8e_Downloads_RawrXD-production-lazy-init_src_masm_final-ide_cpp_to_masm_ai_chat_panel.asm(206) : error A2009:syntax error in expression
D:\rawrxd\history\runoff\part_0001\c__Users_HiH8e_Downloads_RawrXD-production-lazy-init_src_masm_final-ide_cpp_to_masm_ai_chat_panel.asm(225) : error A2009:syntax error in expression
D:\rawrxd\history\runoff\part_0001\c__Users_HiH8e_Downloads_RawrXD-production-lazy-init_src_masm_final-ide_cpp_to_masm_ai_chat_panel.asm(228) : error A2006:undefined symbol : not_streaming
D:\rawrxd\history\runoff\part_0001\c__Users_HiH8e_Downloads_RawrXD-production-lazy-init_src_masm_final-ide_cpp_to_masm_ai_chat_panel.asm(258) : error A2006:undefined symbol : buffer_full
D:\rawrxd\history\runoff\part_0001\c__Users_HiH8e_Downloads_RawrXD-production-lazy-init_src_masm_final-ide_cpp_to_masm_ai_chat_panel.asm(296) : error A2009:syntax error in expression
D:\rawrxd\history\runoff\part_0001\c__Users_HiH8e_Downloads_RawrXD-production-lazy-init_src_masm_final-ide_cpp_to_masm_ai_chat_panel.asm(314) : error A2006:undefined symbol : skip_free
D:\rawrxd\history\runoff\part_0001\c__Users_HiH8e_Downloads_RawrXD-production-lazy-init_src_masm_final-ide_cpp_to_masm_ai_chat_panel.asm(374) : error A2009:syntax error in expression
D:\rawrxd\history\runoff\part_0001\c__Users_HiH8e_Downloads_RawrXD-production-lazy-init_src_masm_final-ide_cpp_to_masm_ai_chat_panel.asm(390) : error A2006:undefined symbol : clear_done
D:\rawrxd\history\runoff\part_0001\c__Users_HiH8e_Downloads_RawrXD-production-lazy-init_src_masm_final-ide_cpp_to_masm_ai_chat_panel.asm(398) : error A2006:undefined symbol : next_msg
D:\rawrxd\history\runoff\part_0001\c__Users_HiH8e_Downloads_RawrXD-production-lazy-init_src_masm_final-ide_cpp_to_masm_ai_chat_panel.asm(405) : error A2006:undefined symbol : clear_loop
D:\rawrxd\history\runoff\part_0001\c__Users_HiH8e_Downloads_RawrXD-production-lazy-init_src_masm_final-ide_cpp_to_masm_ai_chat_panel.asm(429) : error A2006:undefined symbol : skip_msgs
D:\rawrxd\history\runoff\part_0001\c__Users_HiH8e_Downloads_RawrXD-production-lazy-init_src_masm_final-ide_cpp_to_masm_ai_chat_panel.asm(436) : error A2006:undefined symbol : skip_stream
D:\rawrxd\history\runoff\part_0001\c__Users_HiH8e_Downloads_RawrXD-production-lazy-init_src_masm_final-ide_cpp_to_masm_ai_chat_panel.asm(442) : error A2006:undefined symbol : skip_ctx
D:\rawrxd\history\runoff\part_0001\c__Users_HiH8e_Downloads_RawrXD-production-lazy-init_src_masm_final-ide_cpp_to_masm_ai_chat_panel.asm(448) : error A2006:undefined symbol : skip_path
