 Assembling: D:\rawrxd\history\runoff\part_0001\c__Users_HiH8e_Downloads_RawrXD-production-lazy-init_src_masm_final-ide_enterprise_complete_implementation.asm
D:\rawrxd\history\runoff\part_0001\c__Users_HiH8e_Downloads_RawrXD-production-lazy-init_src_masm_final-ide_enterprise_complete_implementation.asm(342) : error A2008:syntax error : .
D:\rawrxd\history\runoff\part_0001\c__Users_HiH8e_Downloads_RawrXD-production-lazy-init_src_masm_final-ide_enterprise_complete_implementation.asm(358) : error A2008:syntax error : .
D:\rawrxd\history\runoff\part_0001\c__Users_HiH8e_Downloads_RawrXD-production-lazy-init_src_masm_final-ide_enterprise_complete_implementation.asm(362) : error A2008:syntax error : .
D:\rawrxd\history\runoff\part_0001\c__Users_HiH8e_Downloads_RawrXD-production-lazy-init_src_masm_final-ide_enterprise_complete_implementation.asm(403) : error A2008:syntax error : .
D:\rawrxd\history\runoff\part_0001\c__Users_HiH8e_Downloads_RawrXD-production-lazy-init_src_masm_final-ide_enterprise_complete_implementation.asm(410) : error A2008:syntax error : .
D:\rawrxd\history\runoff\part_0001\c__Users_HiH8e_Downloads_RawrXD-production-lazy-init_src_masm_final-ide_enterprise_complete_implementation.asm(434) : error A2008:syntax error : .
D:\rawrxd\history\runoff\part_0001\c__Users_HiH8e_Downloads_RawrXD-production-lazy-init_src_masm_final-ide_enterprise_complete_implementation.asm(439) : error A2008:syntax error : .
D:\rawrxd\history\runoff\part_0001\c__Users_HiH8e_Downloads_RawrXD-production-lazy-init_src_masm_final-ide_enterprise_complete_implementation.asm(448) : error A2008:syntax error : .
D:\rawrxd\history\runoff\part_0001\c__Users_HiH8e_Downloads_RawrXD-production-lazy-init_src_masm_final-ide_enterprise_complete_implementation.asm(460) : error A2008:syntax error : .
D:\rawrxd\history\runoff\part_0001\c__Users_HiH8e_Downloads_RawrXD-production-lazy-init_src_masm_final-ide_enterprise_complete_implementation.asm(469) : error A2008:syntax error : .
D:\rawrxd\history\runoff\part_0001\c__Users_HiH8e_Downloads_RawrXD-production-lazy-init_src_masm_final-ide_enterprise_complete_implementation.asm(494) : error A2008:syntax error : .
D:\rawrxd\history\runoff\part_0001\c__Users_HiH8e_Downloads_RawrXD-production-lazy-init_src_masm_final-ide_enterprise_complete_implementation.asm(522) : error A2070:invalid instruction operands
D:\rawrxd\history\runoff\part_0001\c__Users_HiH8e_Downloads_RawrXD-production-lazy-init_src_masm_final-ide_enterprise_complete_implementation.asm(531) : error A2008:syntax error : .
D:\rawrxd\history\runoff\part_0001\c__Users_HiH8e_Downloads_RawrXD-production-lazy-init_src_masm_final-ide_enterprise_complete_implementation.asm(533) : error A2070:invalid instruction operands
D:\rawrxd\history\runoff\part_0001\c__Users_HiH8e_Downloads_RawrXD-production-lazy-init_src_masm_final-ide_enterprise_complete_implementation.asm(541) : error A2070:invalid instruction operands
D:\rawrxd\history\runoff\part_0001\c__Users_HiH8e_Downloads_RawrXD-production-lazy-init_src_masm_final-ide_enterprise_complete_implementation.asm(546) : error A2070:invalid instruction operands
D:\rawrxd\history\runoff\part_0001\c__Users_HiH8e_Downloads_RawrXD-production-lazy-init_src_masm_final-ide_enterprise_complete_implementation.asm(551) : error A2070:invalid instruction operands
D:\rawrxd\history\runoff\part_0001\c__Users_HiH8e_Downloads_RawrXD-production-lazy-init_src_masm_final-ide_enterprise_complete_implementation.asm(563) : error A2008:syntax error : .
D:\rawrxd\history\runoff\part_0001\c__Users_HiH8e_Downloads_RawrXD-production-lazy-init_src_masm_final-ide_enterprise_complete_implementation.asm(567) : error A2008:syntax error : .
D:\rawrxd\history\runoff\part_0001\c__Users_HiH8e_Downloads_RawrXD-production-lazy-init_src_masm_final-ide_enterprise_complete_implementation.asm(571) : error A2008:syntax error : .
D:\rawrxd\history\runoff\part_0001\c__Users_HiH8e_Downloads_RawrXD-production-lazy-init_src_masm_final-ide_enterprise_complete_implementation.asm(575) : error A2008:syntax error : .
D:\rawrxd\history\runoff\part_0001\c__Users_HiH8e_Downloads_RawrXD-production-lazy-init_src_masm_final-ide_enterprise_complete_implementation.asm(578) : error A2008:syntax error : .
D:\rawrxd\history\runoff\part_0001\c__Users_HiH8e_Downloads_RawrXD-production-lazy-init_src_masm_final-ide_enterprise_complete_implementation.asm(617) : error A2008:syntax error : .
D:\rawrxd\history\runoff\part_0001\c__Users_HiH8e_Downloads_RawrXD-production-lazy-init_src_masm_final-ide_enterprise_complete_implementation.asm(684) : error A2008:syntax error : .
D:\rawrxd\history\runoff\part_0001\c__Users_HiH8e_Downloads_RawrXD-production-lazy-init_src_masm_final-ide_enterprise_complete_implementation.asm(688) : error A2008:syntax error : .
D:\rawrxd\history\runoff\part_0001\c__Users_HiH8e_Downloads_RawrXD-production-lazy-init_src_masm_final-ide_enterprise_complete_implementation.asm(724) : error A2070:invalid instruction operands
D:\rawrxd\history\runoff\part_0001\c__Users_HiH8e_Downloads_RawrXD-production-lazy-init_src_masm_final-ide_enterprise_complete_implementation.asm(730) : error A2070:invalid instruction operands
D:\rawrxd\history\runoff\part_0001\c__Users_HiH8e_Downloads_RawrXD-production-lazy-init_src_masm_final-ide_enterprise_complete_implementation.asm(736) : error A2070:invalid instruction operands
D:\rawrxd\history\runoff\part_0001\c__Users_HiH8e_Downloads_RawrXD-production-lazy-init_src_masm_final-ide_enterprise_complete_implementation.asm(742) : error A2070:invalid instruction operands
D:\rawrxd\history\runoff\part_0001\c__Users_HiH8e_Downloads_RawrXD-production-lazy-init_src_masm_final-ide_enterprise_complete_implementation.asm(748) : error A2070:invalid instruction operands
D:\rawrxd\history\runoff\part_0001\c__Users_HiH8e_Downloads_RawrXD-production-lazy-init_src_masm_final-ide_enterprise_complete_implementation.asm(754) : error A2070:invalid instruction operands
D:\rawrxd\history\runoff\part_0001\c__Users_HiH8e_Downloads_RawrXD-production-lazy-init_src_masm_final-ide_enterprise_complete_implementation.asm(760) : error A2070:invalid instruction operands
D:\rawrxd\history\runoff\part_0001\c__Users_HiH8e_Downloads_RawrXD-production-lazy-init_src_masm_final-ide_enterprise_complete_implementation.asm(850) : error A2008:syntax error : .
D:\rawrxd\history\runoff\part_0001\c__Users_HiH8e_Downloads_RawrXD-production-lazy-init_src_masm_final-ide_enterprise_complete_implementation.asm(873) : error A2008:syntax error : .
D:\rawrxd\history\runoff\part_0001\c__Users_HiH8e_Downloads_RawrXD-production-lazy-init_src_masm_final-ide_enterprise_complete_implementation.asm(890) : error A2008:syntax error : .
D:\rawrxd\history\runoff\part_0001\c__Users_HiH8e_Downloads_RawrXD-production-lazy-init_src_masm_final-ide_enterprise_complete_implementation.asm(907) : error A2008:syntax error : .
D:\rawrxd\history\runoff\part_0001\c__Users_HiH8e_Downloads_RawrXD-production-lazy-init_src_masm_final-ide_enterprise_complete_implementation.asm(947) : error A2008:syntax error : .
D:\rawrxd\history\runoff\part_0001\c__Users_HiH8e_Downloads_RawrXD-production-lazy-init_src_masm_final-ide_enterprise_complete_implementation.asm(965) : error A2008:syntax error : .
D:\rawrxd\history\runoff\part_0001\c__Users_HiH8e_Downloads_RawrXD-production-lazy-init_src_masm_final-ide_enterprise_complete_implementation.asm(979) : error A2008:syntax error : .
D:\rawrxd\history\runoff\part_0001\c__Users_HiH8e_Downloads_RawrXD-production-lazy-init_src_masm_final-ide_enterprise_complete_implementation.asm(989) : error A2008:syntax error : .
D:\rawrxd\history\runoff\part_0001\c__Users_HiH8e_Downloads_RawrXD-production-lazy-init_src_masm_final-ide_enterprise_complete_implementation.asm(1001) : error A2008:syntax error : .
D:\rawrxd\history\runoff\part_0001\c__Users_HiH8e_Downloads_RawrXD-production-lazy-init_src_masm_final-ide_enterprise_complete_implementation.asm(1007) : error A2008:syntax error : .
D:\rawrxd\history\runoff\part_0001\c__Users_HiH8e_Downloads_RawrXD-production-lazy-init_src_masm_final-ide_enterprise_complete_implementation.asm(1008) : error A2008:syntax error : .
D:\rawrxd\history\runoff\part_0001\c__Users_HiH8e_Downloads_RawrXD-production-lazy-init_src_masm_final-ide_enterprise_complete_implementation.asm(1012) : error A2008:syntax error : .
D:\rawrxd\history\runoff\part_0001\c__Users_HiH8e_Downloads_RawrXD-production-lazy-init_src_masm_final-ide_enterprise_complete_implementation.asm(1019) : error A2008:syntax error : .
D:\rawrxd\history\runoff\part_0001\c__Users_HiH8e_Downloads_RawrXD-production-lazy-init_src_masm_final-ide_enterprise_complete_implementation.asm(1023) : error A2008:syntax error : .
D:\rawrxd\history\runoff\part_0001\c__Users_HiH8e_Downloads_RawrXD-production-lazy-init_src_masm_final-ide_enterprise_complete_implementation.asm(1042) : error A2008:syntax error : .
D:\rawrxd\history\runoff\part_0001\c__Users_HiH8e_Downloads_RawrXD-production-lazy-init_src_masm_final-ide_enterprise_complete_implementation.asm(1053) : error A2008:syntax error : .
D:\rawrxd\history\runoff\part_0001\c__Users_HiH8e_Downloads_RawrXD-production-lazy-init_src_masm_final-ide_enterprise_complete_implementation.asm(1059) : error A2008:syntax error : .
D:\rawrxd\history\runoff\part_0001\c__Users_HiH8e_Downloads_RawrXD-production-lazy-init_src_masm_final-ide_enterprise_complete_implementation.asm(1067) : error A2008:syntax error : .
D:\rawrxd\history\runoff\part_0001\c__Users_HiH8e_Downloads_RawrXD-production-lazy-init_src_masm_final-ide_enterprise_complete_implementation.asm(1140) : error A2008:syntax error : .
D:\rawrxd\history\runoff\part_0001\c__Users_HiH8e_Downloads_RawrXD-production-lazy-init_src_masm_final-ide_enterprise_complete_implementation.asm(1151) : error A2008:syntax error : .
D:\rawrxd\history\runoff\part_0001\c__Users_HiH8e_Downloads_RawrXD-production-lazy-init_src_masm_final-ide_enterprise_complete_implementation.asm(1156) : error A2008:syntax error : .
D:\rawrxd\history\runoff\part_0001\c__Users_HiH8e_Downloads_RawrXD-production-lazy-init_src_masm_final-ide_enterprise_complete_implementation.asm(1160) : error A2008:syntax error : .
D:\rawrxd\history\runoff\part_0001\c__Users_HiH8e_Downloads_RawrXD-production-lazy-init_src_masm_final-ide_enterprise_complete_implementation.asm(1171) : error A2008:syntax error : .
D:\rawrxd\history\runoff\part_0001\c__Users_HiH8e_Downloads_RawrXD-production-lazy-init_src_masm_final-ide_enterprise_complete_implementation.asm(1182) : error A2008:syntax error : .
D:\rawrxd\history\runoff\part_0001\c__Users_HiH8e_Downloads_RawrXD-production-lazy-init_src_masm_final-ide_enterprise_complete_implementation.asm(1186) : error A2008:syntax error : .
D:\rawrxd\history\runoff\part_0001\c__Users_HiH8e_Downloads_RawrXD-production-lazy-init_src_masm_final-ide_enterprise_complete_implementation.asm(1196) : error A2008:syntax error : .
D:\rawrxd\history\runoff\part_0001\c__Users_HiH8e_Downloads_RawrXD-production-lazy-init_src_masm_final-ide_enterprise_complete_implementation.asm(1207) : error A2008:syntax error : .
D:\rawrxd\history\runoff\part_0001\c__Users_HiH8e_Downloads_RawrXD-production-lazy-init_src_masm_final-ide_enterprise_complete_implementation.asm(1212) : error A2008:syntax error : .
D:\rawrxd\history\runoff\part_0001\c__Users_HiH8e_Downloads_RawrXD-production-lazy-init_src_masm_final-ide_enterprise_complete_implementation.asm(1249) : error A2008:syntax error : .
D:\rawrxd\history\runoff\part_0001\c__Users_HiH8e_Downloads_RawrXD-production-lazy-init_src_masm_final-ide_enterprise_complete_implementation.asm(1267) : error A2008:syntax error : .
D:\rawrxd\history\runoff\part_0001\c__Users_HiH8e_Downloads_RawrXD-production-lazy-init_src_masm_final-ide_enterprise_complete_implementation.asm(1272) : error A2008:syntax error : .
D:\rawrxd\history\runoff\part_0001\c__Users_HiH8e_Downloads_RawrXD-production-lazy-init_src_masm_final-ide_enterprise_complete_implementation.asm(1320) : error A2008:syntax error : .
D:\rawrxd\history\runoff\part_0001\c__Users_HiH8e_Downloads_RawrXD-production-lazy-init_src_masm_final-ide_enterprise_complete_implementation.asm(1324) : error A2008:syntax error : .
D:\rawrxd\history\runoff\part_0001\c__Users_HiH8e_Downloads_RawrXD-production-lazy-init_src_masm_final-ide_enterprise_complete_implementation.asm(1328) : error A2008:syntax error : .
D:\rawrxd\history\runoff\part_0001\c__Users_HiH8e_Downloads_RawrXD-production-lazy-init_src_masm_final-ide_enterprise_complete_implementation.asm(1331) : error A2008:syntax error : .
D:\rawrxd\history\runoff\part_0001\c__Users_HiH8e_Downloads_RawrXD-production-lazy-init_src_masm_final-ide_enterprise_complete_implementation.asm(1376) : error A2008:syntax error : .
D:\rawrxd\history\runoff\part_0001\c__Users_HiH8e_Downloads_RawrXD-production-lazy-init_src_masm_final-ide_enterprise_complete_implementation.asm(1421) : error A2008:syntax error : .
D:\rawrxd\history\runoff\part_0001\c__Users_HiH8e_Downloads_RawrXD-production-lazy-init_src_masm_final-ide_enterprise_complete_implementation.asm(1434) : error A2008:syntax error : .
D:\rawrxd\history\runoff\part_0001\c__Users_HiH8e_Downloads_RawrXD-production-lazy-init_src_masm_final-ide_enterprise_complete_implementation.asm(1438) : error A2008:syntax error : .
D:\rawrxd\history\runoff\part_0001\c__Users_HiH8e_Downloads_RawrXD-production-lazy-init_src_masm_final-ide_enterprise_complete_implementation.asm(1448) : error A2008:syntax error : .
D:\rawrxd\history\runoff\part_0001\c__Users_HiH8e_Downloads_RawrXD-production-lazy-init_src_masm_final-ide_enterprise_complete_implementation.asm(1461) : error A2008:syntax error : .
D:\rawrxd\history\runoff\part_0001\c__Users_HiH8e_Downloads_RawrXD-production-lazy-init_src_masm_final-ide_enterprise_complete_implementation.asm(297) : error A2006:undefined symbol : CreateMutexA
D:\rawrxd\history\runoff\part_0001\c__Users_HiH8e_Downloads_RawrXD-production-lazy-init_src_masm_final-ide_enterprise_complete_implementation.asm(305) : error A2006:undefined symbol : SetTimer
D:\rawrxd\history\runoff\part_0001\c__Users_HiH8e_Downloads_RawrXD-production-lazy-init_src_masm_final-ide_enterprise_complete_implementation.asm(310) : error A2006:undefined symbol : GetTickCount64
D:\rawrxd\history\runoff\part_0001\c__Users_HiH8e_Downloads_RawrXD-production-lazy-init_src_masm_final-ide_enterprise_complete_implementation.asm(328) : error A2006:undefined symbol : GetTickCount64
D:\rawrxd\history\runoff\part_0001\c__Users_HiH8e_Downloads_RawrXD-production-lazy-init_src_masm_final-ide_enterprise_complete_implementation.asm(343) : error A2022:instruction operands must be the same size
D:\rawrxd\history\runoff\part_0001\c__Users_HiH8e_Downloads_RawrXD-production-lazy-init_src_masm_final-ide_enterprise_complete_implementation.asm(344) : error A2006:undefined symbol : anim_process_done
D:\rawrxd\history\runoff\part_0001\c__Users_HiH8e_Downloads_RawrXD-production-lazy-init_src_masm_final-ide_enterprise_complete_implementation.asm(347) : error A2083:invalid scale value
D:\rawrxd\history\runoff\part_0001\c__Users_HiH8e_Downloads_RawrXD-production-lazy-init_src_masm_final-ide_enterprise_complete_implementation.asm(351) : error A2006:undefined symbol : anim_process_next
D:\rawrxd\history\runoff\part_0001\c__Users_HiH8e_Downloads_RawrXD-production-lazy-init_src_masm_final-ide_enterprise_complete_implementation.asm(360) : error A2006:undefined symbol : anim_process_loop
D:\rawrxd\history\runoff\part_0001\c__Users_HiH8e_Downloads_RawrXD-production-lazy-init_src_masm_final-ide_enterprise_complete_implementation.asm(389) : error A2006:undefined symbol : still_animating
D:\rawrxd\history\runoff\part_0001\c__Users_HiH8e_Downloads_RawrXD-production-lazy-init_src_masm_final-ide_enterprise_complete_implementation.asm(398) : error A2006:undefined symbol : skip_callback
D:\rawrxd\history\runoff\part_0001\c__Users_HiH8e_Downloads_RawrXD-production-lazy-init_src_masm_final-ide_enterprise_complete_implementation.asm(426) : error A2006:undefined symbol : linear_easing
D:\rawrxd\history\runoff\part_0001\c__Users_HiH8e_Downloads_RawrXD-production-lazy-init_src_masm_final-ide_enterprise_complete_implementation.asm(428) : error A2006:undefined symbol : ease_in
D:\rawrxd\history\runoff\part_0001\c__Users_HiH8e_Downloads_RawrXD-production-lazy-init_src_masm_final-ide_enterprise_complete_implementation.asm(430) : error A2006:undefined symbol : ease_out
D:\rawrxd\history\runoff\part_0001\c__Users_HiH8e_Downloads_RawrXD-production-lazy-init_src_masm_final-ide_enterprise_complete_implementation.asm(432) : error A2006:undefined symbol : ease_in_out
D:\rawrxd\history\runoff\part_0001\c__Users_HiH8e_Downloads_RawrXD-production-lazy-init_src_masm_final-ide_enterprise_complete_implementation.asm(437) : error A2006:undefined symbol : easing_done
D:\rawrxd\history\runoff\part_0001\c__Users_HiH8e_Downloads_RawrXD-production-lazy-init_src_masm_final-ide_enterprise_complete_implementation.asm(446) : error A2006:undefined symbol : easing_done
D:\rawrxd\history\runoff\part_0001\c__Users_HiH8e_Downloads_RawrXD-production-lazy-init_src_masm_final-ide_enterprise_complete_implementation.asm(458) : error A2006:undefined symbol : easing_done
D:\rawrxd\history\runoff\part_0001\c__Users_HiH8e_Downloads_RawrXD-production-lazy-init_src_masm_final-ide_enterprise_complete_implementation.asm(486) : error A2006:undefined symbol : no_hwnd_update
D:\rawrxd\history\runoff\part_0001\c__Users_HiH8e_Downloads_RawrXD-production-lazy-init_src_masm_final-ide_enterprise_complete_implementation.asm(489) : error A2006:undefined symbol : WM_PAINT
D:\rawrxd\history\runoff\part_0001\c__Users_HiH8e_Downloads_RawrXD-production-lazy-init_src_masm_final-ide_enterprise_complete_implementation.asm(492) : error A2006:undefined symbol : SendMessageA
D:\rawrxd\history\runoff\part_0001\c__Users_HiH8e_Downloads_RawrXD-production-lazy-init_src_masm_final-ide_enterprise_complete_implementation.asm(525) : error A2006:undefined symbol : duration_not_found
D:\rawrxd\history\runoff\part_0001\c__Users_HiH8e_Downloads_RawrXD-production-lazy-init_src_masm_final-ide_enterprise_complete_implementation.asm(536) : error A2006:undefined symbol : easing_not_found
D:\rawrxd\history\runoff\part_0001\c__Users_HiH8e_Downloads_RawrXD-production-lazy-init_src_masm_final-ide_enterprise_complete_implementation.asm(540) : error A2022:instruction operands must be the same size
D:\rawrxd\history\runoff\part_0001\c__Users_HiH8e_Downloads_RawrXD-production-lazy-init_src_masm_final-ide_enterprise_complete_implementation.asm(544) : error A2006:undefined symbol : set_linear
D:\rawrxd\history\runoff\part_0001\c__Users_HiH8e_Downloads_RawrXD-production-lazy-init_src_masm_final-ide_enterprise_complete_implementation.asm(549) : error A2006:undefined symbol : set_ease_in
D:\rawrxd\history\runoff\part_0001\c__Users_HiH8e_Downloads_RawrXD-production-lazy-init_src_masm_final-ide_enterprise_complete_implementation.asm(554) : error A2006:undefined symbol : set_ease_out
D:\rawrxd\history\runoff\part_0001\c__Users_HiH8e_Downloads_RawrXD-production-lazy-init_src_masm_final-ide_enterprise_complete_implementation.asm(556) : fatal error A1012:error count exceeds 100; stopping assembly
