 Assembling: D:\rawrxd\history\runoff\part_0002\c__Users_HiH8e_Downloads_RawrXD-production-lazy-init_src_masm_final-ide_ml_tensor_debugger_complete.asm
D:\rawrxd\history\runoff\part_0002\c__Users_HiH8e_Downloads_RawrXD-production-lazy-init_src_masm_final-ide_ml_tensor_debugger_complete.asm(195) : error A2008:syntax error : hWindow
D:\rawrxd\history\runoff\part_0002\c__Users_HiH8e_Downloads_RawrXD-production-lazy-init_src_masm_final-ide_ml_tensor_debugger_complete.asm(196) : error A2008:syntax error : hTensorListView
D:\rawrxd\history\runoff\part_0002\c__Users_HiH8e_Downloads_RawrXD-production-lazy-init_src_masm_final-ide_ml_tensor_debugger_complete.asm(197) : error A2008:syntax error : hGraphView
D:\rawrxd\history\runoff\part_0002\c__Users_HiH8e_Downloads_RawrXD-production-lazy-init_src_masm_final-ide_ml_tensor_debugger_complete.asm(198) : error A2008:syntax error : hMemoryChart
D:\rawrxd\history\runoff\part_0002\c__Users_HiH8e_Downloads_RawrXD-production-lazy-init_src_masm_final-ide_ml_tensor_debugger_complete.asm(199) : error A2008:syntax error : hDetailPanel
D:\rawrxd\history\runoff\part_0002\c__Users_HiH8e_Downloads_RawrXD-production-lazy-init_src_masm_final-ide_ml_tensor_debugger_complete.asm(200) : error A2008:syntax error : hOutputLog
D:\rawrxd\history\runoff\part_0002\c__Users_HiH8e_Downloads_RawrXD-production-lazy-init_src_masm_final-ide_ml_tensor_debugger_complete.asm(226) : error A2008:syntax error : hMutex
D:\rawrxd\history\runoff\part_0002\c__Users_HiH8e_Downloads_RawrXD-production-lazy-init_src_masm_final-ide_ml_tensor_debugger_complete.asm(227) : error A2008:syntax error : hProfiler
D:\rawrxd\history\runoff\part_0002\c__Users_HiH8e_Downloads_RawrXD-production-lazy-init_src_masm_final-ide_ml_tensor_debugger_complete.asm(284) : error A2006:undefined symbol : CreateMutexA
D:\rawrxd\history\runoff\part_0002\c__Users_HiH8e_Downloads_RawrXD-production-lazy-init_src_masm_final-ide_ml_tensor_debugger_complete.asm(285) : error A2006:undefined symbol : hMutex
D:\rawrxd\history\runoff\part_0002\c__Users_HiH8e_Downloads_RawrXD-production-lazy-init_src_masm_final-ide_ml_tensor_debugger_complete.asm(302) : error A2006:undefined symbol : hMutex
D:\rawrxd\history\runoff\part_0002\c__Users_HiH8e_Downloads_RawrXD-production-lazy-init_src_masm_final-ide_ml_tensor_debugger_complete.asm(338) : error A2006:undefined symbol : WS_CHILD
D:\rawrxd\history\runoff\part_0002\c__Users_HiH8e_Downloads_RawrXD-production-lazy-init_src_masm_final-ide_ml_tensor_debugger_complete.asm(340) : error A2006:undefined symbol : CreateWindowExA
D:\rawrxd\history\runoff\part_0002\c__Users_HiH8e_Downloads_RawrXD-production-lazy-init_src_masm_final-ide_ml_tensor_debugger_complete.asm(341) : error A2006:undefined symbol : hWindow
D:\rawrxd\history\runoff\part_0002\c__Users_HiH8e_Downloads_RawrXD-production-lazy-init_src_masm_final-ide_ml_tensor_debugger_complete.asm(351) : error A2006:undefined symbol : hWindow
D:\rawrxd\history\runoff\part_0002\c__Users_HiH8e_Downloads_RawrXD-production-lazy-init_src_masm_final-ide_ml_tensor_debugger_complete.asm(370) : error A2006:undefined symbol : hMutex
D:\rawrxd\history\runoff\part_0002\c__Users_HiH8e_Downloads_RawrXD-production-lazy-init_src_masm_final-ide_ml_tensor_debugger_complete.asm(371) : error A2006:undefined symbol : WaitForSingleObject
D:\rawrxd\history\runoff\part_0002\c__Users_HiH8e_Downloads_RawrXD-production-lazy-init_src_masm_final-ide_ml_tensor_debugger_complete.asm(389) : error A2006:undefined symbol : hMutex
D:\rawrxd\history\runoff\part_0002\c__Users_HiH8e_Downloads_RawrXD-production-lazy-init_src_masm_final-ide_ml_tensor_debugger_complete.asm(390) : error A2006:undefined symbol : ReleaseMutex
D:\rawrxd\history\runoff\part_0002\c__Users_HiH8e_Downloads_RawrXD-production-lazy-init_src_masm_final-ide_ml_tensor_debugger_complete.asm(406) : error A2006:undefined symbol : hMutex
D:\rawrxd\history\runoff\part_0002\c__Users_HiH8e_Downloads_RawrXD-production-lazy-init_src_masm_final-ide_ml_tensor_debugger_complete.asm(407) : error A2006:undefined symbol : WaitForSingleObject
D:\rawrxd\history\runoff\part_0002\c__Users_HiH8e_Downloads_RawrXD-production-lazy-init_src_masm_final-ide_ml_tensor_debugger_complete.asm(420) : error A2006:undefined symbol : hMutex
D:\rawrxd\history\runoff\part_0002\c__Users_HiH8e_Downloads_RawrXD-production-lazy-init_src_masm_final-ide_ml_tensor_debugger_complete.asm(421) : error A2006:undefined symbol : ReleaseMutex
D:\rawrxd\history\runoff\part_0002\c__Users_HiH8e_Downloads_RawrXD-production-lazy-init_src_masm_final-ide_ml_tensor_debugger_complete.asm(442) : error A2006:undefined symbol : hMutex
D:\rawrxd\history\runoff\part_0002\c__Users_HiH8e_Downloads_RawrXD-production-lazy-init_src_masm_final-ide_ml_tensor_debugger_complete.asm(443) : error A2006:undefined symbol : WaitForSingleObject
D:\rawrxd\history\runoff\part_0002\c__Users_HiH8e_Downloads_RawrXD-production-lazy-init_src_masm_final-ide_ml_tensor_debugger_complete.asm(492) : error A2006:undefined symbol : hMutex
D:\rawrxd\history\runoff\part_0002\c__Users_HiH8e_Downloads_RawrXD-production-lazy-init_src_masm_final-ide_ml_tensor_debugger_complete.asm(493) : error A2006:undefined symbol : ReleaseMutex
D:\rawrxd\history\runoff\part_0002\c__Users_HiH8e_Downloads_RawrXD-production-lazy-init_src_masm_final-ide_ml_tensor_debugger_complete.asm(512) : error A2006:undefined symbol : hMutex
D:\rawrxd\history\runoff\part_0002\c__Users_HiH8e_Downloads_RawrXD-production-lazy-init_src_masm_final-ide_ml_tensor_debugger_complete.asm(513) : error A2006:undefined symbol : WaitForSingleObject
D:\rawrxd\history\runoff\part_0002\c__Users_HiH8e_Downloads_RawrXD-production-lazy-init_src_masm_final-ide_ml_tensor_debugger_complete.asm(541) : error A2006:undefined symbol : hMutex
D:\rawrxd\history\runoff\part_0002\c__Users_HiH8e_Downloads_RawrXD-production-lazy-init_src_masm_final-ide_ml_tensor_debugger_complete.asm(542) : error A2006:undefined symbol : ReleaseMutex
D:\rawrxd\history\runoff\part_0002\c__Users_HiH8e_Downloads_RawrXD-production-lazy-init_src_masm_final-ide_ml_tensor_debugger_complete.asm(560) : error A2006:undefined symbol : hMutex
D:\rawrxd\history\runoff\part_0002\c__Users_HiH8e_Downloads_RawrXD-production-lazy-init_src_masm_final-ide_ml_tensor_debugger_complete.asm(561) : error A2006:undefined symbol : WaitForSingleObject
D:\rawrxd\history\runoff\part_0002\c__Users_HiH8e_Downloads_RawrXD-production-lazy-init_src_masm_final-ide_ml_tensor_debugger_complete.asm(583) : error A2006:undefined symbol : hMutex
D:\rawrxd\history\runoff\part_0002\c__Users_HiH8e_Downloads_RawrXD-production-lazy-init_src_masm_final-ide_ml_tensor_debugger_complete.asm(584) : error A2006:undefined symbol : ReleaseMutex
D:\rawrxd\history\runoff\part_0002\c__Users_HiH8e_Downloads_RawrXD-production-lazy-init_src_masm_final-ide_ml_tensor_debugger_complete.asm(692) : error A2006:undefined symbol : GetSystemTimeAsFileTime
D:\rawrxd\history\runoff\part_0002\c__Users_HiH8e_Downloads_RawrXD-production-lazy-init_src_masm_final-ide_ml_tensor_debugger_complete.asm(241) : error A2206:missing operator in expression
