 Assembling: D:\rawrxd\history\runoff\part_0004\c__Users_HiH8e_OneDrive_Desktop_Powershield_RawrXD-ModelLoader_kernels_gemm_kernel.asm
D:\rawrxd\history\runoff\part_0004\c__Users_HiH8e_OneDrive_Desktop_Powershield_RawrXD-ModelLoader_kernels_gemm_kernel.asm(16) : error A2008:syntax error : section
D:\rawrxd\history\runoff\part_0004\c__Users_HiH8e_OneDrive_Desktop_Powershield_RawrXD-ModelLoader_kernels_gemm_kernel.asm(17) : error A2008:syntax error : global
D:\rawrxd\history\runoff\part_0004\c__Users_HiH8e_OneDrive_Desktop_Powershield_RawrXD-ModelLoader_kernels_gemm_kernel.asm(19) : error A2034:must be in segment block
D:\rawrxd\history\runoff\part_0004\c__Users_HiH8e_OneDrive_Desktop_Powershield_RawrXD-ModelLoader_kernels_gemm_kernel.asm(20) : error A2034:must be in segment block
D:\rawrxd\history\runoff\part_0004\c__Users_HiH8e_OneDrive_Desktop_Powershield_RawrXD-ModelLoader_kernels_gemm_kernel.asm(21) : error A2034:must be in segment block
D:\rawrxd\history\runoff\part_0004\c__Users_HiH8e_OneDrive_Desktop_Powershield_RawrXD-ModelLoader_kernels_gemm_kernel.asm(22) : error A2034:must be in segment block
D:\rawrxd\history\runoff\part_0004\c__Users_HiH8e_OneDrive_Desktop_Powershield_RawrXD-ModelLoader_kernels_gemm_kernel.asm(23) : error A2034:must be in segment block
D:\rawrxd\history\runoff\part_0004\c__Users_HiH8e_OneDrive_Desktop_Powershield_RawrXD-ModelLoader_kernels_gemm_kernel.asm(24) : error A2034:must be in segment block
D:\rawrxd\history\runoff\part_0004\c__Users_HiH8e_OneDrive_Desktop_Powershield_RawrXD-ModelLoader_kernels_gemm_kernel.asm(25) : error A2034:must be in segment block
D:\rawrxd\history\runoff\part_0004\c__Users_HiH8e_OneDrive_Desktop_Powershield_RawrXD-ModelLoader_kernels_gemm_kernel.asm(26) : error A2034:must be in segment block
D:\rawrxd\history\runoff\part_0004\c__Users_HiH8e_OneDrive_Desktop_Powershield_RawrXD-ModelLoader_kernels_gemm_kernel.asm(29) : error A2034:must be in segment block
D:\rawrxd\history\runoff\part_0004\c__Users_HiH8e_OneDrive_Desktop_Powershield_RawrXD-ModelLoader_kernels_gemm_kernel.asm(30) : error A2034:must be in segment block
D:\rawrxd\history\runoff\part_0004\c__Users_HiH8e_OneDrive_Desktop_Powershield_RawrXD-ModelLoader_kernels_gemm_kernel.asm(31) : error A2034:must be in segment block
D:\rawrxd\history\runoff\part_0004\c__Users_HiH8e_OneDrive_Desktop_Powershield_RawrXD-ModelLoader_kernels_gemm_kernel.asm(33) : error A2034:must be in segment block
D:\rawrxd\history\runoff\part_0004\c__Users_HiH8e_OneDrive_Desktop_Powershield_RawrXD-ModelLoader_kernels_gemm_kernel.asm(35) : error A2008:syntax error : .
D:\rawrxd\history\runoff\part_0004\c__Users_HiH8e_OneDrive_Desktop_Powershield_RawrXD-ModelLoader_kernels_gemm_kernel.asm(36) : error A2034:must be in segment block
D:\rawrxd\history\runoff\part_0004\c__Users_HiH8e_OneDrive_Desktop_Powershield_RawrXD-ModelLoader_kernels_gemm_kernel.asm(37) : error A2034:must be in segment block
D:\rawrxd\history\runoff\part_0004\c__Users_HiH8e_OneDrive_Desktop_Powershield_RawrXD-ModelLoader_kernels_gemm_kernel.asm(39) : error A2034:must be in segment block
D:\rawrxd\history\runoff\part_0004\c__Users_HiH8e_OneDrive_Desktop_Powershield_RawrXD-ModelLoader_kernels_gemm_kernel.asm(41) : error A2008:syntax error : .
D:\rawrxd\history\runoff\part_0004\c__Users_HiH8e_OneDrive_Desktop_Powershield_RawrXD-ModelLoader_kernels_gemm_kernel.asm(42) : error A2034:must be in segment block
D:\rawrxd\history\runoff\part_0004\c__Users_HiH8e_OneDrive_Desktop_Powershield_RawrXD-ModelLoader_kernels_gemm_kernel.asm(43) : error A2034:must be in segment block
D:\rawrxd\history\runoff\part_0004\c__Users_HiH8e_OneDrive_Desktop_Powershield_RawrXD-ModelLoader_kernels_gemm_kernel.asm(45) : error A2034:must be in segment block
D:\rawrxd\history\runoff\part_0004\c__Users_HiH8e_OneDrive_Desktop_Powershield_RawrXD-ModelLoader_kernels_gemm_kernel.asm(46) : error A2034:must be in segment block
D:\rawrxd\history\runoff\part_0004\c__Users_HiH8e_OneDrive_Desktop_Powershield_RawrXD-ModelLoader_kernels_gemm_kernel.asm(48) : error A2008:syntax error : .
D:\rawrxd\history\runoff\part_0004\c__Users_HiH8e_OneDrive_Desktop_Powershield_RawrXD-ModelLoader_kernels_gemm_kernel.asm(49) : error A2034:must be in segment block
D:\rawrxd\history\runoff\part_0004\c__Users_HiH8e_OneDrive_Desktop_Powershield_RawrXD-ModelLoader_kernels_gemm_kernel.asm(50) : error A2034:must be in segment block
D:\rawrxd\history\runoff\part_0004\c__Users_HiH8e_OneDrive_Desktop_Powershield_RawrXD-ModelLoader_kernels_gemm_kernel.asm(53) : error A2034:must be in segment block
D:\rawrxd\history\runoff\part_0004\c__Users_HiH8e_OneDrive_Desktop_Powershield_RawrXD-ModelLoader_kernels_gemm_kernel.asm(54) : error A2034:must be in segment block
D:\rawrxd\history\runoff\part_0004\c__Users_HiH8e_OneDrive_Desktop_Powershield_RawrXD-ModelLoader_kernels_gemm_kernel.asm(55) : error A2034:must be in segment block
D:\rawrxd\history\runoff\part_0004\c__Users_HiH8e_OneDrive_Desktop_Powershield_RawrXD-ModelLoader_kernels_gemm_kernel.asm(56) : error A2034:must be in segment block
D:\rawrxd\history\runoff\part_0004\c__Users_HiH8e_OneDrive_Desktop_Powershield_RawrXD-ModelLoader_kernels_gemm_kernel.asm(57) : error A2034:must be in segment block
D:\rawrxd\history\runoff\part_0004\c__Users_HiH8e_OneDrive_Desktop_Powershield_RawrXD-ModelLoader_kernels_gemm_kernel.asm(58) : error A2034:must be in segment block
D:\rawrxd\history\runoff\part_0004\c__Users_HiH8e_OneDrive_Desktop_Powershield_RawrXD-ModelLoader_kernels_gemm_kernel.asm(61) : error A2034:must be in segment block
D:\rawrxd\history\runoff\part_0004\c__Users_HiH8e_OneDrive_Desktop_Powershield_RawrXD-ModelLoader_kernels_gemm_kernel.asm(62) : error A2034:must be in segment block
D:\rawrxd\history\runoff\part_0004\c__Users_HiH8e_OneDrive_Desktop_Powershield_RawrXD-ModelLoader_kernels_gemm_kernel.asm(63) : error A2034:must be in segment block
D:\rawrxd\history\runoff\part_0004\c__Users_HiH8e_OneDrive_Desktop_Powershield_RawrXD-ModelLoader_kernels_gemm_kernel.asm(64) : error A2034:must be in segment block
D:\rawrxd\history\runoff\part_0004\c__Users_HiH8e_OneDrive_Desktop_Powershield_RawrXD-ModelLoader_kernels_gemm_kernel.asm(65) : error A2034:must be in segment block
D:\rawrxd\history\runoff\part_0004\c__Users_HiH8e_OneDrive_Desktop_Powershield_RawrXD-ModelLoader_kernels_gemm_kernel.asm(66) : error A2034:must be in segment block
D:\rawrxd\history\runoff\part_0004\c__Users_HiH8e_OneDrive_Desktop_Powershield_RawrXD-ModelLoader_kernels_gemm_kernel.asm(69) : error A2034:must be in segment block
D:\rawrxd\history\runoff\part_0004\c__Users_HiH8e_OneDrive_Desktop_Powershield_RawrXD-ModelLoader_kernels_gemm_kernel.asm(72) : error A2034:must be in segment block
D:\rawrxd\history\runoff\part_0004\c__Users_HiH8e_OneDrive_Desktop_Powershield_RawrXD-ModelLoader_kernels_gemm_kernel.asm(74) : error A2034:must be in segment block
D:\rawrxd\history\runoff\part_0004\c__Users_HiH8e_OneDrive_Desktop_Powershield_RawrXD-ModelLoader_kernels_gemm_kernel.asm(75) : error A2034:must be in segment block
D:\rawrxd\history\runoff\part_0004\c__Users_HiH8e_OneDrive_Desktop_Powershield_RawrXD-ModelLoader_kernels_gemm_kernel.asm(77) : error A2008:syntax error : .
D:\rawrxd\history\runoff\part_0004\c__Users_HiH8e_OneDrive_Desktop_Powershield_RawrXD-ModelLoader_kernels_gemm_kernel.asm(79) : error A2034:must be in segment block
D:\rawrxd\history\runoff\part_0004\c__Users_HiH8e_OneDrive_Desktop_Powershield_RawrXD-ModelLoader_kernels_gemm_kernel.asm(80) : error A2034:must be in segment block
D:\rawrxd\history\runoff\part_0004\c__Users_HiH8e_OneDrive_Desktop_Powershield_RawrXD-ModelLoader_kernels_gemm_kernel.asm(81) : error A2034:must be in segment block
D:\rawrxd\history\runoff\part_0004\c__Users_HiH8e_OneDrive_Desktop_Powershield_RawrXD-ModelLoader_kernels_gemm_kernel.asm(82) : error A2034:must be in segment block
D:\rawrxd\history\runoff\part_0004\c__Users_HiH8e_OneDrive_Desktop_Powershield_RawrXD-ModelLoader_kernels_gemm_kernel.asm(83) : error A2034:must be in segment block
D:\rawrxd\history\runoff\part_0004\c__Users_HiH8e_OneDrive_Desktop_Powershield_RawrXD-ModelLoader_kernels_gemm_kernel.asm(84) : error A2034:must be in segment block
D:\rawrxd\history\runoff\part_0004\c__Users_HiH8e_OneDrive_Desktop_Powershield_RawrXD-ModelLoader_kernels_gemm_kernel.asm(86) : error A2034:must be in segment block
D:\rawrxd\history\runoff\part_0004\c__Users_HiH8e_OneDrive_Desktop_Powershield_RawrXD-ModelLoader_kernels_gemm_kernel.asm(87) : error A2034:must be in segment block
D:\rawrxd\history\runoff\part_0004\c__Users_HiH8e_OneDrive_Desktop_Powershield_RawrXD-ModelLoader_kernels_gemm_kernel.asm(89) : error A2008:syntax error : .
D:\rawrxd\history\runoff\part_0004\c__Users_HiH8e_OneDrive_Desktop_Powershield_RawrXD-ModelLoader_kernels_gemm_kernel.asm(90) : error A2034:must be in segment block
D:\rawrxd\history\runoff\part_0004\c__Users_HiH8e_OneDrive_Desktop_Powershield_RawrXD-ModelLoader_kernels_gemm_kernel.asm(91) : error A2034:must be in segment block
D:\rawrxd\history\runoff\part_0004\c__Users_HiH8e_OneDrive_Desktop_Powershield_RawrXD-ModelLoader_kernels_gemm_kernel.asm(93) : error A2008:syntax error : .
D:\rawrxd\history\runoff\part_0004\c__Users_HiH8e_OneDrive_Desktop_Powershield_RawrXD-ModelLoader_kernels_gemm_kernel.asm(94) : error A2034:must be in segment block
D:\rawrxd\history\runoff\part_0004\c__Users_HiH8e_OneDrive_Desktop_Powershield_RawrXD-ModelLoader_kernels_gemm_kernel.asm(95) : error A2034:must be in segment block
D:\rawrxd\history\runoff\part_0004\c__Users_HiH8e_OneDrive_Desktop_Powershield_RawrXD-ModelLoader_kernels_gemm_kernel.asm(96) : error A2034:must be in segment block
D:\rawrxd\history\runoff\part_0004\c__Users_HiH8e_OneDrive_Desktop_Powershield_RawrXD-ModelLoader_kernels_gemm_kernel.asm(97) : error A2034:must be in segment block
D:\rawrxd\history\runoff\part_0004\c__Users_HiH8e_OneDrive_Desktop_Powershield_RawrXD-ModelLoader_kernels_gemm_kernel.asm(98) : error A2034:must be in segment block
D:\rawrxd\history\runoff\part_0004\c__Users_HiH8e_OneDrive_Desktop_Powershield_RawrXD-ModelLoader_kernels_gemm_kernel.asm(99) : error A2034:must be in segment block
D:\rawrxd\history\runoff\part_0004\c__Users_HiH8e_OneDrive_Desktop_Powershield_RawrXD-ModelLoader_kernels_gemm_kernel.asm(100) : error A2034:must be in segment block
D:\rawrxd\history\runoff\part_0004\c__Users_HiH8e_OneDrive_Desktop_Powershield_RawrXD-ModelLoader_kernels_gemm_kernel.asm(101) : error A2034:must be in segment block
D:\rawrxd\history\runoff\part_0004\c__Users_HiH8e_OneDrive_Desktop_Powershield_RawrXD-ModelLoader_kernels_gemm_kernel.asm(101) : error A2088:END directive required at end of file
