 Assembling: D:\rawrxd\history\runoff\part_0002\c__Users_HiH8e_Downloads_RawrXD-production-lazy-init_src_masm_final-ide_masm_theme_system_complete.asm
D:\rawrxd\history\runoff\part_0002\c__Users_HiH8e_Downloads_RawrXD-production-lazy-init_src_masm_final-ide_masm_theme_system_complete.asm(183) : error A2006:undefined symbol : InitializeCriticalSection
D:\rawrxd\history\runoff\part_0002\c__Users_HiH8e_Downloads_RawrXD-production-lazy-init_src_masm_final-ide_masm_theme_system_complete.asm(358) : error A2006:undefined symbol : EnterCriticalSection
D:\rawrxd\history\runoff\part_0002\c__Users_HiH8e_Downloads_RawrXD-production-lazy-init_src_masm_final-ide_masm_theme_system_complete.asm(405) : error A2006:undefined symbol : LeaveCriticalSection
D:\rawrxd\history\runoff\part_0002\c__Users_HiH8e_Downloads_RawrXD-production-lazy-init_src_masm_final-ide_masm_theme_system_complete.asm(415) : error A2006:undefined symbol : LeaveCriticalSection
D:\rawrxd\history\runoff\part_0002\c__Users_HiH8e_Downloads_RawrXD-production-lazy-init_src_masm_final-ide_masm_theme_system_complete.asm(437) : error A2006:undefined symbol : EnterCriticalSection
D:\rawrxd\history\runoff\part_0002\c__Users_HiH8e_Downloads_RawrXD-production-lazy-init_src_masm_final-ide_masm_theme_system_complete.asm(466) : error A2006:undefined symbol : LeaveCriticalSection
D:\rawrxd\history\runoff\part_0002\c__Users_HiH8e_Downloads_RawrXD-production-lazy-init_src_masm_final-ide_masm_theme_system_complete.asm(474) : error A2006:undefined symbol : LeaveCriticalSection
D:\rawrxd\history\runoff\part_0002\c__Users_HiH8e_Downloads_RawrXD-production-lazy-init_src_masm_final-ide_masm_theme_system_complete.asm(497) : error A2006:undefined symbol : EnterCriticalSection
D:\rawrxd\history\runoff\part_0002\c__Users_HiH8e_Downloads_RawrXD-production-lazy-init_src_masm_final-ide_masm_theme_system_complete.asm(534) : error A2006:undefined symbol : LeaveCriticalSection
D:\rawrxd\history\runoff\part_0002\c__Users_HiH8e_Downloads_RawrXD-production-lazy-init_src_masm_final-ide_masm_theme_system_complete.asm(543) : error A2006:undefined symbol : LeaveCriticalSection
D:\rawrxd\history\runoff\part_0002\c__Users_HiH8e_Downloads_RawrXD-production-lazy-init_src_masm_final-ide_masm_theme_system_complete.asm(564) : error A2006:undefined symbol : EnterCriticalSection
D:\rawrxd\history\runoff\part_0002\c__Users_HiH8e_Downloads_RawrXD-production-lazy-init_src_masm_final-ide_masm_theme_system_complete.asm(601) : error A2006:undefined symbol : LeaveCriticalSection
D:\rawrxd\history\runoff\part_0002\c__Users_HiH8e_Downloads_RawrXD-production-lazy-init_src_masm_final-ide_masm_theme_system_complete.asm(609) : error A2006:undefined symbol : LeaveCriticalSection
D:\rawrxd\history\runoff\part_0002\c__Users_HiH8e_Downloads_RawrXD-production-lazy-init_src_masm_final-ide_masm_theme_system_complete.asm(628) : error A2006:undefined symbol : KEY_READ
D:\rawrxd\history\runoff\part_0002\c__Users_HiH8e_Downloads_RawrXD-production-lazy-init_src_masm_final-ide_masm_theme_system_complete.asm(630) : error A2006:undefined symbol : RegOpenKeyExA
D:\rawrxd\history\runoff\part_0002\c__Users_HiH8e_Downloads_RawrXD-production-lazy-init_src_masm_final-ide_masm_theme_system_complete.asm(643) : error A2006:undefined symbol : RegQueryValueExA
D:\rawrxd\history\runoff\part_0002\c__Users_HiH8e_Downloads_RawrXD-production-lazy-init_src_masm_final-ide_masm_theme_system_complete.asm(647) : error A2006:undefined symbol : RegCloseKey
D:\rawrxd\history\runoff\part_0002\c__Users_HiH8e_Downloads_RawrXD-production-lazy-init_src_masm_final-ide_masm_theme_system_complete.asm(672) : error A2006:undefined symbol : REG_OPTION_NON_VOLATILE
D:\rawrxd\history\runoff\part_0002\c__Users_HiH8e_Downloads_RawrXD-production-lazy-init_src_masm_final-ide_masm_theme_system_complete.asm(673) : error A2006:undefined symbol : KEY_WRITE
D:\rawrxd\history\runoff\part_0002\c__Users_HiH8e_Downloads_RawrXD-production-lazy-init_src_masm_final-ide_masm_theme_system_complete.asm(677) : error A2006:undefined symbol : RegCreateKeyExA
D:\rawrxd\history\runoff\part_0002\c__Users_HiH8e_Downloads_RawrXD-production-lazy-init_src_masm_final-ide_masm_theme_system_complete.asm(685) : error A2006:undefined symbol : REG_DWORD
D:\rawrxd\history\runoff\part_0002\c__Users_HiH8e_Downloads_RawrXD-production-lazy-init_src_masm_final-ide_masm_theme_system_complete.asm(689) : error A2006:undefined symbol : RegSetValueExA
D:\rawrxd\history\runoff\part_0002\c__Users_HiH8e_Downloads_RawrXD-production-lazy-init_src_masm_final-ide_masm_theme_system_complete.asm(693) : error A2006:undefined symbol : RegCloseKey
D:\rawrxd\history\runoff\part_0002\c__Users_HiH8e_Downloads_RawrXD-production-lazy-init_src_masm_final-ide_masm_theme_system_complete.asm(749) : error A2006:undefined symbol : CreateSolidBrush
D:\rawrxd\history\runoff\part_0002\c__Users_HiH8e_Downloads_RawrXD-production-lazy-init_src_masm_final-ide_masm_theme_system_complete.asm(756) : error A2006:undefined symbol : GCLP_HBRBACKGROUND
D:\rawrxd\history\runoff\part_0002\c__Users_HiH8e_Downloads_RawrXD-production-lazy-init_src_masm_final-ide_masm_theme_system_complete.asm(758) : error A2006:undefined symbol : SetClassLongPtrA
D:\rawrxd\history\runoff\part_0002\c__Users_HiH8e_Downloads_RawrXD-production-lazy-init_src_masm_final-ide_masm_theme_system_complete.asm(764) : error A2006:undefined symbol : InvalidateRect
D:\rawrxd\history\runoff\part_0002\c__Users_HiH8e_Downloads_RawrXD-production-lazy-init_src_masm_final-ide_masm_theme_system_complete.asm(816) : error A2006:undefined symbol : EnterCriticalSection
D:\rawrxd\history\runoff\part_0002\c__Users_HiH8e_Downloads_RawrXD-production-lazy-init_src_masm_final-ide_masm_theme_system_complete.asm(828) : error A2006:undefined symbol : LeaveCriticalSection
D:\rawrxd\history\runoff\part_0002\c__Users_HiH8e_Downloads_RawrXD-production-lazy-init_src_masm_final-ide_masm_theme_system_complete.asm(829) : error A2006:undefined symbol : DeleteCriticalSection
