 Assembling: D:\rawrxd\history\runoff\part_0002\c__Users_HiH8e_Downloads_RawrXD-production-lazy-init_src_masm_final-ide_masm_enhanced_cli.asm
D:\rawrxd\history\runoff\part_0002\c__Users_HiH8e_Downloads_RawrXD-production-lazy-init_src_masm_final-ide_masm_enhanced_cli.asm(229) : error A2006:undefined symbol : WNDCLASSEXA
D:\rawrxd\history\runoff\part_0002\c__Users_HiH8e_Downloads_RawrXD-production-lazy-init_src_masm_final-ide_masm_enhanced_cli.asm(229) : error A2195:parameter or local cannot have void type
D:\rawrxd\history\runoff\part_0002\c__Users_HiH8e_Downloads_RawrXD-production-lazy-init_src_masm_final-ide_masm_enhanced_cli.asm(259) : error A2006:undefined symbol : WNDCLASSEXA
D:\rawrxd\history\runoff\part_0002\c__Users_HiH8e_Downloads_RawrXD-production-lazy-init_src_masm_final-ide_masm_enhanced_cli.asm(259) : error A2195:parameter or local cannot have void type
D:\rawrxd\history\runoff\part_0002\c__Users_HiH8e_Downloads_RawrXD-production-lazy-init_src_masm_final-ide_masm_enhanced_cli.asm(289) : error A2006:undefined symbol : WNDCLASSEXA
D:\rawrxd\history\runoff\part_0002\c__Users_HiH8e_Downloads_RawrXD-production-lazy-init_src_masm_final-ide_masm_enhanced_cli.asm(289) : error A2195:parameter or local cannot have void type
D:\rawrxd\history\runoff\part_0002\c__Users_HiH8e_Downloads_RawrXD-production-lazy-init_src_masm_final-ide_masm_enhanced_cli.asm(233) : error A2006:undefined symbol : cbSize
D:\rawrxd\history\runoff\part_0002\c__Users_HiH8e_Downloads_RawrXD-production-lazy-init_src_masm_final-ide_masm_enhanced_cli.asm(234) : error A2006:undefined symbol : style
D:\rawrxd\history\runoff\part_0002\c__Users_HiH8e_Downloads_RawrXD-production-lazy-init_src_masm_final-ide_masm_enhanced_cli.asm(236) : error A2006:undefined symbol : lpfnWndProc
D:\rawrxd\history\runoff\part_0002\c__Users_HiH8e_Downloads_RawrXD-production-lazy-init_src_masm_final-ide_masm_enhanced_cli.asm(237) : error A2006:undefined symbol : cbClsExtra
D:\rawrxd\history\runoff\part_0002\c__Users_HiH8e_Downloads_RawrXD-production-lazy-init_src_masm_final-ide_masm_enhanced_cli.asm(238) : error A2006:undefined symbol : cbWndExtra
D:\rawrxd\history\runoff\part_0002\c__Users_HiH8e_Downloads_RawrXD-production-lazy-init_src_masm_final-ide_masm_enhanced_cli.asm(239) : error A2006:undefined symbol : hInstance
D:\rawrxd\history\runoff\part_0002\c__Users_HiH8e_Downloads_RawrXD-production-lazy-init_src_masm_final-ide_masm_enhanced_cli.asm(240) : error A2006:undefined symbol : hIcon
D:\rawrxd\history\runoff\part_0002\c__Users_HiH8e_Downloads_RawrXD-production-lazy-init_src_masm_final-ide_masm_enhanced_cli.asm(241) : error A2006:undefined symbol : hCursor
D:\rawrxd\history\runoff\part_0002\c__Users_HiH8e_Downloads_RawrXD-production-lazy-init_src_masm_final-ide_masm_enhanced_cli.asm(242) : error A2006:undefined symbol : hbrBackground
D:\rawrxd\history\runoff\part_0002\c__Users_HiH8e_Downloads_RawrXD-production-lazy-init_src_masm_final-ide_masm_enhanced_cli.asm(243) : error A2006:undefined symbol : lpszMenuName
D:\rawrxd\history\runoff\part_0002\c__Users_HiH8e_Downloads_RawrXD-production-lazy-init_src_masm_final-ide_masm_enhanced_cli.asm(245) : error A2006:undefined symbol : lpszClassName
D:\rawrxd\history\runoff\part_0002\c__Users_HiH8e_Downloads_RawrXD-production-lazy-init_src_masm_final-ide_masm_enhanced_cli.asm(246) : error A2006:undefined symbol : hIconSm
D:\rawrxd\history\runoff\part_0002\c__Users_HiH8e_Downloads_RawrXD-production-lazy-init_src_masm_final-ide_masm_enhanced_cli.asm(263) : error A2006:undefined symbol : cbSize
D:\rawrxd\history\runoff\part_0002\c__Users_HiH8e_Downloads_RawrXD-production-lazy-init_src_masm_final-ide_masm_enhanced_cli.asm(264) : error A2006:undefined symbol : style
D:\rawrxd\history\runoff\part_0002\c__Users_HiH8e_Downloads_RawrXD-production-lazy-init_src_masm_final-ide_masm_enhanced_cli.asm(266) : error A2006:undefined symbol : lpfnWndProc
D:\rawrxd\history\runoff\part_0002\c__Users_HiH8e_Downloads_RawrXD-production-lazy-init_src_masm_final-ide_masm_enhanced_cli.asm(267) : error A2006:undefined symbol : cbClsExtra
D:\rawrxd\history\runoff\part_0002\c__Users_HiH8e_Downloads_RawrXD-production-lazy-init_src_masm_final-ide_masm_enhanced_cli.asm(268) : error A2006:undefined symbol : cbWndExtra
D:\rawrxd\history\runoff\part_0002\c__Users_HiH8e_Downloads_RawrXD-production-lazy-init_src_masm_final-ide_masm_enhanced_cli.asm(269) : error A2006:undefined symbol : hInstance
D:\rawrxd\history\runoff\part_0002\c__Users_HiH8e_Downloads_RawrXD-production-lazy-init_src_masm_final-ide_masm_enhanced_cli.asm(270) : error A2006:undefined symbol : hIcon
D:\rawrxd\history\runoff\part_0002\c__Users_HiH8e_Downloads_RawrXD-production-lazy-init_src_masm_final-ide_masm_enhanced_cli.asm(271) : error A2006:undefined symbol : hCursor
D:\rawrxd\history\runoff\part_0002\c__Users_HiH8e_Downloads_RawrXD-production-lazy-init_src_masm_final-ide_masm_enhanced_cli.asm(272) : error A2006:undefined symbol : hbrBackground
D:\rawrxd\history\runoff\part_0002\c__Users_HiH8e_Downloads_RawrXD-production-lazy-init_src_masm_final-ide_masm_enhanced_cli.asm(273) : error A2006:undefined symbol : lpszMenuName
D:\rawrxd\history\runoff\part_0002\c__Users_HiH8e_Downloads_RawrXD-production-lazy-init_src_masm_final-ide_masm_enhanced_cli.asm(275) : error A2006:undefined symbol : lpszClassName
D:\rawrxd\history\runoff\part_0002\c__Users_HiH8e_Downloads_RawrXD-production-lazy-init_src_masm_final-ide_masm_enhanced_cli.asm(276) : error A2006:undefined symbol : hIconSm
D:\rawrxd\history\runoff\part_0002\c__Users_HiH8e_Downloads_RawrXD-production-lazy-init_src_masm_final-ide_masm_enhanced_cli.asm(293) : error A2006:undefined symbol : cbSize
D:\rawrxd\history\runoff\part_0002\c__Users_HiH8e_Downloads_RawrXD-production-lazy-init_src_masm_final-ide_masm_enhanced_cli.asm(294) : error A2006:undefined symbol : style
D:\rawrxd\history\runoff\part_0002\c__Users_HiH8e_Downloads_RawrXD-production-lazy-init_src_masm_final-ide_masm_enhanced_cli.asm(296) : error A2006:undefined symbol : lpfnWndProc
D:\rawrxd\history\runoff\part_0002\c__Users_HiH8e_Downloads_RawrXD-production-lazy-init_src_masm_final-ide_masm_enhanced_cli.asm(297) : error A2006:undefined symbol : cbClsExtra
D:\rawrxd\history\runoff\part_0002\c__Users_HiH8e_Downloads_RawrXD-production-lazy-init_src_masm_final-ide_masm_enhanced_cli.asm(298) : error A2006:undefined symbol : cbWndExtra
D:\rawrxd\history\runoff\part_0002\c__Users_HiH8e_Downloads_RawrXD-production-lazy-init_src_masm_final-ide_masm_enhanced_cli.asm(299) : error A2006:undefined symbol : hInstance
D:\rawrxd\history\runoff\part_0002\c__Users_HiH8e_Downloads_RawrXD-production-lazy-init_src_masm_final-ide_masm_enhanced_cli.asm(300) : error A2006:undefined symbol : hIcon
D:\rawrxd\history\runoff\part_0002\c__Users_HiH8e_Downloads_RawrXD-production-lazy-init_src_masm_final-ide_masm_enhanced_cli.asm(301) : error A2006:undefined symbol : hCursor
D:\rawrxd\history\runoff\part_0002\c__Users_HiH8e_Downloads_RawrXD-production-lazy-init_src_masm_final-ide_masm_enhanced_cli.asm(302) : error A2006:undefined symbol : hbrBackground
D:\rawrxd\history\runoff\part_0002\c__Users_HiH8e_Downloads_RawrXD-production-lazy-init_src_masm_final-ide_masm_enhanced_cli.asm(303) : error A2006:undefined symbol : lpszMenuName
D:\rawrxd\history\runoff\part_0002\c__Users_HiH8e_Downloads_RawrXD-production-lazy-init_src_masm_final-ide_masm_enhanced_cli.asm(305) : error A2006:undefined symbol : lpszClassName
D:\rawrxd\history\runoff\part_0002\c__Users_HiH8e_Downloads_RawrXD-production-lazy-init_src_masm_final-ide_masm_enhanced_cli.asm(306) : error A2006:undefined symbol : hIconSm
D:\rawrxd\history\runoff\part_0002\c__Users_HiH8e_Downloads_RawrXD-production-lazy-init_src_masm_final-ide_masm_enhanced_cli.asm(725) : error A2006:undefined symbol : DefWindowProcA
D:\rawrxd\history\runoff\part_0002\c__Users_HiH8e_Downloads_RawrXD-production-lazy-init_src_masm_final-ide_masm_enhanced_cli.asm(731) : error A2006:undefined symbol : DefWindowProcA
D:\rawrxd\history\runoff\part_0002\c__Users_HiH8e_Downloads_RawrXD-production-lazy-init_src_masm_final-ide_masm_enhanced_cli.asm(737) : error A2006:undefined symbol : DefWindowProcA
