 Assembling: D:\rawrxd\history\runoff\part_0005\c__Users_HiH8e_OneDrive_Desktop_RawrXD-production-lazy-init_masm_ide_src_editor_control.asm
D:\rawrxd\history\runoff\part_0005\c__Users_HiH8e_OneDrive_Desktop_RawrXD-production-lazy-init_masm_ide_src_editor_control.asm(28) : error A2008:syntax error : scrollPos
D:\rawrxd\history\runoff\part_0005\c__Users_HiH8e_OneDrive_Desktop_RawrXD-production-lazy-init_masm_ide_src_editor_control.asm(29) : error A2008:syntax error : caretPos
D:\rawrxd\history\runoff\part_0005\c__Users_HiH8e_OneDrive_Desktop_RawrXD-production-lazy-init_masm_ide_src_editor_control.asm(30) : error A2008:syntax error : selectionStart
D:\rawrxd\history\runoff\part_0005\c__Users_HiH8e_OneDrive_Desktop_RawrXD-production-lazy-init_masm_ide_src_editor_control.asm(38) : error A2008:syntax error : ebx
D:\rawrxd\history\runoff\part_0005\c__Users_HiH8e_OneDrive_Desktop_RawrXD-production-lazy-init_masm_ide_src_editor_control.asm(39) : error A2012:PROC, MACRO, or macro repeat directive must precede LOCAL
D:\rawrxd\history\runoff\part_0005\c__Users_HiH8e_OneDrive_Desktop_RawrXD-production-lazy-init_masm_ide_src_editor_control.asm(40) : error A2012:PROC, MACRO, or macro repeat directive must precede LOCAL
D:\rawrxd\history\runoff\part_0005\c__Users_HiH8e_OneDrive_Desktop_RawrXD-production-lazy-init_masm_ide_src_editor_control.asm(41) : error A2012:PROC, MACRO, or macro repeat directive must precede LOCAL
D:\rawrxd\history\runoff\part_0005\c__Users_HiH8e_OneDrive_Desktop_RawrXD-production-lazy-init_masm_ide_src_editor_control.asm(43) : error A2008:syntax error : if
D:\rawrxd\history\runoff\part_0005\c__Users_HiH8e_OneDrive_Desktop_RawrXD-production-lazy-init_masm_ide_src_editor_control.asm(44) : error A2008:syntax error : CreateFont
D:\rawrxd\history\runoff\part_0005\c__Users_HiH8e_OneDrive_Desktop_RawrXD-production-lazy-init_masm_ide_src_editor_control.asm(51) : error A2008:syntax error : elseif
D:\rawrxd\history\runoff\part_0005\c__Users_HiH8e_OneDrive_Desktop_RawrXD-production-lazy-init_masm_ide_src_editor_control.asm(52) : error A2008:syntax error : invoke
D:\rawrxd\history\runoff\part_0005\c__Users_HiH8e_OneDrive_Desktop_RawrXD-production-lazy-init_masm_ide_src_editor_control.asm(54) : error A2008:syntax error : invoke
D:\rawrxd\history\runoff\part_0005\c__Users_HiH8e_OneDrive_Desktop_RawrXD-production-lazy-init_masm_ide_src_editor_control.asm(55) : error A2008:syntax error : invoke
D:\rawrxd\history\runoff\part_0005\c__Users_HiH8e_OneDrive_Desktop_RawrXD-production-lazy-init_masm_ide_src_editor_control.asm(59) : error A2008:syntax error : elseif
D:\rawrxd\history\runoff\part_0005\c__Users_HiH8e_OneDrive_Desktop_RawrXD-production-lazy-init_masm_ide_src_editor_control.asm(60) : error A2008:syntax error : invoke
D:\rawrxd\history\runoff\part_0005\c__Users_HiH8e_OneDrive_Desktop_RawrXD-production-lazy-init_masm_ide_src_editor_control.asm(64) : error A2008:syntax error : elseif
D:\rawrxd\history\runoff\part_0005\c__Users_HiH8e_OneDrive_Desktop_RawrXD-production-lazy-init_masm_ide_src_editor_control.asm(65) : error A2008:syntax error : invoke
D:\rawrxd\history\runoff\part_0005\c__Users_HiH8e_OneDrive_Desktop_RawrXD-production-lazy-init_masm_ide_src_editor_control.asm(69) : error A2008:syntax error : elseif
D:\rawrxd\history\runoff\part_0005\c__Users_HiH8e_OneDrive_Desktop_RawrXD-production-lazy-init_masm_ide_src_editor_control.asm(70) : error A2008:syntax error : invoke
D:\rawrxd\history\runoff\part_0005\c__Users_HiH8e_OneDrive_Desktop_RawrXD-production-lazy-init_masm_ide_src_editor_control.asm(74) : error A2008:syntax error : elseif
D:\rawrxd\history\runoff\part_0005\c__Users_HiH8e_OneDrive_Desktop_RawrXD-production-lazy-init_masm_ide_src_editor_control.asm(75) : error A2008:syntax error : invoke
D:\rawrxd\history\runoff\part_0005\c__Users_HiH8e_OneDrive_Desktop_RawrXD-production-lazy-init_masm_ide_src_editor_control.asm(79) : error A2008:syntax error : elseif
D:\rawrxd\history\runoff\part_0005\c__Users_HiH8e_OneDrive_Desktop_RawrXD-production-lazy-init_masm_ide_src_editor_control.asm(80) : error A2008:syntax error : invoke
D:\rawrxd\history\runoff\part_0005\c__Users_HiH8e_OneDrive_Desktop_RawrXD-production-lazy-init_masm_ide_src_editor_control.asm(84) : error A2008:syntax error : elseif
D:\rawrxd\history\runoff\part_0005\c__Users_HiH8e_OneDrive_Desktop_RawrXD-production-lazy-init_masm_ide_src_editor_control.asm(85) : error A2008:syntax error : invoke
D:\rawrxd\history\runoff\part_0005\c__Users_HiH8e_OneDrive_Desktop_RawrXD-production-lazy-init_masm_ide_src_editor_control.asm(86) : error A2008:syntax error : invoke
D:\rawrxd\history\runoff\part_0005\c__Users_HiH8e_OneDrive_Desktop_RawrXD-production-lazy-init_masm_ide_src_editor_control.asm(87) : error A2008:syntax error : invoke
D:\rawrxd\history\runoff\part_0005\c__Users_HiH8e_OneDrive_Desktop_RawrXD-production-lazy-init_masm_ide_src_editor_control.asm(91) : error A2008:syntax error : elseif
D:\rawrxd\history\runoff\part_0005\c__Users_HiH8e_OneDrive_Desktop_RawrXD-production-lazy-init_masm_ide_src_editor_control.asm(92) : error A2008:syntax error : invoke
D:\rawrxd\history\runoff\part_0005\c__Users_HiH8e_OneDrive_Desktop_RawrXD-production-lazy-init_masm_ide_src_editor_control.asm(93) : error A2008:syntax error : invoke
D:\rawrxd\history\runoff\part_0005\c__Users_HiH8e_OneDrive_Desktop_RawrXD-production-lazy-init_masm_ide_src_editor_control.asm(97) : error A2008:syntax error : .
D:\rawrxd\history\runoff\part_0005\c__Users_HiH8e_OneDrive_Desktop_RawrXD-production-lazy-init_masm_ide_src_editor_control.asm(99) : error A2008:syntax error : invoke
D:\rawrxd\history\runoff\part_0005\c__Users_HiH8e_OneDrive_Desktop_RawrXD-production-lazy-init_masm_ide_src_editor_control.asm(101) : fatal error A1010:unmatched block nesting : EditorWndProc
