 Assembling: D:\rawrxd\history\runoff\part_0002\c__Users_HiH8e_Downloads_RawrXD-production-lazy-init_src_masm_final-ide_stub_completion_comprehensive_v2.asm
D:\rawrxd\history\runoff\part_0002\c__Users_HiH8e_Downloads_RawrXD-production-lazy-init_src_masm_final-ide_stub_completion_comprehensive_v2.asm(107) : error A2008:syntax error : width
D:\rawrxd\history\runoff\part_0002\c__Users_HiH8e_Downloads_RawrXD-production-lazy-init_src_masm_final-ide_stub_completion_comprehensive_v2.asm(281) : error A2008:syntax error : .
D:\rawrxd\history\runoff\part_0002\c__Users_HiH8e_Downloads_RawrXD-production-lazy-init_src_masm_final-ide_stub_completion_comprehensive_v2.asm(317) : error A2008:syntax error : .
D:\rawrxd\history\runoff\part_0002\c__Users_HiH8e_Downloads_RawrXD-production-lazy-init_src_masm_final-ide_stub_completion_comprehensive_v2.asm(327) : error A2008:syntax error : .
D:\rawrxd\history\runoff\part_0002\c__Users_HiH8e_Downloads_RawrXD-production-lazy-init_src_masm_final-ide_stub_completion_comprehensive_v2.asm(334) : error A2008:syntax error : .
D:\rawrxd\history\runoff\part_0002\c__Users_HiH8e_Downloads_RawrXD-production-lazy-init_src_masm_final-ide_stub_completion_comprehensive_v2.asm(397) : error A2008:syntax error : .
D:\rawrxd\history\runoff\part_0002\c__Users_HiH8e_Downloads_RawrXD-production-lazy-init_src_masm_final-ide_stub_completion_comprehensive_v2.asm(402) : error A2008:syntax error : .
D:\rawrxd\history\runoff\part_0002\c__Users_HiH8e_Downloads_RawrXD-production-lazy-init_src_masm_final-ide_stub_completion_comprehensive_v2.asm(409) : error A2008:syntax error : .
D:\rawrxd\history\runoff\part_0002\c__Users_HiH8e_Downloads_RawrXD-production-lazy-init_src_masm_final-ide_stub_completion_comprehensive_v2.asm(468) : error A2008:syntax error : .
D:\rawrxd\history\runoff\part_0002\c__Users_HiH8e_Downloads_RawrXD-production-lazy-init_src_masm_final-ide_stub_completion_comprehensive_v2.asm(475) : error A2008:syntax error : .
D:\rawrxd\history\runoff\part_0002\c__Users_HiH8e_Downloads_RawrXD-production-lazy-init_src_masm_final-ide_stub_completion_comprehensive_v2.asm(515) : error A2008:syntax error : .
D:\rawrxd\history\runoff\part_0002\c__Users_HiH8e_Downloads_RawrXD-production-lazy-init_src_masm_final-ide_stub_completion_comprehensive_v2.asm(521) : error A2008:syntax error : .
D:\rawrxd\history\runoff\part_0002\c__Users_HiH8e_Downloads_RawrXD-production-lazy-init_src_masm_final-ide_stub_completion_comprehensive_v2.asm(554) : error A2008:syntax error : .
D:\rawrxd\history\runoff\part_0002\c__Users_HiH8e_Downloads_RawrXD-production-lazy-init_src_masm_final-ide_stub_completion_comprehensive_v2.asm(569) : error A2008:syntax error : .
D:\rawrxd\history\runoff\part_0002\c__Users_HiH8e_Downloads_RawrXD-production-lazy-init_src_masm_final-ide_stub_completion_comprehensive_v2.asm(576) : error A2008:syntax error : .
D:\rawrxd\history\runoff\part_0002\c__Users_HiH8e_Downloads_RawrXD-production-lazy-init_src_masm_final-ide_stub_completion_comprehensive_v2.asm(638) : error A2008:syntax error : .
D:\rawrxd\history\runoff\part_0002\c__Users_HiH8e_Downloads_RawrXD-production-lazy-init_src_masm_final-ide_stub_completion_comprehensive_v2.asm(682) : error A2008:syntax error : .
D:\rawrxd\history\runoff\part_0002\c__Users_HiH8e_Downloads_RawrXD-production-lazy-init_src_masm_final-ide_stub_completion_comprehensive_v2.asm(722) : error A2008:syntax error : .
D:\rawrxd\history\runoff\part_0002\c__Users_HiH8e_Downloads_RawrXD-production-lazy-init_src_masm_final-ide_stub_completion_comprehensive_v2.asm(869) : error A2008:syntax error : .
D:\rawrxd\history\runoff\part_0002\c__Users_HiH8e_Downloads_RawrXD-production-lazy-init_src_masm_final-ide_stub_completion_comprehensive_v2.asm(930) : error A2008:syntax error : .
D:\rawrxd\history\runoff\part_0002\c__Users_HiH8e_Downloads_RawrXD-production-lazy-init_src_masm_final-ide_stub_completion_comprehensive_v2.asm(957) : error A2008:syntax error : .
D:\rawrxd\history\runoff\part_0002\c__Users_HiH8e_Downloads_RawrXD-production-lazy-init_src_masm_final-ide_stub_completion_comprehensive_v2.asm(972) : error A2008:syntax error : .
D:\rawrxd\history\runoff\part_0002\c__Users_HiH8e_Downloads_RawrXD-production-lazy-init_src_masm_final-ide_stub_completion_comprehensive_v2.asm(993) : error A2008:syntax error : .
D:\rawrxd\history\runoff\part_0002\c__Users_HiH8e_Downloads_RawrXD-production-lazy-init_src_masm_final-ide_stub_completion_comprehensive_v2.asm(1010) : error A2008:syntax error : .
D:\rawrxd\history\runoff\part_0002\c__Users_HiH8e_Downloads_RawrXD-production-lazy-init_src_masm_final-ide_stub_completion_comprehensive_v2.asm(1016) : error A2008:syntax error : .
D:\rawrxd\history\runoff\part_0002\c__Users_HiH8e_Downloads_RawrXD-production-lazy-init_src_masm_final-ide_stub_completion_comprehensive_v2.asm(1020) : error A2008:syntax error : .
D:\rawrxd\history\runoff\part_0002\c__Users_HiH8e_Downloads_RawrXD-production-lazy-init_src_masm_final-ide_stub_completion_comprehensive_v2.asm(1173) : error A2008:syntax error : .
D:\rawrxd\history\runoff\part_0002\c__Users_HiH8e_Downloads_RawrXD-production-lazy-init_src_masm_final-ide_stub_completion_comprehensive_v2.asm(1181) : error A2008:syntax error : .
D:\rawrxd\history\runoff\part_0002\c__Users_HiH8e_Downloads_RawrXD-production-lazy-init_src_masm_final-ide_stub_completion_comprehensive_v2.asm(1188) : error A2008:syntax error : .
D:\rawrxd\history\runoff\part_0002\c__Users_HiH8e_Downloads_RawrXD-production-lazy-init_src_masm_final-ide_stub_completion_comprehensive_v2.asm(1398) : error A2008:syntax error : .
D:\rawrxd\history\runoff\part_0002\c__Users_HiH8e_Downloads_RawrXD-production-lazy-init_src_masm_final-ide_stub_completion_comprehensive_v2.asm(1426) : error A2008:syntax error : .
D:\rawrxd\history\runoff\part_0002\c__Users_HiH8e_Downloads_RawrXD-production-lazy-init_src_masm_final-ide_stub_completion_comprehensive_v2.asm(1436) : error A2008:syntax error : .
D:\rawrxd\history\runoff\part_0002\c__Users_HiH8e_Downloads_RawrXD-production-lazy-init_src_masm_final-ide_stub_completion_comprehensive_v2.asm(1442) : error A2008:syntax error : .
D:\rawrxd\history\runoff\part_0002\c__Users_HiH8e_Downloads_RawrXD-production-lazy-init_src_masm_final-ide_stub_completion_comprehensive_v2.asm(1481) : error A2008:syntax error : .
D:\rawrxd\history\runoff\part_0002\c__Users_HiH8e_Downloads_RawrXD-production-lazy-init_src_masm_final-ide_stub_completion_comprehensive_v2.asm(1514) : error A2008:syntax error : .
D:\rawrxd\history\runoff\part_0002\c__Users_HiH8e_Downloads_RawrXD-production-lazy-init_src_masm_final-ide_stub_completion_comprehensive_v2.asm(1524) : error A2008:syntax error : .
D:\rawrxd\history\runoff\part_0002\c__Users_HiH8e_Downloads_RawrXD-production-lazy-init_src_masm_final-ide_stub_completion_comprehensive_v2.asm(1587) : error A2008:syntax error : .
D:\rawrxd\history\runoff\part_0002\c__Users_HiH8e_Downloads_RawrXD-production-lazy-init_src_masm_final-ide_stub_completion_comprehensive_v2.asm(1591) : error A2008:syntax error : .
D:\rawrxd\history\runoff\part_0002\c__Users_HiH8e_Downloads_RawrXD-production-lazy-init_src_masm_final-ide_stub_completion_comprehensive_v2.asm(273) : error A2006:undefined symbol : start_anim_error
D:\rawrxd\history\runoff\part_0002\c__Users_HiH8e_Downloads_RawrXD-production-lazy-init_src_masm_final-ide_stub_completion_comprehensive_v2.asm(279) : error A2006:undefined symbol : create_mutex
D:\rawrxd\history\runoff\part_0002\c__Users_HiH8e_Downloads_RawrXD-production-lazy-init_src_masm_final-ide_stub_completion_comprehensive_v2.asm(285) : error A2006:undefined symbol : start_anim_limit_error
D:\rawrxd\history\runoff\part_0002\c__Users_HiH8e_Downloads_RawrXD-production-lazy-init_src_masm_final-ide_stub_completion_comprehensive_v2.asm(303) : error A2006:undefined symbol : GetSystemTimeAsFileTime
D:\rawrxd\history\runoff\part_0002\c__Users_HiH8e_Downloads_RawrXD-production-lazy-init_src_masm_final-ide_stub_completion_comprehensive_v2.asm(321) : error A2006:undefined symbol : CreateMutexA
D:\rawrxd\history\runoff\part_0002\c__Users_HiH8e_Downloads_RawrXD-production-lazy-init_src_masm_final-ide_stub_completion_comprehensive_v2.asm(325) : error A2006:undefined symbol : mutex_acquired
D:\rawrxd\history\runoff\part_0002\c__Users_HiH8e_Downloads_RawrXD-production-lazy-init_src_masm_final-ide_stub_completion_comprehensive_v2.asm(331) : error A2006:undefined symbol : start_anim_error
D:\rawrxd\history\runoff\part_0002\c__Users_HiH8e_Downloads_RawrXD-production-lazy-init_src_masm_final-ide_stub_completion_comprehensive_v2.asm(332) : error A2006:undefined symbol : ReleaseMutex
D:\rawrxd\history\runoff\part_0002\c__Users_HiH8e_Downloads_RawrXD-production-lazy-init_src_masm_final-ide_stub_completion_comprehensive_v2.asm(357) : error A2006:undefined symbol : update_anim_invalid
D:\rawrxd\history\runoff\part_0002\c__Users_HiH8e_Downloads_RawrXD-production-lazy-init_src_masm_final-ide_stub_completion_comprehensive_v2.asm(359) : error A2006:undefined symbol : update_anim_invalid
D:\rawrxd\history\runoff\part_0002\c__Users_HiH8e_Downloads_RawrXD-production-lazy-init_src_masm_final-ide_stub_completion_comprehensive_v2.asm(369) : error A2006:undefined symbol : update_anim_not_running
D:\rawrxd\history\runoff\part_0002\c__Users_HiH8e_Downloads_RawrXD-production-lazy-init_src_masm_final-ide_stub_completion_comprehensive_v2.asm(379) : error A2006:undefined symbol : update_anim_invalid
D:\rawrxd\history\runoff\part_0002\c__Users_HiH8e_Downloads_RawrXD-production-lazy-init_src_masm_final-ide_stub_completion_comprehensive_v2.asm(391) : error A2006:undefined symbol : update_anim_exit
D:\rawrxd\history\runoff\part_0002\c__Users_HiH8e_Downloads_RawrXD-production-lazy-init_src_masm_final-ide_stub_completion_comprehensive_v2.asm(433) : error A2006:undefined symbol : parse_json_error
D:\rawrxd\history\runoff\part_0002\c__Users_HiH8e_Downloads_RawrXD-production-lazy-init_src_masm_final-ide_stub_completion_comprehensive_v2.asm(436) : error A2006:undefined symbol : parse_json_error
D:\rawrxd\history\runoff\part_0002\c__Users_HiH8e_Downloads_RawrXD-production-lazy-init_src_masm_final-ide_stub_completion_comprehensive_v2.asm(442) : error A2006:undefined symbol : find_json_field
D:\rawrxd\history\runoff\part_0002\c__Users_HiH8e_Downloads_RawrXD-production-lazy-init_src_masm_final-ide_stub_completion_comprehensive_v2.asm(446) : error A2006:undefined symbol : parse_json_error
D:\rawrxd\history\runoff\part_0002\c__Users_HiH8e_Downloads_RawrXD-production-lazy-init_src_masm_final-ide_stub_completion_comprehensive_v2.asm(452) : error A2006:undefined symbol : parse_json_error
D:\rawrxd\history\runoff\part_0002\c__Users_HiH8e_Downloads_RawrXD-production-lazy-init_src_masm_final-ide_stub_completion_comprehensive_v2.asm(454) : error A2006:undefined symbol : parse_json_error
D:\rawrxd\history\runoff\part_0002\c__Users_HiH8e_Downloads_RawrXD-production-lazy-init_src_masm_final-ide_stub_completion_comprehensive_v2.asm(495) : error A2006:undefined symbol : start_style_error
D:\rawrxd\history\runoff\part_0002\c__Users_HiH8e_Downloads_RawrXD-production-lazy-init_src_masm_final-ide_stub_completion_comprehensive_v2.asm(497) : error A2006:undefined symbol : start_style_error
D:\rawrxd\history\runoff\part_0002\c__Users_HiH8e_Downloads_RawrXD-production-lazy-init_src_masm_final-ide_stub_completion_comprehensive_v2.asm(499) : error A2006:undefined symbol : start_style_error
D:\rawrxd\history\runoff\part_0002\c__Users_HiH8e_Downloads_RawrXD-production-lazy-init_src_masm_final-ide_stub_completion_comprehensive_v2.asm(503) : error A2006:undefined symbol : animation_callback
D:\rawrxd\history\runoff\part_0002\c__Users_HiH8e_Downloads_RawrXD-production-lazy-init_src_masm_final-ide_stub_completion_comprehensive_v2.asm(507) : error A2006:undefined symbol : start_style_error
D:\rawrxd\history\runoff\part_0002\c__Users_HiH8e_Downloads_RawrXD-production-lazy-init_src_masm_final-ide_stub_completion_comprehensive_v2.asm(542) : error A2006:undefined symbol : update_pos_error
D:\rawrxd\history\runoff\part_0002\c__Users_HiH8e_Downloads_RawrXD-production-lazy-init_src_masm_final-ide_stub_completion_comprehensive_v2.asm(547) : error A2006:undefined symbol : update_pos_error
D:\rawrxd\history\runoff\part_0002\c__Users_HiH8e_Downloads_RawrXD-production-lazy-init_src_masm_final-ide_stub_completion_comprehensive_v2.asm(549) : error A2006:undefined symbol : update_pos_error
D:\rawrxd\history\runoff\part_0002\c__Users_HiH8e_Downloads_RawrXD-production-lazy-init_src_masm_final-ide_stub_completion_comprehensive_v2.asm(556) : error A2006:undefined symbol : update_pos_success
D:\rawrxd\history\runoff\part_0002\c__Users_HiH8e_Downloads_RawrXD-production-lazy-init_src_masm_final-ide_stub_completion_comprehensive_v2.asm(561) : error A2098:invalid operand for OFFSET
D:\rawrxd\history\runoff\part_0002\c__Users_HiH8e_Downloads_RawrXD-production-lazy-init_src_masm_final-ide_stub_completion_comprehensive_v2.asm(567) : error A2006:undefined symbol : update_component_loop
D:\rawrxd\history\runoff\part_0002\c__Users_HiH8e_Downloads_RawrXD-production-lazy-init_src_masm_final-ide_stub_completion_comprehensive_v2.asm(594) : error A2006:undefined symbol : WM_PAINT
D:\rawrxd\history\runoff\part_0002\c__Users_HiH8e_Downloads_RawrXD-production-lazy-init_src_masm_final-ide_stub_completion_comprehensive_v2.asm(597) : error A2006:undefined symbol : SendMessageA
D:\rawrxd\history\runoff\part_0002\c__Users_HiH8e_Downloads_RawrXD-production-lazy-init_src_masm_final-ide_stub_completion_comprehensive_v2.asm(616) : error A2006:undefined symbol : parse_layout_error
D:\rawrxd\history\runoff\part_0002\c__Users_HiH8e_Downloads_RawrXD-production-lazy-init_src_masm_final-ide_stub_completion_comprehensive_v2.asm(620) : error A2006:undefined symbol : HeapAlloc
D:\rawrxd\history\runoff\part_0002\c__Users_HiH8e_Downloads_RawrXD-production-lazy-init_src_masm_final-ide_stub_completion_comprehensive_v2.asm(622) : error A2006:undefined symbol : parse_layout_error
D:\rawrxd\history\runoff\part_0002\c__Users_HiH8e_Downloads_RawrXD-production-lazy-init_src_masm_final-ide_stub_completion_comprehensive_v2.asm(658) : error A2006:undefined symbol : apply_layout_error
D:\rawrxd\history\runoff\part_0002\c__Users_HiH8e_Downloads_RawrXD-production-lazy-init_src_masm_final-ide_stub_completion_comprehensive_v2.asm(660) : error A2006:undefined symbol : apply_layout_error
D:\rawrxd\history\runoff\part_0002\c__Users_HiH8e_Downloads_RawrXD-production-lazy-init_src_masm_final-ide_stub_completion_comprehensive_v2.asm(673) : error A2022:instruction operands must be the same size
D:\rawrxd\history\runoff\part_0002\c__Users_HiH8e_Downloads_RawrXD-production-lazy-init_src_masm_final-ide_stub_completion_comprehensive_v2.asm(675) : error A2006:undefined symbol : SetWindowPos
D:\rawrxd\history\runoff\part_0002\c__Users_HiH8e_Downloads_RawrXD-production-lazy-init_src_masm_final-ide_stub_completion_comprehensive_v2.asm(705) : error A2006:undefined symbol : recalc_error
D:\rawrxd\history\runoff\part_0002\c__Users_HiH8e_Downloads_RawrXD-production-lazy-init_src_masm_final-ide_stub_completion_comprehensive_v2.asm(710) : error A2006:undefined symbol : recalc_error
D:\rawrxd\history\runoff\part_0002\c__Users_HiH8e_Downloads_RawrXD-production-lazy-init_src_masm_final-ide_stub_completion_comprehensive_v2.asm(749) : error A2006:undefined symbol : CBS_DROPDOWNLIST
D:\rawrxd\history\runoff\part_0002\c__Users_HiH8e_Downloads_RawrXD-production-lazy-init_src_masm_final-ide_stub_completion_comprehensive_v2.asm(760) : error A2006:undefined symbol : CBS_DROPDOWNLIST
D:\rawrxd\history\runoff\part_0002\c__Users_HiH8e_Downloads_RawrXD-production-lazy-init_src_masm_final-ide_stub_completion_comprehensive_v2.asm(765) : error A2006:undefined symbol : CreateWindowExA
D:\rawrxd\history\runoff\part_0002\c__Users_HiH8e_Downloads_RawrXD-production-lazy-init_src_masm_final-ide_stub_completion_comprehensive_v2.asm(777) : error A2006:undefined symbol : CB_SETCURSEL
D:\rawrxd\history\runoff\part_0002\c__Users_HiH8e_Downloads_RawrXD-production-lazy-init_src_masm_final-ide_stub_completion_comprehensive_v2.asm(780) : error A2006:undefined symbol : SendMessageA
D:\rawrxd\history\runoff\part_0002\c__Users_HiH8e_Downloads_RawrXD-production-lazy-init_src_masm_final-ide_stub_completion_comprehensive_v2.asm(808) : error A2006:undefined symbol : BS_AUTOCHECKBOX
D:\rawrxd\history\runoff\part_0002\c__Users_HiH8e_Downloads_RawrXD-production-lazy-init_src_masm_final-ide_stub_completion_comprehensive_v2.asm(813) : error A2006:undefined symbol : CreateWindowExA
D:\rawrxd\history\runoff\part_0002\c__Users_HiH8e_Downloads_RawrXD-production-lazy-init_src_masm_final-ide_stub_completion_comprehensive_v2.asm(839) : error A2006:undefined symbol : OPENFILENAMEA
D:\rawrxd\history\runoff\part_0002\c__Users_HiH8e_Downloads_RawrXD-production-lazy-init_src_masm_final-ide_stub_completion_comprehensive_v2.asm(840) : error A2006:undefined symbol : OPENFILENAMEA
D:\rawrxd\history\runoff\part_0002\c__Users_HiH8e_Downloads_RawrXD-production-lazy-init_src_masm_final-ide_stub_completion_comprehensive_v2.asm(842) : error A2006:undefined symbol : OPENFILENAMEA
D:\rawrxd\history\runoff\part_0002\c__Users_HiH8e_Downloads_RawrXD-production-lazy-init_src_masm_final-ide_stub_completion_comprehensive_v2.asm(843) : error A2006:undefined symbol : OPENFILENAMEA
D:\rawrxd\history\runoff\part_0002\c__Users_HiH8e_Downloads_RawrXD-production-lazy-init_src_masm_final-ide_stub_completion_comprehensive_v2.asm(844) : error A2006:undefined symbol : OPENFILENAMEA
D:\rawrxd\history\runoff\part_0002\c__Users_HiH8e_Downloads_RawrXD-production-lazy-init_src_masm_final-ide_stub_completion_comprehensive_v2.asm(845) : error A2006:undefined symbol : OPENFILENAMEA
D:\rawrxd\history\runoff\part_0002\c__Users_HiH8e_Downloads_RawrXD-production-lazy-init_src_masm_final-ide_stub_completion_comprehensive_v2.asm(846) : error A2006:undefined symbol : OPENFILENAMEA
D:\rawrxd\history\runoff\part_0002\c__Users_HiH8e_Downloads_RawrXD-production-lazy-init_src_masm_final-ide_stub_completion_comprehensive_v2.asm(847) : error A2006:undefined symbol : OPENFILENAMEA
D:\rawrxd\history\runoff\part_0002\c__Users_HiH8e_Downloads_RawrXD-production-lazy-init_src_masm_final-ide_stub_completion_comprehensive_v2.asm(851) : error A2006:undefined symbol : OPENFILENAMEA
D:\rawrxd\history\runoff\part_0002\c__Users_HiH8e_Downloads_RawrXD-production-lazy-init_src_masm_final-ide_stub_completion_comprehensive_v2.asm(852) : error A2006:undefined symbol : OPENFILENAMEA
D:\rawrxd\history\runoff\part_0002\c__Users_HiH8e_Downloads_RawrXD-production-lazy-init_src_masm_final-ide_stub_completion_comprehensive_v2.asm(854) : error A2006:undefined symbol : OPENFILENAMEA
D:\rawrxd\history\runoff\part_0002\c__Users_HiH8e_Downloads_RawrXD-production-lazy-init_src_masm_final-ide_stub_completion_comprehensive_v2.asm(858) : error A2006:undefined symbol : GetOpenFileNameA
D:\rawrxd\history\runoff\part_0002\c__Users_HiH8e_Downloads_RawrXD-production-lazy-init_src_masm_final-ide_stub_completion_comprehensive_v2.asm(860) : error A2006:undefined symbol : file_dialog_cancel
D:\rawrxd\history\runoff\part_0002\c__Users_HiH8e_Downloads_RawrXD-production-lazy-init_src_masm_final-ide_stub_completion_comprehensive_v2.asm(897) : error A2006:undefined symbol : GENERIC_READ
D:\rawrxd\history\runoff\part_0002\c__Users_HiH8e_Downloads_RawrXD-production-lazy-init_src_masm_final-ide_stub_completion_comprehensive_v2.asm(898) : fatal error A1012:error count exceeds 100; stopping assembly
