 Assembling: D:\rawrxd\history\runoff\part_0005\c__Users_HiH8e_OneDrive_Desktop_RawrXD-production-lazy-init_masm_ide_src_pifabric_quant_policy.asm
D:\rawrxd\history\runoff\part_0005\c__Users_HiH8e_OneDrive_Desktop_RawrXD-production-lazy-init_masm_ide_src_pifabric_quant_policy.asm(2) : error A2008:syntax error : .
D:\rawrxd\history\runoff\part_0005\c__Users_HiH8e_OneDrive_Desktop_RawrXD-production-lazy-init_masm_ide_src_pifabric_quant_policy.asm(3) : error A2008:syntax error : .
D:\rawrxd\history\runoff\part_0005\c__Users_HiH8e_OneDrive_Desktop_RawrXD-production-lazy-init_masm_ide_src_pifabric_quant_policy.asm(17) : error A2034:must be in segment block : PiFabric_SelectQuantLevel
D:\rawrxd\history\runoff\part_0005\c__Users_HiH8e_OneDrive_Desktop_RawrXD-production-lazy-init_masm_ide_src_pifabric_quant_policy.asm(18) : error A2034:must be in segment block
D:\rawrxd\history\runoff\part_0005\c__Users_HiH8e_OneDrive_Desktop_RawrXD-production-lazy-init_masm_ide_src_pifabric_quant_policy.asm(19) : error A2034:must be in segment block
D:\rawrxd\history\runoff\part_0005\c__Users_HiH8e_OneDrive_Desktop_RawrXD-production-lazy-init_masm_ide_src_pifabric_quant_policy.asm(20) : error A2034:must be in segment block
D:\rawrxd\history\runoff\part_0005\c__Users_HiH8e_OneDrive_Desktop_RawrXD-production-lazy-init_masm_ide_src_pifabric_quant_policy.asm(21) : error A2034:must be in segment block
D:\rawrxd\history\runoff\part_0005\c__Users_HiH8e_OneDrive_Desktop_RawrXD-production-lazy-init_masm_ide_src_pifabric_quant_policy.asm(22) : error A2034:must be in segment block
D:\rawrxd\history\runoff\part_0005\c__Users_HiH8e_OneDrive_Desktop_RawrXD-production-lazy-init_masm_ide_src_pifabric_quant_policy.asm(23) : error A2034:must be in segment block
D:\rawrxd\history\runoff\part_0005\c__Users_HiH8e_OneDrive_Desktop_RawrXD-production-lazy-init_masm_ide_src_pifabric_quant_policy.asm(24) : error A2034:must be in segment block
D:\rawrxd\history\runoff\part_0005\c__Users_HiH8e_OneDrive_Desktop_RawrXD-production-lazy-init_masm_ide_src_pifabric_quant_policy.asm(25) : error A2034:must be in segment block
D:\rawrxd\history\runoff\part_0005\c__Users_HiH8e_OneDrive_Desktop_RawrXD-production-lazy-init_masm_ide_src_pifabric_quant_policy.asm(26) : error A2034:must be in segment block
D:\rawrxd\history\runoff\part_0005\c__Users_HiH8e_OneDrive_Desktop_RawrXD-production-lazy-init_masm_ide_src_pifabric_quant_policy.asm(27) : error A2034:must be in segment block
D:\rawrxd\history\runoff\part_0005\c__Users_HiH8e_OneDrive_Desktop_RawrXD-production-lazy-init_masm_ide_src_pifabric_quant_policy.asm(28) : error A2034:must be in segment block
D:\rawrxd\history\runoff\part_0005\c__Users_HiH8e_OneDrive_Desktop_RawrXD-production-lazy-init_masm_ide_src_pifabric_quant_policy.asm(29) : error A2034:must be in segment block
D:\rawrxd\history\runoff\part_0005\c__Users_HiH8e_OneDrive_Desktop_RawrXD-production-lazy-init_masm_ide_src_pifabric_quant_policy.asm(30) : error A2034:must be in segment block
D:\rawrxd\history\runoff\part_0005\c__Users_HiH8e_OneDrive_Desktop_RawrXD-production-lazy-init_masm_ide_src_pifabric_quant_policy.asm(31) : error A2034:must be in segment block
D:\rawrxd\history\runoff\part_0005\c__Users_HiH8e_OneDrive_Desktop_RawrXD-production-lazy-init_masm_ide_src_pifabric_quant_policy.asm(32) : error A2034:must be in segment block
D:\rawrxd\history\runoff\part_0005\c__Users_HiH8e_OneDrive_Desktop_RawrXD-production-lazy-init_masm_ide_src_pifabric_quant_policy.asm(33) : fatal error A1010:unmatched block nesting : PiFabric_SelectQuantLevel
