 Assembling: D:\rawrxd\history\runoff\part_0005\c__Users_HiH8e_OneDrive_Desktop_RawrXD-production-lazy-init_masm_ide_src_gguf_advanced_features.asm
D:\rawrxd\history\runoff\part_0005\c__Users_HiH8e_OneDrive_Desktop_RawrXD-production-lazy-init_masm_ide_src_gguf_advanced_features.asm(7) : error A2008:syntax error : .
D:\rawrxd\history\runoff\part_0005\c__Users_HiH8e_OneDrive_Desktop_RawrXD-production-lazy-init_masm_ide_src_gguf_advanced_features.asm(8) : error A2008:syntax error : .
D:\rawrxd\history\runoff\part_0005\c__Users_HiH8e_OneDrive_Desktop_RawrXD-production-lazy-init_masm_ide_src_gguf_advanced_features.asm(38) : error A2008:syntax error : [
D:\rawrxd\history\runoff\part_0005\c__Users_HiH8e_OneDrive_Desktop_RawrXD-production-lazy-init_masm_ide_src_gguf_advanced_features.asm(42) : error A2008:syntax error : [
D:\rawrxd\history\runoff\part_0005\c__Users_HiH8e_OneDrive_Desktop_RawrXD-production-lazy-init_masm_ide_src_gguf_advanced_features.asm(46) : error A2008:syntax error : real4
D:\rawrxd\history\runoff\part_0005\c__Users_HiH8e_OneDrive_Desktop_RawrXD-production-lazy-init_masm_ide_src_gguf_advanced_features.asm(48) : error A2008:syntax error : [
D:\rawrxd\history\runoff\part_0005\c__Users_HiH8e_OneDrive_Desktop_RawrXD-production-lazy-init_masm_ide_src_gguf_advanced_features.asm(53) : error A2008:syntax error : [
D:\rawrxd\history\runoff\part_0005\c__Users_HiH8e_OneDrive_Desktop_RawrXD-production-lazy-init_masm_ide_src_gguf_advanced_features.asm(55) : error A2008:syntax error : [
D:\rawrxd\history\runoff\part_0005\c__Users_HiH8e_OneDrive_Desktop_RawrXD-production-lazy-init_masm_ide_src_gguf_advanced_features.asm(102) : error A2008:syntax error : esi
D:\rawrxd\history\runoff\part_0005\c__Users_HiH8e_OneDrive_Desktop_RawrXD-production-lazy-init_masm_ide_src_gguf_advanced_features.asm(104) : error A2012:PROC, MACRO, or macro repeat directive must precede LOCAL
D:\rawrxd\history\runoff\part_0005\c__Users_HiH8e_OneDrive_Desktop_RawrXD-production-lazy-init_masm_ide_src_gguf_advanced_features.asm(105) : error A2012:PROC, MACRO, or macro repeat directive must precede LOCAL
D:\rawrxd\history\runoff\part_0005\c__Users_HiH8e_OneDrive_Desktop_RawrXD-production-lazy-init_masm_ide_src_gguf_advanced_features.asm(106) : error A2012:PROC, MACRO, or macro repeat directive must precede LOCAL
D:\rawrxd\history\runoff\part_0005\c__Users_HiH8e_OneDrive_Desktop_RawrXD-production-lazy-init_masm_ide_src_gguf_advanced_features.asm(107) : error A2012:PROC, MACRO, or macro repeat directive must precede LOCAL
D:\rawrxd\history\runoff\part_0005\c__Users_HiH8e_OneDrive_Desktop_RawrXD-production-lazy-init_masm_ide_src_gguf_advanced_features.asm(110) : error A2008:syntax error : invoke
D:\rawrxd\history\runoff\part_0005\c__Users_HiH8e_OneDrive_Desktop_RawrXD-production-lazy-init_masm_ide_src_gguf_advanced_features.asm(118) : error A2008:syntax error : invoke
D:\rawrxd\history\runoff\part_0005\c__Users_HiH8e_OneDrive_Desktop_RawrXD-production-lazy-init_masm_ide_src_gguf_advanced_features.asm(133) : error A2045:missing angle bracket or brace in literal
D:\rawrxd\history\runoff\part_0005\c__Users_HiH8e_OneDrive_Desktop_RawrXD-production-lazy-init_masm_ide_src_gguf_advanced_features.asm(134) : error A2008:syntax error : /
D:\rawrxd\history\runoff\part_0005\c__Users_HiH8e_OneDrive_Desktop_RawrXD-production-lazy-init_masm_ide_src_gguf_advanced_features.asm(137) : error A2045:missing angle bracket or brace in literal
D:\rawrxd\history\runoff\part_0005\c__Users_HiH8e_OneDrive_Desktop_RawrXD-production-lazy-init_masm_ide_src_gguf_advanced_features.asm(138) : error A2045:missing angle bracket or brace in literal
D:\rawrxd\history\runoff\part_0005\c__Users_HiH8e_OneDrive_Desktop_RawrXD-production-lazy-init_masm_ide_src_gguf_advanced_features.asm(152) : error A2008:syntax error : invoke
D:\rawrxd\history\runoff\part_0005\c__Users_HiH8e_OneDrive_Desktop_RawrXD-production-lazy-init_masm_ide_src_gguf_advanced_features.asm(157) : error A2008:syntax error : invoke
D:\rawrxd\history\runoff\part_0005\c__Users_HiH8e_OneDrive_Desktop_RawrXD-production-lazy-init_masm_ide_src_gguf_advanced_features.asm(162) : fatal error A1010:unmatched block nesting : GGUF_LoadSafeTensors
