 Assembling: D:\rawrxd\history\runoff\part_0002\c__Users_HiH8e_Downloads_RawrXD-production-lazy-init_src_masm_final-ide_logging.asm
D:\rawrxd\history\runoff\part_0002\c__Users_HiH8e_Downloads_RawrXD-production-lazy-init_src_masm_final-ide_logging.asm(137) : error A2070:invalid instruction operands
D:\rawrxd\history\runoff\part_0002\c__Users_HiH8e_Downloads_RawrXD-production-lazy-init_src_masm_final-ide_logging.asm(176) : error A2008:syntax error : st
D:\rawrxd\history\runoff\part_0002\c__Users_HiH8e_Downloads_RawrXD-production-lazy-init_src_masm_final-ide_logging.asm(184) : error A2070:invalid instruction operands
D:\rawrxd\history\runoff\part_0002\c__Users_HiH8e_Downloads_RawrXD-production-lazy-init_src_masm_final-ide_logging.asm(209) : error A2008:syntax error : st
D:\rawrxd\history\runoff\part_0002\c__Users_HiH8e_Downloads_RawrXD-production-lazy-init_src_masm_final-ide_logging.asm(131) : error A2006:undefined symbol : GENERIC_WRITE
D:\rawrxd\history\runoff\part_0002\c__Users_HiH8e_Downloads_RawrXD-production-lazy-init_src_masm_final-ide_logging.asm(132) : error A2006:undefined symbol : FILE_SHARE_READ
D:\rawrxd\history\runoff\part_0002\c__Users_HiH8e_Downloads_RawrXD-production-lazy-init_src_masm_final-ide_logging.asm(135) : error A2006:undefined symbol : OPEN_ALWAYS
D:\rawrxd\history\runoff\part_0002\c__Users_HiH8e_Downloads_RawrXD-production-lazy-init_src_masm_final-ide_logging.asm(136) : error A2006:undefined symbol : FILE_ATTRIBUTE_NORMAL
D:\rawrxd\history\runoff\part_0002\c__Users_HiH8e_Downloads_RawrXD-production-lazy-init_src_masm_final-ide_logging.asm(140) : error A2006:undefined symbol : INVALID_HANDLE_VALUE
D:\rawrxd\history\runoff\part_0002\c__Users_HiH8e_Downloads_RawrXD-production-lazy-init_src_masm_final-ide_logging.asm(150) : error A2006:undefined symbol : FILE_END
D:\rawrxd\history\runoff\part_0002\c__Users_HiH8e_Downloads_RawrXD-production-lazy-init_src_masm_final-ide_logging.asm(190) : error A2009:syntax error in expression
D:\rawrxd\history\runoff\part_0002\c__Users_HiH8e_Downloads_RawrXD-production-lazy-init_src_masm_final-ide_logging.asm(191) : error A2009:syntax error in expression
D:\rawrxd\history\runoff\part_0002\c__Users_HiH8e_Downloads_RawrXD-production-lazy-init_src_masm_final-ide_logging.asm(192) : error A2009:syntax error in expression
D:\rawrxd\history\runoff\part_0002\c__Users_HiH8e_Downloads_RawrXD-production-lazy-init_src_masm_final-ide_logging.asm(312) : error A2006:undefined symbol : szLogFileName
D:\rawrxd\history\runoff\part_0002\c__Users_HiH8e_Downloads_RawrXD-production-lazy-init_src_masm_final-ide_logging.asm(313) : error A2006:undefined symbol : szLogFileNameOld
D:\rawrxd\history\runoff\part_0002\c__Users_HiH8e_Downloads_RawrXD-production-lazy-init_src_masm_final-ide_logging.asm(314) : error A2006:undefined symbol : MoveFileExA
D:\rawrxd\history\runoff\part_0002\c__Users_HiH8e_Downloads_RawrXD-production-lazy-init_src_masm_final-ide_logging.asm(317) : error A2006:undefined symbol : szLogFileName
D:\rawrxd\history\runoff\part_0002\c__Users_HiH8e_Downloads_RawrXD-production-lazy-init_src_masm_final-ide_logging.asm(318) : error A2006:undefined symbol : GENERIC_WRITE
D:\rawrxd\history\runoff\part_0002\c__Users_HiH8e_Downloads_RawrXD-production-lazy-init_src_masm_final-ide_logging.asm(319) : error A2006:undefined symbol : FILE_SHARE_READ
D:\rawrxd\history\runoff\part_0002\c__Users_HiH8e_Downloads_RawrXD-production-lazy-init_src_masm_final-ide_logging.asm(321) : error A2006:undefined symbol : CREATE_ALWAYS
D:\rawrxd\history\runoff\part_0002\c__Users_HiH8e_Downloads_RawrXD-production-lazy-init_src_masm_final-ide_logging.asm(322) : error A2006:undefined symbol : FILE_ATTRIBUTE_NORMAL
D:\rawrxd\history\runoff\part_0002\c__Users_HiH8e_Downloads_RawrXD-production-lazy-init_src_masm_final-ide_logging.asm(352) : warning A6004:procedure argument or local not referenced : bytesWritten
