 Assembling: D:\rawrxd\history\runoff\part_0005\c__Users_HiH8e_OneDrive_Desktop_RawrXD-production-lazy-init_masm_ide_src_lut_acceleration.asm
D:\rawrxd\history\runoff\part_0005\c__Users_HiH8e_OneDrive_Desktop_RawrXD-production-lazy-init_masm_ide_src_lut_acceleration.asm(67) : error A2008:syntax error : .
D:\rawrxd\history\runoff\part_0005\c__Users_HiH8e_OneDrive_Desktop_RawrXD-production-lazy-init_masm_ide_src_lut_acceleration.asm(82) : error A2070:invalid instruction operands
D:\rawrxd\history\runoff\part_0005\c__Users_HiH8e_OneDrive_Desktop_RawrXD-production-lazy-init_masm_ide_src_lut_acceleration.asm(87) : error A2008:syntax error : .
D:\rawrxd\history\runoff\part_0005\c__Users_HiH8e_OneDrive_Desktop_RawrXD-production-lazy-init_masm_ide_src_lut_acceleration.asm(91) : error A2008:syntax error : .
D:\rawrxd\history\runoff\part_0005\c__Users_HiH8e_OneDrive_Desktop_RawrXD-production-lazy-init_masm_ide_src_lut_acceleration.asm(94) : error A2008:syntax error : .
D:\rawrxd\history\runoff\part_0005\c__Users_HiH8e_OneDrive_Desktop_RawrXD-production-lazy-init_masm_ide_src_lut_acceleration.asm(138) : error A2008:syntax error : .
D:\rawrxd\history\runoff\part_0005\c__Users_HiH8e_OneDrive_Desktop_RawrXD-production-lazy-init_masm_ide_src_lut_acceleration.asm(150) : error A2008:syntax error : .
D:\rawrxd\history\runoff\part_0005\c__Users_HiH8e_OneDrive_Desktop_RawrXD-production-lazy-init_masm_ide_src_lut_acceleration.asm(158) : error A2070:invalid instruction operands
D:\rawrxd\history\runoff\part_0005\c__Users_HiH8e_OneDrive_Desktop_RawrXD-production-lazy-init_masm_ide_src_lut_acceleration.asm(163) : error A2008:syntax error : .
D:\rawrxd\history\runoff\part_0005\c__Users_HiH8e_OneDrive_Desktop_RawrXD-production-lazy-init_masm_ide_src_lut_acceleration.asm(167) : error A2008:syntax error : .
D:\rawrxd\history\runoff\part_0005\c__Users_HiH8e_OneDrive_Desktop_RawrXD-production-lazy-init_masm_ide_src_lut_acceleration.asm(170) : error A2008:syntax error : .
D:\rawrxd\history\runoff\part_0005\c__Users_HiH8e_OneDrive_Desktop_RawrXD-production-lazy-init_masm_ide_src_lut_acceleration.asm(220) : error A2008:syntax error : .
D:\rawrxd\history\runoff\part_0005\c__Users_HiH8e_OneDrive_Desktop_RawrXD-production-lazy-init_masm_ide_src_lut_acceleration.asm(231) : error A2008:syntax error : .
D:\rawrxd\history\runoff\part_0005\c__Users_HiH8e_OneDrive_Desktop_RawrXD-production-lazy-init_masm_ide_src_lut_acceleration.asm(244) : error A2008:syntax error : .
D:\rawrxd\history\runoff\part_0005\c__Users_HiH8e_OneDrive_Desktop_RawrXD-production-lazy-init_masm_ide_src_lut_acceleration.asm(246) : error A2070:invalid instruction operands
D:\rawrxd\history\runoff\part_0005\c__Users_HiH8e_OneDrive_Desktop_RawrXD-production-lazy-init_masm_ide_src_lut_acceleration.asm(249) : error A2070:invalid instruction operands
D:\rawrxd\history\runoff\part_0005\c__Users_HiH8e_OneDrive_Desktop_RawrXD-production-lazy-init_masm_ide_src_lut_acceleration.asm(254) : error A2008:syntax error : .
D:\rawrxd\history\runoff\part_0005\c__Users_HiH8e_OneDrive_Desktop_RawrXD-production-lazy-init_masm_ide_src_lut_acceleration.asm(262) : error A2070:invalid instruction operands
D:\rawrxd\history\runoff\part_0005\c__Users_HiH8e_OneDrive_Desktop_RawrXD-production-lazy-init_masm_ide_src_lut_acceleration.asm(263) : error A2070:invalid instruction operands
D:\rawrxd\history\runoff\part_0005\c__Users_HiH8e_OneDrive_Desktop_RawrXD-production-lazy-init_masm_ide_src_lut_acceleration.asm(268) : error A2070:invalid instruction operands
D:\rawrxd\history\runoff\part_0005\c__Users_HiH8e_OneDrive_Desktop_RawrXD-production-lazy-init_masm_ide_src_lut_acceleration.asm(269) : error A2070:invalid instruction operands
D:\rawrxd\history\runoff\part_0005\c__Users_HiH8e_OneDrive_Desktop_RawrXD-production-lazy-init_masm_ide_src_lut_acceleration.asm(274) : error A2070:invalid instruction operands
D:\rawrxd\history\runoff\part_0005\c__Users_HiH8e_OneDrive_Desktop_RawrXD-production-lazy-init_masm_ide_src_lut_acceleration.asm(275) : error A2070:invalid instruction operands
D:\rawrxd\history\runoff\part_0005\c__Users_HiH8e_OneDrive_Desktop_RawrXD-production-lazy-init_masm_ide_src_lut_acceleration.asm(280) : error A2070:invalid instruction operands
D:\rawrxd\history\runoff\part_0005\c__Users_HiH8e_OneDrive_Desktop_RawrXD-production-lazy-init_masm_ide_src_lut_acceleration.asm(281) : error A2070:invalid instruction operands
D:\rawrxd\history\runoff\part_0005\c__Users_HiH8e_OneDrive_Desktop_RawrXD-production-lazy-init_masm_ide_src_lut_acceleration.asm(286) : error A2008:syntax error : .
D:\rawrxd\history\runoff\part_0005\c__Users_HiH8e_OneDrive_Desktop_RawrXD-production-lazy-init_masm_ide_src_lut_acceleration.asm(290) : error A2008:syntax error : .
D:\rawrxd\history\runoff\part_0005\c__Users_HiH8e_OneDrive_Desktop_RawrXD-production-lazy-init_masm_ide_src_lut_acceleration.asm(294) : error A2008:syntax error : .
D:\rawrxd\history\runoff\part_0005\c__Users_HiH8e_OneDrive_Desktop_RawrXD-production-lazy-init_masm_ide_src_lut_acceleration.asm(297) : error A2008:syntax error : .
D:\rawrxd\history\runoff\part_0005\c__Users_HiH8e_OneDrive_Desktop_RawrXD-production-lazy-init_masm_ide_src_lut_acceleration.asm(341) : error A2008:syntax error : .
D:\rawrxd\history\runoff\part_0005\c__Users_HiH8e_OneDrive_Desktop_RawrXD-production-lazy-init_masm_ide_src_lut_acceleration.asm(361) : error A2008:syntax error : .
D:\rawrxd\history\runoff\part_0005\c__Users_HiH8e_OneDrive_Desktop_RawrXD-production-lazy-init_masm_ide_src_lut_acceleration.asm(366) : error A2008:syntax error : .
D:\rawrxd\history\runoff\part_0005\c__Users_HiH8e_OneDrive_Desktop_RawrXD-production-lazy-init_masm_ide_src_lut_acceleration.asm(368) : error A2070:invalid instruction operands
D:\rawrxd\history\runoff\part_0005\c__Users_HiH8e_OneDrive_Desktop_RawrXD-production-lazy-init_masm_ide_src_lut_acceleration.asm(373) : error A2070:invalid instruction operands
D:\rawrxd\history\runoff\part_0005\c__Users_HiH8e_OneDrive_Desktop_RawrXD-production-lazy-init_masm_ide_src_lut_acceleration.asm(378) : error A2008:syntax error : .
D:\rawrxd\history\runoff\part_0005\c__Users_HiH8e_OneDrive_Desktop_RawrXD-production-lazy-init_masm_ide_src_lut_acceleration.asm(382) : error A2008:syntax error : .
D:\rawrxd\history\runoff\part_0005\c__Users_HiH8e_OneDrive_Desktop_RawrXD-production-lazy-init_masm_ide_src_lut_acceleration.asm(386) : error A2008:syntax error : .
D:\rawrxd\history\runoff\part_0005\c__Users_HiH8e_OneDrive_Desktop_RawrXD-production-lazy-init_masm_ide_src_lut_acceleration.asm(389) : error A2008:syntax error : .
D:\rawrxd\history\runoff\part_0005\c__Users_HiH8e_OneDrive_Desktop_RawrXD-production-lazy-init_masm_ide_src_lut_acceleration.asm(417) : error A2008:syntax error : .
D:\rawrxd\history\runoff\part_0005\c__Users_HiH8e_OneDrive_Desktop_RawrXD-production-lazy-init_masm_ide_src_lut_acceleration.asm(423) : error A2070:invalid instruction operands
D:\rawrxd\history\runoff\part_0005\c__Users_HiH8e_OneDrive_Desktop_RawrXD-production-lazy-init_masm_ide_src_lut_acceleration.asm(434) : error A2008:syntax error : .
D:\rawrxd\history\runoff\part_0005\c__Users_HiH8e_OneDrive_Desktop_RawrXD-production-lazy-init_masm_ide_src_lut_acceleration.asm(438) : error A2008:syntax error : .
D:\rawrxd\history\runoff\part_0005\c__Users_HiH8e_OneDrive_Desktop_RawrXD-production-lazy-init_masm_ide_src_lut_acceleration.asm(457) : error A2008:syntax error : .
D:\rawrxd\history\runoff\part_0005\c__Users_HiH8e_OneDrive_Desktop_RawrXD-production-lazy-init_masm_ide_src_lut_acceleration.asm(465) : error A2008:syntax error : .
D:\rawrxd\history\runoff\part_0005\c__Users_HiH8e_OneDrive_Desktop_RawrXD-production-lazy-init_masm_ide_src_lut_acceleration.asm(538) : error A2008:syntax error : align
D:\rawrxd\history\runoff\part_0005\c__Users_HiH8e_OneDrive_Desktop_RawrXD-production-lazy-init_masm_ide_src_lut_acceleration.asm(42) : error A2006:undefined symbol : build_failed
D:\rawrxd\history\runoff\part_0005\c__Users_HiH8e_OneDrive_Desktop_RawrXD-production-lazy-init_masm_ide_src_lut_acceleration.asm(55) : error A2006:undefined symbol : build_failed
D:\rawrxd\history\runoff\part_0005\c__Users_HiH8e_OneDrive_Desktop_RawrXD-production-lazy-init_masm_ide_src_lut_acceleration.asm(69) : error A2006:undefined symbol : build_lut_done
D:\rawrxd\history\runoff\part_0005\c__Users_HiH8e_OneDrive_Desktop_RawrXD-production-lazy-init_masm_ide_src_lut_acceleration.asm(85) : error A2006:undefined symbol : build_lut_loop
D:\rawrxd\history\runoff\part_0005\c__Users_HiH8e_OneDrive_Desktop_RawrXD-production-lazy-init_masm_ide_src_lut_acceleration.asm(89) : error A2006:undefined symbol : build_cleanup
D:\rawrxd\history\runoff\part_0005\c__Users_HiH8e_OneDrive_Desktop_RawrXD-production-lazy-init_masm_ide_src_lut_acceleration.asm(120) : error A2006:undefined symbol : build_4_failed
D:\rawrxd\history\runoff\part_0005\c__Users_HiH8e_OneDrive_Desktop_RawrXD-production-lazy-init_masm_ide_src_lut_acceleration.asm(128) : error A2006:undefined symbol : build_4_failed
D:\rawrxd\history\runoff\part_0005\c__Users_HiH8e_OneDrive_Desktop_RawrXD-production-lazy-init_masm_ide_src_lut_acceleration.asm(140) : error A2006:undefined symbol : build_4_lut_done
D:\rawrxd\history\runoff\part_0005\c__Users_HiH8e_OneDrive_Desktop_RawrXD-production-lazy-init_masm_ide_src_lut_acceleration.asm(147) : error A2006:undefined symbol : pos_4bit
D:\rawrxd\history\runoff\part_0005\c__Users_HiH8e_OneDrive_Desktop_RawrXD-production-lazy-init_masm_ide_src_lut_acceleration.asm(148) : error A2206:missing operator in expression
D:\rawrxd\history\runoff\part_0005\c__Users_HiH8e_OneDrive_Desktop_RawrXD-production-lazy-init_masm_ide_src_lut_acceleration.asm(161) : error A2006:undefined symbol : build_4_lut_loop
D:\rawrxd\history\runoff\part_0005\c__Users_HiH8e_OneDrive_Desktop_RawrXD-production-lazy-init_masm_ide_src_lut_acceleration.asm(165) : error A2006:undefined symbol : build_4_cleanup
D:\rawrxd\history\runoff\part_0005\c__Users_HiH8e_OneDrive_Desktop_RawrXD-production-lazy-init_masm_ide_src_lut_acceleration.asm(199) : error A2006:undefined symbol : fast_lut_invalid
D:\rawrxd\history\runoff\part_0005\c__Users_HiH8e_OneDrive_Desktop_RawrXD-production-lazy-init_masm_ide_src_lut_acceleration.asm(201) : error A2006:undefined symbol : fast_lut_invalid
D:\rawrxd\history\runoff\part_0005\c__Users_HiH8e_OneDrive_Desktop_RawrXD-production-lazy-init_masm_ide_src_lut_acceleration.asm(203) : error A2006:undefined symbol : fast_lut_invalid
D:\rawrxd\history\runoff\part_0005\c__Users_HiH8e_OneDrive_Desktop_RawrXD-production-lazy-init_masm_ide_src_lut_acceleration.asm(205) : error A2006:undefined symbol : fast_lut_done
D:\rawrxd\history\runoff\part_0005\c__Users_HiH8e_OneDrive_Desktop_RawrXD-production-lazy-init_masm_ide_src_lut_acceleration.asm(210) : error A2006:undefined symbol : fast_lut_invalid
D:\rawrxd\history\runoff\part_0005\c__Users_HiH8e_OneDrive_Desktop_RawrXD-production-lazy-init_masm_ide_src_lut_acceleration.asm(222) : error A2006:undefined symbol : fast_lut_complete
D:\rawrxd\history\runoff\part_0005\c__Users_HiH8e_OneDrive_Desktop_RawrXD-production-lazy-init_masm_ide_src_lut_acceleration.asm(228) : error A2006:undefined symbol : process_8_elements
D:\rawrxd\history\runoff\part_0005\c__Users_HiH8e_OneDrive_Desktop_RawrXD-production-lazy-init_masm_ide_src_lut_acceleration.asm(233) : error A2006:undefined symbol : fast_lut_complete
D:\rawrxd\history\runoff\part_0005\c__Users_HiH8e_OneDrive_Desktop_RawrXD-production-lazy-init_masm_ide_src_lut_acceleration.asm(241) : error A2006:undefined symbol : lut_index_valid
D:\rawrxd\history\runoff\part_0005\c__Users_HiH8e_OneDrive_Desktop_RawrXD-production-lazy-init_masm_ide_src_lut_acceleration.asm(252) : error A2006:undefined symbol : fast_lut_single
D:\rawrxd\history\runoff\part_0005\c__Users_HiH8e_OneDrive_Desktop_RawrXD-production-lazy-init_masm_ide_src_lut_acceleration.asm(284) : error A2006:undefined symbol : fast_lut_batch
D:\rawrxd\history\runoff\part_0005\c__Users_HiH8e_OneDrive_Desktop_RawrXD-production-lazy-init_masm_ide_src_lut_acceleration.asm(288) : error A2006:undefined symbol : fast_lut_cleanup
D:\rawrxd\history\runoff\part_0005\c__Users_HiH8e_OneDrive_Desktop_RawrXD-production-lazy-init_masm_ide_src_lut_acceleration.asm(292) : error A2006:undefined symbol : fast_lut_cleanup
D:\rawrxd\history\runoff\part_0005\c__Users_HiH8e_OneDrive_Desktop_RawrXD-production-lazy-init_masm_ide_src_lut_acceleration.asm(325) : error A2006:undefined symbol : fast_lut_4_invalid
D:\rawrxd\history\runoff\part_0005\c__Users_HiH8e_OneDrive_Desktop_RawrXD-production-lazy-init_masm_ide_src_lut_acceleration.asm(327) : error A2006:undefined symbol : fast_lut_4_invalid
D:\rawrxd\history\runoff\part_0005\c__Users_HiH8e_OneDrive_Desktop_RawrXD-production-lazy-init_masm_ide_src_lut_acceleration.asm(329) : error A2006:undefined symbol : fast_lut_4_invalid
D:\rawrxd\history\runoff\part_0005\c__Users_HiH8e_OneDrive_Desktop_RawrXD-production-lazy-init_masm_ide_src_lut_acceleration.asm(331) : error A2006:undefined symbol : fast_lut_4_done
D:\rawrxd\history\runoff\part_0005\c__Users_HiH8e_OneDrive_Desktop_RawrXD-production-lazy-init_masm_ide_src_lut_acceleration.asm(335) : error A2006:undefined symbol : fast_lut_4_invalid
D:\rawrxd\history\runoff\part_0005\c__Users_HiH8e_OneDrive_Desktop_RawrXD-production-lazy-init_masm_ide_src_lut_acceleration.asm(343) : error A2006:undefined symbol : fast_lut_4_complete
D:\rawrxd\history\runoff\part_0005\c__Users_HiH8e_OneDrive_Desktop_RawrXD-production-lazy-init_masm_ide_src_lut_acceleration.asm(354) : error A2006:undefined symbol : low_nibble_4
D:\rawrxd\history\runoff\part_0005\c__Users_HiH8e_OneDrive_Desktop_RawrXD-production-lazy-init_masm_ide_src_lut_acceleration.asm(359) : error A2006:undefined symbol : lookup_4
D:\rawrxd\history\runoff\part_0005\c__Users_HiH8e_OneDrive_Desktop_RawrXD-production-lazy-init_masm_ide_src_lut_acceleration.asm(364) : error A2206:missing operator in expression
D:\rawrxd\history\runoff\part_0005\c__Users_HiH8e_OneDrive_Desktop_RawrXD-production-lazy-init_masm_ide_src_lut_acceleration.asm(376) : error A2006:undefined symbol : fast_lut_4_loop
D:\rawrxd\history\runoff\part_0005\c__Users_HiH8e_OneDrive_Desktop_RawrXD-production-lazy-init_masm_ide_src_lut_acceleration.asm(380) : error A2006:undefined symbol : fast_lut_4_cleanup
D:\rawrxd\history\runoff\part_0005\c__Users_HiH8e_OneDrive_Desktop_RawrXD-production-lazy-init_masm_ide_src_lut_acceleration.asm(384) : error A2006:undefined symbol : fast_lut_4_cleanup
D:\rawrxd\history\runoff\part_0005\c__Users_HiH8e_OneDrive_Desktop_RawrXD-production-lazy-init_masm_ide_src_lut_acceleration.asm(418) : error A2022:instruction operands must be the same size
D:\rawrxd\history\runoff\part_0005\c__Users_HiH8e_OneDrive_Desktop_RawrXD-production-lazy-init_masm_ide_src_lut_acceleration.asm(419) : error A2006:undefined symbol : batch_build_done
D:\rawrxd\history\runoff\part_0005\c__Users_HiH8e_OneDrive_Desktop_RawrXD-production-lazy-init_masm_ide_src_lut_acceleration.asm(431) : error A2006:undefined symbol : skip_increment
D:\rawrxd\history\runoff\part_0005\c__Users_HiH8e_OneDrive_Desktop_RawrXD-production-lazy-init_masm_ide_src_lut_acceleration.asm(436) : error A2006:undefined symbol : batch_build_loop
D:\rawrxd\history\runoff\part_0005\c__Users_HiH8e_OneDrive_Desktop_RawrXD-production-lazy-init_masm_ide_src_lut_acceleration.asm(459) : error A2006:undefined symbol : cache_preload_done
D:\rawrxd\history\runoff\part_0005\c__Users_HiH8e_OneDrive_Desktop_RawrXD-production-lazy-init_masm_ide_src_lut_acceleration.asm(463) : error A2006:undefined symbol : cache_preload_loop
