 Assembling: D:\rawrxd\history\runoff\part_0006\c__Users_HiH8e_OneDrive_Desktop_RawrXD-production-lazy-init_masm_ide_src_tool_dispatcher_complete.asm
D:\rawrxd\history\runoff\part_0006\c__Users_HiH8e_OneDrive_Desktop_RawrXD-production-lazy-init_masm_ide_src_tool_dispatcher_complete.asm(3) : error A2008:syntax error : .
D:\rawrxd\history\runoff\part_0006\c__Users_HiH8e_OneDrive_Desktop_RawrXD-production-lazy-init_masm_ide_src_tool_dispatcher_complete.asm(4) : error A2008:syntax error : .
D:\rawrxd\history\runoff\part_0006\c__Users_HiH8e_OneDrive_Desktop_RawrXD-production-lazy-init_masm_ide_src_tool_dispatcher_complete.asm(111) : error A2070:invalid instruction operands
D:\rawrxd\history\runoff\part_0006\c__Users_HiH8e_OneDrive_Desktop_RawrXD-production-lazy-init_masm_ide_src_tool_dispatcher_complete.asm(112) : error A2070:invalid instruction operands
D:\rawrxd\history\runoff\part_0006\c__Users_HiH8e_OneDrive_Desktop_RawrXD-production-lazy-init_masm_ide_src_tool_dispatcher_complete.asm(118) : error A2070:invalid instruction operands
D:\rawrxd\history\runoff\part_0006\c__Users_HiH8e_OneDrive_Desktop_RawrXD-production-lazy-init_masm_ide_src_tool_dispatcher_complete.asm(123) : error A2070:invalid instruction operands
D:\rawrxd\history\runoff\part_0006\c__Users_HiH8e_OneDrive_Desktop_RawrXD-production-lazy-init_masm_ide_src_tool_dispatcher_complete.asm(128) : error A2070:invalid instruction operands
D:\rawrxd\history\runoff\part_0006\c__Users_HiH8e_OneDrive_Desktop_RawrXD-production-lazy-init_masm_ide_src_tool_dispatcher_complete.asm(133) : error A2070:invalid instruction operands
D:\rawrxd\history\runoff\part_0006\c__Users_HiH8e_OneDrive_Desktop_RawrXD-production-lazy-init_masm_ide_src_tool_dispatcher_complete.asm(138) : error A2070:invalid instruction operands
D:\rawrxd\history\runoff\part_0006\c__Users_HiH8e_OneDrive_Desktop_RawrXD-production-lazy-init_masm_ide_src_tool_dispatcher_complete.asm(143) : error A2070:invalid instruction operands
D:\rawrxd\history\runoff\part_0006\c__Users_HiH8e_OneDrive_Desktop_RawrXD-production-lazy-init_masm_ide_src_tool_dispatcher_complete.asm(148) : error A2070:invalid instruction operands
D:\rawrxd\history\runoff\part_0006\c__Users_HiH8e_OneDrive_Desktop_RawrXD-production-lazy-init_masm_ide_src_tool_dispatcher_complete.asm(153) : error A2070:invalid instruction operands
D:\rawrxd\history\runoff\part_0006\c__Users_HiH8e_OneDrive_Desktop_RawrXD-production-lazy-init_masm_ide_src_tool_dispatcher_complete.asm(158) : error A2070:invalid instruction operands
D:\rawrxd\history\runoff\part_0006\c__Users_HiH8e_OneDrive_Desktop_RawrXD-production-lazy-init_masm_ide_src_tool_dispatcher_complete.asm(163) : error A2070:invalid instruction operands
D:\rawrxd\history\runoff\part_0006\c__Users_HiH8e_OneDrive_Desktop_RawrXD-production-lazy-init_masm_ide_src_tool_dispatcher_complete.asm(169) : error A2070:invalid instruction operands
D:\rawrxd\history\runoff\part_0006\c__Users_HiH8e_OneDrive_Desktop_RawrXD-production-lazy-init_masm_ide_src_tool_dispatcher_complete.asm(174) : error A2070:invalid instruction operands
D:\rawrxd\history\runoff\part_0006\c__Users_HiH8e_OneDrive_Desktop_RawrXD-production-lazy-init_masm_ide_src_tool_dispatcher_complete.asm(180) : error A2070:invalid instruction operands
D:\rawrxd\history\runoff\part_0006\c__Users_HiH8e_OneDrive_Desktop_RawrXD-production-lazy-init_masm_ide_src_tool_dispatcher_complete.asm(186) : error A2070:invalid instruction operands
D:\rawrxd\history\runoff\part_0006\c__Users_HiH8e_OneDrive_Desktop_RawrXD-production-lazy-init_masm_ide_src_tool_dispatcher_complete.asm(191) : error A2070:invalid instruction operands
D:\rawrxd\history\runoff\part_0006\c__Users_HiH8e_OneDrive_Desktop_RawrXD-production-lazy-init_masm_ide_src_tool_dispatcher_complete.asm(197) : error A2070:invalid instruction operands
D:\rawrxd\history\runoff\part_0006\c__Users_HiH8e_OneDrive_Desktop_RawrXD-production-lazy-init_masm_ide_src_tool_dispatcher_complete.asm(202) : error A2070:invalid instruction operands
D:\rawrxd\history\runoff\part_0006\c__Users_HiH8e_OneDrive_Desktop_RawrXD-production-lazy-init_masm_ide_src_tool_dispatcher_complete.asm(208) : error A2070:invalid instruction operands
D:\rawrxd\history\runoff\part_0006\c__Users_HiH8e_OneDrive_Desktop_RawrXD-production-lazy-init_masm_ide_src_tool_dispatcher_complete.asm(213) : error A2070:invalid instruction operands
D:\rawrxd\history\runoff\part_0006\c__Users_HiH8e_OneDrive_Desktop_RawrXD-production-lazy-init_masm_ide_src_tool_dispatcher_complete.asm(219) : error A2070:invalid instruction operands
D:\rawrxd\history\runoff\part_0006\c__Users_HiH8e_OneDrive_Desktop_RawrXD-production-lazy-init_masm_ide_src_tool_dispatcher_complete.asm(225) : error A2070:invalid instruction operands
D:\rawrxd\history\runoff\part_0006\c__Users_HiH8e_OneDrive_Desktop_RawrXD-production-lazy-init_masm_ide_src_tool_dispatcher_complete.asm(226) : error A2070:invalid instruction operands
D:\rawrxd\history\runoff\part_0006\c__Users_HiH8e_OneDrive_Desktop_RawrXD-production-lazy-init_masm_ide_src_tool_dispatcher_complete.asm(239) : error A2070:invalid instruction operands
D:\rawrxd\history\runoff\part_0006\c__Users_HiH8e_OneDrive_Desktop_RawrXD-production-lazy-init_masm_ide_src_tool_dispatcher_complete.asm(240) : error A2070:invalid instruction operands
D:\rawrxd\history\runoff\part_0006\c__Users_HiH8e_OneDrive_Desktop_RawrXD-production-lazy-init_masm_ide_src_tool_dispatcher_complete.asm(241) : error A2070:invalid instruction operands
D:\rawrxd\history\runoff\part_0006\c__Users_HiH8e_OneDrive_Desktop_RawrXD-production-lazy-init_masm_ide_src_tool_dispatcher_complete.asm(244) : error A2070:invalid instruction operands
D:\rawrxd\history\runoff\part_0006\c__Users_HiH8e_OneDrive_Desktop_RawrXD-production-lazy-init_masm_ide_src_tool_dispatcher_complete.asm(268) : error A2070:invalid instruction operands
D:\rawrxd\history\runoff\part_0006\c__Users_HiH8e_OneDrive_Desktop_RawrXD-production-lazy-init_masm_ide_src_tool_dispatcher_complete.asm(269) : error A2070:invalid instruction operands
D:\rawrxd\history\runoff\part_0006\c__Users_HiH8e_OneDrive_Desktop_RawrXD-production-lazy-init_masm_ide_src_tool_dispatcher_complete.asm(279) : error A2070:invalid instruction operands
D:\rawrxd\history\runoff\part_0006\c__Users_HiH8e_OneDrive_Desktop_RawrXD-production-lazy-init_masm_ide_src_tool_dispatcher_complete.asm(280) : error A2070:invalid instruction operands
D:\rawrxd\history\runoff\part_0006\c__Users_HiH8e_OneDrive_Desktop_RawrXD-production-lazy-init_masm_ide_src_tool_dispatcher_complete.asm(281) : error A2070:invalid instruction operands
D:\rawrxd\history\runoff\part_0006\c__Users_HiH8e_OneDrive_Desktop_RawrXD-production-lazy-init_masm_ide_src_tool_dispatcher_complete.asm(289) : error A2070:invalid instruction operands
D:\rawrxd\history\runoff\part_0006\c__Users_HiH8e_OneDrive_Desktop_RawrXD-production-lazy-init_masm_ide_src_tool_dispatcher_complete.asm(293) : error A2070:invalid instruction operands
D:\rawrxd\history\runoff\part_0006\c__Users_HiH8e_OneDrive_Desktop_RawrXD-production-lazy-init_masm_ide_src_tool_dispatcher_complete.asm(294) : error A2070:invalid instruction operands
D:\rawrxd\history\runoff\part_0006\c__Users_HiH8e_OneDrive_Desktop_RawrXD-production-lazy-init_masm_ide_src_tool_dispatcher_complete.asm(295) : error A2070:invalid instruction operands
D:\rawrxd\history\runoff\part_0006\c__Users_HiH8e_OneDrive_Desktop_RawrXD-production-lazy-init_masm_ide_src_tool_dispatcher_complete.asm(302) : error A2070:invalid instruction operands
D:\rawrxd\history\runoff\part_0006\c__Users_HiH8e_OneDrive_Desktop_RawrXD-production-lazy-init_masm_ide_src_tool_dispatcher_complete.asm(303) : error A2070:invalid instruction operands
D:\rawrxd\history\runoff\part_0006\c__Users_HiH8e_OneDrive_Desktop_RawrXD-production-lazy-init_masm_ide_src_tool_dispatcher_complete.asm(304) : error A2070:invalid instruction operands
D:\rawrxd\history\runoff\part_0006\c__Users_HiH8e_OneDrive_Desktop_RawrXD-production-lazy-init_masm_ide_src_tool_dispatcher_complete.asm(309) : error A2070:invalid instruction operands
D:\rawrxd\history\runoff\part_0006\c__Users_HiH8e_OneDrive_Desktop_RawrXD-production-lazy-init_masm_ide_src_tool_dispatcher_complete.asm(310) : error A2070:invalid instruction operands
D:\rawrxd\history\runoff\part_0006\c__Users_HiH8e_OneDrive_Desktop_RawrXD-production-lazy-init_masm_ide_src_tool_dispatcher_complete.asm(311) : error A2070:invalid instruction operands
D:\rawrxd\history\runoff\part_0006\c__Users_HiH8e_OneDrive_Desktop_RawrXD-production-lazy-init_masm_ide_src_tool_dispatcher_complete.asm(316) : error A2070:invalid instruction operands
D:\rawrxd\history\runoff\part_0006\c__Users_HiH8e_OneDrive_Desktop_RawrXD-production-lazy-init_masm_ide_src_tool_dispatcher_complete.asm(317) : error A2070:invalid instruction operands
D:\rawrxd\history\runoff\part_0006\c__Users_HiH8e_OneDrive_Desktop_RawrXD-production-lazy-init_masm_ide_src_tool_dispatcher_complete.asm(318) : error A2070:invalid instruction operands
D:\rawrxd\history\runoff\part_0006\c__Users_HiH8e_OneDrive_Desktop_RawrXD-production-lazy-init_masm_ide_src_tool_dispatcher_complete.asm(329) : error A2070:invalid instruction operands
D:\rawrxd\history\runoff\part_0006\c__Users_HiH8e_OneDrive_Desktop_RawrXD-production-lazy-init_masm_ide_src_tool_dispatcher_complete.asm(330) : error A2070:invalid instruction operands
D:\rawrxd\history\runoff\part_0006\c__Users_HiH8e_OneDrive_Desktop_RawrXD-production-lazy-init_masm_ide_src_tool_dispatcher_complete.asm(331) : error A2070:invalid instruction operands
D:\rawrxd\history\runoff\part_0006\c__Users_HiH8e_OneDrive_Desktop_RawrXD-production-lazy-init_masm_ide_src_tool_dispatcher_complete.asm(334) : error A2008:syntax error : invoke
D:\rawrxd\history\runoff\part_0006\c__Users_HiH8e_OneDrive_Desktop_RawrXD-production-lazy-init_masm_ide_src_tool_dispatcher_complete.asm(344) : error A2008:syntax error : ReadFile
D:\rawrxd\history\runoff\part_0006\c__Users_HiH8e_OneDrive_Desktop_RawrXD-production-lazy-init_masm_ide_src_tool_dispatcher_complete.asm(353) : error A2008:syntax error : invoke
D:\rawrxd\history\runoff\part_0006\c__Users_HiH8e_OneDrive_Desktop_RawrXD-production-lazy-init_masm_ide_src_tool_dispatcher_complete.asm(356) : error A2070:invalid instruction operands
D:\rawrxd\history\runoff\part_0006\c__Users_HiH8e_OneDrive_Desktop_RawrXD-production-lazy-init_masm_ide_src_tool_dispatcher_complete.asm(357) : error A2070:invalid instruction operands
D:\rawrxd\history\runoff\part_0006\c__Users_HiH8e_OneDrive_Desktop_RawrXD-production-lazy-init_masm_ide_src_tool_dispatcher_complete.asm(358) : error A2070:invalid instruction operands
D:\rawrxd\history\runoff\part_0006\c__Users_HiH8e_OneDrive_Desktop_RawrXD-production-lazy-init_masm_ide_src_tool_dispatcher_complete.asm(362) : error A2008:syntax error : invoke
D:\rawrxd\history\runoff\part_0006\c__Users_HiH8e_OneDrive_Desktop_RawrXD-production-lazy-init_masm_ide_src_tool_dispatcher_complete.asm(365) : error A2070:invalid instruction operands
D:\rawrxd\history\runoff\part_0006\c__Users_HiH8e_OneDrive_Desktop_RawrXD-production-lazy-init_masm_ide_src_tool_dispatcher_complete.asm(366) : error A2070:invalid instruction operands
D:\rawrxd\history\runoff\part_0006\c__Users_HiH8e_OneDrive_Desktop_RawrXD-production-lazy-init_masm_ide_src_tool_dispatcher_complete.asm(367) : error A2070:invalid instruction operands
D:\rawrxd\history\runoff\part_0006\c__Users_HiH8e_OneDrive_Desktop_RawrXD-production-lazy-init_masm_ide_src_tool_dispatcher_complete.asm(385) : error A2008:syntax error : invoke
D:\rawrxd\history\runoff\part_0006\c__Users_HiH8e_OneDrive_Desktop_RawrXD-production-lazy-init_masm_ide_src_tool_dispatcher_complete.asm(406) : error A2008:syntax error : invoke
D:\rawrxd\history\runoff\part_0006\c__Users_HiH8e_OneDrive_Desktop_RawrXD-production-lazy-init_masm_ide_src_tool_dispatcher_complete.asm(411) : error A2008:syntax error : invoke
D:\rawrxd\history\runoff\part_0006\c__Users_HiH8e_OneDrive_Desktop_RawrXD-production-lazy-init_masm_ide_src_tool_dispatcher_complete.asm(476) : error A2070:invalid instruction operands
D:\rawrxd\history\runoff\part_0006\c__Users_HiH8e_OneDrive_Desktop_RawrXD-production-lazy-init_masm_ide_src_tool_dispatcher_complete.asm(477) : error A2070:invalid instruction operands
D:\rawrxd\history\runoff\part_0006\c__Users_HiH8e_OneDrive_Desktop_RawrXD-production-lazy-init_masm_ide_src_tool_dispatcher_complete.asm(492) : error A2070:invalid instruction operands
D:\rawrxd\history\runoff\part_0006\c__Users_HiH8e_OneDrive_Desktop_RawrXD-production-lazy-init_masm_ide_src_tool_dispatcher_complete.asm(493) : error A2070:invalid instruction operands
D:\rawrxd\history\runoff\part_0006\c__Users_HiH8e_OneDrive_Desktop_RawrXD-production-lazy-init_masm_ide_src_tool_dispatcher_complete.asm(508) : error A2070:invalid instruction operands
D:\rawrxd\history\runoff\part_0006\c__Users_HiH8e_OneDrive_Desktop_RawrXD-production-lazy-init_masm_ide_src_tool_dispatcher_complete.asm(509) : error A2070:invalid instruction operands
D:\rawrxd\history\runoff\part_0006\c__Users_HiH8e_OneDrive_Desktop_RawrXD-production-lazy-init_masm_ide_src_tool_dispatcher_complete.asm(514) : error A2070:invalid instruction operands
D:\rawrxd\history\runoff\part_0006\c__Users_HiH8e_OneDrive_Desktop_RawrXD-production-lazy-init_masm_ide_src_tool_dispatcher_complete.asm(515) : error A2070:invalid instruction operands
D:\rawrxd\history\runoff\part_0006\c__Users_HiH8e_OneDrive_Desktop_RawrXD-production-lazy-init_masm_ide_src_tool_dispatcher_complete.asm(529) : error A2070:invalid instruction operands
D:\rawrxd\history\runoff\part_0006\c__Users_HiH8e_OneDrive_Desktop_RawrXD-production-lazy-init_masm_ide_src_tool_dispatcher_complete.asm(530) : error A2070:invalid instruction operands
D:\rawrxd\history\runoff\part_0006\c__Users_HiH8e_OneDrive_Desktop_RawrXD-production-lazy-init_masm_ide_src_tool_dispatcher_complete.asm(541) : error A2070:invalid instruction operands
D:\rawrxd\history\runoff\part_0006\c__Users_HiH8e_OneDrive_Desktop_RawrXD-production-lazy-init_masm_ide_src_tool_dispatcher_complete.asm(542) : error A2070:invalid instruction operands
D:\rawrxd\history\runoff\part_0006\c__Users_HiH8e_OneDrive_Desktop_RawrXD-production-lazy-init_masm_ide_src_tool_dispatcher_complete.asm(547) : error A2070:invalid instruction operands
D:\rawrxd\history\runoff\part_0006\c__Users_HiH8e_OneDrive_Desktop_RawrXD-production-lazy-init_masm_ide_src_tool_dispatcher_complete.asm(548) : error A2070:invalid instruction operands
D:\rawrxd\history\runoff\part_0006\c__Users_HiH8e_OneDrive_Desktop_RawrXD-production-lazy-init_masm_ide_src_tool_dispatcher_complete.asm(14) : error A2006:undefined symbol : ToolDispatcher_ExecuteAsync
D:\rawrxd\history\runoff\part_0006\c__Users_HiH8e_OneDrive_Desktop_RawrXD-production-lazy-init_masm_ide_src_tool_dispatcher_complete.asm(15) : error A2006:undefined symbol : ToolDispatcher_GetToolList
D:\rawrxd\history\runoff\part_0006\c__Users_HiH8e_OneDrive_Desktop_RawrXD-production-lazy-init_masm_ide_src_tool_dispatcher_complete.asm(16) : error A2006:undefined symbol : ToolDispatcher_ValidateTool
D:\rawrxd\history\runoff\part_0006\c__Users_HiH8e_OneDrive_Desktop_RawrXD-production-lazy-init_masm_ide_src_tool_dispatcher_complete.asm(17) : error A2006:undefined symbol : ToolDispatcher_RegisterTool
D:\rawrxd\history\runoff\part_0006\c__Users_HiH8e_OneDrive_Desktop_RawrXD-production-lazy-init_masm_ide_src_tool_dispatcher_complete.asm(120) : error A2070:invalid instruction operands
D:\rawrxd\history\runoff\part_0006\c__Users_HiH8e_OneDrive_Desktop_RawrXD-production-lazy-init_masm_ide_src_tool_dispatcher_complete.asm(125) : error A2070:invalid instruction operands
D:\rawrxd\history\runoff\part_0006\c__Users_HiH8e_OneDrive_Desktop_RawrXD-production-lazy-init_masm_ide_src_tool_dispatcher_complete.asm(130) : error A2070:invalid instruction operands
D:\rawrxd\history\runoff\part_0006\c__Users_HiH8e_OneDrive_Desktop_RawrXD-production-lazy-init_masm_ide_src_tool_dispatcher_complete.asm(135) : error A2070:invalid instruction operands
D:\rawrxd\history\runoff\part_0006\c__Users_HiH8e_OneDrive_Desktop_RawrXD-production-lazy-init_masm_ide_src_tool_dispatcher_complete.asm(140) : error A2070:invalid instruction operands
D:\rawrxd\history\runoff\part_0006\c__Users_HiH8e_OneDrive_Desktop_RawrXD-production-lazy-init_masm_ide_src_tool_dispatcher_complete.asm(145) : error A2070:invalid instruction operands
D:\rawrxd\history\runoff\part_0006\c__Users_HiH8e_OneDrive_Desktop_RawrXD-production-lazy-init_masm_ide_src_tool_dispatcher_complete.asm(150) : error A2070:invalid instruction operands
D:\rawrxd\history\runoff\part_0006\c__Users_HiH8e_OneDrive_Desktop_RawrXD-production-lazy-init_masm_ide_src_tool_dispatcher_complete.asm(155) : error A2070:invalid instruction operands
D:\rawrxd\history\runoff\part_0006\c__Users_HiH8e_OneDrive_Desktop_RawrXD-production-lazy-init_masm_ide_src_tool_dispatcher_complete.asm(160) : error A2070:invalid instruction operands
D:\rawrxd\history\runoff\part_0006\c__Users_HiH8e_OneDrive_Desktop_RawrXD-production-lazy-init_masm_ide_src_tool_dispatcher_complete.asm(165) : error A2070:invalid instruction operands
D:\rawrxd\history\runoff\part_0006\c__Users_HiH8e_OneDrive_Desktop_RawrXD-production-lazy-init_masm_ide_src_tool_dispatcher_complete.asm(171) : error A2070:invalid instruction operands
D:\rawrxd\history\runoff\part_0006\c__Users_HiH8e_OneDrive_Desktop_RawrXD-production-lazy-init_masm_ide_src_tool_dispatcher_complete.asm(176) : error A2070:invalid instruction operands
D:\rawrxd\history\runoff\part_0006\c__Users_HiH8e_OneDrive_Desktop_RawrXD-production-lazy-init_masm_ide_src_tool_dispatcher_complete.asm(182) : error A2070:invalid instruction operands
D:\rawrxd\history\runoff\part_0006\c__Users_HiH8e_OneDrive_Desktop_RawrXD-production-lazy-init_masm_ide_src_tool_dispatcher_complete.asm(188) : error A2070:invalid instruction operands
D:\rawrxd\history\runoff\part_0006\c__Users_HiH8e_OneDrive_Desktop_RawrXD-production-lazy-init_masm_ide_src_tool_dispatcher_complete.asm(193) : error A2070:invalid instruction operands
D:\rawrxd\history\runoff\part_0006\c__Users_HiH8e_OneDrive_Desktop_RawrXD-production-lazy-init_masm_ide_src_tool_dispatcher_complete.asm(199) : error A2070:invalid instruction operands
D:\rawrxd\history\runoff\part_0006\c__Users_HiH8e_OneDrive_Desktop_RawrXD-production-lazy-init_masm_ide_src_tool_dispatcher_complete.asm(204) : error A2070:invalid instruction operands
D:\rawrxd\history\runoff\part_0006\c__Users_HiH8e_OneDrive_Desktop_RawrXD-production-lazy-init_masm_ide_src_tool_dispatcher_complete.asm(210) : error A2070:invalid instruction operands
D:\rawrxd\history\runoff\part_0006\c__Users_HiH8e_OneDrive_Desktop_RawrXD-production-lazy-init_masm_ide_src_tool_dispatcher_complete.asm(215) : fatal error A1012:error count exceeds 100; stopping assembly
