 Assembling: D:\rawrxd\history\runoff\part_0002\c__Users_HiH8e_Downloads_RawrXD-production-lazy-init_src_masm_final-ide_masm_file_browser_complete.asm
D:\rawrxd\history\runoff\part_0002\c__Users_HiH8e_Downloads_RawrXD-production-lazy-init_src_masm_final-ide_masm_file_browser_complete.asm(104) : error A2008:syntax error : fileDate
D:\rawrxd\history\runoff\part_0002\c__Users_HiH8e_Downloads_RawrXD-production-lazy-init_src_masm_final-ide_masm_file_browser_complete.asm(106) : error A2008:syntax error : HICON
D:\rawrxd\history\runoff\part_0002\c__Users_HiH8e_Downloads_RawrXD-production-lazy-init_src_masm_final-ide_masm_file_browser_complete.asm(120) : error A2008:syntax error : HWND
D:\rawrxd\history\runoff\part_0002\c__Users_HiH8e_Downloads_RawrXD-production-lazy-init_src_masm_final-ide_masm_file_browser_complete.asm(121) : error A2008:syntax error : HWND
D:\rawrxd\history\runoff\part_0002\c__Users_HiH8e_Downloads_RawrXD-production-lazy-init_src_masm_final-ide_masm_file_browser_complete.asm(122) : error A2008:syntax error : HWND
D:\rawrxd\history\runoff\part_0002\c__Users_HiH8e_Downloads_RawrXD-production-lazy-init_src_masm_final-ide_masm_file_browser_complete.asm(123) : error A2008:syntax error : HIMAGELIST
D:\rawrxd\history\runoff\part_0002\c__Users_HiH8e_Downloads_RawrXD-production-lazy-init_src_masm_final-ide_masm_file_browser_complete.asm(142) : error A2008:syntax error : HANDLE
D:\rawrxd\history\runoff\part_0002\c__Users_HiH8e_Downloads_RawrXD-production-lazy-init_src_masm_final-ide_masm_file_browser_complete.asm(654) : error A2070:invalid instruction operands
D:\rawrxd\history\runoff\part_0002\c__Users_HiH8e_Downloads_RawrXD-production-lazy-init_src_masm_final-ide_masm_file_browser_complete.asm(702) : error A2070:invalid instruction operands
D:\rawrxd\history\runoff\part_0002\c__Users_HiH8e_Downloads_RawrXD-production-lazy-init_src_masm_final-ide_masm_file_browser_complete.asm(790) : error A2070:invalid instruction operands
D:\rawrxd\history\runoff\part_0002\c__Users_HiH8e_Downloads_RawrXD-production-lazy-init_src_masm_final-ide_masm_file_browser_complete.asm(252) : error A2006:undefined symbol : InitializeCriticalSection
D:\rawrxd\history\runoff\part_0002\c__Users_HiH8e_Downloads_RawrXD-production-lazy-init_src_masm_final-ide_masm_file_browser_complete.asm(265) : error A2006:undefined symbol : WS_VISIBLE
D:\rawrxd\history\runoff\part_0002\c__Users_HiH8e_Downloads_RawrXD-production-lazy-init_src_masm_final-ide_masm_file_browser_complete.asm(272) : error A2006:undefined symbol : GetModuleHandleA
D:\rawrxd\history\runoff\part_0002\c__Users_HiH8e_Downloads_RawrXD-production-lazy-init_src_masm_final-ide_masm_file_browser_complete.asm(275) : error A2006:undefined symbol : CreateWindowExA
D:\rawrxd\history\runoff\part_0002\c__Users_HiH8e_Downloads_RawrXD-production-lazy-init_src_masm_final-ide_masm_file_browser_complete.asm(285) : error A2006:undefined symbol : WS_VISIBLE
D:\rawrxd\history\runoff\part_0002\c__Users_HiH8e_Downloads_RawrXD-production-lazy-init_src_masm_final-ide_masm_file_browser_complete.asm(292) : error A2006:undefined symbol : GetModuleHandleA
D:\rawrxd\history\runoff\part_0002\c__Users_HiH8e_Downloads_RawrXD-production-lazy-init_src_masm_final-ide_masm_file_browser_complete.asm(295) : error A2006:undefined symbol : CreateWindowExA
D:\rawrxd\history\runoff\part_0002\c__Users_HiH8e_Downloads_RawrXD-production-lazy-init_src_masm_final-ide_masm_file_browser_complete.asm(305) : error A2006:undefined symbol : ILC_COLOR32
D:\rawrxd\history\runoff\part_0002\c__Users_HiH8e_Downloads_RawrXD-production-lazy-init_src_masm_final-ide_masm_file_browser_complete.asm(308) : error A2006:undefined symbol : ImageList_Create
D:\rawrxd\history\runoff\part_0002\c__Users_HiH8e_Downloads_RawrXD-production-lazy-init_src_masm_final-ide_masm_file_browser_complete.asm(313) : error A2006:undefined symbol : TVSIL_NORMAL
D:\rawrxd\history\runoff\part_0002\c__Users_HiH8e_Downloads_RawrXD-production-lazy-init_src_masm_final-ide_masm_file_browser_complete.asm(315) : error A2006:undefined symbol : SendMessageA
D:\rawrxd\history\runoff\part_0002\c__Users_HiH8e_Downloads_RawrXD-production-lazy-init_src_masm_final-ide_masm_file_browser_complete.asm(319) : error A2006:undefined symbol : LVM_SETIMAGELIST
D:\rawrxd\history\runoff\part_0002\c__Users_HiH8e_Downloads_RawrXD-production-lazy-init_src_masm_final-ide_masm_file_browser_complete.asm(320) : error A2006:undefined symbol : LVSIL_SMALL
D:\rawrxd\history\runoff\part_0002\c__Users_HiH8e_Downloads_RawrXD-production-lazy-init_src_masm_final-ide_masm_file_browser_complete.asm(322) : error A2006:undefined symbol : SendMessageA
D:\rawrxd\history\runoff\part_0002\c__Users_HiH8e_Downloads_RawrXD-production-lazy-init_src_masm_final-ide_masm_file_browser_complete.asm(391) : error A2006:undefined symbol : LVCF_TEXT
D:\rawrxd\history\runoff\part_0002\c__Users_HiH8e_Downloads_RawrXD-production-lazy-init_src_masm_final-ide_masm_file_browser_complete.asm(392) : error A2006:undefined symbol : LVCFMT_LEFT
D:\rawrxd\history\runoff\part_0002\c__Users_HiH8e_Downloads_RawrXD-production-lazy-init_src_masm_final-ide_masm_file_browser_complete.asm(398) : error A2006:undefined symbol : LVM_INSERTCOLUMNA
D:\rawrxd\history\runoff\part_0002\c__Users_HiH8e_Downloads_RawrXD-production-lazy-init_src_masm_final-ide_masm_file_browser_complete.asm(401) : error A2006:undefined symbol : SendMessageA
D:\rawrxd\history\runoff\part_0002\c__Users_HiH8e_Downloads_RawrXD-production-lazy-init_src_masm_final-ide_masm_file_browser_complete.asm(409) : error A2006:undefined symbol : LVM_INSERTCOLUMNA
D:\rawrxd\history\runoff\part_0002\c__Users_HiH8e_Downloads_RawrXD-production-lazy-init_src_masm_final-ide_masm_file_browser_complete.asm(412) : error A2006:undefined symbol : SendMessageA
D:\rawrxd\history\runoff\part_0002\c__Users_HiH8e_Downloads_RawrXD-production-lazy-init_src_masm_final-ide_masm_file_browser_complete.asm(420) : error A2006:undefined symbol : LVM_INSERTCOLUMNA
D:\rawrxd\history\runoff\part_0002\c__Users_HiH8e_Downloads_RawrXD-production-lazy-init_src_masm_final-ide_masm_file_browser_complete.asm(423) : error A2006:undefined symbol : SendMessageA
D:\rawrxd\history\runoff\part_0002\c__Users_HiH8e_Downloads_RawrXD-production-lazy-init_src_masm_final-ide_masm_file_browser_complete.asm(431) : error A2006:undefined symbol : LVM_INSERTCOLUMNA
D:\rawrxd\history\runoff\part_0002\c__Users_HiH8e_Downloads_RawrXD-production-lazy-init_src_masm_final-ide_masm_file_browser_complete.asm(434) : error A2006:undefined symbol : SendMessageA
D:\rawrxd\history\runoff\part_0002\c__Users_HiH8e_Downloads_RawrXD-production-lazy-init_src_masm_final-ide_masm_file_browser_complete.asm(460) : error A2006:undefined symbol : GetLogicalDriveStringsA
D:\rawrxd\history\runoff\part_0002\c__Users_HiH8e_Downloads_RawrXD-production-lazy-init_src_masm_final-ide_masm_file_browser_complete.asm(523) : error A2006:undefined symbol : GetDriveTypeA
D:\rawrxd\history\runoff\part_0002\c__Users_HiH8e_Downloads_RawrXD-production-lazy-init_src_masm_final-ide_masm_file_browser_complete.asm(530) : error A2006:undefined symbol : TVI_ROOT
D:\rawrxd\history\runoff\part_0002\c__Users_HiH8e_Downloads_RawrXD-production-lazy-init_src_masm_final-ide_masm_file_browser_complete.asm(531) : error A2006:undefined symbol : TVI_LAST
D:\rawrxd\history\runoff\part_0002\c__Users_HiH8e_Downloads_RawrXD-production-lazy-init_src_masm_final-ide_masm_file_browser_complete.asm(545) : error A2006:undefined symbol : TVM_INSERTITEMA
D:\rawrxd\history\runoff\part_0002\c__Users_HiH8e_Downloads_RawrXD-production-lazy-init_src_masm_final-ide_masm_file_browser_complete.asm(548) : error A2006:undefined symbol : SendMessageA
D:\rawrxd\history\runoff\part_0002\c__Users_HiH8e_Downloads_RawrXD-production-lazy-init_src_masm_final-ide_masm_file_browser_complete.asm(578) : error A2006:undefined symbol : EnterCriticalSection
D:\rawrxd\history\runoff\part_0002\c__Users_HiH8e_Downloads_RawrXD-production-lazy-init_src_masm_final-ide_masm_file_browser_complete.asm(590) : error A2006:undefined symbol : LVM_DELETEALLITEMS
D:\rawrxd\history\runoff\part_0002\c__Users_HiH8e_Downloads_RawrXD-production-lazy-init_src_masm_final-ide_masm_file_browser_complete.asm(593) : error A2006:undefined symbol : SendMessageA
D:\rawrxd\history\runoff\part_0002\c__Users_HiH8e_Downloads_RawrXD-production-lazy-init_src_masm_final-ide_masm_file_browser_complete.asm(611) : error A2006:undefined symbol : FindFirstFileA
D:\rawrxd\history\runoff\part_0002\c__Users_HiH8e_Downloads_RawrXD-production-lazy-init_src_masm_final-ide_masm_file_browser_complete.asm(612) : error A2006:undefined symbol : INVALID_HANDLE_VALUE
D:\rawrxd\history\runoff\part_0002\c__Users_HiH8e_Downloads_RawrXD-production-lazy-init_src_masm_final-ide_masm_file_browser_complete.asm(633) : error A2006:undefined symbol : FindNextFileA
D:\rawrxd\history\runoff\part_0002\c__Users_HiH8e_Downloads_RawrXD-production-lazy-init_src_masm_final-ide_masm_file_browser_complete.asm(639) : error A2006:undefined symbol : FindClose
D:\rawrxd\history\runoff\part_0002\c__Users_HiH8e_Downloads_RawrXD-production-lazy-init_src_masm_final-ide_masm_file_browser_complete.asm(651) : error A2006:undefined symbol : LeaveCriticalSection
D:\rawrxd\history\runoff\part_0002\c__Users_HiH8e_Downloads_RawrXD-production-lazy-init_src_masm_final-ide_masm_file_browser_complete.asm(665) : error A2006:undefined symbol : LeaveCriticalSection
D:\rawrxd\history\runoff\part_0002\c__Users_HiH8e_Downloads_RawrXD-production-lazy-init_src_masm_final-ide_masm_file_browser_complete.asm(732) : error A2006:undefined symbol : FILE_ATTRIBUTE_DIRECTORY
D:\rawrxd\history\runoff\part_0002\c__Users_HiH8e_Downloads_RawrXD-production-lazy-init_src_masm_final-ide_masm_file_browser_complete.asm(812) : error A2006:undefined symbol : _stricmp
D:\rawrxd\history\runoff\part_0002\c__Users_HiH8e_Downloads_RawrXD-production-lazy-init_src_masm_final-ide_masm_file_browser_complete.asm(878) : error A2006:undefined symbol : LVIF_TEXT
D:\rawrxd\history\runoff\part_0002\c__Users_HiH8e_Downloads_RawrXD-production-lazy-init_src_masm_final-ide_masm_file_browser_complete.asm(884) : error A2006:undefined symbol : LVM_INSERTITEMA
D:\rawrxd\history\runoff\part_0002\c__Users_HiH8e_Downloads_RawrXD-production-lazy-init_src_masm_final-ide_masm_file_browser_complete.asm(887) : error A2006:undefined symbol : SendMessageA
D:\rawrxd\history\runoff\part_0002\c__Users_HiH8e_Downloads_RawrXD-production-lazy-init_src_masm_final-ide_masm_file_browser_complete.asm(923) : error A2006:undefined symbol : LVM_GETNEXTITEM
D:\rawrxd\history\runoff\part_0002\c__Users_HiH8e_Downloads_RawrXD-production-lazy-init_src_masm_final-ide_masm_file_browser_complete.asm(925) : error A2006:undefined symbol : LVNI_SELECTED
D:\rawrxd\history\runoff\part_0002\c__Users_HiH8e_Downloads_RawrXD-production-lazy-init_src_masm_final-ide_masm_file_browser_complete.asm(926) : error A2006:undefined symbol : SendMessageA
D:\rawrxd\history\runoff\part_0002\c__Users_HiH8e_Downloads_RawrXD-production-lazy-init_src_masm_final-ide_masm_file_browser_complete.asm(1035) : error A2006:undefined symbol : ImageList_Destroy
D:\rawrxd\history\runoff\part_0002\c__Users_HiH8e_Downloads_RawrXD-production-lazy-init_src_masm_final-ide_masm_file_browser_complete.asm(1061) : error A2006:undefined symbol : DeleteCriticalSection
