 Assembling: D:\rawrxd\history\runoff\part_0001\c__Users_HiH8e_Downloads_RawrXD-production-lazy-init_masm_zero_day_integration.asm
D:\rawrxd\history\runoff\part_0001\c__Users_HiH8e_Downloads_RawrXD-production-lazy-init_masm_zero_day_integration.asm(97) : error A2008:syntax error : PRIVATE
D:\rawrxd\history\runoff\part_0001\c__Users_HiH8e_Downloads_RawrXD-production-lazy-init_masm_zero_day_integration.asm(102) : error A2008:syntax error : PRIVATE
D:\rawrxd\history\runoff\part_0001\c__Users_HiH8e_Downloads_RawrXD-production-lazy-init_masm_zero_day_integration.asm(122) : error A2008:syntax error : rbx
D:\rawrxd\history\runoff\part_0001\c__Users_HiH8e_Downloads_RawrXD-production-lazy-init_masm_zero_day_integration.asm(123) : error A2008:syntax error : r12
D:\rawrxd\history\runoff\part_0001\c__Users_HiH8e_Downloads_RawrXD-production-lazy-init_masm_zero_day_integration.asm(193) : error A2008:syntax error : r12
D:\rawrxd\history\runoff\part_0001\c__Users_HiH8e_Downloads_RawrXD-production-lazy-init_masm_zero_day_integration.asm(251) : error A2008:syntax error : rbx
D:\rawrxd\history\runoff\part_0001\c__Users_HiH8e_Downloads_RawrXD-production-lazy-init_masm_zero_day_integration.asm(252) : error A2008:syntax error : r12
D:\rawrxd\history\runoff\part_0001\c__Users_HiH8e_Downloads_RawrXD-production-lazy-init_masm_zero_day_integration.asm(253) : error A2008:syntax error : r13
D:\rawrxd\history\runoff\part_0001\c__Users_HiH8e_Downloads_RawrXD-production-lazy-init_masm_zero_day_integration.asm(380) : error A2008:syntax error : rbx
D:\rawrxd\history\runoff\part_0001\c__Users_HiH8e_Downloads_RawrXD-production-lazy-init_masm_zero_day_integration.asm(401) : error A2008:syntax error : rbx
D:\rawrxd\history\runoff\part_0001\c__Users_HiH8e_Downloads_RawrXD-production-lazy-init_masm_zero_day_integration.asm(421) : error A2008:syntax error : rbx
D:\rawrxd\history\runoff\part_0001\c__Users_HiH8e_Downloads_RawrXD-production-lazy-init_masm_zero_day_integration.asm(486) : error A2008:syntax error : rbx
D:\rawrxd\history\runoff\part_0001\c__Users_HiH8e_Downloads_RawrXD-production-lazy-init_masm_zero_day_integration.asm(521) : error A2008:syntax error : rbx
D:\rawrxd\history\runoff\part_0001\c__Users_HiH8e_Downloads_RawrXD-production-lazy-init_masm_zero_day_integration.asm(522) : error A2008:syntax error : r12
D:\rawrxd\history\runoff\part_0001\c__Users_HiH8e_Downloads_RawrXD-production-lazy-init_masm_zero_day_integration.asm(137) : error A2206:missing operator in expression
D:\rawrxd\history\runoff\part_0001\c__Users_HiH8e_Downloads_RawrXD-production-lazy-init_masm_zero_day_integration.asm(140) : error A2206:missing operator in expression
D:\rawrxd\history\runoff\part_0001\c__Users_HiH8e_Downloads_RawrXD-production-lazy-init_masm_zero_day_integration.asm(143) : error A2206:missing operator in expression
D:\rawrxd\history\runoff\part_0001\c__Users_HiH8e_Downloads_RawrXD-production-lazy-init_masm_zero_day_integration.asm(151) : error A2006:undefined symbol : ZeroDayAgenticEngine_Create
D:\rawrxd\history\runoff\part_0001\c__Users_HiH8e_Downloads_RawrXD-production-lazy-init_masm_zero_day_integration.asm(161) : error A2006:undefined symbol : LMEM_ZEROINIT
D:\rawrxd\history\runoff\part_0001\c__Users_HiH8e_Downloads_RawrXD-production-lazy-init_masm_zero_day_integration.asm(162) : error A2006:undefined symbol : LocalAlloc
D:\rawrxd\history\runoff\part_0001\c__Users_HiH8e_Downloads_RawrXD-production-lazy-init_masm_zero_day_integration.asm(268) : error A2206:missing operator in expression
D:\rawrxd\history\runoff\part_0001\c__Users_HiH8e_Downloads_RawrXD-production-lazy-init_masm_zero_day_integration.asm(285) : error A2006:undefined symbol : ZeroDayAgenticEngine_StartMission
D:\rawrxd\history\runoff\part_0001\c__Users_HiH8e_Downloads_RawrXD-production-lazy-init_masm_zero_day_integration.asm(294) : error A2006:undefined symbol : AgenticEngine_ExecuteTask
D:\rawrxd\history\runoff\part_0001\c__Users_HiH8e_Downloads_RawrXD-production-lazy-init_masm_zero_day_integration.asm(321) : error A2206:missing operator in expression
D:\rawrxd\history\runoff\part_0001\c__Users_HiH8e_Downloads_RawrXD-production-lazy-init_masm_zero_day_integration.asm(355) : error A2206:missing operator in expression
D:\rawrxd\history\runoff\part_0001\c__Users_HiH8e_Downloads_RawrXD-production-lazy-init_masm_zero_day_integration.asm(366) : error A2006:undefined symbol : ZeroDayAgenticEngine_Destroy
D:\rawrxd\history\runoff\part_0001\c__Users_HiH8e_Downloads_RawrXD-production-lazy-init_masm_zero_day_integration.asm(389) : error A2206:missing operator in expression
D:\rawrxd\history\runoff\part_0001\c__Users_HiH8e_Downloads_RawrXD-production-lazy-init_masm_zero_day_integration.asm(391) : error A2006:undefined symbol : Logger_LogMissionStart
D:\rawrxd\history\runoff\part_0001\c__Users_HiH8e_Downloads_RawrXD-production-lazy-init_masm_zero_day_integration.asm(409) : error A2206:missing operator in expression
D:\rawrxd\history\runoff\part_0001\c__Users_HiH8e_Downloads_RawrXD-production-lazy-init_masm_zero_day_integration.asm(411) : error A2006:undefined symbol : Logger_LogMissionComplete
D:\rawrxd\history\runoff\part_0001\c__Users_HiH8e_Downloads_RawrXD-production-lazy-init_masm_zero_day_integration.asm(429) : error A2206:missing operator in expression
D:\rawrxd\history\runoff\part_0001\c__Users_HiH8e_Downloads_RawrXD-production-lazy-init_masm_zero_day_integration.asm(431) : error A2006:undefined symbol : Logger_LogMissionError
D:\rawrxd\history\runoff\part_0001\c__Users_HiH8e_Downloads_RawrXD-production-lazy-init_masm_zero_day_integration.asm(461) : error A2206:missing operator in expression
D:\rawrxd\history\runoff\part_0001\c__Users_HiH8e_Downloads_RawrXD-production-lazy-init_masm_zero_day_integration.asm(467) : error A2206:missing operator in expression
