 Assembling: D:\rawrxd\history\runoff\part_0003\c__Users_HiH8e_OneDrive_Desktop_Mirai-Source-Code-master_Projects_BeaconASM_src_nasm_hello.asm
D:\rawrxd\history\runoff\part_0003\c__Users_HiH8e_OneDrive_Desktop_Mirai-Source-Code-master_Projects_BeaconASM_src_nasm_hello.asm(8) : error A2008:syntax error : section
D:\rawrxd\history\runoff\part_0003\c__Users_HiH8e_OneDrive_Desktop_Mirai-Source-Code-master_Projects_BeaconASM_src_nasm_hello.asm(9) : error A2034:must be in segment block
D:\rawrxd\history\runoff\part_0003\c__Users_HiH8e_OneDrive_Desktop_Mirai-Source-Code-master_Projects_BeaconASM_src_nasm_hello.asm(10) : error A2034:must be in segment block
D:\rawrxd\history\runoff\part_0003\c__Users_HiH8e_OneDrive_Desktop_Mirai-Source-Code-master_Projects_BeaconASM_src_nasm_hello.asm(12) : error A2008:syntax error : section
D:\rawrxd\history\runoff\part_0003\c__Users_HiH8e_OneDrive_Desktop_Mirai-Source-Code-master_Projects_BeaconASM_src_nasm_hello.asm(13) : error A2008:syntax error : global
D:\rawrxd\history\runoff\part_0003\c__Users_HiH8e_OneDrive_Desktop_Mirai-Source-Code-master_Projects_BeaconASM_src_nasm_hello.asm(14) : error A2008:syntax error : in directive
D:\rawrxd\history\runoff\part_0003\c__Users_HiH8e_OneDrive_Desktop_Mirai-Source-Code-master_Projects_BeaconASM_src_nasm_hello.asm(15) : error A2008:syntax error : in directive
D:\rawrxd\history\runoff\part_0003\c__Users_HiH8e_OneDrive_Desktop_Mirai-Source-Code-master_Projects_BeaconASM_src_nasm_hello.asm(16) : error A2008:syntax error : in directive
D:\rawrxd\history\runoff\part_0003\c__Users_HiH8e_OneDrive_Desktop_Mirai-Source-Code-master_Projects_BeaconASM_src_nasm_hello.asm(18) : error A2034:must be in segment block
D:\rawrxd\history\runoff\part_0003\c__Users_HiH8e_OneDrive_Desktop_Mirai-Source-Code-master_Projects_BeaconASM_src_nasm_hello.asm(20) : error A2034:must be in segment block
D:\rawrxd\history\runoff\part_0003\c__Users_HiH8e_OneDrive_Desktop_Mirai-Source-Code-master_Projects_BeaconASM_src_nasm_hello.asm(23) : error A2034:must be in segment block
D:\rawrxd\history\runoff\part_0003\c__Users_HiH8e_OneDrive_Desktop_Mirai-Source-Code-master_Projects_BeaconASM_src_nasm_hello.asm(24) : error A2034:must be in segment block
D:\rawrxd\history\runoff\part_0003\c__Users_HiH8e_OneDrive_Desktop_Mirai-Source-Code-master_Projects_BeaconASM_src_nasm_hello.asm(25) : error A2034:must be in segment block
D:\rawrxd\history\runoff\part_0003\c__Users_HiH8e_OneDrive_Desktop_Mirai-Source-Code-master_Projects_BeaconASM_src_nasm_hello.asm(28) : error A2034:must be in segment block
D:\rawrxd\history\runoff\part_0003\c__Users_HiH8e_OneDrive_Desktop_Mirai-Source-Code-master_Projects_BeaconASM_src_nasm_hello.asm(29) : error A2034:must be in segment block
D:\rawrxd\history\runoff\part_0003\c__Users_HiH8e_OneDrive_Desktop_Mirai-Source-Code-master_Projects_BeaconASM_src_nasm_hello.asm(30) : error A2034:must be in segment block
D:\rawrxd\history\runoff\part_0003\c__Users_HiH8e_OneDrive_Desktop_Mirai-Source-Code-master_Projects_BeaconASM_src_nasm_hello.asm(31) : error A2034:must be in segment block
D:\rawrxd\history\runoff\part_0003\c__Users_HiH8e_OneDrive_Desktop_Mirai-Source-Code-master_Projects_BeaconASM_src_nasm_hello.asm(32) : error A2034:must be in segment block
D:\rawrxd\history\runoff\part_0003\c__Users_HiH8e_OneDrive_Desktop_Mirai-Source-Code-master_Projects_BeaconASM_src_nasm_hello.asm(33) : error A2034:must be in segment block
D:\rawrxd\history\runoff\part_0003\c__Users_HiH8e_OneDrive_Desktop_Mirai-Source-Code-master_Projects_BeaconASM_src_nasm_hello.asm(36) : error A2034:must be in segment block
D:\rawrxd\history\runoff\part_0003\c__Users_HiH8e_OneDrive_Desktop_Mirai-Source-Code-master_Projects_BeaconASM_src_nasm_hello.asm(37) : error A2034:must be in segment block
D:\rawrxd\history\runoff\part_0003\c__Users_HiH8e_OneDrive_Desktop_Mirai-Source-Code-master_Projects_BeaconASM_src_nasm_hello.asm(40) : error A2034:must be in segment block
D:\rawrxd\history\runoff\part_0003\c__Users_HiH8e_OneDrive_Desktop_Mirai-Source-Code-master_Projects_BeaconASM_src_nasm_hello.asm(41) : error A2034:must be in segment block
D:\rawrxd\history\runoff\part_0003\c__Users_HiH8e_OneDrive_Desktop_Mirai-Source-Code-master_Projects_BeaconASM_src_nasm_hello.asm(41) : error A2088:END directive required at end of file
