 Assembling: D:\rawrxd\history\runoff\part_0001\c__Users_HiH8e_Downloads_RawrXD-production-lazy-init_src_masm_final-ide_cpp_to_masm_streaming_inference.asm
D:\rawrxd\history\runoff\part_0001\c__Users_HiH8e_Downloads_RawrXD-production-lazy-init_src_masm_final-ide_cpp_to_masm_streaming_inference.asm(227) : error A2008:syntax error : .
D:\rawrxd\history\runoff\part_0001\c__Users_HiH8e_Downloads_RawrXD-production-lazy-init_src_masm_final-ide_cpp_to_masm_streaming_inference.asm(232) : error A2008:syntax error : .
D:\rawrxd\history\runoff\part_0001\c__Users_HiH8e_Downloads_RawrXD-production-lazy-init_src_masm_final-ide_cpp_to_masm_streaming_inference.asm(254) : error A2008:syntax error : .
D:\rawrxd\history\runoff\part_0001\c__Users_HiH8e_Downloads_RawrXD-production-lazy-init_src_masm_final-ide_cpp_to_masm_streaming_inference.asm(276) : error A2008:syntax error : .
D:\rawrxd\history\runoff\part_0001\c__Users_HiH8e_Downloads_RawrXD-production-lazy-init_src_masm_final-ide_cpp_to_masm_streaming_inference.asm(311) : error A2008:syntax error : .
D:\rawrxd\history\runoff\part_0001\c__Users_HiH8e_Downloads_RawrXD-production-lazy-init_src_masm_final-ide_cpp_to_masm_streaming_inference.asm(464) : error A2008:syntax error : .
D:\rawrxd\history\runoff\part_0001\c__Users_HiH8e_Downloads_RawrXD-production-lazy-init_src_masm_final-ide_cpp_to_masm_streaming_inference.asm(471) : error A2008:syntax error : .
D:\rawrxd\history\runoff\part_0001\c__Users_HiH8e_Downloads_RawrXD-production-lazy-init_src_masm_final-ide_cpp_to_masm_streaming_inference.asm(478) : error A2008:syntax error : .
D:\rawrxd\history\runoff\part_0001\c__Users_HiH8e_Downloads_RawrXD-production-lazy-init_src_masm_final-ide_cpp_to_masm_streaming_inference.asm(485) : error A2008:syntax error : .
D:\rawrxd\history\runoff\part_0001\c__Users_HiH8e_Downloads_RawrXD-production-lazy-init_src_masm_final-ide_cpp_to_masm_streaming_inference.asm(506) : error A2008:syntax error : .
D:\rawrxd\history\runoff\part_0001\c__Users_HiH8e_Downloads_RawrXD-production-lazy-init_src_masm_final-ide_cpp_to_masm_streaming_inference.asm(522) : error A2008:syntax error : .
D:\rawrxd\history\runoff\part_0001\c__Users_HiH8e_Downloads_RawrXD-production-lazy-init_src_masm_final-ide_cpp_to_masm_streaming_inference.asm(560) : error A2008:syntax error : .
D:\rawrxd\history\runoff\part_0001\c__Users_HiH8e_Downloads_RawrXD-production-lazy-init_src_masm_final-ide_cpp_to_masm_streaming_inference.asm(565) : error A2008:syntax error : .
D:\rawrxd\history\runoff\part_0001\c__Users_HiH8e_Downloads_RawrXD-production-lazy-init_src_masm_final-ide_cpp_to_masm_streaming_inference.asm(574) : error A2005:symbol redefinition : static_stream_id
D:\rawrxd\history\runoff\part_0001\c__Users_HiH8e_Downloads_RawrXD-production-lazy-init_src_masm_final-ide_cpp_to_masm_streaming_inference.asm(131) : error A2009:syntax error in expression
D:\rawrxd\history\runoff\part_0001\c__Users_HiH8e_Downloads_RawrXD-production-lazy-init_src_masm_final-ide_cpp_to_masm_streaming_inference.asm(132) : error A2009:syntax error in expression
D:\rawrxd\history\runoff\part_0001\c__Users_HiH8e_Downloads_RawrXD-production-lazy-init_src_masm_final-ide_cpp_to_masm_streaming_inference.asm(133) : error A2009:syntax error in expression
D:\rawrxd\history\runoff\part_0001\c__Users_HiH8e_Downloads_RawrXD-production-lazy-init_src_masm_final-ide_cpp_to_masm_streaming_inference.asm(134) : error A2009:syntax error in expression
D:\rawrxd\history\runoff\part_0001\c__Users_HiH8e_Downloads_RawrXD-production-lazy-init_src_masm_final-ide_cpp_to_masm_streaming_inference.asm(140) : error A2009:syntax error in expression
D:\rawrxd\history\runoff\part_0001\c__Users_HiH8e_Downloads_RawrXD-production-lazy-init_src_masm_final-ide_cpp_to_masm_streaming_inference.asm(153) : error A2009:syntax error in expression
D:\rawrxd\history\runoff\part_0001\c__Users_HiH8e_Downloads_RawrXD-production-lazy-init_src_masm_final-ide_cpp_to_masm_streaming_inference.asm(181) : error A2009:syntax error in expression
D:\rawrxd\history\runoff\part_0001\c__Users_HiH8e_Downloads_RawrXD-production-lazy-init_src_masm_final-ide_cpp_to_masm_streaming_inference.asm(214) : error A2009:syntax error in expression
D:\rawrxd\history\runoff\part_0001\c__Users_HiH8e_Downloads_RawrXD-production-lazy-init_src_masm_final-ide_cpp_to_masm_streaming_inference.asm(222) : error A2006:undefined symbol : wrap_check
D:\rawrxd\history\runoff\part_0001\c__Users_HiH8e_Downloads_RawrXD-production-lazy-init_src_masm_final-ide_cpp_to_masm_streaming_inference.asm(224) : error A2006:undefined symbol : queue_full
D:\rawrxd\history\runoff\part_0001\c__Users_HiH8e_Downloads_RawrXD-production-lazy-init_src_masm_final-ide_cpp_to_masm_streaming_inference.asm(225) : error A2006:undefined symbol : queue_ok
D:\rawrxd\history\runoff\part_0001\c__Users_HiH8e_Downloads_RawrXD-production-lazy-init_src_masm_final-ide_cpp_to_masm_streaming_inference.asm(230) : error A2006:undefined symbol : queue_full
D:\rawrxd\history\runoff\part_0001\c__Users_HiH8e_Downloads_RawrXD-production-lazy-init_src_masm_final-ide_cpp_to_masm_streaming_inference.asm(245) : error A2006:undefined symbol : GetTickCount64
D:\rawrxd\history\runoff\part_0001\c__Users_HiH8e_Downloads_RawrXD-production-lazy-init_src_masm_final-ide_cpp_to_masm_streaming_inference.asm(251) : error A2006:undefined symbol : no_wrap
D:\rawrxd\history\runoff\part_0001\c__Users_HiH8e_Downloads_RawrXD-production-lazy-init_src_masm_final-ide_cpp_to_masm_streaming_inference.asm(256) : error A2009:syntax error in expression
D:\rawrxd\history\runoff\part_0001\c__Users_HiH8e_Downloads_RawrXD-production-lazy-init_src_masm_final-ide_cpp_to_masm_streaming_inference.asm(259) : error A2009:syntax error in expression
D:\rawrxd\history\runoff\part_0001\c__Users_HiH8e_Downloads_RawrXD-production-lazy-init_src_masm_final-ide_cpp_to_masm_streaming_inference.asm(278) : error A2009:syntax error in expression
D:\rawrxd\history\runoff\part_0001\c__Users_HiH8e_Downloads_RawrXD-production-lazy-init_src_masm_final-ide_cpp_to_masm_streaming_inference.asm(300) : error A2009:syntax error in expression
D:\rawrxd\history\runoff\part_0001\c__Users_HiH8e_Downloads_RawrXD-production-lazy-init_src_masm_final-ide_cpp_to_masm_streaming_inference.asm(308) : error A2006:undefined symbol : size_ok
D:\rawrxd\history\runoff\part_0001\c__Users_HiH8e_Downloads_RawrXD-production-lazy-init_src_masm_final-ide_cpp_to_masm_streaming_inference.asm(319) : error A2009:syntax error in expression
D:\rawrxd\history\runoff\part_0001\c__Users_HiH8e_Downloads_RawrXD-production-lazy-init_src_masm_final-ide_cpp_to_masm_streaming_inference.asm(322) : error A2009:syntax error in expression
D:\rawrxd\history\runoff\part_0001\c__Users_HiH8e_Downloads_RawrXD-production-lazy-init_src_masm_final-ide_cpp_to_masm_streaming_inference.asm(326) : error A2022:instruction operands must be the same size
D:\rawrxd\history\runoff\part_0001\c__Users_HiH8e_Downloads_RawrXD-production-lazy-init_src_masm_final-ide_cpp_to_masm_streaming_inference.asm(350) : error A2009:syntax error in expression
D:\rawrxd\history\runoff\part_0001\c__Users_HiH8e_Downloads_RawrXD-production-lazy-init_src_masm_final-ide_cpp_to_masm_streaming_inference.asm(360) : error A2022:instruction operands must be the same size
D:\rawrxd\history\runoff\part_0001\c__Users_HiH8e_Downloads_RawrXD-production-lazy-init_src_masm_final-ide_cpp_to_masm_streaming_inference.asm(375) : error A2009:syntax error in expression
D:\rawrxd\history\runoff\part_0001\c__Users_HiH8e_Downloads_RawrXD-production-lazy-init_src_masm_final-ide_cpp_to_masm_streaming_inference.asm(444) : error A2009:syntax error in expression
D:\rawrxd\history\runoff\part_0001\c__Users_HiH8e_Downloads_RawrXD-production-lazy-init_src_masm_final-ide_cpp_to_masm_streaming_inference.asm(461) : error A2006:undefined symbol : skip_thread
D:\rawrxd\history\runoff\part_0001\c__Users_HiH8e_Downloads_RawrXD-production-lazy-init_src_masm_final-ide_cpp_to_masm_streaming_inference.asm(468) : error A2006:undefined symbol : skip_event
D:\rawrxd\history\runoff\part_0001\c__Users_HiH8e_Downloads_RawrXD-production-lazy-init_src_masm_final-ide_cpp_to_masm_streaming_inference.asm(475) : error A2006:undefined symbol : skip_queue
D:\rawrxd\history\runoff\part_0001\c__Users_HiH8e_Downloads_RawrXD-production-lazy-init_src_masm_final-ide_cpp_to_masm_streaming_inference.asm(482) : error A2006:undefined symbol : skip_output
D:\rawrxd\history\runoff\part_0001\c__Users_HiH8e_Downloads_RawrXD-production-lazy-init_src_masm_final-ide_cpp_to_masm_streaming_inference.asm(507) : error A2009:syntax error in expression
D:\rawrxd\history\runoff\part_0001\c__Users_HiH8e_Downloads_RawrXD-production-lazy-init_src_masm_final-ide_cpp_to_masm_streaming_inference.asm(508) : error A2006:undefined symbol : stream_exit
D:\rawrxd\history\runoff\part_0001\c__Users_HiH8e_Downloads_RawrXD-production-lazy-init_src_masm_final-ide_cpp_to_masm_streaming_inference.asm(510) : error A2009:syntax error in expression
D:\rawrxd\history\runoff\part_0001\c__Users_HiH8e_Downloads_RawrXD-production-lazy-init_src_masm_final-ide_cpp_to_masm_streaming_inference.asm(511) : error A2006:undefined symbol : stream_exit
D:\rawrxd\history\runoff\part_0001\c__Users_HiH8e_Downloads_RawrXD-production-lazy-init_src_masm_final-ide_cpp_to_masm_streaming_inference.asm(524) : error A2006:undefined symbol : stream_loop
D:\rawrxd\history\runoff\part_0001\c__Users_HiH8e_Downloads_RawrXD-production-lazy-init_src_masm_final-ide_cpp_to_masm_streaming_inference.asm(557) : error A2006:undefined symbol : no_wrap2
D:\rawrxd\history\runoff\part_0001\c__Users_HiH8e_Downloads_RawrXD-production-lazy-init_src_masm_final-ide_cpp_to_masm_streaming_inference.asm(563) : error A2006:undefined symbol : process_loop
