 Assembling: D:\rawrxd\history\runoff\part_0002\c__Users_HiH8e_Downloads_RawrXD-production-lazy-init_src_masm_final-ide_process_manager.asm
D:\rawrxd\history\runoff\part_0002\c__Users_HiH8e_Downloads_RawrXD-production-lazy-init_src_masm_final-ide_process_manager.asm(65) : error A2006:undefined symbol : SECURITY_ATTRIBUTES
D:\rawrxd\history\runoff\part_0002\c__Users_HiH8e_Downloads_RawrXD-production-lazy-init_src_masm_final-ide_process_manager.asm(66) : error A2006:undefined symbol : SECURITY_ATTRIBUTES
D:\rawrxd\history\runoff\part_0002\c__Users_HiH8e_Downloads_RawrXD-production-lazy-init_src_masm_final-ide_process_manager.asm(67) : error A2006:undefined symbol : SECURITY_ATTRIBUTES
D:\rawrxd\history\runoff\part_0002\c__Users_HiH8e_Downloads_RawrXD-production-lazy-init_src_masm_final-ide_process_manager.asm(74) : error A2006:undefined symbol : CreatePipe
D:\rawrxd\history\runoff\part_0002\c__Users_HiH8e_Downloads_RawrXD-production-lazy-init_src_masm_final-ide_process_manager.asm(84) : error A2006:undefined symbol : HANDLE_FLAG_INHERIT
D:\rawrxd\history\runoff\part_0002\c__Users_HiH8e_Downloads_RawrXD-production-lazy-init_src_masm_final-ide_process_manager.asm(86) : error A2006:undefined symbol : SetHandleInformation
D:\rawrxd\history\runoff\part_0002\c__Users_HiH8e_Downloads_RawrXD-production-lazy-init_src_masm_final-ide_process_manager.asm(93) : error A2006:undefined symbol : CreatePipe
D:\rawrxd\history\runoff\part_0002\c__Users_HiH8e_Downloads_RawrXD-production-lazy-init_src_masm_final-ide_process_manager.asm(103) : error A2006:undefined symbol : HANDLE_FLAG_INHERIT
D:\rawrxd\history\runoff\part_0002\c__Users_HiH8e_Downloads_RawrXD-production-lazy-init_src_masm_final-ide_process_manager.asm(105) : error A2006:undefined symbol : SetHandleInformation
D:\rawrxd\history\runoff\part_0002\c__Users_HiH8e_Downloads_RawrXD-production-lazy-init_src_masm_final-ide_process_manager.asm(109) : error A2006:undefined symbol : STARTUPINFO
D:\rawrxd\history\runoff\part_0002\c__Users_HiH8e_Downloads_RawrXD-production-lazy-init_src_masm_final-ide_process_manager.asm(114) : error A2006:undefined symbol : STARTUPINFO
D:\rawrxd\history\runoff\part_0002\c__Users_HiH8e_Downloads_RawrXD-production-lazy-init_src_masm_final-ide_process_manager.asm(115) : error A2006:undefined symbol : STARTUPINFO
D:\rawrxd\history\runoff\part_0002\c__Users_HiH8e_Downloads_RawrXD-production-lazy-init_src_masm_final-ide_process_manager.asm(116) : error A2006:undefined symbol : STARTUPINFO
D:\rawrxd\history\runoff\part_0002\c__Users_HiH8e_Downloads_RawrXD-production-lazy-init_src_masm_final-ide_process_manager.asm(117) : error A2006:undefined symbol : STARTUPINFO
D:\rawrxd\history\runoff\part_0002\c__Users_HiH8e_Downloads_RawrXD-production-lazy-init_src_masm_final-ide_process_manager.asm(118) : error A2006:undefined symbol : STARTUPINFO
D:\rawrxd\history\runoff\part_0002\c__Users_HiH8e_Downloads_RawrXD-production-lazy-init_src_masm_final-ide_process_manager.asm(128) : error A2006:undefined symbol : CREATE_NO_WINDOW
D:\rawrxd\history\runoff\part_0002\c__Users_HiH8e_Downloads_RawrXD-production-lazy-init_src_masm_final-ide_process_manager.asm(136) : error A2006:undefined symbol : CreateProcessA
D:\rawrxd\history\runoff\part_0002\c__Users_HiH8e_Downloads_RawrXD-production-lazy-init_src_masm_final-ide_process_manager.asm(142) : error A2006:undefined symbol : PROCESS_INFORMATION
D:\rawrxd\history\runoff\part_0002\c__Users_HiH8e_Downloads_RawrXD-production-lazy-init_src_masm_final-ide_process_manager.asm(144) : error A2006:undefined symbol : PROCESS_INFORMATION
D:\rawrxd\history\runoff\part_0002\c__Users_HiH8e_Downloads_RawrXD-production-lazy-init_src_masm_final-ide_process_manager.asm(146) : error A2006:undefined symbol : PROCESS_INFORMATION
D:\rawrxd\history\runoff\part_0002\c__Users_HiH8e_Downloads_RawrXD-production-lazy-init_src_masm_final-ide_process_manager.asm(148) : error A2006:undefined symbol : PROCESS_INFORMATION
D:\rawrxd\history\runoff\part_0002\c__Users_HiH8e_Downloads_RawrXD-production-lazy-init_src_masm_final-ide_process_manager.asm(153) : error A2006:undefined symbol : CloseHandle
D:\rawrxd\history\runoff\part_0002\c__Users_HiH8e_Downloads_RawrXD-production-lazy-init_src_masm_final-ide_process_manager.asm(157) : error A2006:undefined symbol : CloseHandle
D:\rawrxd\history\runoff\part_0002\c__Users_HiH8e_Downloads_RawrXD-production-lazy-init_src_masm_final-ide_process_manager.asm(166) : error A2006:undefined symbol : CloseHandle
D:\rawrxd\history\runoff\part_0002\c__Users_HiH8e_Downloads_RawrXD-production-lazy-init_src_masm_final-ide_process_manager.asm(168) : error A2006:undefined symbol : CloseHandle
D:\rawrxd\history\runoff\part_0002\c__Users_HiH8e_Downloads_RawrXD-production-lazy-init_src_masm_final-ide_process_manager.asm(170) : error A2006:undefined symbol : CloseHandle
D:\rawrxd\history\runoff\part_0002\c__Users_HiH8e_Downloads_RawrXD-production-lazy-init_src_masm_final-ide_process_manager.asm(172) : error A2006:undefined symbol : CloseHandle
D:\rawrxd\history\runoff\part_0002\c__Users_HiH8e_Downloads_RawrXD-production-lazy-init_src_masm_final-ide_process_manager.asm(176) : error A2006:undefined symbol : CloseHandle
D:\rawrxd\history\runoff\part_0002\c__Users_HiH8e_Downloads_RawrXD-production-lazy-init_src_masm_final-ide_process_manager.asm(178) : error A2006:undefined symbol : CloseHandle
D:\rawrxd\history\runoff\part_0002\c__Users_HiH8e_Downloads_RawrXD-production-lazy-init_src_masm_final-ide_process_manager.asm(213) : error A2006:undefined symbol : ReadFile
D:\rawrxd\history\runoff\part_0002\c__Users_HiH8e_Downloads_RawrXD-production-lazy-init_src_masm_final-ide_process_manager.asm(250) : error A2006:undefined symbol : WriteFile
