 Assembling: D:\rawrxd\history\runoff\part_0002\c__Users_HiH8e_Downloads_RawrXD-production-lazy-init_src_masm_final-ide_qt6_widget_factory_bridge.asm
D:\rawrxd\history\runoff\part_0002\c__Users_HiH8e_Downloads_RawrXD-production-lazy-init_src_masm_final-ide_qt6_widget_factory_bridge.asm(80) : error A2008:syntax error : in expression
D:\rawrxd\history\runoff\part_0002\c__Users_HiH8e_Downloads_RawrXD-production-lazy-init_src_masm_final-ide_qt6_widget_factory_bridge.asm(81) : error A2008:syntax error : in expression
D:\rawrxd\history\runoff\part_0002\c__Users_HiH8e_Downloads_RawrXD-production-lazy-init_src_masm_final-ide_qt6_widget_factory_bridge.asm(82) : error A2008:syntax error : in expression
D:\rawrxd\history\runoff\part_0002\c__Users_HiH8e_Downloads_RawrXD-production-lazy-init_src_masm_final-ide_qt6_widget_factory_bridge.asm(83) : error A2008:syntax error : in expression
D:\rawrxd\history\runoff\part_0002\c__Users_HiH8e_Downloads_RawrXD-production-lazy-init_src_masm_final-ide_qt6_widget_factory_bridge.asm(84) : error A2008:syntax error : in expression
D:\rawrxd\history\runoff\part_0002\c__Users_HiH8e_Downloads_RawrXD-production-lazy-init_src_masm_final-ide_qt6_widget_factory_bridge.asm(85) : error A2008:syntax error : in expression
D:\rawrxd\history\runoff\part_0002\c__Users_HiH8e_Downloads_RawrXD-production-lazy-init_src_masm_final-ide_qt6_widget_factory_bridge.asm(86) : warning A6006:structure contains no members
D:\rawrxd\history\runoff\part_0002\c__Users_HiH8e_Downloads_RawrXD-production-lazy-init_src_masm_final-ide_qt6_widget_factory_bridge.asm(90) : error A2008:syntax error : in expression
D:\rawrxd\history\runoff\part_0002\c__Users_HiH8e_Downloads_RawrXD-production-lazy-init_src_masm_final-ide_qt6_widget_factory_bridge.asm(91) : error A2008:syntax error : in expression
D:\rawrxd\history\runoff\part_0002\c__Users_HiH8e_Downloads_RawrXD-production-lazy-init_src_masm_final-ide_qt6_widget_factory_bridge.asm(92) : error A2008:syntax error : in expression
D:\rawrxd\history\runoff\part_0002\c__Users_HiH8e_Downloads_RawrXD-production-lazy-init_src_masm_final-ide_qt6_widget_factory_bridge.asm(93) : error A2008:syntax error : in expression
D:\rawrxd\history\runoff\part_0002\c__Users_HiH8e_Downloads_RawrXD-production-lazy-init_src_masm_final-ide_qt6_widget_factory_bridge.asm(94) : error A2008:syntax error : in expression
D:\rawrxd\history\runoff\part_0002\c__Users_HiH8e_Downloads_RawrXD-production-lazy-init_src_masm_final-ide_qt6_widget_factory_bridge.asm(95) : error A2008:syntax error : in expression
D:\rawrxd\history\runoff\part_0002\c__Users_HiH8e_Downloads_RawrXD-production-lazy-init_src_masm_final-ide_qt6_widget_factory_bridge.asm(96) : error A2008:syntax error : width
D:\rawrxd\history\runoff\part_0002\c__Users_HiH8e_Downloads_RawrXD-production-lazy-init_src_masm_final-ide_qt6_widget_factory_bridge.asm(97) : error A2008:syntax error : in expression
D:\rawrxd\history\runoff\part_0002\c__Users_HiH8e_Downloads_RawrXD-production-lazy-init_src_masm_final-ide_qt6_widget_factory_bridge.asm(98) : error A2008:syntax error : in expression
D:\rawrxd\history\runoff\part_0002\c__Users_HiH8e_Downloads_RawrXD-production-lazy-init_src_masm_final-ide_qt6_widget_factory_bridge.asm(99) : error A2008:syntax error : in expression
D:\rawrxd\history\runoff\part_0002\c__Users_HiH8e_Downloads_RawrXD-production-lazy-init_src_masm_final-ide_qt6_widget_factory_bridge.asm(100) : error A2008:syntax error : in expression
D:\rawrxd\history\runoff\part_0002\c__Users_HiH8e_Downloads_RawrXD-production-lazy-init_src_masm_final-ide_qt6_widget_factory_bridge.asm(101) : error A2008:syntax error : in expression
D:\rawrxd\history\runoff\part_0002\c__Users_HiH8e_Downloads_RawrXD-production-lazy-init_src_masm_final-ide_qt6_widget_factory_bridge.asm(102) : error A2008:syntax error : in expression
D:\rawrxd\history\runoff\part_0002\c__Users_HiH8e_Downloads_RawrXD-production-lazy-init_src_masm_final-ide_qt6_widget_factory_bridge.asm(103) : error A2008:syntax error : in expression
D:\rawrxd\history\runoff\part_0002\c__Users_HiH8e_Downloads_RawrXD-production-lazy-init_src_masm_final-ide_qt6_widget_factory_bridge.asm(104) : error A2008:syntax error : in expression
D:\rawrxd\history\runoff\part_0002\c__Users_HiH8e_Downloads_RawrXD-production-lazy-init_src_masm_final-ide_qt6_widget_factory_bridge.asm(105) : warning A6006:structure contains no members
D:\rawrxd\history\runoff\part_0002\c__Users_HiH8e_Downloads_RawrXD-production-lazy-init_src_masm_final-ide_qt6_widget_factory_bridge.asm(109) : error A2008:syntax error : in expression
D:\rawrxd\history\runoff\part_0002\c__Users_HiH8e_Downloads_RawrXD-production-lazy-init_src_masm_final-ide_qt6_widget_factory_bridge.asm(110) : error A2008:syntax error : in expression
D:\rawrxd\history\runoff\part_0002\c__Users_HiH8e_Downloads_RawrXD-production-lazy-init_src_masm_final-ide_qt6_widget_factory_bridge.asm(111) : error A2008:syntax error : in expression
D:\rawrxd\history\runoff\part_0002\c__Users_HiH8e_Downloads_RawrXD-production-lazy-init_src_masm_final-ide_qt6_widget_factory_bridge.asm(112) : error A2008:syntax error : in expression
D:\rawrxd\history\runoff\part_0002\c__Users_HiH8e_Downloads_RawrXD-production-lazy-init_src_masm_final-ide_qt6_widget_factory_bridge.asm(113) : error A2008:syntax error : in expression
D:\rawrxd\history\runoff\part_0002\c__Users_HiH8e_Downloads_RawrXD-production-lazy-init_src_masm_final-ide_qt6_widget_factory_bridge.asm(114) : error A2008:syntax error : in expression
D:\rawrxd\history\runoff\part_0002\c__Users_HiH8e_Downloads_RawrXD-production-lazy-init_src_masm_final-ide_qt6_widget_factory_bridge.asm(115) : warning A6006:structure contains no members
D:\rawrxd\history\runoff\part_0002\c__Users_HiH8e_Downloads_RawrXD-production-lazy-init_src_masm_final-ide_qt6_widget_factory_bridge.asm(119) : error A2008:syntax error : in expression
D:\rawrxd\history\runoff\part_0002\c__Users_HiH8e_Downloads_RawrXD-production-lazy-init_src_masm_final-ide_qt6_widget_factory_bridge.asm(120) : error A2008:syntax error : in expression
D:\rawrxd\history\runoff\part_0002\c__Users_HiH8e_Downloads_RawrXD-production-lazy-init_src_masm_final-ide_qt6_widget_factory_bridge.asm(121) : error A2008:syntax error : in expression
D:\rawrxd\history\runoff\part_0002\c__Users_HiH8e_Downloads_RawrXD-production-lazy-init_src_masm_final-ide_qt6_widget_factory_bridge.asm(122) : error A2008:syntax error : in expression
D:\rawrxd\history\runoff\part_0002\c__Users_HiH8e_Downloads_RawrXD-production-lazy-init_src_masm_final-ide_qt6_widget_factory_bridge.asm(123) : error A2008:syntax error : in expression
D:\rawrxd\history\runoff\part_0002\c__Users_HiH8e_Downloads_RawrXD-production-lazy-init_src_masm_final-ide_qt6_widget_factory_bridge.asm(124) : error A2008:syntax error : in expression
D:\rawrxd\history\runoff\part_0002\c__Users_HiH8e_Downloads_RawrXD-production-lazy-init_src_masm_final-ide_qt6_widget_factory_bridge.asm(125) : error A2008:syntax error : in expression
D:\rawrxd\history\runoff\part_0002\c__Users_HiH8e_Downloads_RawrXD-production-lazy-init_src_masm_final-ide_qt6_widget_factory_bridge.asm(126) : error A2008:syntax error : in expression
D:\rawrxd\history\runoff\part_0002\c__Users_HiH8e_Downloads_RawrXD-production-lazy-init_src_masm_final-ide_qt6_widget_factory_bridge.asm(127) : error A2008:syntax error : in expression
D:\rawrxd\history\runoff\part_0002\c__Users_HiH8e_Downloads_RawrXD-production-lazy-init_src_masm_final-ide_qt6_widget_factory_bridge.asm(128) : error A2008:syntax error : in expression
D:\rawrxd\history\runoff\part_0002\c__Users_HiH8e_Downloads_RawrXD-production-lazy-init_src_masm_final-ide_qt6_widget_factory_bridge.asm(129) : warning A6006:structure contains no members
D:\rawrxd\history\runoff\part_0002\c__Users_HiH8e_Downloads_RawrXD-production-lazy-init_src_masm_final-ide_qt6_widget_factory_bridge.asm(133) : error A2008:syntax error : in expression
D:\rawrxd\history\runoff\part_0002\c__Users_HiH8e_Downloads_RawrXD-production-lazy-init_src_masm_final-ide_qt6_widget_factory_bridge.asm(134) : error A2008:syntax error : in expression
D:\rawrxd\history\runoff\part_0002\c__Users_HiH8e_Downloads_RawrXD-production-lazy-init_src_masm_final-ide_qt6_widget_factory_bridge.asm(135) : error A2008:syntax error : in expression
D:\rawrxd\history\runoff\part_0002\c__Users_HiH8e_Downloads_RawrXD-production-lazy-init_src_masm_final-ide_qt6_widget_factory_bridge.asm(136) : error A2008:syntax error : in expression
D:\rawrxd\history\runoff\part_0002\c__Users_HiH8e_Downloads_RawrXD-production-lazy-init_src_masm_final-ide_qt6_widget_factory_bridge.asm(137) : error A2008:syntax error : in expression
D:\rawrxd\history\runoff\part_0002\c__Users_HiH8e_Downloads_RawrXD-production-lazy-init_src_masm_final-ide_qt6_widget_factory_bridge.asm(138) : error A2008:syntax error : in expression
D:\rawrxd\history\runoff\part_0002\c__Users_HiH8e_Downloads_RawrXD-production-lazy-init_src_masm_final-ide_qt6_widget_factory_bridge.asm(139) : error A2008:syntax error : in expression
D:\rawrxd\history\runoff\part_0002\c__Users_HiH8e_Downloads_RawrXD-production-lazy-init_src_masm_final-ide_qt6_widget_factory_bridge.asm(140) : error A2008:syntax error : in expression
D:\rawrxd\history\runoff\part_0002\c__Users_HiH8e_Downloads_RawrXD-production-lazy-init_src_masm_final-ide_qt6_widget_factory_bridge.asm(141) : error A2008:syntax error : in expression
D:\rawrxd\history\runoff\part_0002\c__Users_HiH8e_Downloads_RawrXD-production-lazy-init_src_masm_final-ide_qt6_widget_factory_bridge.asm(142) : error A2008:syntax error : in expression
D:\rawrxd\history\runoff\part_0002\c__Users_HiH8e_Downloads_RawrXD-production-lazy-init_src_masm_final-ide_qt6_widget_factory_bridge.asm(143) : error A2008:syntax error : in expression
D:\rawrxd\history\runoff\part_0002\c__Users_HiH8e_Downloads_RawrXD-production-lazy-init_src_masm_final-ide_qt6_widget_factory_bridge.asm(144) : error A2008:syntax error : in expression
D:\rawrxd\history\runoff\part_0002\c__Users_HiH8e_Downloads_RawrXD-production-lazy-init_src_masm_final-ide_qt6_widget_factory_bridge.asm(145) : error A2008:syntax error : in expression
D:\rawrxd\history\runoff\part_0002\c__Users_HiH8e_Downloads_RawrXD-production-lazy-init_src_masm_final-ide_qt6_widget_factory_bridge.asm(146) : error A2008:syntax error : in expression
D:\rawrxd\history\runoff\part_0002\c__Users_HiH8e_Downloads_RawrXD-production-lazy-init_src_masm_final-ide_qt6_widget_factory_bridge.asm(147) : error A2008:syntax error : in expression
D:\rawrxd\history\runoff\part_0002\c__Users_HiH8e_Downloads_RawrXD-production-lazy-init_src_masm_final-ide_qt6_widget_factory_bridge.asm(148) : error A2008:syntax error : in expression
D:\rawrxd\history\runoff\part_0002\c__Users_HiH8e_Downloads_RawrXD-production-lazy-init_src_masm_final-ide_qt6_widget_factory_bridge.asm(149) : warning A6006:structure contains no members
D:\rawrxd\history\runoff\part_0002\c__Users_HiH8e_Downloads_RawrXD-production-lazy-init_src_masm_final-ide_qt6_widget_factory_bridge.asm(153) : error A2008:syntax error : in expression
D:\rawrxd\history\runoff\part_0002\c__Users_HiH8e_Downloads_RawrXD-production-lazy-init_src_masm_final-ide_qt6_widget_factory_bridge.asm(154) : error A2008:syntax error : in expression
D:\rawrxd\history\runoff\part_0002\c__Users_HiH8e_Downloads_RawrXD-production-lazy-init_src_masm_final-ide_qt6_widget_factory_bridge.asm(155) : error A2008:syntax error : in expression
D:\rawrxd\history\runoff\part_0002\c__Users_HiH8e_Downloads_RawrXD-production-lazy-init_src_masm_final-ide_qt6_widget_factory_bridge.asm(156) : error A2008:syntax error : in expression
D:\rawrxd\history\runoff\part_0002\c__Users_HiH8e_Downloads_RawrXD-production-lazy-init_src_masm_final-ide_qt6_widget_factory_bridge.asm(157) : error A2008:syntax error : in expression
D:\rawrxd\history\runoff\part_0002\c__Users_HiH8e_Downloads_RawrXD-production-lazy-init_src_masm_final-ide_qt6_widget_factory_bridge.asm(158) : error A2008:syntax error : in expression
D:\rawrxd\history\runoff\part_0002\c__Users_HiH8e_Downloads_RawrXD-production-lazy-init_src_masm_final-ide_qt6_widget_factory_bridge.asm(159) : error A2008:syntax error : in expression
D:\rawrxd\history\runoff\part_0002\c__Users_HiH8e_Downloads_RawrXD-production-lazy-init_src_masm_final-ide_qt6_widget_factory_bridge.asm(160) : warning A6006:structure contains no members
D:\rawrxd\history\runoff\part_0002\c__Users_HiH8e_Downloads_RawrXD-production-lazy-init_src_masm_final-ide_qt6_widget_factory_bridge.asm(180) : error A2159:structure cannot be instanced
D:\rawrxd\history\runoff\part_0002\c__Users_HiH8e_Downloads_RawrXD-production-lazy-init_src_masm_final-ide_qt6_widget_factory_bridge.asm(181) : error A2159:structure cannot be instanced
D:\rawrxd\history\runoff\part_0002\c__Users_HiH8e_Downloads_RawrXD-production-lazy-init_src_masm_final-ide_qt6_widget_factory_bridge.asm(239) : error A2008:syntax error : .
D:\rawrxd\history\runoff\part_0002\c__Users_HiH8e_Downloads_RawrXD-production-lazy-init_src_masm_final-ide_qt6_widget_factory_bridge.asm(243) : error A2008:syntax error : .
D:\rawrxd\history\runoff\part_0002\c__Users_HiH8e_Downloads_RawrXD-production-lazy-init_src_masm_final-ide_qt6_widget_factory_bridge.asm(249) : error A2008:syntax error : .
D:\rawrxd\history\runoff\part_0002\c__Users_HiH8e_Downloads_RawrXD-production-lazy-init_src_masm_final-ide_qt6_widget_factory_bridge.asm(254) : error A2008:syntax error : .
D:\rawrxd\history\runoff\part_0002\c__Users_HiH8e_Downloads_RawrXD-production-lazy-init_src_masm_final-ide_qt6_widget_factory_bridge.asm(291) : error A2008:syntax error : .
D:\rawrxd\history\runoff\part_0002\c__Users_HiH8e_Downloads_RawrXD-production-lazy-init_src_masm_final-ide_qt6_widget_factory_bridge.asm(294) : error A2008:syntax error : .
D:\rawrxd\history\runoff\part_0002\c__Users_HiH8e_Downloads_RawrXD-production-lazy-init_src_masm_final-ide_qt6_widget_factory_bridge.asm(323) : error A2008:syntax error : .
D:\rawrxd\history\runoff\part_0002\c__Users_HiH8e_Downloads_RawrXD-production-lazy-init_src_masm_final-ide_qt6_widget_factory_bridge.asm(326) : error A2008:syntax error : .
D:\rawrxd\history\runoff\part_0002\c__Users_HiH8e_Downloads_RawrXD-production-lazy-init_src_masm_final-ide_qt6_widget_factory_bridge.asm(348) : error A2008:syntax error : .
D:\rawrxd\history\runoff\part_0002\c__Users_HiH8e_Downloads_RawrXD-production-lazy-init_src_masm_final-ide_qt6_widget_factory_bridge.asm(352) : error A2008:syntax error : .
D:\rawrxd\history\runoff\part_0002\c__Users_HiH8e_Downloads_RawrXD-production-lazy-init_src_masm_final-ide_qt6_widget_factory_bridge.asm(407) : error A2008:syntax error : .
D:\rawrxd\history\runoff\part_0002\c__Users_HiH8e_Downloads_RawrXD-production-lazy-init_src_masm_final-ide_qt6_widget_factory_bridge.asm(411) : error A2008:syntax error : .
D:\rawrxd\history\runoff\part_0002\c__Users_HiH8e_Downloads_RawrXD-production-lazy-init_src_masm_final-ide_qt6_widget_factory_bridge.asm(415) : error A2008:syntax error : .
D:\rawrxd\history\runoff\part_0002\c__Users_HiH8e_Downloads_RawrXD-production-lazy-init_src_masm_final-ide_qt6_widget_factory_bridge.asm(420) : error A2008:syntax error : .
D:\rawrxd\history\runoff\part_0002\c__Users_HiH8e_Downloads_RawrXD-production-lazy-init_src_masm_final-ide_qt6_widget_factory_bridge.asm(198) : error A2006:undefined symbol : L0_invalid_class
D:\rawrxd\history\runoff\part_0002\c__Users_HiH8e_Downloads_RawrXD-production-lazy-init_src_masm_final-ide_qt6_widget_factory_bridge.asm(200) : error A2006:undefined symbol : L0_invalid_class
D:\rawrxd\history\runoff\part_0002\c__Users_HiH8e_Downloads_RawrXD-production-lazy-init_src_masm_final-ide_qt6_widget_factory_bridge.asm(203) : error A2006:undefined symbol : widgetFactoryManager
D:\rawrxd\history\runoff\part_0002\c__Users_HiH8e_Downloads_RawrXD-production-lazy-init_src_masm_final-ide_qt6_widget_factory_bridge.asm(207) : error A2006:undefined symbol : widgetFactoryManager
D:\rawrxd\history\runoff\part_0002\c__Users_HiH8e_Downloads_RawrXD-production-lazy-init_src_masm_final-ide_qt6_widget_factory_bridge.asm(208) : error A2006:undefined symbol : L0_limit_exceeded
D:\rawrxd\history\runoff\part_0002\c__Users_HiH8e_Downloads_RawrXD-production-lazy-init_src_masm_final-ide_qt6_widget_factory_bridge.asm(214) : error A2006:undefined symbol : L0_alloc_failed
D:\rawrxd\history\runoff\part_0002\c__Users_HiH8e_Downloads_RawrXD-production-lazy-init_src_masm_final-ide_qt6_widget_factory_bridge.asm(218) : error A2006:undefined symbol : ClassId
D:\rawrxd\history\runoff\part_0002\c__Users_HiH8e_Downloads_RawrXD-production-lazy-init_src_masm_final-ide_qt6_widget_factory_bridge.asm(219) : error A2006:undefined symbol : InstanceId
D:\rawrxd\history\runoff\part_0002\c__Users_HiH8e_Downloads_RawrXD-production-lazy-init_src_masm_final-ide_qt6_widget_factory_bridge.asm(220) : error A2006:undefined symbol : Visible
D:\rawrxd\history\runoff\part_0002\c__Users_HiH8e_Downloads_RawrXD-production-lazy-init_src_masm_final-ide_qt6_widget_factory_bridge.asm(221) : error A2006:undefined symbol : Enabled
D:\rawrxd\history\runoff\part_0002\c__Users_HiH8e_Downloads_RawrXD-production-lazy-init_src_masm_final-ide_qt6_widget_factory_bridge.asm(224) : error A2006:undefined symbol : widgetFactoryManager
D:\rawrxd\history\runoff\part_0002\c__Users_HiH8e_Downloads_RawrXD-production-lazy-init_src_masm_final-ide_qt6_widget_factory_bridge.asm(225) : error A2006:undefined symbol : Parent
D:\rawrxd\history\runoff\part_0002\c__Users_HiH8e_Downloads_RawrXD-production-lazy-init_src_masm_final-ide_qt6_widget_factory_bridge.asm(226) : error A2006:undefined symbol : widgetFactoryManager
D:\rawrxd\history\runoff\part_0002\c__Users_HiH8e_Downloads_RawrXD-production-lazy-init_src_masm_final-ide_qt6_widget_factory_bridge.asm(229) : error A2006:undefined symbol : widgetFactoryManager
D:\rawrxd\history\runoff\part_0002\c__Users_HiH8e_Downloads_RawrXD-production-lazy-init_src_masm_final-ide_qt6_widget_factory_bridge.asm(230) : error A2006:undefined symbol : widgetFactoryMetrics
D:\rawrxd\history\runoff\part_0002\c__Users_HiH8e_Downloads_RawrXD-production-lazy-init_src_masm_final-ide_qt6_widget_factory_bridge.asm(233) : error A2006:undefined symbol : widgetFactoryManager
D:\rawrxd\history\runoff\part_0002\c__Users_HiH8e_Downloads_RawrXD-production-lazy-init_src_masm_final-ide_qt6_widget_factory_bridge.asm(237) : error A2006:undefined symbol : L0_exit
D:\rawrxd\history\runoff\part_0002\c__Users_HiH8e_Downloads_RawrXD-production-lazy-init_src_masm_final-ide_qt6_widget_factory_bridge.asm(240) : error A2206:missing operator in expression
D:\rawrxd\history\runoff\part_0002\c__Users_HiH8e_Downloads_RawrXD-production-lazy-init_src_masm_final-ide_qt6_widget_factory_bridge.asm(241) : error A2006:undefined symbol : L0_exit
D:\rawrxd\history\runoff\part_0002\c__Users_HiH8e_Downloads_RawrXD-production-lazy-init_src_masm_final-ide_qt6_widget_factory_bridge.asm(244) : error A2006:undefined symbol : widgetFactoryManager
D:\rawrxd\history\runoff\part_0002\c__Users_HiH8e_Downloads_RawrXD-production-lazy-init_src_masm_final-ide_qt6_widget_factory_bridge.asm(246) : error A2206:missing operator in expression
D:\rawrxd\history\runoff\part_0002\c__Users_HiH8e_Downloads_RawrXD-production-lazy-init_src_masm_final-ide_qt6_widget_factory_bridge.asm(247) : error A2006:undefined symbol : L0_exit
D:\rawrxd\history\runoff\part_0002\c__Users_HiH8e_Downloads_RawrXD-production-lazy-init_src_masm_final-ide_qt6_widget_factory_bridge.asm(250) : error A2006:undefined symbol : widgetFactoryManager
D:\rawrxd\history\runoff\part_0002\c__Users_HiH8e_Downloads_RawrXD-production-lazy-init_src_masm_final-ide_qt6_widget_factory_bridge.asm(270) : error A2006:undefined symbol : L1_invalid_widget
D:\rawrxd\history\runoff\part_0002\c__Users_HiH8e_Downloads_RawrXD-production-lazy-init_src_masm_final-ide_qt6_widget_factory_bridge.asm(273) : fatal error A1012:error count exceeds 100; stopping assembly
