 Assembling: D:\rawrxd\history\runoff\part_0001\c__Users_HiH8e_Downloads_RawrXD-production-lazy-init_src_masm_final-ide_advanced_hotpatching.asm
D:\rawrxd\history\runoff\part_0001\c__Users_HiH8e_Downloads_RawrXD-production-lazy-init_src_masm_final-ide_advanced_hotpatching.asm(87) : error A2008:syntax error : in expression
D:\rawrxd\history\runoff\part_0001\c__Users_HiH8e_Downloads_RawrXD-production-lazy-init_src_masm_final-ide_advanced_hotpatching.asm(88) : error A2008:syntax error : size
D:\rawrxd\history\runoff\part_0001\c__Users_HiH8e_Downloads_RawrXD-production-lazy-init_src_masm_final-ide_advanced_hotpatching.asm(89) : error A2008:syntax error : in expression
D:\rawrxd\history\runoff\part_0001\c__Users_HiH8e_Downloads_RawrXD-production-lazy-init_src_masm_final-ide_advanced_hotpatching.asm(90) : error A2008:syntax error : in expression
D:\rawrxd\history\runoff\part_0001\c__Users_HiH8e_Downloads_RawrXD-production-lazy-init_src_masm_final-ide_advanced_hotpatching.asm(91) : error A2008:syntax error : in expression
D:\rawrxd\history\runoff\part_0001\c__Users_HiH8e_Downloads_RawrXD-production-lazy-init_src_masm_final-ide_advanced_hotpatching.asm(92) : error A2008:syntax error : in expression
D:\rawrxd\history\runoff\part_0001\c__Users_HiH8e_Downloads_RawrXD-production-lazy-init_src_masm_final-ide_advanced_hotpatching.asm(93) : error A2008:syntax error : in expression
D:\rawrxd\history\runoff\part_0001\c__Users_HiH8e_Downloads_RawrXD-production-lazy-init_src_masm_final-ide_advanced_hotpatching.asm(94) : error A2008:syntax error : in expression
D:\rawrxd\history\runoff\part_0001\c__Users_HiH8e_Downloads_RawrXD-production-lazy-init_src_masm_final-ide_advanced_hotpatching.asm(95) : error A2008:syntax error : in expression
D:\rawrxd\history\runoff\part_0001\c__Users_HiH8e_Downloads_RawrXD-production-lazy-init_src_masm_final-ide_advanced_hotpatching.asm(96) : warning A6006:structure contains no members
D:\rawrxd\history\runoff\part_0001\c__Users_HiH8e_Downloads_RawrXD-production-lazy-init_src_masm_final-ide_advanced_hotpatching.asm(100) : error A2008:syntax error : in expression
D:\rawrxd\history\runoff\part_0001\c__Users_HiH8e_Downloads_RawrXD-production-lazy-init_src_masm_final-ide_advanced_hotpatching.asm(101) : error A2008:syntax error : offset
D:\rawrxd\history\runoff\part_0001\c__Users_HiH8e_Downloads_RawrXD-production-lazy-init_src_masm_final-ide_advanced_hotpatching.asm(102) : error A2008:syntax error : size
D:\rawrxd\history\runoff\part_0001\c__Users_HiH8e_Downloads_RawrXD-production-lazy-init_src_masm_final-ide_advanced_hotpatching.asm(103) : error A2008:syntax error : in expression
D:\rawrxd\history\runoff\part_0001\c__Users_HiH8e_Downloads_RawrXD-production-lazy-init_src_masm_final-ide_advanced_hotpatching.asm(104) : error A2008:syntax error : in expression
D:\rawrxd\history\runoff\part_0001\c__Users_HiH8e_Downloads_RawrXD-production-lazy-init_src_masm_final-ide_advanced_hotpatching.asm(105) : error A2008:syntax error : in expression
D:\rawrxd\history\runoff\part_0001\c__Users_HiH8e_Downloads_RawrXD-production-lazy-init_src_masm_final-ide_advanced_hotpatching.asm(106) : error A2008:syntax error : in expression
D:\rawrxd\history\runoff\part_0001\c__Users_HiH8e_Downloads_RawrXD-production-lazy-init_src_masm_final-ide_advanced_hotpatching.asm(107) : error A2008:syntax error : in expression
D:\rawrxd\history\runoff\part_0001\c__Users_HiH8e_Downloads_RawrXD-production-lazy-init_src_masm_final-ide_advanced_hotpatching.asm(108) : error A2008:syntax error : in expression
D:\rawrxd\history\runoff\part_0001\c__Users_HiH8e_Downloads_RawrXD-production-lazy-init_src_masm_final-ide_advanced_hotpatching.asm(109) : warning A6006:structure contains no members
D:\rawrxd\history\runoff\part_0001\c__Users_HiH8e_Downloads_RawrXD-production-lazy-init_src_masm_final-ide_advanced_hotpatching.asm(113) : error A2008:syntax error : in expression
D:\rawrxd\history\runoff\part_0001\c__Users_HiH8e_Downloads_RawrXD-production-lazy-init_src_masm_final-ide_advanced_hotpatching.asm(114) : error A2008:syntax error : in expression
D:\rawrxd\history\runoff\part_0001\c__Users_HiH8e_Downloads_RawrXD-production-lazy-init_src_masm_final-ide_advanced_hotpatching.asm(115) : error A2008:syntax error : in expression
D:\rawrxd\history\runoff\part_0001\c__Users_HiH8e_Downloads_RawrXD-production-lazy-init_src_masm_final-ide_advanced_hotpatching.asm(116) : error A2008:syntax error : in expression
D:\rawrxd\history\runoff\part_0001\c__Users_HiH8e_Downloads_RawrXD-production-lazy-init_src_masm_final-ide_advanced_hotpatching.asm(117) : error A2008:syntax error : in expression
D:\rawrxd\history\runoff\part_0001\c__Users_HiH8e_Downloads_RawrXD-production-lazy-init_src_masm_final-ide_advanced_hotpatching.asm(118) : error A2008:syntax error : in expression
D:\rawrxd\history\runoff\part_0001\c__Users_HiH8e_Downloads_RawrXD-production-lazy-init_src_masm_final-ide_advanced_hotpatching.asm(119) : error A2008:syntax error : in expression
D:\rawrxd\history\runoff\part_0001\c__Users_HiH8e_Downloads_RawrXD-production-lazy-init_src_masm_final-ide_advanced_hotpatching.asm(120) : error A2008:syntax error : in expression
D:\rawrxd\history\runoff\part_0001\c__Users_HiH8e_Downloads_RawrXD-production-lazy-init_src_masm_final-ide_advanced_hotpatching.asm(121) : error A2008:syntax error : in expression
D:\rawrxd\history\runoff\part_0001\c__Users_HiH8e_Downloads_RawrXD-production-lazy-init_src_masm_final-ide_advanced_hotpatching.asm(122) : warning A6006:structure contains no members
D:\rawrxd\history\runoff\part_0001\c__Users_HiH8e_Downloads_RawrXD-production-lazy-init_src_masm_final-ide_advanced_hotpatching.asm(126) : error A2008:syntax error : in expression
D:\rawrxd\history\runoff\part_0001\c__Users_HiH8e_Downloads_RawrXD-production-lazy-init_src_masm_final-ide_advanced_hotpatching.asm(127) : error A2008:syntax error : in expression
D:\rawrxd\history\runoff\part_0001\c__Users_HiH8e_Downloads_RawrXD-production-lazy-init_src_masm_final-ide_advanced_hotpatching.asm(128) : error A2008:syntax error : in expression
D:\rawrxd\history\runoff\part_0001\c__Users_HiH8e_Downloads_RawrXD-production-lazy-init_src_masm_final-ide_advanced_hotpatching.asm(129) : error A2008:syntax error : in expression
D:\rawrxd\history\runoff\part_0001\c__Users_HiH8e_Downloads_RawrXD-production-lazy-init_src_masm_final-ide_advanced_hotpatching.asm(130) : error A2008:syntax error : in expression
D:\rawrxd\history\runoff\part_0001\c__Users_HiH8e_Downloads_RawrXD-production-lazy-init_src_masm_final-ide_advanced_hotpatching.asm(131) : error A2008:syntax error : in expression
D:\rawrxd\history\runoff\part_0001\c__Users_HiH8e_Downloads_RawrXD-production-lazy-init_src_masm_final-ide_advanced_hotpatching.asm(132) : error A2008:syntax error : in expression
D:\rawrxd\history\runoff\part_0001\c__Users_HiH8e_Downloads_RawrXD-production-lazy-init_src_masm_final-ide_advanced_hotpatching.asm(133) : error A2008:syntax error : in expression
D:\rawrxd\history\runoff\part_0001\c__Users_HiH8e_Downloads_RawrXD-production-lazy-init_src_masm_final-ide_advanced_hotpatching.asm(134) : error A2008:syntax error : in expression
D:\rawrxd\history\runoff\part_0001\c__Users_HiH8e_Downloads_RawrXD-production-lazy-init_src_masm_final-ide_advanced_hotpatching.asm(135) : error A2008:syntax error : in expression
D:\rawrxd\history\runoff\part_0001\c__Users_HiH8e_Downloads_RawrXD-production-lazy-init_src_masm_final-ide_advanced_hotpatching.asm(136) : error A2008:syntax error : in expression
D:\rawrxd\history\runoff\part_0001\c__Users_HiH8e_Downloads_RawrXD-production-lazy-init_src_masm_final-ide_advanced_hotpatching.asm(137) : error A2008:syntax error : in expression
D:\rawrxd\history\runoff\part_0001\c__Users_HiH8e_Downloads_RawrXD-production-lazy-init_src_masm_final-ide_advanced_hotpatching.asm(138) : warning A6006:structure contains no members
D:\rawrxd\history\runoff\part_0001\c__Users_HiH8e_Downloads_RawrXD-production-lazy-init_src_masm_final-ide_advanced_hotpatching.asm(142) : error A2008:syntax error : in expression
D:\rawrxd\history\runoff\part_0001\c__Users_HiH8e_Downloads_RawrXD-production-lazy-init_src_masm_final-ide_advanced_hotpatching.asm(143) : error A2008:syntax error : in expression
D:\rawrxd\history\runoff\part_0001\c__Users_HiH8e_Downloads_RawrXD-production-lazy-init_src_masm_final-ide_advanced_hotpatching.asm(144) : error A2008:syntax error : in expression
D:\rawrxd\history\runoff\part_0001\c__Users_HiH8e_Downloads_RawrXD-production-lazy-init_src_masm_final-ide_advanced_hotpatching.asm(145) : error A2008:syntax error : in expression
D:\rawrxd\history\runoff\part_0001\c__Users_HiH8e_Downloads_RawrXD-production-lazy-init_src_masm_final-ide_advanced_hotpatching.asm(146) : error A2008:syntax error : in expression
D:\rawrxd\history\runoff\part_0001\c__Users_HiH8e_Downloads_RawrXD-production-lazy-init_src_masm_final-ide_advanced_hotpatching.asm(147) : error A2008:syntax error : in expression
D:\rawrxd\history\runoff\part_0001\c__Users_HiH8e_Downloads_RawrXD-production-lazy-init_src_masm_final-ide_advanced_hotpatching.asm(148) : error A2008:syntax error : in expression
D:\rawrxd\history\runoff\part_0001\c__Users_HiH8e_Downloads_RawrXD-production-lazy-init_src_masm_final-ide_advanced_hotpatching.asm(149) : warning A6006:structure contains no members
D:\rawrxd\history\runoff\part_0001\c__Users_HiH8e_Downloads_RawrXD-production-lazy-init_src_masm_final-ide_advanced_hotpatching.asm(177) : error A2159:structure cannot be instanced
D:\rawrxd\history\runoff\part_0001\c__Users_HiH8e_Downloads_RawrXD-production-lazy-init_src_masm_final-ide_advanced_hotpatching.asm(180) : error A2159:structure cannot be instanced
D:\rawrxd\history\runoff\part_0001\c__Users_HiH8e_Downloads_RawrXD-production-lazy-init_src_masm_final-ide_advanced_hotpatching.asm(235) : error A2008:syntax error : .
D:\rawrxd\history\runoff\part_0001\c__Users_HiH8e_Downloads_RawrXD-production-lazy-init_src_masm_final-ide_advanced_hotpatching.asm(239) : error A2008:syntax error : .
D:\rawrxd\history\runoff\part_0001\c__Users_HiH8e_Downloads_RawrXD-production-lazy-init_src_masm_final-ide_advanced_hotpatching.asm(243) : error A2008:syntax error : .
D:\rawrxd\history\runoff\part_0001\c__Users_HiH8e_Downloads_RawrXD-production-lazy-init_src_masm_final-ide_advanced_hotpatching.asm(246) : error A2008:syntax error : .
D:\rawrxd\history\runoff\part_0001\c__Users_HiH8e_Downloads_RawrXD-production-lazy-init_src_masm_final-ide_advanced_hotpatching.asm(302) : error A2008:syntax error : .
D:\rawrxd\history\runoff\part_0001\c__Users_HiH8e_Downloads_RawrXD-production-lazy-init_src_masm_final-ide_advanced_hotpatching.asm(306) : error A2008:syntax error : .
D:\rawrxd\history\runoff\part_0001\c__Users_HiH8e_Downloads_RawrXD-production-lazy-init_src_masm_final-ide_advanced_hotpatching.asm(354) : error A2008:syntax error : .
D:\rawrxd\history\runoff\part_0001\c__Users_HiH8e_Downloads_RawrXD-production-lazy-init_src_masm_final-ide_advanced_hotpatching.asm(358) : error A2008:syntax error : .
D:\rawrxd\history\runoff\part_0001\c__Users_HiH8e_Downloads_RawrXD-production-lazy-init_src_masm_final-ide_advanced_hotpatching.asm(361) : error A2008:syntax error : .
D:\rawrxd\history\runoff\part_0001\c__Users_HiH8e_Downloads_RawrXD-production-lazy-init_src_masm_final-ide_advanced_hotpatching.asm(394) : error A2008:syntax error : .
D:\rawrxd\history\runoff\part_0001\c__Users_HiH8e_Downloads_RawrXD-production-lazy-init_src_masm_final-ide_advanced_hotpatching.asm(397) : error A2008:syntax error : .
D:\rawrxd\history\runoff\part_0001\c__Users_HiH8e_Downloads_RawrXD-production-lazy-init_src_masm_final-ide_advanced_hotpatching.asm(199) : error A2006:undefined symbol : L1_invalid_ptr
D:\rawrxd\history\runoff\part_0001\c__Users_HiH8e_Downloads_RawrXD-production-lazy-init_src_masm_final-ide_advanced_hotpatching.asm(201) : error A2006:undefined symbol : L1_invalid_size
D:\rawrxd\history\runoff\part_0001\c__Users_HiH8e_Downloads_RawrXD-production-lazy-init_src_masm_final-ide_advanced_hotpatching.asm(203) : error A2006:undefined symbol : L1_invalid_patch
D:\rawrxd\history\runoff\part_0001\c__Users_HiH8e_Downloads_RawrXD-production-lazy-init_src_masm_final-ide_advanced_hotpatching.asm(206) : error A2006:undefined symbol : hotpatchManager
D:\rawrxd\history\runoff\part_0001\c__Users_HiH8e_Downloads_RawrXD-production-lazy-init_src_masm_final-ide_advanced_hotpatching.asm(211) : error A2206:missing operator in expression
D:\rawrxd\history\runoff\part_0001\c__Users_HiH8e_Downloads_RawrXD-production-lazy-init_src_masm_final-ide_advanced_hotpatching.asm(214) : error A2206:missing operator in expression
D:\rawrxd\history\runoff\part_0001\c__Users_HiH8e_Downloads_RawrXD-production-lazy-init_src_masm_final-ide_advanced_hotpatching.asm(229) : error A2006:undefined symbol : hotpatchStats
D:\rawrxd\history\runoff\part_0001\c__Users_HiH8e_Downloads_RawrXD-production-lazy-init_src_masm_final-ide_advanced_hotpatching.asm(230) : error A2006:undefined symbol : hotpatchStats
D:\rawrxd\history\runoff\part_0001\c__Users_HiH8e_Downloads_RawrXD-production-lazy-init_src_masm_final-ide_advanced_hotpatching.asm(232) : error A2206:missing operator in expression
D:\rawrxd\history\runoff\part_0001\c__Users_HiH8e_Downloads_RawrXD-production-lazy-init_src_masm_final-ide_advanced_hotpatching.asm(233) : error A2006:undefined symbol : L1_exit
D:\rawrxd\history\runoff\part_0001\c__Users_HiH8e_Downloads_RawrXD-production-lazy-init_src_masm_final-ide_advanced_hotpatching.asm(236) : error A2206:missing operator in expression
D:\rawrxd\history\runoff\part_0001\c__Users_HiH8e_Downloads_RawrXD-production-lazy-init_src_masm_final-ide_advanced_hotpatching.asm(237) : error A2006:undefined symbol : L1_exit
D:\rawrxd\history\runoff\part_0001\c__Users_HiH8e_Downloads_RawrXD-production-lazy-init_src_masm_final-ide_advanced_hotpatching.asm(240) : error A2206:missing operator in expression
D:\rawrxd\history\runoff\part_0001\c__Users_HiH8e_Downloads_RawrXD-production-lazy-init_src_masm_final-ide_advanced_hotpatching.asm(241) : error A2006:undefined symbol : L1_exit
D:\rawrxd\history\runoff\part_0001\c__Users_HiH8e_Downloads_RawrXD-production-lazy-init_src_masm_final-ide_advanced_hotpatching.asm(244) : error A2206:missing operator in expression
D:\rawrxd\history\runoff\part_0001\c__Users_HiH8e_Downloads_RawrXD-production-lazy-init_src_masm_final-ide_advanced_hotpatching.asm(266) : error A2006:undefined symbol : L2_invalid
D:\rawrxd\history\runoff\part_0001\c__Users_HiH8e_Downloads_RawrXD-production-lazy-init_src_masm_final-ide_advanced_hotpatching.asm(268) : error A2006:undefined symbol : L2_invalid
D:\rawrxd\history\runoff\part_0001\c__Users_HiH8e_Downloads_RawrXD-production-lazy-init_src_masm_final-ide_advanced_hotpatching.asm(270) : error A2006:undefined symbol : L2_invalid
D:\rawrxd\history\runoff\part_0001\c__Users_HiH8e_Downloads_RawrXD-production-lazy-init_src_masm_final-ide_advanced_hotpatching.asm(273) : error A2206:missing operator in expression
D:\rawrxd\history\runoff\part_0001\c__Users_HiH8e_Downloads_RawrXD-production-lazy-init_src_masm_final-ide_advanced_hotpatching.asm(274) : error A2006:undefined symbol : L2_invalid
D:\rawrxd\history\runoff\part_0001\c__Users_HiH8e_Downloads_RawrXD-production-lazy-init_src_masm_final-ide_advanced_hotpatching.asm(296) : error A2006:undefined symbol : hotpatchStats
D:\rawrxd\history\runoff\part_0001\c__Users_HiH8e_Downloads_RawrXD-production-lazy-init_src_masm_final-ide_advanced_hotpatching.asm(297) : error A2006:undefined symbol : hotpatchStats
D:\rawrxd\history\runoff\part_0001\c__Users_HiH8e_Downloads_RawrXD-production-lazy-init_src_masm_final-ide_advanced_hotpatching.asm(300) : error A2006:undefined symbol : L2_exit
D:\rawrxd\history\runoff\part_0001\c__Users_HiH8e_Downloads_RawrXD-production-lazy-init_src_masm_final-ide_advanced_hotpatching.asm(303) : error A2006:undefined symbol : hotpatchStats
D:\rawrxd\history\runoff\part_0001\c__Users_HiH8e_Downloads_RawrXD-production-lazy-init_src_masm_final-ide_advanced_hotpatching.asm(326) : error A2006:undefined symbol : L3_invalid_type
D:\rawrxd\history\runoff\part_0001\c__Users_HiH8e_Downloads_RawrXD-production-lazy-init_src_masm_final-ide_advanced_hotpatching.asm(328) : error A2006:undefined symbol : L3_invalid_type
D:\rawrxd\history\runoff\part_0001\c__Users_HiH8e_Downloads_RawrXD-production-lazy-init_src_masm_final-ide_advanced_hotpatching.asm(333) : error A2006:undefined symbol : hotpatchManager
D:\rawrxd\history\runoff\part_0001\c__Users_HiH8e_Downloads_RawrXD-production-lazy-init_src_masm_final-ide_advanced_hotpatching.asm(334) : error A2006:undefined symbol : L3_limit_exceeded
D:\rawrxd\history\runoff\part_0001\c__Users_HiH8e_Downloads_RawrXD-production-lazy-init_src_masm_final-ide_advanced_hotpatching.asm(337) : error A2006:undefined symbol : hotpatchManager
D:\rawrxd\history\runoff\part_0001\c__Users_HiH8e_Downloads_RawrXD-production-lazy-init_src_masm_final-ide_advanced_hotpatching.asm(338) : error A2006:undefined symbol : hotpatchManager
D:\rawrxd\history\runoff\part_0001\c__Users_HiH8e_Downloads_RawrXD-production-lazy-init_src_masm_final-ide_advanced_hotpatching.asm(349) : error A2006:undefined symbol : hotpatchStats
D:\rawrxd\history\runoff\part_0001\c__Users_HiH8e_Downloads_RawrXD-production-lazy-init_src_masm_final-ide_advanced_hotpatching.asm(352) : error A2006:undefined symbol : L3_exit
D:\rawrxd\history\runoff\part_0001\c__Users_HiH8e_Downloads_RawrXD-production-lazy-init_src_masm_final-ide_advanced_hotpatching.asm(355) : error A2206:missing operator in expression
D:\rawrxd\history\runoff\part_0001\c__Users_HiH8e_Downloads_RawrXD-production-lazy-init_src_masm_final-ide_advanced_hotpatching.asm(356) : error A2006:undefined symbol : L3_exit
D:\rawrxd\history\runoff\part_0001\c__Users_HiH8e_Downloads_RawrXD-production-lazy-init_src_masm_final-ide_advanced_hotpatching.asm(359) : error A2206:missing operator in expression
D:\rawrxd\history\runoff\part_0001\c__Users_HiH8e_Downloads_RawrXD-production-lazy-init_src_masm_final-ide_advanced_hotpatching.asm(380) : error A2006:undefined symbol : hotpatchManager
D:\rawrxd\history\runoff\part_0001\c__Users_HiH8e_Downloads_RawrXD-production-lazy-init_src_masm_final-ide_advanced_hotpatching.asm(381) : error A2006:undefined symbol : L4_not_found
D:\rawrxd\history\runoff\part_0001\c__Users_HiH8e_Downloads_RawrXD-production-lazy-init_src_masm_final-ide_advanced_hotpatching.asm(387) : error A2006:undefined symbol : hotpatchManager
D:\rawrxd\history\runoff\part_0001\c__Users_HiH8e_Downloads_RawrXD-production-lazy-init_src_masm_final-ide_advanced_hotpatching.asm(391) : error A2206:missing operator in expression
D:\rawrxd\history\runoff\part_0001\c__Users_HiH8e_Downloads_RawrXD-production-lazy-init_src_masm_final-ide_advanced_hotpatching.asm(392) : error A2006:undefined symbol : L4_exit
D:\rawrxd\history\runoff\part_0001\c__Users_HiH8e_Downloads_RawrXD-production-lazy-init_src_masm_final-ide_advanced_hotpatching.asm(395) : error A2206:missing operator in expression
D:\rawrxd\history\runoff\part_0001\c__Users_HiH8e_Downloads_RawrXD-production-lazy-init_src_masm_final-ide_advanced_hotpatching.asm(406) : fatal error A1012:error count exceeds 100; stopping assembly
