 Assembling: D:\rawrxd\history\runoff\part_0005\c__Users_HiH8e_OneDrive_Desktop_RawrXD-production-lazy-init_masm_ide_src_gguf_inference_engine.asm
D:\rawrxd\history\runoff\part_0005\c__Users_HiH8e_OneDrive_Desktop_RawrXD-production-lazy-init_masm_ide_src_gguf_inference_engine.asm(3) : error A2008:syntax error : .
D:\rawrxd\history\runoff\part_0005\c__Users_HiH8e_OneDrive_Desktop_RawrXD-production-lazy-init_masm_ide_src_gguf_inference_engine.asm(4) : error A2008:syntax error : .
D:\rawrxd\history\runoff\part_0005\c__Users_HiH8e_OneDrive_Desktop_RawrXD-production-lazy-init_masm_ide_src_gguf_inference_engine.asm(63) : error A2008:syntax error : VirtualAlloc
D:\rawrxd\history\runoff\part_0005\c__Users_HiH8e_OneDrive_Desktop_RawrXD-production-lazy-init_masm_ide_src_gguf_inference_engine.asm(84) : error A2070:invalid instruction operands
D:\rawrxd\history\runoff\part_0005\c__Users_HiH8e_OneDrive_Desktop_RawrXD-production-lazy-init_masm_ide_src_gguf_inference_engine.asm(85) : error A2070:invalid instruction operands
D:\rawrxd\history\runoff\part_0005\c__Users_HiH8e_OneDrive_Desktop_RawrXD-production-lazy-init_masm_ide_src_gguf_inference_engine.asm(88) : error A2070:invalid instruction operands
D:\rawrxd\history\runoff\part_0005\c__Users_HiH8e_OneDrive_Desktop_RawrXD-production-lazy-init_masm_ide_src_gguf_inference_engine.asm(112) : error A2008:syntax error : VirtualAlloc
D:\rawrxd\history\runoff\part_0005\c__Users_HiH8e_OneDrive_Desktop_RawrXD-production-lazy-init_masm_ide_src_gguf_inference_engine.asm(118) : error A2070:invalid instruction operands
D:\rawrxd\history\runoff\part_0005\c__Users_HiH8e_OneDrive_Desktop_RawrXD-production-lazy-init_masm_ide_src_gguf_inference_engine.asm(119) : error A2070:invalid instruction operands
D:\rawrxd\history\runoff\part_0005\c__Users_HiH8e_OneDrive_Desktop_RawrXD-production-lazy-init_masm_ide_src_gguf_inference_engine.asm(124) : error A2070:invalid instruction operands
D:\rawrxd\history\runoff\part_0005\c__Users_HiH8e_OneDrive_Desktop_RawrXD-production-lazy-init_masm_ide_src_gguf_inference_engine.asm(125) : error A2070:invalid instruction operands
D:\rawrxd\history\runoff\part_0005\c__Users_HiH8e_OneDrive_Desktop_RawrXD-production-lazy-init_masm_ide_src_gguf_inference_engine.asm(140) : error A2070:invalid instruction operands
D:\rawrxd\history\runoff\part_0005\c__Users_HiH8e_OneDrive_Desktop_RawrXD-production-lazy-init_masm_ide_src_gguf_inference_engine.asm(141) : error A2070:invalid instruction operands
D:\rawrxd\history\runoff\part_0005\c__Users_HiH8e_OneDrive_Desktop_RawrXD-production-lazy-init_masm_ide_src_gguf_inference_engine.asm(142) : error A2070:invalid instruction operands
D:\rawrxd\history\runoff\part_0005\c__Users_HiH8e_OneDrive_Desktop_RawrXD-production-lazy-init_masm_ide_src_gguf_inference_engine.asm(147) : error A2070:invalid instruction operands
D:\rawrxd\history\runoff\part_0005\c__Users_HiH8e_OneDrive_Desktop_RawrXD-production-lazy-init_masm_ide_src_gguf_inference_engine.asm(148) : error A2070:invalid instruction operands
D:\rawrxd\history\runoff\part_0005\c__Users_HiH8e_OneDrive_Desktop_RawrXD-production-lazy-init_masm_ide_src_gguf_inference_engine.asm(164) : error A2070:invalid instruction operands
D:\rawrxd\history\runoff\part_0005\c__Users_HiH8e_OneDrive_Desktop_RawrXD-production-lazy-init_masm_ide_src_gguf_inference_engine.asm(166) : error A2070:invalid instruction operands
D:\rawrxd\history\runoff\part_0005\c__Users_HiH8e_OneDrive_Desktop_RawrXD-production-lazy-init_masm_ide_src_gguf_inference_engine.asm(172) : error A2070:invalid instruction operands
D:\rawrxd\history\runoff\part_0005\c__Users_HiH8e_OneDrive_Desktop_RawrXD-production-lazy-init_masm_ide_src_gguf_inference_engine.asm(173) : error A2070:invalid instruction operands
D:\rawrxd\history\runoff\part_0005\c__Users_HiH8e_OneDrive_Desktop_RawrXD-production-lazy-init_masm_ide_src_gguf_inference_engine.asm(190) : error A2070:invalid instruction operands
D:\rawrxd\history\runoff\part_0005\c__Users_HiH8e_OneDrive_Desktop_RawrXD-production-lazy-init_masm_ide_src_gguf_inference_engine.asm(191) : error A2070:invalid instruction operands
D:\rawrxd\history\runoff\part_0005\c__Users_HiH8e_OneDrive_Desktop_RawrXD-production-lazy-init_masm_ide_src_gguf_inference_engine.asm(196) : error A2070:invalid instruction operands
D:\rawrxd\history\runoff\part_0005\c__Users_HiH8e_OneDrive_Desktop_RawrXD-production-lazy-init_masm_ide_src_gguf_inference_engine.asm(209) : error A2070:invalid instruction operands
D:\rawrxd\history\runoff\part_0005\c__Users_HiH8e_OneDrive_Desktop_RawrXD-production-lazy-init_masm_ide_src_gguf_inference_engine.asm(210) : error A2070:invalid instruction operands
D:\rawrxd\history\runoff\part_0005\c__Users_HiH8e_OneDrive_Desktop_RawrXD-production-lazy-init_masm_ide_src_gguf_inference_engine.asm(211) : error A2070:invalid instruction operands
D:\rawrxd\history\runoff\part_0005\c__Users_HiH8e_OneDrive_Desktop_RawrXD-production-lazy-init_masm_ide_src_gguf_inference_engine.asm(226) : error A2070:invalid instruction operands
D:\rawrxd\history\runoff\part_0005\c__Users_HiH8e_OneDrive_Desktop_RawrXD-production-lazy-init_masm_ide_src_gguf_inference_engine.asm(227) : error A2070:invalid instruction operands
D:\rawrxd\history\runoff\part_0005\c__Users_HiH8e_OneDrive_Desktop_RawrXD-production-lazy-init_masm_ide_src_gguf_inference_engine.asm(228) : error A2070:invalid instruction operands
D:\rawrxd\history\runoff\part_0005\c__Users_HiH8e_OneDrive_Desktop_RawrXD-production-lazy-init_masm_ide_src_gguf_inference_engine.asm(233) : error A2070:invalid instruction operands
D:\rawrxd\history\runoff\part_0005\c__Users_HiH8e_OneDrive_Desktop_RawrXD-production-lazy-init_masm_ide_src_gguf_inference_engine.asm(234) : error A2070:invalid instruction operands
D:\rawrxd\history\runoff\part_0005\c__Users_HiH8e_OneDrive_Desktop_RawrXD-production-lazy-init_masm_ide_src_gguf_inference_engine.asm(247) : error A2070:invalid instruction operands
D:\rawrxd\history\runoff\part_0005\c__Users_HiH8e_OneDrive_Desktop_RawrXD-production-lazy-init_masm_ide_src_gguf_inference_engine.asm(249) : error A2070:invalid instruction operands
D:\rawrxd\history\runoff\part_0005\c__Users_HiH8e_OneDrive_Desktop_RawrXD-production-lazy-init_masm_ide_src_gguf_inference_engine.asm(254) : error A2070:invalid instruction operands
D:\rawrxd\history\runoff\part_0005\c__Users_HiH8e_OneDrive_Desktop_RawrXD-production-lazy-init_masm_ide_src_gguf_inference_engine.asm(255) : error A2070:invalid instruction operands
D:\rawrxd\history\runoff\part_0005\c__Users_HiH8e_OneDrive_Desktop_RawrXD-production-lazy-init_masm_ide_src_gguf_inference_engine.asm(271) : error A2070:invalid instruction operands
D:\rawrxd\history\runoff\part_0005\c__Users_HiH8e_OneDrive_Desktop_RawrXD-production-lazy-init_masm_ide_src_gguf_inference_engine.asm(272) : error A2070:invalid instruction operands
D:\rawrxd\history\runoff\part_0005\c__Users_HiH8e_OneDrive_Desktop_RawrXD-production-lazy-init_masm_ide_src_gguf_inference_engine.asm(281) : error A2070:invalid instruction operands
D:\rawrxd\history\runoff\part_0005\c__Users_HiH8e_OneDrive_Desktop_RawrXD-production-lazy-init_masm_ide_src_gguf_inference_engine.asm(291) : error A2070:invalid instruction operands
D:\rawrxd\history\runoff\part_0005\c__Users_HiH8e_OneDrive_Desktop_RawrXD-production-lazy-init_masm_ide_src_gguf_inference_engine.asm(292) : error A2070:invalid instruction operands
D:\rawrxd\history\runoff\part_0005\c__Users_HiH8e_OneDrive_Desktop_RawrXD-production-lazy-init_masm_ide_src_gguf_inference_engine.asm(293) : error A2070:invalid instruction operands
D:\rawrxd\history\runoff\part_0005\c__Users_HiH8e_OneDrive_Desktop_RawrXD-production-lazy-init_masm_ide_src_gguf_inference_engine.asm(301) : error A2070:invalid instruction operands
D:\rawrxd\history\runoff\part_0005\c__Users_HiH8e_OneDrive_Desktop_RawrXD-production-lazy-init_masm_ide_src_gguf_inference_engine.asm(302) : error A2070:invalid instruction operands
D:\rawrxd\history\runoff\part_0005\c__Users_HiH8e_OneDrive_Desktop_RawrXD-production-lazy-init_masm_ide_src_gguf_inference_engine.asm(303) : error A2070:invalid instruction operands
D:\rawrxd\history\runoff\part_0005\c__Users_HiH8e_OneDrive_Desktop_RawrXD-production-lazy-init_masm_ide_src_gguf_inference_engine.asm(329) : error A2070:invalid instruction operands
D:\rawrxd\history\runoff\part_0005\c__Users_HiH8e_OneDrive_Desktop_RawrXD-production-lazy-init_masm_ide_src_gguf_inference_engine.asm(330) : error A2070:invalid instruction operands
D:\rawrxd\history\runoff\part_0005\c__Users_HiH8e_OneDrive_Desktop_RawrXD-production-lazy-init_masm_ide_src_gguf_inference_engine.asm(331) : error A2070:invalid instruction operands
D:\rawrxd\history\runoff\part_0005\c__Users_HiH8e_OneDrive_Desktop_RawrXD-production-lazy-init_masm_ide_src_gguf_inference_engine.asm(339) : error A2070:invalid instruction operands
D:\rawrxd\history\runoff\part_0005\c__Users_HiH8e_OneDrive_Desktop_RawrXD-production-lazy-init_masm_ide_src_gguf_inference_engine.asm(348) : error A2070:invalid instruction operands
D:\rawrxd\history\runoff\part_0005\c__Users_HiH8e_OneDrive_Desktop_RawrXD-production-lazy-init_masm_ide_src_gguf_inference_engine.asm(358) : error A2008:syntax error : invoke
D:\rawrxd\history\runoff\part_0005\c__Users_HiH8e_OneDrive_Desktop_RawrXD-production-lazy-init_masm_ide_src_gguf_inference_engine.asm(364) : error A2008:syntax error : invoke
D:\rawrxd\history\runoff\part_0005\c__Users_HiH8e_OneDrive_Desktop_RawrXD-production-lazy-init_masm_ide_src_gguf_inference_engine.asm(376) : error A2070:invalid instruction operands
D:\rawrxd\history\runoff\part_0005\c__Users_HiH8e_OneDrive_Desktop_RawrXD-production-lazy-init_masm_ide_src_gguf_inference_engine.asm(377) : error A2070:invalid instruction operands
D:\rawrxd\history\runoff\part_0005\c__Users_HiH8e_OneDrive_Desktop_RawrXD-production-lazy-init_masm_ide_src_gguf_inference_engine.asm(378) : error A2070:invalid instruction operands
D:\rawrxd\history\runoff\part_0005\c__Users_HiH8e_OneDrive_Desktop_RawrXD-production-lazy-init_masm_ide_src_gguf_inference_engine.asm(395) : error A2070:invalid instruction operands
D:\rawrxd\history\runoff\part_0005\c__Users_HiH8e_OneDrive_Desktop_RawrXD-production-lazy-init_masm_ide_src_gguf_inference_engine.asm(396) : error A2070:invalid instruction operands
D:\rawrxd\history\runoff\part_0005\c__Users_HiH8e_OneDrive_Desktop_RawrXD-production-lazy-init_masm_ide_src_gguf_inference_engine.asm(397) : error A2070:invalid instruction operands
D:\rawrxd\history\runoff\part_0005\c__Users_HiH8e_OneDrive_Desktop_RawrXD-production-lazy-init_masm_ide_src_gguf_inference_engine.asm(405) : error A2070:invalid instruction operands
D:\rawrxd\history\runoff\part_0005\c__Users_HiH8e_OneDrive_Desktop_RawrXD-production-lazy-init_masm_ide_src_gguf_inference_engine.asm(411) : error A2070:invalid instruction operands
D:\rawrxd\history\runoff\part_0005\c__Users_HiH8e_OneDrive_Desktop_RawrXD-production-lazy-init_masm_ide_src_gguf_inference_engine.asm(197) : error A2006:undefined symbol : lstrlenA
D:\rawrxd\history\runoff\part_0005\c__Users_HiH8e_OneDrive_Desktop_RawrXD-production-lazy-init_masm_ide_src_gguf_inference_engine.asm(282) : error A2077:instruction does not allow NEAR indirect addressing
D:\rawrxd\history\runoff\part_0005\c__Users_HiH8e_OneDrive_Desktop_RawrXD-production-lazy-init_masm_ide_src_gguf_inference_engine.asm(213) : warning A6004:procedure argument or local not referenced : cbMaxOutput
D:\rawrxd\history\runoff\part_0005\c__Users_HiH8e_OneDrive_Desktop_RawrXD-production-lazy-init_masm_ide_src_gguf_inference_engine.asm(350) : warning A6004:procedure argument or local not referenced : cbMax
D:\rawrxd\history\runoff\part_0005\c__Users_HiH8e_OneDrive_Desktop_RawrXD-production-lazy-init_masm_ide_src_gguf_inference_engine.asm(399) : warning A6004:procedure argument or local not referenced : pTokens
D:\rawrxd\history\runoff\part_0005\c__Users_HiH8e_OneDrive_Desktop_RawrXD-production-lazy-init_masm_ide_src_gguf_inference_engine.asm(399) : warning A6004:procedure argument or local not referenced : nTokens
D:\rawrxd\history\runoff\part_0005\c__Users_HiH8e_OneDrive_Desktop_RawrXD-production-lazy-init_masm_ide_src_gguf_inference_engine.asm(413) : warning A6004:procedure argument or local not referenced : pLogits
D:\rawrxd\history\runoff\part_0005\c__Users_HiH8e_OneDrive_Desktop_RawrXD-production-lazy-init_masm_ide_src_gguf_inference_engine.asm(413) : warning A6004:procedure argument or local not referenced : fTemperature
