 Assembling: D:\rawrxd\reconstructed\Users\HiH8e\Downloads\RawrXD-production-lazy-init\src\masm\final-ide\dual\triple\model\chain.asm
D:\rawrxd\reconstructed\Users\HiH8e\Downloads\RawrXD-production-lazy-init\src\masm\final-ide\dual\triple\model\chain.asm(248) : error A2008:syntax error : .
D:\rawrxd\reconstructed\Users\HiH8e\Downloads\RawrXD-production-lazy-init\src\masm\final-ide\dual\triple\model\chain.asm(258) : error A2008:syntax error : .
D:\rawrxd\reconstructed\Users\HiH8e\Downloads\RawrXD-production-lazy-init\src\masm\final-ide\dual\triple\model\chain.asm(286) : error A2008:syntax error : .
D:\rawrxd\reconstructed\Users\HiH8e\Downloads\RawrXD-production-lazy-init\src\masm\final-ide\dual\triple\model\chain.asm(324) : error A2008:syntax error : .
D:\rawrxd\reconstructed\Users\HiH8e\Downloads\RawrXD-production-lazy-init\src\masm\final-ide\dual\triple\model\chain.asm(334) : error A2008:syntax error : .
D:\rawrxd\reconstructed\Users\HiH8e\Downloads\RawrXD-production-lazy-init\src\masm\final-ide\dual\triple\model\chain.asm(341) : error A2008:syntax error : .
D:\rawrxd\reconstructed\Users\HiH8e\Downloads\RawrXD-production-lazy-init\src\masm\final-ide\dual\triple\model\chain.asm(351) : error A2008:syntax error : .
D:\rawrxd\reconstructed\Users\HiH8e\Downloads\RawrXD-production-lazy-init\src\masm\final-ide\dual\triple\model\chain.asm(369) : error A2008:syntax error : .
D:\rawrxd\reconstructed\Users\HiH8e\Downloads\RawrXD-production-lazy-init\src\masm\final-ide\dual\triple\model\chain.asm(393) : error A2008:syntax error : .
D:\rawrxd\reconstructed\Users\HiH8e\Downloads\RawrXD-production-lazy-init\src\masm\final-ide\dual\triple\model\chain.asm(417) : error A2008:syntax error : .
D:\rawrxd\reconstructed\Users\HiH8e\Downloads\RawrXD-production-lazy-init\src\masm\final-ide\dual\triple\model\chain.asm(424) : error A2008:syntax error : .
D:\rawrxd\reconstructed\Users\HiH8e\Downloads\RawrXD-production-lazy-init\src\masm\final-ide\dual\triple\model\chain.asm(463) : error A2008:syntax error : .
D:\rawrxd\reconstructed\Users\HiH8e\Downloads\RawrXD-production-lazy-init\src\masm\final-ide\dual\triple\model\chain.asm(470) : error A2008:syntax error : .
D:\rawrxd\reconstructed\Users\HiH8e\Downloads\RawrXD-production-lazy-init\src\masm\final-ide\dual\triple\model\chain.asm(477) : error A2008:syntax error : .
D:\rawrxd\reconstructed\Users\HiH8e\Downloads\RawrXD-production-lazy-init\src\masm\final-ide\dual\triple\model\chain.asm(484) : error A2008:syntax error : .
D:\rawrxd\reconstructed\Users\HiH8e\Downloads\RawrXD-production-lazy-init\src\masm\final-ide\dual\triple\model\chain.asm(491) : error A2008:syntax error : .
D:\rawrxd\reconstructed\Users\HiH8e\Downloads\RawrXD-production-lazy-init\src\masm\final-ide\dual\triple\model\chain.asm(498) : error A2008:syntax error : .
D:\rawrxd\reconstructed\Users\HiH8e\Downloads\RawrXD-production-lazy-init\src\masm\final-ide\dual\triple\model\chain.asm(505) : error A2008:syntax error : .
D:\rawrxd\reconstructed\Users\HiH8e\Downloads\RawrXD-production-lazy-init\src\masm\final-ide\dual\triple\model\chain.asm(533) : error A2008:syntax error : .
D:\rawrxd\reconstructed\Users\HiH8e\Downloads\RawrXD-production-lazy-init\src\masm\final-ide\dual\triple\model\chain.asm(557) : error A2008:syntax error : .
D:\rawrxd\reconstructed\Users\HiH8e\Downloads\RawrXD-production-lazy-init\src\masm\final-ide\dual\triple\model\chain.asm(565) : error A2008:syntax error : .
D:\rawrxd\reconstructed\Users\HiH8e\Downloads\RawrXD-production-lazy-init\src\masm\final-ide\dual\triple\model\chain.asm(590) : error A2008:syntax error : .
D:\rawrxd\reconstructed\Users\HiH8e\Downloads\RawrXD-production-lazy-init\src\masm\final-ide\dual\triple\model\chain.asm(606) : error A2008:syntax error : .
D:\rawrxd\reconstructed\Users\HiH8e\Downloads\RawrXD-production-lazy-init\src\masm\final-ide\dual\triple\model\chain.asm(633) : error A2008:syntax error : .
D:\rawrxd\reconstructed\Users\HiH8e\Downloads\RawrXD-production-lazy-init\src\masm\final-ide\dual\triple\model\chain.asm(646) : error A2008:syntax error : .
D:\rawrxd\reconstructed\Users\HiH8e\Downloads\RawrXD-production-lazy-init\src\masm\final-ide\dual\triple\model\chain.asm(691) : error A2008:syntax error : .
D:\rawrxd\reconstructed\Users\HiH8e\Downloads\RawrXD-production-lazy-init\src\masm\final-ide\dual\triple\model\chain.asm(696) : error A2008:syntax error : .
D:\rawrxd\reconstructed\Users\HiH8e\Downloads\RawrXD-production-lazy-init\src\masm\final-ide\dual\triple\model\chain.asm(748) : error A2008:syntax error : .
D:\rawrxd\reconstructed\Users\HiH8e\Downloads\RawrXD-production-lazy-init\src\masm\final-ide\dual\triple\model\chain.asm(754) : error A2008:syntax error : .
D:\rawrxd\reconstructed\Users\HiH8e\Downloads\RawrXD-production-lazy-init\src\masm\final-ide\dual\triple\model\chain.asm(794) : error A2008:syntax error : .
D:\rawrxd\reconstructed\Users\HiH8e\Downloads\RawrXD-production-lazy-init\src\masm\final-ide\dual\triple\model\chain.asm(820) : error A2008:syntax error : .
D:\rawrxd\reconstructed\Users\HiH8e\Downloads\RawrXD-production-lazy-init\src\masm\final-ide\dual\triple\model\chain.asm(828) : error A2008:syntax error : .
D:\rawrxd\reconstructed\Users\HiH8e\Downloads\RawrXD-production-lazy-init\src\masm\final-ide\dual\triple\model\chain.asm(832) : error A2008:syntax error : .
D:\rawrxd\reconstructed\Users\HiH8e\Downloads\RawrXD-production-lazy-init\src\masm\final-ide\dual\triple\model\chain.asm(869) : error A2008:syntax error : .
D:\rawrxd\reconstructed\Users\HiH8e\Downloads\RawrXD-production-lazy-init\src\masm\final-ide\dual\triple\model\chain.asm(885) : error A2070:invalid instruction operands
D:\rawrxd\reconstructed\Users\HiH8e\Downloads\RawrXD-production-lazy-init\src\masm\final-ide\dual\triple\model\chain.asm(887) : error A2008:syntax error : .
D:\rawrxd\reconstructed\Users\HiH8e\Downloads\RawrXD-production-lazy-init\src\masm\final-ide\dual\triple\model\chain.asm(891) : error A2008:syntax error : .
D:\rawrxd\reconstructed\Users\HiH8e\Downloads\RawrXD-production-lazy-init\src\masm\final-ide\dual\triple\model\chain.asm(914) : error A2008:syntax error : .
D:\rawrxd\reconstructed\Users\HiH8e\Downloads\RawrXD-production-lazy-init\src\masm\final-ide\dual\triple\model\chain.asm(969) : error A2008:syntax error : .
D:\rawrxd\reconstructed\Users\HiH8e\Downloads\RawrXD-production-lazy-init\src\masm\final-ide\dual\triple\model\chain.asm(975) : error A2008:syntax error : .
D:\rawrxd\reconstructed\Users\HiH8e\Downloads\RawrXD-production-lazy-init\src\masm\final-ide\dual\triple\model\chain.asm(1003) : error A2008:syntax error : .
D:\rawrxd\reconstructed\Users\HiH8e\Downloads\RawrXD-production-lazy-init\src\masm\final-ide\dual\triple\model\chain.asm(1016) : error A2008:syntax error : .
D:\rawrxd\reconstructed\Users\HiH8e\Downloads\RawrXD-production-lazy-init\src\masm\final-ide\dual\triple\model\chain.asm(228) : error A2006:undefined symbol : chain_create_failed
D:\rawrxd\reconstructed\Users\HiH8e\Downloads\RawrXD-production-lazy-init\src\masm\final-ide\dual\triple\model\chain.asm(232) : error A2006:undefined symbol : HeapAlloc
D:\rawrxd\reconstructed\Users\HiH8e\Downloads\RawrXD-production-lazy-init\src\masm\final-ide\dual\triple\model\chain.asm(234) : error A2006:undefined symbol : chain_create_failed
D:\rawrxd\reconstructed\Users\HiH8e\Downloads\RawrXD-production-lazy-init\src\masm\final-ide\dual\triple\model\chain.asm(239) : error A2006:undefined symbol : GetTickCount64
D:\rawrxd\reconstructed\Users\HiH8e\Downloads\RawrXD-production-lazy-init\src\masm\final-ide\dual\triple\model\chain.asm(250) : error A2006:undefined symbol : name_copied
D:\rawrxd\reconstructed\Users\HiH8e\Downloads\RawrXD-production-lazy-init\src\masm\final-ide\dual\triple\model\chain.asm(254) : error A2006:undefined symbol : name_copied
D:\rawrxd\reconstructed\Users\HiH8e\Downloads\RawrXD-production-lazy-init\src\masm\final-ide\dual\triple\model\chain.asm(256) : error A2006:undefined symbol : copy_name
D:\rawrxd\reconstructed\Users\HiH8e\Downloads\RawrXD-production-lazy-init\src\masm\final-ide\dual\triple\model\chain.asm(266) : error A2006:undefined symbol : CreateMutexA
D:\rawrxd\reconstructed\Users\HiH8e\Downloads\RawrXD-production-lazy-init\src\masm\final-ide\dual\triple\model\chain.asm(272) : error A2006:undefined symbol : CreateEventA
D:\rawrxd\reconstructed\Users\HiH8e\Downloads\RawrXD-production-lazy-init\src\masm\final-ide\dual\triple\model\chain.asm(313) : error A2006:undefined symbol : add_model_failed
D:\rawrxd\reconstructed\Users\HiH8e\Downloads\RawrXD-production-lazy-init\src\masm\final-ide\dual\triple\model\chain.asm(316) : error A2083:invalid scale value
D:\rawrxd\reconstructed\Users\HiH8e\Downloads\RawrXD-production-lazy-init\src\masm\final-ide\dual\triple\model\chain.asm(326) : error A2006:undefined symbol : path_copied
D:\rawrxd\reconstructed\Users\HiH8e\Downloads\RawrXD-production-lazy-init\src\masm\final-ide\dual\triple\model\chain.asm(330) : error A2006:undefined symbol : path_copied
D:\rawrxd\reconstructed\Users\HiH8e\Downloads\RawrXD-production-lazy-init\src\masm\final-ide\dual\triple\model\chain.asm(332) : error A2006:undefined symbol : copy_path
D:\rawrxd\reconstructed\Users\HiH8e\Downloads\RawrXD-production-lazy-init\src\masm\final-ide\dual\triple\model\chain.asm(343) : error A2006:undefined symbol : model_name_copied
D:\rawrxd\reconstructed\Users\HiH8e\Downloads\RawrXD-production-lazy-init\src\masm\final-ide\dual\triple\model\chain.asm(347) : error A2006:undefined symbol : model_name_copied
D:\rawrxd\reconstructed\Users\HiH8e\Downloads\RawrXD-production-lazy-init\src\masm\final-ide\dual\triple\model\chain.asm(349) : error A2006:undefined symbol : copy_model_name
D:\rawrxd\reconstructed\Users\HiH8e\Downloads\RawrXD-production-lazy-init\src\masm\final-ide\dual\triple\model\chain.asm(396) : error A2006:undefined symbol : all_models_loaded
D:\rawrxd\reconstructed\Users\HiH8e\Downloads\RawrXD-production-lazy-init\src\masm\final-ide\dual\triple\model\chain.asm(399) : error A2083:invalid scale value
D:\rawrxd\reconstructed\Users\HiH8e\Downloads\RawrXD-production-lazy-init\src\masm\final-ide\dual\triple\model\chain.asm(405) : error A2006:undefined symbol : model_load_failed
D:\rawrxd\reconstructed\Users\HiH8e\Downloads\RawrXD-production-lazy-init\src\masm\final-ide\dual\triple\model\chain.asm(411) : error A2006:undefined symbol : GetTickCount64
D:\rawrxd\reconstructed\Users\HiH8e\Downloads\RawrXD-production-lazy-init\src\masm\final-ide\dual\triple\model\chain.asm(415) : error A2006:undefined symbol : load_models_loop
D:\rawrxd\reconstructed\Users\HiH8e\Downloads\RawrXD-production-lazy-init\src\masm\final-ide\dual\triple\model\chain.asm(451) : error A2006:undefined symbol : exec_sequential
D:\rawrxd\reconstructed\Users\HiH8e\Downloads\RawrXD-production-lazy-init\src\masm\final-ide\dual\triple\model\chain.asm(453) : error A2006:undefined symbol : exec_parallel
D:\rawrxd\reconstructed\Users\HiH8e\Downloads\RawrXD-production-lazy-init\src\masm\final-ide\dual\triple\model\chain.asm(455) : error A2006:undefined symbol : exec_voting
D:\rawrxd\reconstructed\Users\HiH8e\Downloads\RawrXD-production-lazy-init\src\masm\final-ide\dual\triple\model\chain.asm(457) : error A2006:undefined symbol : exec_cycle
D:\rawrxd\reconstructed\Users\HiH8e\Downloads\RawrXD-production-lazy-init\src\masm\final-ide\dual\triple\model\chain.asm(459) : error A2006:undefined symbol : exec_fallback
D:\rawrxd\reconstructed\Users\HiH8e\Downloads\RawrXD-production-lazy-init\src\masm\final-ide\dual\triple\model\chain.asm(461) : error A2006:undefined symbol : exec_failed
D:\rawrxd\reconstructed\Users\HiH8e\Downloads\RawrXD-production-lazy-init\src\masm\final-ide\dual\triple\model\chain.asm(468) : error A2006:undefined symbol : exec_done
D:\rawrxd\reconstructed\Users\HiH8e\Downloads\RawrXD-production-lazy-init\src\masm\final-ide\dual\triple\model\chain.asm(475) : error A2006:undefined symbol : exec_done
D:\rawrxd\reconstructed\Users\HiH8e\Downloads\RawrXD-production-lazy-init\src\masm\final-ide\dual\triple\model\chain.asm(482) : error A2006:undefined symbol : exec_done
D:\rawrxd\reconstructed\Users\HiH8e\Downloads\RawrXD-production-lazy-init\src\masm\final-ide\dual\triple\model\chain.asm(489) : error A2006:undefined symbol : exec_done
D:\rawrxd\reconstructed\Users\HiH8e\Downloads\RawrXD-production-lazy-init\src\masm\final-ide\dual\triple\model\chain.asm(496) : error A2006:undefined symbol : exec_done
D:\rawrxd\reconstructed\Users\HiH8e\Downloads\RawrXD-production-lazy-init\src\masm\final-ide\dual\triple\model\chain.asm(536) : error A2006:undefined symbol : seq_execute_done
D:\rawrxd\reconstructed\Users\HiH8e\Downloads\RawrXD-production-lazy-init\src\masm\final-ide\dual\triple\model\chain.asm(539) : error A2083:invalid scale value
D:\rawrxd\reconstructed\Users\HiH8e\Downloads\RawrXD-production-lazy-init\src\masm\final-ide\dual\triple\model\chain.asm(548) : error A2006:undefined symbol : seq_execute_error
D:\rawrxd\reconstructed\Users\HiH8e\Downloads\RawrXD-production-lazy-init\src\masm\final-ide\dual\triple\model\chain.asm(555) : error A2006:undefined symbol : seq_execute_loop
D:\rawrxd\reconstructed\Users\HiH8e\Downloads\RawrXD-production-lazy-init\src\masm\final-ide\dual\triple\model\chain.asm(593) : error A2006:undefined symbol : par_wait_complete
D:\rawrxd\reconstructed\Users\HiH8e\Downloads\RawrXD-production-lazy-init\src\masm\final-ide\dual\triple\model\chain.asm(596) : error A2083:invalid scale value
D:\rawrxd\reconstructed\Users\HiH8e\Downloads\RawrXD-production-lazy-init\src\masm\final-ide\dual\triple\model\chain.asm(604) : error A2006:undefined symbol : par_start_loop
D:\rawrxd\reconstructed\Users\HiH8e\Downloads\RawrXD-production-lazy-init\src\masm\final-ide\dual\triple\model\chain.asm(609) : error A2006:undefined symbol : WaitForMultipleObjects
D:\rawrxd\reconstructed\Users\HiH8e\Downloads\RawrXD-production-lazy-init\src\masm\final-ide\dual\triple\model\chain.asm(636) : error A2006:undefined symbol : vote_voting_phase
D:\rawrxd\reconstructed\Users\HiH8e\Downloads\RawrXD-production-lazy-init\src\masm\final-ide\dual\triple\model\chain.asm(638) : error A2083:invalid scale value
D:\rawrxd\reconstructed\Users\HiH8e\Downloads\RawrXD-production-lazy-init\src\masm\final-ide\dual\triple\model\chain.asm(644) : error A2006:undefined symbol : vote_execute_loop
D:\rawrxd\reconstructed\Users\HiH8e\Downloads\RawrXD-production-lazy-init\src\masm\final-ide\dual\triple\model\chain.asm(677) : error A2006:undefined symbol : GetTickCount64
D:\rawrxd\reconstructed\Users\HiH8e\Downloads\RawrXD-production-lazy-init\src\masm\final-ide\dual\triple\model\chain.asm(680) : error A2022:instruction operands must be the same size
D:\rawrxd\reconstructed\Users\HiH8e\Downloads\RawrXD-production-lazy-init\src\masm\final-ide\dual\triple\model\chain.asm(681) : error A2006:undefined symbol : no_rotation_needed
D:\rawrxd\reconstructed\Users\HiH8e\Downloads\RawrXD-production-lazy-init\src\masm\final-ide\dual\triple\model\chain.asm(688) : error A2006:undefined symbol : rotation_valid
D:\rawrxd\reconstructed\Users\HiH8e\Downloads\RawrXD-production-lazy-init\src\masm\final-ide\dual\triple\model\chain.asm(693) : error A2006:undefined symbol : GetTickCount64
D:\rawrxd\reconstructed\Users\HiH8e\Downloads\RawrXD-production-lazy-init\src\masm\final-ide\dual\triple\model\chain.asm(699) : error A2083:invalid scale value
D:\rawrxd\reconstructed\Users\HiH8e\Downloads\RawrXD-production-lazy-init\src\masm\final-ide\dual\triple\model\chain.asm(733) : error A2006:undefined symbol : fallback_success
D:\rawrxd\reconstructed\Users\HiH8e\Downloads\RawrXD-production-lazy-init\src\masm\final-ide\dual\triple\model\chain.asm(738) : error A2006:undefined symbol : fallback_failed
D:\rawrxd\reconstructed\Users\HiH8e\Downloads\RawrXD-production-lazy-init\src\masm\final-ide\dual\triple\model\chain.asm(746) : error A2006:undefined symbol : fallback_failed
D:\rawrxd\reconstructed\Users\HiH8e\Downloads\RawrXD-production-lazy-init\src\masm\final-ide\dual\triple\model\chain.asm(791) : error A2006:undefined symbol : cycle_valid
D:\rawrxd\reconstructed\Users\HiH8e\Downloads\RawrXD-production-lazy-init\src\masm\final-ide\dual\triple\model\chain.asm(809) : error A2006:undefined symbol : model_index_invalid
D:\rawrxd\reconstructed\Users\HiH8e\Downloads\RawrXD-production-lazy-init\src\masm\final-ide\dual\triple\model\chain.asm(811) : error A2083:invalid scale value
D:\rawrxd\reconstructed\Users\HiH8e\Downloads\RawrXD-production-lazy-init\src\masm\final-ide\dual\triple\model\chain.asm(822) : error A2006:undefined symbol : copy_done
D:\rawrxd\reconstructed\Users\HiH8e\Downloads\RawrXD-production-lazy-init\src\masm\final-ide\dual\triple\model\chain.asm(826) : error A2006:undefined symbol : copy_out
D:\rawrxd\reconstructed\Users\HiH8e\Downloads\RawrXD-production-lazy-init\src\masm\final-ide\dual\triple\model\chain.asm(855) : fatal error A1012:error count exceeds 100; stopping assembly
