 Assembling: D:\rawrxd\reconstructed\RawrXD\src\agentic\memory\cleanup.asm
D:\rawrxd\reconstructed\RawrXD\src\agentic\memory\cleanup.asm(5) : error A2008:syntax error : .
D:\rawrxd\reconstructed\RawrXD\src\agentic\memory\cleanup.asm(6) : error A2008:syntax error : .
D:\rawrxd\reconstructed\RawrXD\src\agentic\memory\cleanup.asm(58) : error A2070:invalid instruction operands
D:\rawrxd\reconstructed\RawrXD\src\agentic\memory\cleanup.asm(60) : error A2070:invalid instruction operands
D:\rawrxd\reconstructed\RawrXD\src\agentic\memory\cleanup.asm(61) : error A2070:invalid instruction operands
D:\rawrxd\reconstructed\RawrXD\src\agentic\memory\cleanup.asm(65) : error A2070:invalid instruction operands
D:\rawrxd\reconstructed\RawrXD\src\agentic\memory\cleanup.asm(79) : error A2070:invalid instruction operands
D:\rawrxd\reconstructed\RawrXD\src\agentic\memory\cleanup.asm(92) : error A2070:invalid instruction operands
D:\rawrxd\reconstructed\RawrXD\src\agentic\memory\cleanup.asm(104) : error A2070:invalid instruction operands
D:\rawrxd\reconstructed\RawrXD\src\agentic\memory\cleanup.asm(112) : error A2008:syntax error : .
D:\rawrxd\reconstructed\RawrXD\src\agentic\memory\cleanup.asm(114) : error A2070:invalid instruction operands
D:\rawrxd\reconstructed\RawrXD\src\agentic\memory\cleanup.asm(122) : error A2008:syntax error : .
D:\rawrxd\reconstructed\RawrXD\src\agentic\memory\cleanup.asm(126) : error A2070:invalid instruction operands
D:\rawrxd\reconstructed\RawrXD\src\agentic\memory\cleanup.asm(132) : error A2008:syntax error : .
D:\rawrxd\reconstructed\RawrXD\src\agentic\memory\cleanup.asm(133) : error A2070:invalid instruction operands
D:\rawrxd\reconstructed\RawrXD\src\agentic\memory\cleanup.asm(134) : error A2070:invalid instruction operands
D:\rawrxd\reconstructed\RawrXD\src\agentic\memory\cleanup.asm(135) : error A2070:invalid instruction operands
D:\rawrxd\reconstructed\RawrXD\src\agentic\memory\cleanup.asm(144) : error A2070:invalid instruction operands
D:\rawrxd\reconstructed\RawrXD\src\agentic\memory\cleanup.asm(146) : error A2070:invalid instruction operands
D:\rawrxd\reconstructed\RawrXD\src\agentic\memory\cleanup.asm(150) : error A2070:invalid instruction operands
D:\rawrxd\reconstructed\RawrXD\src\agentic\memory\cleanup.asm(166) : error A2070:invalid instruction operands
D:\rawrxd\reconstructed\RawrXD\src\agentic\memory\cleanup.asm(178) : error A2070:invalid instruction operands
D:\rawrxd\reconstructed\RawrXD\src\agentic\memory\cleanup.asm(186) : error A2008:syntax error : .
D:\rawrxd\reconstructed\RawrXD\src\agentic\memory\cleanup.asm(188) : error A2070:invalid instruction operands
D:\rawrxd\reconstructed\RawrXD\src\agentic\memory\cleanup.asm(196) : error A2008:syntax error : .
D:\rawrxd\reconstructed\RawrXD\src\agentic\memory\cleanup.asm(200) : error A2070:invalid instruction operands
D:\rawrxd\reconstructed\RawrXD\src\agentic\memory\cleanup.asm(206) : error A2008:syntax error : .
D:\rawrxd\reconstructed\RawrXD\src\agentic\memory\cleanup.asm(207) : error A2070:invalid instruction operands
D:\rawrxd\reconstructed\RawrXD\src\agentic\memory\cleanup.asm(208) : error A2070:invalid instruction operands
D:\rawrxd\reconstructed\RawrXD\src\agentic\memory\cleanup.asm(217) : error A2070:invalid instruction operands
D:\rawrxd\reconstructed\RawrXD\src\agentic\memory\cleanup.asm(222) : error A2070:invalid instruction operands
D:\rawrxd\reconstructed\RawrXD\src\agentic\memory\cleanup.asm(240) : error A2070:invalid instruction operands
D:\rawrxd\reconstructed\RawrXD\src\agentic\memory\cleanup.asm(247) : error A2008:syntax error : .
D:\rawrxd\reconstructed\RawrXD\src\agentic\memory\cleanup.asm(250) : error A2008:syntax error : .
D:\rawrxd\reconstructed\RawrXD\src\agentic\memory\cleanup.asm(251) : error A2070:invalid instruction operands
D:\rawrxd\reconstructed\RawrXD\src\agentic\memory\cleanup.asm(260) : error A2070:invalid instruction operands
D:\rawrxd\reconstructed\RawrXD\src\agentic\memory\cleanup.asm(262) : error A2070:invalid instruction operands
D:\rawrxd\reconstructed\RawrXD\src\agentic\memory\cleanup.asm(263) : error A2070:invalid instruction operands
D:\rawrxd\reconstructed\RawrXD\src\agentic\memory\cleanup.asm(264) : error A2070:invalid instruction operands
D:\rawrxd\reconstructed\RawrXD\src\agentic\memory\cleanup.asm(268) : error A2070:invalid instruction operands
D:\rawrxd\reconstructed\RawrXD\src\agentic\memory\cleanup.asm(306) : error A2070:invalid instruction operands
D:\rawrxd\reconstructed\RawrXD\src\agentic\memory\cleanup.asm(311) : error A2070:invalid instruction operands
D:\rawrxd\reconstructed\RawrXD\src\agentic\memory\cleanup.asm(312) : error A2070:invalid instruction operands
D:\rawrxd\reconstructed\RawrXD\src\agentic\memory\cleanup.asm(313) : error A2070:invalid instruction operands
D:\rawrxd\reconstructed\RawrXD\src\agentic\memory\cleanup.asm(314) : error A2070:invalid instruction operands
D:\rawrxd\reconstructed\RawrXD\src\agentic\memory\cleanup.asm(324) : error A2070:invalid instruction operands
D:\rawrxd\reconstructed\RawrXD\src\agentic\memory\cleanup.asm(339) : error A2070:invalid instruction operands
D:\rawrxd\reconstructed\RawrXD\src\agentic\memory\cleanup.asm(341) : error A2008:syntax error : .
D:\rawrxd\reconstructed\RawrXD\src\agentic\memory\cleanup.asm(349) : error A2070:invalid instruction operands
D:\rawrxd\reconstructed\RawrXD\src\agentic\memory\cleanup.asm(351) : error A2008:syntax error : .
D:\rawrxd\reconstructed\RawrXD\src\agentic\memory\cleanup.asm(353) : error A2070:invalid instruction operands
D:\rawrxd\reconstructed\RawrXD\src\agentic\memory\cleanup.asm(73) : error A2006:undefined symbol : L3_ALREADY_FREED
D:\rawrxd\reconstructed\RawrXD\src\agentic\memory\cleanup.asm(90) : error A2206:missing operator in expression
D:\rawrxd\reconstructed\RawrXD\src\agentic\memory\cleanup.asm(97) : error A2006:undefined symbol : L3_FREE_FAILED
D:\rawrxd\reconstructed\RawrXD\src\agentic\memory\cleanup.asm(110) : error A2006:undefined symbol : L3_CLEANUP_END
D:\rawrxd\reconstructed\RawrXD\src\agentic\memory\cleanup.asm(120) : error A2006:undefined symbol : L3_CLEANUP_END
D:\rawrxd\reconstructed\RawrXD\src\agentic\memory\cleanup.asm(158) : error A2006:undefined symbol : FILE_ALREADY_CLOSED
D:\rawrxd\reconstructed\RawrXD\src\agentic\memory\cleanup.asm(161) : error A2006:undefined symbol : FILE_ALREADY_CLOSED
D:\rawrxd\reconstructed\RawrXD\src\agentic\memory\cleanup.asm(167) : error A2006:undefined symbol : CloseHandle
D:\rawrxd\reconstructed\RawrXD\src\agentic\memory\cleanup.asm(171) : error A2006:undefined symbol : FILE_CLOSE_FAILED
D:\rawrxd\reconstructed\RawrXD\src\agentic\memory\cleanup.asm(184) : error A2006:undefined symbol : FILE_CLEANUP_END
D:\rawrxd\reconstructed\RawrXD\src\agentic\memory\cleanup.asm(194) : error A2006:undefined symbol : FILE_CLEANUP_END
D:\rawrxd\reconstructed\RawrXD\src\agentic\memory\cleanup.asm(230) : error A2006:undefined symbol : GGML_NOT_INIT
D:\rawrxd\reconstructed\RawrXD\src\agentic\memory\cleanup.asm(245) : error A2006:undefined symbol : GGML_CLEANUP_END
D:\rawrxd\reconstructed\RawrXD\src\agentic\memory\cleanup.asm(336) : error A2006:undefined symbol : SKIP_FILE_CLOSE
D:\rawrxd\reconstructed\RawrXD\src\agentic\memory\cleanup.asm(338) : error A2006:undefined symbol : SKIP_FILE_CLOSE
D:\rawrxd\reconstructed\RawrXD\src\agentic\memory\cleanup.asm(340) : error A2006:undefined symbol : CloseHandle
D:\rawrxd\reconstructed\RawrXD\src\agentic\memory\cleanup.asm(346) : error A2006:undefined symbol : SKIP_L3_FREE
D:\rawrxd\reconstructed\RawrXD\src\agentic\memory\cleanup.asm(347) : error A2206:missing operator in expression
