 Assembling: D:\rawrxd\reconstructed\Users\HiH8e\Downloads\RawrXD-production-lazy-init\src\masm\final-ide\stub\completion\comprehensive.asm
D:\rawrxd\reconstructed\Users\HiH8e\Downloads\RawrXD-production-lazy-init\src\masm\final-ide\stub\completion\comprehensive.asm(168) : error A2008:syntax error : .
D:\rawrxd\reconstructed\Users\HiH8e\Downloads\RawrXD-production-lazy-init\src\masm\final-ide\stub\completion\comprehensive.asm(196) : error A2008:syntax error : .
D:\rawrxd\reconstructed\Users\HiH8e\Downloads\RawrXD-production-lazy-init\src\masm\final-ide\stub\completion\comprehensive.asm(202) : error A2008:syntax error : .
D:\rawrxd\reconstructed\Users\HiH8e\Downloads\RawrXD-production-lazy-init\src\masm\final-ide\stub\completion\comprehensive.asm(209) : error A2008:syntax error : .
D:\rawrxd\reconstructed\Users\HiH8e\Downloads\RawrXD-production-lazy-init\src\masm\final-ide\stub\completion\comprehensive.asm(263) : error A2008:syntax error : .
D:\rawrxd\reconstructed\Users\HiH8e\Downloads\RawrXD-production-lazy-init\src\masm\final-ide\stub\completion\comprehensive.asm(268) : error A2008:syntax error : .
D:\rawrxd\reconstructed\Users\HiH8e\Downloads\RawrXD-production-lazy-init\src\masm\final-ide\stub\completion\comprehensive.asm(297) : error A2008:syntax error : .
D:\rawrxd\reconstructed\Users\HiH8e\Downloads\RawrXD-production-lazy-init\src\masm\final-ide\stub\completion\comprehensive.asm(310) : error A2008:syntax error : .
D:\rawrxd\reconstructed\Users\HiH8e\Downloads\RawrXD-production-lazy-init\src\masm\final-ide\stub\completion\comprehensive.asm(314) : error A2008:syntax error : .
D:\rawrxd\reconstructed\Users\HiH8e\Downloads\RawrXD-production-lazy-init\src\masm\final-ide\stub\completion\comprehensive.asm(319) : error A2008:syntax error : .
D:\rawrxd\reconstructed\Users\HiH8e\Downloads\RawrXD-production-lazy-init\src\masm\final-ide\stub\completion\comprehensive.asm(348) : error A2008:syntax error : .
D:\rawrxd\reconstructed\Users\HiH8e\Downloads\RawrXD-production-lazy-init\src\masm\final-ide\stub\completion\comprehensive.asm(381) : error A2008:syntax error : .
D:\rawrxd\reconstructed\Users\HiH8e\Downloads\RawrXD-production-lazy-init\src\masm\final-ide\stub\completion\comprehensive.asm(393) : error A2008:syntax error : .
D:\rawrxd\reconstructed\Users\HiH8e\Downloads\RawrXD-production-lazy-init\src\masm\final-ide\stub\completion\comprehensive.asm(400) : error A2008:syntax error : .
D:\rawrxd\reconstructed\Users\HiH8e\Downloads\RawrXD-production-lazy-init\src\masm\final-ide\stub\completion\comprehensive.asm(428) : error A2008:syntax error : .
D:\rawrxd\reconstructed\Users\HiH8e\Downloads\RawrXD-production-lazy-init\src\masm\final-ide\stub\completion\comprehensive.asm(464) : error A2008:syntax error : .
D:\rawrxd\reconstructed\Users\HiH8e\Downloads\RawrXD-production-lazy-init\src\masm\final-ide\stub\completion\comprehensive.asm(517) : error A2008:syntax error : .
D:\rawrxd\reconstructed\Users\HiH8e\Downloads\RawrXD-production-lazy-init\src\masm\final-ide\stub\completion\comprehensive.asm(599) : error A2008:syntax error : .
D:\rawrxd\reconstructed\Users\HiH8e\Downloads\RawrXD-production-lazy-init\src\masm\final-ide\stub\completion\comprehensive.asm(632) : error A2008:syntax error : .
D:\rawrxd\reconstructed\Users\HiH8e\Downloads\RawrXD-production-lazy-init\src\masm\final-ide\stub\completion\comprehensive.asm(680) : error A2008:syntax error : .
D:\rawrxd\reconstructed\Users\HiH8e\Downloads\RawrXD-production-lazy-init\src\masm\final-ide\stub\completion\comprehensive.asm(719) : error A2008:syntax error : .
D:\rawrxd\reconstructed\Users\HiH8e\Downloads\RawrXD-production-lazy-init\src\masm\final-ide\stub\completion\comprehensive.asm(741) : error A2008:syntax error : .
D:\rawrxd\reconstructed\Users\HiH8e\Downloads\RawrXD-production-lazy-init\src\masm\final-ide\stub\completion\comprehensive.asm(753) : error A2008:syntax error : .
D:\rawrxd\reconstructed\Users\HiH8e\Downloads\RawrXD-production-lazy-init\src\masm\final-ide\stub\completion\comprehensive.asm(763) : error A2008:syntax error : .
D:\rawrxd\reconstructed\Users\HiH8e\Downloads\RawrXD-production-lazy-init\src\masm\final-ide\stub\completion\comprehensive.asm(767) : error A2008:syntax error : .
D:\rawrxd\reconstructed\Users\HiH8e\Downloads\RawrXD-production-lazy-init\src\masm\final-ide\stub\completion\comprehensive.asm(788) : error A2008:syntax error : .
D:\rawrxd\reconstructed\Users\HiH8e\Downloads\RawrXD-production-lazy-init\src\masm\final-ide\stub\completion\comprehensive.asm(803) : error A2008:syntax error : .
D:\rawrxd\reconstructed\Users\HiH8e\Downloads\RawrXD-production-lazy-init\src\masm\final-ide\stub\completion\comprehensive.asm(807) : error A2008:syntax error : .
D:\rawrxd\reconstructed\Users\HiH8e\Downloads\RawrXD-production-lazy-init\src\masm\final-ide\stub\completion\comprehensive.asm(916) : error A2008:syntax error : .
D:\rawrxd\reconstructed\Users\HiH8e\Downloads\RawrXD-production-lazy-init\src\masm\final-ide\stub\completion\comprehensive.asm(930) : error A2008:syntax error : .
D:\rawrxd\reconstructed\Users\HiH8e\Downloads\RawrXD-production-lazy-init\src\masm\final-ide\stub\completion\comprehensive.asm(934) : error A2008:syntax error : .
D:\rawrxd\reconstructed\Users\HiH8e\Downloads\RawrXD-production-lazy-init\src\masm\final-ide\stub\completion\comprehensive.asm(1029) : error A2008:syntax error : .
D:\rawrxd\reconstructed\Users\HiH8e\Downloads\RawrXD-production-lazy-init\src\masm\final-ide\stub\completion\comprehensive.asm(1038) : error A2008:syntax error : .
D:\rawrxd\reconstructed\Users\HiH8e\Downloads\RawrXD-production-lazy-init\src\masm\final-ide\stub\completion\comprehensive.asm(1106) : error A2008:syntax error : .
D:\rawrxd\reconstructed\Users\HiH8e\Downloads\RawrXD-production-lazy-init\src\masm\final-ide\stub\completion\comprehensive.asm(1136) : error A2008:syntax error : .
D:\rawrxd\reconstructed\Users\HiH8e\Downloads\RawrXD-production-lazy-init\src\masm\final-ide\stub\completion\comprehensive.asm(1147) : error A2008:syntax error : .
D:\rawrxd\reconstructed\Users\HiH8e\Downloads\RawrXD-production-lazy-init\src\masm\final-ide\stub\completion\comprehensive.asm(1153) : error A2008:syntax error : .
D:\rawrxd\reconstructed\Users\HiH8e\Downloads\RawrXD-production-lazy-init\src\masm\final-ide\stub\completion\comprehensive.asm(1193) : error A2008:syntax error : .
D:\rawrxd\reconstructed\Users\HiH8e\Downloads\RawrXD-production-lazy-init\src\masm\final-ide\stub\completion\comprehensive.asm(1223) : error A2008:syntax error : .
D:\rawrxd\reconstructed\Users\HiH8e\Downloads\RawrXD-production-lazy-init\src\masm\final-ide\stub\completion\comprehensive.asm(1230) : error A2008:syntax error : .
D:\rawrxd\reconstructed\Users\HiH8e\Downloads\RawrXD-production-lazy-init\src\masm\final-ide\stub\completion\comprehensive.asm(1284) : error A2008:syntax error : .
D:\rawrxd\reconstructed\Users\HiH8e\Downloads\RawrXD-production-lazy-init\src\masm\final-ide\stub\completion\comprehensive.asm(1289) : error A2008:syntax error : .
D:\rawrxd\reconstructed\Users\HiH8e\Downloads\RawrXD-production-lazy-init\src\masm\final-ide\stub\completion\comprehensive.asm(164) : error A2006:undefined symbol : no_mutex
D:\rawrxd\reconstructed\Users\HiH8e\Downloads\RawrXD-production-lazy-init\src\masm\final-ide\stub\completion\comprehensive.asm(165) : error A2006:undefined symbol : INFINITE
D:\rawrxd\reconstructed\Users\HiH8e\Downloads\RawrXD-production-lazy-init\src\masm\final-ide\stub\completion\comprehensive.asm(166) : error A2006:undefined symbol : WaitForSingleObject
D:\rawrxd\reconstructed\Users\HiH8e\Downloads\RawrXD-production-lazy-init\src\masm\final-ide\stub\completion\comprehensive.asm(171) : error A2006:undefined symbol : timer_limit_error
D:\rawrxd\reconstructed\Users\HiH8e\Downloads\RawrXD-production-lazy-init\src\masm\final-ide\stub\completion\comprehensive.asm(193) : error A2006:undefined symbol : timer_exit
D:\rawrxd\reconstructed\Users\HiH8e\Downloads\RawrXD-production-lazy-init\src\masm\final-ide\stub\completion\comprehensive.asm(194) : error A2006:undefined symbol : ReleaseMutex
D:\rawrxd\reconstructed\Users\HiH8e\Downloads\RawrXD-production-lazy-init\src\masm\final-ide\stub\completion\comprehensive.asm(205) : error A2006:undefined symbol : timer_error
D:\rawrxd\reconstructed\Users\HiH8e\Downloads\RawrXD-production-lazy-init\src\masm\final-ide\stub\completion\comprehensive.asm(206) : error A2006:undefined symbol : ReleaseMutex
D:\rawrxd\reconstructed\Users\HiH8e\Downloads\RawrXD-production-lazy-init\src\masm\final-ide\stub\completion\comprehensive.asm(207) : error A2006:undefined symbol : timer_error
D:\rawrxd\reconstructed\Users\HiH8e\Downloads\RawrXD-production-lazy-init\src\masm\final-ide\stub\completion\comprehensive.asm(229) : error A2006:undefined symbol : update_error
D:\rawrxd\reconstructed\Users\HiH8e\Downloads\RawrXD-production-lazy-init\src\masm\final-ide\stub\completion\comprehensive.asm(239) : error A2006:undefined symbol : update_error
D:\rawrxd\reconstructed\Users\HiH8e\Downloads\RawrXD-production-lazy-init\src\masm\final-ide\stub\completion\comprehensive.asm(249) : error A2006:undefined symbol : update_error
D:\rawrxd\reconstructed\Users\HiH8e\Downloads\RawrXD-production-lazy-init\src\masm\final-ide\stub\completion\comprehensive.asm(257) : error A2006:undefined symbol : update_exit
D:\rawrxd\reconstructed\Users\HiH8e\Downloads\RawrXD-production-lazy-init\src\masm\final-ide\stub\completion\comprehensive.asm(287) : error A2006:undefined symbol : parse_error
D:\rawrxd\reconstructed\Users\HiH8e\Downloads\RawrXD-production-lazy-init\src\masm\final-ide\stub\completion\comprehensive.asm(300) : error A2006:undefined symbol : parse_exit
D:\rawrxd\reconstructed\Users\HiH8e\Downloads\RawrXD-production-lazy-init\src\masm\final-ide\stub\completion\comprehensive.asm(303) : error A2006:undefined symbol : skip_char
D:\rawrxd\reconstructed\Users\HiH8e\Downloads\RawrXD-production-lazy-init\src\masm\final-ide\stub\completion\comprehensive.asm(308) : error A2006:undefined symbol : parse_exit
D:\rawrxd\reconstructed\Users\HiH8e\Downloads\RawrXD-production-lazy-init\src\masm\final-ide\stub\completion\comprehensive.asm(312) : error A2006:undefined symbol : search_duration
D:\rawrxd\reconstructed\Users\HiH8e\Downloads\RawrXD-production-lazy-init\src\masm\final-ide\stub\completion\comprehensive.asm(341) : error A2006:undefined symbol : anim_error
D:\rawrxd\reconstructed\Users\HiH8e\Downloads\RawrXD-production-lazy-init\src\masm\final-ide\stub\completion\comprehensive.asm(373) : error A2006:undefined symbol : position_error
D:\rawrxd\reconstructed\Users\HiH8e\Downloads\RawrXD-production-lazy-init\src\masm\final-ide\stub\completion\comprehensive.asm(383) : error A2006:undefined symbol : position_done
D:\rawrxd\reconstructed\Users\HiH8e\Downloads\RawrXD-production-lazy-init\src\masm\final-ide\stub\completion\comprehensive.asm(391) : error A2006:undefined symbol : position_loop
D:\rawrxd\reconstructed\Users\HiH8e\Downloads\RawrXD-production-lazy-init\src\masm\final-ide\stub\completion\comprehensive.asm(419) : error A2006:undefined symbol : redraw_exit
D:\rawrxd\reconstructed\Users\HiH8e\Downloads\RawrXD-production-lazy-init\src\masm\final-ide\stub\completion\comprehensive.asm(423) : error A2006:undefined symbol : WM_PAINT
D:\rawrxd\reconstructed\Users\HiH8e\Downloads\RawrXD-production-lazy-init\src\masm\final-ide\stub\completion\comprehensive.asm(426) : error A2006:undefined symbol : SendMessageA
D:\rawrxd\reconstructed\Users\HiH8e\Downloads\RawrXD-production-lazy-init\src\masm\final-ide\stub\completion\comprehensive.asm(447) : error A2006:undefined symbol : HeapAlloc
D:\rawrxd\reconstructed\Users\HiH8e\Downloads\RawrXD-production-lazy-init\src\masm\final-ide\stub\completion\comprehensive.asm(449) : error A2006:undefined symbol : layout_error
D:\rawrxd\reconstructed\Users\HiH8e\Downloads\RawrXD-production-lazy-init\src\masm\final-ide\stub\completion\comprehensive.asm(488) : error A2006:undefined symbol : SetWindowPos
D:\rawrxd\reconstructed\Users\HiH8e\Downloads\RawrXD-production-lazy-init\src\masm\final-ide\stub\completion\comprehensive.asm(507) : error A2006:undefined symbol : layout_error
D:\rawrxd\reconstructed\Users\HiH8e\Downloads\RawrXD-production-lazy-init\src\masm\final-ide\stub\completion\comprehensive.asm(544) : error A2006:undefined symbol : WS_CHILD
D:\rawrxd\reconstructed\Users\HiH8e\Downloads\RawrXD-production-lazy-init\src\masm\final-ide\stub\completion\comprehensive.asm(545) : error A2006:undefined symbol : CreateWindowExA
D:\rawrxd\reconstructed\Users\HiH8e\Downloads\RawrXD-production-lazy-init\src\masm\final-ide\stub\completion\comprehensive.asm(547) : error A2006:undefined symbol : combo_error
D:\rawrxd\reconstructed\Users\HiH8e\Downloads\RawrXD-production-lazy-init\src\masm\final-ide\stub\completion\comprehensive.asm(556) : error A2006:undefined symbol : SendMessageA
D:\rawrxd\reconstructed\Users\HiH8e\Downloads\RawrXD-production-lazy-init\src\masm\final-ide\stub\completion\comprehensive.asm(561) : error A2006:undefined symbol : SendMessageA
D:\rawrxd\reconstructed\Users\HiH8e\Downloads\RawrXD-production-lazy-init\src\masm\final-ide\stub\completion\comprehensive.asm(566) : error A2006:undefined symbol : SendMessageA
D:\rawrxd\reconstructed\Users\HiH8e\Downloads\RawrXD-production-lazy-init\src\masm\final-ide\stub\completion\comprehensive.asm(571) : error A2006:undefined symbol : SendMessageA
D:\rawrxd\reconstructed\Users\HiH8e\Downloads\RawrXD-production-lazy-init\src\masm\final-ide\stub\completion\comprehensive.asm(576) : error A2006:undefined symbol : SendMessageA
D:\rawrxd\reconstructed\Users\HiH8e\Downloads\RawrXD-production-lazy-init\src\masm\final-ide\stub\completion\comprehensive.asm(581) : error A2006:undefined symbol : SendMessageA
D:\rawrxd\reconstructed\Users\HiH8e\Downloads\RawrXD-production-lazy-init\src\masm\final-ide\stub\completion\comprehensive.asm(586) : error A2006:undefined symbol : SendMessageA
D:\rawrxd\reconstructed\Users\HiH8e\Downloads\RawrXD-production-lazy-init\src\masm\final-ide\stub\completion\comprehensive.asm(591) : error A2006:undefined symbol : SendMessageA
D:\rawrxd\reconstructed\Users\HiH8e\Downloads\RawrXD-production-lazy-init\src\masm\final-ide\stub\completion\comprehensive.asm(593) : error A2022:instruction operands must be the same size
D:\rawrxd\reconstructed\Users\HiH8e\Downloads\RawrXD-production-lazy-init\src\masm\final-ide\stub\completion\comprehensive.asm(622) : error A2006:undefined symbol : WS_CHILD
D:\rawrxd\reconstructed\Users\HiH8e\Downloads\RawrXD-production-lazy-init\src\masm\final-ide\stub\completion\comprehensive.asm(623) : error A2006:undefined symbol : CreateWindowExA
D:\rawrxd\reconstructed\Users\HiH8e\Downloads\RawrXD-production-lazy-init\src\masm\final-ide\stub\completion\comprehensive.asm(625) : error A2006:undefined symbol : checkbox_error
D:\rawrxd\reconstructed\Users\HiH8e\Downloads\RawrXD-production-lazy-init\src\masm\final-ide\stub\completion\comprehensive.asm(654) : error A2006:undefined symbol : OPENFILENAMEA
D:\rawrxd\reconstructed\Users\HiH8e\Downloads\RawrXD-production-lazy-init\src\masm\final-ide\stub\completion\comprehensive.asm(657) : error A2006:undefined symbol : OPENFILENAMEA
D:\rawrxd\reconstructed\Users\HiH8e\Downloads\RawrXD-production-lazy-init\src\masm\final-ide\stub\completion\comprehensive.asm(660) : error A2006:undefined symbol : OPENFILENAMEA
D:\rawrxd\reconstructed\Users\HiH8e\Downloads\RawrXD-production-lazy-init\src\masm\final-ide\stub\completion\comprehensive.asm(664) : error A2006:undefined symbol : OPENFILENAMEA
D:\rawrxd\reconstructed\Users\HiH8e\Downloads\RawrXD-production-lazy-init\src\masm\final-ide\stub\completion\comprehensive.asm(665) : error A2006:undefined symbol : OPENFILENAMEA
D:\rawrxd\reconstructed\Users\HiH8e\Downloads\RawrXD-production-lazy-init\src\masm\final-ide\stub\completion\comprehensive.asm(669) : error A2006:undefined symbol : GetOpenFileNameA
D:\rawrxd\reconstructed\Users\HiH8e\Downloads\RawrXD-production-lazy-init\src\masm\final-ide\stub\completion\comprehensive.asm(671) : error A2006:undefined symbol : dialog_error
D:\rawrxd\reconstructed\Users\HiH8e\Downloads\RawrXD-production-lazy-init\src\masm\final-ide\stub\completion\comprehensive.asm(674) : error A2006:undefined symbol : OPENFILENAMEA
D:\rawrxd\reconstructed\Users\HiH8e\Downloads\RawrXD-production-lazy-init\src\masm\final-ide\stub\completion\comprehensive.asm(705) : error A2006:undefined symbol : CreateFileA
D:\rawrxd\reconstructed\Users\HiH8e\Downloads\RawrXD-production-lazy-init\src\masm\final-ide\stub\completion\comprehensive.asm(707) : error A2006:undefined symbol : config_error
D:\rawrxd\reconstructed\Users\HiH8e\Downloads\RawrXD-production-lazy-init\src\masm\final-ide\stub\completion\comprehensive.asm(713) : error A2006:undefined symbol : CloseHandle
D:\rawrxd\reconstructed\Users\HiH8e\Downloads\RawrXD-production-lazy-init\src\masm\final-ide\stub\completion\comprehensive.asm(742) : error A2022:instruction operands must be the same size
D:\rawrxd\reconstructed\Users\HiH8e\Downloads\RawrXD-production-lazy-init\src\masm\final-ide\stub\completion\comprehensive.asm(743) : error A2006:undefined symbol : validate_ok
D:\rawrxd\reconstructed\Users\HiH8e\Downloads\RawrXD-production-lazy-init\src\masm\final-ide\stub\completion\comprehensive.asm(755) : error A2006:undefined symbol : deps_ok
D:\rawrxd\reconstructed\Users\HiH8e\Downloads\RawrXD-production-lazy-init\src\masm\final-ide\stub\completion\comprehensive.asm(761) : fatal error A1012:error count exceeds 100; stopping assembly
