 Assembling: D:\rawrxd\reconstructed\Users\HiH8e\Downloads\RawrXD-production-lazy-init\src\masm\final-ide\color\space\conversions.asm
D:\rawrxd\reconstructed\Users\HiH8e\Downloads\RawrXD-production-lazy-init\src\masm\final-ide\color\space\conversions.asm(89) : error A2008:syntax error : xmm5
D:\rawrxd\reconstructed\Users\HiH8e\Downloads\RawrXD-production-lazy-init\src\masm\final-ide\color\space\conversions.asm(96) : error A2008:syntax error : xmm6
D:\rawrxd\reconstructed\Users\HiH8e\Downloads\RawrXD-production-lazy-init\src\masm\final-ide\color\space\conversions.asm(139) : error A2008:syntax error : .
D:\rawrxd\reconstructed\Users\HiH8e\Downloads\RawrXD-production-lazy-init\src\masm\final-ide\color\space\conversions.asm(152) : error A2008:syntax error : .
D:\rawrxd\reconstructed\Users\HiH8e\Downloads\RawrXD-production-lazy-init\src\masm\final-ide\color\space\conversions.asm(161) : error A2008:syntax error : .
D:\rawrxd\reconstructed\Users\HiH8e\Downloads\RawrXD-production-lazy-init\src\masm\final-ide\color\space\conversions.asm(209) : error A2008:syntax error : xmm4
D:\rawrxd\reconstructed\Users\HiH8e\Downloads\RawrXD-production-lazy-init\src\masm\final-ide\color\space\conversions.asm(227) : error A2008:syntax error : .
D:\rawrxd\reconstructed\Users\HiH8e\Downloads\RawrXD-production-lazy-init\src\masm\final-ide\color\space\conversions.asm(236) : error A2008:syntax error : .
D:\rawrxd\reconstructed\Users\HiH8e\Downloads\RawrXD-production-lazy-init\src\masm\final-ide\color\space\conversions.asm(245) : error A2008:syntax error : .
D:\rawrxd\reconstructed\Users\HiH8e\Downloads\RawrXD-production-lazy-init\src\masm\final-ide\color\space\conversions.asm(254) : error A2008:syntax error : .
D:\rawrxd\reconstructed\Users\HiH8e\Downloads\RawrXD-production-lazy-init\src\masm\final-ide\color\space\conversions.asm(263) : error A2008:syntax error : .
D:\rawrxd\reconstructed\Users\HiH8e\Downloads\RawrXD-production-lazy-init\src\masm\final-ide\color\space\conversions.asm(268) : error A2008:syntax error : .
D:\rawrxd\reconstructed\Users\HiH8e\Downloads\RawrXD-production-lazy-init\src\masm\final-ide\color\space\conversions.asm(527) : error A2008:syntax error : .
D:\rawrxd\reconstructed\Users\HiH8e\Downloads\RawrXD-production-lazy-init\src\masm\final-ide\color\space\conversions.asm(122) : error A2006:undefined symbol : check_g
D:\rawrxd\reconstructed\Users\HiH8e\Downloads\RawrXD-production-lazy-init\src\masm\final-ide\color\space\conversions.asm(135) : error A2006:undefined symbol : fSixty
D:\rawrxd\reconstructed\Users\HiH8e\Downloads\RawrXD-production-lazy-init\src\masm\final-ide\color\space\conversions.asm(137) : error A2006:undefined symbol : calc_hsv_done
D:\rawrxd\reconstructed\Users\HiH8e\Downloads\RawrXD-production-lazy-init\src\masm\final-ide\color\space\conversions.asm(141) : error A2006:undefined symbol : check_b
D:\rawrxd\reconstructed\Users\HiH8e\Downloads\RawrXD-production-lazy-init\src\masm\final-ide\color\space\conversions.asm(148) : error A2006:undefined symbol : fSixty
D:\rawrxd\reconstructed\Users\HiH8e\Downloads\RawrXD-production-lazy-init\src\masm\final-ide\color\space\conversions.asm(150) : error A2006:undefined symbol : calc_hsv_done
D:\rawrxd\reconstructed\Users\HiH8e\Downloads\RawrXD-production-lazy-init\src\masm\final-ide\color\space\conversions.asm(158) : error A2006:undefined symbol : fSixty
D:\rawrxd\reconstructed\Users\HiH8e\Downloads\RawrXD-production-lazy-init\src\masm\final-ide\color\space\conversions.asm(196) : error A2006:undefined symbol : fSixty
D:\rawrxd\reconstructed\Users\HiH8e\Downloads\RawrXD-production-lazy-init\src\masm\final-ide\color\space\conversions.asm(220) : error A2006:undefined symbol : check_h1
D:\rawrxd\reconstructed\Users\HiH8e\Downloads\RawrXD-production-lazy-init\src\masm\final-ide\color\space\conversions.asm(225) : error A2006:undefined symbol : match_v
D:\rawrxd\reconstructed\Users\HiH8e\Downloads\RawrXD-production-lazy-init\src\masm\final-ide\color\space\conversions.asm(229) : error A2006:undefined symbol : check_h2
D:\rawrxd\reconstructed\Users\HiH8e\Downloads\RawrXD-production-lazy-init\src\masm\final-ide\color\space\conversions.asm(234) : error A2006:undefined symbol : match_v
D:\rawrxd\reconstructed\Users\HiH8e\Downloads\RawrXD-production-lazy-init\src\masm\final-ide\color\space\conversions.asm(238) : error A2006:undefined symbol : check_h3
D:\rawrxd\reconstructed\Users\HiH8e\Downloads\RawrXD-production-lazy-init\src\masm\final-ide\color\space\conversions.asm(243) : error A2006:undefined symbol : match_v
D:\rawrxd\reconstructed\Users\HiH8e\Downloads\RawrXD-production-lazy-init\src\masm\final-ide\color\space\conversions.asm(247) : error A2006:undefined symbol : check_h4
D:\rawrxd\reconstructed\Users\HiH8e\Downloads\RawrXD-production-lazy-init\src\masm\final-ide\color\space\conversions.asm(252) : error A2006:undefined symbol : match_v
D:\rawrxd\reconstructed\Users\HiH8e\Downloads\RawrXD-production-lazy-init\src\masm\final-ide\color\space\conversions.asm(256) : error A2006:undefined symbol : check_h5
D:\rawrxd\reconstructed\Users\HiH8e\Downloads\RawrXD-production-lazy-init\src\masm\final-ide\color\space\conversions.asm(261) : error A2006:undefined symbol : match_v
D:\rawrxd\reconstructed\Users\HiH8e\Downloads\RawrXD-production-lazy-init\src\masm\final-ide\color\space\conversions.asm(292) : error A2206:missing operator in expression
D:\rawrxd\reconstructed\Users\HiH8e\Downloads\RawrXD-production-lazy-init\src\masm\final-ide\color\space\conversions.asm(328) : error A2006:undefined symbol : fXR
D:\rawrxd\reconstructed\Users\HiH8e\Downloads\RawrXD-production-lazy-init\src\masm\final-ide\color\space\conversions.asm(330) : error A2006:undefined symbol : fXG
D:\rawrxd\reconstructed\Users\HiH8e\Downloads\RawrXD-production-lazy-init\src\masm\final-ide\color\space\conversions.asm(333) : error A2006:undefined symbol : fXB
D:\rawrxd\reconstructed\Users\HiH8e\Downloads\RawrXD-production-lazy-init\src\masm\final-ide\color\space\conversions.asm(337) : error A2006:undefined symbol : fYR
D:\rawrxd\reconstructed\Users\HiH8e\Downloads\RawrXD-production-lazy-init\src\masm\final-ide\color\space\conversions.asm(339) : error A2006:undefined symbol : fYG
D:\rawrxd\reconstructed\Users\HiH8e\Downloads\RawrXD-production-lazy-init\src\masm\final-ide\color\space\conversions.asm(342) : error A2006:undefined symbol : xmx5
D:\rawrxd\reconstructed\Users\HiH8e\Downloads\RawrXD-production-lazy-init\src\masm\final-ide\color\space\conversions.asm(346) : error A2006:undefined symbol : fZR
D:\rawrxd\reconstructed\Users\HiH8e\Downloads\RawrXD-production-lazy-init\src\masm\final-ide\color\space\conversions.asm(348) : error A2006:undefined symbol : fZG
D:\rawrxd\reconstructed\Users\HiH8e\Downloads\RawrXD-production-lazy-init\src\masm\final-ide\color\space\conversions.asm(351) : error A2006:undefined symbol : fZB
D:\rawrxd\reconstructed\Users\HiH8e\Downloads\RawrXD-production-lazy-init\src\masm\final-ide\color\space\conversions.asm(356) : error A2006:undefined symbol : fXn
D:\rawrxd\reconstructed\Users\HiH8e\Downloads\RawrXD-production-lazy-init\src\masm\final-ide\color\space\conversions.asm(358) : error A2006:undefined symbol : fYn
D:\rawrxd\reconstructed\Users\HiH8e\Downloads\RawrXD-production-lazy-init\src\masm\final-ide\color\space\conversions.asm(360) : error A2006:undefined symbol : fZn
D:\rawrxd\reconstructed\Users\HiH8e\Downloads\RawrXD-production-lazy-init\src\masm\final-ide\color\space\conversions.asm(399) : error A2206:missing operator in expression
D:\rawrxd\reconstructed\Users\HiH8e\Downloads\RawrXD-production-lazy-init\src\masm\final-ide\color\space\conversions.asm(415) : error A2206:missing operator in expression
D:\rawrxd\reconstructed\Users\HiH8e\Downloads\RawrXD-production-lazy-init\src\masm\final-ide\color\space\conversions.asm(419) : error A2206:missing operator in expression
D:\rawrxd\reconstructed\Users\HiH8e\Downloads\RawrXD-production-lazy-init\src\masm\final-ide\color\space\conversions.asm(432) : error A2206:missing operator in expression
D:\rawrxd\reconstructed\Users\HiH8e\Downloads\RawrXD-production-lazy-init\src\masm\final-ide\color\space\conversions.asm(436) : error A2206:missing operator in expression
D:\rawrxd\reconstructed\Users\HiH8e\Downloads\RawrXD-production-lazy-init\src\masm\final-ide\color\space\conversions.asm(439) : error A2006:undefined symbol : r9l
D:\rawrxd\reconstructed\Users\HiH8e\Downloads\RawrXD-production-lazy-init\src\masm\final-ide\color\space\conversions.asm(447) : error A2206:missing operator in expression
D:\rawrxd\reconstructed\Users\HiH8e\Downloads\RawrXD-production-lazy-init\src\masm\final-ide\color\space\conversions.asm(450) : error A2206:missing operator in expression
D:\rawrxd\reconstructed\Users\HiH8e\Downloads\RawrXD-production-lazy-init\src\masm\final-ide\color\space\conversions.asm(452) : error A2006:undefined symbol : r9l
D:\rawrxd\reconstructed\Users\HiH8e\Downloads\RawrXD-production-lazy-init\src\masm\final-ide\color\space\conversions.asm(453) : error A2006:undefined symbol : r10l
D:\rawrxd\reconstructed\Users\HiH8e\Downloads\RawrXD-production-lazy-init\src\masm\final-ide\color\space\conversions.asm(464) : error A2206:missing operator in expression
D:\rawrxd\reconstructed\Users\HiH8e\Downloads\RawrXD-production-lazy-init\src\masm\final-ide\color\space\conversions.asm(483) : error A2206:missing operator in expression
D:\rawrxd\reconstructed\Users\HiH8e\Downloads\RawrXD-production-lazy-init\src\masm\final-ide\color\space\conversions.asm(487) : error A2206:missing operator in expression
D:\rawrxd\reconstructed\Users\HiH8e\Downloads\RawrXD-production-lazy-init\src\masm\final-ide\color\space\conversions.asm(490) : error A2206:missing operator in expression
D:\rawrxd\reconstructed\Users\HiH8e\Downloads\RawrXD-production-lazy-init\src\masm\final-ide\color\space\conversions.asm(502) : error A2206:missing operator in expression
D:\rawrxd\reconstructed\Users\HiH8e\Downloads\RawrXD-production-lazy-init\src\masm\final-ide\color\space\conversions.asm(506) : error A2206:missing operator in expression
D:\rawrxd\reconstructed\Users\HiH8e\Downloads\RawrXD-production-lazy-init\src\masm\final-ide\color\space\conversions.asm(509) : error A2206:missing operator in expression
D:\rawrxd\reconstructed\Users\HiH8e\Downloads\RawrXD-production-lazy-init\src\masm\final-ide\color\space\conversions.asm(523) : error A2006:undefined symbol : h_direct
D:\rawrxd\reconstructed\Users\HiH8e\Downloads\RawrXD-production-lazy-init\src\masm\final-ide\color\space\conversions.asm(529) : error A2032:invalid use of register
D:\rawrxd\reconstructed\Users\HiH8e\Downloads\RawrXD-production-lazy-init\src\masm\final-ide\color\space\conversions.asm(533) : error A2032:invalid use of register
D:\rawrxd\reconstructed\Users\HiH8e\Downloads\RawrXD-production-lazy-init\src\masm\final-ide\color\space\conversions.asm(536) : error A2032:invalid use of register
D:\rawrxd\reconstructed\Users\HiH8e\Downloads\RawrXD-production-lazy-init\src\masm\final-ide\color\space\conversions.asm(557) : error A2206:missing operator in expression
D:\rawrxd\reconstructed\Users\HiH8e\Downloads\RawrXD-production-lazy-init\src\masm\final-ide\color\space\conversions.asm(562) : error A2206:missing operator in expression
D:\rawrxd\reconstructed\Users\HiH8e\Downloads\RawrXD-production-lazy-init\src\masm\final-ide\color\space\conversions.asm(570) : error A2206:missing operator in expression
D:\rawrxd\reconstructed\Users\HiH8e\Downloads\RawrXD-production-lazy-init\src\masm\final-ide\color\space\conversions.asm(575) : error A2206:missing operator in expression
D:\rawrxd\reconstructed\Users\HiH8e\Downloads\RawrXD-production-lazy-init\src\masm\final-ide\color\space\conversions.asm(576) : error A2006:undefined symbol : r8l
D:\rawrxd\reconstructed\Users\HiH8e\Downloads\RawrXD-production-lazy-init\src\masm\final-ide\color\space\conversions.asm(584) : error A2206:missing operator in expression
D:\rawrxd\reconstructed\Users\HiH8e\Downloads\RawrXD-production-lazy-init\src\masm\final-ide\color\space\conversions.asm(588) : error A2206:missing operator in expression
D:\rawrxd\reconstructed\Users\HiH8e\Downloads\RawrXD-production-lazy-init\src\masm\final-ide\color\space\conversions.asm(589) : error A2006:undefined symbol : r8l
D:\rawrxd\reconstructed\Users\HiH8e\Downloads\RawrXD-production-lazy-init\src\masm\final-ide\color\space\conversions.asm(32) : error A2187:must use floating-point initializer
D:\rawrxd\reconstructed\Users\HiH8e\Downloads\RawrXD-production-lazy-init\src\masm\final-ide\color\space\conversions.asm(36) : error A2187:must use floating-point initializer
D:\rawrxd\reconstructed\Users\HiH8e\Downloads\RawrXD-production-lazy-init\src\masm\final-ide\color\space\conversions.asm(37) : error A2187:must use floating-point initializer
D:\rawrxd\reconstructed\Users\HiH8e\Downloads\RawrXD-production-lazy-init\src\masm\final-ide\color\space\conversions.asm(45) : error A2187:must use floating-point initializer
D:\rawrxd\reconstructed\Users\HiH8e\Downloads\RawrXD-production-lazy-init\src\masm\final-ide\color\space\conversions.asm(46) : error A2187:must use floating-point initializer
D:\rawrxd\reconstructed\Users\HiH8e\Downloads\RawrXD-production-lazy-init\src\masm\final-ide\color\space\conversions.asm(175) : error A2220:Missing .ENDPROLOG
