 Assembling: D:\rawrxd\history\runoff\part_0009\d__professional-nasm-ide_swarm_swarm_bridge.asm
D:\rawrxd\history\runoff\part_0009\d__professional-nasm-ide_swarm_swarm_bridge.asm(6) : error A2008:syntax error : section
D:\rawrxd\history\runoff\part_0009\d__professional-nasm-ide_swarm_swarm_bridge.asm(8) : error A2034:must be in segment block
D:\rawrxd\history\runoff\part_0009\d__professional-nasm-ide_swarm_swarm_bridge.asm(9) : error A2034:must be in segment block
D:\rawrxd\history\runoff\part_0009\d__professional-nasm-ide_swarm_swarm_bridge.asm(10) : error A2034:must be in segment block
D:\rawrxd\history\runoff\part_0009\d__professional-nasm-ide_swarm_swarm_bridge.asm(13) : error A2034:must be in segment block
D:\rawrxd\history\runoff\part_0009\d__professional-nasm-ide_swarm_swarm_bridge.asm(16) : error A2034:must be in segment block
D:\rawrxd\history\runoff\part_0009\d__professional-nasm-ide_swarm_swarm_bridge.asm(17) : error A2034:must be in segment block
D:\rawrxd\history\runoff\part_0009\d__professional-nasm-ide_swarm_swarm_bridge.asm(18) : error A2034:must be in segment block
D:\rawrxd\history\runoff\part_0009\d__professional-nasm-ide_swarm_swarm_bridge.asm(21) : error A2008:syntax error : response_buffer
D:\rawrxd\history\runoff\part_0009\d__professional-nasm-ide_swarm_swarm_bridge.asm(23) : error A2008:syntax error : section
D:\rawrxd\history\runoff\part_0009\d__professional-nasm-ide_swarm_swarm_bridge.asm(25) : error A2008:syntax error : in directive
D:\rawrxd\history\runoff\part_0009\d__professional-nasm-ide_swarm_swarm_bridge.asm(26) : error A2008:syntax error : in directive
D:\rawrxd\history\runoff\part_0009\d__professional-nasm-ide_swarm_swarm_bridge.asm(27) : error A2008:syntax error : in directive
D:\rawrxd\history\runoff\part_0009\d__professional-nasm-ide_swarm_swarm_bridge.asm(28) : error A2008:syntax error : in directive
D:\rawrxd\history\runoff\part_0009\d__professional-nasm-ide_swarm_swarm_bridge.asm(29) : error A2008:syntax error : in directive
D:\rawrxd\history\runoff\part_0009\d__professional-nasm-ide_swarm_swarm_bridge.asm(30) : error A2008:syntax error : in directive
D:\rawrxd\history\runoff\part_0009\d__professional-nasm-ide_swarm_swarm_bridge.asm(31) : error A2008:syntax error : in directive
D:\rawrxd\history\runoff\part_0009\d__professional-nasm-ide_swarm_swarm_bridge.asm(34) : error A2008:syntax error : global
D:\rawrxd\history\runoff\part_0009\d__professional-nasm-ide_swarm_swarm_bridge.asm(35) : error A2008:syntax error : global
D:\rawrxd\history\runoff\part_0009\d__professional-nasm-ide_swarm_swarm_bridge.asm(36) : error A2008:syntax error : global
D:\rawrxd\history\runoff\part_0009\d__professional-nasm-ide_swarm_swarm_bridge.asm(37) : error A2008:syntax error : global
D:\rawrxd\history\runoff\part_0009\d__professional-nasm-ide_swarm_swarm_bridge.asm(38) : error A2008:syntax error : global
D:\rawrxd\history\runoff\part_0009\d__professional-nasm-ide_swarm_swarm_bridge.asm(39) : error A2008:syntax error : global
D:\rawrxd\history\runoff\part_0009\d__professional-nasm-ide_swarm_swarm_bridge.asm(40) : error A2008:syntax error : global
D:\rawrxd\history\runoff\part_0009\d__professional-nasm-ide_swarm_swarm_bridge.asm(45) : error A2034:must be in segment block
D:\rawrxd\history\runoff\part_0009\d__professional-nasm-ide_swarm_swarm_bridge.asm(46) : error A2034:must be in segment block
D:\rawrxd\history\runoff\part_0009\d__professional-nasm-ide_swarm_swarm_bridge.asm(47) : error A2034:must be in segment block
D:\rawrxd\history\runoff\part_0009\d__professional-nasm-ide_swarm_swarm_bridge.asm(50) : error A2034:must be in segment block
D:\rawrxd\history\runoff\part_0009\d__professional-nasm-ide_swarm_swarm_bridge.asm(51) : error A2034:must be in segment block
D:\rawrxd\history\runoff\part_0009\d__professional-nasm-ide_swarm_swarm_bridge.asm(53) : error A2034:must be in segment block
D:\rawrxd\history\runoff\part_0009\d__professional-nasm-ide_swarm_swarm_bridge.asm(54) : error A2034:must be in segment block
D:\rawrxd\history\runoff\part_0009\d__professional-nasm-ide_swarm_swarm_bridge.asm(57) : error A2034:must be in segment block
D:\rawrxd\history\runoff\part_0009\d__professional-nasm-ide_swarm_swarm_bridge.asm(58) : error A2034:must be in segment block
D:\rawrxd\history\runoff\part_0009\d__professional-nasm-ide_swarm_swarm_bridge.asm(60) : error A2008:syntax error : .
D:\rawrxd\history\runoff\part_0009\d__professional-nasm-ide_swarm_swarm_bridge.asm(61) : error A2034:must be in segment block
D:\rawrxd\history\runoff\part_0009\d__professional-nasm-ide_swarm_swarm_bridge.asm(63) : error A2008:syntax error : .
D:\rawrxd\history\runoff\part_0009\d__professional-nasm-ide_swarm_swarm_bridge.asm(64) : error A2034:must be in segment block
D:\rawrxd\history\runoff\part_0009\d__professional-nasm-ide_swarm_swarm_bridge.asm(65) : error A2034:must be in segment block
D:\rawrxd\history\runoff\part_0009\d__professional-nasm-ide_swarm_swarm_bridge.asm(70) : error A2034:must be in segment block
D:\rawrxd\history\runoff\part_0009\d__professional-nasm-ide_swarm_swarm_bridge.asm(71) : error A2034:must be in segment block
D:\rawrxd\history\runoff\part_0009\d__professional-nasm-ide_swarm_swarm_bridge.asm(72) : error A2034:must be in segment block
D:\rawrxd\history\runoff\part_0009\d__professional-nasm-ide_swarm_swarm_bridge.asm(75) : error A2034:must be in segment block
D:\rawrxd\history\runoff\part_0009\d__professional-nasm-ide_swarm_swarm_bridge.asm(76) : error A2034:must be in segment block
D:\rawrxd\history\runoff\part_0009\d__professional-nasm-ide_swarm_swarm_bridge.asm(77) : error A2034:must be in segment block
D:\rawrxd\history\runoff\part_0009\d__professional-nasm-ide_swarm_swarm_bridge.asm(79) : error A2034:must be in segment block
D:\rawrxd\history\runoff\part_0009\d__professional-nasm-ide_swarm_swarm_bridge.asm(80) : error A2034:must be in segment block
D:\rawrxd\history\runoff\part_0009\d__professional-nasm-ide_swarm_swarm_bridge.asm(82) : error A2008:syntax error : .
D:\rawrxd\history\runoff\part_0009\d__professional-nasm-ide_swarm_swarm_bridge.asm(83) : error A2034:must be in segment block
D:\rawrxd\history\runoff\part_0009\d__professional-nasm-ide_swarm_swarm_bridge.asm(84) : error A2034:must be in segment block
D:\rawrxd\history\runoff\part_0009\d__professional-nasm-ide_swarm_swarm_bridge.asm(91) : error A2034:must be in segment block
D:\rawrxd\history\runoff\part_0009\d__professional-nasm-ide_swarm_swarm_bridge.asm(92) : error A2034:must be in segment block
D:\rawrxd\history\runoff\part_0009\d__professional-nasm-ide_swarm_swarm_bridge.asm(93) : error A2034:must be in segment block
D:\rawrxd\history\runoff\part_0009\d__professional-nasm-ide_swarm_swarm_bridge.asm(94) : error A2034:must be in segment block
D:\rawrxd\history\runoff\part_0009\d__professional-nasm-ide_swarm_swarm_bridge.asm(97) : error A2034:must be in segment block
D:\rawrxd\history\runoff\part_0009\d__professional-nasm-ide_swarm_swarm_bridge.asm(98) : error A2034:must be in segment block
D:\rawrxd\history\runoff\part_0009\d__professional-nasm-ide_swarm_swarm_bridge.asm(101) : error A2034:must be in segment block
D:\rawrxd\history\runoff\part_0009\d__professional-nasm-ide_swarm_swarm_bridge.asm(102) : error A2034:must be in segment block
D:\rawrxd\history\runoff\part_0009\d__professional-nasm-ide_swarm_swarm_bridge.asm(103) : error A2034:must be in segment block
D:\rawrxd\history\runoff\part_0009\d__professional-nasm-ide_swarm_swarm_bridge.asm(104) : error A2034:must be in segment block
D:\rawrxd\history\runoff\part_0009\d__professional-nasm-ide_swarm_swarm_bridge.asm(105) : error A2034:must be in segment block
D:\rawrxd\history\runoff\part_0009\d__professional-nasm-ide_swarm_swarm_bridge.asm(108) : error A2034:must be in segment block
D:\rawrxd\history\runoff\part_0009\d__professional-nasm-ide_swarm_swarm_bridge.asm(109) : error A2034:must be in segment block
D:\rawrxd\history\runoff\part_0009\d__professional-nasm-ide_swarm_swarm_bridge.asm(110) : error A2034:must be in segment block
D:\rawrxd\history\runoff\part_0009\d__professional-nasm-ide_swarm_swarm_bridge.asm(113) : error A2034:must be in segment block
D:\rawrxd\history\runoff\part_0009\d__professional-nasm-ide_swarm_swarm_bridge.asm(115) : error A2034:must be in segment block
D:\rawrxd\history\runoff\part_0009\d__professional-nasm-ide_swarm_swarm_bridge.asm(116) : error A2034:must be in segment block
D:\rawrxd\history\runoff\part_0009\d__professional-nasm-ide_swarm_swarm_bridge.asm(117) : error A2034:must be in segment block
D:\rawrxd\history\runoff\part_0009\d__professional-nasm-ide_swarm_swarm_bridge.asm(124) : error A2034:must be in segment block
D:\rawrxd\history\runoff\part_0009\d__professional-nasm-ide_swarm_swarm_bridge.asm(125) : error A2034:must be in segment block
D:\rawrxd\history\runoff\part_0009\d__professional-nasm-ide_swarm_swarm_bridge.asm(126) : error A2034:must be in segment block
D:\rawrxd\history\runoff\part_0009\d__professional-nasm-ide_swarm_swarm_bridge.asm(127) : error A2034:must be in segment block
D:\rawrxd\history\runoff\part_0009\d__professional-nasm-ide_swarm_swarm_bridge.asm(130) : error A2034:must be in segment block
D:\rawrxd\history\runoff\part_0009\d__professional-nasm-ide_swarm_swarm_bridge.asm(131) : error A2034:must be in segment block
D:\rawrxd\history\runoff\part_0009\d__professional-nasm-ide_swarm_swarm_bridge.asm(132) : error A2034:must be in segment block
D:\rawrxd\history\runoff\part_0009\d__professional-nasm-ide_swarm_swarm_bridge.asm(133) : error A2034:must be in segment block
D:\rawrxd\history\runoff\part_0009\d__professional-nasm-ide_swarm_swarm_bridge.asm(136) : error A2034:must be in segment block
D:\rawrxd\history\runoff\part_0009\d__professional-nasm-ide_swarm_swarm_bridge.asm(137) : error A2034:must be in segment block
D:\rawrxd\history\runoff\part_0009\d__professional-nasm-ide_swarm_swarm_bridge.asm(138) : error A2034:must be in segment block
D:\rawrxd\history\runoff\part_0009\d__professional-nasm-ide_swarm_swarm_bridge.asm(141) : error A2034:must be in segment block
D:\rawrxd\history\runoff\part_0009\d__professional-nasm-ide_swarm_swarm_bridge.asm(143) : error A2034:must be in segment block
D:\rawrxd\history\runoff\part_0009\d__professional-nasm-ide_swarm_swarm_bridge.asm(144) : error A2034:must be in segment block
D:\rawrxd\history\runoff\part_0009\d__professional-nasm-ide_swarm_swarm_bridge.asm(145) : error A2034:must be in segment block
D:\rawrxd\history\runoff\part_0009\d__professional-nasm-ide_swarm_swarm_bridge.asm(152) : error A2034:must be in segment block
D:\rawrxd\history\runoff\part_0009\d__professional-nasm-ide_swarm_swarm_bridge.asm(153) : error A2034:must be in segment block
D:\rawrxd\history\runoff\part_0009\d__professional-nasm-ide_swarm_swarm_bridge.asm(154) : error A2034:must be in segment block
D:\rawrxd\history\runoff\part_0009\d__professional-nasm-ide_swarm_swarm_bridge.asm(155) : error A2034:must be in segment block
D:\rawrxd\history\runoff\part_0009\d__professional-nasm-ide_swarm_swarm_bridge.asm(158) : error A2034:must be in segment block
D:\rawrxd\history\runoff\part_0009\d__professional-nasm-ide_swarm_swarm_bridge.asm(159) : error A2034:must be in segment block
D:\rawrxd\history\runoff\part_0009\d__professional-nasm-ide_swarm_swarm_bridge.asm(162) : error A2034:must be in segment block
D:\rawrxd\history\runoff\part_0009\d__professional-nasm-ide_swarm_swarm_bridge.asm(163) : error A2034:must be in segment block
D:\rawrxd\history\runoff\part_0009\d__professional-nasm-ide_swarm_swarm_bridge.asm(164) : error A2034:must be in segment block
D:\rawrxd\history\runoff\part_0009\d__professional-nasm-ide_swarm_swarm_bridge.asm(165) : error A2034:must be in segment block
D:\rawrxd\history\runoff\part_0009\d__professional-nasm-ide_swarm_swarm_bridge.asm(166) : error A2034:must be in segment block
D:\rawrxd\history\runoff\part_0009\d__professional-nasm-ide_swarm_swarm_bridge.asm(169) : error A2034:must be in segment block
D:\rawrxd\history\runoff\part_0009\d__professional-nasm-ide_swarm_swarm_bridge.asm(170) : error A2034:must be in segment block
D:\rawrxd\history\runoff\part_0009\d__professional-nasm-ide_swarm_swarm_bridge.asm(171) : error A2034:must be in segment block
D:\rawrxd\history\runoff\part_0009\d__professional-nasm-ide_swarm_swarm_bridge.asm(174) : error A2034:must be in segment block
D:\rawrxd\history\runoff\part_0009\d__professional-nasm-ide_swarm_swarm_bridge.asm(175) : error A2034:must be in segment block
D:\rawrxd\history\runoff\part_0009\d__professional-nasm-ide_swarm_swarm_bridge.asm(176) : error A2034:must be in segment block
D:\rawrxd\history\runoff\part_0009\d__professional-nasm-ide_swarm_swarm_bridge.asm(178) : error A2034:must be in segment block
D:\rawrxd\history\runoff\part_0009\d__professional-nasm-ide_swarm_swarm_bridge.asm(179) : fatal error A1012:error count exceeds 100; stopping assembly
