 Assembling: D:\rawrxd\history\runoff\part_0008\d__professional-nasm-ide_bridge_init_fixed.asm
D:\rawrxd\history\runoff\part_0008\d__professional-nasm-ide_bridge_init_fixed.asm(4) : error A2008:syntax error : BITS
D:\rawrxd\history\runoff\part_0008\d__professional-nasm-ide_bridge_init_fixed.asm(5) : error A2008:syntax error : DEFAULT
D:\rawrxd\history\runoff\part_0008\d__professional-nasm-ide_bridge_init_fixed.asm(7) : error A2008:syntax error : section
D:\rawrxd\history\runoff\part_0008\d__professional-nasm-ide_bridge_init_fixed.asm(12) : error A2008:syntax error : global
D:\rawrxd\history\runoff\part_0008\d__professional-nasm-ide_bridge_init_fixed.asm(13) : error A2034:must be in segment block
D:\rawrxd\history\runoff\part_0008\d__professional-nasm-ide_bridge_init_fixed.asm(21) : error A2034:must be in segment block
D:\rawrxd\history\runoff\part_0008\d__professional-nasm-ide_bridge_init_fixed.asm(22) : error A2034:must be in segment block
D:\rawrxd\history\runoff\part_0008\d__professional-nasm-ide_bridge_init_fixed.asm(23) : error A2034:must be in segment block
D:\rawrxd\history\runoff\part_0008\d__professional-nasm-ide_bridge_init_fixed.asm(24) : error A2034:must be in segment block
D:\rawrxd\history\runoff\part_0008\d__professional-nasm-ide_bridge_init_fixed.asm(29) : error A2034:must be in segment block
D:\rawrxd\history\runoff\part_0008\d__professional-nasm-ide_bridge_init_fixed.asm(30) : error A2034:must be in segment block
D:\rawrxd\history\runoff\part_0008\d__professional-nasm-ide_bridge_init_fixed.asm(31) : error A2034:must be in segment block
D:\rawrxd\history\runoff\part_0008\d__professional-nasm-ide_bridge_init_fixed.asm(32) : error A2034:must be in segment block
D:\rawrxd\history\runoff\part_0008\d__professional-nasm-ide_bridge_init_fixed.asm(33) : error A2034:must be in segment block
D:\rawrxd\history\runoff\part_0008\d__professional-nasm-ide_bridge_init_fixed.asm(34) : error A2034:must be in segment block
D:\rawrxd\history\runoff\part_0008\d__professional-nasm-ide_bridge_init_fixed.asm(36) : error A2008:syntax error : .
D:\rawrxd\history\runoff\part_0008\d__professional-nasm-ide_bridge_init_fixed.asm(38) : error A2034:must be in segment block
D:\rawrxd\history\runoff\part_0008\d__professional-nasm-ide_bridge_init_fixed.asm(39) : error A2034:must be in segment block
D:\rawrxd\history\runoff\part_0008\d__professional-nasm-ide_bridge_init_fixed.asm(40) : error A2034:must be in segment block
D:\rawrxd\history\runoff\part_0008\d__professional-nasm-ide_bridge_init_fixed.asm(41) : error A2034:must be in segment block
D:\rawrxd\history\runoff\part_0008\d__professional-nasm-ide_bridge_init_fixed.asm(42) : error A2034:must be in segment block
D:\rawrxd\history\runoff\part_0008\d__professional-nasm-ide_bridge_init_fixed.asm(43) : error A2034:must be in segment block
D:\rawrxd\history\runoff\part_0008\d__professional-nasm-ide_bridge_init_fixed.asm(45) : error A2008:syntax error : .
D:\rawrxd\history\runoff\part_0008\d__professional-nasm-ide_bridge_init_fixed.asm(47) : error A2034:must be in segment block
D:\rawrxd\history\runoff\part_0008\d__professional-nasm-ide_bridge_init_fixed.asm(48) : error A2034:must be in segment block
D:\rawrxd\history\runoff\part_0008\d__professional-nasm-ide_bridge_init_fixed.asm(49) : error A2034:must be in segment block
D:\rawrxd\history\runoff\part_0008\d__professional-nasm-ide_bridge_init_fixed.asm(50) : error A2034:must be in segment block
D:\rawrxd\history\runoff\part_0008\d__professional-nasm-ide_bridge_init_fixed.asm(51) : error A2034:must be in segment block
D:\rawrxd\history\runoff\part_0008\d__professional-nasm-ide_bridge_init_fixed.asm(52) : error A2034:must be in segment block
D:\rawrxd\history\runoff\part_0008\d__professional-nasm-ide_bridge_init_fixed.asm(54) : error A2008:syntax error : .
D:\rawrxd\history\runoff\part_0008\d__professional-nasm-ide_bridge_init_fixed.asm(56) : error A2034:must be in segment block
D:\rawrxd\history\runoff\part_0008\d__professional-nasm-ide_bridge_init_fixed.asm(57) : error A2034:must be in segment block
D:\rawrxd\history\runoff\part_0008\d__professional-nasm-ide_bridge_init_fixed.asm(59) : error A2008:syntax error : .
D:\rawrxd\history\runoff\part_0008\d__professional-nasm-ide_bridge_init_fixed.asm(61) : error A2034:must be in segment block
D:\rawrxd\history\runoff\part_0008\d__professional-nasm-ide_bridge_init_fixed.asm(63) : error A2008:syntax error : .
D:\rawrxd\history\runoff\part_0008\d__professional-nasm-ide_bridge_init_fixed.asm(65) : error A2034:must be in segment block
D:\rawrxd\history\runoff\part_0008\d__professional-nasm-ide_bridge_init_fixed.asm(66) : error A2034:must be in segment block
D:\rawrxd\history\runoff\part_0008\d__professional-nasm-ide_bridge_init_fixed.asm(67) : error A2034:must be in segment block
D:\rawrxd\history\runoff\part_0008\d__professional-nasm-ide_bridge_init_fixed.asm(73) : error A2034:must be in segment block
D:\rawrxd\history\runoff\part_0008\d__professional-nasm-ide_bridge_init_fixed.asm(75) : error A2034:must be in segment block
D:\rawrxd\history\runoff\part_0008\d__professional-nasm-ide_bridge_init_fixed.asm(76) : error A2034:must be in segment block
D:\rawrxd\history\runoff\part_0008\d__professional-nasm-ide_bridge_init_fixed.asm(78) : error A2034:must be in segment block
D:\rawrxd\history\runoff\part_0008\d__professional-nasm-ide_bridge_init_fixed.asm(80) : error A2034:must be in segment block
D:\rawrxd\history\runoff\part_0008\d__professional-nasm-ide_bridge_init_fixed.asm(81) : error A2034:must be in segment block
D:\rawrxd\history\runoff\part_0008\d__professional-nasm-ide_bridge_init_fixed.asm(83) : error A2034:must be in segment block
D:\rawrxd\history\runoff\part_0008\d__professional-nasm-ide_bridge_init_fixed.asm(85) : error A2034:must be in segment block
D:\rawrxd\history\runoff\part_0008\d__professional-nasm-ide_bridge_init_fixed.asm(86) : error A2034:must be in segment block
D:\rawrxd\history\runoff\part_0008\d__professional-nasm-ide_bridge_init_fixed.asm(91) : error A2008:syntax error : global
D:\rawrxd\history\runoff\part_0008\d__professional-nasm-ide_bridge_init_fixed.asm(92) : error A2034:must be in segment block
D:\rawrxd\history\runoff\part_0008\d__professional-nasm-ide_bridge_init_fixed.asm(99) : error A2034:must be in segment block
D:\rawrxd\history\runoff\part_0008\d__professional-nasm-ide_bridge_init_fixed.asm(100) : error A2034:must be in segment block
D:\rawrxd\history\runoff\part_0008\d__professional-nasm-ide_bridge_init_fixed.asm(100) : error A2088:END directive required at end of file
