 Assembling: D:\rawrxd\history\runoff\part_0009\d__professional-nasm-ide_minimal_window.asm
D:\rawrxd\history\runoff\part_0009\d__professional-nasm-ide_minimal_window.asm(2) : error A2008:syntax error : bits
D:\rawrxd\history\runoff\part_0009\d__professional-nasm-ide_minimal_window.asm(3) : error A2008:syntax error : default
D:\rawrxd\history\runoff\part_0009\d__professional-nasm-ide_minimal_window.asm(5) : error A2008:syntax error : in directive
D:\rawrxd\history\runoff\part_0009\d__professional-nasm-ide_minimal_window.asm(6) : error A2008:syntax error : in directive
D:\rawrxd\history\runoff\part_0009\d__professional-nasm-ide_minimal_window.asm(7) : error A2008:syntax error : in directive
D:\rawrxd\history\runoff\part_0009\d__professional-nasm-ide_minimal_window.asm(8) : error A2008:syntax error : in directive
D:\rawrxd\history\runoff\part_0009\d__professional-nasm-ide_minimal_window.asm(9) : error A2008:syntax error : in directive
D:\rawrxd\history\runoff\part_0009\d__professional-nasm-ide_minimal_window.asm(10) : error A2008:syntax error : in directive
D:\rawrxd\history\runoff\part_0009\d__professional-nasm-ide_minimal_window.asm(11) : error A2008:syntax error : in directive
D:\rawrxd\history\runoff\part_0009\d__professional-nasm-ide_minimal_window.asm(12) : error A2008:syntax error : in directive
D:\rawrxd\history\runoff\part_0009\d__professional-nasm-ide_minimal_window.asm(13) : error A2008:syntax error : in directive
D:\rawrxd\history\runoff\part_0009\d__professional-nasm-ide_minimal_window.asm(14) : error A2008:syntax error : in directive
D:\rawrxd\history\runoff\part_0009\d__professional-nasm-ide_minimal_window.asm(15) : error A2008:syntax error : in directive
D:\rawrxd\history\runoff\part_0009\d__professional-nasm-ide_minimal_window.asm(17) : error A2008:syntax error : global
D:\rawrxd\history\runoff\part_0009\d__professional-nasm-ide_minimal_window.asm(19) : error A2008:syntax error : define
D:\rawrxd\history\runoff\part_0009\d__professional-nasm-ide_minimal_window.asm(20) : error A2008:syntax error : define
D:\rawrxd\history\runoff\part_0009\d__professional-nasm-ide_minimal_window.asm(21) : error A2008:syntax error : define
D:\rawrxd\history\runoff\part_0009\d__professional-nasm-ide_minimal_window.asm(22) : error A2008:syntax error : define
D:\rawrxd\history\runoff\part_0009\d__professional-nasm-ide_minimal_window.asm(23) : error A2008:syntax error : define
D:\rawrxd\history\runoff\part_0009\d__professional-nasm-ide_minimal_window.asm(24) : error A2008:syntax error : define
D:\rawrxd\history\runoff\part_0009\d__professional-nasm-ide_minimal_window.asm(25) : error A2008:syntax error : define
D:\rawrxd\history\runoff\part_0009\d__professional-nasm-ide_minimal_window.asm(26) : error A2008:syntax error : define
D:\rawrxd\history\runoff\part_0009\d__professional-nasm-ide_minimal_window.asm(27) : error A2008:syntax error : define
D:\rawrxd\history\runoff\part_0009\d__professional-nasm-ide_minimal_window.asm(29) : error A2008:syntax error : section
D:\rawrxd\history\runoff\part_0009\d__professional-nasm-ide_minimal_window.asm(30) : error A2034:must be in segment block
D:\rawrxd\history\runoff\part_0009\d__professional-nasm-ide_minimal_window.asm(31) : error A2034:must be in segment block
D:\rawrxd\history\runoff\part_0009\d__professional-nasm-ide_minimal_window.asm(33) : error A2008:syntax error : section
D:\rawrxd\history\runoff\part_0009\d__professional-nasm-ide_minimal_window.asm(34) : error A2008:syntax error : hInstance
D:\rawrxd\history\runoff\part_0009\d__professional-nasm-ide_minimal_window.asm(35) : error A2008:syntax error : hWnd
D:\rawrxd\history\runoff\part_0009\d__professional-nasm-ide_minimal_window.asm(36) : error A2008:syntax error : msg
D:\rawrxd\history\runoff\part_0009\d__professional-nasm-ide_minimal_window.asm(38) : error A2008:syntax error : section
D:\rawrxd\history\runoff\part_0009\d__professional-nasm-ide_minimal_window.asm(40) : error A2034:must be in segment block
D:\rawrxd\history\runoff\part_0009\d__professional-nasm-ide_minimal_window.asm(41) : error A2034:must be in segment block
D:\rawrxd\history\runoff\part_0009\d__professional-nasm-ide_minimal_window.asm(42) : error A2034:must be in segment block
D:\rawrxd\history\runoff\part_0009\d__professional-nasm-ide_minimal_window.asm(43) : error A2034:must be in segment block
D:\rawrxd\history\runoff\part_0009\d__professional-nasm-ide_minimal_window.asm(44) : error A2008:syntax error : .
D:\rawrxd\history\runoff\part_0009\d__professional-nasm-ide_minimal_window.asm(45) : error A2034:must be in segment block
D:\rawrxd\history\runoff\part_0009\d__professional-nasm-ide_minimal_window.asm(46) : error A2034:must be in segment block
D:\rawrxd\history\runoff\part_0009\d__professional-nasm-ide_minimal_window.asm(47) : error A2034:must be in segment block
D:\rawrxd\history\runoff\part_0009\d__professional-nasm-ide_minimal_window.asm(48) : error A2034:must be in segment block
D:\rawrxd\history\runoff\part_0009\d__professional-nasm-ide_minimal_window.asm(50) : error A2034:must be in segment block
D:\rawrxd\history\runoff\part_0009\d__professional-nasm-ide_minimal_window.asm(51) : error A2034:must be in segment block
D:\rawrxd\history\runoff\part_0009\d__professional-nasm-ide_minimal_window.asm(52) : error A2034:must be in segment block
D:\rawrxd\history\runoff\part_0009\d__professional-nasm-ide_minimal_window.asm(53) : error A2034:must be in segment block
D:\rawrxd\history\runoff\part_0009\d__professional-nasm-ide_minimal_window.asm(56) : error A2034:must be in segment block
D:\rawrxd\history\runoff\part_0009\d__professional-nasm-ide_minimal_window.asm(57) : error A2034:must be in segment block
D:\rawrxd\history\runoff\part_0009\d__professional-nasm-ide_minimal_window.asm(58) : error A2034:must be in segment block
D:\rawrxd\history\runoff\part_0009\d__professional-nasm-ide_minimal_window.asm(61) : error A2034:must be in segment block
D:\rawrxd\history\runoff\part_0009\d__professional-nasm-ide_minimal_window.asm(62) : error A2044:invalid character in file
D:\rawrxd\history\runoff\part_0009\d__professional-nasm-ide_minimal_window.asm(63) : error A2034:must be in segment block
D:\rawrxd\history\runoff\part_0009\d__professional-nasm-ide_minimal_window.asm(64) : error A2034:must be in segment block
D:\rawrxd\history\runoff\part_0009\d__professional-nasm-ide_minimal_window.asm(65) : error A2034:must be in segment block
D:\rawrxd\history\runoff\part_0009\d__professional-nasm-ide_minimal_window.asm(66) : error A2034:must be in segment block
D:\rawrxd\history\runoff\part_0009\d__professional-nasm-ide_minimal_window.asm(67) : error A2034:must be in segment block
D:\rawrxd\history\runoff\part_0009\d__professional-nasm-ide_minimal_window.asm(68) : error A2034:must be in segment block
D:\rawrxd\history\runoff\part_0009\d__professional-nasm-ide_minimal_window.asm(69) : error A2034:must be in segment block
D:\rawrxd\history\runoff\part_0009\d__professional-nasm-ide_minimal_window.asm(70) : error A2034:must be in segment block
D:\rawrxd\history\runoff\part_0009\d__professional-nasm-ide_minimal_window.asm(71) : error A2034:must be in segment block
D:\rawrxd\history\runoff\part_0009\d__professional-nasm-ide_minimal_window.asm(72) : error A2034:must be in segment block
D:\rawrxd\history\runoff\part_0009\d__professional-nasm-ide_minimal_window.asm(73) : error A2034:must be in segment block
D:\rawrxd\history\runoff\part_0009\d__professional-nasm-ide_minimal_window.asm(74) : error A2034:must be in segment block
D:\rawrxd\history\runoff\part_0009\d__professional-nasm-ide_minimal_window.asm(75) : error A2034:must be in segment block
D:\rawrxd\history\runoff\part_0009\d__professional-nasm-ide_minimal_window.asm(76) : error A2034:must be in segment block
D:\rawrxd\history\runoff\part_0009\d__professional-nasm-ide_minimal_window.asm(77) : error A2034:must be in segment block
D:\rawrxd\history\runoff\part_0009\d__professional-nasm-ide_minimal_window.asm(78) : error A2034:must be in segment block
D:\rawrxd\history\runoff\part_0009\d__professional-nasm-ide_minimal_window.asm(80) : error A2034:must be in segment block
D:\rawrxd\history\runoff\part_0009\d__professional-nasm-ide_minimal_window.asm(81) : error A2034:must be in segment block
D:\rawrxd\history\runoff\part_0009\d__professional-nasm-ide_minimal_window.asm(84) : error A2034:must be in segment block
D:\rawrxd\history\runoff\part_0009\d__professional-nasm-ide_minimal_window.asm(85) : error A2034:must be in segment block
D:\rawrxd\history\runoff\part_0009\d__professional-nasm-ide_minimal_window.asm(86) : error A2034:must be in segment block
D:\rawrxd\history\runoff\part_0009\d__professional-nasm-ide_minimal_window.asm(87) : error A2044:invalid character in file
D:\rawrxd\history\runoff\part_0009\d__professional-nasm-ide_minimal_window.asm(88) : error A2034:must be in segment block
D:\rawrxd\history\runoff\part_0009\d__professional-nasm-ide_minimal_window.asm(89) : error A2034:must be in segment block
D:\rawrxd\history\runoff\part_0009\d__professional-nasm-ide_minimal_window.asm(90) : error A2034:must be in segment block
D:\rawrxd\history\runoff\part_0009\d__professional-nasm-ide_minimal_window.asm(91) : error A2034:must be in segment block
D:\rawrxd\history\runoff\part_0009\d__professional-nasm-ide_minimal_window.asm(92) : error A2034:must be in segment block
D:\rawrxd\history\runoff\part_0009\d__professional-nasm-ide_minimal_window.asm(93) : error A2034:must be in segment block
D:\rawrxd\history\runoff\part_0009\d__professional-nasm-ide_minimal_window.asm(94) : error A2034:must be in segment block
D:\rawrxd\history\runoff\part_0009\d__professional-nasm-ide_minimal_window.asm(95) : error A2034:must be in segment block
D:\rawrxd\history\runoff\part_0009\d__professional-nasm-ide_minimal_window.asm(96) : error A2034:must be in segment block
D:\rawrxd\history\runoff\part_0009\d__professional-nasm-ide_minimal_window.asm(97) : error A2034:must be in segment block
D:\rawrxd\history\runoff\part_0009\d__professional-nasm-ide_minimal_window.asm(98) : error A2034:must be in segment block
D:\rawrxd\history\runoff\part_0009\d__professional-nasm-ide_minimal_window.asm(101) : error A2034:must be in segment block
D:\rawrxd\history\runoff\part_0009\d__professional-nasm-ide_minimal_window.asm(102) : error A2034:must be in segment block
D:\rawrxd\history\runoff\part_0009\d__professional-nasm-ide_minimal_window.asm(103) : error A2034:must be in segment block
D:\rawrxd\history\runoff\part_0009\d__professional-nasm-ide_minimal_window.asm(105) : error A2034:must be in segment block
D:\rawrxd\history\runoff\part_0009\d__professional-nasm-ide_minimal_window.asm(106) : error A2034:must be in segment block
D:\rawrxd\history\runoff\part_0009\d__professional-nasm-ide_minimal_window.asm(109) : error A2008:syntax error : .
D:\rawrxd\history\runoff\part_0009\d__professional-nasm-ide_minimal_window.asm(110) : error A2034:must be in segment block
D:\rawrxd\history\runoff\part_0009\d__professional-nasm-ide_minimal_window.asm(111) : error A2034:must be in segment block
D:\rawrxd\history\runoff\part_0009\d__professional-nasm-ide_minimal_window.asm(112) : error A2034:must be in segment block
D:\rawrxd\history\runoff\part_0009\d__professional-nasm-ide_minimal_window.asm(113) : error A2034:must be in segment block
D:\rawrxd\history\runoff\part_0009\d__professional-nasm-ide_minimal_window.asm(114) : error A2034:must be in segment block
D:\rawrxd\history\runoff\part_0009\d__professional-nasm-ide_minimal_window.asm(115) : error A2034:must be in segment block
D:\rawrxd\history\runoff\part_0009\d__professional-nasm-ide_minimal_window.asm(116) : error A2034:must be in segment block
D:\rawrxd\history\runoff\part_0009\d__professional-nasm-ide_minimal_window.asm(118) : error A2034:must be in segment block
D:\rawrxd\history\runoff\part_0009\d__professional-nasm-ide_minimal_window.asm(119) : error A2034:must be in segment block
D:\rawrxd\history\runoff\part_0009\d__professional-nasm-ide_minimal_window.asm(120) : error A2034:must be in segment block
D:\rawrxd\history\runoff\part_0009\d__professional-nasm-ide_minimal_window.asm(121) : error A2034:must be in segment block
D:\rawrxd\history\runoff\part_0009\d__professional-nasm-ide_minimal_window.asm(122) : error A2034:must be in segment block
D:\rawrxd\history\runoff\part_0009\d__professional-nasm-ide_minimal_window.asm(124) : fatal error A1012:error count exceeds 100; stopping assembly
