 Assembling: D:\rawrxd\history\runoff\part_0014\d__rawrxd_src_vulkan_masm.asm
D:\rawrxd\history\runoff\part_0014\d__rawrxd_src_vulkan_masm.asm(12) : error A2034:must be in segment block : FP32_TO_FP16
D:\rawrxd\history\runoff\part_0014\d__rawrxd_src_vulkan_masm.asm(14) : error A2034:must be in segment block
D:\rawrxd\history\runoff\part_0014\d__rawrxd_src_vulkan_masm.asm(15) : error A2034:must be in segment block
D:\rawrxd\history\runoff\part_0014\d__rawrxd_src_vulkan_masm.asm(16) : error A2034:must be in segment block
D:\rawrxd\history\runoff\part_0014\d__rawrxd_src_vulkan_masm.asm(17) : error A2034:must be in segment block
D:\rawrxd\history\runoff\part_0014\d__rawrxd_src_vulkan_masm.asm(18) : error A2034:must be in segment block
D:\rawrxd\history\runoff\part_0014\d__rawrxd_src_vulkan_masm.asm(19) : error A2034:must be in segment block
D:\rawrxd\history\runoff\part_0014\d__rawrxd_src_vulkan_masm.asm(20) : error A2034:must be in segment block
D:\rawrxd\history\runoff\part_0014\d__rawrxd_src_vulkan_masm.asm(23) : error A2034:must be in segment block
D:\rawrxd\history\runoff\part_0014\d__rawrxd_src_vulkan_masm.asm(24) : error A2034:must be in segment block
D:\rawrxd\history\runoff\part_0014\d__rawrxd_src_vulkan_masm.asm(25) : error A2034:must be in segment block
D:\rawrxd\history\runoff\part_0014\d__rawrxd_src_vulkan_masm.asm(26) : error A2034:must be in segment block
D:\rawrxd\history\runoff\part_0014\d__rawrxd_src_vulkan_masm.asm(29) : error A2034:must be in segment block
D:\rawrxd\history\runoff\part_0014\d__rawrxd_src_vulkan_masm.asm(30) : error A2034:must be in segment block
D:\rawrxd\history\runoff\part_0014\d__rawrxd_src_vulkan_masm.asm(31) : error A2034:must be in segment block
D:\rawrxd\history\runoff\part_0014\d__rawrxd_src_vulkan_masm.asm(32) : error A2034:must be in segment block
D:\rawrxd\history\runoff\part_0014\d__rawrxd_src_vulkan_masm.asm(33) : error A2034:must be in segment block
D:\rawrxd\history\runoff\part_0014\d__rawrxd_src_vulkan_masm.asm(34) : error A2034:must be in segment block
D:\rawrxd\history\runoff\part_0014\d__rawrxd_src_vulkan_masm.asm(35) : error A2034:must be in segment block
D:\rawrxd\history\runoff\part_0014\d__rawrxd_src_vulkan_masm.asm(36) : error A2034:must be in segment block
D:\rawrxd\history\runoff\part_0014\d__rawrxd_src_vulkan_masm.asm(37) : error A2034:must be in segment block
D:\rawrxd\history\runoff\part_0014\d__rawrxd_src_vulkan_masm.asm(38) : error A2034:must be in segment block
D:\rawrxd\history\runoff\part_0014\d__rawrxd_src_vulkan_masm.asm(39) : error A2034:must be in segment block
D:\rawrxd\history\runoff\part_0014\d__rawrxd_src_vulkan_masm.asm(40) : error A2034:must be in segment block
D:\rawrxd\history\runoff\part_0014\d__rawrxd_src_vulkan_masm.asm(42) : error A2008:syntax error : .
D:\rawrxd\history\runoff\part_0014\d__rawrxd_src_vulkan_masm.asm(43) : error A2034:must be in segment block
D:\rawrxd\history\runoff\part_0014\d__rawrxd_src_vulkan_masm.asm(44) : error A2034:must be in segment block
D:\rawrxd\history\runoff\part_0014\d__rawrxd_src_vulkan_masm.asm(46) : error A2008:syntax error : .
D:\rawrxd\history\runoff\part_0014\d__rawrxd_src_vulkan_masm.asm(47) : error A2034:must be in segment block
D:\rawrxd\history\runoff\part_0014\d__rawrxd_src_vulkan_masm.asm(48) : error A2034:must be in segment block
D:\rawrxd\history\runoff\part_0014\d__rawrxd_src_vulkan_masm.asm(49) : error A2034:must be in segment block
D:\rawrxd\history\runoff\part_0014\d__rawrxd_src_vulkan_masm.asm(51) : error A2008:syntax error : .
D:\rawrxd\history\runoff\part_0014\d__rawrxd_src_vulkan_masm.asm(52) : error A2034:must be in segment block
D:\rawrxd\history\runoff\part_0014\d__rawrxd_src_vulkan_masm.asm(53) : error A2034:must be in segment block
D:\rawrxd\history\runoff\part_0014\d__rawrxd_src_vulkan_masm.asm(54) : error A2034:must be in segment block
D:\rawrxd\history\runoff\part_0014\d__rawrxd_src_vulkan_masm.asm(56) : error A2008:syntax error : .
D:\rawrxd\history\runoff\part_0014\d__rawrxd_src_vulkan_masm.asm(57) : error A2034:must be in segment block
D:\rawrxd\history\runoff\part_0014\d__rawrxd_src_vulkan_masm.asm(58) : error A2034:must be in segment block
D:\rawrxd\history\runoff\part_0014\d__rawrxd_src_vulkan_masm.asm(59) : fatal error A1010:unmatched block nesting : FP32_TO_FP16
