 Assembling: D:\rawrxd\history\runoff\part_0015\d__RawrXD-production-lazy-init_compilers_runtime_universal_compiler_runtime_clean.asm
D:\rawrxd\history\runoff\part_0015\d__RawrXD-production-lazy-init_compilers_runtime_universal_compiler_runtime_clean.asm(5) : error A2008:syntax error : default
D:\rawrxd\history\runoff\part_0015\d__RawrXD-production-lazy-init_compilers_runtime_universal_compiler_runtime_clean.asm(7) : error A2008:syntax error : section
D:\rawrxd\history\runoff\part_0015\d__RawrXD-production-lazy-init_compilers_runtime_universal_compiler_runtime_clean.asm(8) : error A2008:syntax error : global
D:\rawrxd\history\runoff\part_0015\d__RawrXD-production-lazy-init_compilers_runtime_universal_compiler_runtime_clean.asm(9) : error A2008:syntax error : global
D:\rawrxd\history\runoff\part_0015\d__RawrXD-production-lazy-init_compilers_runtime_universal_compiler_runtime_clean.asm(10) : error A2008:syntax error : global
D:\rawrxd\history\runoff\part_0015\d__RawrXD-production-lazy-init_compilers_runtime_universal_compiler_runtime_clean.asm(11) : error A2034:must be in segment block
D:\rawrxd\history\runoff\part_0015\d__RawrXD-production-lazy-init_compilers_runtime_universal_compiler_runtime_clean.asm(12) : error A2034:must be in segment block
D:\rawrxd\history\runoff\part_0015\d__RawrXD-production-lazy-init_compilers_runtime_universal_compiler_runtime_clean.asm(13) : error A2034:must be in segment block
D:\rawrxd\history\runoff\part_0015\d__RawrXD-production-lazy-init_compilers_runtime_universal_compiler_runtime_clean.asm(14) : error A2034:must be in segment block
D:\rawrxd\history\runoff\part_0015\d__RawrXD-production-lazy-init_compilers_runtime_universal_compiler_runtime_clean.asm(15) : error A2034:must be in segment block
D:\rawrxd\history\runoff\part_0015\d__RawrXD-production-lazy-init_compilers_runtime_universal_compiler_runtime_clean.asm(16) : error A2034:must be in segment block
D:\rawrxd\history\runoff\part_0015\d__RawrXD-production-lazy-init_compilers_runtime_universal_compiler_runtime_clean.asm(18) : error A2034:must be in segment block
D:\rawrxd\history\runoff\part_0015\d__RawrXD-production-lazy-init_compilers_runtime_universal_compiler_runtime_clean.asm(20) : error A2008:syntax error : section
D:\rawrxd\history\runoff\part_0015\d__RawrXD-production-lazy-init_compilers_runtime_universal_compiler_runtime_clean.asm(21) : error A2034:must be in segment block
D:\rawrxd\history\runoff\part_0015\d__RawrXD-production-lazy-init_compilers_runtime_universal_compiler_runtime_clean.asm(23) : error A2008:syntax error : section
D:\rawrxd\history\runoff\part_0015\d__RawrXD-production-lazy-init_compilers_runtime_universal_compiler_runtime_clean.asm(26) : error A2008:syntax error : global
D:\rawrxd\history\runoff\part_0015\d__RawrXD-production-lazy-init_compilers_runtime_universal_compiler_runtime_clean.asm(27) : error A2008:syntax error : global
D:\rawrxd\history\runoff\part_0015\d__RawrXD-production-lazy-init_compilers_runtime_universal_compiler_runtime_clean.asm(28) : error A2008:syntax error : global
D:\rawrxd\history\runoff\part_0015\d__RawrXD-production-lazy-init_compilers_runtime_universal_compiler_runtime_clean.asm(29) : error A2008:syntax error : global
D:\rawrxd\history\runoff\part_0015\d__RawrXD-production-lazy-init_compilers_runtime_universal_compiler_runtime_clean.asm(30) : error A2008:syntax error : global
D:\rawrxd\history\runoff\part_0015\d__RawrXD-production-lazy-init_compilers_runtime_universal_compiler_runtime_clean.asm(31) : error A2008:syntax error : global
D:\rawrxd\history\runoff\part_0015\d__RawrXD-production-lazy-init_compilers_runtime_universal_compiler_runtime_clean.asm(32) : error A2008:syntax error : global
D:\rawrxd\history\runoff\part_0015\d__RawrXD-production-lazy-init_compilers_runtime_universal_compiler_runtime_clean.asm(33) : error A2008:syntax error : global
D:\rawrxd\history\runoff\part_0015\d__RawrXD-production-lazy-init_compilers_runtime_universal_compiler_runtime_clean.asm(35) : error A2034:must be in segment block
D:\rawrxd\history\runoff\part_0015\d__RawrXD-production-lazy-init_compilers_runtime_universal_compiler_runtime_clean.asm(36) : error A2034:must be in segment block
D:\rawrxd\history\runoff\part_0015\d__RawrXD-production-lazy-init_compilers_runtime_universal_compiler_runtime_clean.asm(37) : error A2034:must be in segment block
D:\rawrxd\history\runoff\part_0015\d__RawrXD-production-lazy-init_compilers_runtime_universal_compiler_runtime_clean.asm(38) : error A2034:must be in segment block
D:\rawrxd\history\runoff\part_0015\d__RawrXD-production-lazy-init_compilers_runtime_universal_compiler_runtime_clean.asm(39) : error A2034:must be in segment block
D:\rawrxd\history\runoff\part_0015\d__RawrXD-production-lazy-init_compilers_runtime_universal_compiler_runtime_clean.asm(40) : error A2034:must be in segment block
D:\rawrxd\history\runoff\part_0015\d__RawrXD-production-lazy-init_compilers_runtime_universal_compiler_runtime_clean.asm(41) : error A2034:must be in segment block
D:\rawrxd\history\runoff\part_0015\d__RawrXD-production-lazy-init_compilers_runtime_universal_compiler_runtime_clean.asm(42) : error A2034:must be in segment block
D:\rawrxd\history\runoff\part_0015\d__RawrXD-production-lazy-init_compilers_runtime_universal_compiler_runtime_clean.asm(44) : error A2034:must be in segment block
D:\rawrxd\history\runoff\part_0015\d__RawrXD-production-lazy-init_compilers_runtime_universal_compiler_runtime_clean.asm(45) : error A2034:must be in segment block
D:\rawrxd\history\runoff\part_0015\d__RawrXD-production-lazy-init_compilers_runtime_universal_compiler_runtime_clean.asm(46) : error A2034:must be in segment block
D:\rawrxd\history\runoff\part_0015\d__RawrXD-production-lazy-init_compilers_runtime_universal_compiler_runtime_clean.asm(48) : error A2034:must be in segment block
D:\rawrxd\history\runoff\part_0015\d__RawrXD-production-lazy-init_compilers_runtime_universal_compiler_runtime_clean.asm(49) : error A2034:must be in segment block
D:\rawrxd\history\runoff\part_0015\d__RawrXD-production-lazy-init_compilers_runtime_universal_compiler_runtime_clean.asm(50) : error A2034:must be in segment block
D:\rawrxd\history\runoff\part_0015\d__RawrXD-production-lazy-init_compilers_runtime_universal_compiler_runtime_clean.asm(52) : error A2034:must be in segment block
D:\rawrxd\history\runoff\part_0015\d__RawrXD-production-lazy-init_compilers_runtime_universal_compiler_runtime_clean.asm(53) : error A2034:must be in segment block
D:\rawrxd\history\runoff\part_0015\d__RawrXD-production-lazy-init_compilers_runtime_universal_compiler_runtime_clean.asm(54) : error A2034:must be in segment block
D:\rawrxd\history\runoff\part_0015\d__RawrXD-production-lazy-init_compilers_runtime_universal_compiler_runtime_clean.asm(56) : error A2034:must be in segment block
D:\rawrxd\history\runoff\part_0015\d__RawrXD-production-lazy-init_compilers_runtime_universal_compiler_runtime_clean.asm(57) : error A2034:must be in segment block
D:\rawrxd\history\runoff\part_0015\d__RawrXD-production-lazy-init_compilers_runtime_universal_compiler_runtime_clean.asm(58) : error A2034:must be in segment block
D:\rawrxd\history\runoff\part_0015\d__RawrXD-production-lazy-init_compilers_runtime_universal_compiler_runtime_clean.asm(60) : error A2034:must be in segment block
D:\rawrxd\history\runoff\part_0015\d__RawrXD-production-lazy-init_compilers_runtime_universal_compiler_runtime_clean.asm(61) : error A2034:must be in segment block
D:\rawrxd\history\runoff\part_0015\d__RawrXD-production-lazy-init_compilers_runtime_universal_compiler_runtime_clean.asm(62) : error A2034:must be in segment block
D:\rawrxd\history\runoff\part_0015\d__RawrXD-production-lazy-init_compilers_runtime_universal_compiler_runtime_clean.asm(64) : error A2034:must be in segment block
D:\rawrxd\history\runoff\part_0015\d__RawrXD-production-lazy-init_compilers_runtime_universal_compiler_runtime_clean.asm(65) : error A2034:must be in segment block
D:\rawrxd\history\runoff\part_0015\d__RawrXD-production-lazy-init_compilers_runtime_universal_compiler_runtime_clean.asm(66) : error A2034:must be in segment block
D:\rawrxd\history\runoff\part_0015\d__RawrXD-production-lazy-init_compilers_runtime_universal_compiler_runtime_clean.asm(68) : error A2034:must be in segment block
D:\rawrxd\history\runoff\part_0015\d__RawrXD-production-lazy-init_compilers_runtime_universal_compiler_runtime_clean.asm(69) : error A2034:must be in segment block
D:\rawrxd\history\runoff\part_0015\d__RawrXD-production-lazy-init_compilers_runtime_universal_compiler_runtime_clean.asm(70) : error A2034:must be in segment block
D:\rawrxd\history\runoff\part_0015\d__RawrXD-production-lazy-init_compilers_runtime_universal_compiler_runtime_clean.asm(73) : error A2008:syntax error : global
D:\rawrxd\history\runoff\part_0015\d__RawrXD-production-lazy-init_compilers_runtime_universal_compiler_runtime_clean.asm(74) : error A2008:syntax error : global
D:\rawrxd\history\runoff\part_0015\d__RawrXD-production-lazy-init_compilers_runtime_universal_compiler_runtime_clean.asm(75) : error A2008:syntax error : global
D:\rawrxd\history\runoff\part_0015\d__RawrXD-production-lazy-init_compilers_runtime_universal_compiler_runtime_clean.asm(76) : error A2008:syntax error : global
D:\rawrxd\history\runoff\part_0015\d__RawrXD-production-lazy-init_compilers_runtime_universal_compiler_runtime_clean.asm(77) : error A2008:syntax error : global
D:\rawrxd\history\runoff\part_0015\d__RawrXD-production-lazy-init_compilers_runtime_universal_compiler_runtime_clean.asm(78) : error A2008:syntax error : global
D:\rawrxd\history\runoff\part_0015\d__RawrXD-production-lazy-init_compilers_runtime_universal_compiler_runtime_clean.asm(80) : error A2034:must be in segment block
D:\rawrxd\history\runoff\part_0015\d__RawrXD-production-lazy-init_compilers_runtime_universal_compiler_runtime_clean.asm(81) : error A2034:must be in segment block
D:\rawrxd\history\runoff\part_0015\d__RawrXD-production-lazy-init_compilers_runtime_universal_compiler_runtime_clean.asm(82) : error A2034:must be in segment block
D:\rawrxd\history\runoff\part_0015\d__RawrXD-production-lazy-init_compilers_runtime_universal_compiler_runtime_clean.asm(84) : error A2034:must be in segment block
D:\rawrxd\history\runoff\part_0015\d__RawrXD-production-lazy-init_compilers_runtime_universal_compiler_runtime_clean.asm(85) : error A2034:must be in segment block
D:\rawrxd\history\runoff\part_0015\d__RawrXD-production-lazy-init_compilers_runtime_universal_compiler_runtime_clean.asm(86) : error A2034:must be in segment block
D:\rawrxd\history\runoff\part_0015\d__RawrXD-production-lazy-init_compilers_runtime_universal_compiler_runtime_clean.asm(88) : error A2034:must be in segment block
D:\rawrxd\history\runoff\part_0015\d__RawrXD-production-lazy-init_compilers_runtime_universal_compiler_runtime_clean.asm(89) : error A2034:must be in segment block
D:\rawrxd\history\runoff\part_0015\d__RawrXD-production-lazy-init_compilers_runtime_universal_compiler_runtime_clean.asm(90) : error A2034:must be in segment block
D:\rawrxd\history\runoff\part_0015\d__RawrXD-production-lazy-init_compilers_runtime_universal_compiler_runtime_clean.asm(92) : error A2034:must be in segment block
D:\rawrxd\history\runoff\part_0015\d__RawrXD-production-lazy-init_compilers_runtime_universal_compiler_runtime_clean.asm(93) : error A2034:must be in segment block
D:\rawrxd\history\runoff\part_0015\d__RawrXD-production-lazy-init_compilers_runtime_universal_compiler_runtime_clean.asm(94) : error A2034:must be in segment block
D:\rawrxd\history\runoff\part_0015\d__RawrXD-production-lazy-init_compilers_runtime_universal_compiler_runtime_clean.asm(96) : error A2034:must be in segment block
D:\rawrxd\history\runoff\part_0015\d__RawrXD-production-lazy-init_compilers_runtime_universal_compiler_runtime_clean.asm(97) : error A2034:must be in segment block
D:\rawrxd\history\runoff\part_0015\d__RawrXD-production-lazy-init_compilers_runtime_universal_compiler_runtime_clean.asm(98) : error A2034:must be in segment block
D:\rawrxd\history\runoff\part_0015\d__RawrXD-production-lazy-init_compilers_runtime_universal_compiler_runtime_clean.asm(100) : error A2034:must be in segment block
D:\rawrxd\history\runoff\part_0015\d__RawrXD-production-lazy-init_compilers_runtime_universal_compiler_runtime_clean.asm(101) : error A2034:must be in segment block
D:\rawrxd\history\runoff\part_0015\d__RawrXD-production-lazy-init_compilers_runtime_universal_compiler_runtime_clean.asm(102) : error A2034:must be in segment block
D:\rawrxd\history\runoff\part_0015\d__RawrXD-production-lazy-init_compilers_runtime_universal_compiler_runtime_clean.asm(105) : error A2008:syntax error : global
D:\rawrxd\history\runoff\part_0015\d__RawrXD-production-lazy-init_compilers_runtime_universal_compiler_runtime_clean.asm(106) : error A2008:syntax error : global
D:\rawrxd\history\runoff\part_0015\d__RawrXD-production-lazy-init_compilers_runtime_universal_compiler_runtime_clean.asm(107) : error A2008:syntax error : global
D:\rawrxd\history\runoff\part_0015\d__RawrXD-production-lazy-init_compilers_runtime_universal_compiler_runtime_clean.asm(108) : error A2008:syntax error : global
D:\rawrxd\history\runoff\part_0015\d__RawrXD-production-lazy-init_compilers_runtime_universal_compiler_runtime_clean.asm(109) : error A2008:syntax error : global
D:\rawrxd\history\runoff\part_0015\d__RawrXD-production-lazy-init_compilers_runtime_universal_compiler_runtime_clean.asm(110) : error A2008:syntax error : global
D:\rawrxd\history\runoff\part_0015\d__RawrXD-production-lazy-init_compilers_runtime_universal_compiler_runtime_clean.asm(112) : error A2034:must be in segment block
D:\rawrxd\history\runoff\part_0015\d__RawrXD-production-lazy-init_compilers_runtime_universal_compiler_runtime_clean.asm(113) : error A2034:must be in segment block
D:\rawrxd\history\runoff\part_0015\d__RawrXD-production-lazy-init_compilers_runtime_universal_compiler_runtime_clean.asm(114) : error A2034:must be in segment block
D:\rawrxd\history\runoff\part_0015\d__RawrXD-production-lazy-init_compilers_runtime_universal_compiler_runtime_clean.asm(115) : error A2034:must be in segment block
D:\rawrxd\history\runoff\part_0015\d__RawrXD-production-lazy-init_compilers_runtime_universal_compiler_runtime_clean.asm(116) : error A2034:must be in segment block
D:\rawrxd\history\runoff\part_0015\d__RawrXD-production-lazy-init_compilers_runtime_universal_compiler_runtime_clean.asm(117) : error A2034:must be in segment block
D:\rawrxd\history\runoff\part_0015\d__RawrXD-production-lazy-init_compilers_runtime_universal_compiler_runtime_clean.asm(118) : error A2034:must be in segment block
D:\rawrxd\history\runoff\part_0015\d__RawrXD-production-lazy-init_compilers_runtime_universal_compiler_runtime_clean.asm(119) : error A2034:must be in segment block
D:\rawrxd\history\runoff\part_0015\d__RawrXD-production-lazy-init_compilers_runtime_universal_compiler_runtime_clean.asm(120) : error A2034:must be in segment block
D:\rawrxd\history\runoff\part_0015\d__RawrXD-production-lazy-init_compilers_runtime_universal_compiler_runtime_clean.asm(121) : error A2034:must be in segment block
D:\rawrxd\history\runoff\part_0015\d__RawrXD-production-lazy-init_compilers_runtime_universal_compiler_runtime_clean.asm(122) : error A2008:syntax error : .
D:\rawrxd\history\runoff\part_0015\d__RawrXD-production-lazy-init_compilers_runtime_universal_compiler_runtime_clean.asm(123) : error A2034:must be in segment block
D:\rawrxd\history\runoff\part_0015\d__RawrXD-production-lazy-init_compilers_runtime_universal_compiler_runtime_clean.asm(124) : error A2034:must be in segment block
D:\rawrxd\history\runoff\part_0015\d__RawrXD-production-lazy-init_compilers_runtime_universal_compiler_runtime_clean.asm(126) : error A2034:must be in segment block
D:\rawrxd\history\runoff\part_0015\d__RawrXD-production-lazy-init_compilers_runtime_universal_compiler_runtime_clean.asm(127) : error A2034:must be in segment block
D:\rawrxd\history\runoff\part_0015\d__RawrXD-production-lazy-init_compilers_runtime_universal_compiler_runtime_clean.asm(129) : error A2034:must be in segment block
D:\rawrxd\history\runoff\part_0015\d__RawrXD-production-lazy-init_compilers_runtime_universal_compiler_runtime_clean.asm(130) : error A2034:must be in segment block
D:\rawrxd\history\runoff\part_0015\d__RawrXD-production-lazy-init_compilers_runtime_universal_compiler_runtime_clean.asm(131) : error A2034:must be in segment block
D:\rawrxd\history\runoff\part_0015\d__RawrXD-production-lazy-init_compilers_runtime_universal_compiler_runtime_clean.asm(132) : fatal error A1012:error count exceeds 100; stopping assembly
