 Assembling: D:\rawrxd\history\runoff\part_0019\d__RawrXD-tools_rawrxd_probe.asm
D:\rawrxd\history\runoff\part_0019\d__RawrXD-tools_rawrxd_probe.asm(32) : error A2008:syntax error : .
D:\rawrxd\history\runoff\part_0019\d__RawrXD-tools_rawrxd_probe.asm(83) : error A2008:syntax error : IF
D:\rawrxd\history\runoff\part_0019\d__RawrXD-tools_rawrxd_probe.asm(89) : error A2008:syntax error : .
D:\rawrxd\history\runoff\part_0019\d__RawrXD-tools_rawrxd_probe.asm(123) : error A2008:syntax error : invoke
D:\rawrxd\history\runoff\part_0019\d__RawrXD-tools_rawrxd_probe.asm(127) : error A2008:syntax error : invoke
D:\rawrxd\history\runoff\part_0019\d__RawrXD-tools_rawrxd_probe.asm(129) : error A2008:syntax error : CommandLineToArgvW
D:\rawrxd\history\runoff\part_0019\d__RawrXD-tools_rawrxd_probe.asm(132) : error A2045:missing angle bracket or brace in literal
D:\rawrxd\history\runoff\part_0019\d__RawrXD-tools_rawrxd_probe.asm(133) : error A2008:syntax error : invoke
D:\rawrxd\history\runoff\part_0019\d__RawrXD-tools_rawrxd_probe.asm(135) : error A2008:syntax error : .
D:\rawrxd\history\runoff\part_0019\d__RawrXD-tools_rawrxd_probe.asm(140) : error A2008:syntax error : WideCharToMultiByte
D:\rawrxd\history\runoff\part_0019\d__RawrXD-tools_rawrxd_probe.asm(143) : error A2008:syntax error : invoke
D:\rawrxd\history\runoff\part_0019\d__RawrXD-tools_rawrxd_probe.asm(149) : error A2008:syntax error : invoke
D:\rawrxd\history\runoff\part_0019\d__RawrXD-tools_rawrxd_probe.asm(152) : error A2008:syntax error : invoke
D:\rawrxd\history\runoff\part_0019\d__RawrXD-tools_rawrxd_probe.asm(154) : error A2008:syntax error : MapViewOfFile
D:\rawrxd\history\runoff\part_0019\d__RawrXD-tools_rawrxd_probe.asm(165) : error A2008:syntax error : invoke
D:\rawrxd\history\runoff\part_0019\d__RawrXD-tools_rawrxd_probe.asm(170) : error A2008:syntax error : invoke
D:\rawrxd\history\runoff\part_0019\d__RawrXD-tools_rawrxd_probe.asm(171) : error A2008:syntax error : printf
D:\rawrxd\history\runoff\part_0019\d__RawrXD-tools_rawrxd_probe.asm(176) : error A2008:syntax error : printf
D:\rawrxd\history\runoff\part_0019\d__RawrXD-tools_rawrxd_probe.asm(181) : error A2008:syntax error : printf
D:\rawrxd\history\runoff\part_0019\d__RawrXD-tools_rawrxd_probe.asm(193) : error A2008:syntax error : IF
D:\rawrxd\history\runoff\part_0019\d__RawrXD-tools_rawrxd_probe.asm(195) : error A2008:syntax error : printf
D:\rawrxd\history\runoff\part_0019\d__RawrXD-tools_rawrxd_probe.asm(197) : error A2008:syntax error : .
D:\rawrxd\history\runoff\part_0019\d__RawrXD-tools_rawrxd_probe.asm(218) : error A2008:syntax error : printf
D:\rawrxd\history\runoff\part_0019\d__RawrXD-tools_rawrxd_probe.asm(231) : error A2008:syntax error : invoke
D:\rawrxd\history\runoff\part_0019\d__RawrXD-tools_rawrxd_probe.asm(237) : error A2008:syntax error : invoke
D:\rawrxd\history\runoff\part_0019\d__RawrXD-tools_rawrxd_probe.asm(245) : error A2008:syntax error : IF
D:\rawrxd\history\runoff\part_0019\d__RawrXD-tools_rawrxd_probe.asm(247) : error A2008:syntax error : printf
D:\rawrxd\history\runoff\part_0019\d__RawrXD-tools_rawrxd_probe.asm(249) : error A2008:syntax error : invoke
D:\rawrxd\history\runoff\part_0019\d__RawrXD-tools_rawrxd_probe.asm(250) : error A2044:invalid character in file
D:\rawrxd\history\runoff\part_0019\d__RawrXD-tools_rawrxd_probe.asm(251) : error A2008:syntax error : invoke
D:\rawrxd\history\runoff\part_0019\d__RawrXD-tools_rawrxd_probe.asm(252) : error A2008:syntax error : .
D:\rawrxd\history\runoff\part_0019\d__RawrXD-tools_rawrxd_probe.asm(253) : error A2008:syntax error : .
D:\rawrxd\history\runoff\part_0019\d__RawrXD-tools_rawrxd_probe.asm(260) : error A2008:syntax error : printf
D:\rawrxd\history\runoff\part_0019\d__RawrXD-tools_rawrxd_probe.asm(261) : error A2008:syntax error : .
D:\rawrxd\history\runoff\part_0019\d__RawrXD-tools_rawrxd_probe.asm(286) : error A2008:syntax error : printf
D:\rawrxd\history\runoff\part_0019\d__RawrXD-tools_rawrxd_probe.asm(291) : error A2008:syntax error : printf
D:\rawrxd\history\runoff\part_0019\d__RawrXD-tools_rawrxd_probe.asm(292) : error A2008:syntax error : invoke
D:\rawrxd\history\runoff\part_0019\d__RawrXD-tools_rawrxd_probe.asm(318) : error A2008:syntax error : printf
D:\rawrxd\history\runoff\part_0019\d__RawrXD-tools_rawrxd_probe.asm(319) : error A2008:syntax error : invoke
D:\rawrxd\history\runoff\part_0019\d__RawrXD-tools_rawrxd_probe.asm(322) : error A2008:syntax error : .
D:\rawrxd\history\runoff\part_0019\d__RawrXD-tools_rawrxd_probe.asm(323) : error A2008:syntax error : invoke
D:\rawrxd\history\runoff\part_0019\d__RawrXD-tools_rawrxd_probe.asm(324) : error A2008:syntax error : .
D:\rawrxd\history\runoff\part_0019\d__RawrXD-tools_rawrxd_probe.asm(325) : error A2008:syntax error : .
D:\rawrxd\history\runoff\part_0019\d__RawrXD-tools_rawrxd_probe.asm(326) : error A2008:syntax error : invoke
D:\rawrxd\history\runoff\part_0019\d__RawrXD-tools_rawrxd_probe.asm(327) : error A2008:syntax error : .
D:\rawrxd\history\runoff\part_0019\d__RawrXD-tools_rawrxd_probe.asm(328) : error A2008:syntax error : .
D:\rawrxd\history\runoff\part_0019\d__RawrXD-tools_rawrxd_probe.asm(329) : error A2008:syntax error : invoke
D:\rawrxd\history\runoff\part_0019\d__RawrXD-tools_rawrxd_probe.asm(330) : error A2008:syntax error : .
D:\rawrxd\history\runoff\part_0019\d__RawrXD-tools_rawrxd_probe.asm(331) : error A2008:syntax error : invoke
D:\rawrxd\history\runoff\part_0019\d__RawrXD-tools_rawrxd_probe.asm(334) : error A2008:syntax error : invoke
D:\rawrxd\history\runoff\part_0019\d__RawrXD-tools_rawrxd_probe.asm(338) : error A2008:syntax error : invoke
D:\rawrxd\history\runoff\part_0019\d__RawrXD-tools_rawrxd_probe.asm(341) : warning A6001:no return from procedure
D:\rawrxd\history\runoff\part_0019\d__RawrXD-tools_rawrxd_probe.asm(145) : error A2006:undefined symbol : INVALID_HANDLE_VALUE
D:\rawrxd\history\runoff\part_0019\d__RawrXD-tools_rawrxd_probe.asm(160) : error A2206:missing operator in expression
