 Assembling: D:\rawrxd\history\runoff\part_0011\d__rawrxd_src_asm_memory_patch.asm
D:\rawrxd\history\runoff\part_0011\d__rawrxd_src_asm_memory_patch.asm(126) : error A2189:invalid combination with segment alignment : 64
D:\rawrxd\history\runoff\part_0011\d__rawrxd_src_asm_memory_patch.asm(136) : error A2189:invalid combination with segment alignment : 32
D:\rawrxd\history\runoff\part_0011\d__rawrxd_src_asm_memory_patch.asm(205) : error A2008:syntax error : .
D:\rawrxd\history\runoff\part_0011\d__rawrxd_src_asm_memory_patch.asm(215) : error A2008:syntax error : .
D:\rawrxd\history\runoff\part_0011\d__rawrxd_src_asm_memory_patch.asm(226) : error A2008:syntax error : .
D:\rawrxd\history\runoff\part_0011\d__rawrxd_src_asm_memory_patch.asm(235) : error A2008:syntax error : .
D:\rawrxd\history\runoff\part_0011\d__rawrxd_src_asm_memory_patch.asm(240) : error A2008:syntax error : .
D:\rawrxd\history\runoff\part_0011\d__rawrxd_src_asm_memory_patch.asm(245) : error A2008:syntax error : .
D:\rawrxd\history\runoff\part_0011\d__rawrxd_src_asm_memory_patch.asm(249) : error A2008:syntax error : .
D:\rawrxd\history\runoff\part_0011\d__rawrxd_src_asm_memory_patch.asm(261) : error A2008:syntax error : .
D:\rawrxd\history\runoff\part_0011\d__rawrxd_src_asm_memory_patch.asm(273) : error A2008:syntax error : .
D:\rawrxd\history\runoff\part_0011\d__rawrxd_src_asm_memory_patch.asm(287) : error A2008:syntax error : .
D:\rawrxd\history\runoff\part_0011\d__rawrxd_src_asm_memory_patch.asm(292) : error A2008:syntax error : .
D:\rawrxd\history\runoff\part_0011\d__rawrxd_src_asm_memory_patch.asm(304) : error A2008:syntax error : .
D:\rawrxd\history\runoff\part_0011\d__rawrxd_src_asm_memory_patch.asm(308) : error A2008:syntax error : .
D:\rawrxd\history\runoff\part_0011\d__rawrxd_src_asm_memory_patch.asm(312) : error A2008:syntax error : .
D:\rawrxd\history\runoff\part_0011\d__rawrxd_src_asm_memory_patch.asm(316) : error A2008:syntax error : .
D:\rawrxd\history\runoff\part_0011\d__rawrxd_src_asm_memory_patch.asm(320) : error A2008:syntax error : .
D:\rawrxd\history\runoff\part_0011\d__rawrxd_src_asm_memory_patch.asm(324) : error A2008:syntax error : .
D:\rawrxd\history\runoff\part_0011\d__rawrxd_src_asm_memory_patch.asm(530) : error A2008:syntax error : .
D:\rawrxd\history\runoff\part_0011\d__rawrxd_src_asm_memory_patch.asm(550) : error A2008:syntax error : .
D:\rawrxd\history\runoff\part_0011\d__rawrxd_src_asm_memory_patch.asm(561) : error A2008:syntax error : .
D:\rawrxd\history\runoff\part_0011\d__rawrxd_src_asm_memory_patch.asm(582) : error A2008:syntax error : .
D:\rawrxd\history\runoff\part_0011\d__rawrxd_src_asm_memory_patch.asm(626) : error A2008:syntax error : .
D:\rawrxd\history\runoff\part_0011\d__rawrxd_src_asm_memory_patch.asm(631) : error A2008:syntax error : .
D:\rawrxd\history\runoff\part_0011\d__rawrxd_src_asm_memory_patch.asm(650) : error A2008:syntax error : .
D:\rawrxd\history\runoff\part_0011\d__rawrxd_src_asm_memory_patch.asm(659) : error A2008:syntax error : .
D:\rawrxd\history\runoff\part_0011\d__rawrxd_src_asm_memory_patch.asm(706) : error A2008:syntax error : .
D:\rawrxd\history\runoff\part_0011\d__rawrxd_src_asm_memory_patch.asm(50) : error A2006:undefined symbol : asm_revert_memory_patch_autonomous
D:\rawrxd\history\runoff\part_0011\d__rawrxd_src_asm_memory_patch.asm(51) : error A2006:undefined symbol : asm_safe_memread_simd
D:\rawrxd\history\runoff\part_0011\d__rawrxd_src_asm_memory_patch.asm(52) : error A2006:undefined symbol : asm_detect_memory_conflicts
D:\rawrxd\history\runoff\part_0011\d__rawrxd_src_asm_memory_patch.asm(53) : error A2006:undefined symbol : asm_validate_patch_integrity
D:\rawrxd\history\runoff\part_0011\d__rawrxd_src_asm_memory_patch.asm(54) : error A2006:undefined symbol : asm_optimize_cache_locality
D:\rawrxd\history\runoff\part_0011\d__rawrxd_src_asm_memory_patch.asm(55) : error A2006:undefined symbol : asm_monitor_patch_performance
D:\rawrxd\history\runoff\part_0011\d__rawrxd_src_asm_memory_patch.asm(56) : error A2006:undefined symbol : asm_autonomous_memory_heal
D:\rawrxd\history\runoff\part_0011\d__rawrxd_src_asm_memory_patch.asm(57) : error A2006:undefined symbol : asm_simd_bulk_patch_apply
D:\rawrxd\history\runoff\part_0011\d__rawrxd_src_asm_memory_patch.asm(58) : error A2006:undefined symbol : asm_hardware_transactional_patch
D:\rawrxd\history\runoff\part_0011\d__rawrxd_src_asm_memory_patch.asm(180) : error A2006:undefined symbol : error_null_dest
D:\rawrxd\history\runoff\part_0011\d__rawrxd_src_asm_memory_patch.asm(182) : error A2006:undefined symbol : error_null_src
D:\rawrxd\history\runoff\part_0011\d__rawrxd_src_asm_memory_patch.asm(184) : error A2006:undefined symbol : error_zero_size
D:\rawrxd\history\runoff\part_0011\d__rawrxd_src_asm_memory_patch.asm(186) : error A2006:undefined symbol : error_too_large
D:\rawrxd\history\runoff\part_0011\d__rawrxd_src_asm_memory_patch.asm(196) : error A2006:undefined symbol : skip_conflict_check
D:\rawrxd\history\runoff\part_0011\d__rawrxd_src_asm_memory_patch.asm(203) : error A2006:undefined symbol : handle_conflict
D:\rawrxd\history\runoff\part_0011\d__rawrxd_src_asm_memory_patch.asm(208) : error A2006:undefined symbol : skip_cache_opt
D:\rawrxd\history\runoff\part_0011\d__rawrxd_src_asm_memory_patch.asm(219) : error A2006:undefined symbol : use_avx512_patch
D:\rawrxd\history\runoff\part_0011\d__rawrxd_src_asm_memory_patch.asm(221) : error A2006:undefined symbol : use_avx2_patch
D:\rawrxd\history\runoff\part_0011\d__rawrxd_src_asm_memory_patch.asm(223) : error A2006:undefined symbol : use_sse2_patch
D:\rawrxd\history\runoff\part_0011\d__rawrxd_src_asm_memory_patch.asm(224) : error A2006:undefined symbol : use_standard_patch
D:\rawrxd\history\runoff\part_0011\d__rawrxd_src_asm_memory_patch.asm(229) : error A2006:undefined symbol : use_avx2_patch
D:\rawrxd\history\runoff\part_0011\d__rawrxd_src_asm_memory_patch.asm(233) : error A2006:undefined symbol : patch_complete
D:\rawrxd\history\runoff\part_0011\d__rawrxd_src_asm_memory_patch.asm(237) : error A2006:undefined symbol : apply_patch_avx2
D:\rawrxd\history\runoff\part_0011\d__rawrxd_src_asm_memory_patch.asm(238) : error A2006:undefined symbol : patch_complete
D:\rawrxd\history\runoff\part_0011\d__rawrxd_src_asm_memory_patch.asm(242) : error A2006:undefined symbol : apply_patch_sse2
D:\rawrxd\history\runoff\part_0011\d__rawrxd_src_asm_memory_patch.asm(243) : error A2006:undefined symbol : patch_complete
D:\rawrxd\history\runoff\part_0011\d__rawrxd_src_asm_memory_patch.asm(251) : error A2006:undefined symbol : cleanup_on_error
D:\rawrxd\history\runoff\part_0011\d__rawrxd_src_asm_memory_patch.asm(258) : error A2006:undefined symbol : no_simd_used
D:\rawrxd\history\runoff\part_0011\d__rawrxd_src_asm_memory_patch.asm(271) : error A2006:undefined symbol : cleanup_success
D:\rawrxd\history\runoff\part_0011\d__rawrxd_src_asm_memory_patch.asm(276) : error A2006:undefined symbol : error_conflict_detected
D:\rawrxd\history\runoff\part_0011\d__rawrxd_src_asm_memory_patch.asm(282) : error A2006:undefined symbol : resolve_memory_conflict_autonomous
D:\rawrxd\history\runoff\part_0011\d__rawrxd_src_asm_memory_patch.asm(284) : error A2006:undefined symbol : skip_conflict_check
D:\rawrxd\history\runoff\part_0011\d__rawrxd_src_asm_memory_patch.asm(285) : error A2006:undefined symbol : error_conflict_unresolvable
D:\rawrxd\history\runoff\part_0011\d__rawrxd_src_asm_memory_patch.asm(306) : error A2006:undefined symbol : cleanup_success
D:\rawrxd\history\runoff\part_0011\d__rawrxd_src_asm_memory_patch.asm(310) : error A2006:undefined symbol : cleanup_success
D:\rawrxd\history\runoff\part_0011\d__rawrxd_src_asm_memory_patch.asm(314) : error A2006:undefined symbol : cleanup_success
D:\rawrxd\history\runoff\part_0011\d__rawrxd_src_asm_memory_patch.asm(318) : error A2006:undefined symbol : cleanup_success
D:\rawrxd\history\runoff\part_0011\d__rawrxd_src_asm_memory_patch.asm(322) : error A2006:undefined symbol : cleanup_success
D:\rawrxd\history\runoff\part_0011\d__rawrxd_src_asm_memory_patch.asm(326) : error A2006:undefined symbol : cleanup_success
D:\rawrxd\history\runoff\part_0011\d__rawrxd_src_asm_memory_patch.asm(523) : error A2006:undefined symbol : vp_failed
D:\rawrxd\history\runoff\part_0011\d__rawrxd_src_asm_memory_patch.asm(532) : error A2006:undefined symbol : handle_remainder
D:\rawrxd\history\runoff\part_0011\d__rawrxd_src_asm_memory_patch.asm(548) : error A2006:undefined symbol : avx512_loop
D:\rawrxd\history\runoff\part_0011\d__rawrxd_src_asm_memory_patch.asm(555) : error A2006:undefined symbol : avx512_done
D:\rawrxd\history\runoff\part_0011\d__rawrxd_src_asm_memory_patch.asm(607) : error A2006:undefined symbol : no_conflict
D:\rawrxd\history\runoff\part_0011\d__rawrxd_src_asm_memory_patch.asm(617) : error A2006:undefined symbol : no_conflict
D:\rawrxd\history\runoff\part_0011\d__rawrxd_src_asm_memory_patch.asm(619) : error A2006:undefined symbol : no_conflict
D:\rawrxd\history\runoff\part_0011\d__rawrxd_src_asm_memory_patch.asm(624) : error A2006:undefined symbol : conflict_done
D:\rawrxd\history\runoff\part_0011\d__rawrxd_src_asm_memory_patch.asm(652) : error A2006:undefined symbol : prefetch_done
D:\rawrxd\history\runoff\part_0011\d__rawrxd_src_asm_memory_patch.asm(657) : error A2006:undefined symbol : prefetch_loop
D:\rawrxd\history\runoff\part_0011\d__rawrxd_src_asm_memory_patch.asm(680) : error A2006:undefined symbol : vp_failed_std
