 Assembling: D:\rawrxd\history\runoff\part_0017\d__RawrXD-production-lazy-init_src_masm_cli_access_system.asm
D:\rawrxd\history\runoff\part_0017\d__RawrXD-production-lazy-init_src_masm_cli_access_system.asm(333) : error A2008:syntax error : .
D:\rawrxd\history\runoff\part_0017\d__RawrXD-production-lazy-init_src_masm_cli_access_system.asm(352) : error A2008:syntax error : .
D:\rawrxd\history\runoff\part_0017\d__RawrXD-production-lazy-init_src_masm_cli_access_system.asm(359) : error A2008:syntax error : .
D:\rawrxd\history\runoff\part_0017\d__RawrXD-production-lazy-init_src_masm_cli_access_system.asm(376) : error A2008:syntax error : .
D:\rawrxd\history\runoff\part_0017\d__RawrXD-production-lazy-init_src_masm_cli_access_system.asm(390) : error A2008:syntax error : .
D:\rawrxd\history\runoff\part_0017\d__RawrXD-production-lazy-init_src_masm_cli_access_system.asm(397) : error A2008:syntax error : .
D:\rawrxd\history\runoff\part_0017\d__RawrXD-production-lazy-init_src_masm_cli_access_system.asm(402) : error A2008:syntax error : .
D:\rawrxd\history\runoff\part_0017\d__RawrXD-production-lazy-init_src_masm_cli_access_system.asm(415) : error A2008:syntax error : .
D:\rawrxd\history\runoff\part_0017\d__RawrXD-production-lazy-init_src_masm_cli_access_system.asm(427) : error A2008:syntax error : .
D:\rawrxd\history\runoff\part_0017\d__RawrXD-production-lazy-init_src_masm_cli_access_system.asm(434) : error A2008:syntax error : .
D:\rawrxd\history\runoff\part_0017\d__RawrXD-production-lazy-init_src_masm_cli_access_system.asm(447) : error A2008:syntax error : .
D:\rawrxd\history\runoff\part_0017\d__RawrXD-production-lazy-init_src_masm_cli_access_system.asm(451) : error A2008:syntax error : .
D:\rawrxd\history\runoff\part_0017\d__RawrXD-production-lazy-init_src_masm_cli_access_system.asm(454) : error A2008:syntax error : .
D:\rawrxd\history\runoff\part_0017\d__RawrXD-production-lazy-init_src_masm_cli_access_system.asm(476) : error A2008:syntax error : .
D:\rawrxd\history\runoff\part_0017\d__RawrXD-production-lazy-init_src_masm_cli_access_system.asm(497) : error A2008:syntax error : .
D:\rawrxd\history\runoff\part_0017\d__RawrXD-production-lazy-init_src_masm_cli_access_system.asm(809) : error A2008:syntax error : .
D:\rawrxd\history\runoff\part_0017\d__RawrXD-production-lazy-init_src_masm_cli_access_system.asm(818) : error A2008:syntax error : .
D:\rawrxd\history\runoff\part_0017\d__RawrXD-production-lazy-init_src_masm_cli_access_system.asm(823) : error A2008:syntax error : .
D:\rawrxd\history\runoff\part_0017\d__RawrXD-production-lazy-init_src_masm_cli_access_system.asm(913) : error A2008:syntax error : .
D:\rawrxd\history\runoff\part_0017\d__RawrXD-production-lazy-init_src_masm_cli_access_system.asm(917) : error A2008:syntax error : .
D:\rawrxd\history\runoff\part_0017\d__RawrXD-production-lazy-init_src_masm_cli_access_system.asm(921) : error A2008:syntax error : .
D:\rawrxd\history\runoff\part_0017\d__RawrXD-production-lazy-init_src_masm_cli_access_system.asm(925) : error A2008:syntax error : .
D:\rawrxd\history\runoff\part_0017\d__RawrXD-production-lazy-init_src_masm_cli_access_system.asm(928) : error A2008:syntax error : .
D:\rawrxd\history\runoff\part_0017\d__RawrXD-production-lazy-init_src_masm_cli_access_system.asm(990) : error A2008:syntax error : .
D:\rawrxd\history\runoff\part_0017\d__RawrXD-production-lazy-init_src_masm_cli_access_system.asm(1004) : error A2008:syntax error : .
D:\rawrxd\history\runoff\part_0017\d__RawrXD-production-lazy-init_src_masm_cli_access_system.asm(1010) : error A2008:syntax error : .
D:\rawrxd\history\runoff\part_0017\d__RawrXD-production-lazy-init_src_masm_cli_access_system.asm(1014) : error A2008:syntax error : .
D:\rawrxd\history\runoff\part_0017\d__RawrXD-production-lazy-init_src_masm_cli_access_system.asm(1139) : error A2008:syntax error : .
D:\rawrxd\history\runoff\part_0017\d__RawrXD-production-lazy-init_src_masm_cli_access_system.asm(1144) : error A2008:syntax error : .
D:\rawrxd\history\runoff\part_0017\d__RawrXD-production-lazy-init_src_masm_cli_access_system.asm(1149) : error A2008:syntax error : .
D:\rawrxd\history\runoff\part_0017\d__RawrXD-production-lazy-init_src_masm_cli_access_system.asm(1153) : error A2008:syntax error : .
D:\rawrxd\history\runoff\part_0017\d__RawrXD-production-lazy-init_src_masm_cli_access_system.asm(1239) : error A2008:syntax error : .
D:\rawrxd\history\runoff\part_0017\d__RawrXD-production-lazy-init_src_masm_cli_access_system.asm(1281) : error A2008:syntax error : .
D:\rawrxd\history\runoff\part_0017\d__RawrXD-production-lazy-init_src_masm_cli_access_system.asm(1287) : error A2008:syntax error : .
D:\rawrxd\history\runoff\part_0017\d__RawrXD-production-lazy-init_src_masm_cli_access_system.asm(1310) : error A2008:syntax error : .
D:\rawrxd\history\runoff\part_0017\d__RawrXD-production-lazy-init_src_masm_cli_access_system.asm(1318) : error A2008:syntax error : .
D:\rawrxd\history\runoff\part_0017\d__RawrXD-production-lazy-init_src_masm_cli_access_system.asm(1321) : error A2008:syntax error : .
D:\rawrxd\history\runoff\part_0017\d__RawrXD-production-lazy-init_src_masm_cli_access_system.asm(1327) : error A2008:syntax error : .
D:\rawrxd\history\runoff\part_0017\d__RawrXD-production-lazy-init_src_masm_cli_access_system.asm(1340) : error A2008:syntax error : .
D:\rawrxd\history\runoff\part_0017\d__RawrXD-production-lazy-init_src_masm_cli_access_system.asm(1348) : error A2008:syntax error : .
D:\rawrxd\history\runoff\part_0017\d__RawrXD-production-lazy-init_src_masm_cli_access_system.asm(1351) : error A2008:syntax error : .
D:\rawrxd\history\runoff\part_0017\d__RawrXD-production-lazy-init_src_masm_cli_access_system.asm(1357) : error A2008:syntax error : .
D:\rawrxd\history\runoff\part_0017\d__RawrXD-production-lazy-init_src_masm_cli_access_system.asm(1425) : error A2008:syntax error : .
D:\rawrxd\history\runoff\part_0017\d__RawrXD-production-lazy-init_src_masm_cli_access_system.asm(1438) : error A2008:syntax error : .
D:\rawrxd\history\runoff\part_0017\d__RawrXD-production-lazy-init_src_masm_cli_access_system.asm(319) : error A2006:undefined symbol : done
D:\rawrxd\history\runoff\part_0017\d__RawrXD-production-lazy-init_src_masm_cli_access_system.asm(327) : error A2006:undefined symbol : done
D:\rawrxd\history\runoff\part_0017\d__RawrXD-production-lazy-init_src_masm_cli_access_system.asm(356) : error A2006:undefined symbol : copy_done
D:\rawrxd\history\runoff\part_0017\d__RawrXD-production-lazy-init_src_masm_cli_access_system.asm(357) : error A2006:undefined symbol : copy_loop
D:\rawrxd\history\runoff\part_0017\d__RawrXD-production-lazy-init_src_masm_cli_access_system.asm(378) : error A2006:undefined symbol : not_found
D:\rawrxd\history\runoff\part_0017\d__RawrXD-production-lazy-init_src_masm_cli_access_system.asm(385) : error A2006:undefined symbol : found
D:\rawrxd\history\runoff\part_0017\d__RawrXD-production-lazy-init_src_masm_cli_access_system.asm(388) : error A2006:undefined symbol : find_loop
D:\rawrxd\history\runoff\part_0017\d__RawrXD-production-lazy-init_src_masm_cli_access_system.asm(395) : error A2006:undefined symbol : done
D:\rawrxd\history\runoff\part_0017\d__RawrXD-production-lazy-init_src_masm_cli_access_system.asm(422) : error A2006:undefined symbol : check_dl
D:\rawrxd\history\runoff\part_0017\d__RawrXD-production-lazy-init_src_masm_cli_access_system.asm(424) : error A2006:undefined symbol : check_dl
D:\rawrxd\history\runoff\part_0017\d__RawrXD-production-lazy-init_src_masm_cli_access_system.asm(429) : error A2006:undefined symbol : compare
D:\rawrxd\history\runoff\part_0017\d__RawrXD-production-lazy-init_src_masm_cli_access_system.asm(431) : error A2006:undefined symbol : compare
D:\rawrxd\history\runoff\part_0017\d__RawrXD-production-lazy-init_src_masm_cli_access_system.asm(436) : error A2006:undefined symbol : not_equal
D:\rawrxd\history\runoff\part_0017\d__RawrXD-production-lazy-init_src_masm_cli_access_system.asm(439) : error A2006:undefined symbol : equal
D:\rawrxd\history\runoff\part_0017\d__RawrXD-production-lazy-init_src_masm_cli_access_system.asm(443) : error A2006:undefined symbol : equal
D:\rawrxd\history\runoff\part_0017\d__RawrXD-production-lazy-init_src_masm_cli_access_system.asm(445) : error A2006:undefined symbol : compare_loop
D:\rawrxd\history\runoff\part_0017\d__RawrXD-production-lazy-init_src_masm_cli_access_system.asm(449) : error A2006:undefined symbol : done
D:\rawrxd\history\runoff\part_0017\d__RawrXD-production-lazy-init_src_masm_cli_access_system.asm(478) : error A2006:undefined symbol : done
D:\rawrxd\history\runoff\part_0017\d__RawrXD-production-lazy-init_src_masm_cli_access_system.asm(495) : error A2006:undefined symbol : help_loop
D:\rawrxd\history\runoff\part_0017\d__RawrXD-production-lazy-init_src_masm_cli_access_system.asm(538) : error A2006:undefined symbol : ui_save_editor_to_file
D:\rawrxd\history\runoff\part_0017\d__RawrXD-production-lazy-init_src_masm_cli_access_system.asm(800) : error A2006:undefined symbol : emit_signal
D:\rawrxd\history\runoff\part_0017\d__RawrXD-production-lazy-init_src_masm_cli_access_system.asm(805) : error A2006:undefined symbol : connect_signal
D:\rawrxd\history\runoff\part_0017\d__RawrXD-production-lazy-init_src_masm_cli_access_system.asm(807) : error A2006:undefined symbol : done
D:\rawrxd\history\runoff\part_0017\d__RawrXD-production-lazy-init_src_masm_cli_access_system.asm(816) : error A2006:undefined symbol : done
D:\rawrxd\history\runoff\part_0017\d__RawrXD-production-lazy-init_src_masm_cli_access_system.asm(894) : error A2006:undefined symbol : list_files
D:\rawrxd\history\runoff\part_0017\d__RawrXD-production-lazy-init_src_masm_cli_access_system.asm(899) : error A2006:undefined symbol : list_agents
D:\rawrxd\history\runoff\part_0017\d__RawrXD-production-lazy-init_src_masm_cli_access_system.asm(904) : error A2006:undefined symbol : list_menus
D:\rawrxd\history\runoff\part_0017\d__RawrXD-production-lazy-init_src_masm_cli_access_system.asm(909) : error A2006:undefined symbol : list_widgets
D:\rawrxd\history\runoff\part_0017\d__RawrXD-production-lazy-init_src_masm_cli_access_system.asm(911) : error A2006:undefined symbol : done
D:\rawrxd\history\runoff\part_0017\d__RawrXD-production-lazy-init_src_masm_cli_access_system.asm(915) : error A2006:undefined symbol : done
D:\rawrxd\history\runoff\part_0017\d__RawrXD-production-lazy-init_src_masm_cli_access_system.asm(919) : error A2006:undefined symbol : done
D:\rawrxd\history\runoff\part_0017\d__RawrXD-production-lazy-init_src_masm_cli_access_system.asm(923) : error A2006:undefined symbol : done
D:\rawrxd\history\runoff\part_0017\d__RawrXD-production-lazy-init_src_masm_cli_access_system.asm(992) : error A2006:undefined symbol : not_found
D:\rawrxd\history\runoff\part_0017\d__RawrXD-production-lazy-init_src_masm_cli_access_system.asm(999) : error A2006:undefined symbol : found
D:\rawrxd\history\runoff\part_0017\d__RawrXD-production-lazy-init_src_masm_cli_access_system.asm(1002) : error A2006:undefined symbol : search_loop
D:\rawrxd\history\runoff\part_0017\d__RawrXD-production-lazy-init_src_masm_cli_access_system.asm(1008) : error A2006:undefined symbol : done
D:\rawrxd\history\runoff\part_0017\d__RawrXD-production-lazy-init_src_masm_cli_access_system.asm(1023) : error A2006:undefined symbol : ui_open_file_dialog
D:\rawrxd\history\runoff\part_0017\d__RawrXD-production-lazy-init_src_masm_cli_access_system.asm(1028) : error A2006:undefined symbol : ui_save_editor_to_file
D:\rawrxd\history\runoff\part_0017\d__RawrXD-production-lazy-init_src_masm_cli_access_system.asm(1033) : error A2006:undefined symbol : ui_save_file_dialog
D:\rawrxd\history\runoff\part_0017\d__RawrXD-production-lazy-init_src_masm_cli_access_system.asm(1044) : error A2006:undefined symbol : ui_clear_chat
D:\rawrxd\history\runoff\part_0017\d__RawrXD-production-lazy-init_src_masm_cli_access_system.asm(1104) : error A2006:undefined symbol : ui_open_folder_dialog
D:\rawrxd\history\runoff\part_0017\d__RawrXD-production-lazy-init_src_masm_cli_access_system.asm(1125) : error A2006:undefined symbol : widget_editor
D:\rawrxd\history\runoff\part_0017\d__RawrXD-production-lazy-init_src_masm_cli_access_system.asm(1130) : error A2006:undefined symbol : widget_chat
D:\rawrxd\history\runoff\part_0017\d__RawrXD-production-lazy-init_src_masm_cli_access_system.asm(1135) : error A2006:undefined symbol : widget_terminal
D:\rawrxd\history\runoff\part_0017\d__RawrXD-production-lazy-init_src_masm_cli_access_system.asm(1137) : error A2006:undefined symbol : done
D:\rawrxd\history\runoff\part_0017\d__RawrXD-production-lazy-init_src_masm_cli_access_system.asm(1142) : error A2006:undefined symbol : done
D:\rawrxd\history\runoff\part_0017\d__RawrXD-production-lazy-init_src_masm_cli_access_system.asm(1147) : error A2006:undefined symbol : done
D:\rawrxd\history\runoff\part_0017\d__RawrXD-production-lazy-init_src_masm_cli_access_system.asm(1218) : error A2006:undefined symbol : done
D:\rawrxd\history\runoff\part_0017\d__RawrXD-production-lazy-init_src_masm_cli_access_system.asm(1222) : error A2022:instruction operands must be the same size
D:\rawrxd\history\runoff\part_0017\d__RawrXD-production-lazy-init_src_masm_cli_access_system.asm(1223) : error A2006:undefined symbol : done
D:\rawrxd\history\runoff\part_0017\d__RawrXD-production-lazy-init_src_masm_cli_access_system.asm(1232) : error A2006:undefined symbol : done
D:\rawrxd\history\runoff\part_0017\d__RawrXD-production-lazy-init_src_masm_cli_access_system.asm(1283) : error A2006:undefined symbol : len_done
D:\rawrxd\history\runoff\part_0017\d__RawrXD-production-lazy-init_src_masm_cli_access_system.asm(1285) : error A2006:undefined symbol : len_loop
D:\rawrxd\history\runoff\part_0017\d__RawrXD-production-lazy-init_src_masm_cli_access_system.asm(1312) : error A2006:undefined symbol : done
D:\rawrxd\history\runoff\part_0017\d__RawrXD-production-lazy-init_src_masm_cli_access_system.asm(1314) : error A2006:undefined symbol : found_space
D:\rawrxd\history\runoff\part_0017\d__RawrXD-production-lazy-init_src_masm_cli_access_system.asm(1316) : error A2006:undefined symbol : skip_cmd
D:\rawrxd\history\runoff\part_0017\d__RawrXD-production-lazy-init_src_masm_cli_access_system.asm(1323) : fatal error A1012:error count exceeds 100; stopping assembly
