 Assembling: D:\rawrxd\history\runoff\part_0017\d__RawrXD-production-lazy-init_src_masm_language_scaffolders.asm
D:\rawrxd\history\runoff\part_0017\d__RawrXD-production-lazy-init_src_masm_language_scaffolders.asm(166) : error A2008:syntax error : invoke
D:\rawrxd\history\runoff\part_0017\d__RawrXD-production-lazy-init_src_masm_language_scaffolders.asm(170) : error A2008:syntax error : invoke
D:\rawrxd\history\runoff\part_0017\d__RawrXD-production-lazy-init_src_masm_language_scaffolders.asm(171) : error A2008:syntax error : WriteFile
D:\rawrxd\history\runoff\part_0017\d__RawrXD-production-lazy-init_src_masm_language_scaffolders.asm(172) : error A2008:syntax error : invoke
D:\rawrxd\history\runoff\part_0017\d__RawrXD-production-lazy-init_src_masm_language_scaffolders.asm(184) : error A2008:syntax error : invoke
D:\rawrxd\history\runoff\part_0017\d__RawrXD-production-lazy-init_src_masm_language_scaffolders.asm(192) : error A2008:syntax error : integer
D:\rawrxd\history\runoff\part_0017\d__RawrXD-production-lazy-init_src_masm_language_scaffolders.asm(194) : error A2008:syntax error : invoke
D:\rawrxd\history\runoff\part_0017\d__RawrXD-production-lazy-init_src_masm_language_scaffolders.asm(196) : error A2008:syntax error : wsprintfA
D:\rawrxd\history\runoff\part_0017\d__RawrXD-production-lazy-init_src_masm_language_scaffolders.asm(197) : error A2008:syntax error : lstrcatA
D:\rawrxd\history\runoff\part_0017\d__RawrXD-production-lazy-init_src_masm_language_scaffolders.asm(198) : error A2008:syntax error : lstrcatA
D:\rawrxd\history\runoff\part_0017\d__RawrXD-production-lazy-init_src_masm_language_scaffolders.asm(199) : error A2008:syntax error : WriteFileStr
D:\rawrxd\history\runoff\part_0017\d__RawrXD-production-lazy-init_src_masm_language_scaffolders.asm(201) : error A2008:syntax error : wsprintfA
D:\rawrxd\history\runoff\part_0017\d__RawrXD-production-lazy-init_src_masm_language_scaffolders.asm(202) : error A2008:syntax error : lstrcatA
D:\rawrxd\history\runoff\part_0017\d__RawrXD-production-lazy-init_src_masm_language_scaffolders.asm(203) : error A2008:syntax error : lstrcatA
D:\rawrxd\history\runoff\part_0017\d__RawrXD-production-lazy-init_src_masm_language_scaffolders.asm(204) : error A2008:syntax error : WriteFileStr
D:\rawrxd\history\runoff\part_0017\d__RawrXD-production-lazy-init_src_masm_language_scaffolders.asm(214) : error A2008:syntax error : integer
D:\rawrxd\history\runoff\part_0017\d__RawrXD-production-lazy-init_src_masm_language_scaffolders.asm(216) : error A2008:syntax error : invoke
D:\rawrxd\history\runoff\part_0017\d__RawrXD-production-lazy-init_src_masm_language_scaffolders.asm(218) : error A2008:syntax error : wsprintfA
D:\rawrxd\history\runoff\part_0017\d__RawrXD-production-lazy-init_src_masm_language_scaffolders.asm(219) : error A2008:syntax error : lstrcatA
D:\rawrxd\history\runoff\part_0017\d__RawrXD-production-lazy-init_src_masm_language_scaffolders.asm(220) : error A2008:syntax error : lstrcatA
D:\rawrxd\history\runoff\part_0017\d__RawrXD-production-lazy-init_src_masm_language_scaffolders.asm(221) : error A2008:syntax error : WriteFileStr
D:\rawrxd\history\runoff\part_0017\d__RawrXD-production-lazy-init_src_masm_language_scaffolders.asm(231) : error A2008:syntax error : integer
D:\rawrxd\history\runoff\part_0017\d__RawrXD-production-lazy-init_src_masm_language_scaffolders.asm(233) : error A2008:syntax error : invoke
D:\rawrxd\history\runoff\part_0017\d__RawrXD-production-lazy-init_src_masm_language_scaffolders.asm(235) : error A2008:syntax error : wsprintfA
D:\rawrxd\history\runoff\part_0017\d__RawrXD-production-lazy-init_src_masm_language_scaffolders.asm(236) : error A2008:syntax error : lstrcatA
D:\rawrxd\history\runoff\part_0017\d__RawrXD-production-lazy-init_src_masm_language_scaffolders.asm(237) : error A2008:syntax error : lstrcatA
D:\rawrxd\history\runoff\part_0017\d__RawrXD-production-lazy-init_src_masm_language_scaffolders.asm(238) : error A2008:syntax error : invoke
D:\rawrxd\history\runoff\part_0017\d__RawrXD-production-lazy-init_src_masm_language_scaffolders.asm(240) : error A2008:syntax error : invoke
D:\rawrxd\history\runoff\part_0017\d__RawrXD-production-lazy-init_src_masm_language_scaffolders.asm(241) : error A2008:syntax error : lstrcatA
D:\rawrxd\history\runoff\part_0017\d__RawrXD-production-lazy-init_src_masm_language_scaffolders.asm(242) : error A2008:syntax error : lstrcatA
D:\rawrxd\history\runoff\part_0017\d__RawrXD-production-lazy-init_src_masm_language_scaffolders.asm(243) : error A2008:syntax error : WriteFileStr
D:\rawrxd\history\runoff\part_0017\d__RawrXD-production-lazy-init_src_masm_language_scaffolders.asm(245) : error A2008:syntax error : wsprintfA
D:\rawrxd\history\runoff\part_0017\d__RawrXD-production-lazy-init_src_masm_language_scaffolders.asm(246) : error A2008:syntax error : lstrcatA
D:\rawrxd\history\runoff\part_0017\d__RawrXD-production-lazy-init_src_masm_language_scaffolders.asm(247) : error A2008:syntax error : lstrcatA
D:\rawrxd\history\runoff\part_0017\d__RawrXD-production-lazy-init_src_masm_language_scaffolders.asm(248) : error A2008:syntax error : WriteFileStr
D:\rawrxd\history\runoff\part_0017\d__RawrXD-production-lazy-init_src_masm_language_scaffolders.asm(258) : error A2008:syntax error : integer
D:\rawrxd\history\runoff\part_0017\d__RawrXD-production-lazy-init_src_masm_language_scaffolders.asm(260) : error A2008:syntax error : invoke
D:\rawrxd\history\runoff\part_0017\d__RawrXD-production-lazy-init_src_masm_language_scaffolders.asm(262) : error A2008:syntax error : wsprintfA
D:\rawrxd\history\runoff\part_0017\d__RawrXD-production-lazy-init_src_masm_language_scaffolders.asm(263) : error A2008:syntax error : lstrcatA
D:\rawrxd\history\runoff\part_0017\d__RawrXD-production-lazy-init_src_masm_language_scaffolders.asm(264) : error A2008:syntax error : lstrcatA
D:\rawrxd\history\runoff\part_0017\d__RawrXD-production-lazy-init_src_masm_language_scaffolders.asm(265) : error A2008:syntax error : WriteFileStr
D:\rawrxd\history\runoff\part_0017\d__RawrXD-production-lazy-init_src_masm_language_scaffolders.asm(267) : error A2008:syntax error : wsprintfA
D:\rawrxd\history\runoff\part_0017\d__RawrXD-production-lazy-init_src_masm_language_scaffolders.asm(268) : error A2008:syntax error : lstrcatA
D:\rawrxd\history\runoff\part_0017\d__RawrXD-production-lazy-init_src_masm_language_scaffolders.asm(269) : error A2008:syntax error : lstrcatA
D:\rawrxd\history\runoff\part_0017\d__RawrXD-production-lazy-init_src_masm_language_scaffolders.asm(270) : error A2008:syntax error : WriteFileStr
D:\rawrxd\history\runoff\part_0017\d__RawrXD-production-lazy-init_src_masm_language_scaffolders.asm(280) : error A2008:syntax error : integer
D:\rawrxd\history\runoff\part_0017\d__RawrXD-production-lazy-init_src_masm_language_scaffolders.asm(282) : error A2008:syntax error : invoke
D:\rawrxd\history\runoff\part_0017\d__RawrXD-production-lazy-init_src_masm_language_scaffolders.asm(284) : error A2008:syntax error : wsprintfA
D:\rawrxd\history\runoff\part_0017\d__RawrXD-production-lazy-init_src_masm_language_scaffolders.asm(285) : error A2008:syntax error : lstrcatA
D:\rawrxd\history\runoff\part_0017\d__RawrXD-production-lazy-init_src_masm_language_scaffolders.asm(286) : error A2008:syntax error : lstrcatA
D:\rawrxd\history\runoff\part_0017\d__RawrXD-production-lazy-init_src_masm_language_scaffolders.asm(287) : error A2008:syntax error : WriteFileStr
D:\rawrxd\history\runoff\part_0017\d__RawrXD-production-lazy-init_src_masm_language_scaffolders.asm(289) : error A2008:syntax error : wsprintfA
D:\rawrxd\history\runoff\part_0017\d__RawrXD-production-lazy-init_src_masm_language_scaffolders.asm(290) : error A2008:syntax error : lstrcatA
D:\rawrxd\history\runoff\part_0017\d__RawrXD-production-lazy-init_src_masm_language_scaffolders.asm(291) : error A2008:syntax error : lstrcatA
D:\rawrxd\history\runoff\part_0017\d__RawrXD-production-lazy-init_src_masm_language_scaffolders.asm(292) : error A2008:syntax error : WriteFileStr
D:\rawrxd\history\runoff\part_0017\d__RawrXD-production-lazy-init_src_masm_language_scaffolders.asm(302) : error A2008:syntax error : integer
D:\rawrxd\history\runoff\part_0017\d__RawrXD-production-lazy-init_src_masm_language_scaffolders.asm(304) : error A2008:syntax error : invoke
D:\rawrxd\history\runoff\part_0017\d__RawrXD-production-lazy-init_src_masm_language_scaffolders.asm(306) : error A2008:syntax error : wsprintfA
D:\rawrxd\history\runoff\part_0017\d__RawrXD-production-lazy-init_src_masm_language_scaffolders.asm(307) : error A2008:syntax error : lstrcatA
D:\rawrxd\history\runoff\part_0017\d__RawrXD-production-lazy-init_src_masm_language_scaffolders.asm(308) : error A2008:syntax error : lstrcatA
D:\rawrxd\history\runoff\part_0017\d__RawrXD-production-lazy-init_src_masm_language_scaffolders.asm(309) : error A2008:syntax error : WriteFileStr
D:\rawrxd\history\runoff\part_0017\d__RawrXD-production-lazy-init_src_masm_language_scaffolders.asm(311) : error A2008:syntax error : wsprintfA
D:\rawrxd\history\runoff\part_0017\d__RawrXD-production-lazy-init_src_masm_language_scaffolders.asm(312) : error A2008:syntax error : lstrcatA
D:\rawrxd\history\runoff\part_0017\d__RawrXD-production-lazy-init_src_masm_language_scaffolders.asm(313) : error A2008:syntax error : lstrcatA
D:\rawrxd\history\runoff\part_0017\d__RawrXD-production-lazy-init_src_masm_language_scaffolders.asm(314) : error A2008:syntax error : WriteFileStr
D:\rawrxd\history\runoff\part_0017\d__RawrXD-production-lazy-init_src_masm_language_scaffolders.asm(324) : error A2008:syntax error : integer
D:\rawrxd\history\runoff\part_0017\d__RawrXD-production-lazy-init_src_masm_language_scaffolders.asm(326) : error A2008:syntax error : invoke
D:\rawrxd\history\runoff\part_0017\d__RawrXD-production-lazy-init_src_masm_language_scaffolders.asm(328) : error A2008:syntax error : wsprintfA
D:\rawrxd\history\runoff\part_0017\d__RawrXD-production-lazy-init_src_masm_language_scaffolders.asm(329) : error A2008:syntax error : lstrcatA
D:\rawrxd\history\runoff\part_0017\d__RawrXD-production-lazy-init_src_masm_language_scaffolders.asm(330) : error A2008:syntax error : lstrcatA
D:\rawrxd\history\runoff\part_0017\d__RawrXD-production-lazy-init_src_masm_language_scaffolders.asm(331) : error A2008:syntax error : invoke
D:\rawrxd\history\runoff\part_0017\d__RawrXD-production-lazy-init_src_masm_language_scaffolders.asm(333) : error A2008:syntax error : invoke
D:\rawrxd\history\runoff\part_0017\d__RawrXD-production-lazy-init_src_masm_language_scaffolders.asm(334) : error A2008:syntax error : lstrcatA
D:\rawrxd\history\runoff\part_0017\d__RawrXD-production-lazy-init_src_masm_language_scaffolders.asm(335) : error A2008:syntax error : lstrcatA
D:\rawrxd\history\runoff\part_0017\d__RawrXD-production-lazy-init_src_masm_language_scaffolders.asm(336) : error A2008:syntax error : WriteFileStr
D:\rawrxd\history\runoff\part_0017\d__RawrXD-production-lazy-init_src_masm_language_scaffolders.asm(338) : error A2008:syntax error : wsprintfA
D:\rawrxd\history\runoff\part_0017\d__RawrXD-production-lazy-init_src_masm_language_scaffolders.asm(339) : error A2008:syntax error : lstrcatA
D:\rawrxd\history\runoff\part_0017\d__RawrXD-production-lazy-init_src_masm_language_scaffolders.asm(340) : error A2008:syntax error : lstrcatA
D:\rawrxd\history\runoff\part_0017\d__RawrXD-production-lazy-init_src_masm_language_scaffolders.asm(341) : error A2008:syntax error : WriteFileStr
D:\rawrxd\history\runoff\part_0017\d__RawrXD-production-lazy-init_src_masm_language_scaffolders.asm(178) : warning A6004:procedure argument or local not referenced : path
D:\rawrxd\history\runoff\part_0017\d__RawrXD-production-lazy-init_src_masm_language_scaffolders.asm(178) : warning A6004:procedure argument or local not referenced : content
D:\rawrxd\history\runoff\part_0017\d__RawrXD-production-lazy-init_src_masm_language_scaffolders.asm(178) : warning A6004:procedure argument or local not referenced : bw
D:\rawrxd\history\runoff\part_0017\d__RawrXD-production-lazy-init_src_masm_language_scaffolders.asm(186) : warning A6004:procedure argument or local not referenced : path
D:\rawrxd\history\runoff\part_0017\d__RawrXD-production-lazy-init_src_masm_language_scaffolders.asm(208) : warning A6004:procedure argument or local not referenced : targetPath
D:\rawrxd\history\runoff\part_0017\d__RawrXD-production-lazy-init_src_masm_language_scaffolders.asm(225) : warning A6004:procedure argument or local not referenced : targetPath
D:\rawrxd\history\runoff\part_0017\d__RawrXD-production-lazy-init_src_masm_language_scaffolders.asm(252) : warning A6004:procedure argument or local not referenced : targetPath
D:\rawrxd\history\runoff\part_0017\d__RawrXD-production-lazy-init_src_masm_language_scaffolders.asm(274) : warning A6004:procedure argument or local not referenced : targetPath
D:\rawrxd\history\runoff\part_0017\d__RawrXD-production-lazy-init_src_masm_language_scaffolders.asm(296) : warning A6004:procedure argument or local not referenced : targetPath
D:\rawrxd\history\runoff\part_0017\d__RawrXD-production-lazy-init_src_masm_language_scaffolders.asm(318) : warning A6004:procedure argument or local not referenced : targetPath
D:\rawrxd\history\runoff\part_0017\d__RawrXD-production-lazy-init_src_masm_language_scaffolders.asm(345) : warning A6004:procedure argument or local not referenced : targetPath
