 Assembling: D:\rawrxd\history\runoff\part_0017\d__RawrXD-production-lazy-init_src_masm_ide_integration.asm
D:\rawrxd\history\runoff\part_0017\d__RawrXD-production-lazy-init_src_masm_ide_integration.asm(162) : error A2008:syntax error : LoadLibraryA
D:\rawrxd\history\runoff\part_0017\d__RawrXD-production-lazy-init_src_masm_ide_integration.asm(171) : error A2008:syntax error : invoke
D:\rawrxd\history\runoff\part_0017\d__RawrXD-production-lazy-init_src_masm_ide_integration.asm(172) : error A2008:syntax error : invoke
D:\rawrxd\history\runoff\part_0017\d__RawrXD-production-lazy-init_src_masm_ide_integration.asm(186) : error A2006:undefined symbol : WNDCLASSEX
D:\rawrxd\history\runoff\part_0017\d__RawrXD-production-lazy-init_src_masm_ide_integration.asm(186) : error A2195:parameter or local cannot have void type
D:\rawrxd\history\runoff\part_0017\d__RawrXD-production-lazy-init_src_masm_ide_integration.asm(195) : error A2008:syntax error : invoke
D:\rawrxd\history\runoff\part_0017\d__RawrXD-production-lazy-init_src_masm_ide_integration.asm(197) : error A2008:syntax error : invoke
D:\rawrxd\history\runoff\part_0017\d__RawrXD-production-lazy-init_src_masm_ide_integration.asm(204) : error A2008:syntax error : RegisterClassExA
D:\rawrxd\history\runoff\part_0017\d__RawrXD-production-lazy-init_src_masm_ide_integration.asm(212) : error A2008:syntax error : CreateWindowExA
D:\rawrxd\history\runoff\part_0017\d__RawrXD-production-lazy-init_src_masm_ide_integration.asm(231) : error A2008:syntax error : invoke
D:\rawrxd\history\runoff\part_0017\d__RawrXD-production-lazy-init_src_masm_ide_integration.asm(235) : error A2008:syntax error : invoke
D:\rawrxd\history\runoff\part_0017\d__RawrXD-production-lazy-init_src_masm_ide_integration.asm(237) : error A2008:syntax error : AppendMenuA
D:\rawrxd\history\runoff\part_0017\d__RawrXD-production-lazy-init_src_masm_ide_integration.asm(238) : error A2008:syntax error : AppendMenuA
D:\rawrxd\history\runoff\part_0017\d__RawrXD-production-lazy-init_src_masm_ide_integration.asm(239) : error A2008:syntax error : AppendMenuA
D:\rawrxd\history\runoff\part_0017\d__RawrXD-production-lazy-init_src_masm_ide_integration.asm(240) : error A2008:syntax error : AppendMenuA
D:\rawrxd\history\runoff\part_0017\d__RawrXD-production-lazy-init_src_masm_ide_integration.asm(241) : error A2008:syntax error : AppendMenuA
D:\rawrxd\history\runoff\part_0017\d__RawrXD-production-lazy-init_src_masm_ide_integration.asm(242) : error A2008:syntax error : AppendMenuA
D:\rawrxd\history\runoff\part_0017\d__RawrXD-production-lazy-init_src_masm_ide_integration.asm(243) : error A2008:syntax error : AppendMenuA
D:\rawrxd\history\runoff\part_0017\d__RawrXD-production-lazy-init_src_masm_ide_integration.asm(245) : error A2008:syntax error : AppendMenuA
D:\rawrxd\history\runoff\part_0017\d__RawrXD-production-lazy-init_src_masm_ide_integration.asm(248) : error A2008:syntax error : invoke
D:\rawrxd\history\runoff\part_0017\d__RawrXD-production-lazy-init_src_masm_ide_integration.asm(250) : error A2008:syntax error : AppendMenuA
D:\rawrxd\history\runoff\part_0017\d__RawrXD-production-lazy-init_src_masm_ide_integration.asm(251) : error A2008:syntax error : AppendMenuA
D:\rawrxd\history\runoff\part_0017\d__RawrXD-production-lazy-init_src_masm_ide_integration.asm(252) : error A2008:syntax error : AppendMenuA
D:\rawrxd\history\runoff\part_0017\d__RawrXD-production-lazy-init_src_masm_ide_integration.asm(253) : error A2008:syntax error : AppendMenuA
D:\rawrxd\history\runoff\part_0017\d__RawrXD-production-lazy-init_src_masm_ide_integration.asm(254) : error A2008:syntax error : AppendMenuA
D:\rawrxd\history\runoff\part_0017\d__RawrXD-production-lazy-init_src_masm_ide_integration.asm(256) : error A2008:syntax error : AppendMenuA
D:\rawrxd\history\runoff\part_0017\d__RawrXD-production-lazy-init_src_masm_ide_integration.asm(259) : error A2008:syntax error : invoke
D:\rawrxd\history\runoff\part_0017\d__RawrXD-production-lazy-init_src_masm_ide_integration.asm(261) : error A2008:syntax error : AppendMenuA
D:\rawrxd\history\runoff\part_0017\d__RawrXD-production-lazy-init_src_masm_ide_integration.asm(262) : error A2008:syntax error : AppendMenuA
D:\rawrxd\history\runoff\part_0017\d__RawrXD-production-lazy-init_src_masm_ide_integration.asm(263) : error A2008:syntax error : AppendMenuA
D:\rawrxd\history\runoff\part_0017\d__RawrXD-production-lazy-init_src_masm_ide_integration.asm(265) : error A2008:syntax error : AppendMenuA
D:\rawrxd\history\runoff\part_0017\d__RawrXD-production-lazy-init_src_masm_ide_integration.asm(268) : error A2008:syntax error : invoke
D:\rawrxd\history\runoff\part_0017\d__RawrXD-production-lazy-init_src_masm_ide_integration.asm(270) : error A2008:syntax error : AppendMenuA
D:\rawrxd\history\runoff\part_0017\d__RawrXD-production-lazy-init_src_masm_ide_integration.asm(271) : error A2008:syntax error : AppendMenuA
D:\rawrxd\history\runoff\part_0017\d__RawrXD-production-lazy-init_src_masm_ide_integration.asm(272) : error A2008:syntax error : AppendMenuA
D:\rawrxd\history\runoff\part_0017\d__RawrXD-production-lazy-init_src_masm_ide_integration.asm(273) : error A2008:syntax error : AppendMenuA
D:\rawrxd\history\runoff\part_0017\d__RawrXD-production-lazy-init_src_masm_ide_integration.asm(275) : error A2008:syntax error : AppendMenuA
D:\rawrxd\history\runoff\part_0017\d__RawrXD-production-lazy-init_src_masm_ide_integration.asm(278) : error A2008:syntax error : invoke
D:\rawrxd\history\runoff\part_0017\d__RawrXD-production-lazy-init_src_masm_ide_integration.asm(280) : error A2008:syntax error : AppendMenuA
D:\rawrxd\history\runoff\part_0017\d__RawrXD-production-lazy-init_src_masm_ide_integration.asm(282) : error A2008:syntax error : AppendMenuA
D:\rawrxd\history\runoff\part_0017\d__RawrXD-production-lazy-init_src_masm_ide_integration.asm(284) : error A2008:syntax error : invoke
D:\rawrxd\history\runoff\part_0017\d__RawrXD-production-lazy-init_src_masm_ide_integration.asm(292) : error A2008:syntax error : CreateWindowExA
D:\rawrxd\history\runoff\part_0017\d__RawrXD-production-lazy-init_src_masm_ide_integration.asm(294) : error A2008:syntax error : or
D:\rawrxd\history\runoff\part_0017\d__RawrXD-production-lazy-init_src_masm_ide_integration.asm(300) : error A2008:syntax error : SetWindowTextA
D:\rawrxd\history\runoff\part_0017\d__RawrXD-production-lazy-init_src_masm_ide_integration.asm(309) : error A2006:undefined symbol : MSG
D:\rawrxd\history\runoff\part_0017\d__RawrXD-production-lazy-init_src_masm_ide_integration.asm(309) : error A2195:parameter or local cannot have void type
D:\rawrxd\history\runoff\part_0017\d__RawrXD-production-lazy-init_src_masm_ide_integration.asm(312) : error A2008:syntax error : GetMessageA
D:\rawrxd\history\runoff\part_0017\d__RawrXD-production-lazy-init_src_masm_ide_integration.asm(315) : error A2008:syntax error : TranslateMessage
D:\rawrxd\history\runoff\part_0017\d__RawrXD-production-lazy-init_src_masm_ide_integration.asm(316) : error A2008:syntax error : DispatchMessageA
D:\rawrxd\history\runoff\part_0017\d__RawrXD-production-lazy-init_src_masm_ide_integration.asm(327) : error A2008:syntax error : if
D:\rawrxd\history\runoff\part_0017\d__RawrXD-production-lazy-init_src_masm_ide_integration.asm(328) : error A2008:syntax error : invoke
D:\rawrxd\history\runoff\part_0017\d__RawrXD-production-lazy-init_src_masm_ide_integration.asm(330) : error A2008:syntax error : elseif
D:\rawrxd\history\runoff\part_0017\d__RawrXD-production-lazy-init_src_masm_ide_integration.asm(332) : error A2008:syntax error : invoke
D:\rawrxd\history\runoff\part_0017\d__RawrXD-production-lazy-init_src_masm_ide_integration.asm(334) : error A2008:syntax error : elseif
D:\rawrxd\history\runoff\part_0017\d__RawrXD-production-lazy-init_src_masm_ide_integration.asm(336) : error A2008:syntax error : if
D:\rawrxd\history\runoff\part_0017\d__RawrXD-production-lazy-init_src_masm_ide_integration.asm(338) : error A2008:syntax error : elseif
D:\rawrxd\history\runoff\part_0017\d__RawrXD-production-lazy-init_src_masm_ide_integration.asm(340) : error A2008:syntax error : elseif
D:\rawrxd\history\runoff\part_0017\d__RawrXD-production-lazy-init_src_masm_ide_integration.asm(342) : error A2008:syntax error : elseif
D:\rawrxd\history\runoff\part_0017\d__RawrXD-production-lazy-init_src_masm_ide_integration.asm(344) : error A2008:syntax error : elseif
D:\rawrxd\history\runoff\part_0017\d__RawrXD-production-lazy-init_src_masm_ide_integration.asm(345) : error A2008:syntax error : invoke
D:\rawrxd\history\runoff\part_0017\d__RawrXD-production-lazy-init_src_masm_ide_integration.asm(346) : error A2008:syntax error : elseif
D:\rawrxd\history\runoff\part_0017\d__RawrXD-production-lazy-init_src_masm_ide_integration.asm(347) : error A2008:syntax error : invoke
D:\rawrxd\history\runoff\part_0017\d__RawrXD-production-lazy-init_src_masm_ide_integration.asm(348) : error A2008:syntax error : elseif
D:\rawrxd\history\runoff\part_0017\d__RawrXD-production-lazy-init_src_masm_ide_integration.asm(349) : error A2008:syntax error : invoke
D:\rawrxd\history\runoff\part_0017\d__RawrXD-production-lazy-init_src_masm_ide_integration.asm(350) : error A2008:syntax error : elseif
D:\rawrxd\history\runoff\part_0017\d__RawrXD-production-lazy-init_src_masm_ide_integration.asm(351) : error A2008:syntax error : invoke
D:\rawrxd\history\runoff\part_0017\d__RawrXD-production-lazy-init_src_masm_ide_integration.asm(352) : error A2008:syntax error : elseif
D:\rawrxd\history\runoff\part_0017\d__RawrXD-production-lazy-init_src_masm_ide_integration.asm(353) : error A2008:syntax error : invoke
D:\rawrxd\history\runoff\part_0017\d__RawrXD-production-lazy-init_src_masm_ide_integration.asm(354) : error A2008:syntax error : elseif
D:\rawrxd\history\runoff\part_0017\d__RawrXD-production-lazy-init_src_masm_ide_integration.asm(356) : error A2008:syntax error : elseif
D:\rawrxd\history\runoff\part_0017\d__RawrXD-production-lazy-init_src_masm_ide_integration.asm(358) : error A2008:syntax error : elseif
D:\rawrxd\history\runoff\part_0017\d__RawrXD-production-lazy-init_src_masm_ide_integration.asm(360) : error A2008:syntax error : elseif
D:\rawrxd\history\runoff\part_0017\d__RawrXD-production-lazy-init_src_masm_ide_integration.asm(362) : error A2008:syntax error : elseif
D:\rawrxd\history\runoff\part_0017\d__RawrXD-production-lazy-init_src_masm_ide_integration.asm(364) : error A2008:syntax error : elseif
D:\rawrxd\history\runoff\part_0017\d__RawrXD-production-lazy-init_src_masm_ide_integration.asm(366) : error A2008:syntax error : elseif
D:\rawrxd\history\runoff\part_0017\d__RawrXD-production-lazy-init_src_masm_ide_integration.asm(368) : error A2008:syntax error : elseif
D:\rawrxd\history\runoff\part_0017\d__RawrXD-production-lazy-init_src_masm_ide_integration.asm(370) : error A2008:syntax error : .
D:\rawrxd\history\runoff\part_0017\d__RawrXD-production-lazy-init_src_masm_ide_integration.asm(372) : error A2008:syntax error : .
D:\rawrxd\history\runoff\part_0017\d__RawrXD-production-lazy-init_src_masm_ide_integration.asm(374) : error A2008:syntax error : invoke
D:\rawrxd\history\runoff\part_0017\d__RawrXD-production-lazy-init_src_masm_ide_integration.asm(382) : error A2008:syntax error : SetWindowTextA
D:\rawrxd\history\runoff\part_0017\d__RawrXD-production-lazy-init_src_masm_ide_integration.asm(391) : error A2006:undefined symbol : OPENFILENAME
D:\rawrxd\history\runoff\part_0017\d__RawrXD-production-lazy-init_src_masm_ide_integration.asm(391) : error A2195:parameter or local cannot have void type
D:\rawrxd\history\runoff\part_0017\d__RawrXD-production-lazy-init_src_masm_ide_integration.asm(403) : error A2008:syntax error : GetOpenFileNameA
D:\rawrxd\history\runoff\part_0017\d__RawrXD-production-lazy-init_src_masm_ide_integration.asm(420) : error A2008:syntax error : CreateFileA
D:\rawrxd\history\runoff\part_0017\d__RawrXD-production-lazy-init_src_masm_ide_integration.asm(425) : error A2008:syntax error : invoke
D:\rawrxd\history\runoff\part_0017\d__RawrXD-production-lazy-init_src_masm_ide_integration.asm(430) : error A2008:syntax error : ReadFile
D:\rawrxd\history\runoff\part_0017\d__RawrXD-production-lazy-init_src_masm_ide_integration.asm(431) : error A2008:syntax error : invoke
D:\rawrxd\history\runoff\part_0017\d__RawrXD-production-lazy-init_src_masm_ide_integration.asm(435) : error A2008:syntax error : SetWindowTextA
D:\rawrxd\history\runoff\part_0017\d__RawrXD-production-lazy-init_src_masm_ide_integration.asm(440) : error A2008:syntax error : invoke
D:\rawrxd\history\runoff\part_0017\d__RawrXD-production-lazy-init_src_masm_ide_integration.asm(443) : error A2008:syntax error : MessageBoxA
D:\rawrxd\history\runoff\part_0017\d__RawrXD-production-lazy-init_src_masm_ide_integration.asm(465) : error A2006:undefined symbol : OPENFILENAME
D:\rawrxd\history\runoff\part_0017\d__RawrXD-production-lazy-init_src_masm_ide_integration.asm(465) : error A2195:parameter or local cannot have void type
D:\rawrxd\history\runoff\part_0017\d__RawrXD-production-lazy-init_src_masm_ide_integration.asm(477) : error A2008:syntax error : GetSaveFileNameA
D:\rawrxd\history\runoff\part_0017\d__RawrXD-production-lazy-init_src_masm_ide_integration.asm(493) : error A2008:syntax error : CreateFileA
D:\rawrxd\history\runoff\part_0017\d__RawrXD-production-lazy-init_src_masm_ide_integration.asm(498) : error A2008:syntax error : GetWindowTextA
D:\rawrxd\history\runoff\part_0017\d__RawrXD-production-lazy-init_src_masm_ide_integration.asm(501) : error A2008:syntax error : WriteFile
D:\rawrxd\history\runoff\part_0017\d__RawrXD-production-lazy-init_src_masm_ide_integration.asm(502) : error A2008:syntax error : invoke
D:\rawrxd\history\runoff\part_0017\d__RawrXD-production-lazy-init_src_masm_ide_integration.asm(508) : error A2008:syntax error : MessageBoxA
D:\rawrxd\history\runoff\part_0017\d__RawrXD-production-lazy-init_src_masm_ide_integration.asm(517) : error A2008:syntax error : MessageBoxA
D:\rawrxd\history\runoff\part_0017\d__RawrXD-production-lazy-init_src_masm_ide_integration.asm(526) : error A2008:syntax error : MessageBoxA
D:\rawrxd\history\runoff\part_0017\d__RawrXD-production-lazy-init_src_masm_ide_integration.asm(535) : fatal error A1012:error count exceeds 100; stopping assembly
