 Assembling: D:\rawrxd\history\runoff\part_0017\d__RawrXD-production-lazy-init_src_masm_cpu_kernels_dot_avx2.asm
D:\rawrxd\history\runoff\part_0017\d__RawrXD-production-lazy-init_src_masm_cpu_kernels_dot_avx2.asm(1) : error A2008:syntax error : .
D:\rawrxd\history\runoff\part_0017\d__RawrXD-production-lazy-init_src_masm_cpu_kernels_dot_avx2.asm(8) : error A2034:must be in segment block : dot_avx2
D:\rawrxd\history\runoff\part_0017\d__RawrXD-production-lazy-init_src_masm_cpu_kernels_dot_avx2.asm(9) : error A2034:must be in segment block
D:\rawrxd\history\runoff\part_0017\d__RawrXD-production-lazy-init_src_masm_cpu_kernels_dot_avx2.asm(10) : error A2034:must be in segment block
D:\rawrxd\history\runoff\part_0017\d__RawrXD-production-lazy-init_src_masm_cpu_kernels_dot_avx2.asm(11) : error A2034:must be in segment block
D:\rawrxd\history\runoff\part_0017\d__RawrXD-production-lazy-init_src_masm_cpu_kernels_dot_avx2.asm(13) : error A2034:must be in segment block
D:\rawrxd\history\runoff\part_0017\d__RawrXD-production-lazy-init_src_masm_cpu_kernels_dot_avx2.asm(15) : error A2034:must be in segment block
D:\rawrxd\history\runoff\part_0017\d__RawrXD-production-lazy-init_src_masm_cpu_kernels_dot_avx2.asm(17) : error A2034:must be in segment block
D:\rawrxd\history\runoff\part_0017\d__RawrXD-production-lazy-init_src_masm_cpu_kernels_dot_avx2.asm(18) : error A2034:must be in segment block
D:\rawrxd\history\runoff\part_0017\d__RawrXD-production-lazy-init_src_masm_cpu_kernels_dot_avx2.asm(20) : error A2034:must be in segment block
D:\rawrxd\history\runoff\part_0017\d__RawrXD-production-lazy-init_src_masm_cpu_kernels_dot_avx2.asm(21) : error A2034:must be in segment block
D:\rawrxd\history\runoff\part_0017\d__RawrXD-production-lazy-init_src_masm_cpu_kernels_dot_avx2.asm(22) : error A2034:must be in segment block
D:\rawrxd\history\runoff\part_0017\d__RawrXD-production-lazy-init_src_masm_cpu_kernels_dot_avx2.asm(23) : error A2034:must be in segment block
D:\rawrxd\history\runoff\part_0017\d__RawrXD-production-lazy-init_src_masm_cpu_kernels_dot_avx2.asm(24) : error A2034:must be in segment block
D:\rawrxd\history\runoff\part_0017\d__RawrXD-production-lazy-init_src_masm_cpu_kernels_dot_avx2.asm(25) : error A2034:must be in segment block
D:\rawrxd\history\runoff\part_0017\d__RawrXD-production-lazy-init_src_masm_cpu_kernels_dot_avx2.asm(26) : error A2034:must be in segment block
D:\rawrxd\history\runoff\part_0017\d__RawrXD-production-lazy-init_src_masm_cpu_kernels_dot_avx2.asm(27) : error A2034:must be in segment block
D:\rawrxd\history\runoff\part_0017\d__RawrXD-production-lazy-init_src_masm_cpu_kernels_dot_avx2.asm(28) : error A2034:must be in segment block
D:\rawrxd\history\runoff\part_0017\d__RawrXD-production-lazy-init_src_masm_cpu_kernels_dot_avx2.asm(29) : error A2034:must be in segment block
D:\rawrxd\history\runoff\part_0017\d__RawrXD-production-lazy-init_src_masm_cpu_kernels_dot_avx2.asm(32) : error A2034:must be in segment block
D:\rawrxd\history\runoff\part_0017\d__RawrXD-production-lazy-init_src_masm_cpu_kernels_dot_avx2.asm(33) : error A2034:must be in segment block
D:\rawrxd\history\runoff\part_0017\d__RawrXD-production-lazy-init_src_masm_cpu_kernels_dot_avx2.asm(34) : error A2034:must be in segment block
D:\rawrxd\history\runoff\part_0017\d__RawrXD-production-lazy-init_src_masm_cpu_kernels_dot_avx2.asm(35) : error A2034:must be in segment block
D:\rawrxd\history\runoff\part_0017\d__RawrXD-production-lazy-init_src_masm_cpu_kernels_dot_avx2.asm(37) : error A2034:must be in segment block
D:\rawrxd\history\runoff\part_0017\d__RawrXD-production-lazy-init_src_masm_cpu_kernels_dot_avx2.asm(38) : error A2034:must be in segment block
D:\rawrxd\history\runoff\part_0017\d__RawrXD-production-lazy-init_src_masm_cpu_kernels_dot_avx2.asm(40) : error A2034:must be in segment block
D:\rawrxd\history\runoff\part_0017\d__RawrXD-production-lazy-init_src_masm_cpu_kernels_dot_avx2.asm(42) : error A2034:must be in segment block
D:\rawrxd\history\runoff\part_0017\d__RawrXD-production-lazy-init_src_masm_cpu_kernels_dot_avx2.asm(43) : error A2034:must be in segment block
D:\rawrxd\history\runoff\part_0017\d__RawrXD-production-lazy-init_src_masm_cpu_kernels_dot_avx2.asm(44) : error A2034:must be in segment block
D:\rawrxd\history\runoff\part_0017\d__RawrXD-production-lazy-init_src_masm_cpu_kernels_dot_avx2.asm(45) : error A2034:must be in segment block
D:\rawrxd\history\runoff\part_0017\d__RawrXD-production-lazy-init_src_masm_cpu_kernels_dot_avx2.asm(47) : error A2034:must be in segment block
D:\rawrxd\history\runoff\part_0017\d__RawrXD-production-lazy-init_src_masm_cpu_kernels_dot_avx2.asm(48) : error A2034:must be in segment block
D:\rawrxd\history\runoff\part_0017\d__RawrXD-production-lazy-init_src_masm_cpu_kernels_dot_avx2.asm(49) : error A2034:must be in segment block
D:\rawrxd\history\runoff\part_0017\d__RawrXD-production-lazy-init_src_masm_cpu_kernels_dot_avx2.asm(50) : error A2034:must be in segment block
D:\rawrxd\history\runoff\part_0017\d__RawrXD-production-lazy-init_src_masm_cpu_kernels_dot_avx2.asm(51) : error A2034:must be in segment block
D:\rawrxd\history\runoff\part_0017\d__RawrXD-production-lazy-init_src_masm_cpu_kernels_dot_avx2.asm(52) : fatal error A1010:unmatched block nesting : dot_avx2
