 Assembling: D:\rawrxd\history\runoff\part_0014\d__RawrXD_src_Titan_Streaming_Orchestrator_Fixed.asm
D:\rawrxd\history\runoff\part_0014\d__RawrXD_src_Titan_Streaming_Orchestrator_Fixed.asm(4) : error A2008:syntax error : ALIGN
D:\rawrxd\history\runoff\part_0014\d__RawrXD_src_Titan_Streaming_Orchestrator_Fixed.asm(6) : error A2008:syntax error : WIN64
D:\rawrxd\history\runoff\part_0014\d__RawrXD_src_Titan_Streaming_Orchestrator_Fixed.asm(14) : error A2008:syntax error : ptr
D:\rawrxd\history\runoff\part_0014\d__RawrXD_src_Titan_Streaming_Orchestrator_Fixed.asm(15) : warning A6006:structure contains no members
D:\rawrxd\history\runoff\part_0014\d__RawrXD_src_Titan_Streaming_Orchestrator_Fixed.asm(23) : error A2008:syntax error : offset
D:\rawrxd\history\runoff\part_0014\d__RawrXD_src_Titan_Streaming_Orchestrator_Fixed.asm(26) : error A2008:syntax error : PVOID
D:\rawrxd\history\runoff\part_0014\d__RawrXD_src_Titan_Streaming_Orchestrator_Fixed.asm(28) : error A2008:syntax error : HANDLE
D:\rawrxd\history\runoff\part_0014\d__RawrXD_src_Titan_Streaming_Orchestrator_Fixed.asm(33) : error A2008:syntax error : Ipv4
D:\rawrxd\history\runoff\part_0014\d__RawrXD_src_Titan_Streaming_Orchestrator_Fixed.asm(34) : error A2008:syntax error : Ipv6
D:\rawrxd\history\runoff\part_0014\d__RawrXD_src_Titan_Streaming_Orchestrator_Fixed.asm(35) : error A2008:syntax error : short
D:\rawrxd\history\runoff\part_0014\d__RawrXD_src_Titan_Streaming_Orchestrator_Fixed.asm(36) : warning A6006:structure contains no members
D:\rawrxd\history\runoff\part_0014\d__RawrXD_src_Titan_Streaming_Orchestrator_Fixed.asm(170) : error A2189:invalid combination with segment alignment : 64
D:\rawrxd\history\runoff\part_0014\d__RawrXD_src_Titan_Streaming_Orchestrator_Fixed.asm(177) : error A2189:invalid combination with segment alignment : 64
D:\rawrxd\history\runoff\part_0014\d__RawrXD_src_Titan_Streaming_Orchestrator_Fixed.asm(178) : error A2159:structure cannot be instanced
D:\rawrxd\history\runoff\part_0014\d__RawrXD_src_Titan_Streaming_Orchestrator_Fixed.asm(179) : error A2159:structure cannot be instanced
D:\rawrxd\history\runoff\part_0014\d__RawrXD_src_Titan_Streaming_Orchestrator_Fixed.asm(180) : error A2159:structure cannot be instanced
D:\rawrxd\history\runoff\part_0014\d__RawrXD_src_Titan_Streaming_Orchestrator_Fixed.asm(183) : error A2189:invalid combination with segment alignment : 64
D:\rawrxd\history\runoff\part_0014\d__RawrXD_src_Titan_Streaming_Orchestrator_Fixed.asm(240) : error A2006:undefined symbol : g_LockScheduler
D:\rawrxd\history\runoff\part_0014\d__RawrXD_src_Titan_Streaming_Orchestrator_Fixed.asm(255) : error A2006:undefined symbol : g_LockScheduler
D:\rawrxd\history\runoff\part_0014\d__RawrXD_src_Titan_Streaming_Orchestrator_Fixed.asm(270) : error A2006:undefined symbol : g_LockConflictDetector
D:\rawrxd\history\runoff\part_0014\d__RawrXD_src_Titan_Streaming_Orchestrator_Fixed.asm(285) : error A2006:undefined symbol : g_LockConflictDetector
D:\rawrxd\history\runoff\part_0014\d__RawrXD_src_Titan_Streaming_Orchestrator_Fixed.asm(300) : error A2006:undefined symbol : g_LockHeartbeat
D:\rawrxd\history\runoff\part_0014\d__RawrXD_src_Titan_Streaming_Orchestrator_Fixed.asm(315) : error A2006:undefined symbol : g_LockHeartbeat
D:\rawrxd\history\runoff\part_0014\d__RawrXD_src_Titan_Streaming_Orchestrator_Fixed.asm(431) : error A2006:undefined symbol : g_LockScheduler
D:\rawrxd\history\runoff\part_0014\d__RawrXD_src_Titan_Streaming_Orchestrator_Fixed.asm(501) : error A2006:undefined symbol : g_LockConflictDetector
D:\rawrxd\history\runoff\part_0014\d__RawrXD_src_Titan_Streaming_Orchestrator_Fixed.asm(582) : error A2006:undefined symbol : g_LockHeartbeat
