 Assembling: D:\rawrxd\history\runoff\part_0017\d__RawrXD-production-lazy-init_src_masm_universal_dispatcher.asm
D:\rawrxd\history\runoff\part_0017\d__RawrXD-production-lazy-init_src_masm_universal_dispatcher.asm(246) : error A2008:syntax error : .
D:\rawrxd\history\runoff\part_0017\d__RawrXD-production-lazy-init_src_masm_universal_dispatcher.asm(262) : error A2008:syntax error : .
D:\rawrxd\history\runoff\part_0017\d__RawrXD-production-lazy-init_src_masm_universal_dispatcher.asm(266) : error A2008:syntax error : .
D:\rawrxd\history\runoff\part_0017\d__RawrXD-production-lazy-init_src_masm_universal_dispatcher.asm(276) : error A2008:syntax error : .
D:\rawrxd\history\runoff\part_0017\d__RawrXD-production-lazy-init_src_masm_universal_dispatcher.asm(280) : error A2008:syntax error : .
D:\rawrxd\history\runoff\part_0017\d__RawrXD-production-lazy-init_src_masm_universal_dispatcher.asm(283) : error A2008:syntax error : .
D:\rawrxd\history\runoff\part_0017\d__RawrXD-production-lazy-init_src_masm_universal_dispatcher.asm(330) : error A2008:syntax error : .
D:\rawrxd\history\runoff\part_0017\d__RawrXD-production-lazy-init_src_masm_universal_dispatcher.asm(344) : error A2008:syntax error : .
D:\rawrxd\history\runoff\part_0017\d__RawrXD-production-lazy-init_src_masm_universal_dispatcher.asm(359) : error A2008:syntax error : .
D:\rawrxd\history\runoff\part_0017\d__RawrXD-production-lazy-init_src_masm_universal_dispatcher.asm(369) : error A2008:syntax error : .
D:\rawrxd\history\runoff\part_0017\d__RawrXD-production-lazy-init_src_masm_universal_dispatcher.asm(398) : error A2008:syntax error : .
D:\rawrxd\history\runoff\part_0017\d__RawrXD-production-lazy-init_src_masm_universal_dispatcher.asm(401) : error A2008:syntax error : .
D:\rawrxd\history\runoff\part_0017\d__RawrXD-production-lazy-init_src_masm_universal_dispatcher.asm(423) : error A2008:syntax error : .
D:\rawrxd\history\runoff\part_0017\d__RawrXD-production-lazy-init_src_masm_universal_dispatcher.asm(436) : error A2008:syntax error : .
D:\rawrxd\history\runoff\part_0017\d__RawrXD-production-lazy-init_src_masm_universal_dispatcher.asm(449) : error A2008:syntax error : .
D:\rawrxd\history\runoff\part_0017\d__RawrXD-production-lazy-init_src_masm_universal_dispatcher.asm(455) : error A2008:syntax error : .
D:\rawrxd\history\runoff\part_0017\d__RawrXD-production-lazy-init_src_masm_universal_dispatcher.asm(459) : error A2008:syntax error : .
D:\rawrxd\history\runoff\part_0017\d__RawrXD-production-lazy-init_src_masm_universal_dispatcher.asm(464) : error A2008:syntax error : .
D:\rawrxd\history\runoff\part_0017\d__RawrXD-production-lazy-init_src_masm_universal_dispatcher.asm(521) : error A2008:syntax error : .
D:\rawrxd\history\runoff\part_0017\d__RawrXD-production-lazy-init_src_masm_universal_dispatcher.asm(525) : error A2008:syntax error : .
D:\rawrxd\history\runoff\part_0017\d__RawrXD-production-lazy-init_src_masm_universal_dispatcher.asm(529) : error A2008:syntax error : .
D:\rawrxd\history\runoff\part_0017\d__RawrXD-production-lazy-init_src_masm_universal_dispatcher.asm(533) : error A2008:syntax error : .
D:\rawrxd\history\runoff\part_0017\d__RawrXD-production-lazy-init_src_masm_universal_dispatcher.asm(537) : error A2008:syntax error : .
D:\rawrxd\history\runoff\part_0017\d__RawrXD-production-lazy-init_src_masm_universal_dispatcher.asm(541) : error A2008:syntax error : .
D:\rawrxd\history\runoff\part_0017\d__RawrXD-production-lazy-init_src_masm_universal_dispatcher.asm(545) : error A2008:syntax error : .
D:\rawrxd\history\runoff\part_0017\d__RawrXD-production-lazy-init_src_masm_universal_dispatcher.asm(549) : error A2008:syntax error : .
D:\rawrxd\history\runoff\part_0017\d__RawrXD-production-lazy-init_src_masm_universal_dispatcher.asm(552) : error A2008:syntax error : .
D:\rawrxd\history\runoff\part_0017\d__RawrXD-production-lazy-init_src_masm_universal_dispatcher.asm(713) : error A2005:symbol redefinition : szSpanName
D:\rawrxd\history\runoff\part_0017\d__RawrXD-production-lazy-init_src_masm_universal_dispatcher.asm(880) : error A2008:syntax error : .
D:\rawrxd\history\runoff\part_0017\d__RawrXD-production-lazy-init_src_masm_universal_dispatcher.asm(893) : error A2008:syntax error : .
D:\rawrxd\history\runoff\part_0017\d__RawrXD-production-lazy-init_src_masm_universal_dispatcher.asm(897) : error A2008:syntax error : .
D:\rawrxd\history\runoff\part_0017\d__RawrXD-production-lazy-init_src_masm_universal_dispatcher.asm(900) : error A2008:syntax error : .
D:\rawrxd\history\runoff\part_0017\d__RawrXD-production-lazy-init_src_masm_universal_dispatcher.asm(965) : error A2008:syntax error : .
D:\rawrxd\history\runoff\part_0017\d__RawrXD-production-lazy-init_src_masm_universal_dispatcher.asm(969) : error A2008:syntax error : .
D:\rawrxd\history\runoff\part_0017\d__RawrXD-production-lazy-init_src_masm_universal_dispatcher.asm(973) : error A2008:syntax error : .
D:\rawrxd\history\runoff\part_0017\d__RawrXD-production-lazy-init_src_masm_universal_dispatcher.asm(977) : error A2008:syntax error : .
D:\rawrxd\history\runoff\part_0017\d__RawrXD-production-lazy-init_src_masm_universal_dispatcher.asm(981) : error A2008:syntax error : .
D:\rawrxd\history\runoff\part_0017\d__RawrXD-production-lazy-init_src_masm_universal_dispatcher.asm(985) : error A2008:syntax error : .
D:\rawrxd\history\runoff\part_0017\d__RawrXD-production-lazy-init_src_masm_universal_dispatcher.asm(989) : error A2008:syntax error : .
D:\rawrxd\history\runoff\part_0017\d__RawrXD-production-lazy-init_src_masm_universal_dispatcher.asm(993) : error A2008:syntax error : .
D:\rawrxd\history\runoff\part_0017\d__RawrXD-production-lazy-init_src_masm_universal_dispatcher.asm(997) : error A2008:syntax error : .
D:\rawrxd\history\runoff\part_0017\d__RawrXD-production-lazy-init_src_masm_universal_dispatcher.asm(1000) : error A2008:syntax error : .
D:\rawrxd\history\runoff\part_0017\d__RawrXD-production-lazy-init_src_masm_universal_dispatcher.asm(1048) : error A2008:syntax error : .
D:\rawrxd\history\runoff\part_0017\d__RawrXD-production-lazy-init_src_masm_universal_dispatcher.asm(1063) : error A2008:syntax error : .
D:\rawrxd\history\runoff\part_0017\d__RawrXD-production-lazy-init_src_masm_universal_dispatcher.asm(1074) : error A2008:syntax error : .
D:\rawrxd\history\runoff\part_0017\d__RawrXD-production-lazy-init_src_masm_universal_dispatcher.asm(1083) : error A2005:symbol redefinition : szServerStopRequested
D:\rawrxd\history\runoff\part_0017\d__RawrXD-production-lazy-init_src_masm_universal_dispatcher.asm(1084) : error A2005:symbol redefinition : szSpanEnded
D:\rawrxd\history\runoff\part_0017\d__RawrXD-production-lazy-init_src_masm_universal_dispatcher.asm(1085) : error A2005:symbol redefinition : szSpanName
D:\rawrxd\history\runoff\part_0017\d__RawrXD-production-lazy-init_src_masm_universal_dispatcher.asm(1109) : error A2008:syntax error : .
D:\rawrxd\history\runoff\part_0017\d__RawrXD-production-lazy-init_src_masm_universal_dispatcher.asm(1112) : error A2008:syntax error : .
D:\rawrxd\history\runoff\part_0017\d__RawrXD-production-lazy-init_src_masm_universal_dispatcher.asm(232) : error A2006:undefined symbol : init_already
D:\rawrxd\history\runoff\part_0017\d__RawrXD-production-lazy-init_src_masm_universal_dispatcher.asm(241) : error A2006:undefined symbol : init_fail
D:\rawrxd\history\runoff\part_0017\d__RawrXD-production-lazy-init_src_masm_universal_dispatcher.asm(248) : error A2006:undefined symbol : init_modules_done
D:\rawrxd\history\runoff\part_0017\d__RawrXD-production-lazy-init_src_masm_universal_dispatcher.asm(253) : error A2006:undefined symbol : init_modules_next
D:\rawrxd\history\runoff\part_0017\d__RawrXD-production-lazy-init_src_masm_universal_dispatcher.asm(257) : error A2006:undefined symbol : init_modules_next
D:\rawrxd\history\runoff\part_0017\d__RawrXD-production-lazy-init_src_masm_universal_dispatcher.asm(264) : error A2006:undefined symbol : init_modules_loop
D:\rawrxd\history\runoff\part_0017\d__RawrXD-production-lazy-init_src_masm_universal_dispatcher.asm(274) : error A2006:undefined symbol : init_done
D:\rawrxd\history\runoff\part_0017\d__RawrXD-production-lazy-init_src_masm_universal_dispatcher.asm(278) : error A2006:undefined symbol : init_done
D:\rawrxd\history\runoff\part_0017\d__RawrXD-production-lazy-init_src_masm_universal_dispatcher.asm(332) : error A2006:undefined symbol : handler_not_found
D:\rawrxd\history\runoff\part_0017\d__RawrXD-production-lazy-init_src_masm_universal_dispatcher.asm(339) : error A2006:undefined symbol : handler_found
D:\rawrxd\history\runoff\part_0017\d__RawrXD-production-lazy-init_src_masm_universal_dispatcher.asm(342) : error A2006:undefined symbol : find_handler_loop
D:\rawrxd\history\runoff\part_0017\d__RawrXD-production-lazy-init_src_masm_universal_dispatcher.asm(357) : error A2006:undefined symbol : dispatch_done
D:\rawrxd\history\runoff\part_0017\d__RawrXD-production-lazy-init_src_masm_universal_dispatcher.asm(389) : error A2006:undefined symbol : result_fail
D:\rawrxd\history\runoff\part_0017\d__RawrXD-production-lazy-init_src_masm_universal_dispatcher.asm(396) : error A2006:undefined symbol : dispatch_exit
D:\rawrxd\history\runoff\part_0017\d__RawrXD-production-lazy-init_src_masm_universal_dispatcher.asm(426) : error A2006:undefined symbol : tokenize_done
D:\rawrxd\history\runoff\part_0017\d__RawrXD-production-lazy-init_src_masm_universal_dispatcher.asm(429) : error A2006:undefined symbol : tokenize_next
D:\rawrxd\history\runoff\part_0017\d__RawrXD-production-lazy-init_src_masm_universal_dispatcher.asm(431) : error A2006:undefined symbol : tokenize_next
D:\rawrxd\history\runoff\part_0017\d__RawrXD-production-lazy-init_src_masm_universal_dispatcher.asm(442) : error A2006:undefined symbol : token_copy_done
D:\rawrxd\history\runoff\part_0017\d__RawrXD-production-lazy-init_src_masm_universal_dispatcher.asm(444) : error A2006:undefined symbol : token_copy_done
D:\rawrxd\history\runoff\part_0017\d__RawrXD-production-lazy-init_src_masm_universal_dispatcher.asm(446) : error A2006:undefined symbol : token_copy_done
D:\rawrxd\history\runoff\part_0017\d__RawrXD-production-lazy-init_src_masm_universal_dispatcher.asm(447) : error A2006:undefined symbol : copy_token
D:\rawrxd\history\runoff\part_0017\d__RawrXD-production-lazy-init_src_masm_universal_dispatcher.asm(453) : error A2006:undefined symbol : tokenize_loop
D:\rawrxd\history\runoff\part_0017\d__RawrXD-production-lazy-init_src_masm_universal_dispatcher.asm(457) : error A2006:undefined symbol : tokenize_loop
D:\rawrxd\history\runoff\part_0017\d__RawrXD-production-lazy-init_src_masm_universal_dispatcher.asm(466) : error A2006:undefined symbol : intent_default
D:\rawrxd\history\runoff\part_0017\d__RawrXD-production-lazy-init_src_masm_universal_dispatcher.asm(473) : error A2006:undefined symbol : intent_plan
D:\rawrxd\history\runoff\part_0017\d__RawrXD-production-lazy-init_src_masm_universal_dispatcher.asm(480) : error A2006:undefined symbol : intent_ask
D:\rawrxd\history\runoff\part_0017\d__RawrXD-production-lazy-init_src_masm_universal_dispatcher.asm(487) : error A2006:undefined symbol : intent_edit
D:\rawrxd\history\runoff\part_0017\d__RawrXD-production-lazy-init_src_masm_universal_dispatcher.asm(494) : error A2006:undefined symbol : intent_configure
D:\rawrxd\history\runoff\part_0017\d__RawrXD-production-lazy-init_src_masm_universal_dispatcher.asm(501) : error A2006:undefined symbol : intent_build
D:\rawrxd\history\runoff\part_0017\d__RawrXD-production-lazy-init_src_masm_universal_dispatcher.asm(508) : error A2006:undefined symbol : intent_run
D:\rawrxd\history\runoff\part_0017\d__RawrXD-production-lazy-init_src_masm_universal_dispatcher.asm(515) : error A2006:undefined symbol : intent_debug
D:\rawrxd\history\runoff\part_0017\d__RawrXD-production-lazy-init_src_masm_universal_dispatcher.asm(519) : error A2006:undefined symbol : check_intents_loop
D:\rawrxd\history\runoff\part_0017\d__RawrXD-production-lazy-init_src_masm_universal_dispatcher.asm(523) : error A2006:undefined symbol : intent_done
D:\rawrxd\history\runoff\part_0017\d__RawrXD-production-lazy-init_src_masm_universal_dispatcher.asm(527) : error A2006:undefined symbol : intent_done
D:\rawrxd\history\runoff\part_0017\d__RawrXD-production-lazy-init_src_masm_universal_dispatcher.asm(531) : error A2006:undefined symbol : intent_done
D:\rawrxd\history\runoff\part_0017\d__RawrXD-production-lazy-init_src_masm_universal_dispatcher.asm(535) : error A2006:undefined symbol : intent_done
D:\rawrxd\history\runoff\part_0017\d__RawrXD-production-lazy-init_src_masm_universal_dispatcher.asm(539) : error A2006:undefined symbol : intent_done
D:\rawrxd\history\runoff\part_0017\d__RawrXD-production-lazy-init_src_masm_universal_dispatcher.asm(543) : error A2006:undefined symbol : intent_done
D:\rawrxd\history\runoff\part_0017\d__RawrXD-production-lazy-init_src_masm_universal_dispatcher.asm(547) : error A2006:undefined symbol : intent_done
D:\rawrxd\history\runoff\part_0017\d__RawrXD-production-lazy-init_src_masm_universal_dispatcher.asm(884) : error A2006:undefined symbol : not_equal
D:\rawrxd\history\runoff\part_0017\d__RawrXD-production-lazy-init_src_masm_universal_dispatcher.asm(887) : error A2006:undefined symbol : equal
D:\rawrxd\history\runoff\part_0017\d__RawrXD-production-lazy-init_src_masm_universal_dispatcher.asm(891) : error A2006:undefined symbol : compare_loop
D:\rawrxd\history\runoff\part_0017\d__RawrXD-production-lazy-init_src_masm_universal_dispatcher.asm(895) : error A2006:undefined symbol : done
D:\rawrxd\history\runoff\part_0017\d__RawrXD-production-lazy-init_src_masm_universal_dispatcher.asm(948) : error A2006:undefined symbol : log_plan
D:\rawrxd\history\runoff\part_0017\d__RawrXD-production-lazy-init_src_masm_universal_dispatcher.asm(950) : error A2006:undefined symbol : log_ask
D:\rawrxd\history\runoff\part_0017\d__RawrXD-production-lazy-init_src_masm_universal_dispatcher.asm(952) : error A2006:undefined symbol : log_edit
D:\rawrxd\history\runoff\part_0017\d__RawrXD-production-lazy-init_src_masm_universal_dispatcher.asm(954) : error A2006:undefined symbol : log_configure
D:\rawrxd\history\runoff\part_0017\d__RawrXD-production-lazy-init_src_masm_universal_dispatcher.asm(956) : error A2006:undefined symbol : log_build
D:\rawrxd\history\runoff\part_0017\d__RawrXD-production-lazy-init_src_masm_universal_dispatcher.asm(958) : error A2006:undefined symbol : log_run
D:\rawrxd\history\runoff\part_0017\d__RawrXD-production-lazy-init_src_masm_universal_dispatcher.asm(960) : error A2006:undefined symbol : log_deploy
D:\rawrxd\history\runoff\part_0017\d__RawrXD-production-lazy-init_src_masm_universal_dispatcher.asm(962) : fatal error A1012:error count exceeds 100; stopping assembly
