 Assembling: D:\rawrxd\history\runoff\part_0015\d__rawrxd_tools_RawrXD_FileAudit.asm
D:\rawrxd\history\runoff\part_0015\d__rawrxd_tools_RawrXD_FileAudit.asm(25) : error A2034:must be in segment block
D:\rawrxd\history\runoff\part_0015\d__rawrxd_tools_RawrXD_FileAudit.asm(27) : error A2034:must be in segment block
D:\rawrxd\history\runoff\part_0015\d__rawrxd_tools_RawrXD_FileAudit.asm(28) : error A2034:must be in segment block
D:\rawrxd\history\runoff\part_0015\d__rawrxd_tools_RawrXD_FileAudit.asm(29) : error A2034:must be in segment block
D:\rawrxd\history\runoff\part_0015\d__rawrxd_tools_RawrXD_FileAudit.asm(30) : error A2034:must be in segment block
D:\rawrxd\history\runoff\part_0015\d__rawrxd_tools_RawrXD_FileAudit.asm(31) : error A2034:must be in segment block
D:\rawrxd\history\runoff\part_0015\d__rawrxd_tools_RawrXD_FileAudit.asm(32) : error A2034:must be in segment block
D:\rawrxd\history\runoff\part_0015\d__rawrxd_tools_RawrXD_FileAudit.asm(34) : error A2034:must be in segment block
D:\rawrxd\history\runoff\part_0015\d__rawrxd_tools_RawrXD_FileAudit.asm(35) : error A2045:missing angle bracket or brace in literal
D:\rawrxd\history\runoff\part_0015\d__rawrxd_tools_RawrXD_FileAudit.asm(161) : error A2008:syntax error : .
D:\rawrxd\history\runoff\part_0015\d__rawrxd_tools_RawrXD_FileAudit.asm(178) : error A2008:syntax error : .
D:\rawrxd\history\runoff\part_0015\d__rawrxd_tools_RawrXD_FileAudit.asm(186) : error A2008:syntax error : .
D:\rawrxd\history\runoff\part_0015\d__rawrxd_tools_RawrXD_FileAudit.asm(82) : error A2084:constant value too large
D:\rawrxd\history\runoff\part_0015\d__rawrxd_tools_RawrXD_FileAudit.asm(86) : error A2006:undefined symbol : JsonTemplate
D:\rawrxd\history\runoff\part_0015\d__rawrxd_tools_RawrXD_FileAudit.asm(94) : error A2006:undefined symbol : JsonEnd
D:\rawrxd\history\runoff\part_0015\d__rawrxd_tools_RawrXD_FileAudit.asm(102) : error A2006:undefined symbol : ContentLen
D:\rawrxd\history\runoff\part_0015\d__rawrxd_tools_RawrXD_FileAudit.asm(118) : error A2006:undefined symbol : OllamaHost
D:\rawrxd\history\runoff\part_0015\d__rawrxd_tools_RawrXD_FileAudit.asm(129) : error A2006:undefined symbol : OllamaPath
D:\rawrxd\history\runoff\part_0015\d__rawrxd_tools_RawrXD_FileAudit.asm(130) : error A2006:undefined symbol : OllamaPath
D:\rawrxd\history\runoff\part_0015\d__rawrxd_tools_RawrXD_FileAudit.asm(134) : error A2022:instruction operands must be the same size
D:\rawrxd\history\runoff\part_0015\d__rawrxd_tools_RawrXD_FileAudit.asm(164) : error A2006:undefined symbol : copy
D:\rawrxd\history\runoff\part_0015\d__rawrxd_tools_RawrXD_FileAudit.asm(184) : error A2006:undefined symbol : loop
D:\rawrxd\history\runoff\part_0015\d__rawrxd_tools_RawrXD_FileAudit.asm(188) : error A2006:undefined symbol : store
