 Assembling: D:\rawrxd\history\runoff\part_0015\d__RawrXD-production-lazy-init_compilers_sources_c_compiler_production.asm
D:\rawrxd\history\runoff\part_0015\d__RawrXD-production-lazy-init_compilers_sources_c_compiler_production.asm(5) : error A2008:syntax error : default
D:\rawrxd\history\runoff\part_0015\d__RawrXD-production-lazy-init_compilers_sources_c_compiler_production.asm(7) : error A2008:syntax error : section
D:\rawrxd\history\runoff\part_0015\d__RawrXD-production-lazy-init_compilers_sources_c_compiler_production.asm(8) : error A2034:must be in segment block
D:\rawrxd\history\runoff\part_0015\d__RawrXD-production-lazy-init_compilers_sources_c_compiler_production.asm(9) : error A2034:must be in segment block
D:\rawrxd\history\runoff\part_0015\d__RawrXD-production-lazy-init_compilers_sources_c_compiler_production.asm(12) : error A2034:must be in segment block
D:\rawrxd\history\runoff\part_0015\d__RawrXD-production-lazy-init_compilers_sources_c_compiler_production.asm(13) : error A2034:must be in segment block
D:\rawrxd\history\runoff\part_0015\d__RawrXD-production-lazy-init_compilers_sources_c_compiler_production.asm(14) : error A2034:must be in segment block
D:\rawrxd\history\runoff\part_0015\d__RawrXD-production-lazy-init_compilers_sources_c_compiler_production.asm(30) : error A2034:must be in segment block
D:\rawrxd\history\runoff\part_0015\d__RawrXD-production-lazy-init_compilers_sources_c_compiler_production.asm(31) : error A2034:must be in segment block
D:\rawrxd\history\runoff\part_0015\d__RawrXD-production-lazy-init_compilers_sources_c_compiler_production.asm(32) : error A2034:must be in segment block
D:\rawrxd\history\runoff\part_0015\d__RawrXD-production-lazy-init_compilers_sources_c_compiler_production.asm(33) : error A2034:must be in segment block
D:\rawrxd\history\runoff\part_0015\d__RawrXD-production-lazy-init_compilers_sources_c_compiler_production.asm(34) : error A2034:must be in segment block
D:\rawrxd\history\runoff\part_0015\d__RawrXD-production-lazy-init_compilers_sources_c_compiler_production.asm(35) : error A2034:must be in segment block
D:\rawrxd\history\runoff\part_0015\d__RawrXD-production-lazy-init_compilers_sources_c_compiler_production.asm(36) : error A2034:must be in segment block
D:\rawrxd\history\runoff\part_0015\d__RawrXD-production-lazy-init_compilers_sources_c_compiler_production.asm(37) : error A2034:must be in segment block
D:\rawrxd\history\runoff\part_0015\d__RawrXD-production-lazy-init_compilers_sources_c_compiler_production.asm(38) : error A2034:must be in segment block
D:\rawrxd\history\runoff\part_0015\d__RawrXD-production-lazy-init_compilers_sources_c_compiler_production.asm(39) : error A2034:must be in segment block
D:\rawrxd\history\runoff\part_0015\d__RawrXD-production-lazy-init_compilers_sources_c_compiler_production.asm(40) : error A2034:must be in segment block
D:\rawrxd\history\runoff\part_0015\d__RawrXD-production-lazy-init_compilers_sources_c_compiler_production.asm(41) : error A2034:must be in segment block
D:\rawrxd\history\runoff\part_0015\d__RawrXD-production-lazy-init_compilers_sources_c_compiler_production.asm(42) : error A2034:must be in segment block
D:\rawrxd\history\runoff\part_0015\d__RawrXD-production-lazy-init_compilers_sources_c_compiler_production.asm(43) : error A2034:must be in segment block
D:\rawrxd\history\runoff\part_0015\d__RawrXD-production-lazy-init_compilers_sources_c_compiler_production.asm(44) : error A2034:must be in segment block
D:\rawrxd\history\runoff\part_0015\d__RawrXD-production-lazy-init_compilers_sources_c_compiler_production.asm(45) : error A2034:must be in segment block
D:\rawrxd\history\runoff\part_0015\d__RawrXD-production-lazy-init_compilers_sources_c_compiler_production.asm(46) : error A2034:must be in segment block
D:\rawrxd\history\runoff\part_0015\d__RawrXD-production-lazy-init_compilers_sources_c_compiler_production.asm(47) : error A2034:must be in segment block
D:\rawrxd\history\runoff\part_0015\d__RawrXD-production-lazy-init_compilers_sources_c_compiler_production.asm(48) : error A2034:must be in segment block
D:\rawrxd\history\runoff\part_0015\d__RawrXD-production-lazy-init_compilers_sources_c_compiler_production.asm(49) : error A2034:must be in segment block
D:\rawrxd\history\runoff\part_0015\d__RawrXD-production-lazy-init_compilers_sources_c_compiler_production.asm(50) : error A2034:must be in segment block
D:\rawrxd\history\runoff\part_0015\d__RawrXD-production-lazy-init_compilers_sources_c_compiler_production.asm(51) : error A2034:must be in segment block
D:\rawrxd\history\runoff\part_0015\d__RawrXD-production-lazy-init_compilers_sources_c_compiler_production.asm(52) : error A2034:must be in segment block
D:\rawrxd\history\runoff\part_0015\d__RawrXD-production-lazy-init_compilers_sources_c_compiler_production.asm(53) : error A2034:must be in segment block
D:\rawrxd\history\runoff\part_0015\d__RawrXD-production-lazy-init_compilers_sources_c_compiler_production.asm(54) : error A2034:must be in segment block
D:\rawrxd\history\runoff\part_0015\d__RawrXD-production-lazy-init_compilers_sources_c_compiler_production.asm(55) : error A2034:must be in segment block
D:\rawrxd\history\runoff\part_0015\d__RawrXD-production-lazy-init_compilers_sources_c_compiler_production.asm(56) : error A2034:must be in segment block
D:\rawrxd\history\runoff\part_0015\d__RawrXD-production-lazy-init_compilers_sources_c_compiler_production.asm(57) : error A2034:must be in segment block
D:\rawrxd\history\runoff\part_0015\d__RawrXD-production-lazy-init_compilers_sources_c_compiler_production.asm(58) : error A2034:must be in segment block
D:\rawrxd\history\runoff\part_0015\d__RawrXD-production-lazy-init_compilers_sources_c_compiler_production.asm(59) : error A2034:must be in segment block
D:\rawrxd\history\runoff\part_0015\d__RawrXD-production-lazy-init_compilers_sources_c_compiler_production.asm(60) : error A2034:must be in segment block
D:\rawrxd\history\runoff\part_0015\d__RawrXD-production-lazy-init_compilers_sources_c_compiler_production.asm(61) : error A2034:must be in segment block
D:\rawrxd\history\runoff\part_0015\d__RawrXD-production-lazy-init_compilers_sources_c_compiler_production.asm(96) : error A2008:syntax error : section
D:\rawrxd\history\runoff\part_0015\d__RawrXD-production-lazy-init_compilers_sources_c_compiler_production.asm(98) : error A2008:syntax error : source_ptr
D:\rawrxd\history\runoff\part_0015\d__RawrXD-production-lazy-init_compilers_sources_c_compiler_production.asm(99) : error A2008:syntax error : source_end
D:\rawrxd\history\runoff\part_0015\d__RawrXD-production-lazy-init_compilers_sources_c_compiler_production.asm(100) : error A2008:syntax error : current_pos
D:\rawrxd\history\runoff\part_0015\d__RawrXD-production-lazy-init_compilers_sources_c_compiler_production.asm(101) : error A2008:syntax error : line_number
D:\rawrxd\history\runoff\part_0015\d__RawrXD-production-lazy-init_compilers_sources_c_compiler_production.asm(102) : error A2008:syntax error : column_number
D:\rawrxd\history\runoff\part_0015\d__RawrXD-production-lazy-init_compilers_sources_c_compiler_production.asm(105) : error A2008:syntax error : token_buffer
D:\rawrxd\history\runoff\part_0015\d__RawrXD-production-lazy-init_compilers_sources_c_compiler_production.asm(106) : error A2008:syntax error : token_length
D:\rawrxd\history\runoff\part_0015\d__RawrXD-production-lazy-init_compilers_sources_c_compiler_production.asm(107) : error A2008:syntax error : token_type
D:\rawrxd\history\runoff\part_0015\d__RawrXD-production-lazy-init_compilers_sources_c_compiler_production.asm(110) : error A2008:syntax error : symbol_table
D:\rawrxd\history\runoff\part_0015\d__RawrXD-production-lazy-init_compilers_sources_c_compiler_production.asm(111) : error A2008:syntax error : symbol_count
D:\rawrxd\history\runoff\part_0015\d__RawrXD-production-lazy-init_compilers_sources_c_compiler_production.asm(114) : error A2008:syntax error : ast_nodes
D:\rawrxd\history\runoff\part_0015\d__RawrXD-production-lazy-init_compilers_sources_c_compiler_production.asm(115) : error A2008:syntax error : ast_node_count
D:\rawrxd\history\runoff\part_0015\d__RawrXD-production-lazy-init_compilers_sources_c_compiler_production.asm(118) : error A2008:syntax error : output_buffer
D:\rawrxd\history\runoff\part_0015\d__RawrXD-production-lazy-init_compilers_sources_c_compiler_production.asm(119) : error A2008:syntax error : output_pos
D:\rawrxd\history\runoff\part_0015\d__RawrXD-production-lazy-init_compilers_sources_c_compiler_production.asm(121) : error A2008:syntax error : section
D:\rawrxd\history\runoff\part_0015\d__RawrXD-production-lazy-init_compilers_sources_c_compiler_production.asm(124) : error A2008:syntax error : global
D:\rawrxd\history\runoff\part_0015\d__RawrXD-production-lazy-init_compilers_sources_c_compiler_production.asm(125) : error A2008:syntax error : global
D:\rawrxd\history\runoff\part_0015\d__RawrXD-production-lazy-init_compilers_sources_c_compiler_production.asm(126) : error A2008:syntax error : global
D:\rawrxd\history\runoff\part_0015\d__RawrXD-production-lazy-init_compilers_sources_c_compiler_production.asm(127) : error A2008:syntax error : global
D:\rawrxd\history\runoff\part_0015\d__RawrXD-production-lazy-init_compilers_sources_c_compiler_production.asm(129) : error A2034:must be in segment block
D:\rawrxd\history\runoff\part_0015\d__RawrXD-production-lazy-init_compilers_sources_c_compiler_production.asm(130) : error A2034:must be in segment block
D:\rawrxd\history\runoff\part_0015\d__RawrXD-production-lazy-init_compilers_sources_c_compiler_production.asm(131) : error A2034:must be in segment block
D:\rawrxd\history\runoff\part_0015\d__RawrXD-production-lazy-init_compilers_sources_c_compiler_production.asm(132) : error A2034:must be in segment block
D:\rawrxd\history\runoff\part_0015\d__RawrXD-production-lazy-init_compilers_sources_c_compiler_production.asm(135) : error A2034:must be in segment block
D:\rawrxd\history\runoff\part_0015\d__RawrXD-production-lazy-init_compilers_sources_c_compiler_production.asm(136) : error A2034:must be in segment block
D:\rawrxd\history\runoff\part_0015\d__RawrXD-production-lazy-init_compilers_sources_c_compiler_production.asm(137) : error A2034:must be in segment block
D:\rawrxd\history\runoff\part_0015\d__RawrXD-production-lazy-init_compilers_sources_c_compiler_production.asm(138) : error A2034:must be in segment block
D:\rawrxd\history\runoff\part_0015\d__RawrXD-production-lazy-init_compilers_sources_c_compiler_production.asm(139) : error A2034:must be in segment block
D:\rawrxd\history\runoff\part_0015\d__RawrXD-production-lazy-init_compilers_sources_c_compiler_production.asm(140) : error A2034:must be in segment block
D:\rawrxd\history\runoff\part_0015\d__RawrXD-production-lazy-init_compilers_sources_c_compiler_production.asm(141) : error A2034:must be in segment block
D:\rawrxd\history\runoff\part_0015\d__RawrXD-production-lazy-init_compilers_sources_c_compiler_production.asm(142) : error A2034:must be in segment block
D:\rawrxd\history\runoff\part_0015\d__RawrXD-production-lazy-init_compilers_sources_c_compiler_production.asm(145) : error A2034:must be in segment block
D:\rawrxd\history\runoff\part_0015\d__RawrXD-production-lazy-init_compilers_sources_c_compiler_production.asm(147) : error A2034:must be in segment block
D:\rawrxd\history\runoff\part_0015\d__RawrXD-production-lazy-init_compilers_sources_c_compiler_production.asm(148) : error A2034:must be in segment block
D:\rawrxd\history\runoff\part_0015\d__RawrXD-production-lazy-init_compilers_sources_c_compiler_production.asm(149) : error A2034:must be in segment block
D:\rawrxd\history\runoff\part_0015\d__RawrXD-production-lazy-init_compilers_sources_c_compiler_production.asm(151) : error A2034:must be in segment block
D:\rawrxd\history\runoff\part_0015\d__RawrXD-production-lazy-init_compilers_sources_c_compiler_production.asm(156) : error A2034:must be in segment block
D:\rawrxd\history\runoff\part_0015\d__RawrXD-production-lazy-init_compilers_sources_c_compiler_production.asm(157) : error A2034:must be in segment block
D:\rawrxd\history\runoff\part_0015\d__RawrXD-production-lazy-init_compilers_sources_c_compiler_production.asm(158) : error A2034:must be in segment block
D:\rawrxd\history\runoff\part_0015\d__RawrXD-production-lazy-init_compilers_sources_c_compiler_production.asm(159) : error A2034:must be in segment block
D:\rawrxd\history\runoff\part_0015\d__RawrXD-production-lazy-init_compilers_sources_c_compiler_production.asm(160) : error A2034:must be in segment block
D:\rawrxd\history\runoff\part_0015\d__RawrXD-production-lazy-init_compilers_sources_c_compiler_production.asm(161) : error A2034:must be in segment block
D:\rawrxd\history\runoff\part_0015\d__RawrXD-production-lazy-init_compilers_sources_c_compiler_production.asm(162) : error A2034:must be in segment block
D:\rawrxd\history\runoff\part_0015\d__RawrXD-production-lazy-init_compilers_sources_c_compiler_production.asm(163) : error A2034:must be in segment block
D:\rawrxd\history\runoff\part_0015\d__RawrXD-production-lazy-init_compilers_sources_c_compiler_production.asm(166) : error A2034:must be in segment block
D:\rawrxd\history\runoff\part_0015\d__RawrXD-production-lazy-init_compilers_sources_c_compiler_production.asm(167) : error A2034:must be in segment block
D:\rawrxd\history\runoff\part_0015\d__RawrXD-production-lazy-init_compilers_sources_c_compiler_production.asm(168) : error A2034:must be in segment block
D:\rawrxd\history\runoff\part_0015\d__RawrXD-production-lazy-init_compilers_sources_c_compiler_production.asm(169) : error A2034:must be in segment block
D:\rawrxd\history\runoff\part_0015\d__RawrXD-production-lazy-init_compilers_sources_c_compiler_production.asm(170) : error A2034:must be in segment block
D:\rawrxd\history\runoff\part_0015\d__RawrXD-production-lazy-init_compilers_sources_c_compiler_production.asm(171) : error A2034:must be in segment block
D:\rawrxd\history\runoff\part_0015\d__RawrXD-production-lazy-init_compilers_sources_c_compiler_production.asm(172) : error A2034:must be in segment block
D:\rawrxd\history\runoff\part_0015\d__RawrXD-production-lazy-init_compilers_sources_c_compiler_production.asm(175) : error A2034:must be in segment block
D:\rawrxd\history\runoff\part_0015\d__RawrXD-production-lazy-init_compilers_sources_c_compiler_production.asm(176) : error A2034:must be in segment block
D:\rawrxd\history\runoff\part_0015\d__RawrXD-production-lazy-init_compilers_sources_c_compiler_production.asm(177) : error A2034:must be in segment block
D:\rawrxd\history\runoff\part_0015\d__RawrXD-production-lazy-init_compilers_sources_c_compiler_production.asm(180) : error A2034:must be in segment block
D:\rawrxd\history\runoff\part_0015\d__RawrXD-production-lazy-init_compilers_sources_c_compiler_production.asm(181) : error A2034:must be in segment block
D:\rawrxd\history\runoff\part_0015\d__RawrXD-production-lazy-init_compilers_sources_c_compiler_production.asm(182) : error A2034:must be in segment block
D:\rawrxd\history\runoff\part_0015\d__RawrXD-production-lazy-init_compilers_sources_c_compiler_production.asm(185) : error A2034:must be in segment block
D:\rawrxd\history\runoff\part_0015\d__RawrXD-production-lazy-init_compilers_sources_c_compiler_production.asm(186) : error A2034:must be in segment block
D:\rawrxd\history\runoff\part_0015\d__RawrXD-production-lazy-init_compilers_sources_c_compiler_production.asm(187) : error A2034:must be in segment block
D:\rawrxd\history\runoff\part_0015\d__RawrXD-production-lazy-init_compilers_sources_c_compiler_production.asm(190) : fatal error A1012:error count exceeds 100; stopping assembly
