 Assembling: D:\rawrxd\history\runoff\part_0019\d__Stash House_RawrXD-Main_src_asm_RawrXD-VulkanKernel.asm
D:\rawrxd\history\runoff\part_0019\d__Stash House_RawrXD-Main_src_asm_RawrXD-VulkanKernel.asm(80) : error A2034:must be in segment block
D:\rawrxd\history\runoff\part_0019\d__Stash House_RawrXD-Main_src_asm_RawrXD-VulkanKernel.asm(258) : error A2008:syntax error : DQ
D:\rawrxd\history\runoff\part_0019\d__Stash House_RawrXD-Main_src_asm_RawrXD-VulkanKernel.asm(510) : error A2111:conflicting parameter definition
D:\rawrxd\history\runoff\part_0019\d__Stash House_RawrXD-Main_src_asm_RawrXD-VulkanKernel.asm(519) : error A2008:syntax error : OPEN_EXISTING
D:\rawrxd\history\runoff\part_0019\d__Stash House_RawrXD-Main_src_asm_RawrXD-VulkanKernel.asm(650) : error A2111:conflicting parameter definition
D:\rawrxd\history\runoff\part_0019\d__Stash House_RawrXD-Main_src_asm_RawrXD-VulkanKernel.asm(697) : error A2111:conflicting parameter definition
D:\rawrxd\history\runoff\part_0019\d__Stash House_RawrXD-Main_src_asm_RawrXD-VulkanKernel.asm(753) : error A2008:syntax error : code
D:\rawrxd\history\runoff\part_0019\d__Stash House_RawrXD-Main_src_asm_RawrXD-VulkanKernel.asm(788) : error A2008:syntax error : code
D:\rawrxd\history\runoff\part_0019\d__Stash House_RawrXD-Main_src_asm_RawrXD-VulkanKernel.asm(823) : error A2008:syntax error : code
D:\rawrxd\history\runoff\part_0019\d__Stash House_RawrXD-Main_src_asm_RawrXD-VulkanKernel.asm(858) : error A2008:syntax error : code
D:\rawrxd\history\runoff\part_0019\d__Stash House_RawrXD-Main_src_asm_RawrXD-VulkanKernel.asm(968) : error A2070:invalid instruction operands
D:\rawrxd\history\runoff\part_0019\d__Stash House_RawrXD-Main_src_asm_RawrXD-VulkanKernel.asm(969) : error A2008:syntax error : code
D:\rawrxd\history\runoff\part_0019\d__Stash House_RawrXD-Main_src_asm_RawrXD-VulkanKernel.asm(1008) : error A2070:invalid instruction operands
D:\rawrxd\history\runoff\part_0019\d__Stash House_RawrXD-Main_src_asm_RawrXD-VulkanKernel.asm(1010) : error A2070:invalid instruction operands
D:\rawrxd\history\runoff\part_0019\d__Stash House_RawrXD-Main_src_asm_RawrXD-VulkanKernel.asm(1055) : error A2070:invalid instruction operands
D:\rawrxd\history\runoff\part_0019\d__Stash House_RawrXD-Main_src_asm_RawrXD-VulkanKernel.asm(1056) : error A2008:syntax error : code
D:\rawrxd\history\runoff\part_0019\d__Stash House_RawrXD-Main_src_asm_RawrXD-VulkanKernel.asm(1095) : error A2070:invalid instruction operands
D:\rawrxd\history\runoff\part_0019\d__Stash House_RawrXD-Main_src_asm_RawrXD-VulkanKernel.asm(1097) : error A2070:invalid instruction operands
D:\rawrxd\history\runoff\part_0019\d__Stash House_RawrXD-Main_src_asm_RawrXD-VulkanKernel.asm(1142) : error A2070:invalid instruction operands
D:\rawrxd\history\runoff\part_0019\d__Stash House_RawrXD-Main_src_asm_RawrXD-VulkanKernel.asm(1143) : error A2008:syntax error : code
D:\rawrxd\history\runoff\part_0019\d__Stash House_RawrXD-Main_src_asm_RawrXD-VulkanKernel.asm(1182) : error A2070:invalid instruction operands
D:\rawrxd\history\runoff\part_0019\d__Stash House_RawrXD-Main_src_asm_RawrXD-VulkanKernel.asm(1184) : error A2070:invalid instruction operands
D:\rawrxd\history\runoff\part_0019\d__Stash House_RawrXD-Main_src_asm_RawrXD-VulkanKernel.asm(1229) : error A2070:invalid instruction operands
D:\rawrxd\history\runoff\part_0019\d__Stash House_RawrXD-Main_src_asm_RawrXD-VulkanKernel.asm(1230) : error A2008:syntax error : code
D:\rawrxd\history\runoff\part_0019\d__Stash House_RawrXD-Main_src_asm_RawrXD-VulkanKernel.asm(1269) : error A2070:invalid instruction operands
D:\rawrxd\history\runoff\part_0019\d__Stash House_RawrXD-Main_src_asm_RawrXD-VulkanKernel.asm(1271) : error A2070:invalid instruction operands
D:\rawrxd\history\runoff\part_0019\d__Stash House_RawrXD-Main_src_asm_RawrXD-VulkanKernel.asm(1301) : error A2111:conflicting parameter definition
D:\rawrxd\history\runoff\part_0019\d__Stash House_RawrXD-Main_src_asm_RawrXD-VulkanKernel.asm(1344) : error A2111:conflicting parameter definition
D:\rawrxd\history\runoff\part_0019\d__Stash House_RawrXD-Main_src_asm_RawrXD-VulkanKernel.asm(1379) : error A2111:conflicting parameter definition
D:\rawrxd\history\runoff\part_0019\d__Stash House_RawrXD-Main_src_asm_RawrXD-VulkanKernel.asm(1450) : error A2008:syntax error : addr
 invoke(30): Macro Called From
  D:\rawrxd\history\runoff\part_0019\d__Stash House_RawrXD-Main_src_asm_RawrXD-VulkanKernel.asm(1450): Main Line Code
D:\rawrxd\history\runoff\part_0019\d__Stash House_RawrXD-Main_src_asm_RawrXD-VulkanKernel.asm(1455) : error A2111:conflicting parameter definition
D:\rawrxd\history\runoff\part_0019\d__Stash House_RawrXD-Main_src_asm_RawrXD-VulkanKernel.asm(1459) : error A2008:syntax error : addr
 invoke(30): Macro Called From
  D:\rawrxd\history\runoff\part_0019\d__Stash House_RawrXD-Main_src_asm_RawrXD-VulkanKernel.asm(1459): Main Line Code
D:\rawrxd\history\runoff\part_0019\d__Stash House_RawrXD-Main_src_asm_RawrXD-VulkanKernel.asm(1464) : error A2111:conflicting parameter definition
D:\rawrxd\history\runoff\part_0019\d__Stash House_RawrXD-Main_src_asm_RawrXD-VulkanKernel.asm(387) : error A2022:instruction operands must be the same size
D:\rawrxd\history\runoff\part_0019\d__Stash House_RawrXD-Main_src_asm_RawrXD-VulkanKernel.asm(395) : error A2022:instruction operands must be the same size
D:\rawrxd\history\runoff\part_0019\d__Stash House_RawrXD-Main_src_asm_RawrXD-VulkanKernel.asm(403) : error A2022:instruction operands must be the same size
D:\rawrxd\history\runoff\part_0019\d__Stash House_RawrXD-Main_src_asm_RawrXD-VulkanKernel.asm(408) : error A2022:instruction operands must be the same size
D:\rawrxd\history\runoff\part_0019\d__Stash House_RawrXD-Main_src_asm_RawrXD-VulkanKernel.asm(415) : error A2022:instruction operands must be the same size
D:\rawrxd\history\runoff\part_0019\d__Stash House_RawrXD-Main_src_asm_RawrXD-VulkanKernel.asm(422) : error A2022:instruction operands must be the same size
D:\rawrxd\history\runoff\part_0019\d__Stash House_RawrXD-Main_src_asm_RawrXD-VulkanKernel.asm(429) : error A2022:instruction operands must be the same size
D:\rawrxd\history\runoff\part_0019\d__Stash House_RawrXD-Main_src_asm_RawrXD-VulkanKernel.asm(436) : error A2022:instruction operands must be the same size
D:\rawrxd\history\runoff\part_0019\d__Stash House_RawrXD-Main_src_asm_RawrXD-VulkanKernel.asm(446) : error A2022:instruction operands must be the same size
D:\rawrxd\history\runoff\part_0019\d__Stash House_RawrXD-Main_src_asm_RawrXD-VulkanKernel.asm(483) : error A2148:invalid symbol type in expression : c_str
D:\rawrxd\history\runoff\part_0019\d__Stash House_RawrXD-Main_src_asm_RawrXD-VulkanKernel.asm(489) : error A2148:invalid symbol type in expression : c_str
D:\rawrxd\history\runoff\part_0019\d__Stash House_RawrXD-Main_src_asm_RawrXD-VulkanKernel.asm(495) : error A2148:invalid symbol type in expression : c_str
D:\rawrxd\history\runoff\part_0019\d__Stash House_RawrXD-Main_src_asm_RawrXD-VulkanKernel.asm(532) : error A2206:missing operator in expression
D:\rawrxd\history\runoff\part_0019\d__Stash House_RawrXD-Main_src_asm_RawrXD-VulkanKernel.asm(544) : error A2022:instruction operands must be the same size
D:\rawrxd\history\runoff\part_0019\d__Stash House_RawrXD-Main_src_asm_RawrXD-VulkanKernel.asm(553) : error A2022:instruction operands must be the same size
D:\rawrxd\history\runoff\part_0019\d__Stash House_RawrXD-Main_src_asm_RawrXD-VulkanKernel.asm(583) : error A2148:invalid symbol type in expression : c_str
 invoke(4): Macro Called From
  D:\rawrxd\history\runoff\part_0019\d__Stash House_RawrXD-Main_src_asm_RawrXD-VulkanKernel.asm(583): Main Line Code
D:\rawrxd\history\runoff\part_0019\d__Stash House_RawrXD-Main_src_asm_RawrXD-VulkanKernel.asm(590) : error A2148:invalid symbol type in expression : c_str
 invoke(4): Macro Called From
  D:\rawrxd\history\runoff\part_0019\d__Stash House_RawrXD-Main_src_asm_RawrXD-VulkanKernel.asm(590): Main Line Code
D:\rawrxd\history\runoff\part_0019\d__Stash House_RawrXD-Main_src_asm_RawrXD-VulkanKernel.asm(597) : error A2148:invalid symbol type in expression : c_str
D:\rawrxd\history\runoff\part_0019\d__Stash House_RawrXD-Main_src_asm_RawrXD-VulkanKernel.asm(599) : error A2148:invalid symbol type in expression : c_str
D:\rawrxd\history\runoff\part_0019\d__Stash House_RawrXD-Main_src_asm_RawrXD-VulkanKernel.asm(601) : error A2206:missing operator in expression
D:\rawrxd\history\runoff\part_0019\d__Stash House_RawrXD-Main_src_asm_RawrXD-VulkanKernel.asm(618) : error A2148:invalid symbol type in expression : c_str
 invoke(4): Macro Called From
  D:\rawrxd\history\runoff\part_0019\d__Stash House_RawrXD-Main_src_asm_RawrXD-VulkanKernel.asm(618): Main Line Code
D:\rawrxd\history\runoff\part_0019\d__Stash House_RawrXD-Main_src_asm_RawrXD-VulkanKernel.asm(628) : error A2148:invalid symbol type in expression : c_str
 invoke(4): Macro Called From
  D:\rawrxd\history\runoff\part_0019\d__Stash House_RawrXD-Main_src_asm_RawrXD-VulkanKernel.asm(628): Main Line Code
D:\rawrxd\history\runoff\part_0019\d__Stash House_RawrXD-Main_src_asm_RawrXD-VulkanKernel.asm(667) : error A2206:missing operator in expression
D:\rawrxd\history\runoff\part_0019\d__Stash House_RawrXD-Main_src_asm_RawrXD-VulkanKernel.asm(679) : error A2022:instruction operands must be the same size
D:\rawrxd\history\runoff\part_0019\d__Stash House_RawrXD-Main_src_asm_RawrXD-VulkanKernel.asm(722) : error A2206:missing operator in expression
D:\rawrxd\history\runoff\part_0019\d__Stash House_RawrXD-Main_src_asm_RawrXD-VulkanKernel.asm(723) : error A2206:missing operator in expression
D:\rawrxd\history\runoff\part_0019\d__Stash House_RawrXD-Main_src_asm_RawrXD-VulkanKernel.asm(729) : error A2206:missing operator in expression
D:\rawrxd\history\runoff\part_0019\d__Stash House_RawrXD-Main_src_asm_RawrXD-VulkanKernel.asm(733) : error A2206:missing operator in expression
D:\rawrxd\history\runoff\part_0019\d__Stash House_RawrXD-Main_src_asm_RawrXD-VulkanKernel.asm(738) : error A2206:missing operator in expression
D:\rawrxd\history\runoff\part_0019\d__Stash House_RawrXD-Main_src_asm_RawrXD-VulkanKernel.asm(740) : error A2206:missing operator in expression
D:\rawrxd\history\runoff\part_0019\d__Stash House_RawrXD-Main_src_asm_RawrXD-VulkanKernel.asm(741) : error A2206:missing operator in expression
D:\rawrxd\history\runoff\part_0019\d__Stash House_RawrXD-Main_src_asm_RawrXD-VulkanKernel.asm(742) : error A2206:missing operator in expression
D:\rawrxd\history\runoff\part_0019\d__Stash House_RawrXD-Main_src_asm_RawrXD-VulkanKernel.asm(743) : error A2206:missing operator in expression
D:\rawrxd\history\runoff\part_0019\d__Stash House_RawrXD-Main_src_asm_RawrXD-VulkanKernel.asm(746) : error A2206:missing operator in expression
D:\rawrxd\history\runoff\part_0019\d__Stash House_RawrXD-Main_src_asm_RawrXD-VulkanKernel.asm(760) : error A2206:missing operator in expression
D:\rawrxd\history\runoff\part_0019\d__Stash House_RawrXD-Main_src_asm_RawrXD-VulkanKernel.asm(761) : error A2206:missing operator in expression
D:\rawrxd\history\runoff\part_0019\d__Stash House_RawrXD-Main_src_asm_RawrXD-VulkanKernel.asm(767) : error A2206:missing operator in expression
D:\rawrxd\history\runoff\part_0019\d__Stash House_RawrXD-Main_src_asm_RawrXD-VulkanKernel.asm(771) : error A2206:missing operator in expression
D:\rawrxd\history\runoff\part_0019\d__Stash House_RawrXD-Main_src_asm_RawrXD-VulkanKernel.asm(776) : error A2206:missing operator in expression
D:\rawrxd\history\runoff\part_0019\d__Stash House_RawrXD-Main_src_asm_RawrXD-VulkanKernel.asm(778) : error A2206:missing operator in expression
D:\rawrxd\history\runoff\part_0019\d__Stash House_RawrXD-Main_src_asm_RawrXD-VulkanKernel.asm(781) : error A2206:missing operator in expression
D:\rawrxd\history\runoff\part_0019\d__Stash House_RawrXD-Main_src_asm_RawrXD-VulkanKernel.asm(795) : error A2206:missing operator in expression
D:\rawrxd\history\runoff\part_0019\d__Stash House_RawrXD-Main_src_asm_RawrXD-VulkanKernel.asm(796) : error A2206:missing operator in expression
D:\rawrxd\history\runoff\part_0019\d__Stash House_RawrXD-Main_src_asm_RawrXD-VulkanKernel.asm(802) : error A2206:missing operator in expression
D:\rawrxd\history\runoff\part_0019\d__Stash House_RawrXD-Main_src_asm_RawrXD-VulkanKernel.asm(806) : error A2206:missing operator in expression
D:\rawrxd\history\runoff\part_0019\d__Stash House_RawrXD-Main_src_asm_RawrXD-VulkanKernel.asm(811) : error A2206:missing operator in expression
D:\rawrxd\history\runoff\part_0019\d__Stash House_RawrXD-Main_src_asm_RawrXD-VulkanKernel.asm(813) : error A2206:missing operator in expression
D:\rawrxd\history\runoff\part_0019\d__Stash House_RawrXD-Main_src_asm_RawrXD-VulkanKernel.asm(816) : error A2206:missing operator in expression
D:\rawrxd\history\runoff\part_0019\d__Stash House_RawrXD-Main_src_asm_RawrXD-VulkanKernel.asm(830) : error A2206:missing operator in expression
D:\rawrxd\history\runoff\part_0019\d__Stash House_RawrXD-Main_src_asm_RawrXD-VulkanKernel.asm(831) : error A2206:missing operator in expression
D:\rawrxd\history\runoff\part_0019\d__Stash House_RawrXD-Main_src_asm_RawrXD-VulkanKernel.asm(837) : error A2206:missing operator in expression
D:\rawrxd\history\runoff\part_0019\d__Stash House_RawrXD-Main_src_asm_RawrXD-VulkanKernel.asm(841) : error A2206:missing operator in expression
D:\rawrxd\history\runoff\part_0019\d__Stash House_RawrXD-Main_src_asm_RawrXD-VulkanKernel.asm(846) : error A2206:missing operator in expression
D:\rawrxd\history\runoff\part_0019\d__Stash House_RawrXD-Main_src_asm_RawrXD-VulkanKernel.asm(848) : error A2206:missing operator in expression
D:\rawrxd\history\runoff\part_0019\d__Stash House_RawrXD-Main_src_asm_RawrXD-VulkanKernel.asm(851) : error A2206:missing operator in expression
D:\rawrxd\history\runoff\part_0019\d__Stash House_RawrXD-Main_src_asm_RawrXD-VulkanKernel.asm(892) : error A2083:invalid scale value
D:\rawrxd\history\runoff\part_0019\d__Stash House_RawrXD-Main_src_asm_RawrXD-VulkanKernel.asm(962) : error A2148:invalid symbol type in expression : c_str
 invoke(4): Macro Called From
  D:\rawrxd\history\runoff\part_0019\d__Stash House_RawrXD-Main_src_asm_RawrXD-VulkanKernel.asm(962): Main Line Code
D:\rawrxd\history\runoff\part_0019\d__Stash House_RawrXD-Main_src_asm_RawrXD-VulkanKernel.asm(981) : error A2148:invalid symbol type in expression : c_str
 invoke(4): Macro Called From
  D:\rawrxd\history\runoff\part_0019\d__Stash House_RawrXD-Main_src_asm_RawrXD-VulkanKernel.asm(981): Main Line Code
D:\rawrxd\history\runoff\part_0019\d__Stash House_RawrXD-Main_src_asm_RawrXD-VulkanKernel.asm(1000) : error A2148:invalid symbol type in expression : c_str
 invoke(4): Macro Called From
  D:\rawrxd\history\runoff\part_0019\d__Stash House_RawrXD-Main_src_asm_RawrXD-VulkanKernel.asm(1000): Main Line Code
D:\rawrxd\history\runoff\part_0019\d__Stash House_RawrXD-Main_src_asm_RawrXD-VulkanKernel.asm(1006) : error A2006:undefined symbol : VK_STRUCTURE_TYPE_PIPELINE_SHADER_STAGE_CREATE_INFO
D:\rawrxd\history\runoff\part_0019\d__Stash House_RawrXD-Main_src_asm_RawrXD-VulkanKernel.asm(1007) : error A2206:missing operator in expression
D:\rawrxd\history\runoff\part_0019\d__Stash House_RawrXD-Main_src_asm_RawrXD-VulkanKernel.asm(1009) : error A2148:invalid symbol type in expression : c_str
D:\rawrxd\history\runoff\part_0019\d__Stash House_RawrXD-Main_src_asm_RawrXD-VulkanKernel.asm(1049) : error A2148:invalid symbol type in expression : c_str
 invoke(4): Macro Called From
  D:\rawrxd\history\runoff\part_0019\d__Stash House_RawrXD-Main_src_asm_RawrXD-VulkanKernel.asm(1049): Main Line Code
D:\rawrxd\history\runoff\part_0019\d__Stash House_RawrXD-Main_src_asm_RawrXD-VulkanKernel.asm(1068) : error A2148:invalid symbol type in expression : c_str
 invoke(4): Macro Called From
  D:\rawrxd\history\runoff\part_0019\d__Stash House_RawrXD-Main_src_asm_RawrXD-VulkanKernel.asm(1068): Main Line Code
D:\rawrxd\history\runoff\part_0019\d__Stash House_RawrXD-Main_src_asm_RawrXD-VulkanKernel.asm(1087) : error A2148:invalid symbol type in expression : c_str
 invoke(4): Macro Called From
  D:\rawrxd\history\runoff\part_0019\d__Stash House_RawrXD-Main_src_asm_RawrXD-VulkanKernel.asm(1087): Main Line Code
D:\rawrxd\history\runoff\part_0019\d__Stash House_RawrXD-Main_src_asm_RawrXD-VulkanKernel.asm(1093) : error A2006:undefined symbol : VK_STRUCTURE_TYPE_PIPELINE_SHADER_STAGE_CREATE_INFO
D:\rawrxd\history\runoff\part_0019\d__Stash House_RawrXD-Main_src_asm_RawrXD-VulkanKernel.asm(1094) : error A2206:missing operator in expression
D:\rawrxd\history\runoff\part_0019\d__Stash House_RawrXD-Main_src_asm_RawrXD-VulkanKernel.asm(1096) : fatal error A1012:error count exceeds 100; stopping assembly
