 Assembling: D:\rawrxd\history\runoff\part_0019\d__Stash House_RawrXD-Main_src_Titan_Streaming_Orchestrator_NoHTTP.asm
D:\rawrxd\history\runoff\part_0019\d__Stash House_RawrXD-Main_src_Titan_Streaming_Orchestrator_NoHTTP.asm(106) : error A2070:invalid instruction operands
D:\rawrxd\history\runoff\part_0019\d__Stash House_RawrXD-Main_src_Titan_Streaming_Orchestrator_NoHTTP.asm(108) : error A2070:invalid instruction operands
D:\rawrxd\history\runoff\part_0019\d__Stash House_RawrXD-Main_src_Titan_Streaming_Orchestrator_NoHTTP.asm(117) : error A2070:invalid instruction operands
D:\rawrxd\history\runoff\part_0019\d__Stash House_RawrXD-Main_src_Titan_Streaming_Orchestrator_NoHTTP.asm(122) : error A2070:invalid instruction operands
D:\rawrxd\history\runoff\part_0019\d__Stash House_RawrXD-Main_src_Titan_Streaming_Orchestrator_NoHTTP.asm(134) : error A2070:invalid instruction operands
D:\rawrxd\history\runoff\part_0019\d__Stash House_RawrXD-Main_src_Titan_Streaming_Orchestrator_NoHTTP.asm(147) : error A2070:invalid instruction operands
D:\rawrxd\history\runoff\part_0019\d__Stash House_RawrXD-Main_src_Titan_Streaming_Orchestrator_NoHTTP.asm(161) : error A2070:invalid instruction operands
D:\rawrxd\history\runoff\part_0019\d__Stash House_RawrXD-Main_src_Titan_Streaming_Orchestrator_NoHTTP.asm(163) : error A2070:invalid instruction operands
D:\rawrxd\history\runoff\part_0019\d__Stash House_RawrXD-Main_src_Titan_Streaming_Orchestrator_NoHTTP.asm(177) : error A2070:invalid instruction operands
D:\rawrxd\history\runoff\part_0019\d__Stash House_RawrXD-Main_src_Titan_Streaming_Orchestrator_NoHTTP.asm(184) : error A2070:invalid instruction operands
D:\rawrxd\history\runoff\part_0019\d__Stash House_RawrXD-Main_src_Titan_Streaming_Orchestrator_NoHTTP.asm(187) : error A2070:invalid instruction operands
D:\rawrxd\history\runoff\part_0019\d__Stash House_RawrXD-Main_src_Titan_Streaming_Orchestrator_NoHTTP.asm(96) : error A2006:undefined symbol : g_pLogits
D:\rawrxd\history\runoff\part_0019\d__Stash House_RawrXD-Main_src_Titan_Streaming_Orchestrator_NoHTTP.asm(97) : error A2006:undefined symbol : g_VocabSize
D:\rawrxd\history\runoff\part_0019\d__Stash House_RawrXD-Main_src_Titan_Streaming_Orchestrator_NoHTTP.asm(115) : error A2006:undefined symbol : g_pLogits
D:\rawrxd\history\runoff\part_0019\d__Stash House_RawrXD-Main_src_Titan_Streaming_Orchestrator_NoHTTP.asm(116) : error A2006:undefined symbol : g_VocabSize
D:\rawrxd\history\runoff\part_0019\d__Stash House_RawrXD-Main_src_Titan_Streaming_Orchestrator_NoHTTP.asm(171) : error A2006:undefined symbol : g_pLogits
D:\rawrxd\history\runoff\part_0019\d__Stash House_RawrXD-Main_src_Titan_Streaming_Orchestrator_NoHTTP.asm(172) : error A2006:undefined symbol : g_VocabSize
D:\rawrxd\history\runoff\part_0019\d__Stash House_RawrXD-Main_src_Titan_Streaming_Orchestrator_NoHTTP.asm(198) : error A2006:undefined symbol : g_pRingBuffer
D:\rawrxd\history\runoff\part_0019\d__Stash House_RawrXD-Main_src_Titan_Streaming_Orchestrator_NoHTTP.asm(199) : error A2006:undefined symbol : g_BufferIndex
D:\rawrxd\history\runoff\part_0019\d__Stash House_RawrXD-Main_src_Titan_Streaming_Orchestrator_NoHTTP.asm(207) : error A2006:undefined symbol : g_BufferIndex
D:\rawrxd\history\runoff\part_0019\d__Stash House_RawrXD-Main_src_Titan_Streaming_Orchestrator_NoHTTP.asm(274) : error A2006:undefined symbol : g_pInputBuffer
D:\rawrxd\history\runoff\part_0019\d__Stash House_RawrXD-Main_src_Titan_Streaming_Orchestrator_NoHTTP.asm(283) : error A2006:undefined symbol : g_pPromptString
D:\rawrxd\history\runoff\part_0019\d__Stash House_RawrXD-Main_src_Titan_Streaming_Orchestrator_NoHTTP.asm(333) : warning A6004:procedure argument or local not referenced : pszPrompt
