 Assembling: D:\rawrxd\itsmehrawrxd-master\data_source_adapters.asm
D:\rawrxd\itsmehrawrxd-master\data_source_adapters.asm(5) : error A2008:syntax error : section
D:\rawrxd\itsmehrawrxd-master\data_source_adapters.asm(7) : error A2008:syntax error : define
D:\rawrxd\itsmehrawrxd-master\data_source_adapters.asm(8) : error A2008:syntax error : define
D:\rawrxd\itsmehrawrxd-master\data_source_adapters.asm(9) : error A2008:syntax error : define
D:\rawrxd\itsmehrawrxd-master\data_source_adapters.asm(10) : error A2008:syntax error : define
D:\rawrxd\itsmehrawrxd-master\data_source_adapters.asm(11) : error A2008:syntax error : define
D:\rawrxd\itsmehrawrxd-master\data_source_adapters.asm(14) : error A2008:syntax error : define
D:\rawrxd\itsmehrawrxd-master\data_source_adapters.asm(15) : error A2008:syntax error : define
D:\rawrxd\itsmehrawrxd-master\data_source_adapters.asm(16) : error A2008:syntax error : define
D:\rawrxd\itsmehrawrxd-master\data_source_adapters.asm(17) : error A2008:syntax error : define
D:\rawrxd\itsmehrawrxd-master\data_source_adapters.asm(18) : error A2008:syntax error : define
D:\rawrxd\itsmehrawrxd-master\data_source_adapters.asm(19) : error A2008:syntax error : define
D:\rawrxd\itsmehrawrxd-master\data_source_adapters.asm(20) : error A2008:syntax error : define
D:\rawrxd\itsmehrawrxd-master\data_source_adapters.asm(21) : error A2008:syntax error : define
D:\rawrxd\itsmehrawrxd-master\data_source_adapters.asm(22) : error A2008:syntax error : define
D:\rawrxd\itsmehrawrxd-master\data_source_adapters.asm(23) : error A2008:syntax error : define
D:\rawrxd\itsmehrawrxd-master\data_source_adapters.asm(24) : error A2008:syntax error : define
D:\rawrxd\itsmehrawrxd-master\data_source_adapters.asm(27) : error A2008:syntax error : define
D:\rawrxd\itsmehrawrxd-master\data_source_adapters.asm(28) : error A2008:syntax error : define
D:\rawrxd\itsmehrawrxd-master\data_source_adapters.asm(29) : error A2008:syntax error : define
D:\rawrxd\itsmehrawrxd-master\data_source_adapters.asm(30) : error A2008:syntax error : define
D:\rawrxd\itsmehrawrxd-master\data_source_adapters.asm(31) : error A2008:syntax error : define
D:\rawrxd\itsmehrawrxd-master\data_source_adapters.asm(32) : error A2008:syntax error : define
D:\rawrxd\itsmehrawrxd-master\data_source_adapters.asm(33) : error A2008:syntax error : define
D:\rawrxd\itsmehrawrxd-master\data_source_adapters.asm(35) : error A2008:syntax error : section
D:\rawrxd\itsmehrawrxd-master\data_source_adapters.asm(36) : error A2008:syntax error : source_file_path
D:\rawrxd\itsmehrawrxd-master\data_source_adapters.asm(37) : error A2008:syntax error : source_file_type
D:\rawrxd\itsmehrawrxd-master\data_source_adapters.asm(38) : error A2008:syntax error : source_file_data
D:\rawrxd\itsmehrawrxd-master\data_source_adapters.asm(39) : error A2008:syntax error : source_file_size
D:\rawrxd\itsmehrawrxd-master\data_source_adapters.asm(40) : error A2008:syntax error : current_uim_node
D:\rawrxd\itsmehrawrxd-master\data_source_adapters.asm(42) : error A2008:syntax error : section
D:\rawrxd\itsmehrawrxd-master\data_source_adapters.asm(43) : error A2008:syntax error : global
D:\rawrxd\itsmehrawrxd-master\data_source_adapters.asm(44) : error A2008:syntax error : global
D:\rawrxd\itsmehrawrxd-master\data_source_adapters.asm(45) : error A2008:syntax error : global
D:\rawrxd\itsmehrawrxd-master\data_source_adapters.asm(46) : error A2008:syntax error : global
D:\rawrxd\itsmehrawrxd-master\data_source_adapters.asm(49) : error A2034:must be in segment block
D:\rawrxd\itsmehrawrxd-master\data_source_adapters.asm(50) : error A2034:must be in segment block
D:\rawrxd\itsmehrawrxd-master\data_source_adapters.asm(51) : error A2034:must be in segment block
D:\rawrxd\itsmehrawrxd-master\data_source_adapters.asm(52) : error A2034:must be in segment block
D:\rawrxd\itsmehrawrxd-master\data_source_adapters.asm(53) : error A2034:must be in segment block
D:\rawrxd\itsmehrawrxd-master\data_source_adapters.asm(54) : error A2034:must be in segment block
D:\rawrxd\itsmehrawrxd-master\data_source_adapters.asm(55) : error A2034:must be in segment block
D:\rawrxd\itsmehrawrxd-master\data_source_adapters.asm(59) : error A2034:must be in segment block
D:\rawrxd\itsmehrawrxd-master\data_source_adapters.asm(60) : error A2034:must be in segment block
D:\rawrxd\itsmehrawrxd-master\data_source_adapters.asm(61) : error A2034:must be in segment block
D:\rawrxd\itsmehrawrxd-master\data_source_adapters.asm(62) : error A2034:must be in segment block
D:\rawrxd\itsmehrawrxd-master\data_source_adapters.asm(63) : error A2034:must be in segment block
D:\rawrxd\itsmehrawrxd-master\data_source_adapters.asm(64) : error A2034:must be in segment block
D:\rawrxd\itsmehrawrxd-master\data_source_adapters.asm(67) : error A2034:must be in segment block
D:\rawrxd\itsmehrawrxd-master\data_source_adapters.asm(68) : error A2034:must be in segment block
D:\rawrxd\itsmehrawrxd-master\data_source_adapters.asm(71) : error A2034:must be in segment block
D:\rawrxd\itsmehrawrxd-master\data_source_adapters.asm(72) : error A2034:must be in segment block
D:\rawrxd\itsmehrawrxd-master\data_source_adapters.asm(73) : error A2034:must be in segment block
D:\rawrxd\itsmehrawrxd-master\data_source_adapters.asm(76) : error A2034:must be in segment block
D:\rawrxd\itsmehrawrxd-master\data_source_adapters.asm(78) : error A2034:must be in segment block
D:\rawrxd\itsmehrawrxd-master\data_source_adapters.asm(79) : error A2034:must be in segment block
D:\rawrxd\itsmehrawrxd-master\data_source_adapters.asm(81) : error A2034:must be in segment block
D:\rawrxd\itsmehrawrxd-master\data_source_adapters.asm(82) : error A2034:must be in segment block
D:\rawrxd\itsmehrawrxd-master\data_source_adapters.asm(84) : error A2034:must be in segment block
D:\rawrxd\itsmehrawrxd-master\data_source_adapters.asm(85) : error A2034:must be in segment block
D:\rawrxd\itsmehrawrxd-master\data_source_adapters.asm(87) : error A2034:must be in segment block
D:\rawrxd\itsmehrawrxd-master\data_source_adapters.asm(88) : error A2034:must be in segment block
D:\rawrxd\itsmehrawrxd-master\data_source_adapters.asm(90) : error A2034:must be in segment block
D:\rawrxd\itsmehrawrxd-master\data_source_adapters.asm(92) : error A2008:syntax error : .
D:\rawrxd\itsmehrawrxd-master\data_source_adapters.asm(93) : error A2034:must be in segment block
D:\rawrxd\itsmehrawrxd-master\data_source_adapters.asm(94) : error A2034:must be in segment block
D:\rawrxd\itsmehrawrxd-master\data_source_adapters.asm(96) : error A2008:syntax error : .
D:\rawrxd\itsmehrawrxd-master\data_source_adapters.asm(97) : error A2034:must be in segment block
D:\rawrxd\itsmehrawrxd-master\data_source_adapters.asm(98) : error A2034:must be in segment block
D:\rawrxd\itsmehrawrxd-master\data_source_adapters.asm(100) : error A2008:syntax error : .
D:\rawrxd\itsmehrawrxd-master\data_source_adapters.asm(101) : error A2034:must be in segment block
D:\rawrxd\itsmehrawrxd-master\data_source_adapters.asm(102) : error A2034:must be in segment block
D:\rawrxd\itsmehrawrxd-master\data_source_adapters.asm(104) : error A2008:syntax error : .
D:\rawrxd\itsmehrawrxd-master\data_source_adapters.asm(105) : error A2034:must be in segment block
D:\rawrxd\itsmehrawrxd-master\data_source_adapters.asm(106) : error A2034:must be in segment block
D:\rawrxd\itsmehrawrxd-master\data_source_adapters.asm(108) : error A2008:syntax error : .
D:\rawrxd\itsmehrawrxd-master\data_source_adapters.asm(109) : error A2034:must be in segment block
D:\rawrxd\itsmehrawrxd-master\data_source_adapters.asm(110) : error A2034:must be in segment block
D:\rawrxd\itsmehrawrxd-master\data_source_adapters.asm(111) : error A2034:must be in segment block
D:\rawrxd\itsmehrawrxd-master\data_source_adapters.asm(112) : error A2034:must be in segment block
D:\rawrxd\itsmehrawrxd-master\data_source_adapters.asm(113) : error A2034:must be in segment block
D:\rawrxd\itsmehrawrxd-master\data_source_adapters.asm(114) : error A2034:must be in segment block
D:\rawrxd\itsmehrawrxd-master\data_source_adapters.asm(115) : error A2034:must be in segment block
D:\rawrxd\itsmehrawrxd-master\data_source_adapters.asm(117) : error A2008:syntax error : .
D:\rawrxd\itsmehrawrxd-master\data_source_adapters.asm(118) : error A2034:must be in segment block
D:\rawrxd\itsmehrawrxd-master\data_source_adapters.asm(119) : error A2034:must be in segment block
D:\rawrxd\itsmehrawrxd-master\data_source_adapters.asm(120) : error A2034:must be in segment block
D:\rawrxd\itsmehrawrxd-master\data_source_adapters.asm(121) : error A2034:must be in segment block
D:\rawrxd\itsmehrawrxd-master\data_source_adapters.asm(122) : error A2034:must be in segment block
D:\rawrxd\itsmehrawrxd-master\data_source_adapters.asm(123) : error A2034:must be in segment block
D:\rawrxd\itsmehrawrxd-master\data_source_adapters.asm(124) : error A2034:must be in segment block
D:\rawrxd\itsmehrawrxd-master\data_source_adapters.asm(129) : error A2034:must be in segment block
D:\rawrxd\itsmehrawrxd-master\data_source_adapters.asm(130) : error A2034:must be in segment block
D:\rawrxd\itsmehrawrxd-master\data_source_adapters.asm(131) : error A2034:must be in segment block
D:\rawrxd\itsmehrawrxd-master\data_source_adapters.asm(132) : error A2034:must be in segment block
D:\rawrxd\itsmehrawrxd-master\data_source_adapters.asm(135) : error A2034:must be in segment block
D:\rawrxd\itsmehrawrxd-master\data_source_adapters.asm(136) : error A2034:must be in segment block
D:\rawrxd\itsmehrawrxd-master\data_source_adapters.asm(137) : error A2034:must be in segment block
D:\rawrxd\itsmehrawrxd-master\data_source_adapters.asm(139) : error A2034:must be in segment block
D:\rawrxd\itsmehrawrxd-master\data_source_adapters.asm(140) : error A2034:must be in segment block
D:\rawrxd\itsmehrawrxd-master\data_source_adapters.asm(142) : fatal error A1012:error count exceeds 100; stopping assembly
