 Assembling: D:\rawrxd\history\-2055b1f6\dCP5.asm
D:\rawrxd\history\-2055b1f6\dCP5.asm(27) : error A2008:syntax error : .
D:\rawrxd\history\-2055b1f6\dCP5.asm(28) : error A2008:syntax error : .
D:\rawrxd\history\-2055b1f6\dCP5.asm(29) : error A2008:syntax error : .
D:\rawrxd\history\-2055b1f6\dCP5.asm(30) : error A2008:syntax error : .
D:\rawrxd\history\-2055b1f6\dCP5.asm(69) : error A2034:must be in segment block
D:\rawrxd\history\-2055b1f6\dCP5.asm(70) : error A2034:must be in segment block
D:\rawrxd\history\-2055b1f6\dCP5.asm(71) : error A2034:must be in segment block
D:\rawrxd\history\-2055b1f6\dCP5.asm(72) : error A2034:must be in segment block
D:\rawrxd\history\-2055b1f6\dCP5.asm(172) : error A2008:syntax error : lock
D:\rawrxd\history\-2055b1f6\dCP5.asm(181) : error A2179:structure improperly initialized
D:\rawrxd\history\-2055b1f6\dCP5.asm(181) : error A2008:syntax error : in structure
D:\rawrxd\history\-2055b1f6\dCP5.asm(317) : error A2008:syntax error : lock
D:\rawrxd\history\-2055b1f6\dCP5.asm(476) : error A2008:syntax error : lock
D:\rawrxd\history\-2055b1f6\dCP5.asm(482) : error A2008:syntax error : lock
D:\rawrxd\history\-2055b1f6\dCP5.asm(655) : error A2008:syntax error : lock
D:\rawrxd\history\-2055b1f6\dCP5.asm(658) : error A2008:syntax error : lock
D:\rawrxd\history\-2055b1f6\dCP5.asm(722) : error A2008:syntax error : lock
D:\rawrxd\history\-2055b1f6\dCP5.asm(725) : error A2008:syntax error : lock
D:\rawrxd\history\-2055b1f6\dCP5.asm(927) : error A2008:syntax error : name
D:\rawrxd\history\-2055b1f6\dCP5.asm(1005) : error A2008:syntax error : lock
D:\rawrxd\history\-2055b1f6\dCP5.asm(1031) : error A2008:syntax error : lock
D:\rawrxd\history\-2055b1f6\dCP5.asm(321) : error A2006:undefined symbol
D:\rawrxd\history\-2055b1f6\dCP5.asm(322) : error A2006:undefined symbol
D:\rawrxd\history\-2055b1f6\dCP5.asm(331) : error A2006:undefined symbol
D:\rawrxd\history\-2055b1f6\dCP5.asm(339) : error A2006:undefined symbol
D:\rawrxd\history\-2055b1f6\dCP5.asm(201) : error A2187:must use floating-point initializer
D:\rawrxd\history\-2055b1f6\dCP5.asm(201) : error A2006:undefined symbol : DEFAULT_TOP_K
