 Assembling: D:\rawrxd\history\-23b9bff1\DQW1.asm
D:\rawrxd\history\-23b9bff1\DQW1.asm(6) : error A2008:syntax error : bits
D:\rawrxd\history\-23b9bff1\DQW1.asm(7) : error A2008:syntax error : default
D:\rawrxd\history\-23b9bff1\DQW1.asm(9) : error A2008:syntax error : section
D:\rawrxd\history\-23b9bff1\DQW1.asm(11) : error A2034:must be in segment block
D:\rawrxd\history\-23b9bff1\DQW1.asm(12) : error A2034:must be in segment block
D:\rawrxd\history\-23b9bff1\DQW1.asm(13) : error A2034:must be in segment block
D:\rawrxd\history\-23b9bff1\DQW1.asm(14) : error A2034:must be in segment block
D:\rawrxd\history\-23b9bff1\DQW1.asm(16) : error A2034:must be in segment block
D:\rawrxd\history\-23b9bff1\DQW1.asm(17) : error A2034:must be in segment block
D:\rawrxd\history\-23b9bff1\DQW1.asm(20) : error A2034:must be in segment block
D:\rawrxd\history\-23b9bff1\DQW1.asm(21) : error A2034:must be in segment block
D:\rawrxd\history\-23b9bff1\DQW1.asm(22) : error A2034:must be in segment block
D:\rawrxd\history\-23b9bff1\DQW1.asm(24) : error A2008:syntax error : section
D:\rawrxd\history\-23b9bff1\DQW1.asm(26) : error A2008:syntax error : hFile
D:\rawrxd\history\-23b9bff1\DQW1.asm(27) : error A2008:syntax error : fileSize
D:\rawrxd\history\-23b9bff1\DQW1.asm(28) : error A2008:syntax error : bytesRead
D:\rawrxd\history\-23b9bff1\DQW1.asm(29) : error A2008:syntax error : bytesWritten
D:\rawrxd\history\-23b9bff1\DQW1.asm(32) : error A2008:syntax error : ofn
D:\rawrxd\history\-23b9bff1\DQW1.asm(35) : error A2008:syntax error : sharedFileBuffer
D:\rawrxd\history\-23b9bff1\DQW1.asm(36) : error A2008:syntax error : sharedFileSize
D:\rawrxd\history\-23b9bff1\DQW1.asm(37) : error A2008:syntax error : sharedFileName
D:\rawrxd\history\-23b9bff1\DQW1.asm(39) : error A2008:syntax error : section
D:\rawrxd\history\-23b9bff1\DQW1.asm(41) : error A2008:syntax error : in directive
D:\rawrxd\history\-23b9bff1\DQW1.asm(42) : error A2008:syntax error : in directive
D:\rawrxd\history\-23b9bff1\DQW1.asm(43) : error A2008:syntax error : in directive
D:\rawrxd\history\-23b9bff1\DQW1.asm(44) : error A2008:syntax error : in directive
D:\rawrxd\history\-23b9bff1\DQW1.asm(45) : error A2008:syntax error : in directive
D:\rawrxd\history\-23b9bff1\DQW1.asm(46) : error A2008:syntax error : in directive
D:\rawrxd\history\-23b9bff1\DQW1.asm(47) : error A2008:syntax error : in directive
D:\rawrxd\history\-23b9bff1\DQW1.asm(48) : error A2008:syntax error : in directive
D:\rawrxd\history\-23b9bff1\DQW1.asm(51) : error A2008:syntax error : in directive
D:\rawrxd\history\-23b9bff1\DQW1.asm(52) : error A2008:syntax error : in directive
D:\rawrxd\history\-23b9bff1\DQW1.asm(53) : error A2008:syntax error : in directive
D:\rawrxd\history\-23b9bff1\DQW1.asm(54) : error A2008:syntax error : in directive
D:\rawrxd\history\-23b9bff1\DQW1.asm(56) : error A2008:syntax error : global
D:\rawrxd\history\-23b9bff1\DQW1.asm(57) : error A2008:syntax error : global
D:\rawrxd\history\-23b9bff1\DQW1.asm(58) : error A2008:syntax error : global
D:\rawrxd\history\-23b9bff1\DQW1.asm(59) : error A2008:syntax error : global
D:\rawrxd\history\-23b9bff1\DQW1.asm(60) : error A2008:syntax error : global
D:\rawrxd\history\-23b9bff1\DQW1.asm(61) : error A2008:syntax error : global
D:\rawrxd\history\-23b9bff1\DQW1.asm(68) : error A2034:must be in segment block
D:\rawrxd\history\-23b9bff1\DQW1.asm(69) : error A2034:must be in segment block
D:\rawrxd\history\-23b9bff1\DQW1.asm(70) : error A2034:must be in segment block
D:\rawrxd\history\-23b9bff1\DQW1.asm(71) : error A2034:must be in segment block
D:\rawrxd\history\-23b9bff1\DQW1.asm(72) : error A2034:must be in segment block
D:\rawrxd\history\-23b9bff1\DQW1.asm(73) : error A2034:must be in segment block
D:\rawrxd\history\-23b9bff1\DQW1.asm(76) : error A2034:must be in segment block
D:\rawrxd\history\-23b9bff1\DQW1.asm(77) : error A2034:must be in segment block
D:\rawrxd\history\-23b9bff1\DQW1.asm(78) : error A2034:must be in segment block
D:\rawrxd\history\-23b9bff1\DQW1.asm(79) : error A2034:must be in segment block
D:\rawrxd\history\-23b9bff1\DQW1.asm(82) : error A2034:must be in segment block
D:\rawrxd\history\-23b9bff1\DQW1.asm(83) : error A2034:must be in segment block
D:\rawrxd\history\-23b9bff1\DQW1.asm(84) : error A2034:must be in segment block
D:\rawrxd\history\-23b9bff1\DQW1.asm(85) : error A2034:must be in segment block
D:\rawrxd\history\-23b9bff1\DQW1.asm(87) : error A2008:syntax error : in directive
D:\rawrxd\history\-23b9bff1\DQW1.asm(88) : error A2034:must be in segment block
D:\rawrxd\history\-23b9bff1\DQW1.asm(89) : error A2034:must be in segment block
D:\rawrxd\history\-23b9bff1\DQW1.asm(90) : error A2034:must be in segment block
D:\rawrxd\history\-23b9bff1\DQW1.asm(92) : error A2034:must be in segment block
D:\rawrxd\history\-23b9bff1\DQW1.asm(93) : error A2034:must be in segment block
D:\rawrxd\history\-23b9bff1\DQW1.asm(95) : error A2034:must be in segment block
D:\rawrxd\history\-23b9bff1\DQW1.asm(96) : error A2034:must be in segment block
D:\rawrxd\history\-23b9bff1\DQW1.asm(98) : error A2034:must be in segment block
D:\rawrxd\history\-23b9bff1\DQW1.asm(101) : error A2034:must be in segment block
D:\rawrxd\history\-23b9bff1\DQW1.asm(102) : error A2034:must be in segment block
D:\rawrxd\history\-23b9bff1\DQW1.asm(104) : error A2034:must be in segment block
D:\rawrxd\history\-23b9bff1\DQW1.asm(105) : error A2034:must be in segment block
D:\rawrxd\history\-23b9bff1\DQW1.asm(106) : error A2034:must be in segment block
D:\rawrxd\history\-23b9bff1\DQW1.asm(107) : error A2034:must be in segment block
D:\rawrxd\history\-23b9bff1\DQW1.asm(108) : error A2034:must be in segment block
D:\rawrxd\history\-23b9bff1\DQW1.asm(114) : error A2034:must be in segment block
D:\rawrxd\history\-23b9bff1\DQW1.asm(115) : error A2034:must be in segment block
D:\rawrxd\history\-23b9bff1\DQW1.asm(116) : error A2034:must be in segment block
D:\rawrxd\history\-23b9bff1\DQW1.asm(117) : error A2034:must be in segment block
D:\rawrxd\history\-23b9bff1\DQW1.asm(118) : error A2034:must be in segment block
D:\rawrxd\history\-23b9bff1\DQW1.asm(121) : error A2034:must be in segment block
D:\rawrxd\history\-23b9bff1\DQW1.asm(122) : error A2034:must be in segment block
D:\rawrxd\history\-23b9bff1\DQW1.asm(123) : error A2034:must be in segment block
D:\rawrxd\history\-23b9bff1\DQW1.asm(124) : error A2034:must be in segment block
D:\rawrxd\history\-23b9bff1\DQW1.asm(127) : error A2034:must be in segment block
D:\rawrxd\history\-23b9bff1\DQW1.asm(128) : error A2034:must be in segment block
D:\rawrxd\history\-23b9bff1\DQW1.asm(129) : error A2034:must be in segment block
D:\rawrxd\history\-23b9bff1\DQW1.asm(130) : error A2034:must be in segment block
D:\rawrxd\history\-23b9bff1\DQW1.asm(132) : error A2008:syntax error : in directive
D:\rawrxd\history\-23b9bff1\DQW1.asm(133) : error A2034:must be in segment block
D:\rawrxd\history\-23b9bff1\DQW1.asm(134) : error A2034:must be in segment block
D:\rawrxd\history\-23b9bff1\DQW1.asm(135) : error A2034:must be in segment block
D:\rawrxd\history\-23b9bff1\DQW1.asm(137) : error A2034:must be in segment block
D:\rawrxd\history\-23b9bff1\DQW1.asm(138) : error A2034:must be in segment block
D:\rawrxd\history\-23b9bff1\DQW1.asm(140) : error A2034:must be in segment block
D:\rawrxd\history\-23b9bff1\DQW1.asm(141) : error A2034:must be in segment block
D:\rawrxd\history\-23b9bff1\DQW1.asm(143) : error A2034:must be in segment block
D:\rawrxd\history\-23b9bff1\DQW1.asm(146) : error A2034:must be in segment block
D:\rawrxd\history\-23b9bff1\DQW1.asm(147) : error A2034:must be in segment block
D:\rawrxd\history\-23b9bff1\DQW1.asm(149) : error A2034:must be in segment block
D:\rawrxd\history\-23b9bff1\DQW1.asm(150) : error A2034:must be in segment block
D:\rawrxd\history\-23b9bff1\DQW1.asm(151) : error A2034:must be in segment block
D:\rawrxd\history\-23b9bff1\DQW1.asm(152) : error A2034:must be in segment block
D:\rawrxd\history\-23b9bff1\DQW1.asm(159) : error A2034:must be in segment block
D:\rawrxd\history\-23b9bff1\DQW1.asm(160) : error A2034:must be in segment block
D:\rawrxd\history\-23b9bff1\DQW1.asm(161) : fatal error A1012:error count exceeds 100; stopping assembly
