 Assembling: D:\rawrxd\src\dumpbin_final_backup.asm
D:\rawrxd\src\dumpbin_final_backup.asm(10) : error A2008:syntax error : .
D:\rawrxd\src\dumpbin_final_backup.asm(11) : error A2008:syntax error : .

***********
ASCII build
***********

C:\masm32\include\windows.inc(9750) : error A2008:syntax error : dword
C:\masm32\include\windows.inc(10183) : error A2008:syntax error : frame
C:\masm32\include\windows.inc(16333) : error A2008:syntax error : dword
C:\masm32\include\windows.inc(18862) : error A2008:syntax error : Frame
C:\masm32\include\windows.inc(24749) : error A2042:statement too complex
C:\masm32\include\winextra.inc(11052) : error A2026:constant expected
C:\masm32\include\winextra.inc(11053) : error A2026:constant expected
D:\rawrxd\src\dumpbin_final_backup.asm(185) : error A2179:structure improperly initialized
D:\rawrxd\src\dumpbin_final_backup.asm(185) : error A2008:syntax error : in structure
D:\rawrxd\src\dumpbin_final_backup.asm(206) : error A2179:structure improperly initialized
D:\rawrxd\src\dumpbin_final_backup.asm(206) : error A2008:syntax error : in structure
D:\rawrxd\src\dumpbin_final_backup.asm(240) : error A2008:syntax error : invoke
D:\rawrxd\src\dumpbin_final_backup.asm(242) : error A2008:syntax error : invoke
D:\rawrxd\src\dumpbin_final_backup.asm(245) : error A2008:syntax error : WriteConsoleA
D:\rawrxd\src\dumpbin_final_backup.asm(250) : error A2008:syntax error : invoke
D:\rawrxd\src\dumpbin_final_backup.asm(275) : error A2008:syntax error : WriteConsoleA
D:\rawrxd\src\dumpbin_final_backup.asm(302) : error A2008:syntax error : WriteConsoleA
D:\rawrxd\src\dumpbin_final_backup.asm(303) : error A2008:syntax error : ,
D:\rawrxd\src\dumpbin_final_backup.asm(305) : error A2008:syntax error : invoke
D:\rawrxd\src\dumpbin_final_backup.asm(310) : error A2008:syntax error : invoke
D:\rawrxd\src\dumpbin_final_backup.asm(313) : error A2008:syntax error : invoke
D:\rawrxd\src\dumpbin_final_backup.asm(316) : error A2008:syntax error : invoke
D:\rawrxd\src\dumpbin_final_backup.asm(317) : error A2008:syntax error : invoke
D:\rawrxd\src\dumpbin_final_backup.asm(329) : error A2008:syntax error : WriteConsoleA
D:\rawrxd\src\dumpbin_final_backup.asm(363) : error A2008:syntax error : wsprintfA
D:\rawrxd\src\dumpbin_final_backup.asm(364) : error A2008:syntax error : WriteConsoleA
D:\rawrxd\src\dumpbin_final_backup.asm(377) : error A2008:syntax error : WriteConsoleA
D:\rawrxd\src\dumpbin_final_backup.asm(381) : error A2008:syntax error : WriteConsoleA
D:\rawrxd\src\dumpbin_final_backup.asm(392) : error A2008:syntax error : wsprintfA
D:\rawrxd\src\dumpbin_final_backup.asm(393) : error A2008:syntax error : WriteConsoleA
D:\rawrxd\src\dumpbin_final_backup.asm(417) : error A2008:syntax error : WriteConsoleA
D:\rawrxd\src\dumpbin_final_backup.asm(424) : error A2008:syntax error : WriteConsoleA
D:\rawrxd\src\dumpbin_final_backup.asm(437) : error A2008:syntax error : invoke
D:\rawrxd\src\dumpbin_final_backup.asm(459) : error A2008:syntax error : invoke
D:\rawrxd\src\dumpbin_final_backup.asm(467) : error A2008:syntax error : invoke
D:\rawrxd\src\dumpbin_final_backup.asm(617) : error A2070:invalid instruction operands
D:\rawrxd\src\dumpbin_final_backup.asm(622) : error A2070:invalid instruction operands
D:\rawrxd\src\dumpbin_final_backup.asm(659) : error A2005:symbol redefinition : hFile
D:\rawrxd\src\dumpbin_final_backup.asm(664) : error A2008:syntax error : strlen
D:\rawrxd\src\dumpbin_final_backup.asm(667) : error A2008:syntax error : invoke
D:\rawrxd\src\dumpbin_final_backup.asm(702) : error A2008:syntax error : invoke
D:\rawrxd\src\dumpbin_final_backup.asm(711) : error A2008:syntax error : invoke
D:\rawrxd\src\dumpbin_final_backup.asm(824) : error A2070:invalid instruction operands
D:\rawrxd\src\dumpbin_final_backup.asm(868) : error A2001:immediate operand not allowed
D:\rawrxd\src\dumpbin_final_backup.asm(878) : error A2001:immediate operand not allowed
D:\rawrxd\src\dumpbin_final_backup.asm(879) : error A2001:immediate operand not allowed
D:\rawrxd\src\dumpbin_final_backup.asm(880) : error A2001:immediate operand not allowed
D:\rawrxd\src\dumpbin_final_backup.asm(881) : error A2001:immediate operand not allowed
D:\rawrxd\src\dumpbin_final_backup.asm(923) : error A2001:immediate operand not allowed
D:\rawrxd\src\dumpbin_final_backup.asm(927) : error A2001:immediate operand not allowed
D:\rawrxd\src\dumpbin_final_backup.asm(930) : error A2001:immediate operand not allowed
D:\rawrxd\src\dumpbin_final_backup.asm(982) : error A2008:syntax error : integer
D:\rawrxd\src\dumpbin_final_backup.asm(1200) : error A2005:symbol redefinition : hFile
D:\rawrxd\src\dumpbin_final_backup.asm(1202) : error A2008:syntax error : invoke
D:\rawrxd\src\dumpbin_final_backup.asm(1208) : error A2008:syntax error : WriteFile
D:\rawrxd\src\dumpbin_final_backup.asm(1209) : error A2008:syntax error : WriteFile
D:\rawrxd\src\dumpbin_final_backup.asm(1218) : error A2008:syntax error : invoke
D:\rawrxd\src\dumpbin_final_backup.asm(1263) : error A2005:symbol redefinition : hFile
D:\rawrxd\src\dumpbin_final_backup.asm(1264) : error A2008:syntax error : integer
D:\rawrxd\src\dumpbin_final_backup.asm(1267) : error A2008:syntax error : invoke
D:\rawrxd\src\dumpbin_final_backup.asm(1276) : error A2008:syntax error : invoke
D:\rawrxd\src\dumpbin_final_backup.asm(1287) : error A2008:syntax error : invoke
D:\rawrxd\src\dumpbin_final_backup.asm(1309) : error A2008:syntax error : invoke
D:\rawrxd\src\dumpbin_final_backup.asm(1312) : error A2008:syntax error : invoke
D:\rawrxd\src\dumpbin_final_backup.asm(1321) : error A2008:syntax error : invoke
D:\rawrxd\src\dumpbin_final_backup.asm(1322) : error A2008:syntax error : invoke
D:\rawrxd\src\dumpbin_final_backup.asm(1324) : error A2070:invalid instruction operands
D:\rawrxd\src\dumpbin_final_backup.asm(1347) : error A2008:syntax error : invoke
D:\rawrxd\src\dumpbin_final_backup.asm(1350) : error A2008:syntax error : invoke
D:\rawrxd\src\dumpbin_final_backup.asm(1364) : error A2008:syntax error
D:\rawrxd\src\dumpbin_final_backup.asm(1382) : error A2008:syntax error : strcat
D:\rawrxd\src\dumpbin_final_backup.asm(1384) : error A2008:syntax error : invoke
D:\rawrxd\src\dumpbin_final_backup.asm(1393) : error A2008:syntax error : invoke
D:\rawrxd\src\dumpbin_final_backup.asm(1397) : error A2008:syntax error : invoke
D:\rawrxd\src\dumpbin_final_backup.asm(1422) : error A2008:syntax error : WriteConsoleA
D:\rawrxd\src\dumpbin_final_backup.asm(1448) : error A2070:invalid instruction operands
D:\rawrxd\src\dumpbin_final_backup.asm(1456) : error A2008:syntax error : pushad
D:\rawrxd\src\dumpbin_final_backup.asm(1457) : error A2008:syntax error : wsprintfA
D:\rawrxd\src\dumpbin_final_backup.asm(1459) : error A2008:syntax error : WriteConsoleA
D:\rawrxd\src\dumpbin_final_backup.asm(1460) : error A2008:syntax error : popad
D:\rawrxd\src\dumpbin_final_backup.asm(1469) : error A2008:syntax error : pushad
D:\rawrxd\src\dumpbin_final_backup.asm(1474) : error A2008:syntax error : wsprintfA
D:\rawrxd\src\dumpbin_final_backup.asm(1476) : error A2008:syntax error : WriteConsoleA
D:\rawrxd\src\dumpbin_final_backup.asm(1477) : error A2008:syntax error : popad
D:\rawrxd\src\dumpbin_final_backup.asm(1487) : error A2008:syntax error : pushad
D:\rawrxd\src\dumpbin_final_backup.asm(1488) : error A2008:syntax error : invoke
D:\rawrxd\src\dumpbin_final_backup.asm(1489) : error A2008:syntax error : WriteConsoleA
D:\rawrxd\src\dumpbin_final_backup.asm(1490) : error A2008:syntax error : popad
D:\rawrxd\src\dumpbin_final_backup.asm(1494) : error A2008:syntax error : WriteConsoleA
D:\rawrxd\src\dumpbin_final_backup.asm(1507) : error A2008:syntax error : invoke
D:\rawrxd\src\dumpbin_final_backup.asm(1508) : error A2008:syntax error : invoke
D:\rawrxd\src\dumpbin_final_backup.asm(1518) : error A2008:syntax error : invoke
D:\rawrxd\src\dumpbin_final_backup.asm(1519) : error A2008:syntax error : invoke
D:\rawrxd\src\dumpbin_final_backup.asm(1528) : error A2008:syntax error : invoke
D:\rawrxd\src\dumpbin_final_backup.asm(1529) : error A2008:syntax error : invoke
D:\rawrxd\src\dumpbin_final_backup.asm(1555) : error A2008:syntax error : invoke
D:\rawrxd\src\dumpbin_final_backup.asm(1556) : error A2008:syntax error : invoke
D:\rawrxd\src\dumpbin_final_backup.asm(1558) : error A2008:syntax error : lstrcpyA
D:\rawrxd\src\dumpbin_final_backup.asm(1560) : fatal error A1012:error count exceeds 100; stopping assembly
