 Assembling: D:\rawrxd\src\dumpbin_final.asm
D:\rawrxd\src\dumpbin_final.asm(10) : error A2008:syntax error : .
D:\rawrxd\src\dumpbin_final.asm(11) : error A2008:syntax error : .

***********
ASCII build
***********

C:\masm32\include\windows.inc(9750) : error A2008:syntax error : dword
C:\masm32\include\windows.inc(10183) : error A2008:syntax error : frame
C:\masm32\include\windows.inc(16333) : error A2008:syntax error : dword
C:\masm32\include\windows.inc(18862) : error A2008:syntax error : Frame
C:\masm32\include\windows.inc(24749) : error A2042:statement too complex
C:\masm32\include\winextra.inc(11052) : error A2026:constant expected
C:\masm32\include\winextra.inc(11053) : error A2026:constant expected
D:\rawrxd\src\dumpbin_final.asm(321) : error A2008:syntax error : invoke
D:\rawrxd\src\dumpbin_final.asm(323) : error A2008:syntax error : invoke
D:\rawrxd\src\dumpbin_final.asm(326) : error A2008:syntax error : WriteConsoleA
D:\rawrxd\src\dumpbin_final.asm(331) : error A2008:syntax error : invoke
D:\rawrxd\src\dumpbin_final.asm(356) : error A2008:syntax error : WriteConsoleA
D:\rawrxd\src\dumpbin_final.asm(383) : error A2008:syntax error : WriteConsoleA
D:\rawrxd\src\dumpbin_final.asm(385) : error A2008:syntax error : invoke
D:\rawrxd\src\dumpbin_final.asm(387) : error A2008:syntax error : invoke
D:\rawrxd\src\dumpbin_final.asm(392) : error A2008:syntax error : invoke
D:\rawrxd\src\dumpbin_final.asm(395) : error A2008:syntax error : invoke
D:\rawrxd\src\dumpbin_final.asm(398) : error A2008:syntax error : invoke
D:\rawrxd\src\dumpbin_final.asm(399) : error A2008:syntax error : invoke
D:\rawrxd\src\dumpbin_final.asm(411) : error A2008:syntax error : WriteConsoleA
D:\rawrxd\src\dumpbin_final.asm(445) : error A2008:syntax error : wsprintfA
D:\rawrxd\src\dumpbin_final.asm(446) : error A2008:syntax error : WriteConsoleA
D:\rawrxd\src\dumpbin_final.asm(459) : error A2008:syntax error : WriteConsoleA
D:\rawrxd\src\dumpbin_final.asm(463) : error A2008:syntax error : WriteConsoleA
D:\rawrxd\src\dumpbin_final.asm(474) : error A2008:syntax error : wsprintfA
D:\rawrxd\src\dumpbin_final.asm(475) : error A2008:syntax error : WriteConsoleA
D:\rawrxd\src\dumpbin_final.asm(499) : error A2008:syntax error : WriteConsoleA
D:\rawrxd\src\dumpbin_final.asm(506) : error A2008:syntax error : WriteConsoleA
D:\rawrxd\src\dumpbin_final.asm(519) : error A2008:syntax error : invoke
D:\rawrxd\src\dumpbin_final.asm(541) : error A2008:syntax error : invoke
D:\rawrxd\src\dumpbin_final.asm(549) : error A2008:syntax error : invoke
D:\rawrxd\src\dumpbin_final.asm(699) : error A2070:invalid instruction operands
D:\rawrxd\src\dumpbin_final.asm(704) : error A2070:invalid instruction operands
D:\rawrxd\src\dumpbin_final.asm(746) : error A2008:syntax error : strlen
D:\rawrxd\src\dumpbin_final.asm(749) : error A2008:syntax error : invoke
D:\rawrxd\src\dumpbin_final.asm(791) : error A2008:syntax error : invoke
D:\rawrxd\src\dumpbin_final.asm(800) : error A2008:syntax error : invoke
D:\rawrxd\src\dumpbin_final.asm(1299) : error A2008:syntax error : invoke
D:\rawrxd\src\dumpbin_final.asm(1305) : error A2008:syntax error : WriteFile
D:\rawrxd\src\dumpbin_final.asm(1306) : error A2008:syntax error : WriteFile
D:\rawrxd\src\dumpbin_final.asm(1315) : error A2008:syntax error : invoke
D:\rawrxd\src\dumpbin_final.asm(1364) : error A2008:syntax error : invoke
D:\rawrxd\src\dumpbin_final.asm(1373) : error A2008:syntax error : invoke
D:\rawrxd\src\dumpbin_final.asm(1384) : error A2008:syntax error : invoke
D:\rawrxd\src\dumpbin_final.asm(1406) : error A2008:syntax error : invoke
D:\rawrxd\src\dumpbin_final.asm(1409) : error A2008:syntax error : invoke
D:\rawrxd\src\dumpbin_final.asm(1419) : error A2008:syntax error : ReadFile
D:\rawrxd\src\dumpbin_final.asm(1421) : error A2008:syntax error : ReadFile
D:\rawrxd\src\dumpbin_final.asm(1449) : error A2008:syntax error : invoke
D:\rawrxd\src\dumpbin_final.asm(1452) : error A2008:syntax error : invoke
D:\rawrxd\src\dumpbin_final.asm(1484) : error A2008:syntax error : strcat
D:\rawrxd\src\dumpbin_final.asm(1486) : error A2008:syntax error : invoke
D:\rawrxd\src\dumpbin_final.asm(1495) : error A2008:syntax error : invoke
D:\rawrxd\src\dumpbin_final.asm(1499) : error A2008:syntax error : invoke
D:\rawrxd\src\dumpbin_final.asm(1524) : error A2008:syntax error : WriteConsoleA
D:\rawrxd\src\dumpbin_final.asm(1525) : error A2008:syntax error : WriteConsoleA
D:\rawrxd\src\dumpbin_final.asm(1640) : error A2008:syntax error : pushad
D:\rawrxd\src\dumpbin_final.asm(1648) : error A2008:syntax error : CryptDecodeObjectEx
D:\rawrxd\src\dumpbin_final.asm(1660) : error A2008:syntax error : WriteConsoleA
D:\rawrxd\src\dumpbin_final.asm(1668) : error A2008:syntax error : CertNameToStrA
D:\rawrxd\src\dumpbin_final.asm(1672) : error A2008:syntax error : invoke
D:\rawrxd\src\dumpbin_final.asm(1673) : error A2008:syntax error : WriteConsoleA
D:\rawrxd\src\dumpbin_final.asm(1681) : error A2008:syntax error : CertNameToStrA
D:\rawrxd\src\dumpbin_final.asm(1685) : error A2008:syntax error : invoke
D:\rawrxd\src\dumpbin_final.asm(1686) : error A2008:syntax error : WriteConsoleA
D:\rawrxd\src\dumpbin_final.asm(1705) : error A2008:syntax error : invoke
D:\rawrxd\src\dumpbin_final.asm(1706) : error A2008:syntax error : invoke
D:\rawrxd\src\dumpbin_final.asm(1709) : error A2008:syntax error : invoke
D:\rawrxd\src\dumpbin_final.asm(1711) : error A2008:syntax error : invoke
D:\rawrxd\src\dumpbin_final.asm(1712) : error A2008:syntax error : WriteConsoleA
D:\rawrxd\src\dumpbin_final.asm(1714) : error A2008:syntax error : invoke
D:\rawrxd\src\dumpbin_final.asm(1716) : error A2008:syntax error : invoke
D:\rawrxd\src\dumpbin_final.asm(1717) : error A2008:syntax error : WriteConsoleA
D:\rawrxd\src\dumpbin_final.asm(1720) : error A2008:syntax error : invoke
D:\rawrxd\src\dumpbin_final.asm(1733) : error A2008:syntax error : WriteConsoleA
D:\rawrxd\src\dumpbin_final.asm(1740) : error A2008:syntax error : WriteConsoleA
D:\rawrxd\src\dumpbin_final.asm(1744) : error A2008:syntax error : wsprintfA
D:\rawrxd\src\dumpbin_final.asm(1745) : error A2008:syntax error : WriteConsoleA
D:\rawrxd\src\dumpbin_final.asm(1749) : error A2008:syntax error : WriteConsoleA
D:\rawrxd\src\dumpbin_final.asm(1755) : error A2008:syntax error : main
D:\rawrxd\src\dumpbin_final.asm(1755) : error A2088:END directive required at end of file
D:\rawrxd\src\dumpbin_final.asm(553) : error A2082:cannot mix 16- and 32-bit registers
D:\rawrxd\src\dumpbin_final.asm(922) : error A2009:syntax error in expression
D:\rawrxd\src\dumpbin_final.asm(556) : warning A6004:procedure argument or local not referenced : dwMax
D:\rawrxd\src\dumpbin_final.asm(753) : warning A6004:procedure argument or local not referenced : hFileOut
D:\rawrxd\src\dumpbin_final.asm(962) : warning A6004:procedure argument or local not referenced : lpBuffer
D:\rawrxd\src\dumpbin_final.asm(1323) : warning A6004:procedure argument or local not referenced : lpOutputPath
D:\rawrxd\src\dumpbin_final.asm(1323) : warning A6004:procedure argument or local not referenced : dwWritten
D:\rawrxd\src\dumpbin_final.asm(1392) : warning A6004:procedure argument or local not referenced : lpFilePath
D:\rawrxd\src\dumpbin_final.asm(1392) : warning A6004:procedure argument or local not referenced : dwHashType
D:\rawrxd\src\dumpbin_final.asm(1392) : warning A6004:procedure argument or local not referenced : bBuffer
D:\rawrxd\src\dumpbin_final.asm(1458) : warning A6004:procedure argument or local not referenced : lpFile1
D:\rawrxd\src\dumpbin_final.asm(1458) : warning A6004:procedure argument or local not referenced : lpFile2
D:\rawrxd\src\dumpbin_final.asm(1506) : warning A6004:procedure argument or local not referenced : szFullPath
D:\rawrxd\src\dumpbin_final.asm(1529) : warning A6004:procedure argument or local not referenced : i
D:\rawrxd\src\dumpbin_final.asm(1529) : warning A6004:procedure argument or local not referenced : j
D:\rawrxd\src\dumpbin_final.asm(1529) : warning A6004:procedure argument or local not referenced : dwMatchCount
D:\rawrxd\src\dumpbin_final.asm(1529) : warning A6004:procedure argument or local not referenced : dwRuleCount
D:\rawrxd\src\dumpbin_final.asm(1542) : warning A6004:procedure argument or local not referenced : pRule
D:\rawrxd\src\dumpbin_final.asm(1753) : warning A6004:procedure argument or local not referenced : dwCertEncoding
D:\rawrxd\src\dumpbin_final.asm(1753) : warning A6004:procedure argument or local not referenced : dwContentType
D:\rawrxd\src\dumpbin_final.asm(1753) : warning A6004:procedure argument or local not referenced : dwFormatType
D:\rawrxd\src\dumpbin_final.asm(1753) : warning A6004:procedure argument or local not referenced : szCertName
D:\rawrxd\src\dumpbin_final.asm(1753) : warning A6004:procedure argument or local not referenced : szCertIssuer
D:\rawrxd\src\dumpbin_final.asm(1753) : warning A6004:procedure argument or local not referenced : szCertDate
D:\rawrxd\src\dumpbin_final.asm(1753) : warning A6004:procedure argument or local not referenced : stNotBefore
D:\rawrxd\src\dumpbin_final.asm(1753) : warning A6004:procedure argument or local not referenced : stNotAfter
