 Assembling: D:\rawrxd\history\runoff\part_0024\e__RawrXD_itsmehrawrxd-master_universal_compiler_runtime.asm
D:\rawrxd\history\runoff\part_0024\e__RawrXD_itsmehrawrxd-master_universal_compiler_runtime.asm(5) : error A2008:syntax error : default
D:\rawrxd\history\runoff\part_0024\e__RawrXD_itsmehrawrxd-master_universal_compiler_runtime.asm(7) : error A2008:syntax error : section
D:\rawrxd\history\runoff\part_0024\e__RawrXD_itsmehrawrxd-master_universal_compiler_runtime.asm(8) : error A2034:must be in segment block
D:\rawrxd\history\runoff\part_0024\e__RawrXD_itsmehrawrxd-master_universal_compiler_runtime.asm(9) : error A2034:must be in segment block
D:\rawrxd\history\runoff\part_0024\e__RawrXD_itsmehrawrxd-master_universal_compiler_runtime.asm(10) : error A2034:must be in segment block
D:\rawrxd\history\runoff\part_0024\e__RawrXD_itsmehrawrxd-master_universal_compiler_runtime.asm(11) : error A2034:must be in segment block
D:\rawrxd\history\runoff\part_0024\e__RawrXD_itsmehrawrxd-master_universal_compiler_runtime.asm(12) : error A2034:must be in segment block
D:\rawrxd\history\runoff\part_0024\e__RawrXD_itsmehrawrxd-master_universal_compiler_runtime.asm(13) : error A2034:must be in segment block
D:\rawrxd\history\runoff\part_0024\e__RawrXD_itsmehrawrxd-master_universal_compiler_runtime.asm(16) : error A2034:must be in segment block
D:\rawrxd\history\runoff\part_0024\e__RawrXD_itsmehrawrxd-master_universal_compiler_runtime.asm(17) : error A2034:must be in segment block
D:\rawrxd\history\runoff\part_0024\e__RawrXD_itsmehrawrxd-master_universal_compiler_runtime.asm(20) : error A2034:must be in segment block
D:\rawrxd\history\runoff\part_0024\e__RawrXD_itsmehrawrxd-master_universal_compiler_runtime.asm(21) : error A2034:must be in segment block
D:\rawrxd\history\runoff\part_0024\e__RawrXD_itsmehrawrxd-master_universal_compiler_runtime.asm(22) : error A2034:must be in segment block
D:\rawrxd\history\runoff\part_0024\e__RawrXD_itsmehrawrxd-master_universal_compiler_runtime.asm(23) : error A2034:must be in segment block
D:\rawrxd\history\runoff\part_0024\e__RawrXD_itsmehrawrxd-master_universal_compiler_runtime.asm(25) : error A2008:syntax error : section
D:\rawrxd\history\runoff\part_0024\e__RawrXD_itsmehrawrxd-master_universal_compiler_runtime.asm(26) : error A2008:syntax error : global
D:\rawrxd\history\runoff\part_0024\e__RawrXD_itsmehrawrxd-master_universal_compiler_runtime.asm(27) : error A2008:syntax error : global
D:\rawrxd\history\runoff\part_0024\e__RawrXD_itsmehrawrxd-master_universal_compiler_runtime.asm(28) : error A2008:syntax error : global
D:\rawrxd\history\runoff\part_0024\e__RawrXD_itsmehrawrxd-master_universal_compiler_runtime.asm(29) : error A2008:syntax error : global
D:\rawrxd\history\runoff\part_0024\e__RawrXD_itsmehrawrxd-master_universal_compiler_runtime.asm(30) : error A2008:syntax error : global
D:\rawrxd\history\runoff\part_0024\e__RawrXD_itsmehrawrxd-master_universal_compiler_runtime.asm(31) : error A2008:syntax error : global
D:\rawrxd\history\runoff\part_0024\e__RawrXD_itsmehrawrxd-master_universal_compiler_runtime.asm(34) : error A2008:syntax error : global
D:\rawrxd\history\runoff\part_0024\e__RawrXD_itsmehrawrxd-master_universal_compiler_runtime.asm(35) : error A2008:syntax error : global
D:\rawrxd\history\runoff\part_0024\e__RawrXD_itsmehrawrxd-master_universal_compiler_runtime.asm(36) : error A2008:syntax error : global
D:\rawrxd\history\runoff\part_0024\e__RawrXD_itsmehrawrxd-master_universal_compiler_runtime.asm(37) : error A2008:syntax error : global
D:\rawrxd\history\runoff\part_0024\e__RawrXD_itsmehrawrxd-master_universal_compiler_runtime.asm(38) : error A2008:syntax error : global
D:\rawrxd\history\runoff\part_0024\e__RawrXD_itsmehrawrxd-master_universal_compiler_runtime.asm(39) : error A2008:syntax error : global
D:\rawrxd\history\runoff\part_0024\e__RawrXD_itsmehrawrxd-master_universal_compiler_runtime.asm(42) : error A2008:syntax error : global
D:\rawrxd\history\runoff\part_0024\e__RawrXD_itsmehrawrxd-master_universal_compiler_runtime.asm(43) : error A2008:syntax error : global
D:\rawrxd\history\runoff\part_0024\e__RawrXD_itsmehrawrxd-master_universal_compiler_runtime.asm(44) : error A2008:syntax error : global
D:\rawrxd\history\runoff\part_0024\e__RawrXD_itsmehrawrxd-master_universal_compiler_runtime.asm(45) : error A2008:syntax error : global
D:\rawrxd\history\runoff\part_0024\e__RawrXD_itsmehrawrxd-master_universal_compiler_runtime.asm(46) : error A2008:syntax error : global
D:\rawrxd\history\runoff\part_0024\e__RawrXD_itsmehrawrxd-master_universal_compiler_runtime.asm(47) : error A2008:syntax error : global
D:\rawrxd\history\runoff\part_0024\e__RawrXD_itsmehrawrxd-master_universal_compiler_runtime.asm(50) : error A2008:syntax error : global
D:\rawrxd\history\runoff\part_0024\e__RawrXD_itsmehrawrxd-master_universal_compiler_runtime.asm(51) : error A2008:syntax error : global
D:\rawrxd\history\runoff\part_0024\e__RawrXD_itsmehrawrxd-master_universal_compiler_runtime.asm(52) : error A2008:syntax error : global
D:\rawrxd\history\runoff\part_0024\e__RawrXD_itsmehrawrxd-master_universal_compiler_runtime.asm(53) : error A2008:syntax error : global
D:\rawrxd\history\runoff\part_0024\e__RawrXD_itsmehrawrxd-master_universal_compiler_runtime.asm(54) : error A2008:syntax error : global
D:\rawrxd\history\runoff\part_0024\e__RawrXD_itsmehrawrxd-master_universal_compiler_runtime.asm(55) : error A2008:syntax error : global
D:\rawrxd\history\runoff\part_0024\e__RawrXD_itsmehrawrxd-master_universal_compiler_runtime.asm(58) : error A2008:syntax error : global
D:\rawrxd\history\runoff\part_0024\e__RawrXD_itsmehrawrxd-master_universal_compiler_runtime.asm(59) : error A2008:syntax error : global
D:\rawrxd\history\runoff\part_0024\e__RawrXD_itsmehrawrxd-master_universal_compiler_runtime.asm(60) : error A2008:syntax error : global
D:\rawrxd\history\runoff\part_0024\e__RawrXD_itsmehrawrxd-master_universal_compiler_runtime.asm(61) : error A2008:syntax error : global
D:\rawrxd\history\runoff\part_0024\e__RawrXD_itsmehrawrxd-master_universal_compiler_runtime.asm(62) : error A2008:syntax error : global
D:\rawrxd\history\runoff\part_0024\e__RawrXD_itsmehrawrxd-master_universal_compiler_runtime.asm(63) : error A2008:syntax error : global
D:\rawrxd\history\runoff\part_0024\e__RawrXD_itsmehrawrxd-master_universal_compiler_runtime.asm(65) : error A2034:must be in segment block
D:\rawrxd\history\runoff\part_0024\e__RawrXD_itsmehrawrxd-master_universal_compiler_runtime.asm(66) : error A2034:must be in segment block
D:\rawrxd\history\runoff\part_0024\e__RawrXD_itsmehrawrxd-master_universal_compiler_runtime.asm(67) : error A2034:must be in segment block
D:\rawrxd\history\runoff\part_0024\e__RawrXD_itsmehrawrxd-master_universal_compiler_runtime.asm(68) : error A2034:must be in segment block
D:\rawrxd\history\runoff\part_0024\e__RawrXD_itsmehrawrxd-master_universal_compiler_runtime.asm(69) : error A2034:must be in segment block
D:\rawrxd\history\runoff\part_0024\e__RawrXD_itsmehrawrxd-master_universal_compiler_runtime.asm(70) : error A2034:must be in segment block
D:\rawrxd\history\runoff\part_0024\e__RawrXD_itsmehrawrxd-master_universal_compiler_runtime.asm(71) : error A2034:must be in segment block
D:\rawrxd\history\runoff\part_0024\e__RawrXD_itsmehrawrxd-master_universal_compiler_runtime.asm(72) : error A2034:must be in segment block
D:\rawrxd\history\runoff\part_0024\e__RawrXD_itsmehrawrxd-master_universal_compiler_runtime.asm(74) : error A2034:must be in segment block
D:\rawrxd\history\runoff\part_0024\e__RawrXD_itsmehrawrxd-master_universal_compiler_runtime.asm(75) : error A2034:must be in segment block
D:\rawrxd\history\runoff\part_0024\e__RawrXD_itsmehrawrxd-master_universal_compiler_runtime.asm(76) : error A2034:must be in segment block
D:\rawrxd\history\runoff\part_0024\e__RawrXD_itsmehrawrxd-master_universal_compiler_runtime.asm(77) : error A2034:must be in segment block
D:\rawrxd\history\runoff\part_0024\e__RawrXD_itsmehrawrxd-master_universal_compiler_runtime.asm(78) : error A2034:must be in segment block
D:\rawrxd\history\runoff\part_0024\e__RawrXD_itsmehrawrxd-master_universal_compiler_runtime.asm(79) : error A2034:must be in segment block
D:\rawrxd\history\runoff\part_0024\e__RawrXD_itsmehrawrxd-master_universal_compiler_runtime.asm(81) : error A2034:must be in segment block
D:\rawrxd\history\runoff\part_0024\e__RawrXD_itsmehrawrxd-master_universal_compiler_runtime.asm(82) : error A2034:must be in segment block
D:\rawrxd\history\runoff\part_0024\e__RawrXD_itsmehrawrxd-master_universal_compiler_runtime.asm(83) : error A2034:must be in segment block
D:\rawrxd\history\runoff\part_0024\e__RawrXD_itsmehrawrxd-master_universal_compiler_runtime.asm(85) : error A2034:must be in segment block
D:\rawrxd\history\runoff\part_0024\e__RawrXD_itsmehrawrxd-master_universal_compiler_runtime.asm(86) : error A2034:must be in segment block
D:\rawrxd\history\runoff\part_0024\e__RawrXD_itsmehrawrxd-master_universal_compiler_runtime.asm(87) : error A2034:must be in segment block
D:\rawrxd\history\runoff\part_0024\e__RawrXD_itsmehrawrxd-master_universal_compiler_runtime.asm(89) : error A2034:must be in segment block
D:\rawrxd\history\runoff\part_0024\e__RawrXD_itsmehrawrxd-master_universal_compiler_runtime.asm(90) : error A2034:must be in segment block
D:\rawrxd\history\runoff\part_0024\e__RawrXD_itsmehrawrxd-master_universal_compiler_runtime.asm(91) : error A2034:must be in segment block
D:\rawrxd\history\runoff\part_0024\e__RawrXD_itsmehrawrxd-master_universal_compiler_runtime.asm(93) : error A2034:must be in segment block
D:\rawrxd\history\runoff\part_0024\e__RawrXD_itsmehrawrxd-master_universal_compiler_runtime.asm(94) : error A2034:must be in segment block
D:\rawrxd\history\runoff\part_0024\e__RawrXD_itsmehrawrxd-master_universal_compiler_runtime.asm(95) : error A2034:must be in segment block
D:\rawrxd\history\runoff\part_0024\e__RawrXD_itsmehrawrxd-master_universal_compiler_runtime.asm(98) : error A2034:must be in segment block
D:\rawrxd\history\runoff\part_0024\e__RawrXD_itsmehrawrxd-master_universal_compiler_runtime.asm(100) : error A2034:must be in segment block
D:\rawrxd\history\runoff\part_0024\e__RawrXD_itsmehrawrxd-master_universal_compiler_runtime.asm(101) : error A2034:must be in segment block
D:\rawrxd\history\runoff\part_0024\e__RawrXD_itsmehrawrxd-master_universal_compiler_runtime.asm(103) : error A2034:must be in segment block
D:\rawrxd\history\runoff\part_0024\e__RawrXD_itsmehrawrxd-master_universal_compiler_runtime.asm(104) : error A2034:must be in segment block
D:\rawrxd\history\runoff\part_0024\e__RawrXD_itsmehrawrxd-master_universal_compiler_runtime.asm(106) : error A2034:must be in segment block
D:\rawrxd\history\runoff\part_0024\e__RawrXD_itsmehrawrxd-master_universal_compiler_runtime.asm(108) : error A2034:must be in segment block
D:\rawrxd\history\runoff\part_0024\e__RawrXD_itsmehrawrxd-master_universal_compiler_runtime.asm(109) : error A2034:must be in segment block
D:\rawrxd\history\runoff\part_0024\e__RawrXD_itsmehrawrxd-master_universal_compiler_runtime.asm(110) : error A2034:must be in segment block
D:\rawrxd\history\runoff\part_0024\e__RawrXD_itsmehrawrxd-master_universal_compiler_runtime.asm(111) : error A2034:must be in segment block
D:\rawrxd\history\runoff\part_0024\e__RawrXD_itsmehrawrxd-master_universal_compiler_runtime.asm(113) : error A2034:must be in segment block
D:\rawrxd\history\runoff\part_0024\e__RawrXD_itsmehrawrxd-master_universal_compiler_runtime.asm(115) : error A2034:must be in segment block
D:\rawrxd\history\runoff\part_0024\e__RawrXD_itsmehrawrxd-master_universal_compiler_runtime.asm(116) : error A2034:must be in segment block
D:\rawrxd\history\runoff\part_0024\e__RawrXD_itsmehrawrxd-master_universal_compiler_runtime.asm(117) : error A2034:must be in segment block
D:\rawrxd\history\runoff\part_0024\e__RawrXD_itsmehrawrxd-master_universal_compiler_runtime.asm(118) : error A2034:must be in segment block
D:\rawrxd\history\runoff\part_0024\e__RawrXD_itsmehrawrxd-master_universal_compiler_runtime.asm(120) : error A2034:must be in segment block
D:\rawrxd\history\runoff\part_0024\e__RawrXD_itsmehrawrxd-master_universal_compiler_runtime.asm(122) : error A2034:must be in segment block
D:\rawrxd\history\runoff\part_0024\e__RawrXD_itsmehrawrxd-master_universal_compiler_runtime.asm(123) : error A2034:must be in segment block
D:\rawrxd\history\runoff\part_0024\e__RawrXD_itsmehrawrxd-master_universal_compiler_runtime.asm(124) : error A2034:must be in segment block
D:\rawrxd\history\runoff\part_0024\e__RawrXD_itsmehrawrxd-master_universal_compiler_runtime.asm(125) : error A2034:must be in segment block
D:\rawrxd\history\runoff\part_0024\e__RawrXD_itsmehrawrxd-master_universal_compiler_runtime.asm(126) : error A2034:must be in segment block
D:\rawrxd\history\runoff\part_0024\e__RawrXD_itsmehrawrxd-master_universal_compiler_runtime.asm(128) : error A2034:must be in segment block
D:\rawrxd\history\runoff\part_0024\e__RawrXD_itsmehrawrxd-master_universal_compiler_runtime.asm(129) : error A2034:must be in segment block
D:\rawrxd\history\runoff\part_0024\e__RawrXD_itsmehrawrxd-master_universal_compiler_runtime.asm(130) : error A2034:must be in segment block
D:\rawrxd\history\runoff\part_0024\e__RawrXD_itsmehrawrxd-master_universal_compiler_runtime.asm(131) : error A2034:must be in segment block
D:\rawrxd\history\runoff\part_0024\e__RawrXD_itsmehrawrxd-master_universal_compiler_runtime.asm(132) : error A2034:must be in segment block
D:\rawrxd\history\runoff\part_0024\e__RawrXD_itsmehrawrxd-master_universal_compiler_runtime.asm(133) : error A2034:must be in segment block
D:\rawrxd\history\runoff\part_0024\e__RawrXD_itsmehrawrxd-master_universal_compiler_runtime.asm(135) : error A2034:must be in segment block
D:\rawrxd\history\runoff\part_0024\e__RawrXD_itsmehrawrxd-master_universal_compiler_runtime.asm(136) : error A2034:must be in segment block
D:\rawrxd\history\runoff\part_0024\e__RawrXD_itsmehrawrxd-master_universal_compiler_runtime.asm(137) : fatal error A1012:error count exceeds 100; stopping assembly
