 Assembling: D:\rawrxd\reconstructed\Users\HiH8e\OneDrive\Desktop\RawrXD-production-lazy-init\masm\ide\src\piram\perfect\circle\enhanced.asm
D:\rawrxd\reconstructed\Users\HiH8e\OneDrive\Desktop\RawrXD-production-lazy-init\masm\ide\src\piram\perfect\circle\enhanced.asm(6) : error A2008:syntax error : .
D:\rawrxd\reconstructed\Users\HiH8e\OneDrive\Desktop\RawrXD-production-lazy-init\masm\ide\src\piram\perfect\circle\enhanced.asm(7) : error A2008:syntax error : .
D:\rawrxd\reconstructed\Users\HiH8e\OneDrive\Desktop\RawrXD-production-lazy-init\masm\ide\src\piram\perfect\circle\enhanced.asm(54) : error A2070:invalid instruction operands
D:\rawrxd\reconstructed\Users\HiH8e\OneDrive\Desktop\RawrXD-production-lazy-init\masm\ide\src\piram\perfect\circle\enhanced.asm(55) : error A2070:invalid instruction operands
D:\rawrxd\reconstructed\Users\HiH8e\OneDrive\Desktop\RawrXD-production-lazy-init\masm\ide\src\piram\perfect\circle\enhanced.asm(56) : error A2070:invalid instruction operands
D:\rawrxd\reconstructed\Users\HiH8e\OneDrive\Desktop\RawrXD-production-lazy-init\masm\ide\src\piram\perfect\circle\enhanced.asm(145) : error A2070:invalid instruction operands
D:\rawrxd\reconstructed\Users\HiH8e\OneDrive\Desktop\RawrXD-production-lazy-init\masm\ide\src\piram\perfect\circle\enhanced.asm(146) : error A2070:invalid instruction operands
D:\rawrxd\reconstructed\Users\HiH8e\OneDrive\Desktop\RawrXD-production-lazy-init\masm\ide\src\piram\perfect\circle\enhanced.asm(147) : error A2070:invalid instruction operands
D:\rawrxd\reconstructed\Users\HiH8e\OneDrive\Desktop\RawrXD-production-lazy-init\masm\ide\src\piram\perfect\circle\enhanced.asm(164) : error A2070:invalid instruction operands
D:\rawrxd\reconstructed\Users\HiH8e\OneDrive\Desktop\RawrXD-production-lazy-init\masm\ide\src\piram\perfect\circle\enhanced.asm(165) : error A2070:invalid instruction operands
D:\rawrxd\reconstructed\Users\HiH8e\OneDrive\Desktop\RawrXD-production-lazy-init\masm\ide\src\piram\perfect\circle\enhanced.asm(223) : error A2070:invalid instruction operands
D:\rawrxd\reconstructed\Users\HiH8e\OneDrive\Desktop\RawrXD-production-lazy-init\masm\ide\src\piram\perfect\circle\enhanced.asm(224) : error A2070:invalid instruction operands
D:\rawrxd\reconstructed\Users\HiH8e\OneDrive\Desktop\RawrXD-production-lazy-init\masm\ide\src\piram\perfect\circle\enhanced.asm(241) : error A2070:invalid instruction operands
D:\rawrxd\reconstructed\Users\HiH8e\OneDrive\Desktop\RawrXD-production-lazy-init\masm\ide\src\piram\perfect\circle\enhanced.asm(242) : error A2070:invalid instruction operands
D:\rawrxd\reconstructed\Users\HiH8e\OneDrive\Desktop\RawrXD-production-lazy-init\masm\ide\src\piram\perfect\circle\enhanced.asm(261) : error A2070:invalid instruction operands
D:\rawrxd\reconstructed\Users\HiH8e\OneDrive\Desktop\RawrXD-production-lazy-init\masm\ide\src\piram\perfect\circle\enhanced.asm(295) : error A2070:invalid instruction operands
D:\rawrxd\reconstructed\Users\HiH8e\OneDrive\Desktop\RawrXD-production-lazy-init\masm\ide\src\piram\perfect\circle\enhanced.asm(296) : error A2070:invalid instruction operands
D:\rawrxd\reconstructed\Users\HiH8e\OneDrive\Desktop\RawrXD-production-lazy-init\masm\ide\src\piram\perfect\circle\enhanced.asm(312) : error A2070:invalid instruction operands
D:\rawrxd\reconstructed\Users\HiH8e\OneDrive\Desktop\RawrXD-production-lazy-init\masm\ide\src\piram\perfect\circle\enhanced.asm(313) : error A2070:invalid instruction operands
D:\rawrxd\reconstructed\Users\HiH8e\OneDrive\Desktop\RawrXD-production-lazy-init\masm\ide\src\piram\perfect\circle\enhanced.asm(372) : error A2070:invalid instruction operands
D:\rawrxd\reconstructed\Users\HiH8e\OneDrive\Desktop\RawrXD-production-lazy-init\masm\ide\src\piram\perfect\circle\enhanced.asm(373) : error A2070:invalid instruction operands
D:\rawrxd\reconstructed\Users\HiH8e\OneDrive\Desktop\RawrXD-production-lazy-init\masm\ide\src\piram\perfect\circle\enhanced.asm(105) : error A2082:cannot mix 16- and 32-bit registers
D:\rawrxd\reconstructed\Users\HiH8e\OneDrive\Desktop\RawrXD-production-lazy-init\masm\ide\src\piram\perfect\circle\enhanced.asm(121) : error A2082:cannot mix 16- and 32-bit registers
D:\rawrxd\reconstructed\Users\HiH8e\OneDrive\Desktop\RawrXD-production-lazy-init\masm\ide\src\piram\perfect\circle\enhanced.asm(149) : warning A6004:procedure argument or local not referenced : idx
D:\rawrxd\reconstructed\Users\HiH8e\OneDrive\Desktop\RawrXD-production-lazy-init\masm\ide\src\piram\perfect\circle\enhanced.asm(226) : warning A6004:procedure argument or local not referenced : shifted
D:\rawrxd\reconstructed\Users\HiH8e\OneDrive\Desktop\RawrXD-production-lazy-init\masm\ide\src\piram\perfect\circle\enhanced.asm(298) : warning A6004:procedure argument or local not referenced : byte_in
D:\rawrxd\reconstructed\Users\HiH8e\OneDrive\Desktop\RawrXD-production-lazy-init\masm\ide\src\piram\perfect\circle\enhanced.asm(298) : warning A6004:procedure argument or local not referenced : byte_out
