 Assembling: D:\rawrxd\itsmehrawrxd-master\Eon-ASM\compilers\eon_bootstrap_compiler.asm
D:\rawrxd\itsmehrawrxd-master\Eon-ASM\compilers\eon_bootstrap_compiler.asm(6) : error A2008:syntax error : section
D:\rawrxd\itsmehrawrxd-master\Eon-ASM\compilers\eon_bootstrap_compiler.asm(8) : error A2034:must be in segment block
D:\rawrxd\itsmehrawrxd-master\Eon-ASM\compilers\eon_bootstrap_compiler.asm(9) : error A2034:must be in segment block
D:\rawrxd\itsmehrawrxd-master\Eon-ASM\compilers\eon_bootstrap_compiler.asm(29) : error A2008:syntax error : heap_start
D:\rawrxd\itsmehrawrxd-master\Eon-ASM\compilers\eon_bootstrap_compiler.asm(30) : error A2008:syntax error : heap_end
D:\rawrxd\itsmehrawrxd-master\Eon-ASM\compilers\eon_bootstrap_compiler.asm(31) : error A2008:syntax error : heap_current
D:\rawrxd\itsmehrawrxd-master\Eon-ASM\compilers\eon_bootstrap_compiler.asm(35) : error A2008:syntax error : source_buffer
D:\rawrxd\itsmehrawrxd-master\Eon-ASM\compilers\eon_bootstrap_compiler.asm(36) : error A2008:syntax error : source_length
D:\rawrxd\itsmehrawrxd-master\Eon-ASM\compilers\eon_bootstrap_compiler.asm(37) : error A2008:syntax error : source_position
D:\rawrxd\itsmehrawrxd-master\Eon-ASM\compilers\eon_bootstrap_compiler.asm(38) : error A2008:syntax error : source_line
D:\rawrxd\itsmehrawrxd-master\Eon-ASM\compilers\eon_bootstrap_compiler.asm(39) : error A2008:syntax error : source_column
D:\rawrxd\itsmehrawrxd-master\Eon-ASM\compilers\eon_bootstrap_compiler.asm(42) : error A2008:syntax error : token_buffer
D:\rawrxd\itsmehrawrxd-master\Eon-ASM\compilers\eon_bootstrap_compiler.asm(43) : error A2008:syntax error : current_token
D:\rawrxd\itsmehrawrxd-master\Eon-ASM\compilers\eon_bootstrap_compiler.asm(44) : error A2008:syntax error : token_count
D:\rawrxd\itsmehrawrxd-master\Eon-ASM\compilers\eon_bootstrap_compiler.asm(47) : error A2008:syntax error : ast_root
D:\rawrxd\itsmehrawrxd-master\Eon-ASM\compilers\eon_bootstrap_compiler.asm(48) : error A2008:syntax error : ast_node_count
D:\rawrxd\itsmehrawrxd-master\Eon-ASM\compilers\eon_bootstrap_compiler.asm(49) : error A2008:syntax error : ast_node_pool
D:\rawrxd\itsmehrawrxd-master\Eon-ASM\compilers\eon_bootstrap_compiler.asm(52) : error A2008:syntax error : symbol_table
D:\rawrxd\itsmehrawrxd-master\Eon-ASM\compilers\eon_bootstrap_compiler.asm(53) : error A2008:syntax error : symbol_count
D:\rawrxd\itsmehrawrxd-master\Eon-ASM\compilers\eon_bootstrap_compiler.asm(54) : error A2008:syntax error : scope_stack
D:\rawrxd\itsmehrawrxd-master\Eon-ASM\compilers\eon_bootstrap_compiler.asm(55) : error A2008:syntax error : scope_depth
D:\rawrxd\itsmehrawrxd-master\Eon-ASM\compilers\eon_bootstrap_compiler.asm(58) : error A2008:syntax error : output_buffer
D:\rawrxd\itsmehrawrxd-master\Eon-ASM\compilers\eon_bootstrap_compiler.asm(59) : error A2008:syntax error : output_position
D:\rawrxd\itsmehrawrxd-master\Eon-ASM\compilers\eon_bootstrap_compiler.asm(60) : error A2008:syntax error : label_count
D:\rawrxd\itsmehrawrxd-master\Eon-ASM\compilers\eon_bootstrap_compiler.asm(61) : error A2008:syntax error : temp_var_count
D:\rawrxd\itsmehrawrxd-master\Eon-ASM\compilers\eon_bootstrap_compiler.asm(64) : error A2034:must be in segment block
D:\rawrxd\itsmehrawrxd-master\Eon-ASM\compilers\eon_bootstrap_compiler.asm(65) : error A2034:must be in segment block
D:\rawrxd\itsmehrawrxd-master\Eon-ASM\compilers\eon_bootstrap_compiler.asm(66) : error A2034:must be in segment block
D:\rawrxd\itsmehrawrxd-master\Eon-ASM\compilers\eon_bootstrap_compiler.asm(67) : error A2034:must be in segment block
D:\rawrxd\itsmehrawrxd-master\Eon-ASM\compilers\eon_bootstrap_compiler.asm(68) : error A2034:must be in segment block
D:\rawrxd\itsmehrawrxd-master\Eon-ASM\compilers\eon_bootstrap_compiler.asm(69) : error A2034:must be in segment block
D:\rawrxd\itsmehrawrxd-master\Eon-ASM\compilers\eon_bootstrap_compiler.asm(70) : error A2034:must be in segment block
D:\rawrxd\itsmehrawrxd-master\Eon-ASM\compilers\eon_bootstrap_compiler.asm(71) : error A2034:must be in segment block
D:\rawrxd\itsmehrawrxd-master\Eon-ASM\compilers\eon_bootstrap_compiler.asm(74) : error A2034:must be in segment block
D:\rawrxd\itsmehrawrxd-master\Eon-ASM\compilers\eon_bootstrap_compiler.asm(75) : error A2034:must be in segment block
D:\rawrxd\itsmehrawrxd-master\Eon-ASM\compilers\eon_bootstrap_compiler.asm(76) : error A2034:must be in segment block
D:\rawrxd\itsmehrawrxd-master\Eon-ASM\compilers\eon_bootstrap_compiler.asm(77) : error A2034:must be in segment block
D:\rawrxd\itsmehrawrxd-master\Eon-ASM\compilers\eon_bootstrap_compiler.asm(80) : error A2008:syntax error : input_filename
D:\rawrxd\itsmehrawrxd-master\Eon-ASM\compilers\eon_bootstrap_compiler.asm(81) : error A2008:syntax error : output_filename
D:\rawrxd\itsmehrawrxd-master\Eon-ASM\compilers\eon_bootstrap_compiler.asm(82) : error A2008:syntax error : file_handle
D:\rawrxd\itsmehrawrxd-master\Eon-ASM\compilers\eon_bootstrap_compiler.asm(84) : error A2008:syntax error : section
D:\rawrxd\itsmehrawrxd-master\Eon-ASM\compilers\eon_bootstrap_compiler.asm(86) : error A2008:syntax error : temp_buffer
D:\rawrxd\itsmehrawrxd-master\Eon-ASM\compilers\eon_bootstrap_compiler.asm(87) : error A2008:syntax error : error_buffer
D:\rawrxd\itsmehrawrxd-master\Eon-ASM\compilers\eon_bootstrap_compiler.asm(89) : error A2008:syntax error : section
D:\rawrxd\itsmehrawrxd-master\Eon-ASM\compilers\eon_bootstrap_compiler.asm(90) : error A2008:syntax error : global
D:\rawrxd\itsmehrawrxd-master\Eon-ASM\compilers\eon_bootstrap_compiler.asm(91) : error A2008:syntax error : global
D:\rawrxd\itsmehrawrxd-master\Eon-ASM\compilers\eon_bootstrap_compiler.asm(92) : error A2008:syntax error : global
D:\rawrxd\itsmehrawrxd-master\Eon-ASM\compilers\eon_bootstrap_compiler.asm(93) : error A2008:syntax error : global
D:\rawrxd\itsmehrawrxd-master\Eon-ASM\compilers\eon_bootstrap_compiler.asm(96) : error A2034:must be in segment block
D:\rawrxd\itsmehrawrxd-master\Eon-ASM\compilers\eon_bootstrap_compiler.asm(98) : error A2034:must be in segment block
D:\rawrxd\itsmehrawrxd-master\Eon-ASM\compilers\eon_bootstrap_compiler.asm(101) : error A2034:must be in segment block
D:\rawrxd\itsmehrawrxd-master\Eon-ASM\compilers\eon_bootstrap_compiler.asm(102) : error A2034:must be in segment block
D:\rawrxd\itsmehrawrxd-master\Eon-ASM\compilers\eon_bootstrap_compiler.asm(103) : error A2034:must be in segment block
D:\rawrxd\itsmehrawrxd-master\Eon-ASM\compilers\eon_bootstrap_compiler.asm(106) : error A2034:must be in segment block
D:\rawrxd\itsmehrawrxd-master\Eon-ASM\compilers\eon_bootstrap_compiler.asm(107) : error A2034:must be in segment block
D:\rawrxd\itsmehrawrxd-master\Eon-ASM\compilers\eon_bootstrap_compiler.asm(108) : error A2034:must be in segment block
D:\rawrxd\itsmehrawrxd-master\Eon-ASM\compilers\eon_bootstrap_compiler.asm(111) : error A2034:must be in segment block
D:\rawrxd\itsmehrawrxd-master\Eon-ASM\compilers\eon_bootstrap_compiler.asm(112) : error A2034:must be in segment block
D:\rawrxd\itsmehrawrxd-master\Eon-ASM\compilers\eon_bootstrap_compiler.asm(113) : error A2034:must be in segment block
D:\rawrxd\itsmehrawrxd-master\Eon-ASM\compilers\eon_bootstrap_compiler.asm(116) : error A2034:must be in segment block
D:\rawrxd\itsmehrawrxd-master\Eon-ASM\compilers\eon_bootstrap_compiler.asm(119) : error A2034:must be in segment block
D:\rawrxd\itsmehrawrxd-master\Eon-ASM\compilers\eon_bootstrap_compiler.asm(120) : error A2034:must be in segment block
D:\rawrxd\itsmehrawrxd-master\Eon-ASM\compilers\eon_bootstrap_compiler.asm(123) : error A2034:must be in segment block
D:\rawrxd\itsmehrawrxd-master\Eon-ASM\compilers\eon_bootstrap_compiler.asm(124) : error A2034:must be in segment block
D:\rawrxd\itsmehrawrxd-master\Eon-ASM\compilers\eon_bootstrap_compiler.asm(125) : error A2034:must be in segment block
D:\rawrxd\itsmehrawrxd-master\Eon-ASM\compilers\eon_bootstrap_compiler.asm(127) : error A2008:syntax error : .
D:\rawrxd\itsmehrawrxd-master\Eon-ASM\compilers\eon_bootstrap_compiler.asm(128) : error A2034:must be in segment block
D:\rawrxd\itsmehrawrxd-master\Eon-ASM\compilers\eon_bootstrap_compiler.asm(129) : error A2034:must be in segment block
D:\rawrxd\itsmehrawrxd-master\Eon-ASM\compilers\eon_bootstrap_compiler.asm(130) : error A2034:must be in segment block
D:\rawrxd\itsmehrawrxd-master\Eon-ASM\compilers\eon_bootstrap_compiler.asm(132) : error A2008:syntax error : .
D:\rawrxd\itsmehrawrxd-master\Eon-ASM\compilers\eon_bootstrap_compiler.asm(133) : error A2034:must be in segment block
D:\rawrxd\itsmehrawrxd-master\Eon-ASM\compilers\eon_bootstrap_compiler.asm(134) : error A2034:must be in segment block
D:\rawrxd\itsmehrawrxd-master\Eon-ASM\compilers\eon_bootstrap_compiler.asm(135) : error A2034:must be in segment block
D:\rawrxd\itsmehrawrxd-master\Eon-ASM\compilers\eon_bootstrap_compiler.asm(136) : error A2034:must be in segment block
D:\rawrxd\itsmehrawrxd-master\Eon-ASM\compilers\eon_bootstrap_compiler.asm(139) : error A2034:must be in segment block
D:\rawrxd\itsmehrawrxd-master\Eon-ASM\compilers\eon_bootstrap_compiler.asm(140) : error A2034:must be in segment block
D:\rawrxd\itsmehrawrxd-master\Eon-ASM\compilers\eon_bootstrap_compiler.asm(141) : error A2034:must be in segment block
D:\rawrxd\itsmehrawrxd-master\Eon-ASM\compilers\eon_bootstrap_compiler.asm(144) : error A2034:must be in segment block
D:\rawrxd\itsmehrawrxd-master\Eon-ASM\compilers\eon_bootstrap_compiler.asm(145) : error A2034:must be in segment block
D:\rawrxd\itsmehrawrxd-master\Eon-ASM\compilers\eon_bootstrap_compiler.asm(146) : error A2034:must be in segment block
D:\rawrxd\itsmehrawrxd-master\Eon-ASM\compilers\eon_bootstrap_compiler.asm(149) : error A2034:must be in segment block
D:\rawrxd\itsmehrawrxd-master\Eon-ASM\compilers\eon_bootstrap_compiler.asm(150) : error A2034:must be in segment block
D:\rawrxd\itsmehrawrxd-master\Eon-ASM\compilers\eon_bootstrap_compiler.asm(151) : error A2034:must be in segment block
D:\rawrxd\itsmehrawrxd-master\Eon-ASM\compilers\eon_bootstrap_compiler.asm(152) : error A2034:must be in segment block
D:\rawrxd\itsmehrawrxd-master\Eon-ASM\compilers\eon_bootstrap_compiler.asm(155) : error A2034:must be in segment block
D:\rawrxd\itsmehrawrxd-master\Eon-ASM\compilers\eon_bootstrap_compiler.asm(156) : error A2034:must be in segment block
D:\rawrxd\itsmehrawrxd-master\Eon-ASM\compilers\eon_bootstrap_compiler.asm(159) : error A2034:must be in segment block
D:\rawrxd\itsmehrawrxd-master\Eon-ASM\compilers\eon_bootstrap_compiler.asm(160) : error A2034:must be in segment block
D:\rawrxd\itsmehrawrxd-master\Eon-ASM\compilers\eon_bootstrap_compiler.asm(163) : error A2034:must be in segment block
D:\rawrxd\itsmehrawrxd-master\Eon-ASM\compilers\eon_bootstrap_compiler.asm(164) : error A2034:must be in segment block
D:\rawrxd\itsmehrawrxd-master\Eon-ASM\compilers\eon_bootstrap_compiler.asm(165) : error A2034:must be in segment block
D:\rawrxd\itsmehrawrxd-master\Eon-ASM\compilers\eon_bootstrap_compiler.asm(168) : error A2034:must be in segment block
D:\rawrxd\itsmehrawrxd-master\Eon-ASM\compilers\eon_bootstrap_compiler.asm(169) : error A2034:must be in segment block
D:\rawrxd\itsmehrawrxd-master\Eon-ASM\compilers\eon_bootstrap_compiler.asm(170) : error A2034:must be in segment block
D:\rawrxd\itsmehrawrxd-master\Eon-ASM\compilers\eon_bootstrap_compiler.asm(173) : error A2034:must be in segment block
D:\rawrxd\itsmehrawrxd-master\Eon-ASM\compilers\eon_bootstrap_compiler.asm(176) : error A2034:must be in segment block
D:\rawrxd\itsmehrawrxd-master\Eon-ASM\compilers\eon_bootstrap_compiler.asm(179) : error A2034:must be in segment block
D:\rawrxd\itsmehrawrxd-master\Eon-ASM\compilers\eon_bootstrap_compiler.asm(182) : error A2034:must be in segment block
D:\rawrxd\itsmehrawrxd-master\Eon-ASM\compilers\eon_bootstrap_compiler.asm(184) : error A2034:must be in segment block
D:\rawrxd\itsmehrawrxd-master\Eon-ASM\compilers\eon_bootstrap_compiler.asm(185) : error A2034:must be in segment block
D:\rawrxd\itsmehrawrxd-master\Eon-ASM\compilers\eon_bootstrap_compiler.asm(188) : fatal error A1012:error count exceeds 100; stopping assembly
