 Assembling: D:\rawrxd\itsmehrawrxd-master\Eon-ASM\compilers\eon_template_generator.asm
D:\rawrxd\itsmehrawrxd-master\Eon-ASM\compilers\eon_template_generator.asm(5) : error A2008:syntax error : section
D:\rawrxd\itsmehrawrxd-master\Eon-ASM\compilers\eon_template_generator.asm(7) : error A2008:syntax error : define
D:\rawrxd\itsmehrawrxd-master\Eon-ASM\compilers\eon_template_generator.asm(8) : error A2008:syntax error : define
D:\rawrxd\itsmehrawrxd-master\Eon-ASM\compilers\eon_template_generator.asm(9) : error A2008:syntax error : define
D:\rawrxd\itsmehrawrxd-master\Eon-ASM\compilers\eon_template_generator.asm(10) : error A2008:syntax error : define
D:\rawrxd\itsmehrawrxd-master\Eon-ASM\compilers\eon_template_generator.asm(13) : error A2008:syntax error : define
D:\rawrxd\itsmehrawrxd-master\Eon-ASM\compilers\eon_template_generator.asm(14) : error A2008:syntax error : define
D:\rawrxd\itsmehrawrxd-master\Eon-ASM\compilers\eon_template_generator.asm(15) : error A2008:syntax error : define
D:\rawrxd\itsmehrawrxd-master\Eon-ASM\compilers\eon_template_generator.asm(16) : error A2008:syntax error : define
D:\rawrxd\itsmehrawrxd-master\Eon-ASM\compilers\eon_template_generator.asm(19) : error A2034:must be in segment block
D:\rawrxd\itsmehrawrxd-master\Eon-ASM\compilers\eon_template_generator.asm(20) : error A2034:must be in segment block
D:\rawrxd\itsmehrawrxd-master\Eon-ASM\compilers\eon_template_generator.asm(21) : error A2034:must be in segment block
D:\rawrxd\itsmehrawrxd-master\Eon-ASM\compilers\eon_template_generator.asm(22) : error A2034:must be in segment block
D:\rawrxd\itsmehrawrxd-master\Eon-ASM\compilers\eon_template_generator.asm(23) : error A2034:must be in segment block
D:\rawrxd\itsmehrawrxd-master\Eon-ASM\compilers\eon_template_generator.asm(24) : error A2034:must be in segment block
D:\rawrxd\itsmehrawrxd-master\Eon-ASM\compilers\eon_template_generator.asm(25) : error A2034:must be in segment block
D:\rawrxd\itsmehrawrxd-master\Eon-ASM\compilers\eon_template_generator.asm(26) : error A2034:must be in segment block
D:\rawrxd\itsmehrawrxd-master\Eon-ASM\compilers\eon_template_generator.asm(28) : error A2008:syntax error : section
D:\rawrxd\itsmehrawrxd-master\Eon-ASM\compilers\eon_template_generator.asm(29) : error A2008:syntax error : template_file_path
D:\rawrxd\itsmehrawrxd-master\Eon-ASM\compilers\eon_template_generator.asm(30) : error A2008:syntax error : data_file_path
D:\rawrxd\itsmehrawrxd-master\Eon-ASM\compilers\eon_template_generator.asm(31) : error A2008:syntax error : output_file_path
D:\rawrxd\itsmehrawrxd-master\Eon-ASM\compilers\eon_template_generator.asm(32) : error A2008:syntax error : data_type
D:\rawrxd\itsmehrawrxd-master\Eon-ASM\compilers\eon_template_generator.asm(33) : error A2008:syntax error : template_ast
D:\rawrxd\itsmehrawrxd-master\Eon-ASM\compilers\eon_template_generator.asm(34) : error A2008:syntax error : uim_root
D:\rawrxd\itsmehrawrxd-master\Eon-ASM\compilers\eon_template_generator.asm(35) : error A2008:syntax error : generated_code
D:\rawrxd\itsmehrawrxd-master\Eon-ASM\compilers\eon_template_generator.asm(37) : error A2008:syntax error : section
D:\rawrxd\itsmehrawrxd-master\Eon-ASM\compilers\eon_template_generator.asm(38) : error A2008:syntax error : global
D:\rawrxd\itsmehrawrxd-master\Eon-ASM\compilers\eon_template_generator.asm(39) : error A2008:syntax error : global
D:\rawrxd\itsmehrawrxd-master\Eon-ASM\compilers\eon_template_generator.asm(42) : error A2034:must be in segment block
D:\rawrxd\itsmehrawrxd-master\Eon-ASM\compilers\eon_template_generator.asm(43) : error A2034:must be in segment block
D:\rawrxd\itsmehrawrxd-master\Eon-ASM\compilers\eon_template_generator.asm(44) : error A2034:must be in segment block
D:\rawrxd\itsmehrawrxd-master\Eon-ASM\compilers\eon_template_generator.asm(45) : error A2034:must be in segment block
D:\rawrxd\itsmehrawrxd-master\Eon-ASM\compilers\eon_template_generator.asm(46) : error A2034:must be in segment block
D:\rawrxd\itsmehrawrxd-master\Eon-ASM\compilers\eon_template_generator.asm(50) : error A2034:must be in segment block
D:\rawrxd\itsmehrawrxd-master\Eon-ASM\compilers\eon_template_generator.asm(51) : error A2034:must be in segment block
D:\rawrxd\itsmehrawrxd-master\Eon-ASM\compilers\eon_template_generator.asm(52) : error A2034:must be in segment block
D:\rawrxd\itsmehrawrxd-master\Eon-ASM\compilers\eon_template_generator.asm(53) : error A2034:must be in segment block
D:\rawrxd\itsmehrawrxd-master\Eon-ASM\compilers\eon_template_generator.asm(54) : error A2034:must be in segment block
D:\rawrxd\itsmehrawrxd-master\Eon-ASM\compilers\eon_template_generator.asm(55) : error A2034:must be in segment block
D:\rawrxd\itsmehrawrxd-master\Eon-ASM\compilers\eon_template_generator.asm(58) : error A2034:must be in segment block
D:\rawrxd\itsmehrawrxd-master\Eon-ASM\compilers\eon_template_generator.asm(59) : error A2034:must be in segment block
D:\rawrxd\itsmehrawrxd-master\Eon-ASM\compilers\eon_template_generator.asm(62) : error A2034:must be in segment block
D:\rawrxd\itsmehrawrxd-master\Eon-ASM\compilers\eon_template_generator.asm(65) : error A2034:must be in segment block
D:\rawrxd\itsmehrawrxd-master\Eon-ASM\compilers\eon_template_generator.asm(66) : error A2034:must be in segment block
D:\rawrxd\itsmehrawrxd-master\Eon-ASM\compilers\eon_template_generator.asm(69) : error A2034:must be in segment block
D:\rawrxd\itsmehrawrxd-master\Eon-ASM\compilers\eon_template_generator.asm(70) : error A2034:must be in segment block
D:\rawrxd\itsmehrawrxd-master\Eon-ASM\compilers\eon_template_generator.asm(73) : error A2034:must be in segment block
D:\rawrxd\itsmehrawrxd-master\Eon-ASM\compilers\eon_template_generator.asm(74) : error A2034:must be in segment block
D:\rawrxd\itsmehrawrxd-master\Eon-ASM\compilers\eon_template_generator.asm(77) : error A2034:must be in segment block
D:\rawrxd\itsmehrawrxd-master\Eon-ASM\compilers\eon_template_generator.asm(78) : error A2034:must be in segment block
D:\rawrxd\itsmehrawrxd-master\Eon-ASM\compilers\eon_template_generator.asm(79) : error A2034:must be in segment block
D:\rawrxd\itsmehrawrxd-master\Eon-ASM\compilers\eon_template_generator.asm(82) : error A2034:must be in segment block
D:\rawrxd\itsmehrawrxd-master\Eon-ASM\compilers\eon_template_generator.asm(85) : error A2034:must be in segment block
D:\rawrxd\itsmehrawrxd-master\Eon-ASM\compilers\eon_template_generator.asm(86) : error A2034:must be in segment block
D:\rawrxd\itsmehrawrxd-master\Eon-ASM\compilers\eon_template_generator.asm(87) : error A2034:must be in segment block
D:\rawrxd\itsmehrawrxd-master\Eon-ASM\compilers\eon_template_generator.asm(90) : error A2034:must be in segment block
D:\rawrxd\itsmehrawrxd-master\Eon-ASM\compilers\eon_template_generator.asm(91) : error A2034:must be in segment block
D:\rawrxd\itsmehrawrxd-master\Eon-ASM\compilers\eon_template_generator.asm(92) : error A2034:must be in segment block
D:\rawrxd\itsmehrawrxd-master\Eon-ASM\compilers\eon_template_generator.asm(95) : error A2034:must be in segment block
D:\rawrxd\itsmehrawrxd-master\Eon-ASM\compilers\eon_template_generator.asm(96) : error A2034:must be in segment block
D:\rawrxd\itsmehrawrxd-master\Eon-ASM\compilers\eon_template_generator.asm(97) : error A2034:must be in segment block
D:\rawrxd\itsmehrawrxd-master\Eon-ASM\compilers\eon_template_generator.asm(100) : error A2034:must be in segment block
D:\rawrxd\itsmehrawrxd-master\Eon-ASM\compilers\eon_template_generator.asm(101) : error A2034:must be in segment block
D:\rawrxd\itsmehrawrxd-master\Eon-ASM\compilers\eon_template_generator.asm(102) : error A2034:must be in segment block
D:\rawrxd\itsmehrawrxd-master\Eon-ASM\compilers\eon_template_generator.asm(105) : error A2034:must be in segment block
D:\rawrxd\itsmehrawrxd-master\Eon-ASM\compilers\eon_template_generator.asm(106) : error A2034:must be in segment block
D:\rawrxd\itsmehrawrxd-master\Eon-ASM\compilers\eon_template_generator.asm(109) : error A2034:must be in segment block
D:\rawrxd\itsmehrawrxd-master\Eon-ASM\compilers\eon_template_generator.asm(111) : error A2034:must be in segment block
D:\rawrxd\itsmehrawrxd-master\Eon-ASM\compilers\eon_template_generator.asm(112) : error A2034:must be in segment block
D:\rawrxd\itsmehrawrxd-master\Eon-ASM\compilers\eon_template_generator.asm(114) : error A2008:syntax error : .
D:\rawrxd\itsmehrawrxd-master\Eon-ASM\compilers\eon_template_generator.asm(115) : error A2034:must be in segment block
D:\rawrxd\itsmehrawrxd-master\Eon-ASM\compilers\eon_template_generator.asm(116) : error A2034:must be in segment block
D:\rawrxd\itsmehrawrxd-master\Eon-ASM\compilers\eon_template_generator.asm(117) : error A2034:must be in segment block
D:\rawrxd\itsmehrawrxd-master\Eon-ASM\compilers\eon_template_generator.asm(118) : error A2034:must be in segment block
D:\rawrxd\itsmehrawrxd-master\Eon-ASM\compilers\eon_template_generator.asm(120) : error A2008:syntax error : .
D:\rawrxd\itsmehrawrxd-master\Eon-ASM\compilers\eon_template_generator.asm(121) : error A2034:must be in segment block
D:\rawrxd\itsmehrawrxd-master\Eon-ASM\compilers\eon_template_generator.asm(122) : error A2034:must be in segment block
D:\rawrxd\itsmehrawrxd-master\Eon-ASM\compilers\eon_template_generator.asm(123) : error A2034:must be in segment block
D:\rawrxd\itsmehrawrxd-master\Eon-ASM\compilers\eon_template_generator.asm(124) : error A2034:must be in segment block
D:\rawrxd\itsmehrawrxd-master\Eon-ASM\compilers\eon_template_generator.asm(126) : error A2008:syntax error : .
D:\rawrxd\itsmehrawrxd-master\Eon-ASM\compilers\eon_template_generator.asm(127) : error A2034:must be in segment block
D:\rawrxd\itsmehrawrxd-master\Eon-ASM\compilers\eon_template_generator.asm(128) : error A2034:must be in segment block
D:\rawrxd\itsmehrawrxd-master\Eon-ASM\compilers\eon_template_generator.asm(129) : error A2034:must be in segment block
D:\rawrxd\itsmehrawrxd-master\Eon-ASM\compilers\eon_template_generator.asm(130) : error A2034:must be in segment block
D:\rawrxd\itsmehrawrxd-master\Eon-ASM\compilers\eon_template_generator.asm(132) : error A2008:syntax error : .
D:\rawrxd\itsmehrawrxd-master\Eon-ASM\compilers\eon_template_generator.asm(133) : error A2034:must be in segment block
D:\rawrxd\itsmehrawrxd-master\Eon-ASM\compilers\eon_template_generator.asm(134) : error A2034:must be in segment block
D:\rawrxd\itsmehrawrxd-master\Eon-ASM\compilers\eon_template_generator.asm(135) : error A2034:must be in segment block
D:\rawrxd\itsmehrawrxd-master\Eon-ASM\compilers\eon_template_generator.asm(136) : error A2034:must be in segment block
D:\rawrxd\itsmehrawrxd-master\Eon-ASM\compilers\eon_template_generator.asm(138) : error A2008:syntax error : .
D:\rawrxd\itsmehrawrxd-master\Eon-ASM\compilers\eon_template_generator.asm(139) : error A2034:must be in segment block
D:\rawrxd\itsmehrawrxd-master\Eon-ASM\compilers\eon_template_generator.asm(140) : error A2034:must be in segment block
D:\rawrxd\itsmehrawrxd-master\Eon-ASM\compilers\eon_template_generator.asm(141) : error A2034:must be in segment block
D:\rawrxd\itsmehrawrxd-master\Eon-ASM\compilers\eon_template_generator.asm(142) : error A2034:must be in segment block
D:\rawrxd\itsmehrawrxd-master\Eon-ASM\compilers\eon_template_generator.asm(144) : error A2008:syntax error : .
D:\rawrxd\itsmehrawrxd-master\Eon-ASM\compilers\eon_template_generator.asm(145) : error A2034:must be in segment block
D:\rawrxd\itsmehrawrxd-master\Eon-ASM\compilers\eon_template_generator.asm(146) : error A2034:must be in segment block
D:\rawrxd\itsmehrawrxd-master\Eon-ASM\compilers\eon_template_generator.asm(147) : error A2034:must be in segment block
D:\rawrxd\itsmehrawrxd-master\Eon-ASM\compilers\eon_template_generator.asm(148) : error A2034:must be in segment block
D:\rawrxd\itsmehrawrxd-master\Eon-ASM\compilers\eon_template_generator.asm(149) : error A2034:must be in segment block
D:\rawrxd\itsmehrawrxd-master\Eon-ASM\compilers\eon_template_generator.asm(150) : fatal error A1012:error count exceeds 100; stopping assembly
