 Assembling: D:\rawrxd\itsmehrawrxd-master\Eon-ASM\compilers\eon_ide_fixed.asm
D:\rawrxd\itsmehrawrxd-master\Eon-ASM\compilers\eon_ide_fixed.asm(7) : error A2008:syntax error : section
D:\rawrxd\itsmehrawrxd-master\Eon-ASM\compilers\eon_ide_fixed.asm(9) : error A2034:must be in segment block
D:\rawrxd\itsmehrawrxd-master\Eon-ASM\compilers\eon_ide_fixed.asm(10) : error A2034:must be in segment block
D:\rawrxd\itsmehrawrxd-master\Eon-ASM\compilers\eon_ide_fixed.asm(13) : error A2034:must be in segment block
D:\rawrxd\itsmehrawrxd-master\Eon-ASM\compilers\eon_ide_fixed.asm(14) : error A2008:syntax error : object_start
D:\rawrxd\itsmehrawrxd-master\Eon-ASM\compilers\eon_ide_fixed.asm(15) : error A2008:syntax error : object_end
D:\rawrxd\itsmehrawrxd-master\Eon-ASM\compilers\eon_ide_fixed.asm(16) : error A2008:syntax error : array_start
D:\rawrxd\itsmehrawrxd-master\Eon-ASM\compilers\eon_ide_fixed.asm(17) : error A2008:syntax error : array_end
D:\rawrxd\itsmehrawrxd-master\Eon-ASM\compilers\eon_ide_fixed.asm(18) : error A2008:syntax error : string_delim
D:\rawrxd\itsmehrawrxd-master\Eon-ASM\compilers\eon_ide_fixed.asm(19) : error A2008:syntax error : comma
D:\rawrxd\itsmehrawrxd-master\Eon-ASM\compilers\eon_ide_fixed.asm(20) : error A2008:syntax error : colon
D:\rawrxd\itsmehrawrxd-master\Eon-ASM\compilers\eon_ide_fixed.asm(21) : error A2008:syntax error : null
D:\rawrxd\itsmehrawrxd-master\Eon-ASM\compilers\eon_ide_fixed.asm(22) : error A2008:syntax error : true
D:\rawrxd\itsmehrawrxd-master\Eon-ASM\compilers\eon_ide_fixed.asm(23) : error A2008:syntax error : false
D:\rawrxd\itsmehrawrxd-master\Eon-ASM\compilers\eon_ide_fixed.asm(24) : error A2008:syntax error : number
D:\rawrxd\itsmehrawrxd-master\Eon-ASM\compilers\eon_ide_fixed.asm(27) : error A2034:must be in segment block
D:\rawrxd\itsmehrawrxd-master\Eon-ASM\compilers\eon_ide_fixed.asm(28) : error A2008:syntax error : current_token
D:\rawrxd\itsmehrawrxd-master\Eon-ASM\compilers\eon_ide_fixed.asm(29) : error A2008:syntax error : token_type
D:\rawrxd\itsmehrawrxd-master\Eon-ASM\compilers\eon_ide_fixed.asm(30) : error A2008:syntax error : line_number
D:\rawrxd\itsmehrawrxd-master\Eon-ASM\compilers\eon_ide_fixed.asm(31) : error A2008:syntax error : column_number
D:\rawrxd\itsmehrawrxd-master\Eon-ASM\compilers\eon_ide_fixed.asm(32) : error A2008:syntax error : error_count
D:\rawrxd\itsmehrawrxd-master\Eon-ASM\compilers\eon_ide_fixed.asm(33) : error A2008:syntax error : buffer_ptr
D:\rawrxd\itsmehrawrxd-master\Eon-ASM\compilers\eon_ide_fixed.asm(34) : error A2008:syntax error : buffer_size
D:\rawrxd\itsmehrawrxd-master\Eon-ASM\compilers\eon_ide_fixed.asm(37) : error A2034:must be in segment block
D:\rawrxd\itsmehrawrxd-master\Eon-ASM\compilers\eon_ide_fixed.asm(38) : error A2008:syntax error : ast_root
D:\rawrxd\itsmehrawrxd-master\Eon-ASM\compilers\eon_ide_fixed.asm(39) : error A2008:syntax error : symbol_table
D:\rawrxd\itsmehrawrxd-master\Eon-ASM\compilers\eon_ide_fixed.asm(40) : error A2008:syntax error : output_buffer
D:\rawrxd\itsmehrawrxd-master\Eon-ASM\compilers\eon_ide_fixed.asm(41) : error A2008:syntax error : output_size
D:\rawrxd\itsmehrawrxd-master\Eon-ASM\compilers\eon_ide_fixed.asm(42) : error A2008:syntax error : compile_flags
D:\rawrxd\itsmehrawrxd-master\Eon-ASM\compilers\eon_ide_fixed.asm(44) : error A2008:syntax error : section
D:\rawrxd\itsmehrawrxd-master\Eon-ASM\compilers\eon_ide_fixed.asm(45) : error A2008:syntax error : global
D:\rawrxd\itsmehrawrxd-master\Eon-ASM\compilers\eon_ide_fixed.asm(46) : error A2008:syntax error : global
D:\rawrxd\itsmehrawrxd-master\Eon-ASM\compilers\eon_ide_fixed.asm(47) : error A2008:syntax error : global
D:\rawrxd\itsmehrawrxd-master\Eon-ASM\compilers\eon_ide_fixed.asm(48) : error A2008:syntax error : global
D:\rawrxd\itsmehrawrxd-master\Eon-ASM\compilers\eon_ide_fixed.asm(49) : error A2008:syntax error : global
D:\rawrxd\itsmehrawrxd-master\Eon-ASM\compilers\eon_ide_fixed.asm(50) : error A2008:syntax error : global
D:\rawrxd\itsmehrawrxd-master\Eon-ASM\compilers\eon_ide_fixed.asm(55) : error A2034:must be in segment block
D:\rawrxd\itsmehrawrxd-master\Eon-ASM\compilers\eon_ide_fixed.asm(57) : error A2034:must be in segment block
D:\rawrxd\itsmehrawrxd-master\Eon-ASM\compilers\eon_ide_fixed.asm(58) : error A2034:must be in segment block
D:\rawrxd\itsmehrawrxd-master\Eon-ASM\compilers\eon_ide_fixed.asm(59) : error A2034:must be in segment block
D:\rawrxd\itsmehrawrxd-master\Eon-ASM\compilers\eon_ide_fixed.asm(62) : error A2034:must be in segment block
D:\rawrxd\itsmehrawrxd-master\Eon-ASM\compilers\eon_ide_fixed.asm(65) : error A2034:must be in segment block
D:\rawrxd\itsmehrawrxd-master\Eon-ASM\compilers\eon_ide_fixed.asm(66) : error A2034:must be in segment block
D:\rawrxd\itsmehrawrxd-master\Eon-ASM\compilers\eon_ide_fixed.asm(67) : error A2034:must be in segment block
D:\rawrxd\itsmehrawrxd-master\Eon-ASM\compilers\eon_ide_fixed.asm(69) : error A2008:syntax error : .
D:\rawrxd\itsmehrawrxd-master\Eon-ASM\compilers\eon_ide_fixed.asm(71) : error A2034:must be in segment block
D:\rawrxd\itsmehrawrxd-master\Eon-ASM\compilers\eon_ide_fixed.asm(72) : error A2034:must be in segment block
D:\rawrxd\itsmehrawrxd-master\Eon-ASM\compilers\eon_ide_fixed.asm(73) : error A2034:must be in segment block
D:\rawrxd\itsmehrawrxd-master\Eon-ASM\compilers\eon_ide_fixed.asm(75) : error A2034:must be in segment block
D:\rawrxd\itsmehrawrxd-master\Eon-ASM\compilers\eon_ide_fixed.asm(76) : error A2034:must be in segment block
D:\rawrxd\itsmehrawrxd-master\Eon-ASM\compilers\eon_ide_fixed.asm(81) : error A2034:must be in segment block
D:\rawrxd\itsmehrawrxd-master\Eon-ASM\compilers\eon_ide_fixed.asm(82) : error A2034:must be in segment block
D:\rawrxd\itsmehrawrxd-master\Eon-ASM\compilers\eon_ide_fixed.asm(83) : error A2034:must be in segment block
D:\rawrxd\itsmehrawrxd-master\Eon-ASM\compilers\eon_ide_fixed.asm(84) : error A2034:must be in segment block
D:\rawrxd\itsmehrawrxd-master\Eon-ASM\compilers\eon_ide_fixed.asm(85) : error A2034:must be in segment block
D:\rawrxd\itsmehrawrxd-master\Eon-ASM\compilers\eon_ide_fixed.asm(86) : error A2034:must be in segment block
D:\rawrxd\itsmehrawrxd-master\Eon-ASM\compilers\eon_ide_fixed.asm(87) : error A2034:must be in segment block
D:\rawrxd\itsmehrawrxd-master\Eon-ASM\compilers\eon_ide_fixed.asm(88) : error A2034:must be in segment block
D:\rawrxd\itsmehrawrxd-master\Eon-ASM\compilers\eon_ide_fixed.asm(91) : error A2034:must be in segment block
D:\rawrxd\itsmehrawrxd-master\Eon-ASM\compilers\eon_ide_fixed.asm(92) : error A2034:must be in segment block
D:\rawrxd\itsmehrawrxd-master\Eon-ASM\compilers\eon_ide_fixed.asm(93) : error A2034:must be in segment block
D:\rawrxd\itsmehrawrxd-master\Eon-ASM\compilers\eon_ide_fixed.asm(94) : error A2034:must be in segment block
D:\rawrxd\itsmehrawrxd-master\Eon-ASM\compilers\eon_ide_fixed.asm(95) : error A2034:must be in segment block
D:\rawrxd\itsmehrawrxd-master\Eon-ASM\compilers\eon_ide_fixed.asm(96) : error A2034:must be in segment block
D:\rawrxd\itsmehrawrxd-master\Eon-ASM\compilers\eon_ide_fixed.asm(97) : error A2034:must be in segment block
D:\rawrxd\itsmehrawrxd-master\Eon-ASM\compilers\eon_ide_fixed.asm(100) : error A2034:must be in segment block
D:\rawrxd\itsmehrawrxd-master\Eon-ASM\compilers\eon_ide_fixed.asm(101) : error A2034:must be in segment block
D:\rawrxd\itsmehrawrxd-master\Eon-ASM\compilers\eon_ide_fixed.asm(102) : error A2034:must be in segment block
D:\rawrxd\itsmehrawrxd-master\Eon-ASM\compilers\eon_ide_fixed.asm(103) : error A2034:must be in segment block
D:\rawrxd\itsmehrawrxd-master\Eon-ASM\compilers\eon_ide_fixed.asm(104) : error A2034:must be in segment block
D:\rawrxd\itsmehrawrxd-master\Eon-ASM\compilers\eon_ide_fixed.asm(107) : error A2034:must be in segment block
D:\rawrxd\itsmehrawrxd-master\Eon-ASM\compilers\eon_ide_fixed.asm(108) : error A2034:must be in segment block
D:\rawrxd\itsmehrawrxd-master\Eon-ASM\compilers\eon_ide_fixed.asm(109) : error A2034:must be in segment block
D:\rawrxd\itsmehrawrxd-master\Eon-ASM\compilers\eon_ide_fixed.asm(110) : error A2034:must be in segment block
D:\rawrxd\itsmehrawrxd-master\Eon-ASM\compilers\eon_ide_fixed.asm(111) : error A2034:must be in segment block
D:\rawrxd\itsmehrawrxd-master\Eon-ASM\compilers\eon_ide_fixed.asm(114) : error A2034:must be in segment block
D:\rawrxd\itsmehrawrxd-master\Eon-ASM\compilers\eon_ide_fixed.asm(115) : error A2034:must be in segment block
D:\rawrxd\itsmehrawrxd-master\Eon-ASM\compilers\eon_ide_fixed.asm(116) : error A2034:must be in segment block
D:\rawrxd\itsmehrawrxd-master\Eon-ASM\compilers\eon_ide_fixed.asm(117) : error A2034:must be in segment block
D:\rawrxd\itsmehrawrxd-master\Eon-ASM\compilers\eon_ide_fixed.asm(118) : error A2034:must be in segment block
D:\rawrxd\itsmehrawrxd-master\Eon-ASM\compilers\eon_ide_fixed.asm(121) : error A2034:must be in segment block
D:\rawrxd\itsmehrawrxd-master\Eon-ASM\compilers\eon_ide_fixed.asm(122) : error A2034:must be in segment block
D:\rawrxd\itsmehrawrxd-master\Eon-ASM\compilers\eon_ide_fixed.asm(124) : error A2008:syntax error : .
D:\rawrxd\itsmehrawrxd-master\Eon-ASM\compilers\eon_ide_fixed.asm(125) : error A2034:must be in segment block
D:\rawrxd\itsmehrawrxd-master\Eon-ASM\compilers\eon_ide_fixed.asm(127) : error A2008:syntax error : .
D:\rawrxd\itsmehrawrxd-master\Eon-ASM\compilers\eon_ide_fixed.asm(128) : error A2034:must be in segment block
D:\rawrxd\itsmehrawrxd-master\Eon-ASM\compilers\eon_ide_fixed.asm(129) : error A2034:must be in segment block
D:\rawrxd\itsmehrawrxd-master\Eon-ASM\compilers\eon_ide_fixed.asm(130) : error A2034:must be in segment block
D:\rawrxd\itsmehrawrxd-master\Eon-ASM\compilers\eon_ide_fixed.asm(131) : error A2034:must be in segment block
D:\rawrxd\itsmehrawrxd-master\Eon-ASM\compilers\eon_ide_fixed.asm(132) : error A2034:must be in segment block
D:\rawrxd\itsmehrawrxd-master\Eon-ASM\compilers\eon_ide_fixed.asm(133) : error A2034:must be in segment block
D:\rawrxd\itsmehrawrxd-master\Eon-ASM\compilers\eon_ide_fixed.asm(134) : error A2034:must be in segment block
D:\rawrxd\itsmehrawrxd-master\Eon-ASM\compilers\eon_ide_fixed.asm(139) : error A2034:must be in segment block
D:\rawrxd\itsmehrawrxd-master\Eon-ASM\compilers\eon_ide_fixed.asm(142) : error A2034:must be in segment block
D:\rawrxd\itsmehrawrxd-master\Eon-ASM\compilers\eon_ide_fixed.asm(143) : error A2034:must be in segment block
D:\rawrxd\itsmehrawrxd-master\Eon-ASM\compilers\eon_ide_fixed.asm(144) : error A2034:must be in segment block
D:\rawrxd\itsmehrawrxd-master\Eon-ASM\compilers\eon_ide_fixed.asm(145) : error A2034:must be in segment block
D:\rawrxd\itsmehrawrxd-master\Eon-ASM\compilers\eon_ide_fixed.asm(146) : error A2034:must be in segment block
D:\rawrxd\itsmehrawrxd-master\Eon-ASM\compilers\eon_ide_fixed.asm(147) : error A2034:must be in segment block
D:\rawrxd\itsmehrawrxd-master\Eon-ASM\compilers\eon_ide_fixed.asm(148) : error A2034:must be in segment block
D:\rawrxd\itsmehrawrxd-master\Eon-ASM\compilers\eon_ide_fixed.asm(151) : fatal error A1012:error count exceeds 100; stopping assembly
