 Assembling: D:\rawrxd\src\extensions\extension_process_broker.asm
D:\rawrxd\src\extensions\extension_process_broker.asm(81) : error A2008:syntax error : .
D:\rawrxd\src\extensions\extension_process_broker.asm(83) : error A2008:syntax error : .
D:\rawrxd\src\extensions\extension_process_broker.asm(128) : error A2044:invalid character in file
D:\rawrxd\src\extensions\extension_process_broker.asm(149) : error A2008:syntax error : .
D:\rawrxd\src\extensions\extension_process_broker.asm(151) : error A2008:syntax error : .
D:\rawrxd\src\extensions\extension_process_broker.asm(202) : error A2008:syntax error : .
D:\rawrxd\src\extensions\extension_process_broker.asm(205) : error A2008:syntax error : .
D:\rawrxd\src\extensions\extension_process_broker.asm(207) : error A2008:syntax error : .
D:\rawrxd\src\extensions\extension_process_broker.asm(275) : error A2008:syntax error : .
D:\rawrxd\src\extensions\extension_process_broker.asm(278) : error A2008:syntax error : .
D:\rawrxd\src\extensions\extension_process_broker.asm(282) : error A2008:syntax error : .
D:\rawrxd\src\extensions\extension_process_broker.asm(284) : error A2008:syntax error : .
D:\rawrxd\src\extensions\extension_process_broker.asm(327) : error A2008:syntax error : .
D:\rawrxd\src\extensions\extension_process_broker.asm(329) : error A2008:syntax error : .
D:\rawrxd\src\extensions\extension_process_broker.asm(35) : error A2206:missing operator in expression
D:\rawrxd\src\extensions\extension_process_broker.asm(53) : error A2206:missing operator in expression
D:\rawrxd\src\extensions\extension_process_broker.asm(54) : error A2206:missing operator in expression
D:\rawrxd\src\extensions\extension_process_broker.asm(55) : error A2206:missing operator in expression
D:\rawrxd\src\extensions\extension_process_broker.asm(60) : error A2206:missing operator in expression
D:\rawrxd\src\extensions\extension_process_broker.asm(62) : error A2206:missing operator in expression
D:\rawrxd\src\extensions\extension_process_broker.asm(64) : error A2206:missing operator in expression
D:\rawrxd\src\extensions\extension_process_broker.asm(66) : error A2006:undefined symbol : CreateProcessA
D:\rawrxd\src\extensions\extension_process_broker.asm(68) : error A2006:undefined symbol : fail
D:\rawrxd\src\extensions\extension_process_broker.asm(79) : error A2006:undefined symbol : done
D:\rawrxd\src\extensions\extension_process_broker.asm(113) : error A2006:undefined symbol : CreateJobObjectA
D:\rawrxd\src\extensions\extension_process_broker.asm(115) : error A2006:undefined symbol : fail
D:\rawrxd\src\extensions\extension_process_broker.asm(139) : error A2006:undefined symbol : SetInformationJobObject
D:\rawrxd\src\extensions\extension_process_broker.asm(144) : error A2006:undefined symbol : AssignProcessToJobObject
D:\rawrxd\src\extensions\extension_process_broker.asm(147) : error A2006:undefined symbol : done
D:\rawrxd\src\extensions\extension_process_broker.asm(182) : error A2206:missing operator in expression
D:\rawrxd\src\extensions\extension_process_broker.asm(183) : error A2206:missing operator in expression
D:\rawrxd\src\extensions\extension_process_broker.asm(184) : error A2006:undefined symbol : WriteFile
D:\rawrxd\src\extensions\extension_process_broker.asm(186) : error A2006:undefined symbol : fail
D:\rawrxd\src\extensions\extension_process_broker.asm(187) : error A2206:missing operator in expression
D:\rawrxd\src\extensions\extension_process_broker.asm(188) : error A2006:undefined symbol : fail
D:\rawrxd\src\extensions\extension_process_broker.asm(192) : error A2006:undefined symbol : ok
D:\rawrxd\src\extensions\extension_process_broker.asm(196) : error A2206:missing operator in expression
D:\rawrxd\src\extensions\extension_process_broker.asm(197) : error A2206:missing operator in expression
D:\rawrxd\src\extensions\extension_process_broker.asm(198) : error A2006:undefined symbol : WriteFile
D:\rawrxd\src\extensions\extension_process_broker.asm(200) : error A2006:undefined symbol : fail
D:\rawrxd\src\extensions\extension_process_broker.asm(204) : error A2006:undefined symbol : done
D:\rawrxd\src\extensions\extension_process_broker.asm(238) : error A2206:missing operator in expression
D:\rawrxd\src\extensions\extension_process_broker.asm(244) : error A2206:missing operator in expression
D:\rawrxd\src\extensions\extension_process_broker.asm(245) : error A2206:missing operator in expression
D:\rawrxd\src\extensions\extension_process_broker.asm(246) : error A2006:undefined symbol : ReadFile
D:\rawrxd\src\extensions\extension_process_broker.asm(248) : error A2006:undefined symbol : fail
D:\rawrxd\src\extensions\extension_process_broker.asm(249) : error A2206:missing operator in expression
D:\rawrxd\src\extensions\extension_process_broker.asm(250) : error A2006:undefined symbol : fail
D:\rawrxd\src\extensions\extension_process_broker.asm(253) : error A2206:missing operator in expression
D:\rawrxd\src\extensions\extension_process_broker.asm(254) : error A2006:undefined symbol : fail
D:\rawrxd\src\extensions\extension_process_broker.asm(259) : error A2006:undefined symbol : ok_empty
D:\rawrxd\src\extensions\extension_process_broker.asm(261) : error A2006:undefined symbol : fail
D:\rawrxd\src\extensions\extension_process_broker.asm(267) : error A2206:missing operator in expression
D:\rawrxd\src\extensions\extension_process_broker.asm(268) : error A2206:missing operator in expression
D:\rawrxd\src\extensions\extension_process_broker.asm(269) : error A2006:undefined symbol : ReadFile
D:\rawrxd\src\extensions\extension_process_broker.asm(271) : error A2006:undefined symbol : fail
D:\rawrxd\src\extensions\extension_process_broker.asm(272) : error A2206:missing operator in expression
D:\rawrxd\src\extensions\extension_process_broker.asm(277) : error A2006:undefined symbol : done
D:\rawrxd\src\extensions\extension_process_broker.asm(281) : error A2006:undefined symbol : done
D:\rawrxd\src\extensions\extension_process_broker.asm(302) : error A2006:undefined symbol : TerminateProcess
D:\rawrxd\src\extensions\extension_process_broker.asm(322) : error A2006:undefined symbol : GetProcessMemoryInfo
D:\rawrxd\src\extensions\extension_process_broker.asm(324) : error A2006:undefined symbol : fail
D:\rawrxd\src\extensions\extension_process_broker.asm(326) : error A2006:undefined symbol : done
