 Assembling: D:\rawrxd\reconstructed\RawrXD-production-lazy-init\src\masm\language\scaffolders\extended.asm
D:\rawrxd\reconstructed\RawrXD-production-lazy-init\src\masm\language\scaffolders\extended.asm(306) : error A2008:syntax error : invoke
D:\rawrxd\reconstructed\RawrXD-production-lazy-init\src\masm\language\scaffolders\extended.asm(309) : error A2008:syntax error : invoke
D:\rawrxd\reconstructed\RawrXD-production-lazy-init\src\masm\language\scaffolders\extended.asm(310) : error A2008:syntax error : lstrcatA
D:\rawrxd\reconstructed\RawrXD-production-lazy-init\src\masm\language\scaffolders\extended.asm(311) : error A2008:syntax error : lstrcatA
D:\rawrxd\reconstructed\RawrXD-production-lazy-init\src\masm\language\scaffolders\extended.asm(312) : error A2008:syntax error : invoke
D:\rawrxd\reconstructed\RawrXD-production-lazy-init\src\masm\language\scaffolders\extended.asm(314) : error A2008:syntax error : invoke
D:\rawrxd\reconstructed\RawrXD-production-lazy-init\src\masm\language\scaffolders\extended.asm(315) : error A2008:syntax error : lstrcatA
D:\rawrxd\reconstructed\RawrXD-production-lazy-init\src\masm\language\scaffolders\extended.asm(316) : error A2008:syntax error : lstrcatA
D:\rawrxd\reconstructed\RawrXD-production-lazy-init\src\masm\language\scaffolders\extended.asm(317) : error A2008:syntax error : invoke
D:\rawrxd\reconstructed\RawrXD-production-lazy-init\src\masm\language\scaffolders\extended.asm(319) : error A2008:syntax error : invoke
D:\rawrxd\reconstructed\RawrXD-production-lazy-init\src\masm\language\scaffolders\extended.asm(320) : error A2008:syntax error : lstrcatA
D:\rawrxd\reconstructed\RawrXD-production-lazy-init\src\masm\language\scaffolders\extended.asm(322) : error A2008:syntax error : invoke
D:\rawrxd\reconstructed\RawrXD-production-lazy-init\src\masm\language\scaffolders\extended.asm(325) : error A2008:syntax error : invoke
D:\rawrxd\reconstructed\RawrXD-production-lazy-init\src\masm\language\scaffolders\extended.asm(326) : error A2008:syntax error : lstrcatA
D:\rawrxd\reconstructed\RawrXD-production-lazy-init\src\masm\language\scaffolders\extended.asm(327) : error A2008:syntax error : lstrcatA
D:\rawrxd\reconstructed\RawrXD-production-lazy-init\src\masm\language\scaffolders\extended.asm(328) : error A2008:syntax error : WriteFileStr
D:\rawrxd\reconstructed\RawrXD-production-lazy-init\src\masm\language\scaffolders\extended.asm(331) : error A2008:syntax error : invoke
D:\rawrxd\reconstructed\RawrXD-production-lazy-init\src\masm\language\scaffolders\extended.asm(332) : error A2008:syntax error : lstrcatA
D:\rawrxd\reconstructed\RawrXD-production-lazy-init\src\masm\language\scaffolders\extended.asm(333) : error A2008:syntax error : lstrcatA
D:\rawrxd\reconstructed\RawrXD-production-lazy-init\src\masm\language\scaffolders\extended.asm(334) : error A2008:syntax error : WriteFileStr
D:\rawrxd\reconstructed\RawrXD-production-lazy-init\src\masm\language\scaffolders\extended.asm(346) : error A2008:syntax error : invoke
D:\rawrxd\reconstructed\RawrXD-production-lazy-init\src\masm\language\scaffolders\extended.asm(349) : error A2008:syntax error : invoke
D:\rawrxd\reconstructed\RawrXD-production-lazy-init\src\masm\language\scaffolders\extended.asm(350) : error A2008:syntax error : lstrcatA
D:\rawrxd\reconstructed\RawrXD-production-lazy-init\src\masm\language\scaffolders\extended.asm(351) : error A2008:syntax error : lstrcatA
D:\rawrxd\reconstructed\RawrXD-production-lazy-init\src\masm\language\scaffolders\extended.asm(352) : error A2008:syntax error : WriteFileStr
D:\rawrxd\reconstructed\RawrXD-production-lazy-init\src\masm\language\scaffolders\extended.asm(355) : error A2008:syntax error : invoke
D:\rawrxd\reconstructed\RawrXD-production-lazy-init\src\masm\language\scaffolders\extended.asm(356) : error A2008:syntax error : lstrcatA
D:\rawrxd\reconstructed\RawrXD-production-lazy-init\src\masm\language\scaffolders\extended.asm(357) : error A2008:syntax error : lstrcatA
D:\rawrxd\reconstructed\RawrXD-production-lazy-init\src\masm\language\scaffolders\extended.asm(358) : error A2008:syntax error : WriteFileStr
D:\rawrxd\reconstructed\RawrXD-production-lazy-init\src\masm\language\scaffolders\extended.asm(372) : error A2008:syntax error : invoke
D:\rawrxd\reconstructed\RawrXD-production-lazy-init\src\masm\language\scaffolders\extended.asm(375) : error A2008:syntax error : invoke
D:\rawrxd\reconstructed\RawrXD-production-lazy-init\src\masm\language\scaffolders\extended.asm(376) : error A2008:syntax error : lstrcatA
D:\rawrxd\reconstructed\RawrXD-production-lazy-init\src\masm\language\scaffolders\extended.asm(377) : error A2008:syntax error : lstrcatA
D:\rawrxd\reconstructed\RawrXD-production-lazy-init\src\masm\language\scaffolders\extended.asm(378) : error A2008:syntax error : invoke
D:\rawrxd\reconstructed\RawrXD-production-lazy-init\src\masm\language\scaffolders\extended.asm(381) : error A2008:syntax error : invoke
D:\rawrxd\reconstructed\RawrXD-production-lazy-init\src\masm\language\scaffolders\extended.asm(382) : error A2008:syntax error : lstrcatA
D:\rawrxd\reconstructed\RawrXD-production-lazy-init\src\masm\language\scaffolders\extended.asm(383) : error A2008:syntax error : lstrcatA
D:\rawrxd\reconstructed\RawrXD-production-lazy-init\src\masm\language\scaffolders\extended.asm(384) : error A2008:syntax error : invoke
D:\rawrxd\reconstructed\RawrXD-production-lazy-init\src\masm\language\scaffolders\extended.asm(387) : error A2008:syntax error : invoke
D:\rawrxd\reconstructed\RawrXD-production-lazy-init\src\masm\language\scaffolders\extended.asm(388) : error A2008:syntax error : lstrcatA
D:\rawrxd\reconstructed\RawrXD-production-lazy-init\src\masm\language\scaffolders\extended.asm(389) : error A2008:syntax error : lstrcatA
D:\rawrxd\reconstructed\RawrXD-production-lazy-init\src\masm\language\scaffolders\extended.asm(390) : error A2008:syntax error : WriteFileStr
D:\rawrxd\reconstructed\RawrXD-production-lazy-init\src\masm\language\scaffolders\extended.asm(393) : error A2008:syntax error : invoke
D:\rawrxd\reconstructed\RawrXD-production-lazy-init\src\masm\language\scaffolders\extended.asm(394) : error A2008:syntax error : lstrcatA
D:\rawrxd\reconstructed\RawrXD-production-lazy-init\src\masm\language\scaffolders\extended.asm(395) : error A2008:syntax error : lstrcatA
D:\rawrxd\reconstructed\RawrXD-production-lazy-init\src\masm\language\scaffolders\extended.asm(396) : error A2008:syntax error : WriteFileStr
D:\rawrxd\reconstructed\RawrXD-production-lazy-init\src\masm\language\scaffolders\extended.asm(411) : error A2008:syntax error : invoke
D:\rawrxd\reconstructed\RawrXD-production-lazy-init\src\masm\language\scaffolders\extended.asm(414) : error A2008:syntax error : invoke
D:\rawrxd\reconstructed\RawrXD-production-lazy-init\src\masm\language\scaffolders\extended.asm(415) : error A2008:syntax error : lstrcatA
D:\rawrxd\reconstructed\RawrXD-production-lazy-init\src\masm\language\scaffolders\extended.asm(416) : error A2008:syntax error : lstrcatA
D:\rawrxd\reconstructed\RawrXD-production-lazy-init\src\masm\language\scaffolders\extended.asm(417) : error A2008:syntax error : invoke
D:\rawrxd\reconstructed\RawrXD-production-lazy-init\src\masm\language\scaffolders\extended.asm(419) : error A2008:syntax error : invoke
D:\rawrxd\reconstructed\RawrXD-production-lazy-init\src\masm\language\scaffolders\extended.asm(420) : error A2008:syntax error : lstrcatA
D:\rawrxd\reconstructed\RawrXD-production-lazy-init\src\masm\language\scaffolders\extended.asm(421) : error A2008:syntax error : lstrcatA
D:\rawrxd\reconstructed\RawrXD-production-lazy-init\src\masm\language\scaffolders\extended.asm(422) : error A2008:syntax error : invoke
D:\rawrxd\reconstructed\RawrXD-production-lazy-init\src\masm\language\scaffolders\extended.asm(424) : error A2008:syntax error : invoke
D:\rawrxd\reconstructed\RawrXD-production-lazy-init\src\masm\language\scaffolders\extended.asm(425) : error A2008:syntax error : lstrcatA
D:\rawrxd\reconstructed\RawrXD-production-lazy-init\src\masm\language\scaffolders\extended.asm(426) : error A2008:syntax error : lstrcatA
D:\rawrxd\reconstructed\RawrXD-production-lazy-init\src\masm\language\scaffolders\extended.asm(427) : error A2008:syntax error : invoke
D:\rawrxd\reconstructed\RawrXD-production-lazy-init\src\masm\language\scaffolders\extended.asm(430) : error A2008:syntax error : invoke
D:\rawrxd\reconstructed\RawrXD-production-lazy-init\src\masm\language\scaffolders\extended.asm(431) : error A2008:syntax error : lstrcatA
D:\rawrxd\reconstructed\RawrXD-production-lazy-init\src\masm\language\scaffolders\extended.asm(432) : error A2008:syntax error : lstrcatA
D:\rawrxd\reconstructed\RawrXD-production-lazy-init\src\masm\language\scaffolders\extended.asm(433) : error A2008:syntax error : WriteFileStr
D:\rawrxd\reconstructed\RawrXD-production-lazy-init\src\masm\language\scaffolders\extended.asm(436) : error A2008:syntax error : invoke
D:\rawrxd\reconstructed\RawrXD-production-lazy-init\src\masm\language\scaffolders\extended.asm(437) : error A2008:syntax error : lstrcatA
D:\rawrxd\reconstructed\RawrXD-production-lazy-init\src\masm\language\scaffolders\extended.asm(438) : error A2008:syntax error : lstrcatA
D:\rawrxd\reconstructed\RawrXD-production-lazy-init\src\masm\language\scaffolders\extended.asm(439) : error A2008:syntax error : WriteFileStr
D:\rawrxd\reconstructed\RawrXD-production-lazy-init\src\masm\language\scaffolders\extended.asm(451) : error A2008:syntax error : invoke
D:\rawrxd\reconstructed\RawrXD-production-lazy-init\src\masm\language\scaffolders\extended.asm(454) : error A2008:syntax error : invoke
D:\rawrxd\reconstructed\RawrXD-production-lazy-init\src\masm\language\scaffolders\extended.asm(455) : error A2008:syntax error : lstrcatA
D:\rawrxd\reconstructed\RawrXD-production-lazy-init\src\masm\language\scaffolders\extended.asm(456) : error A2008:syntax error : lstrcatA
D:\rawrxd\reconstructed\RawrXD-production-lazy-init\src\masm\language\scaffolders\extended.asm(457) : error A2008:syntax error : WriteFileStr
D:\rawrxd\reconstructed\RawrXD-production-lazy-init\src\masm\language\scaffolders\extended.asm(460) : error A2008:syntax error : invoke
D:\rawrxd\reconstructed\RawrXD-production-lazy-init\src\masm\language\scaffolders\extended.asm(461) : error A2008:syntax error : lstrcatA
D:\rawrxd\reconstructed\RawrXD-production-lazy-init\src\masm\language\scaffolders\extended.asm(462) : error A2008:syntax error : lstrcatA
D:\rawrxd\reconstructed\RawrXD-production-lazy-init\src\masm\language\scaffolders\extended.asm(463) : error A2008:syntax error : WriteFileStr
D:\rawrxd\reconstructed\RawrXD-production-lazy-init\src\masm\language\scaffolders\extended.asm(476) : error A2008:syntax error : invoke
D:\rawrxd\reconstructed\RawrXD-production-lazy-init\src\masm\language\scaffolders\extended.asm(479) : error A2008:syntax error : invoke
D:\rawrxd\reconstructed\RawrXD-production-lazy-init\src\masm\language\scaffolders\extended.asm(480) : error A2008:syntax error : lstrcatA
D:\rawrxd\reconstructed\RawrXD-production-lazy-init\src\masm\language\scaffolders\extended.asm(481) : error A2008:syntax error : lstrcatA
D:\rawrxd\reconstructed\RawrXD-production-lazy-init\src\masm\language\scaffolders\extended.asm(482) : error A2008:syntax error : invoke
D:\rawrxd\reconstructed\RawrXD-production-lazy-init\src\masm\language\scaffolders\extended.asm(485) : error A2008:syntax error : invoke
D:\rawrxd\reconstructed\RawrXD-production-lazy-init\src\masm\language\scaffolders\extended.asm(486) : error A2008:syntax error : lstrcatA
D:\rawrxd\reconstructed\RawrXD-production-lazy-init\src\masm\language\scaffolders\extended.asm(487) : error A2008:syntax error : lstrcatA
D:\rawrxd\reconstructed\RawrXD-production-lazy-init\src\masm\language\scaffolders\extended.asm(488) : error A2008:syntax error : WriteFileStr
D:\rawrxd\reconstructed\RawrXD-production-lazy-init\src\masm\language\scaffolders\extended.asm(491) : error A2008:syntax error : invoke
D:\rawrxd\reconstructed\RawrXD-production-lazy-init\src\masm\language\scaffolders\extended.asm(492) : error A2008:syntax error : lstrcatA
D:\rawrxd\reconstructed\RawrXD-production-lazy-init\src\masm\language\scaffolders\extended.asm(493) : error A2008:syntax error : lstrcatA
D:\rawrxd\reconstructed\RawrXD-production-lazy-init\src\masm\language\scaffolders\extended.asm(494) : error A2008:syntax error : WriteFileStr
D:\rawrxd\reconstructed\RawrXD-production-lazy-init\src\masm\language\scaffolders\extended.asm(506) : error A2008:syntax error : invoke
D:\rawrxd\reconstructed\RawrXD-production-lazy-init\src\masm\language\scaffolders\extended.asm(509) : error A2008:syntax error : invoke
D:\rawrxd\reconstructed\RawrXD-production-lazy-init\src\masm\language\scaffolders\extended.asm(510) : error A2008:syntax error : lstrcatA
D:\rawrxd\reconstructed\RawrXD-production-lazy-init\src\masm\language\scaffolders\extended.asm(511) : error A2008:syntax error : lstrcatA
D:\rawrxd\reconstructed\RawrXD-production-lazy-init\src\masm\language\scaffolders\extended.asm(512) : error A2008:syntax error : WriteFileStr
D:\rawrxd\reconstructed\RawrXD-production-lazy-init\src\masm\language\scaffolders\extended.asm(524) : error A2008:syntax error : invoke
D:\rawrxd\reconstructed\RawrXD-production-lazy-init\src\masm\language\scaffolders\extended.asm(527) : error A2008:syntax error : invoke
D:\rawrxd\reconstructed\RawrXD-production-lazy-init\src\masm\language\scaffolders\extended.asm(528) : error A2008:syntax error : lstrcatA
D:\rawrxd\reconstructed\RawrXD-production-lazy-init\src\masm\language\scaffolders\extended.asm(529) : error A2008:syntax error : lstrcatA
D:\rawrxd\reconstructed\RawrXD-production-lazy-init\src\masm\language\scaffolders\extended.asm(530) : error A2008:syntax error : WriteFileStr
D:\rawrxd\reconstructed\RawrXD-production-lazy-init\src\masm\language\scaffolders\extended.asm(543) : error A2008:syntax error : invoke
D:\rawrxd\reconstructed\RawrXD-production-lazy-init\src\masm\language\scaffolders\extended.asm(546) : fatal error A1012:error count exceeds 100; stopping assembly
