 Assembling: D:\rawrxd\RawrXD-ModelLoader\kernels\flash_attn_asm_avx2.asm
D:\rawrxd\RawrXD-ModelLoader\kernels\flash_attn_asm_avx2.asm(17) : error A2008:syntax error : section
D:\rawrxd\RawrXD-ModelLoader\kernels\flash_attn_asm_avx2.asm(18) : error A2034:must be in segment block
D:\rawrxd\RawrXD-ModelLoader\kernels\flash_attn_asm_avx2.asm(19) : error A2034:must be in segment block
D:\rawrxd\RawrXD-ModelLoader\kernels\flash_attn_asm_avx2.asm(21) : error A2008:syntax error : section
D:\rawrxd\RawrXD-ModelLoader\kernels\flash_attn_asm_avx2.asm(22) : error A2008:syntax error : global
D:\rawrxd\RawrXD-ModelLoader\kernels\flash_attn_asm_avx2.asm(24) : error A2034:must be in segment block
D:\rawrxd\RawrXD-ModelLoader\kernels\flash_attn_asm_avx2.asm(26) : error A2034:must be in segment block
D:\rawrxd\RawrXD-ModelLoader\kernels\flash_attn_asm_avx2.asm(27) : error A2034:must be in segment block
D:\rawrxd\RawrXD-ModelLoader\kernels\flash_attn_asm_avx2.asm(28) : error A2034:must be in segment block
D:\rawrxd\RawrXD-ModelLoader\kernels\flash_attn_asm_avx2.asm(29) : error A2034:must be in segment block
D:\rawrxd\RawrXD-ModelLoader\kernels\flash_attn_asm_avx2.asm(30) : error A2034:must be in segment block
D:\rawrxd\RawrXD-ModelLoader\kernels\flash_attn_asm_avx2.asm(31) : error A2034:must be in segment block
D:\rawrxd\RawrXD-ModelLoader\kernels\flash_attn_asm_avx2.asm(32) : error A2034:must be in segment block
D:\rawrxd\RawrXD-ModelLoader\kernels\flash_attn_asm_avx2.asm(33) : error A2034:must be in segment block
D:\rawrxd\RawrXD-ModelLoader\kernels\flash_attn_asm_avx2.asm(34) : error A2034:must be in segment block
D:\rawrxd\RawrXD-ModelLoader\kernels\flash_attn_asm_avx2.asm(35) : error A2034:must be in segment block
D:\rawrxd\RawrXD-ModelLoader\kernels\flash_attn_asm_avx2.asm(38) : error A2034:must be in segment block
D:\rawrxd\RawrXD-ModelLoader\kernels\flash_attn_asm_avx2.asm(39) : error A2034:must be in segment block
D:\rawrxd\RawrXD-ModelLoader\kernels\flash_attn_asm_avx2.asm(40) : error A2034:must be in segment block
D:\rawrxd\RawrXD-ModelLoader\kernels\flash_attn_asm_avx2.asm(41) : error A2034:must be in segment block
D:\rawrxd\RawrXD-ModelLoader\kernels\flash_attn_asm_avx2.asm(42) : error A2034:must be in segment block
D:\rawrxd\RawrXD-ModelLoader\kernels\flash_attn_asm_avx2.asm(43) : error A2034:must be in segment block
D:\rawrxd\RawrXD-ModelLoader\kernels\flash_attn_asm_avx2.asm(44) : error A2034:must be in segment block
D:\rawrxd\RawrXD-ModelLoader\kernels\flash_attn_asm_avx2.asm(45) : error A2034:must be in segment block
D:\rawrxd\RawrXD-ModelLoader\kernels\flash_attn_asm_avx2.asm(48) : error A2034:must be in segment block
D:\rawrxd\RawrXD-ModelLoader\kernels\flash_attn_asm_avx2.asm(49) : error A2034:must be in segment block
D:\rawrxd\RawrXD-ModelLoader\kernels\flash_attn_asm_avx2.asm(52) : error A2034:must be in segment block
D:\rawrxd\RawrXD-ModelLoader\kernels\flash_attn_asm_avx2.asm(54) : error A2008:syntax error : .
D:\rawrxd\RawrXD-ModelLoader\kernels\flash_attn_asm_avx2.asm(55) : error A2034:must be in segment block
D:\rawrxd\RawrXD-ModelLoader\kernels\flash_attn_asm_avx2.asm(56) : error A2034:must be in segment block
D:\rawrxd\RawrXD-ModelLoader\kernels\flash_attn_asm_avx2.asm(57) : error A2034:must be in segment block
D:\rawrxd\RawrXD-ModelLoader\kernels\flash_attn_asm_avx2.asm(60) : error A2034:must be in segment block
D:\rawrxd\RawrXD-ModelLoader\kernels\flash_attn_asm_avx2.asm(61) : error A2034:must be in segment block
D:\rawrxd\RawrXD-ModelLoader\kernels\flash_attn_asm_avx2.asm(62) : error A2034:must be in segment block
D:\rawrxd\RawrXD-ModelLoader\kernels\flash_attn_asm_avx2.asm(63) : error A2034:must be in segment block
D:\rawrxd\RawrXD-ModelLoader\kernels\flash_attn_asm_avx2.asm(64) : error A2034:must be in segment block
D:\rawrxd\RawrXD-ModelLoader\kernels\flash_attn_asm_avx2.asm(67) : error A2034:must be in segment block
D:\rawrxd\RawrXD-ModelLoader\kernels\flash_attn_asm_avx2.asm(68) : error A2034:must be in segment block
D:\rawrxd\RawrXD-ModelLoader\kernels\flash_attn_asm_avx2.asm(69) : error A2034:must be in segment block
D:\rawrxd\RawrXD-ModelLoader\kernels\flash_attn_asm_avx2.asm(70) : error A2008:syntax error : .
D:\rawrxd\RawrXD-ModelLoader\kernels\flash_attn_asm_avx2.asm(71) : error A2034:must be in segment block
D:\rawrxd\RawrXD-ModelLoader\kernels\flash_attn_asm_avx2.asm(72) : error A2034:must be in segment block
D:\rawrxd\RawrXD-ModelLoader\kernels\flash_attn_asm_avx2.asm(73) : error A2034:must be in segment block
D:\rawrxd\RawrXD-ModelLoader\kernels\flash_attn_asm_avx2.asm(75) : error A2034:must be in segment block
D:\rawrxd\RawrXD-ModelLoader\kernels\flash_attn_asm_avx2.asm(76) : error A2034:must be in segment block
D:\rawrxd\RawrXD-ModelLoader\kernels\flash_attn_asm_avx2.asm(77) : error A2034:must be in segment block
D:\rawrxd\RawrXD-ModelLoader\kernels\flash_attn_asm_avx2.asm(78) : error A2008:syntax error : .
D:\rawrxd\RawrXD-ModelLoader\kernels\flash_attn_asm_avx2.asm(79) : error A2034:must be in segment block
D:\rawrxd\RawrXD-ModelLoader\kernels\flash_attn_asm_avx2.asm(80) : error A2034:must be in segment block
D:\rawrxd\RawrXD-ModelLoader\kernels\flash_attn_asm_avx2.asm(81) : error A2034:must be in segment block
D:\rawrxd\RawrXD-ModelLoader\kernels\flash_attn_asm_avx2.asm(84) : error A2034:must be in segment block
D:\rawrxd\RawrXD-ModelLoader\kernels\flash_attn_asm_avx2.asm(85) : error A2034:must be in segment block
D:\rawrxd\RawrXD-ModelLoader\kernels\flash_attn_asm_avx2.asm(86) : error A2034:must be in segment block
D:\rawrxd\RawrXD-ModelLoader\kernels\flash_attn_asm_avx2.asm(87) : error A2034:must be in segment block
D:\rawrxd\RawrXD-ModelLoader\kernels\flash_attn_asm_avx2.asm(88) : error A2034:must be in segment block
D:\rawrxd\RawrXD-ModelLoader\kernels\flash_attn_asm_avx2.asm(89) : error A2034:must be in segment block
D:\rawrxd\RawrXD-ModelLoader\kernels\flash_attn_asm_avx2.asm(90) : error A2034:must be in segment block
D:\rawrxd\RawrXD-ModelLoader\kernels\flash_attn_asm_avx2.asm(91) : error A2008:syntax error : .
D:\rawrxd\RawrXD-ModelLoader\kernels\flash_attn_asm_avx2.asm(92) : error A2034:must be in segment block
D:\rawrxd\RawrXD-ModelLoader\kernels\flash_attn_asm_avx2.asm(93) : error A2034:must be in segment block
D:\rawrxd\RawrXD-ModelLoader\kernels\flash_attn_asm_avx2.asm(94) : error A2034:must be in segment block
D:\rawrxd\RawrXD-ModelLoader\kernels\flash_attn_asm_avx2.asm(95) : error A2034:must be in segment block
D:\rawrxd\RawrXD-ModelLoader\kernels\flash_attn_asm_avx2.asm(98) : error A2034:must be in segment block
D:\rawrxd\RawrXD-ModelLoader\kernels\flash_attn_asm_avx2.asm(100) : error A2008:syntax error : .
D:\rawrxd\RawrXD-ModelLoader\kernels\flash_attn_asm_avx2.asm(101) : error A2034:must be in segment block
D:\rawrxd\RawrXD-ModelLoader\kernels\flash_attn_asm_avx2.asm(102) : error A2034:must be in segment block
D:\rawrxd\RawrXD-ModelLoader\kernels\flash_attn_asm_avx2.asm(103) : error A2034:must be in segment block
D:\rawrxd\RawrXD-ModelLoader\kernels\flash_attn_asm_avx2.asm(106) : error A2034:must be in segment block
D:\rawrxd\RawrXD-ModelLoader\kernels\flash_attn_asm_avx2.asm(107) : error A2034:must be in segment block
D:\rawrxd\RawrXD-ModelLoader\kernels\flash_attn_asm_avx2.asm(108) : error A2034:must be in segment block
D:\rawrxd\RawrXD-ModelLoader\kernels\flash_attn_asm_avx2.asm(109) : error A2034:must be in segment block
D:\rawrxd\RawrXD-ModelLoader\kernels\flash_attn_asm_avx2.asm(110) : error A2034:must be in segment block
D:\rawrxd\RawrXD-ModelLoader\kernels\flash_attn_asm_avx2.asm(119) : error A2034:must be in segment block
D:\rawrxd\RawrXD-ModelLoader\kernels\flash_attn_asm_avx2.asm(120) : error A2008:syntax error : .
D:\rawrxd\RawrXD-ModelLoader\kernels\flash_attn_asm_avx2.asm(121) : error A2034:must be in segment block
D:\rawrxd\RawrXD-ModelLoader\kernels\flash_attn_asm_avx2.asm(122) : error A2034:must be in segment block
D:\rawrxd\RawrXD-ModelLoader\kernels\flash_attn_asm_avx2.asm(125) : error A2034:must be in segment block
D:\rawrxd\RawrXD-ModelLoader\kernels\flash_attn_asm_avx2.asm(126) : error A2034:must be in segment block
D:\rawrxd\RawrXD-ModelLoader\kernels\flash_attn_asm_avx2.asm(127) : error A2034:must be in segment block
D:\rawrxd\RawrXD-ModelLoader\kernels\flash_attn_asm_avx2.asm(128) : error A2034:must be in segment block
D:\rawrxd\RawrXD-ModelLoader\kernels\flash_attn_asm_avx2.asm(129) : error A2034:must be in segment block
D:\rawrxd\RawrXD-ModelLoader\kernels\flash_attn_asm_avx2.asm(132) : error A2034:must be in segment block
D:\rawrxd\RawrXD-ModelLoader\kernels\flash_attn_asm_avx2.asm(133) : error A2008:syntax error : .
D:\rawrxd\RawrXD-ModelLoader\kernels\flash_attn_asm_avx2.asm(134) : error A2034:must be in segment block
D:\rawrxd\RawrXD-ModelLoader\kernels\flash_attn_asm_avx2.asm(135) : error A2034:must be in segment block
D:\rawrxd\RawrXD-ModelLoader\kernels\flash_attn_asm_avx2.asm(138) : error A2034:must be in segment block
D:\rawrxd\RawrXD-ModelLoader\kernels\flash_attn_asm_avx2.asm(139) : error A2034:must be in segment block
D:\rawrxd\RawrXD-ModelLoader\kernels\flash_attn_asm_avx2.asm(140) : error A2034:must be in segment block
D:\rawrxd\RawrXD-ModelLoader\kernels\flash_attn_asm_avx2.asm(141) : error A2034:must be in segment block
D:\rawrxd\RawrXD-ModelLoader\kernels\flash_attn_asm_avx2.asm(142) : error A2034:must be in segment block
D:\rawrxd\RawrXD-ModelLoader\kernels\flash_attn_asm_avx2.asm(143) : error A2034:must be in segment block
D:\rawrxd\RawrXD-ModelLoader\kernels\flash_attn_asm_avx2.asm(144) : error A2034:must be in segment block
D:\rawrxd\RawrXD-ModelLoader\kernels\flash_attn_asm_avx2.asm(147) : error A2034:must be in segment block
D:\rawrxd\RawrXD-ModelLoader\kernels\flash_attn_asm_avx2.asm(148) : error A2034:must be in segment block
D:\rawrxd\RawrXD-ModelLoader\kernels\flash_attn_asm_avx2.asm(151) : error A2034:must be in segment block
D:\rawrxd\RawrXD-ModelLoader\kernels\flash_attn_asm_avx2.asm(152) : error A2034:must be in segment block
D:\rawrxd\RawrXD-ModelLoader\kernels\flash_attn_asm_avx2.asm(153) : error A2034:must be in segment block
D:\rawrxd\RawrXD-ModelLoader\kernels\flash_attn_asm_avx2.asm(154) : error A2034:must be in segment block
D:\rawrxd\RawrXD-ModelLoader\kernels\flash_attn_asm_avx2.asm(156) : error A2008:syntax error : .
D:\rawrxd\RawrXD-ModelLoader\kernels\flash_attn_asm_avx2.asm(158) : error A2034:must be in segment block
D:\rawrxd\RawrXD-ModelLoader\kernels\flash_attn_asm_avx2.asm(159) : fatal error A1012:error count exceeds 100; stopping assembly
