 Assembling: D:\rawrxd\itsmehrawrxd-master\full_eon_compiler.asm
D:\rawrxd\itsmehrawrxd-master\full_eon_compiler.asm(5) : error A2008:syntax error : section
D:\rawrxd\itsmehrawrxd-master\full_eon_compiler.asm(6) : error A2034:must be in segment block
D:\rawrxd\itsmehrawrxd-master\full_eon_compiler.asm(7) : error A2034:must be in segment block
D:\rawrxd\itsmehrawrxd-master\full_eon_compiler.asm(10) : error A2034:must be in segment block
D:\rawrxd\itsmehrawrxd-master\full_eon_compiler.asm(11) : error A2034:must be in segment block
D:\rawrxd\itsmehrawrxd-master\full_eon_compiler.asm(12) : error A2034:must be in segment block
D:\rawrxd\itsmehrawrxd-master\full_eon_compiler.asm(13) : error A2034:must be in segment block
D:\rawrxd\itsmehrawrxd-master\full_eon_compiler.asm(14) : error A2034:must be in segment block
D:\rawrxd\itsmehrawrxd-master\full_eon_compiler.asm(15) : error A2034:must be in segment block
D:\rawrxd\itsmehrawrxd-master\full_eon_compiler.asm(16) : error A2034:must be in segment block
D:\rawrxd\itsmehrawrxd-master\full_eon_compiler.asm(17) : error A2034:must be in segment block
D:\rawrxd\itsmehrawrxd-master\full_eon_compiler.asm(18) : error A2034:must be in segment block
D:\rawrxd\itsmehrawrxd-master\full_eon_compiler.asm(19) : error A2034:must be in segment block
D:\rawrxd\itsmehrawrxd-master\full_eon_compiler.asm(21) : error A2008:syntax error : section
D:\rawrxd\itsmehrawrxd-master\full_eon_compiler.asm(22) : error A2008:syntax error : compiler_state
D:\rawrxd\itsmehrawrxd-master\full_eon_compiler.asm(23) : error A2008:syntax error : parse_buffer
D:\rawrxd\itsmehrawrxd-master\full_eon_compiler.asm(24) : error A2008:syntax error : token_buffer
D:\rawrxd\itsmehrawrxd-master\full_eon_compiler.asm(25) : error A2008:syntax error : ast_buffer
D:\rawrxd\itsmehrawrxd-master\full_eon_compiler.asm(26) : error A2008:syntax error : symbol_table
D:\rawrxd\itsmehrawrxd-master\full_eon_compiler.asm(27) : error A2008:syntax error : type_table
D:\rawrxd\itsmehrawrxd-master\full_eon_compiler.asm(29) : error A2008:syntax error : section
D:\rawrxd\itsmehrawrxd-master\full_eon_compiler.asm(30) : error A2008:syntax error : global
D:\rawrxd\itsmehrawrxd-master\full_eon_compiler.asm(31) : error A2008:syntax error : global
D:\rawrxd\itsmehrawrxd-master\full_eon_compiler.asm(32) : error A2008:syntax error : global
D:\rawrxd\itsmehrawrxd-master\full_eon_compiler.asm(33) : error A2008:syntax error : global
D:\rawrxd\itsmehrawrxd-master\full_eon_compiler.asm(34) : error A2008:syntax error : global
D:\rawrxd\itsmehrawrxd-master\full_eon_compiler.asm(35) : error A2008:syntax error : global
D:\rawrxd\itsmehrawrxd-master\full_eon_compiler.asm(38) : error A2034:must be in segment block
D:\rawrxd\itsmehrawrxd-master\full_eon_compiler.asm(39) : error A2034:must be in segment block
D:\rawrxd\itsmehrawrxd-master\full_eon_compiler.asm(40) : error A2034:must be in segment block
D:\rawrxd\itsmehrawrxd-master\full_eon_compiler.asm(43) : error A2034:must be in segment block
D:\rawrxd\itsmehrawrxd-master\full_eon_compiler.asm(44) : error A2034:must be in segment block
D:\rawrxd\itsmehrawrxd-master\full_eon_compiler.asm(45) : error A2034:must be in segment block
D:\rawrxd\itsmehrawrxd-master\full_eon_compiler.asm(46) : error A2034:must be in segment block
D:\rawrxd\itsmehrawrxd-master\full_eon_compiler.asm(49) : error A2034:must be in segment block
D:\rawrxd\itsmehrawrxd-master\full_eon_compiler.asm(50) : error A2034:must be in segment block
D:\rawrxd\itsmehrawrxd-master\full_eon_compiler.asm(51) : error A2034:must be in segment block
D:\rawrxd\itsmehrawrxd-master\full_eon_compiler.asm(52) : error A2034:must be in segment block
D:\rawrxd\itsmehrawrxd-master\full_eon_compiler.asm(53) : error A2034:must be in segment block
D:\rawrxd\itsmehrawrxd-master\full_eon_compiler.asm(56) : error A2034:must be in segment block
D:\rawrxd\itsmehrawrxd-master\full_eon_compiler.asm(59) : error A2034:must be in segment block
D:\rawrxd\itsmehrawrxd-master\full_eon_compiler.asm(62) : error A2034:must be in segment block
D:\rawrxd\itsmehrawrxd-master\full_eon_compiler.asm(65) : error A2034:must be in segment block
D:\rawrxd\itsmehrawrxd-master\full_eon_compiler.asm(68) : error A2034:must be in segment block
D:\rawrxd\itsmehrawrxd-master\full_eon_compiler.asm(71) : error A2034:must be in segment block
D:\rawrxd\itsmehrawrxd-master\full_eon_compiler.asm(73) : error A2034:must be in segment block
D:\rawrxd\itsmehrawrxd-master\full_eon_compiler.asm(74) : error A2034:must be in segment block
D:\rawrxd\itsmehrawrxd-master\full_eon_compiler.asm(75) : error A2034:must be in segment block
D:\rawrxd\itsmehrawrxd-master\full_eon_compiler.asm(78) : error A2034:must be in segment block
D:\rawrxd\itsmehrawrxd-master\full_eon_compiler.asm(79) : error A2034:must be in segment block
D:\rawrxd\itsmehrawrxd-master\full_eon_compiler.asm(80) : error A2034:must be in segment block
D:\rawrxd\itsmehrawrxd-master\full_eon_compiler.asm(81) : error A2034:must be in segment block
D:\rawrxd\itsmehrawrxd-master\full_eon_compiler.asm(82) : error A2034:must be in segment block
D:\rawrxd\itsmehrawrxd-master\full_eon_compiler.asm(83) : error A2034:must be in segment block
D:\rawrxd\itsmehrawrxd-master\full_eon_compiler.asm(86) : error A2034:must be in segment block
D:\rawrxd\itsmehrawrxd-master\full_eon_compiler.asm(87) : error A2034:must be in segment block
D:\rawrxd\itsmehrawrxd-master\full_eon_compiler.asm(88) : error A2034:must be in segment block
D:\rawrxd\itsmehrawrxd-master\full_eon_compiler.asm(91) : error A2034:must be in segment block
D:\rawrxd\itsmehrawrxd-master\full_eon_compiler.asm(92) : error A2034:must be in segment block
D:\rawrxd\itsmehrawrxd-master\full_eon_compiler.asm(93) : error A2034:must be in segment block
D:\rawrxd\itsmehrawrxd-master\full_eon_compiler.asm(96) : error A2034:must be in segment block
D:\rawrxd\itsmehrawrxd-master\full_eon_compiler.asm(97) : error A2034:must be in segment block
D:\rawrxd\itsmehrawrxd-master\full_eon_compiler.asm(98) : error A2034:must be in segment block
D:\rawrxd\itsmehrawrxd-master\full_eon_compiler.asm(101) : error A2034:must be in segment block
D:\rawrxd\itsmehrawrxd-master\full_eon_compiler.asm(102) : error A2034:must be in segment block
D:\rawrxd\itsmehrawrxd-master\full_eon_compiler.asm(103) : error A2034:must be in segment block
D:\rawrxd\itsmehrawrxd-master\full_eon_compiler.asm(106) : error A2034:must be in segment block
D:\rawrxd\itsmehrawrxd-master\full_eon_compiler.asm(107) : error A2034:must be in segment block
D:\rawrxd\itsmehrawrxd-master\full_eon_compiler.asm(108) : error A2034:must be in segment block
D:\rawrxd\itsmehrawrxd-master\full_eon_compiler.asm(111) : error A2034:must be in segment block
D:\rawrxd\itsmehrawrxd-master\full_eon_compiler.asm(112) : error A2034:must be in segment block
D:\rawrxd\itsmehrawrxd-master\full_eon_compiler.asm(113) : error A2034:must be in segment block
D:\rawrxd\itsmehrawrxd-master\full_eon_compiler.asm(115) : error A2034:must be in segment block
D:\rawrxd\itsmehrawrxd-master\full_eon_compiler.asm(116) : error A2034:must be in segment block
D:\rawrxd\itsmehrawrxd-master\full_eon_compiler.asm(118) : error A2008:syntax error : .
D:\rawrxd\itsmehrawrxd-master\full_eon_compiler.asm(119) : error A2034:must be in segment block
D:\rawrxd\itsmehrawrxd-master\full_eon_compiler.asm(121) : error A2008:syntax error : .
D:\rawrxd\itsmehrawrxd-master\full_eon_compiler.asm(122) : error A2034:must be in segment block
D:\rawrxd\itsmehrawrxd-master\full_eon_compiler.asm(123) : error A2034:must be in segment block
D:\rawrxd\itsmehrawrxd-master\full_eon_compiler.asm(124) : error A2034:must be in segment block
D:\rawrxd\itsmehrawrxd-master\full_eon_compiler.asm(125) : error A2034:must be in segment block
D:\rawrxd\itsmehrawrxd-master\full_eon_compiler.asm(126) : error A2034:must be in segment block
D:\rawrxd\itsmehrawrxd-master\full_eon_compiler.asm(129) : error A2034:must be in segment block
D:\rawrxd\itsmehrawrxd-master\full_eon_compiler.asm(130) : error A2034:must be in segment block
D:\rawrxd\itsmehrawrxd-master\full_eon_compiler.asm(131) : error A2034:must be in segment block
D:\rawrxd\itsmehrawrxd-master\full_eon_compiler.asm(132) : error A2034:must be in segment block
D:\rawrxd\itsmehrawrxd-master\full_eon_compiler.asm(133) : error A2034:must be in segment block
D:\rawrxd\itsmehrawrxd-master\full_eon_compiler.asm(136) : error A2034:must be in segment block
D:\rawrxd\itsmehrawrxd-master\full_eon_compiler.asm(139) : error A2034:must be in segment block
D:\rawrxd\itsmehrawrxd-master\full_eon_compiler.asm(140) : error A2034:must be in segment block
D:\rawrxd\itsmehrawrxd-master\full_eon_compiler.asm(141) : error A2034:must be in segment block
D:\rawrxd\itsmehrawrxd-master\full_eon_compiler.asm(144) : error A2034:must be in segment block
D:\rawrxd\itsmehrawrxd-master\full_eon_compiler.asm(145) : error A2034:must be in segment block
D:\rawrxd\itsmehrawrxd-master\full_eon_compiler.asm(146) : error A2034:must be in segment block
D:\rawrxd\itsmehrawrxd-master\full_eon_compiler.asm(149) : error A2034:must be in segment block
D:\rawrxd\itsmehrawrxd-master\full_eon_compiler.asm(150) : error A2034:must be in segment block
D:\rawrxd\itsmehrawrxd-master\full_eon_compiler.asm(151) : error A2034:must be in segment block
D:\rawrxd\itsmehrawrxd-master\full_eon_compiler.asm(153) : error A2034:must be in segment block
D:\rawrxd\itsmehrawrxd-master\full_eon_compiler.asm(154) : error A2034:must be in segment block
D:\rawrxd\itsmehrawrxd-master\full_eon_compiler.asm(156) : error A2008:syntax error : .
D:\rawrxd\itsmehrawrxd-master\full_eon_compiler.asm(157) : fatal error A1012:error count exceeds 100; stopping assembly
