 Assembling: D:\rawrxd\history\-24688c32\FUqh.asm
D:\rawrxd\history\-24688c32\FUqh.asm(419) : error A2229:cannot use labels and 32-bit addressing in the same expression
D:\rawrxd\history\-24688c32\FUqh.asm(421) : error A2229:cannot use labels and 32-bit addressing in the same expression
D:\rawrxd\history\-24688c32\FUqh.asm(523) : error A2006:undefined symbol : GetCurrentProcess
D:\rawrxd\history\-24688c32\FUqh.asm(526) : error A2006:undefined symbol : SetPriorityClass
D:\rawrxd\history\-24688c32\FUqh.asm(533) : error A2006:undefined symbol : AvSetMmThreadCharacteristicsA
D:\rawrxd\history\-24688c32\FUqh.asm(539) : error A2206:missing operator in expression
D:\rawrxd\history\-24688c32\FUqh.asm(562) : error A2006:undefined symbol : NtSetTimerResolution
D:\rawrxd\history\-24688c32\FUqh.asm(571) : error A2006:undefined symbol : CreateIoCompletionPort
D:\rawrxd\history\-24688c32\FUqh.asm(172) : warning A4025:ENDP found before .ENDPROLOG : HP_Retire
D:\rawrxd\history\-24688c32\FUqh.asm(172) : error A2247:size of prolog too big, must be < 256 bytes
D:\rawrxd\history\-24688c32\FUqh.asm(172) : error A2220:Missing .ENDPROLOG
D:\rawrxd\history\-24688c32\FUqh.asm(214) : warning A4025:ENDP found before .ENDPROLOG : MSQueue_Enqueue
D:\rawrxd\history\-24688c32\FUqh.asm(292) : warning A4025:ENDP found before .ENDPROLOG : Arena_Alloc
D:\rawrxd\history\-24688c32\FUqh.asm(409) : warning A4025:ENDP found before .ENDPROLOG : LZ4_Decompress_Block
D:\rawrxd\history\-24688c32\FUqh.asm(435) : warning A4025:ENDP found before .ENDPROLOG : RS_InitTables
D:\rawrxd\history\-24688c32\FUqh.asm(466) : warning A4025:ENDP found before .ENDPROLOG : RS_CalculateParity
D:\rawrxd\history\-24688c32\FUqh.asm(510) : warning A4025:ENDP found before .ENDPROLOG : GPU_SubmitCompute
D:\rawrxd\history\-24688c32\FUqh.asm(579) : warning A4025:ENDP found before .ENDPROLOG : Titan_MetaInit
D:\rawrxd\history\-24688c32\FUqh.asm(579) : error A2247:size of prolog too big, must be < 256 bytes
D:\rawrxd\history\-24688c32\FUqh.asm(579) : error A2220:Missing .ENDPROLOG
