 Assembling: D:\rawrxd\history\-1bd49878\GJ4V.asm
D:\rawrxd\history\-1bd49878\GJ4V.asm(6) : error A2008:syntax error : BITS
D:\rawrxd\history\-1bd49878\GJ4V.asm(7) : error A2008:syntax error : DEFAULT
D:\rawrxd\history\-1bd49878\GJ4V.asm(13) : error A2008:syntax error : struc
D:\rawrxd\history\-1bd49878\GJ4V.asm(14) : error A2008:syntax error : .
D:\rawrxd\history\-1bd49878\GJ4V.asm(15) : error A2008:syntax error : .
D:\rawrxd\history\-1bd49878\GJ4V.asm(16) : error A2008:syntax error : .
D:\rawrxd\history\-1bd49878\GJ4V.asm(17) : error A2008:syntax error : .
D:\rawrxd\history\-1bd49878\GJ4V.asm(18) : error A2008:syntax error : .
D:\rawrxd\history\-1bd49878\GJ4V.asm(19) : error A2008:syntax error : .
D:\rawrxd\history\-1bd49878\GJ4V.asm(20) : error A2008:syntax error : .
D:\rawrxd\history\-1bd49878\GJ4V.asm(21) : error A2008:syntax error : .
D:\rawrxd\history\-1bd49878\GJ4V.asm(22) : error A2008:syntax error : .
D:\rawrxd\history\-1bd49878\GJ4V.asm(23) : error A2008:syntax error : .
D:\rawrxd\history\-1bd49878\GJ4V.asm(24) : error A2008:syntax error : .
D:\rawrxd\history\-1bd49878\GJ4V.asm(25) : error A2008:syntax error : .
D:\rawrxd\history\-1bd49878\GJ4V.asm(26) : error A2008:syntax error : .
D:\rawrxd\history\-1bd49878\GJ4V.asm(27) : error A2008:syntax error : .
D:\rawrxd\history\-1bd49878\GJ4V.asm(28) : error A2008:syntax error : .
D:\rawrxd\history\-1bd49878\GJ4V.asm(29) : error A2008:syntax error : endstruc
D:\rawrxd\history\-1bd49878\GJ4V.asm(42) : error A2045:missing angle bracket or brace in literal
D:\rawrxd\history\-1bd49878\GJ4V.asm(43) : error A2045:missing angle bracket or brace in literal
D:\rawrxd\history\-1bd49878\GJ4V.asm(44) : error A2045:missing angle bracket or brace in literal
D:\rawrxd\history\-1bd49878\GJ4V.asm(45) : error A2045:missing angle bracket or brace in literal
D:\rawrxd\history\-1bd49878\GJ4V.asm(46) : error A2045:missing angle bracket or brace in literal
D:\rawrxd\history\-1bd49878\GJ4V.asm(47) : error A2045:missing angle bracket or brace in literal
D:\rawrxd\history\-1bd49878\GJ4V.asm(48) : error A2045:missing angle bracket or brace in literal
D:\rawrxd\history\-1bd49878\GJ4V.asm(49) : error A2045:missing angle bracket or brace in literal
D:\rawrxd\history\-1bd49878\GJ4V.asm(50) : error A2045:missing angle bracket or brace in literal
D:\rawrxd\history\-1bd49878\GJ4V.asm(51) : error A2045:missing angle bracket or brace in literal
D:\rawrxd\history\-1bd49878\GJ4V.asm(57) : error A2008:syntax error : struc
D:\rawrxd\history\-1bd49878\GJ4V.asm(58) : error A2008:syntax error : .
D:\rawrxd\history\-1bd49878\GJ4V.asm(59) : error A2008:syntax error : .
D:\rawrxd\history\-1bd49878\GJ4V.asm(60) : error A2008:syntax error : .
D:\rawrxd\history\-1bd49878\GJ4V.asm(61) : error A2008:syntax error : .
D:\rawrxd\history\-1bd49878\GJ4V.asm(62) : error A2008:syntax error : .
D:\rawrxd\history\-1bd49878\GJ4V.asm(63) : error A2008:syntax error : .
D:\rawrxd\history\-1bd49878\GJ4V.asm(64) : error A2008:syntax error : .
D:\rawrxd\history\-1bd49878\GJ4V.asm(65) : error A2008:syntax error : .
D:\rawrxd\history\-1bd49878\GJ4V.asm(66) : error A2008:syntax error : .
D:\rawrxd\history\-1bd49878\GJ4V.asm(67) : error A2008:syntax error : .
D:\rawrxd\history\-1bd49878\GJ4V.asm(68) : error A2008:syntax error : .
D:\rawrxd\history\-1bd49878\GJ4V.asm(69) : error A2008:syntax error : endstruc
D:\rawrxd\history\-1bd49878\GJ4V.asm(71) : error A2008:syntax error : section
D:\rawrxd\history\-1bd49878\GJ4V.asm(74) : error A2034:must be in segment block
D:\rawrxd\history\-1bd49878\GJ4V.asm(75) : error A2034:must be in segment block
D:\rawrxd\history\-1bd49878\GJ4V.asm(76) : error A2034:must be in segment block
D:\rawrxd\history\-1bd49878\GJ4V.asm(77) : error A2034:must be in segment block
D:\rawrxd\history\-1bd49878\GJ4V.asm(78) : error A2034:must be in segment block
D:\rawrxd\history\-1bd49878\GJ4V.asm(79) : error A2034:must be in segment block
D:\rawrxd\history\-1bd49878\GJ4V.asm(82) : error A2034:must be in segment block
D:\rawrxd\history\-1bd49878\GJ4V.asm(83) : error A2034:must be in segment block
D:\rawrxd\history\-1bd49878\GJ4V.asm(85) : error A2034:must be in segment block
D:\rawrxd\history\-1bd49878\GJ4V.asm(86) : error A2034:must be in segment block
D:\rawrxd\history\-1bd49878\GJ4V.asm(88) : error A2034:must be in segment block
D:\rawrxd\history\-1bd49878\GJ4V.asm(89) : error A2034:must be in segment block
D:\rawrxd\history\-1bd49878\GJ4V.asm(91) : error A2034:must be in segment block
D:\rawrxd\history\-1bd49878\GJ4V.asm(92) : error A2034:must be in segment block
D:\rawrxd\history\-1bd49878\GJ4V.asm(94) : error A2034:must be in segment block
D:\rawrxd\history\-1bd49878\GJ4V.asm(95) : error A2034:must be in segment block
D:\rawrxd\history\-1bd49878\GJ4V.asm(97) : error A2008:syntax error : section
D:\rawrxd\history\-1bd49878\GJ4V.asm(100) : error A2034:must be in segment block
D:\rawrxd\history\-1bd49878\GJ4V.asm(101) : error A2034:must be in segment block
D:\rawrxd\history\-1bd49878\GJ4V.asm(104) : error A2034:must be in segment block
D:\rawrxd\history\-1bd49878\GJ4V.asm(105) : error A2034:must be in segment block
D:\rawrxd\history\-1bd49878\GJ4V.asm(107) : error A2008:syntax error : section
D:\rawrxd\history\-1bd49878\GJ4V.asm(113) : error A2008:syntax error : global
D:\rawrxd\history\-1bd49878\GJ4V.asm(114) : error A2034:must be in segment block
D:\rawrxd\history\-1bd49878\GJ4V.asm(115) : error A2034:must be in segment block
D:\rawrxd\history\-1bd49878\GJ4V.asm(116) : error A2034:must be in segment block
D:\rawrxd\history\-1bd49878\GJ4V.asm(117) : error A2034:must be in segment block
D:\rawrxd\history\-1bd49878\GJ4V.asm(120) : error A2034:must be in segment block
D:\rawrxd\history\-1bd49878\GJ4V.asm(121) : error A2034:must be in segment block
D:\rawrxd\history\-1bd49878\GJ4V.asm(124) : error A2034:must be in segment block
D:\rawrxd\history\-1bd49878\GJ4V.asm(127) : error A2034:must be in segment block
D:\rawrxd\history\-1bd49878\GJ4V.asm(130) : error A2034:must be in segment block
D:\rawrxd\history\-1bd49878\GJ4V.asm(132) : error A2034:must be in segment block
D:\rawrxd\history\-1bd49878\GJ4V.asm(133) : error A2034:must be in segment block
D:\rawrxd\history\-1bd49878\GJ4V.asm(134) : error A2034:must be in segment block
D:\rawrxd\history\-1bd49878\GJ4V.asm(140) : error A2034:must be in segment block
D:\rawrxd\history\-1bd49878\GJ4V.asm(141) : error A2034:must be in segment block
D:\rawrxd\history\-1bd49878\GJ4V.asm(142) : error A2034:must be in segment block
D:\rawrxd\history\-1bd49878\GJ4V.asm(145) : error A2034:must be in segment block
D:\rawrxd\history\-1bd49878\GJ4V.asm(146) : error A2034:must be in segment block
D:\rawrxd\history\-1bd49878\GJ4V.asm(147) : error A2045:missing angle bracket or brace in literal
D:\rawrxd\history\-1bd49878\GJ4V.asm(148) : error A2034:must be in segment block
D:\rawrxd\history\-1bd49878\GJ4V.asm(151) : error A2034:must be in segment block
D:\rawrxd\history\-1bd49878\GJ4V.asm(152) : error A2034:must be in segment block
D:\rawrxd\history\-1bd49878\GJ4V.asm(153) : error A2045:missing angle bracket or brace in literal
D:\rawrxd\history\-1bd49878\GJ4V.asm(154) : error A2034:must be in segment block
D:\rawrxd\history\-1bd49878\GJ4V.asm(157) : error A2034:must be in segment block
D:\rawrxd\history\-1bd49878\GJ4V.asm(158) : error A2034:must be in segment block
D:\rawrxd\history\-1bd49878\GJ4V.asm(159) : error A2045:missing angle bracket or brace in literal
D:\rawrxd\history\-1bd49878\GJ4V.asm(160) : error A2034:must be in segment block
D:\rawrxd\history\-1bd49878\GJ4V.asm(163) : error A2034:must be in segment block
D:\rawrxd\history\-1bd49878\GJ4V.asm(164) : error A2034:must be in segment block
D:\rawrxd\history\-1bd49878\GJ4V.asm(165) : error A2045:missing angle bracket or brace in literal
D:\rawrxd\history\-1bd49878\GJ4V.asm(166) : error A2034:must be in segment block
D:\rawrxd\history\-1bd49878\GJ4V.asm(169) : error A2034:must be in segment block
D:\rawrxd\history\-1bd49878\GJ4V.asm(170) : error A2034:must be in segment block
D:\rawrxd\history\-1bd49878\GJ4V.asm(171) : error A2045:missing angle bracket or brace in literal
D:\rawrxd\history\-1bd49878\GJ4V.asm(172) : fatal error A1012:error count exceeds 100; stopping assembly
