 Assembling: D:\rawrxd\history\-1eafcaa7\gjv1.asm
D:\rawrxd\history\-1eafcaa7\gjv1.asm(10) : error A2008:syntax error : .
D:\rawrxd\history\-1eafcaa7\gjv1.asm(11) : error A2008:syntax error : .

***********
ASCII build
***********

C:\masm32\include\windows.inc(9750) : error A2008:syntax error : dword
C:\masm32\include\windows.inc(10183) : error A2008:syntax error : frame
C:\masm32\include\windows.inc(16333) : error A2008:syntax error : dword
C:\masm32\include\windows.inc(18862) : error A2008:syntax error : Frame
C:\masm32\include\windows.inc(24749) : error A2042:statement too complex
C:\masm32\include\winextra.inc(11052) : error A2026:constant expected
C:\masm32\include\winextra.inc(11053) : error A2026:constant expected
D:\rawrxd\history\-1eafcaa7\gjv1.asm(353) : error A2008:syntax error : invoke
D:\rawrxd\history\-1eafcaa7\gjv1.asm(355) : error A2008:syntax error : invoke
D:\rawrxd\history\-1eafcaa7\gjv1.asm(358) : error A2008:syntax error : WriteConsoleA
D:\rawrxd\history\-1eafcaa7\gjv1.asm(363) : error A2008:syntax error : invoke
D:\rawrxd\history\-1eafcaa7\gjv1.asm(388) : error A2008:syntax error : WriteConsoleA
D:\rawrxd\history\-1eafcaa7\gjv1.asm(415) : error A2008:syntax error : WriteConsoleA
D:\rawrxd\history\-1eafcaa7\gjv1.asm(416) : error A2008:syntax error : invoke
D:\rawrxd\history\-1eafcaa7\gjv1.asm(418) : error A2008:syntax error : invoke
D:\rawrxd\history\-1eafcaa7\gjv1.asm(423) : error A2008:syntax error : invoke
D:\rawrxd\history\-1eafcaa7\gjv1.asm(426) : error A2008:syntax error : invoke
D:\rawrxd\history\-1eafcaa7\gjv1.asm(429) : error A2008:syntax error : invoke
D:\rawrxd\history\-1eafcaa7\gjv1.asm(430) : error A2008:syntax error : invoke
D:\rawrxd\history\-1eafcaa7\gjv1.asm(442) : error A2008:syntax error : WriteConsoleA
D:\rawrxd\history\-1eafcaa7\gjv1.asm(476) : error A2008:syntax error : wsprintfA
D:\rawrxd\history\-1eafcaa7\gjv1.asm(477) : error A2008:syntax error : WriteConsoleA
D:\rawrxd\history\-1eafcaa7\gjv1.asm(490) : error A2008:syntax error : WriteConsoleA
D:\rawrxd\history\-1eafcaa7\gjv1.asm(494) : error A2008:syntax error : WriteConsoleA
D:\rawrxd\history\-1eafcaa7\gjv1.asm(505) : error A2008:syntax error : wsprintfA
D:\rawrxd\history\-1eafcaa7\gjv1.asm(506) : error A2008:syntax error : WriteConsoleA
D:\rawrxd\history\-1eafcaa7\gjv1.asm(530) : error A2008:syntax error : WriteConsoleA
D:\rawrxd\history\-1eafcaa7\gjv1.asm(537) : error A2008:syntax error : WriteConsoleA
D:\rawrxd\history\-1eafcaa7\gjv1.asm(550) : error A2008:syntax error : invoke
D:\rawrxd\history\-1eafcaa7\gjv1.asm(572) : error A2008:syntax error : invoke
D:\rawrxd\history\-1eafcaa7\gjv1.asm(580) : error A2008:syntax error : invoke
D:\rawrxd\history\-1eafcaa7\gjv1.asm(730) : error A2070:invalid instruction operands
D:\rawrxd\history\-1eafcaa7\gjv1.asm(735) : error A2070:invalid instruction operands
D:\rawrxd\history\-1eafcaa7\gjv1.asm(777) : error A2008:syntax error : strlen
D:\rawrxd\history\-1eafcaa7\gjv1.asm(780) : error A2008:syntax error : invoke
D:\rawrxd\history\-1eafcaa7\gjv1.asm(822) : error A2008:syntax error : invoke
D:\rawrxd\history\-1eafcaa7\gjv1.asm(831) : error A2008:syntax error : invoke
D:\rawrxd\history\-1eafcaa7\gjv1.asm(1391) : error A2008:syntax error : invoke
D:\rawrxd\history\-1eafcaa7\gjv1.asm(1397) : error A2008:syntax error : WriteFile
D:\rawrxd\history\-1eafcaa7\gjv1.asm(1398) : error A2008:syntax error : WriteFile
D:\rawrxd\history\-1eafcaa7\gjv1.asm(1407) : error A2008:syntax error : invoke
D:\rawrxd\history\-1eafcaa7\gjv1.asm(1456) : error A2008:syntax error : invoke
D:\rawrxd\history\-1eafcaa7\gjv1.asm(1465) : error A2008:syntax error : invoke
D:\rawrxd\history\-1eafcaa7\gjv1.asm(1476) : error A2008:syntax error : invoke
D:\rawrxd\history\-1eafcaa7\gjv1.asm(1498) : error A2008:syntax error : invoke
D:\rawrxd\history\-1eafcaa7\gjv1.asm(1501) : error A2008:syntax error : invoke
D:\rawrxd\history\-1eafcaa7\gjv1.asm(1511) : error A2008:syntax error : ReadFile
D:\rawrxd\history\-1eafcaa7\gjv1.asm(1513) : error A2008:syntax error : ReadFile
D:\rawrxd\history\-1eafcaa7\gjv1.asm(1541) : error A2008:syntax error : invoke
D:\rawrxd\history\-1eafcaa7\gjv1.asm(1544) : error A2008:syntax error : invoke
D:\rawrxd\history\-1eafcaa7\gjv1.asm(1576) : error A2008:syntax error : strcat
D:\rawrxd\history\-1eafcaa7\gjv1.asm(1578) : error A2008:syntax error : invoke
D:\rawrxd\history\-1eafcaa7\gjv1.asm(1587) : error A2008:syntax error : invoke
D:\rawrxd\history\-1eafcaa7\gjv1.asm(1591) : error A2008:syntax error : invoke
D:\rawrxd\history\-1eafcaa7\gjv1.asm(1616) : error A2008:syntax error : WriteConsoleA
D:\rawrxd\history\-1eafcaa7\gjv1.asm(1617) : error A2008:syntax error : WriteConsoleA
D:\rawrxd\history\-1eafcaa7\gjv1.asm(1653) : error A2008:syntax error : WriteConsoleA
D:\rawrxd\history\-1eafcaa7\gjv1.asm(1700) : error A2008:syntax error : invoke
D:\rawrxd\history\-1eafcaa7\gjv1.asm(1701) : error A2008:syntax error : WriteConsoleA
D:\rawrxd\history\-1eafcaa7\gjv1.asm(1706) : error A2008:syntax error : WriteConsoleA
D:\rawrxd\history\-1eafcaa7\gjv1.asm(1796) : error A2008:syntax error : pushad
D:\rawrxd\history\-1eafcaa7\gjv1.asm(1804) : error A2008:syntax error : CryptDecodeObjectEx
D:\rawrxd\history\-1eafcaa7\gjv1.asm(1816) : error A2008:syntax error : WriteConsoleA
D:\rawrxd\history\-1eafcaa7\gjv1.asm(1824) : error A2008:syntax error : CertNameToStrA
D:\rawrxd\history\-1eafcaa7\gjv1.asm(1828) : error A2008:syntax error : invoke
D:\rawrxd\history\-1eafcaa7\gjv1.asm(1829) : error A2008:syntax error : WriteConsoleA
D:\rawrxd\history\-1eafcaa7\gjv1.asm(1837) : error A2008:syntax error : CertNameToStrA
D:\rawrxd\history\-1eafcaa7\gjv1.asm(1841) : error A2008:syntax error : invoke
D:\rawrxd\history\-1eafcaa7\gjv1.asm(1842) : error A2008:syntax error : WriteConsoleA
D:\rawrxd\history\-1eafcaa7\gjv1.asm(1861) : error A2008:syntax error : invoke
D:\rawrxd\history\-1eafcaa7\gjv1.asm(1862) : error A2008:syntax error : invoke
D:\rawrxd\history\-1eafcaa7\gjv1.asm(1865) : error A2008:syntax error : invoke
D:\rawrxd\history\-1eafcaa7\gjv1.asm(1867) : error A2008:syntax error : invoke
D:\rawrxd\history\-1eafcaa7\gjv1.asm(1868) : error A2008:syntax error : WriteConsoleA
D:\rawrxd\history\-1eafcaa7\gjv1.asm(1870) : error A2008:syntax error : invoke
D:\rawrxd\history\-1eafcaa7\gjv1.asm(1872) : error A2008:syntax error : invoke
D:\rawrxd\history\-1eafcaa7\gjv1.asm(1873) : error A2008:syntax error : WriteConsoleA
D:\rawrxd\history\-1eafcaa7\gjv1.asm(1876) : error A2008:syntax error : invoke
D:\rawrxd\history\-1eafcaa7\gjv1.asm(1883) : error A2012:PROC, MACRO, or macro repeat directive must precede LOCAL
D:\rawrxd\history\-1eafcaa7\gjv1.asm(1884) : error A2012:PROC, MACRO, or macro repeat directive must precede LOCAL
D:\rawrxd\history\-1eafcaa7\gjv1.asm(1891) : error A2008:syntax error : invoke
D:\rawrxd\history\-1eafcaa7\gjv1.asm(1902) : error A2008:syntax error : WriteConsoleA
D:\rawrxd\history\-1eafcaa7\gjv1.asm(1906) : error A2008:syntax error : WriteConsoleA
D:\rawrxd\history\-1eafcaa7\gjv1.asm(1909) : error A2008:syntax error : invoke
D:\rawrxd\history\-1eafcaa7\gjv1.asm(1916) : error A2008:syntax error : WriteConsoleA
D:\rawrxd\history\-1eafcaa7\gjv1.asm(1923) : error A2008:syntax error : WriteConsoleA
D:\rawrxd\history\-1eafcaa7\gjv1.asm(1927) : error A2008:syntax error : wsprintfA
D:\rawrxd\history\-1eafcaa7\gjv1.asm(1928) : error A2008:syntax error : WriteConsoleA
D:\rawrxd\history\-1eafcaa7\gjv1.asm(1932) : error A2008:syntax error : WriteConsoleA
D:\rawrxd\history\-1eafcaa7\gjv1.asm(1938) : error A2008:syntax error : main
D:\rawrxd\history\-1eafcaa7\gjv1.asm(1938) : error A2088:END directive required at end of file
D:\rawrxd\history\-1eafcaa7\gjv1.asm(584) : error A2082:cannot mix 16- and 32-bit registers
D:\rawrxd\history\-1eafcaa7\gjv1.asm(1003) : error A2009:syntax error in expression
D:\rawrxd\history\-1eafcaa7\gjv1.asm(1887) : error A2006:undefined symbol : dwType
D:\rawrxd\history\-1eafcaa7\gjv1.asm(1888) : error A2006:undefined symbol : Usage
D:\rawrxd\history\-1eafcaa7\gjv1.asm(1889) : error A2006:undefined symbol : Usage
D:\rawrxd\history\-1eafcaa7\gjv1.asm(587) : warning A6004:procedure argument or local not referenced : dwMax
D:\rawrxd\history\-1eafcaa7\gjv1.asm(784) : warning A6004:procedure argument or local not referenced : hFileOut
D:\rawrxd\history\-1eafcaa7\gjv1.asm(1043) : warning A6004:procedure argument or local not referenced : lpBuffer
D:\rawrxd\history\-1eafcaa7\gjv1.asm(1415) : warning A6004:procedure argument or local not referenced : lpOutputPath
D:\rawrxd\history\-1eafcaa7\gjv1.asm(1415) : warning A6004:procedure argument or local not referenced : dwWritten
D:\rawrxd\history\-1eafcaa7\gjv1.asm(1484) : warning A6004:procedure argument or local not referenced : lpFilePath
D:\rawrxd\history\-1eafcaa7\gjv1.asm(1484) : warning A6004:procedure argument or local not referenced : dwHashType
D:\rawrxd\history\-1eafcaa7\gjv1.asm(1484) : warning A6004:procedure argument or local not referenced : bBuffer
D:\rawrxd\history\-1eafcaa7\gjv1.asm(1550) : warning A6004:procedure argument or local not referenced : lpFile1
D:\rawrxd\history\-1eafcaa7\gjv1.asm(1550) : warning A6004:procedure argument or local not referenced : lpFile2
D:\rawrxd\history\-1eafcaa7\gjv1.asm(1598) : warning A6004:procedure argument or local not referenced : szFullPath
D:\rawrxd\history\-1eafcaa7\gjv1.asm(1621) : warning A6004:procedure argument or local not referenced : i
D:\rawrxd\history\-1eafcaa7\gjv1.asm(1621) : warning A6004:procedure argument or local not referenced : j
D:\rawrxd\history\-1eafcaa7\gjv1.asm(1621) : warning A6004:procedure argument or local not referenced : dwMatchCount
D:\rawrxd\history\-1eafcaa7\gjv1.asm(1621) : warning A6004:procedure argument or local not referenced : dwRuleCount
D:\rawrxd\history\-1eafcaa7\gjv1.asm(1634) : warning A6004:procedure argument or local not referenced : pRule
D:\rawrxd\history\-1eafcaa7\gjv1.asm(1936) : warning A6004:procedure argument or local not referenced : dwCertEncoding
D:\rawrxd\history\-1eafcaa7\gjv1.asm(1936) : warning A6004:procedure argument or local not referenced : dwContentType
D:\rawrxd\history\-1eafcaa7\gjv1.asm(1936) : warning A6004:procedure argument or local not referenced : dwFormatType
D:\rawrxd\history\-1eafcaa7\gjv1.asm(1936) : warning A6004:procedure argument or local not referenced : szCertName
D:\rawrxd\history\-1eafcaa7\gjv1.asm(1936) : warning A6004:procedure argument or local not referenced : szCertIssuer
D:\rawrxd\history\-1eafcaa7\gjv1.asm(1936) : warning A6004:procedure argument or local not referenced : szCertDate
D:\rawrxd\history\-1eafcaa7\gjv1.asm(1936) : warning A6004:procedure argument or local not referenced : stNotBefore
D:\rawrxd\history\-1eafcaa7\gjv1.asm(1936) : warning A6004:procedure argument or local not referenced : stNotAfter
