 Assembling: D:\rawrxd\gpu_dma_complete_reverse_engineered_fixed.asm
D:\rawrxd\gpu_dma_complete_reverse_engineered_fixed.asm(204) : error A2070:invalid instruction operands
D:\rawrxd\gpu_dma_complete_reverse_engineered_fixed.asm(209) : error A2070:invalid instruction operands
D:\rawrxd\gpu_dma_complete_reverse_engineered_fixed.asm(216) : error A2070:invalid instruction operands
D:\rawrxd\gpu_dma_complete_reverse_engineered_fixed.asm(222) : error A2070:invalid instruction operands
D:\rawrxd\gpu_dma_complete_reverse_engineered_fixed.asm(228) : error A2070:invalid instruction operands
D:\rawrxd\gpu_dma_complete_reverse_engineered_fixed.asm(284) : error A2070:invalid instruction operands
D:\rawrxd\gpu_dma_complete_reverse_engineered_fixed.asm(288) : error A2070:invalid instruction operands
D:\rawrxd\gpu_dma_complete_reverse_engineered_fixed.asm(324) : error A2070:invalid instruction operands
D:\rawrxd\gpu_dma_complete_reverse_engineered_fixed.asm(325) : error A2070:invalid instruction operands
D:\rawrxd\gpu_dma_complete_reverse_engineered_fixed.asm(330) : error A2070:invalid instruction operands
D:\rawrxd\gpu_dma_complete_reverse_engineered_fixed.asm(331) : error A2070:invalid instruction operands
D:\rawrxd\gpu_dma_complete_reverse_engineered_fixed.asm(430) : error A2023:instruction operand must have size
D:\rawrxd\gpu_dma_complete_reverse_engineered_fixed.asm(431) : error A2023:instruction operand must have size
D:\rawrxd\gpu_dma_complete_reverse_engineered_fixed.asm(432) : error A2023:instruction operand must have size
D:\rawrxd\gpu_dma_complete_reverse_engineered_fixed.asm(433) : error A2023:instruction operand must have size
D:\rawrxd\gpu_dma_complete_reverse_engineered_fixed.asm(489) : error A2221:Missing Frame in proc, no unwind code will be generated.
D:\rawrxd\gpu_dma_complete_reverse_engineered_fixed.asm(491) : error A2221:Missing Frame in proc, no unwind code will be generated.
D:\rawrxd\gpu_dma_complete_reverse_engineered_fixed.asm(493) : error A2221:Missing Frame in proc, no unwind code will be generated.
D:\rawrxd\gpu_dma_complete_reverse_engineered_fixed.asm(511) : error A2070:invalid instruction operands
D:\rawrxd\gpu_dma_complete_reverse_engineered_fixed.asm(512) : error A2070:invalid instruction operands
D:\rawrxd\gpu_dma_complete_reverse_engineered_fixed.asm(517) : error A2070:invalid instruction operands
D:\rawrxd\gpu_dma_complete_reverse_engineered_fixed.asm(518) : error A2070:invalid instruction operands
D:\rawrxd\gpu_dma_complete_reverse_engineered_fixed.asm(551) : error A2008:syntax error : size
D:\rawrxd\gpu_dma_complete_reverse_engineered_fixed.asm(578) : error A2070:invalid instruction operands
D:\rawrxd\gpu_dma_complete_reverse_engineered_fixed.asm(590) : error A2084:constant value too large
D:\rawrxd\gpu_dma_complete_reverse_engineered_fixed.asm(595) : error A2084:constant value too large
D:\rawrxd\gpu_dma_complete_reverse_engineered_fixed.asm(600) : error A2070:invalid instruction operands
D:\rawrxd\gpu_dma_complete_reverse_engineered_fixed.asm(602) : error A2070:invalid instruction operands
D:\rawrxd\gpu_dma_complete_reverse_engineered_fixed.asm(607) : error A2070:invalid instruction operands
D:\rawrxd\gpu_dma_complete_reverse_engineered_fixed.asm(612) : error A2070:invalid instruction operands
D:\rawrxd\gpu_dma_complete_reverse_engineered_fixed.asm(616) : error A2070:invalid instruction operands
D:\rawrxd\gpu_dma_complete_reverse_engineered_fixed.asm(620) : error A2070:invalid instruction operands
D:\rawrxd\gpu_dma_complete_reverse_engineered_fixed.asm(624) : error A2070:invalid instruction operands
D:\rawrxd\gpu_dma_complete_reverse_engineered_fixed.asm(694) : error A2023:instruction operand must have size
D:\rawrxd\gpu_dma_complete_reverse_engineered_fixed.asm(695) : error A2023:instruction operand must have size
D:\rawrxd\gpu_dma_complete_reverse_engineered_fixed.asm(696) : error A2023:instruction operand must have size
D:\rawrxd\gpu_dma_complete_reverse_engineered_fixed.asm(697) : error A2023:instruction operand must have size
D:\rawrxd\gpu_dma_complete_reverse_engineered_fixed.asm(806) : error A2008:syntax error : size
D:\rawrxd\gpu_dma_complete_reverse_engineered_fixed.asm(832) : error A2070:invalid instruction operands
D:\rawrxd\gpu_dma_complete_reverse_engineered_fixed.asm(843) : error A2070:invalid instruction operands
D:\rawrxd\gpu_dma_complete_reverse_engineered_fixed.asm(886) : error A2070:invalid instruction operands
D:\rawrxd\gpu_dma_complete_reverse_engineered_fixed.asm(889) : error A2070:invalid instruction operands
D:\rawrxd\gpu_dma_complete_reverse_engineered_fixed.asm(936) : error A2008:syntax error : size
D:\rawrxd\gpu_dma_complete_reverse_engineered_fixed.asm(941) : error A2221:Missing Frame in proc, no unwind code will be generated.
D:\rawrxd\gpu_dma_complete_reverse_engineered_fixed.asm(943) : error A2221:Missing Frame in proc, no unwind code will be generated.
D:\rawrxd\gpu_dma_complete_reverse_engineered_fixed.asm(945) : error A2221:Missing Frame in proc, no unwind code will be generated.
D:\rawrxd\gpu_dma_complete_reverse_engineered_fixed.asm(947) : error A2221:Missing Frame in proc, no unwind code will be generated.
D:\rawrxd\gpu_dma_complete_reverse_engineered_fixed.asm(949) : error A2221:Missing Frame in proc, no unwind code will be generated.
D:\rawrxd\gpu_dma_complete_reverse_engineered_fixed.asm(954) : error A2070:invalid instruction operands
D:\rawrxd\gpu_dma_complete_reverse_engineered_fixed.asm(1009) : error A2008:syntax error : size
D:\rawrxd\gpu_dma_complete_reverse_engineered_fixed.asm(1015) : error A2221:Missing Frame in proc, no unwind code will be generated.
D:\rawrxd\gpu_dma_complete_reverse_engineered_fixed.asm(1017) : error A2221:Missing Frame in proc, no unwind code will be generated.
D:\rawrxd\gpu_dma_complete_reverse_engineered_fixed.asm(1019) : error A2221:Missing Frame in proc, no unwind code will be generated.
D:\rawrxd\gpu_dma_complete_reverse_engineered_fixed.asm(1021) : error A2221:Missing Frame in proc, no unwind code will be generated.
D:\rawrxd\gpu_dma_complete_reverse_engineered_fixed.asm(1023) : error A2221:Missing Frame in proc, no unwind code will be generated.
D:\rawrxd\gpu_dma_complete_reverse_engineered_fixed.asm(1025) : error A2221:Missing Frame in proc, no unwind code will be generated.
D:\rawrxd\gpu_dma_complete_reverse_engineered_fixed.asm(1030) : error A2070:invalid instruction operands
D:\rawrxd\gpu_dma_complete_reverse_engineered_fixed.asm(1036) : error A2070:invalid instruction operands
D:\rawrxd\gpu_dma_complete_reverse_engineered_fixed.asm(1037) : error A2070:invalid instruction operands
D:\rawrxd\gpu_dma_complete_reverse_engineered_fixed.asm(1149) : error A2221:Missing Frame in proc, no unwind code will be generated.
D:\rawrxd\gpu_dma_complete_reverse_engineered_fixed.asm(1151) : error A2221:Missing Frame in proc, no unwind code will be generated.
D:\rawrxd\gpu_dma_complete_reverse_engineered_fixed.asm(1153) : error A2221:Missing Frame in proc, no unwind code will be generated.
D:\rawrxd\gpu_dma_complete_reverse_engineered_fixed.asm(1155) : error A2070:invalid instruction operands
D:\rawrxd\gpu_dma_complete_reverse_engineered_fixed.asm(1200) : error A2221:Missing Frame in proc, no unwind code will be generated.
D:\rawrxd\gpu_dma_complete_reverse_engineered_fixed.asm(1202) : error A2221:Missing Frame in proc, no unwind code will be generated.
D:\rawrxd\gpu_dma_complete_reverse_engineered_fixed.asm(1204) : error A2221:Missing Frame in proc, no unwind code will be generated.
D:\rawrxd\gpu_dma_complete_reverse_engineered_fixed.asm(1206) : error A2070:invalid instruction operands
D:\rawrxd\gpu_dma_complete_reverse_engineered_fixed.asm(1250) : error A2084:constant value too large
D:\rawrxd\gpu_dma_complete_reverse_engineered_fixed.asm(226) : error A2081:missing operand after unary operator
D:\rawrxd\gpu_dma_complete_reverse_engineered_fixed.asm(251) : error A2081:missing operand after unary operator
D:\rawrxd\gpu_dma_complete_reverse_engineered_fixed.asm(349) : error A2081:missing operand after unary operator
D:\rawrxd\gpu_dma_complete_reverse_engineered_fixed.asm(381) : error A2081:missing operand after unary operator
D:\rawrxd\gpu_dma_complete_reverse_engineered_fixed.asm(390) : error A2022:instruction operands must be the same size
D:\rawrxd\gpu_dma_complete_reverse_engineered_fixed.asm(458) : error A2081:missing operand after unary operator
D:\rawrxd\gpu_dma_complete_reverse_engineered_fixed.asm(475) : error A2022:instruction operands must be the same size
D:\rawrxd\gpu_dma_complete_reverse_engineered_fixed.asm(577) : error A2081:missing operand after unary operator
D:\rawrxd\gpu_dma_complete_reverse_engineered_fixed.asm(585) : error A2081:missing operand after unary operator
D:\rawrxd\gpu_dma_complete_reverse_engineered_fixed.asm(592) : error A2022:instruction operands must be the same size
D:\rawrxd\gpu_dma_complete_reverse_engineered_fixed.asm(597) : error A2022:instruction operands must be the same size
D:\rawrxd\gpu_dma_complete_reverse_engineered_fixed.asm(629) : error A2081:missing operand after unary operator
D:\rawrxd\gpu_dma_complete_reverse_engineered_fixed.asm(760) : error A2081:missing operand after unary operator
D:\rawrxd\gpu_dma_complete_reverse_engineered_fixed.asm(831) : error A2081:missing operand after unary operator
D:\rawrxd\gpu_dma_complete_reverse_engineered_fixed.asm(839) : error A2081:missing operand after unary operator
D:\rawrxd\gpu_dma_complete_reverse_engineered_fixed.asm(856) : error A2081:missing operand after unary operator
D:\rawrxd\gpu_dma_complete_reverse_engineered_fixed.asm(870) : error A2081:missing operand after unary operator
D:\rawrxd\gpu_dma_complete_reverse_engineered_fixed.asm(880) : error A2081:missing operand after unary operator
D:\rawrxd\gpu_dma_complete_reverse_engineered_fixed.asm(882) : error A2022:instruction operands must be the same size
D:\rawrxd\gpu_dma_complete_reverse_engineered_fixed.asm(893) : error A2081:missing operand after unary operator
D:\rawrxd\gpu_dma_complete_reverse_engineered_fixed.asm(906) : error A2022:instruction operands must be the same size
D:\rawrxd\gpu_dma_complete_reverse_engineered_fixed.asm(953) : error A2081:missing operand after unary operator
D:\rawrxd\gpu_dma_complete_reverse_engineered_fixed.asm(1029) : error A2081:missing operand after unary operator
D:\rawrxd\gpu_dma_complete_reverse_engineered_fixed.asm(1112) : error A2006:undefined symbol : QueryPerformanceFrequency
D:\rawrxd\gpu_dma_complete_reverse_engineered_fixed.asm(1161) : error A2006:undefined symbol : GetVersion
D:\rawrxd\gpu_dma_complete_reverse_engineered_fixed.asm(1162) : error A2206:missing operator in expression
D:\rawrxd\gpu_dma_complete_reverse_engineered_fixed.asm(1167) : error A2006:undefined symbol : LoadLibraryA
D:\rawrxd\gpu_dma_complete_reverse_engineered_fixed.asm(1174) : error A2006:undefined symbol : GetProcAddress
D:\rawrxd\gpu_dma_complete_reverse_engineered_fixed.asm(1213) : error A2006:undefined symbol : LoadLibraryA
D:\rawrxd\gpu_dma_complete_reverse_engineered_fixed.asm(478) : warning A6004:procedure argument or local not referenced : operation
D:\rawrxd\gpu_dma_complete_reverse_engineered_fixed.asm(990) : warning A6004:procedure argument or local not referenced : dsResult
D:\rawrxd\gpu_dma_complete_reverse_engineered_fixed.asm(1254) : warning A4025:ENDP found before .ENDPROLOG : Titan_IsDeviceAddress
D:\rawrxd\gpu_dma_complete_reverse_engineered_fixed.asm(1254) : error A2247:size of prolog too big, must be < 256 bytes
D:\rawrxd\gpu_dma_complete_reverse_engineered_fixed.asm(1254) : error A2220:Missing .ENDPROLOG
D:\rawrxd\gpu_dma_complete_reverse_engineered_fixed.asm(1289) : warning A4025:ENDP found before .ENDPROLOG : Titan_GetGPUStats
D:\rawrxd\gpu_dma_complete_reverse_engineered_fixed.asm(1289) : error A2247:size of prolog too big, must be < 256 bytes
D:\rawrxd\gpu_dma_complete_reverse_engineered_fixed.asm(1289) : fatal error A1012:error count exceeds 100; stopping assembly
