 Assembling: D:\rawrxd\gpu_dma_production_v8.asm
D:\rawrxd\gpu_dma_production_v8.asm(264) : error A2070:invalid instruction operands
D:\rawrxd\gpu_dma_production_v8.asm(268) : error A2070:invalid instruction operands
D:\rawrxd\gpu_dma_production_v8.asm(304) : error A2070:invalid instruction operands
D:\rawrxd\gpu_dma_production_v8.asm(305) : error A2070:invalid instruction operands
D:\rawrxd\gpu_dma_production_v8.asm(310) : error A2070:invalid instruction operands
D:\rawrxd\gpu_dma_production_v8.asm(311) : error A2070:invalid instruction operands
D:\rawrxd\gpu_dma_production_v8.asm(408) : error A2023:instruction operand must have size
D:\rawrxd\gpu_dma_production_v8.asm(409) : error A2023:instruction operand must have size
D:\rawrxd\gpu_dma_production_v8.asm(410) : error A2023:instruction operand must have size
D:\rawrxd\gpu_dma_production_v8.asm(411) : error A2023:instruction operand must have size
D:\rawrxd\gpu_dma_production_v8.asm(466) : error A2221:Missing Frame in proc, no unwind code will be generated.
D:\rawrxd\gpu_dma_production_v8.asm(468) : error A2221:Missing Frame in proc, no unwind code will be generated.
D:\rawrxd\gpu_dma_production_v8.asm(470) : error A2221:Missing Frame in proc, no unwind code will be generated.
D:\rawrxd\gpu_dma_production_v8.asm(488) : error A2070:invalid instruction operands
D:\rawrxd\gpu_dma_production_v8.asm(489) : error A2070:invalid instruction operands
D:\rawrxd\gpu_dma_production_v8.asm(494) : error A2070:invalid instruction operands
D:\rawrxd\gpu_dma_production_v8.asm(495) : error A2070:invalid instruction operands
D:\rawrxd\gpu_dma_production_v8.asm(528) : error A2008:syntax error : r8
D:\rawrxd\gpu_dma_production_v8.asm(555) : error A2070:invalid instruction operands
D:\rawrxd\gpu_dma_production_v8.asm(567) : error A2084:constant value too large
D:\rawrxd\gpu_dma_production_v8.asm(572) : error A2084:constant value too large
D:\rawrxd\gpu_dma_production_v8.asm(577) : error A2070:invalid instruction operands
D:\rawrxd\gpu_dma_production_v8.asm(579) : error A2070:invalid instruction operands
D:\rawrxd\gpu_dma_production_v8.asm(584) : error A2070:invalid instruction operands
D:\rawrxd\gpu_dma_production_v8.asm(589) : error A2070:invalid instruction operands
D:\rawrxd\gpu_dma_production_v8.asm(593) : error A2070:invalid instruction operands
D:\rawrxd\gpu_dma_production_v8.asm(597) : error A2070:invalid instruction operands
D:\rawrxd\gpu_dma_production_v8.asm(601) : error A2070:invalid instruction operands
D:\rawrxd\gpu_dma_production_v8.asm(671) : error A2023:instruction operand must have size
D:\rawrxd\gpu_dma_production_v8.asm(672) : error A2023:instruction operand must have size
D:\rawrxd\gpu_dma_production_v8.asm(673) : error A2023:instruction operand must have size
D:\rawrxd\gpu_dma_production_v8.asm(674) : error A2023:instruction operand must have size
D:\rawrxd\gpu_dma_production_v8.asm(783) : error A2008:syntax error : r8
D:\rawrxd\gpu_dma_production_v8.asm(819) : error A2070:invalid instruction operands
D:\rawrxd\gpu_dma_production_v8.asm(910) : error A2008:syntax error : r8
D:\rawrxd\gpu_dma_production_v8.asm(915) : error A2221:Missing Frame in proc, no unwind code will be generated.
D:\rawrxd\gpu_dma_production_v8.asm(917) : error A2221:Missing Frame in proc, no unwind code will be generated.
D:\rawrxd\gpu_dma_production_v8.asm(919) : error A2221:Missing Frame in proc, no unwind code will be generated.
D:\rawrxd\gpu_dma_production_v8.asm(921) : error A2221:Missing Frame in proc, no unwind code will be generated.
D:\rawrxd\gpu_dma_production_v8.asm(923) : error A2221:Missing Frame in proc, no unwind code will be generated.
D:\rawrxd\gpu_dma_production_v8.asm(928) : error A2070:invalid instruction operands
D:\rawrxd\gpu_dma_production_v8.asm(983) : error A2008:syntax error : r8
D:\rawrxd\gpu_dma_production_v8.asm(989) : error A2221:Missing Frame in proc, no unwind code will be generated.
D:\rawrxd\gpu_dma_production_v8.asm(991) : error A2221:Missing Frame in proc, no unwind code will be generated.
D:\rawrxd\gpu_dma_production_v8.asm(993) : error A2221:Missing Frame in proc, no unwind code will be generated.
D:\rawrxd\gpu_dma_production_v8.asm(995) : error A2221:Missing Frame in proc, no unwind code will be generated.
D:\rawrxd\gpu_dma_production_v8.asm(997) : error A2221:Missing Frame in proc, no unwind code will be generated.
D:\rawrxd\gpu_dma_production_v8.asm(999) : error A2221:Missing Frame in proc, no unwind code will be generated.
D:\rawrxd\gpu_dma_production_v8.asm(1004) : error A2070:invalid instruction operands
D:\rawrxd\gpu_dma_production_v8.asm(1010) : error A2070:invalid instruction operands
D:\rawrxd\gpu_dma_production_v8.asm(1011) : error A2070:invalid instruction operands
D:\rawrxd\gpu_dma_production_v8.asm(1123) : error A2221:Missing Frame in proc, no unwind code will be generated.
D:\rawrxd\gpu_dma_production_v8.asm(1125) : error A2221:Missing Frame in proc, no unwind code will be generated.
D:\rawrxd\gpu_dma_production_v8.asm(1127) : error A2221:Missing Frame in proc, no unwind code will be generated.
D:\rawrxd\gpu_dma_production_v8.asm(1129) : error A2070:invalid instruction operands
D:\rawrxd\gpu_dma_production_v8.asm(1174) : error A2221:Missing Frame in proc, no unwind code will be generated.
D:\rawrxd\gpu_dma_production_v8.asm(1176) : error A2221:Missing Frame in proc, no unwind code will be generated.
D:\rawrxd\gpu_dma_production_v8.asm(1178) : error A2221:Missing Frame in proc, no unwind code will be generated.
D:\rawrxd\gpu_dma_production_v8.asm(1180) : error A2070:invalid instruction operands
D:\rawrxd\gpu_dma_production_v8.asm(1224) : error A2084:constant value too large
D:\rawrxd\gpu_dma_production_v8.asm(212) : error A2006:undefined symbol : MEMORY_PATCH
D:\rawrxd\gpu_dma_production_v8.asm(363) : error A2006:undefined symbol : MEMORY_PATCH
D:\rawrxd\gpu_dma_production_v8.asm(436) : error A2006:undefined symbol : MEMORY_PATCH
D:\rawrxd\gpu_dma_production_v8.asm(569) : error A2022:instruction operands must be the same size
D:\rawrxd\gpu_dma_production_v8.asm(574) : error A2022:instruction operands must be the same size
D:\rawrxd\gpu_dma_production_v8.asm(1136) : error A2206:missing operator in expression
D:\rawrxd\gpu_dma_production_v8.asm(455) : warning A6004:procedure argument or local not referenced : operation
D:\rawrxd\gpu_dma_production_v8.asm(964) : warning A6004:procedure argument or local not referenced : dsResult
D:\rawrxd\gpu_dma_production_v8.asm(1228) : warning A4025:ENDP found before .ENDPROLOG : Titan_IsDeviceAddress
D:\rawrxd\gpu_dma_production_v8.asm(1228) : error A2247:size of prolog too big, must be < 256 bytes
D:\rawrxd\gpu_dma_production_v8.asm(1228) : error A2220:Missing .ENDPROLOG
D:\rawrxd\gpu_dma_production_v8.asm(1263) : warning A4025:ENDP found before .ENDPROLOG : Titan_GetGPUStats
D:\rawrxd\gpu_dma_production_v8.asm(1263) : error A2247:size of prolog too big, must be < 256 bytes
D:\rawrxd\gpu_dma_production_v8.asm(1263) : error A2220:Missing .ENDPROLOG
D:\rawrxd\gpu_dma_production_v8.asm(1281) : warning A4025:ENDP found before .ENDPROLOG : Titan_ResetGPUStats
D:\rawrxd\gpu_dma_production_v8.asm(1281) : error A2247:size of prolog too big, must be < 256 bytes
D:\rawrxd\gpu_dma_production_v8.asm(1281) : error A2220:Missing .ENDPROLOG
