 Assembling: D:\rawrxd\gpu_dma_compact.asm
D:\rawrxd\gpu_dma_compact.asm(39) : error A2008:syntax error : integer
D:\rawrxd\gpu_dma_compact.asm(40) : error A2008:syntax error : integer
D:\rawrxd\gpu_dma_compact.asm(41) : error A2008:syntax error : integer
D:\rawrxd\gpu_dma_compact.asm(42) : error A2008:syntax error : integer
D:\rawrxd\gpu_dma_compact.asm(177) : error A2008:syntax error : rcx
D:\rawrxd\gpu_dma_compact.asm(178) : error A2008:syntax error : rdx
D:\rawrxd\gpu_dma_compact.asm(180) : error A2008:syntax error : eax
D:\rawrxd\gpu_dma_compact.asm(284) : error A2070:invalid instruction operands
D:\rawrxd\gpu_dma_compact.asm(288) : error A2070:invalid instruction operands
D:\rawrxd\gpu_dma_compact.asm(324) : error A2070:invalid instruction operands
D:\rawrxd\gpu_dma_compact.asm(325) : error A2070:invalid instruction operands
D:\rawrxd\gpu_dma_compact.asm(330) : error A2070:invalid instruction operands
D:\rawrxd\gpu_dma_compact.asm(331) : error A2070:invalid instruction operands
D:\rawrxd\gpu_dma_compact.asm(430) : error A2023:instruction operand must have size
D:\rawrxd\gpu_dma_compact.asm(431) : error A2023:instruction operand must have size
D:\rawrxd\gpu_dma_compact.asm(432) : error A2023:instruction operand must have size
D:\rawrxd\gpu_dma_compact.asm(433) : error A2023:instruction operand must have size
D:\rawrxd\gpu_dma_compact.asm(489) : error A2221:Missing Frame in proc, no unwind code will be generated.
D:\rawrxd\gpu_dma_compact.asm(491) : error A2221:Missing Frame in proc, no unwind code will be generated.
D:\rawrxd\gpu_dma_compact.asm(493) : error A2221:Missing Frame in proc, no unwind code will be generated.
D:\rawrxd\gpu_dma_compact.asm(511) : error A2070:invalid instruction operands
D:\rawrxd\gpu_dma_compact.asm(512) : error A2070:invalid instruction operands
D:\rawrxd\gpu_dma_compact.asm(517) : error A2070:invalid instruction operands
D:\rawrxd\gpu_dma_compact.asm(518) : error A2070:invalid instruction operands
D:\rawrxd\gpu_dma_compact.asm(578) : error A2070:invalid instruction operands
D:\rawrxd\gpu_dma_compact.asm(590) : error A2084:constant value too large
D:\rawrxd\gpu_dma_compact.asm(595) : error A2084:constant value too large
D:\rawrxd\gpu_dma_compact.asm(600) : error A2070:invalid instruction operands
D:\rawrxd\gpu_dma_compact.asm(602) : error A2070:invalid instruction operands
D:\rawrxd\gpu_dma_compact.asm(607) : error A2070:invalid instruction operands
D:\rawrxd\gpu_dma_compact.asm(612) : error A2070:invalid instruction operands
D:\rawrxd\gpu_dma_compact.asm(616) : error A2070:invalid instruction operands
D:\rawrxd\gpu_dma_compact.asm(620) : error A2070:invalid instruction operands
D:\rawrxd\gpu_dma_compact.asm(624) : error A2070:invalid instruction operands
D:\rawrxd\gpu_dma_compact.asm(694) : error A2023:instruction operand must have size
D:\rawrxd\gpu_dma_compact.asm(695) : error A2023:instruction operand must have size
D:\rawrxd\gpu_dma_compact.asm(696) : error A2023:instruction operand must have size
D:\rawrxd\gpu_dma_compact.asm(697) : error A2023:instruction operand must have size
D:\rawrxd\gpu_dma_compact.asm(760) : error A2070:invalid instruction operands
D:\rawrxd\gpu_dma_compact.asm(808) : error A2008:syntax error : eax
D:\rawrxd\gpu_dma_compact.asm(843) : error A2070:invalid instruction operands
D:\rawrxd\gpu_dma_compact.asm(941) : error A2221:Missing Frame in proc, no unwind code will be generated.
D:\rawrxd\gpu_dma_compact.asm(943) : error A2221:Missing Frame in proc, no unwind code will be generated.
D:\rawrxd\gpu_dma_compact.asm(945) : error A2221:Missing Frame in proc, no unwind code will be generated.
D:\rawrxd\gpu_dma_compact.asm(947) : error A2221:Missing Frame in proc, no unwind code will be generated.
D:\rawrxd\gpu_dma_compact.asm(949) : error A2221:Missing Frame in proc, no unwind code will be generated.
D:\rawrxd\gpu_dma_compact.asm(954) : error A2070:invalid instruction operands
D:\rawrxd\gpu_dma_compact.asm(1015) : error A2221:Missing Frame in proc, no unwind code will be generated.
D:\rawrxd\gpu_dma_compact.asm(1017) : error A2221:Missing Frame in proc, no unwind code will be generated.
D:\rawrxd\gpu_dma_compact.asm(1019) : error A2221:Missing Frame in proc, no unwind code will be generated.
D:\rawrxd\gpu_dma_compact.asm(1021) : error A2221:Missing Frame in proc, no unwind code will be generated.
D:\rawrxd\gpu_dma_compact.asm(1023) : error A2221:Missing Frame in proc, no unwind code will be generated.
D:\rawrxd\gpu_dma_compact.asm(1025) : error A2221:Missing Frame in proc, no unwind code will be generated.
D:\rawrxd\gpu_dma_compact.asm(1030) : error A2070:invalid instruction operands
D:\rawrxd\gpu_dma_compact.asm(1036) : error A2070:invalid instruction operands
D:\rawrxd\gpu_dma_compact.asm(1037) : error A2070:invalid instruction operands
D:\rawrxd\gpu_dma_compact.asm(1149) : error A2221:Missing Frame in proc, no unwind code will be generated.
D:\rawrxd\gpu_dma_compact.asm(1151) : error A2221:Missing Frame in proc, no unwind code will be generated.
D:\rawrxd\gpu_dma_compact.asm(1153) : error A2221:Missing Frame in proc, no unwind code will be generated.
D:\rawrxd\gpu_dma_compact.asm(1155) : error A2070:invalid instruction operands
D:\rawrxd\gpu_dma_compact.asm(1200) : error A2221:Missing Frame in proc, no unwind code will be generated.
D:\rawrxd\gpu_dma_compact.asm(1202) : error A2221:Missing Frame in proc, no unwind code will be generated.
D:\rawrxd\gpu_dma_compact.asm(1204) : error A2221:Missing Frame in proc, no unwind code will be generated.
D:\rawrxd\gpu_dma_compact.asm(1206) : error A2070:invalid instruction operands
D:\rawrxd\gpu_dma_compact.asm(1250) : error A2084:constant value too large
D:\rawrxd\gpu_dma_compact.asm(592) : error A2022:instruction operands must be the same size
D:\rawrxd\gpu_dma_compact.asm(597) : error A2022:instruction operands must be the same size
D:\rawrxd\gpu_dma_compact.asm(1112) : error A2006:undefined symbol : QueryPerformanceFrequency
D:\rawrxd\gpu_dma_compact.asm(1161) : error A2006:undefined symbol : GetVersion
D:\rawrxd\gpu_dma_compact.asm(1162) : error A2206:missing operator in expression
D:\rawrxd\gpu_dma_compact.asm(1167) : error A2006:undefined symbol : LoadLibraryA
D:\rawrxd\gpu_dma_compact.asm(1174) : error A2006:undefined symbol : GetProcAddress
D:\rawrxd\gpu_dma_compact.asm(1213) : error A2006:undefined symbol : LoadLibraryA
D:\rawrxd\gpu_dma_compact.asm(478) : warning A6004:procedure argument or local not referenced : operation
D:\rawrxd\gpu_dma_compact.asm(990) : warning A6004:procedure argument or local not referenced : dseax
D:\rawrxd\gpu_dma_compact.asm(1254) : warning A4025:ENDP found before .ENDPROLOG : Titan_IsDeviceAddress
D:\rawrxd\gpu_dma_compact.asm(1254) : error A2247:size of prolog too big, must be < 256 bytes
D:\rawrxd\gpu_dma_compact.asm(1254) : error A2220:Missing .ENDPROLOG
D:\rawrxd\gpu_dma_compact.asm(1289) : warning A4025:ENDP found before .ENDPROLOG : Titan_GetGPUStats
D:\rawrxd\gpu_dma_compact.asm(1289) : error A2247:size of prolog too big, must be < 256 bytes
D:\rawrxd\gpu_dma_compact.asm(1289) : error A2220:Missing .ENDPROLOG
D:\rawrxd\gpu_dma_compact.asm(1307) : warning A4025:ENDP found before .ENDPROLOG : Titan_ResetGPUStats
D:\rawrxd\gpu_dma_compact.asm(1307) : error A2247:size of prolog too big, must be < 256 bytes
D:\rawrxd\gpu_dma_compact.asm(1307) : error A2220:Missing .ENDPROLOG
