 Assembling: D:\rawrxd\gpu_dma_production_final_target5.asm
D:\rawrxd\gpu_dma_production_final_target5.asm(182) : error A2221:Missing Frame in proc, no unwind code will be generated.
D:\rawrxd\gpu_dma_production_final_target5.asm(184) : error A2221:Missing Frame in proc, no unwind code will be generated.
D:\rawrxd\gpu_dma_production_final_target5.asm(186) : error A2221:Missing Frame in proc, no unwind code will be generated.
D:\rawrxd\gpu_dma_production_final_target5.asm(188) : error A2221:Missing Frame in proc, no unwind code will be generated.
D:\rawrxd\gpu_dma_production_final_target5.asm(190) : error A2221:Missing Frame in proc, no unwind code will be generated.
D:\rawrxd\gpu_dma_production_final_target5.asm(192) : error A2221:Missing Frame in proc, no unwind code will be generated.
D:\rawrxd\gpu_dma_production_final_target5.asm(194) : error A2221:Missing Frame in proc, no unwind code will be generated.
D:\rawrxd\gpu_dma_production_final_target5.asm(196) : error A2221:Missing Frame in proc, no unwind code will be generated.
D:\rawrxd\gpu_dma_production_final_target5.asm(198) : error A2221:Missing Frame in proc, no unwind code will be generated.
D:\rawrxd\gpu_dma_production_final_target5.asm(487) : error A2221:Missing Frame in proc, no unwind code will be generated.
D:\rawrxd\gpu_dma_production_final_target5.asm(489) : error A2221:Missing Frame in proc, no unwind code will be generated.
D:\rawrxd\gpu_dma_production_final_target5.asm(491) : error A2221:Missing Frame in proc, no unwind code will be generated.
D:\rawrxd\gpu_dma_production_final_target5.asm(549) : error A2221:Missing Frame in proc, no unwind code will be generated.
D:\rawrxd\gpu_dma_production_final_target5.asm(551) : error A2221:Missing Frame in proc, no unwind code will be generated.
D:\rawrxd\gpu_dma_production_final_target5.asm(553) : error A2221:Missing Frame in proc, no unwind code will be generated.
D:\rawrxd\gpu_dma_production_final_target5.asm(555) : error A2221:Missing Frame in proc, no unwind code will be generated.
D:\rawrxd\gpu_dma_production_final_target5.asm(557) : error A2221:Missing Frame in proc, no unwind code will be generated.
D:\rawrxd\gpu_dma_production_final_target5.asm(559) : error A2221:Missing Frame in proc, no unwind code will be generated.
D:\rawrxd\gpu_dma_production_final_target5.asm(561) : error A2221:Missing Frame in proc, no unwind code will be generated.
D:\rawrxd\gpu_dma_production_final_target5.asm(563) : error A2221:Missing Frame in proc, no unwind code will be generated.
D:\rawrxd\gpu_dma_production_final_target5.asm(565) : error A2221:Missing Frame in proc, no unwind code will be generated.
D:\rawrxd\gpu_dma_production_final_target5.asm(582) : error A2084:constant value too large
D:\rawrxd\gpu_dma_production_final_target5.asm(587) : error A2084:constant value too large
D:\rawrxd\gpu_dma_production_final_target5.asm(798) : error A2221:Missing Frame in proc, no unwind code will be generated.
D:\rawrxd\gpu_dma_production_final_target5.asm(800) : error A2221:Missing Frame in proc, no unwind code will be generated.
D:\rawrxd\gpu_dma_production_final_target5.asm(802) : error A2221:Missing Frame in proc, no unwind code will be generated.
D:\rawrxd\gpu_dma_production_final_target5.asm(804) : error A2221:Missing Frame in proc, no unwind code will be generated.
D:\rawrxd\gpu_dma_production_final_target5.asm(806) : error A2221:Missing Frame in proc, no unwind code will be generated.
D:\rawrxd\gpu_dma_production_final_target5.asm(808) : error A2221:Missing Frame in proc, no unwind code will be generated.
D:\rawrxd\gpu_dma_production_final_target5.asm(810) : error A2221:Missing Frame in proc, no unwind code will be generated.
D:\rawrxd\gpu_dma_production_final_target5.asm(812) : error A2221:Missing Frame in proc, no unwind code will be generated.
D:\rawrxd\gpu_dma_production_final_target5.asm(814) : error A2221:Missing Frame in proc, no unwind code will be generated.
D:\rawrxd\gpu_dma_production_final_target5.asm(923) : error A2221:Missing Frame in proc, no unwind code will be generated.
D:\rawrxd\gpu_dma_production_final_target5.asm(925) : error A2221:Missing Frame in proc, no unwind code will be generated.
D:\rawrxd\gpu_dma_production_final_target5.asm(927) : error A2221:Missing Frame in proc, no unwind code will be generated.
D:\rawrxd\gpu_dma_production_final_target5.asm(929) : error A2221:Missing Frame in proc, no unwind code will be generated.
D:\rawrxd\gpu_dma_production_final_target5.asm(931) : error A2221:Missing Frame in proc, no unwind code will be generated.
D:\rawrxd\gpu_dma_production_final_target5.asm(991) : error A2221:Missing Frame in proc, no unwind code will be generated.
D:\rawrxd\gpu_dma_production_final_target5.asm(993) : error A2221:Missing Frame in proc, no unwind code will be generated.
D:\rawrxd\gpu_dma_production_final_target5.asm(995) : error A2221:Missing Frame in proc, no unwind code will be generated.
D:\rawrxd\gpu_dma_production_final_target5.asm(997) : error A2221:Missing Frame in proc, no unwind code will be generated.
D:\rawrxd\gpu_dma_production_final_target5.asm(999) : error A2221:Missing Frame in proc, no unwind code will be generated.
D:\rawrxd\gpu_dma_production_final_target5.asm(1001) : error A2221:Missing Frame in proc, no unwind code will be generated.
D:\rawrxd\gpu_dma_production_final_target5.asm(1062) : error A2221:Missing Frame in proc, no unwind code will be generated.
D:\rawrxd\gpu_dma_production_final_target5.asm(1064) : error A2221:Missing Frame in proc, no unwind code will be generated.
D:\rawrxd\gpu_dma_production_final_target5.asm(1066) : error A2221:Missing Frame in proc, no unwind code will be generated.
D:\rawrxd\gpu_dma_production_final_target5.asm(1122) : error A2221:Missing Frame in proc, no unwind code will be generated.
D:\rawrxd\gpu_dma_production_final_target5.asm(1124) : error A2221:Missing Frame in proc, no unwind code will be generated.
D:\rawrxd\gpu_dma_production_final_target5.asm(1126) : error A2221:Missing Frame in proc, no unwind code will be generated.
D:\rawrxd\gpu_dma_production_final_target5.asm(1172) : error A2221:Missing Frame in proc, no unwind code will be generated.
D:\rawrxd\gpu_dma_production_final_target5.asm(1174) : error A2221:Missing Frame in proc, no unwind code will be generated.
D:\rawrxd\gpu_dma_production_final_target5.asm(1176) : error A2221:Missing Frame in proc, no unwind code will be generated.
D:\rawrxd\gpu_dma_production_final_target5.asm(1222) : error A2084:constant value too large
D:\rawrxd\gpu_dma_production_final_target5.asm(388) : error A2022:instruction operands must be the same size
D:\rawrxd\gpu_dma_production_final_target5.asm(473) : error A2022:instruction operands must be the same size
D:\rawrxd\gpu_dma_production_final_target5.asm(830) : error A2006:undefined symbol : pOrchestrator
D:\rawrxd\gpu_dma_production_final_target5.asm(831) : error A2006:undefined symbol : pOrchestrator
D:\rawrxd\gpu_dma_production_final_target5.asm(834) : error A2006:undefined symbol : pOrchestrator
D:\rawrxd\gpu_dma_production_final_target5.asm(869) : error A2022:instruction operands must be the same size
D:\rawrxd\gpu_dma_production_final_target5.asm(893) : error A2022:instruction operands must be the same size
D:\rawrxd\gpu_dma_production_final_target5.asm(936) : error A2006:undefined symbol : pOrchestrator
D:\rawrxd\gpu_dma_production_final_target5.asm(938) : error A2006:undefined symbol : pOrchestrator
D:\rawrxd\gpu_dma_production_final_target5.asm(1006) : error A2006:undefined symbol : pOrchestrator
D:\rawrxd\gpu_dma_production_final_target5.asm(1008) : error A2006:undefined symbol : pOrchestrator
D:\rawrxd\gpu_dma_production_final_target5.asm(1012) : error A2006:undefined symbol : hDevice
D:\rawrxd\gpu_dma_production_final_target5.asm(1013) : error A2006:undefined symbol : hQueue
D:\rawrxd\gpu_dma_production_final_target5.asm(1015) : error A2006:undefined symbol : hDevice
D:\rawrxd\gpu_dma_production_final_target5.asm(1068) : error A2006:undefined symbol : pCtx
D:\rawrxd\gpu_dma_production_final_target5.asm(1069) : error A2006:undefined symbol : pCtx
D:\rawrxd\gpu_dma_production_final_target5.asm(1085) : error A2006:undefined symbol : hFreq
D:\rawrxd\gpu_dma_production_final_target5.asm(1090) : error A2006:undefined symbol : pCtx
D:\rawrxd\gpu_dma_production_final_target5.asm(1128) : error A2006:undefined symbol : pOrchestrator
D:\rawrxd\gpu_dma_production_final_target5.asm(1129) : error A2006:undefined symbol : pOrchestrator
D:\rawrxd\gpu_dma_production_final_target5.asm(1135) : error A2206:missing operator in expression
D:\rawrxd\gpu_dma_production_final_target5.asm(1156) : error A2006:undefined symbol : pOrchestrator
D:\rawrxd\gpu_dma_production_final_target5.asm(1178) : error A2006:undefined symbol : pOrchestrator
D:\rawrxd\gpu_dma_production_final_target5.asm(1179) : error A2006:undefined symbol : pOrchestrator
D:\rawrxd\gpu_dma_production_final_target5.asm(1194) : error A2006:undefined symbol : pOrchestrator
