 Assembling: D:\rawrxd\.archived_orphans\extracted_chats\cursor\History\-39948a11\hvJW.asm
D:\rawrxd\.archived_orphans\extracted_chats\cursor\History\-39948a11\hvJW.asm(177) : error A2005:symbol redefinition : szFeatureHarnessInit
D:\rawrxd\.archived_orphans\extracted_chats\cursor\History\-39948a11\hvJW.asm(178) : error A2005:symbol redefinition : szFeatureToggleSuccess
D:\rawrxd\.archived_orphans\extracted_chats\cursor\History\-39948a11\hvJW.asm(179) : error A2005:symbol redefinition : szFeaturePresetApplied
D:\rawrxd\.archived_orphans\extracted_chats\cursor\History\-39948a11\hvJW.asm(183) : error A2005:symbol redefinition : FeatureHarness
D:\rawrxd\.archived_orphans\extracted_chats\cursor\History\-39948a11\hvJW.asm(184) : error A2005:symbol redefinition : FeatureStatusArray
D:\rawrxd\.archived_orphans\extracted_chats\cursor\History\-39948a11\hvJW.asm(185) : error A2005:symbol redefinition : FeatureCount
D:\rawrxd\.archived_orphans\extracted_chats\cursor\History\-39948a11\hvJW.asm(186) : error A2005:symbol redefinition : FeaturesEnabled
D:\rawrxd\.archived_orphans\extracted_chats\cursor\History\-39948a11\hvJW.asm(187) : error A2005:symbol redefinition : CurrentPreset
D:\rawrxd\.archived_orphans\extracted_chats\cursor\History\-39948a11\hvJW.asm(634) : error A2070:invalid instruction operands
D:\rawrxd\.archived_orphans\extracted_chats\cursor\History\-39948a11\hvJW.asm(655) : error A2070:invalid instruction operands
D:\rawrxd\.archived_orphans\extracted_chats\cursor\History\-39948a11\hvJW.asm(628) : error A2006:undefined symbol : GENERIC_READ
D:\rawrxd\.archived_orphans\extracted_chats\cursor\History\-39948a11\hvJW.asm(629) : error A2006:undefined symbol : FILE_SHARE_READ
D:\rawrxd\.archived_orphans\extracted_chats\cursor\History\-39948a11\hvJW.asm(632) : error A2006:undefined symbol : OPEN_EXISTING
D:\rawrxd\.archived_orphans\extracted_chats\cursor\History\-39948a11\hvJW.asm(633) : error A2006:undefined symbol : FILE_ATTRIBUTE_NORMAL
D:\rawrxd\.archived_orphans\extracted_chats\cursor\History\-39948a11\hvJW.asm(635) : error A2006:undefined symbol : CreateFileA
D:\rawrxd\.archived_orphans\extracted_chats\cursor\History\-39948a11\hvJW.asm(637) : error A2006:undefined symbol : INVALID_HANDLE_VALUE
D:\rawrxd\.archived_orphans\extracted_chats\cursor\History\-39948a11\hvJW.asm(644) : error A2006:undefined symbol : GetFileSize
D:\rawrxd\.archived_orphans\extracted_chats\cursor\History\-39948a11\hvJW.asm(656) : error A2006:undefined symbol : ReadFile
D:\rawrxd\.archived_orphans\extracted_chats\cursor\History\-39948a11\hvJW.asm(666) : error A2006:undefined symbol : CloseHandle
D:\rawrxd\.archived_orphans\extracted_chats\cursor\History\-39948a11\hvJW.asm(673) : error A2006:undefined symbol : szFeaturesKey
D:\rawrxd\.archived_orphans\extracted_chats\cursor\History\-39948a11\hvJW.asm(676) : error A2006:undefined symbol : StringFind
D:\rawrxd\.archived_orphans\extracted_chats\cursor\History\-39948a11\hvJW.asm(704) : error A2006:undefined symbol : szTrue
D:\rawrxd\.archived_orphans\extracted_chats\cursor\History\-39948a11\hvJW.asm(707) : error A2006:undefined symbol : StringCompare
D:\rawrxd\.archived_orphans\extracted_chats\cursor\History\-39948a11\hvJW.asm(730) : error A2006:undefined symbol : CloseHandle
D:\rawrxd\.archived_orphans\extracted_chats\cursor\History\-39948a11\hvJW.asm(735) : error A2006:undefined symbol : CloseHandle
D:\rawrxd\.archived_orphans\extracted_chats\cursor\History\-39948a11\hvJW.asm(811) : error A2006:undefined symbol : szTrue
D:\rawrxd\.archived_orphans\extracted_chats\cursor\History\-39948a11\hvJW.asm(813) : error A2006:undefined symbol : StringCompare
D:\rawrxd\.archived_orphans\extracted_chats\cursor\History\-39948a11\hvJW.asm(817) : error A2006:undefined symbol : szFalse
D:\rawrxd\.archived_orphans\extracted_chats\cursor\History\-39948a11\hvJW.asm(819) : error A2006:undefined symbol : StringCompare
