 Assembling: D:\rawrxd\history\-2cbcb713\Ixju.asm
D:\rawrxd\history\-2cbcb713\Ixju.asm(123) : error A2008:syntax error : .
D:\rawrxd\history\-2cbcb713\Ixju.asm(137) : error A2008:syntax error : .
D:\rawrxd\history\-2cbcb713\Ixju.asm(207) : error A2008:syntax error : .
D:\rawrxd\history\-2cbcb713\Ixju.asm(213) : error A2008:syntax error : .
D:\rawrxd\history\-2cbcb713\Ixju.asm(219) : error A2008:syntax error : .
D:\rawrxd\history\-2cbcb713\Ixju.asm(235) : error A2008:syntax error : .
D:\rawrxd\history\-2cbcb713\Ixju.asm(240) : error A2070:invalid instruction operands
D:\rawrxd\history\-2cbcb713\Ixju.asm(243) : error A2008:syntax error : .
D:\rawrxd\history\-2cbcb713\Ixju.asm(249) : error A2008:syntax error : .
D:\rawrxd\history\-2cbcb713\Ixju.asm(277) : error A2008:syntax error : .
D:\rawrxd\history\-2cbcb713\Ixju.asm(329) : error A2008:syntax error : .
D:\rawrxd\history\-2cbcb713\Ixju.asm(334) : error A2008:syntax error : .
D:\rawrxd\history\-2cbcb713\Ixju.asm(349) : error A2008:syntax error : .
D:\rawrxd\history\-2cbcb713\Ixju.asm(355) : error A2008:syntax error : .
D:\rawrxd\history\-2cbcb713\Ixju.asm(361) : error A2008:syntax error : .
D:\rawrxd\history\-2cbcb713\Ixju.asm(379) : error A2008:syntax error : .
D:\rawrxd\history\-2cbcb713\Ixju.asm(397) : error A2008:syntax error : .
D:\rawrxd\history\-2cbcb713\Ixju.asm(401) : error A2008:syntax error : .
D:\rawrxd\history\-2cbcb713\Ixju.asm(405) : error A2008:syntax error : .
D:\rawrxd\history\-2cbcb713\Ixju.asm(411) : error A2008:syntax error : .
D:\rawrxd\history\-2cbcb713\Ixju.asm(416) : error A2008:syntax error : .
D:\rawrxd\history\-2cbcb713\Ixju.asm(434) : error A2008:syntax error : .
D:\rawrxd\history\-2cbcb713\Ixju.asm(445) : error A2008:syntax error : .
D:\rawrxd\history\-2cbcb713\Ixju.asm(449) : error A2008:syntax error : .
D:\rawrxd\history\-2cbcb713\Ixju.asm(461) : error A2008:syntax error : .
D:\rawrxd\history\-2cbcb713\Ixju.asm(479) : error A2008:syntax error : .
D:\rawrxd\history\-2cbcb713\Ixju.asm(498) : error A2008:syntax error : .
D:\rawrxd\history\-2cbcb713\Ixju.asm(505) : error A2008:syntax error : .
D:\rawrxd\history\-2cbcb713\Ixju.asm(113) : error A2006:undefined symbol : parse_ok
D:\rawrxd\history\-2cbcb713\Ixju.asm(121) : error A2006:undefined symbol : cleanup
D:\rawrxd\history\-2cbcb713\Ixju.asm(128) : error A2006:undefined symbol : show_help
D:\rawrxd\history\-2cbcb713\Ixju.asm(132) : error A2006:undefined symbol : skip_status
D:\rawrxd\history\-2cbcb713\Ixju.asm(135) : error A2006:undefined symbol : cleanup
D:\rawrxd\history\-2cbcb713\Ixju.asm(151) : error A2006:undefined symbol : init_failed
D:\rawrxd\history\-2cbcb713\Ixju.asm(162) : error A2006:undefined symbol : no_wish
D:\rawrxd\history\-2cbcb713\Ixju.asm(165) : error A2006:undefined symbol : WISH_CONTEXT
D:\rawrxd\history\-2cbcb713\Ixju.asm(169) : error A2006:undefined symbol : WISH_CONTEXT
D:\rawrxd\history\-2cbcb713\Ixju.asm(171) : error A2006:undefined symbol : WISH_CONTEXT
D:\rawrxd\history\-2cbcb713\Ixju.asm(172) : error A2006:undefined symbol : WISH_CONTEXT
D:\rawrxd\history\-2cbcb713\Ixju.asm(174) : error A2006:undefined symbol : WISH_CONTEXT
D:\rawrxd\history\-2cbcb713\Ixju.asm(176) : error A2006:undefined symbol : WISH_CONTEXT
D:\rawrxd\history\-2cbcb713\Ixju.asm(177) : error A2006:undefined symbol : WISH_CONTEXT
D:\rawrxd\history\-2cbcb713\Ixju.asm(184) : error A2006:undefined symbol : GetTickCount64
D:\rawrxd\history\-2cbcb713\Ixju.asm(192) : error A2006:undefined symbol : wish_failed
D:\rawrxd\history\-2cbcb713\Ixju.asm(195) : error A2006:undefined symbol : GetTickCount64
D:\rawrxd\history\-2cbcb713\Ixju.asm(204) : error A2006:undefined symbol : WISH_CONTEXT
D:\rawrxd\history\-2cbcb713\Ixju.asm(205) : error A2006:undefined symbol : phase4
D:\rawrxd\history\-2cbcb713\Ixju.asm(211) : error A2006:undefined symbol : phase4
D:\rawrxd\history\-2cbcb713\Ixju.asm(217) : error A2006:undefined symbol : phase4
D:\rawrxd\history\-2cbcb713\Ixju.asm(233) : error A2006:undefined symbol : cleanup
D:\rawrxd\history\-2cbcb713\Ixju.asm(241) : error A2006:undefined symbol : cleanup
D:\rawrxd\history\-2cbcb713\Ixju.asm(247) : error A2006:undefined symbol : cleanup
D:\rawrxd\history\-2cbcb713\Ixju.asm(279) : error A2006:undefined symbol : parse_done
D:\rawrxd\history\-2cbcb713\Ixju.asm(291) : error A2006:undefined symbol : show_help_msg
D:\rawrxd\history\-2cbcb713\Ixju.asm(297) : error A2006:undefined symbol : show_version_msg
D:\rawrxd\history\-2cbcb713\Ixju.asm(303) : error A2006:undefined symbol : set_status
D:\rawrxd\history\-2cbcb713\Ixju.asm(309) : error A2006:undefined symbol : get_wish
D:\rawrxd\history\-2cbcb713\Ixju.asm(315) : error A2006:undefined symbol : get_timeout
D:\rawrxd\history\-2cbcb713\Ixju.asm(321) : error A2006:undefined symbol : get_priority
D:\rawrxd\history\-2cbcb713\Ixju.asm(327) : error A2006:undefined symbol : parse_exit
D:\rawrxd\history\-2cbcb713\Ixju.asm(332) : error A2006:undefined symbol : parse_loop
D:\rawrxd\history\-2cbcb713\Ixju.asm(337) : error A2006:undefined symbol : missing_value
D:\rawrxd\history\-2cbcb713\Ixju.asm(351) : error A2006:undefined symbol : wish_len_done
D:\rawrxd\history\-2cbcb713\Ixju.asm(354) : error A2006:undefined symbol : wish_len_loop
D:\rawrxd\history\-2cbcb713\Ixju.asm(359) : error A2006:undefined symbol : parse_loop
D:\rawrxd\history\-2cbcb713\Ixju.asm(364) : error A2006:undefined symbol : missing_value
D:\rawrxd\history\-2cbcb713\Ixju.asm(377) : error A2006:undefined symbol : parse_loop
D:\rawrxd\history\-2cbcb713\Ixju.asm(382) : error A2006:undefined symbol : missing_value
D:\rawrxd\history\-2cbcb713\Ixju.asm(395) : error A2006:undefined symbol : parse_loop
D:\rawrxd\history\-2cbcb713\Ixju.asm(399) : error A2006:undefined symbol : parse_exit
D:\rawrxd\history\-2cbcb713\Ixju.asm(403) : error A2006:undefined symbol : parse_exit
D:\rawrxd\history\-2cbcb713\Ixju.asm(409) : error A2006:undefined symbol : parse_exit
D:\rawrxd\history\-2cbcb713\Ixju.asm(438) : error A2006:undefined symbol : cmp_fail
D:\rawrxd\history\-2cbcb713\Ixju.asm(440) : error A2006:undefined symbol : cmp_ok
D:\rawrxd\history\-2cbcb713\Ixju.asm(443) : error A2006:undefined symbol : cmp_loop
D:\rawrxd\history\-2cbcb713\Ixju.asm(464) : error A2006:undefined symbol : int_done
D:\rawrxd\history\-2cbcb713\Ixju.asm(467) : error A2006:undefined symbol : int_done
D:\rawrxd\history\-2cbcb713\Ixju.asm(469) : error A2006:undefined symbol : int_done
D:\rawrxd\history\-2cbcb713\Ixju.asm(477) : error A2006:undefined symbol : int_loop
D:\rawrxd\history\-2cbcb713\Ixju.asm(500) : error A2006:undefined symbol : len_done
D:\rawrxd\history\-2cbcb713\Ixju.asm(503) : error A2006:undefined symbol : len_loop
D:\rawrxd\history\-2cbcb713\Ixju.asm(512) : error A2006:undefined symbol : GetStdHandle
D:\rawrxd\history\-2cbcb713\Ixju.asm(520) : error A2006:undefined symbol : WriteFile
D:\rawrxd\history\-2cbcb713\Ixju.asm(530) : error A2006:undefined symbol : WriteFile
D:\rawrxd\history\-2cbcb713\Ixju.asm(72) : warning A4014:instructions and initialized data not supported in BSS segments
D:\rawrxd\history\-2cbcb713\Ixju.asm(73) : warning A4014:instructions and initialized data not supported in BSS segments
D:\rawrxd\history\-2cbcb713\Ixju.asm(74) : warning A4014:instructions and initialized data not supported in BSS segments
D:\rawrxd\history\-2cbcb713\Ixju.asm(75) : warning A4014:instructions and initialized data not supported in BSS segments
