 Assembling: D:\rawrxd\history\-1bd49878\K9q4.asm
D:\rawrxd\history\-1bd49878\K9q4.asm(6) : error A2008:syntax error : BITS
D:\rawrxd\history\-1bd49878\K9q4.asm(7) : error A2008:syntax error : DEFAULT
D:\rawrxd\history\-1bd49878\K9q4.asm(13) : error A2008:syntax error : struc
D:\rawrxd\history\-1bd49878\K9q4.asm(14) : error A2008:syntax error : .
D:\rawrxd\history\-1bd49878\K9q4.asm(15) : error A2008:syntax error : .
D:\rawrxd\history\-1bd49878\K9q4.asm(16) : error A2008:syntax error : .
D:\rawrxd\history\-1bd49878\K9q4.asm(17) : error A2008:syntax error : .
D:\rawrxd\history\-1bd49878\K9q4.asm(18) : error A2008:syntax error : .
D:\rawrxd\history\-1bd49878\K9q4.asm(19) : error A2008:syntax error : .
D:\rawrxd\history\-1bd49878\K9q4.asm(20) : error A2008:syntax error : .
D:\rawrxd\history\-1bd49878\K9q4.asm(21) : error A2008:syntax error : .
D:\rawrxd\history\-1bd49878\K9q4.asm(22) : error A2008:syntax error : .
D:\rawrxd\history\-1bd49878\K9q4.asm(23) : error A2008:syntax error : .
D:\rawrxd\history\-1bd49878\K9q4.asm(24) : error A2008:syntax error : .
D:\rawrxd\history\-1bd49878\K9q4.asm(25) : error A2008:syntax error : .
D:\rawrxd\history\-1bd49878\K9q4.asm(26) : error A2008:syntax error : .
D:\rawrxd\history\-1bd49878\K9q4.asm(27) : error A2008:syntax error : .
D:\rawrxd\history\-1bd49878\K9q4.asm(28) : error A2008:syntax error : .
D:\rawrxd\history\-1bd49878\K9q4.asm(29) : error A2008:syntax error : endstruc
D:\rawrxd\history\-1bd49878\K9q4.asm(42) : error A2045:missing angle bracket or brace in literal
D:\rawrxd\history\-1bd49878\K9q4.asm(43) : error A2045:missing angle bracket or brace in literal
D:\rawrxd\history\-1bd49878\K9q4.asm(44) : error A2045:missing angle bracket or brace in literal
D:\rawrxd\history\-1bd49878\K9q4.asm(45) : error A2045:missing angle bracket or brace in literal
D:\rawrxd\history\-1bd49878\K9q4.asm(46) : error A2045:missing angle bracket or brace in literal
D:\rawrxd\history\-1bd49878\K9q4.asm(47) : error A2045:missing angle bracket or brace in literal
D:\rawrxd\history\-1bd49878\K9q4.asm(48) : error A2045:missing angle bracket or brace in literal
D:\rawrxd\history\-1bd49878\K9q4.asm(49) : error A2045:missing angle bracket or brace in literal
D:\rawrxd\history\-1bd49878\K9q4.asm(50) : error A2045:missing angle bracket or brace in literal
D:\rawrxd\history\-1bd49878\K9q4.asm(51) : error A2045:missing angle bracket or brace in literal
D:\rawrxd\history\-1bd49878\K9q4.asm(57) : error A2008:syntax error : struc
D:\rawrxd\history\-1bd49878\K9q4.asm(58) : error A2008:syntax error : .
D:\rawrxd\history\-1bd49878\K9q4.asm(59) : error A2008:syntax error : .
D:\rawrxd\history\-1bd49878\K9q4.asm(60) : error A2008:syntax error : .
D:\rawrxd\history\-1bd49878\K9q4.asm(61) : error A2008:syntax error : .
D:\rawrxd\history\-1bd49878\K9q4.asm(62) : error A2008:syntax error : .
D:\rawrxd\history\-1bd49878\K9q4.asm(63) : error A2008:syntax error : .
D:\rawrxd\history\-1bd49878\K9q4.asm(64) : error A2008:syntax error : .
D:\rawrxd\history\-1bd49878\K9q4.asm(65) : error A2008:syntax error : .
D:\rawrxd\history\-1bd49878\K9q4.asm(66) : error A2008:syntax error : .
D:\rawrxd\history\-1bd49878\K9q4.asm(67) : error A2008:syntax error : .
D:\rawrxd\history\-1bd49878\K9q4.asm(68) : error A2008:syntax error : .
D:\rawrxd\history\-1bd49878\K9q4.asm(69) : error A2008:syntax error : endstruc
D:\rawrxd\history\-1bd49878\K9q4.asm(71) : error A2008:syntax error : section
D:\rawrxd\history\-1bd49878\K9q4.asm(74) : error A2034:must be in segment block
D:\rawrxd\history\-1bd49878\K9q4.asm(75) : error A2034:must be in segment block
D:\rawrxd\history\-1bd49878\K9q4.asm(76) : error A2034:must be in segment block
D:\rawrxd\history\-1bd49878\K9q4.asm(77) : error A2034:must be in segment block
D:\rawrxd\history\-1bd49878\K9q4.asm(78) : error A2034:must be in segment block
D:\rawrxd\history\-1bd49878\K9q4.asm(79) : error A2034:must be in segment block
D:\rawrxd\history\-1bd49878\K9q4.asm(82) : error A2034:must be in segment block
D:\rawrxd\history\-1bd49878\K9q4.asm(83) : error A2034:must be in segment block
D:\rawrxd\history\-1bd49878\K9q4.asm(85) : error A2034:must be in segment block
D:\rawrxd\history\-1bd49878\K9q4.asm(86) : error A2034:must be in segment block
D:\rawrxd\history\-1bd49878\K9q4.asm(88) : error A2034:must be in segment block
D:\rawrxd\history\-1bd49878\K9q4.asm(89) : error A2034:must be in segment block
D:\rawrxd\history\-1bd49878\K9q4.asm(91) : error A2034:must be in segment block
D:\rawrxd\history\-1bd49878\K9q4.asm(92) : error A2034:must be in segment block
D:\rawrxd\history\-1bd49878\K9q4.asm(94) : error A2034:must be in segment block
D:\rawrxd\history\-1bd49878\K9q4.asm(95) : error A2034:must be in segment block
D:\rawrxd\history\-1bd49878\K9q4.asm(97) : error A2008:syntax error : section
D:\rawrxd\history\-1bd49878\K9q4.asm(100) : error A2034:must be in segment block
D:\rawrxd\history\-1bd49878\K9q4.asm(101) : error A2034:must be in segment block
D:\rawrxd\history\-1bd49878\K9q4.asm(104) : error A2034:must be in segment block
D:\rawrxd\history\-1bd49878\K9q4.asm(105) : error A2034:must be in segment block
D:\rawrxd\history\-1bd49878\K9q4.asm(107) : error A2008:syntax error : section
D:\rawrxd\history\-1bd49878\K9q4.asm(113) : error A2008:syntax error : global
D:\rawrxd\history\-1bd49878\K9q4.asm(114) : error A2034:must be in segment block
D:\rawrxd\history\-1bd49878\K9q4.asm(115) : error A2034:must be in segment block
D:\rawrxd\history\-1bd49878\K9q4.asm(116) : error A2034:must be in segment block
D:\rawrxd\history\-1bd49878\K9q4.asm(117) : error A2034:must be in segment block
D:\rawrxd\history\-1bd49878\K9q4.asm(120) : error A2034:must be in segment block
D:\rawrxd\history\-1bd49878\K9q4.asm(121) : error A2034:must be in segment block
D:\rawrxd\history\-1bd49878\K9q4.asm(124) : error A2034:must be in segment block
D:\rawrxd\history\-1bd49878\K9q4.asm(127) : error A2034:must be in segment block
D:\rawrxd\history\-1bd49878\K9q4.asm(130) : error A2034:must be in segment block
D:\rawrxd\history\-1bd49878\K9q4.asm(132) : error A2034:must be in segment block
D:\rawrxd\history\-1bd49878\K9q4.asm(133) : error A2034:must be in segment block
D:\rawrxd\history\-1bd49878\K9q4.asm(134) : error A2034:must be in segment block
D:\rawrxd\history\-1bd49878\K9q4.asm(140) : error A2034:must be in segment block
D:\rawrxd\history\-1bd49878\K9q4.asm(141) : error A2034:must be in segment block
D:\rawrxd\history\-1bd49878\K9q4.asm(142) : error A2034:must be in segment block
D:\rawrxd\history\-1bd49878\K9q4.asm(145) : error A2034:must be in segment block
D:\rawrxd\history\-1bd49878\K9q4.asm(146) : error A2034:must be in segment block
D:\rawrxd\history\-1bd49878\K9q4.asm(147) : error A2045:missing angle bracket or brace in literal
D:\rawrxd\history\-1bd49878\K9q4.asm(148) : error A2034:must be in segment block
D:\rawrxd\history\-1bd49878\K9q4.asm(151) : error A2034:must be in segment block
D:\rawrxd\history\-1bd49878\K9q4.asm(152) : error A2034:must be in segment block
D:\rawrxd\history\-1bd49878\K9q4.asm(153) : error A2045:missing angle bracket or brace in literal
D:\rawrxd\history\-1bd49878\K9q4.asm(154) : error A2034:must be in segment block
D:\rawrxd\history\-1bd49878\K9q4.asm(157) : error A2034:must be in segment block
D:\rawrxd\history\-1bd49878\K9q4.asm(158) : error A2034:must be in segment block
D:\rawrxd\history\-1bd49878\K9q4.asm(159) : error A2045:missing angle bracket or brace in literal
D:\rawrxd\history\-1bd49878\K9q4.asm(160) : error A2034:must be in segment block
D:\rawrxd\history\-1bd49878\K9q4.asm(163) : error A2034:must be in segment block
D:\rawrxd\history\-1bd49878\K9q4.asm(164) : error A2034:must be in segment block
D:\rawrxd\history\-1bd49878\K9q4.asm(165) : error A2045:missing angle bracket or brace in literal
D:\rawrxd\history\-1bd49878\K9q4.asm(166) : error A2034:must be in segment block
D:\rawrxd\history\-1bd49878\K9q4.asm(169) : error A2034:must be in segment block
D:\rawrxd\history\-1bd49878\K9q4.asm(170) : error A2034:must be in segment block
D:\rawrxd\history\-1bd49878\K9q4.asm(171) : error A2045:missing angle bracket or brace in literal
D:\rawrxd\history\-1bd49878\K9q4.asm(172) : fatal error A1012:error count exceeds 100; stopping assembly
