 Assembling: D:\rawrxd\history\-1eafcaa7\kchW.asm
D:\rawrxd\history\-1eafcaa7\kchW.asm(10) : error A2008:syntax error : .
D:\rawrxd\history\-1eafcaa7\kchW.asm(11) : error A2008:syntax error : .

***********
ASCII build
***********

C:\masm32\include\windows.inc(9750) : error A2008:syntax error : dword
C:\masm32\include\windows.inc(10183) : error A2008:syntax error : frame
C:\masm32\include\windows.inc(16333) : error A2008:syntax error : dword
C:\masm32\include\windows.inc(18862) : error A2008:syntax error : Frame
C:\masm32\include\windows.inc(24749) : error A2042:statement too complex
C:\masm32\include\winextra.inc(11052) : error A2026:constant expected
C:\masm32\include\winextra.inc(11053) : error A2026:constant expected
D:\rawrxd\history\-1eafcaa7\kchW.asm(353) : error A2008:syntax error : invoke
D:\rawrxd\history\-1eafcaa7\kchW.asm(355) : error A2008:syntax error : invoke
D:\rawrxd\history\-1eafcaa7\kchW.asm(358) : error A2008:syntax error : WriteConsoleA
D:\rawrxd\history\-1eafcaa7\kchW.asm(363) : error A2008:syntax error : invoke
D:\rawrxd\history\-1eafcaa7\kchW.asm(388) : error A2008:syntax error : WriteConsoleA
D:\rawrxd\history\-1eafcaa7\kchW.asm(415) : error A2008:syntax error : WriteConsoleA
D:\rawrxd\history\-1eafcaa7\kchW.asm(416) : error A2008:syntax error : invoke
D:\rawrxd\history\-1eafcaa7\kchW.asm(418) : error A2008:syntax error : invoke
D:\rawrxd\history\-1eafcaa7\kchW.asm(423) : error A2008:syntax error : invoke
D:\rawrxd\history\-1eafcaa7\kchW.asm(426) : error A2008:syntax error : invoke
D:\rawrxd\history\-1eafcaa7\kchW.asm(429) : error A2008:syntax error : invoke
D:\rawrxd\history\-1eafcaa7\kchW.asm(430) : error A2008:syntax error : invoke
D:\rawrxd\history\-1eafcaa7\kchW.asm(442) : error A2008:syntax error : WriteConsoleA
D:\rawrxd\history\-1eafcaa7\kchW.asm(476) : error A2008:syntax error : wsprintfA
D:\rawrxd\history\-1eafcaa7\kchW.asm(477) : error A2008:syntax error : WriteConsoleA
D:\rawrxd\history\-1eafcaa7\kchW.asm(490) : error A2008:syntax error : WriteConsoleA
D:\rawrxd\history\-1eafcaa7\kchW.asm(494) : error A2008:syntax error : WriteConsoleA
D:\rawrxd\history\-1eafcaa7\kchW.asm(505) : error A2008:syntax error : wsprintfA
D:\rawrxd\history\-1eafcaa7\kchW.asm(506) : error A2008:syntax error : WriteConsoleA
D:\rawrxd\history\-1eafcaa7\kchW.asm(530) : error A2008:syntax error : WriteConsoleA
D:\rawrxd\history\-1eafcaa7\kchW.asm(537) : error A2008:syntax error : WriteConsoleA
D:\rawrxd\history\-1eafcaa7\kchW.asm(550) : error A2008:syntax error : invoke
D:\rawrxd\history\-1eafcaa7\kchW.asm(572) : error A2008:syntax error : invoke
D:\rawrxd\history\-1eafcaa7\kchW.asm(580) : error A2008:syntax error : invoke
D:\rawrxd\history\-1eafcaa7\kchW.asm(730) : error A2070:invalid instruction operands
D:\rawrxd\history\-1eafcaa7\kchW.asm(735) : error A2070:invalid instruction operands
D:\rawrxd\history\-1eafcaa7\kchW.asm(777) : error A2008:syntax error : strlen
D:\rawrxd\history\-1eafcaa7\kchW.asm(780) : error A2008:syntax error : invoke
D:\rawrxd\history\-1eafcaa7\kchW.asm(822) : error A2008:syntax error : invoke
D:\rawrxd\history\-1eafcaa7\kchW.asm(831) : error A2008:syntax error : invoke
D:\rawrxd\history\-1eafcaa7\kchW.asm(1330) : error A2008:syntax error : invoke
D:\rawrxd\history\-1eafcaa7\kchW.asm(1336) : error A2008:syntax error : WriteFile
D:\rawrxd\history\-1eafcaa7\kchW.asm(1337) : error A2008:syntax error : WriteFile
D:\rawrxd\history\-1eafcaa7\kchW.asm(1346) : error A2008:syntax error : invoke
D:\rawrxd\history\-1eafcaa7\kchW.asm(1395) : error A2008:syntax error : invoke
D:\rawrxd\history\-1eafcaa7\kchW.asm(1404) : error A2008:syntax error : invoke
D:\rawrxd\history\-1eafcaa7\kchW.asm(1415) : error A2008:syntax error : invoke
D:\rawrxd\history\-1eafcaa7\kchW.asm(1437) : error A2008:syntax error : invoke
D:\rawrxd\history\-1eafcaa7\kchW.asm(1440) : error A2008:syntax error : invoke
D:\rawrxd\history\-1eafcaa7\kchW.asm(1450) : error A2008:syntax error : ReadFile
D:\rawrxd\history\-1eafcaa7\kchW.asm(1452) : error A2008:syntax error : ReadFile
D:\rawrxd\history\-1eafcaa7\kchW.asm(1480) : error A2008:syntax error : invoke
D:\rawrxd\history\-1eafcaa7\kchW.asm(1483) : error A2008:syntax error : invoke
D:\rawrxd\history\-1eafcaa7\kchW.asm(1515) : error A2008:syntax error : strcat
D:\rawrxd\history\-1eafcaa7\kchW.asm(1517) : error A2008:syntax error : invoke
D:\rawrxd\history\-1eafcaa7\kchW.asm(1526) : error A2008:syntax error : invoke
D:\rawrxd\history\-1eafcaa7\kchW.asm(1530) : error A2008:syntax error : invoke
D:\rawrxd\history\-1eafcaa7\kchW.asm(1555) : error A2008:syntax error : WriteConsoleA
D:\rawrxd\history\-1eafcaa7\kchW.asm(1556) : error A2008:syntax error : WriteConsoleA
D:\rawrxd\history\-1eafcaa7\kchW.asm(1592) : error A2008:syntax error : WriteConsoleA
D:\rawrxd\history\-1eafcaa7\kchW.asm(1639) : error A2008:syntax error : invoke
D:\rawrxd\history\-1eafcaa7\kchW.asm(1640) : error A2008:syntax error : WriteConsoleA
D:\rawrxd\history\-1eafcaa7\kchW.asm(1645) : error A2008:syntax error : WriteConsoleA
D:\rawrxd\history\-1eafcaa7\kchW.asm(1733) : error A2008:syntax error : pushad
D:\rawrxd\history\-1eafcaa7\kchW.asm(1741) : error A2008:syntax error : CryptDecodeObjectEx
D:\rawrxd\history\-1eafcaa7\kchW.asm(1753) : error A2008:syntax error : WriteConsoleA
D:\rawrxd\history\-1eafcaa7\kchW.asm(1761) : error A2008:syntax error : CertNameToStrA
D:\rawrxd\history\-1eafcaa7\kchW.asm(1765) : error A2008:syntax error : invoke
D:\rawrxd\history\-1eafcaa7\kchW.asm(1766) : error A2008:syntax error : WriteConsoleA
D:\rawrxd\history\-1eafcaa7\kchW.asm(1774) : error A2008:syntax error : CertNameToStrA
D:\rawrxd\history\-1eafcaa7\kchW.asm(1778) : error A2008:syntax error : invoke
D:\rawrxd\history\-1eafcaa7\kchW.asm(1779) : error A2008:syntax error : WriteConsoleA
D:\rawrxd\history\-1eafcaa7\kchW.asm(1798) : error A2008:syntax error : invoke
D:\rawrxd\history\-1eafcaa7\kchW.asm(1799) : error A2008:syntax error : invoke
D:\rawrxd\history\-1eafcaa7\kchW.asm(1802) : error A2008:syntax error : invoke
D:\rawrxd\history\-1eafcaa7\kchW.asm(1804) : error A2008:syntax error : invoke
D:\rawrxd\history\-1eafcaa7\kchW.asm(1805) : error A2008:syntax error : WriteConsoleA
D:\rawrxd\history\-1eafcaa7\kchW.asm(1807) : error A2008:syntax error : invoke
D:\rawrxd\history\-1eafcaa7\kchW.asm(1809) : error A2008:syntax error : invoke
D:\rawrxd\history\-1eafcaa7\kchW.asm(1810) : error A2008:syntax error : WriteConsoleA
D:\rawrxd\history\-1eafcaa7\kchW.asm(1813) : error A2008:syntax error : invoke
D:\rawrxd\history\-1eafcaa7\kchW.asm(1820) : error A2012:PROC, MACRO, or macro repeat directive must precede LOCAL
D:\rawrxd\history\-1eafcaa7\kchW.asm(1821) : error A2012:PROC, MACRO, or macro repeat directive must precede LOCAL
D:\rawrxd\history\-1eafcaa7\kchW.asm(1828) : error A2008:syntax error : invoke
D:\rawrxd\history\-1eafcaa7\kchW.asm(1839) : error A2008:syntax error : WriteConsoleA
D:\rawrxd\history\-1eafcaa7\kchW.asm(1843) : error A2008:syntax error : WriteConsoleA
D:\rawrxd\history\-1eafcaa7\kchW.asm(1846) : error A2008:syntax error : invoke
D:\rawrxd\history\-1eafcaa7\kchW.asm(1853) : error A2008:syntax error : WriteConsoleA
D:\rawrxd\history\-1eafcaa7\kchW.asm(1860) : error A2008:syntax error : WriteConsoleA
D:\rawrxd\history\-1eafcaa7\kchW.asm(1864) : error A2008:syntax error : wsprintfA
D:\rawrxd\history\-1eafcaa7\kchW.asm(1865) : error A2008:syntax error : WriteConsoleA
D:\rawrxd\history\-1eafcaa7\kchW.asm(1869) : error A2008:syntax error : WriteConsoleA
D:\rawrxd\history\-1eafcaa7\kchW.asm(1875) : error A2008:syntax error : main
D:\rawrxd\history\-1eafcaa7\kchW.asm(1875) : error A2088:END directive required at end of file
D:\rawrxd\history\-1eafcaa7\kchW.asm(584) : error A2082:cannot mix 16- and 32-bit registers
D:\rawrxd\history\-1eafcaa7\kchW.asm(953) : error A2009:syntax error in expression
D:\rawrxd\history\-1eafcaa7\kchW.asm(1823) : error A2006:undefined symbol : ChainPara
D:\rawrxd\history\-1eafcaa7\kchW.asm(1824) : error A2006:undefined symbol : ChainPara
D:\rawrxd\history\-1eafcaa7\kchW.asm(1825) : error A2006:undefined symbol : ChainPara
D:\rawrxd\history\-1eafcaa7\kchW.asm(1826) : error A2006:undefined symbol : ChainPara
D:\rawrxd\history\-1eafcaa7\kchW.asm(1834) : error A2006:undefined symbol : pChainContext
D:\rawrxd\history\-1eafcaa7\kchW.asm(584) : fatal error A1012:error count exceeds 100; stopping assembly
