 Assembling: D:\rawrxd\history\-1b707747\keQw.asm
D:\rawrxd\history\-1b707747\keQw.asm(319) : error A2039:line too long
D:\rawrxd\history\-1b707747\keQw.asm(3811) : error A2070:invalid instruction operands
D:\rawrxd\history\-1b707747\keQw.asm(3858) : error A2070:invalid instruction operands
D:\rawrxd\history\-1b707747\keQw.asm(4200) : error A2005:symbol redefinition : szBackDir
D:\rawrxd\history\-1b707747\keQw.asm(4201) : error A2005:symbol redefinition : szExplorerDir
D:\rawrxd\history\-1b707747\keQw.asm(4202) : error A2005:symbol redefinition : szExplorerPattern
D:\rawrxd\history\-1b707747\keQw.asm(4204) : error A2005:symbol redefinition : find_data
D:\rawrxd\history\-1b707747\keQw.asm(1039) : error A2006:undefined symbol : HandleFileDrop
D:\rawrxd\history\-1b707747\keQw.asm(1515) : error A2082:cannot mix 16- and 32-bit registers
D:\rawrxd\history\-1b707747\keQw.asm(1639) : error A2006:undefined symbol : szFeaturesMsg
D:\rawrxd\history\-1b707747\keQw.asm(1712) : error A2006:undefined symbol : szFeaturesMsg
D:\rawrxd\history\-1b707747\keQw.asm(1720) : error A2006:undefined symbol : save_theme_to_config
D:\rawrxd\history\-1b707747\keQw.asm(1754) : error A2082:cannot mix 16- and 32-bit registers
D:\rawrxd\history\-1b707747\keQw.asm(3727) : error A2006:undefined symbol : EM_LINEFROMCHAR
D:\rawrxd\history\-1b707747\keQw.asm(4221) : error A2006:undefined symbol : HandleFileDrop
D:\rawrxd\history\-1b707747\keQw.asm(4222) : error A2006:undefined symbol : ProcessDroppedFile
D:\rawrxd\history\-1b707747\keQw.asm(4223) : error A2006:undefined symbol : GetFileExtension
D:\rawrxd\history\-1b707747\keQw.asm(4224) : error A2006:undefined symbol : RouteFileByExtension
D:\rawrxd\history\-1b707747\keQw.asm(4225) : error A2006:undefined symbol : OpenMASMFile
D:\rawrxd\history\-1b707747\keQw.asm(4226) : error A2006:undefined symbol : OpenTextFile
D:\rawrxd\history\-1b707747\keQw.asm(4227) : error A2006:undefined symbol : OpenBatchFile
D:\rawrxd\history\-1b707747\keQw.asm(392) : warning A4014:instructions and initialized data not supported in BSS segments
