 Assembling: D:\rawrxd\reconstructed\Users\HiH8e\OneDrive\Desktop\RawrXD-production-lazy-init\masm\ide\agent\core\IDE\08\MACRO.ASM
D:\rawrxd\reconstructed\Users\HiH8e\OneDrive\Desktop\RawrXD-production-lazy-init\masm\ide\agent\core\IDE\08\MACRO.ASM(16) : error A2008:syntax error : .
D:\rawrxd\reconstructed\Users\HiH8e\OneDrive\Desktop\RawrXD-production-lazy-init\masm\ide\agent\core\IDE\08\MACRO.ASM(17) : error A2008:syntax error : .
D:\rawrxd\reconstructed\Users\HiH8e\OneDrive\Desktop\RawrXD-production-lazy-init\masm\ide\agent\core\IDE\08\MACRO.ASM(58) : error A2008:syntax error : ZeroMemory
D:\rawrxd\reconstructed\Users\HiH8e\OneDrive\Desktop\RawrXD-production-lazy-init\masm\ide\agent\core\IDE\08\MACRO.ASM(61) : error A2008:syntax error : return
D:\rawrxd\reconstructed\Users\HiH8e\OneDrive\Desktop\RawrXD-production-lazy-init\masm\ide\agent\core\IDE\08\MACRO.ASM(89) : error A2008:syntax error : lstrcpyn
D:\rawrxd\reconstructed\Users\HiH8e\OneDrive\Desktop\RawrXD-production-lazy-init\masm\ide\agent\core\IDE\08\MACRO.ASM(99) : error A2008:syntax error : if
D:\rawrxd\reconstructed\Users\HiH8e\OneDrive\Desktop\RawrXD-production-lazy-init\masm\ide\agent\core\IDE\08\MACRO.ASM(100) : error A2008:syntax error : invoke
D:\rawrxd\reconstructed\Users\HiH8e\OneDrive\Desktop\RawrXD-production-lazy-init\masm\ide\agent\core\IDE\08\MACRO.ASM(103) : error A2008:syntax error : .
D:\rawrxd\reconstructed\Users\HiH8e\OneDrive\Desktop\RawrXD-production-lazy-init\masm\ide\agent\core\IDE\08\MACRO.ASM(129) : error A2070:invalid instruction operands
D:\rawrxd\reconstructed\Users\HiH8e\OneDrive\Desktop\RawrXD-production-lazy-init\masm\ide\agent\core\IDE\08\MACRO.ASM(140) : error A2008:syntax error : .
D:\rawrxd\reconstructed\Users\HiH8e\OneDrive\Desktop\RawrXD-production-lazy-init\masm\ide\agent\core\IDE\08\MACRO.ASM(159) : error A2008:syntax error : if
D:\rawrxd\reconstructed\Users\HiH8e\OneDrive\Desktop\RawrXD-production-lazy-init\masm\ide\agent\core\IDE\08\MACRO.ASM(162) : error A2008:syntax error : .
D:\rawrxd\reconstructed\Users\HiH8e\OneDrive\Desktop\RawrXD-production-lazy-init\masm\ide\agent\core\IDE\08\MACRO.ASM(164) : error A2008:syntax error : .
D:\rawrxd\reconstructed\Users\HiH8e\OneDrive\Desktop\RawrXD-production-lazy-init\masm\ide\agent\core\IDE\08\MACRO.ASM(171) : error A2008:syntax error : lstrcmpi
D:\rawrxd\reconstructed\Users\HiH8e\OneDrive\Desktop\RawrXD-production-lazy-init\masm\ide\agent\core\IDE\08\MACRO.ASM(172) : error A2008:syntax error : if
D:\rawrxd\reconstructed\Users\HiH8e\OneDrive\Desktop\RawrXD-production-lazy-init\masm\ide\agent\core\IDE\08\MACRO.ASM(175) : error A2008:syntax error : .
D:\rawrxd\reconstructed\Users\HiH8e\OneDrive\Desktop\RawrXD-production-lazy-init\masm\ide\agent\core\IDE\08\MACRO.ASM(177) : error A2070:invalid instruction operands
D:\rawrxd\reconstructed\Users\HiH8e\OneDrive\Desktop\RawrXD-production-lazy-init\masm\ide\agent\core\IDE\08\MACRO.ASM(194) : error A2008:syntax error : ch
D:\rawrxd\reconstructed\Users\HiH8e\OneDrive\Desktop\RawrXD-production-lazy-init\masm\ide\agent\core\IDE\08\MACRO.ASM(196) : error A2070:invalid instruction operands
D:\rawrxd\reconstructed\Users\HiH8e\OneDrive\Desktop\RawrXD-production-lazy-init\masm\ide\agent\core\IDE\08\MACRO.ASM(197) : error A2070:invalid instruction operands
D:\rawrxd\reconstructed\Users\HiH8e\OneDrive\Desktop\RawrXD-production-lazy-init\masm\ide\agent\core\IDE\08\MACRO.ASM(201) : error A2008:syntax error : .
D:\rawrxd\reconstructed\Users\HiH8e\OneDrive\Desktop\RawrXD-production-lazy-init\masm\ide\agent\core\IDE\08\MACRO.ASM(202) : error A2008:syntax error : invoke
D:\rawrxd\reconstructed\Users\HiH8e\OneDrive\Desktop\RawrXD-production-lazy-init\masm\ide\agent\core\IDE\08\MACRO.ASM(205) : error A2044:invalid character in file
D:\rawrxd\reconstructed\Users\HiH8e\OneDrive\Desktop\RawrXD-production-lazy-init\masm\ide\agent\core\IDE\08\MACRO.ASM(207) : error A2008:syntax error : .
D:\rawrxd\reconstructed\Users\HiH8e\OneDrive\Desktop\RawrXD-production-lazy-init\masm\ide\agent\core\IDE\08\MACRO.ASM(221) : error A2008:syntax error : invoke
D:\rawrxd\reconstructed\Users\HiH8e\OneDrive\Desktop\RawrXD-production-lazy-init\masm\ide\agent\core\IDE\08\MACRO.ASM(224) : error A2008:syntax error : .
D:\rawrxd\reconstructed\Users\HiH8e\OneDrive\Desktop\RawrXD-production-lazy-init\masm\ide\agent\core\IDE\08\MACRO.ASM(243) : error A2008:syntax error : ch
D:\rawrxd\reconstructed\Users\HiH8e\OneDrive\Desktop\RawrXD-production-lazy-init\masm\ide\agent\core\IDE\08\MACRO.ASM(247) : error A2070:invalid instruction operands
D:\rawrxd\reconstructed\Users\HiH8e\OneDrive\Desktop\RawrXD-production-lazy-init\masm\ide\agent\core\IDE\08\MACRO.ASM(254) : error A2008:syntax error : .
D:\rawrxd\reconstructed\Users\HiH8e\OneDrive\Desktop\RawrXD-production-lazy-init\masm\ide\agent\core\IDE\08\MACRO.ASM(255) : error A2008:syntax error : invoke
D:\rawrxd\reconstructed\Users\HiH8e\OneDrive\Desktop\RawrXD-production-lazy-init\masm\ide\agent\core\IDE\08\MACRO.ASM(257) : error A2044:invalid character in file
D:\rawrxd\reconstructed\Users\HiH8e\OneDrive\Desktop\RawrXD-production-lazy-init\masm\ide\agent\core\IDE\08\MACRO.ASM(258) : error A2008:syntax error : invoke
D:\rawrxd\reconstructed\Users\HiH8e\OneDrive\Desktop\RawrXD-production-lazy-init\masm\ide\agent\core\IDE\08\MACRO.ASM(260) : error A2008:syntax error : .
D:\rawrxd\reconstructed\Users\HiH8e\OneDrive\Desktop\RawrXD-production-lazy-init\masm\ide\agent\core\IDE\08\MACRO.ASM(263) : error A2008:syntax error : .
D:\rawrxd\reconstructed\Users\HiH8e\OneDrive\Desktop\RawrXD-production-lazy-init\masm\ide\agent\core\IDE\08\MACRO.ASM(264) : error A2008:syntax error : invoke
D:\rawrxd\reconstructed\Users\HiH8e\OneDrive\Desktop\RawrXD-production-lazy-init\masm\ide\agent\core\IDE\08\MACRO.ASM(267) : error A2008:syntax error : if
D:\rawrxd\reconstructed\Users\HiH8e\OneDrive\Desktop\RawrXD-production-lazy-init\masm\ide\agent\core\IDE\08\MACRO.ASM(268) : error A2008:syntax error : invoke
D:\rawrxd\reconstructed\Users\HiH8e\OneDrive\Desktop\RawrXD-production-lazy-init\masm\ide\agent\core\IDE\08\MACRO.ASM(270) : error A2008:syntax error : .
D:\rawrxd\reconstructed\Users\HiH8e\OneDrive\Desktop\RawrXD-production-lazy-init\masm\ide\agent\core\IDE\08\MACRO.ASM(274) : error A2008:syntax error : .
D:\rawrxd\reconstructed\Users\HiH8e\OneDrive\Desktop\RawrXD-production-lazy-init\masm\ide\agent\core\IDE\08\MACRO.ASM(275) : error A2008:syntax error : invoke
D:\rawrxd\reconstructed\Users\HiH8e\OneDrive\Desktop\RawrXD-production-lazy-init\masm\ide\agent\core\IDE\08\MACRO.ASM(277) : error A2008:syntax error : if
D:\rawrxd\reconstructed\Users\HiH8e\OneDrive\Desktop\RawrXD-production-lazy-init\masm\ide\agent\core\IDE\08\MACRO.ASM(279) : error A2008:syntax error : .
D:\rawrxd\reconstructed\Users\HiH8e\OneDrive\Desktop\RawrXD-production-lazy-init\masm\ide\agent\core\IDE\08\MACRO.ASM(280) : error A2008:syntax error : if
D:\rawrxd\reconstructed\Users\HiH8e\OneDrive\Desktop\RawrXD-production-lazy-init\masm\ide\agent\core\IDE\08\MACRO.ASM(284) : error A2008:syntax error : invoke
D:\rawrxd\reconstructed\Users\HiH8e\OneDrive\Desktop\RawrXD-production-lazy-init\masm\ide\agent\core\IDE\08\MACRO.ASM(286) : error A2008:syntax error : .
D:\rawrxd\reconstructed\Users\HiH8e\OneDrive\Desktop\RawrXD-production-lazy-init\masm\ide\agent\core\IDE\08\MACRO.ASM(287) : error A2008:syntax error : invoke
D:\rawrxd\reconstructed\Users\HiH8e\OneDrive\Desktop\RawrXD-production-lazy-init\masm\ide\agent\core\IDE\08\MACRO.ASM(289) : error A2008:syntax error : if
D:\rawrxd\reconstructed\Users\HiH8e\OneDrive\Desktop\RawrXD-production-lazy-init\masm\ide\agent\core\IDE\08\MACRO.ASM(290) : error A2008:syntax error : invoke
D:\rawrxd\reconstructed\Users\HiH8e\OneDrive\Desktop\RawrXD-production-lazy-init\masm\ide\agent\core\IDE\08\MACRO.ASM(293) : error A2008:syntax error : .
D:\rawrxd\reconstructed\Users\HiH8e\OneDrive\Desktop\RawrXD-production-lazy-init\masm\ide\agent\core\IDE\08\MACRO.ASM(299) : error A2008:syntax error : invoke
D:\rawrxd\reconstructed\Users\HiH8e\OneDrive\Desktop\RawrXD-production-lazy-init\masm\ide\agent\core\IDE\08\MACRO.ASM(301) : error A2008:syntax error : .
D:\rawrxd\reconstructed\Users\HiH8e\OneDrive\Desktop\RawrXD-production-lazy-init\masm\ide\agent\core\IDE\08\MACRO.ASM(303) : error A2008:syntax error : if
D:\rawrxd\reconstructed\Users\HiH8e\OneDrive\Desktop\RawrXD-production-lazy-init\masm\ide\agent\core\IDE\08\MACRO.ASM(305) : error A2008:syntax error : invoke
D:\rawrxd\reconstructed\Users\HiH8e\OneDrive\Desktop\RawrXD-production-lazy-init\masm\ide\agent\core\IDE\08\MACRO.ASM(307) : error A2008:syntax error : elseif
D:\rawrxd\reconstructed\Users\HiH8e\OneDrive\Desktop\RawrXD-production-lazy-init\masm\ide\agent\core\IDE\08\MACRO.ASM(310) : error A2008:syntax error : .
D:\rawrxd\reconstructed\Users\HiH8e\OneDrive\Desktop\RawrXD-production-lazy-init\masm\ide\agent\core\IDE\08\MACRO.ASM(316) : error A2008:syntax error : invoke
D:\rawrxd\reconstructed\Users\HiH8e\OneDrive\Desktop\RawrXD-production-lazy-init\masm\ide\agent\core\IDE\08\MACRO.ASM(318) : error A2008:syntax error : .
D:\rawrxd\reconstructed\Users\HiH8e\OneDrive\Desktop\RawrXD-production-lazy-init\masm\ide\agent\core\IDE\08\MACRO.ASM(320) : error A2008:syntax error : .
D:\rawrxd\reconstructed\Users\HiH8e\OneDrive\Desktop\RawrXD-production-lazy-init\masm\ide\agent\core\IDE\08\MACRO.ASM(333) : error A2008:syntax error : invoke
D:\rawrxd\reconstructed\Users\HiH8e\OneDrive\Desktop\RawrXD-production-lazy-init\masm\ide\agent\core\IDE\08\MACRO.ASM(335) : error A2044:invalid character in file
D:\rawrxd\reconstructed\Users\HiH8e\OneDrive\Desktop\RawrXD-production-lazy-init\masm\ide\agent\core\IDE\08\MACRO.ASM(336) : error A2008:syntax error : invoke
D:\rawrxd\reconstructed\Users\HiH8e\OneDrive\Desktop\RawrXD-production-lazy-init\masm\ide\agent\core\IDE\08\MACRO.ASM(337) : error A2008:syntax error : .
D:\rawrxd\reconstructed\Users\HiH8e\OneDrive\Desktop\RawrXD-production-lazy-init\masm\ide\agent\core\IDE\08\MACRO.ASM(339) : error A2008:syntax error : invoke
D:\rawrxd\reconstructed\Users\HiH8e\OneDrive\Desktop\RawrXD-production-lazy-init\masm\ide\agent\core\IDE\08\MACRO.ASM(341) : error A2008:syntax error : if
D:\rawrxd\reconstructed\Users\HiH8e\OneDrive\Desktop\RawrXD-production-lazy-init\masm\ide\agent\core\IDE\08\MACRO.ASM(342) : error A2008:syntax error : invoke
D:\rawrxd\reconstructed\Users\HiH8e\OneDrive\Desktop\RawrXD-production-lazy-init\masm\ide\agent\core\IDE\08\MACRO.ASM(344) : error A2008:syntax error : elseif
D:\rawrxd\reconstructed\Users\HiH8e\OneDrive\Desktop\RawrXD-production-lazy-init\masm\ide\agent\core\IDE\08\MACRO.ASM(345) : error A2008:syntax error : invoke
D:\rawrxd\reconstructed\Users\HiH8e\OneDrive\Desktop\RawrXD-production-lazy-init\masm\ide\agent\core\IDE\08\MACRO.ASM(347) : error A2008:syntax error : .
D:\rawrxd\reconstructed\Users\HiH8e\OneDrive\Desktop\RawrXD-production-lazy-init\masm\ide\agent\core\IDE\08\MACRO.ASM(350) : error A2008:syntax error : .
D:\rawrxd\reconstructed\Users\HiH8e\OneDrive\Desktop\RawrXD-production-lazy-init\masm\ide\agent\core\IDE\08\MACRO.ASM(352) : error A2008:syntax error : .
D:\rawrxd\reconstructed\Users\HiH8e\OneDrive\Desktop\RawrXD-production-lazy-init\masm\ide\agent\core\IDE\08\MACRO.ASM(355) : error A2070:invalid instruction operands
D:\rawrxd\reconstructed\Users\HiH8e\OneDrive\Desktop\RawrXD-production-lazy-init\masm\ide\agent\core\IDE\08\MACRO.ASM(374) : error A2008:syntax error : ch
D:\rawrxd\reconstructed\Users\HiH8e\OneDrive\Desktop\RawrXD-production-lazy-init\masm\ide\agent\core\IDE\08\MACRO.ASM(381) : error A2070:invalid instruction operands
D:\rawrxd\reconstructed\Users\HiH8e\OneDrive\Desktop\RawrXD-production-lazy-init\masm\ide\agent\core\IDE\08\MACRO.ASM(382) : error A2070:invalid instruction operands
D:\rawrxd\reconstructed\Users\HiH8e\OneDrive\Desktop\RawrXD-production-lazy-init\masm\ide\agent\core\IDE\08\MACRO.ASM(384) : error A2070:invalid instruction operands
D:\rawrxd\reconstructed\Users\HiH8e\OneDrive\Desktop\RawrXD-production-lazy-init\masm\ide\agent\core\IDE\08\MACRO.ASM(385) : error A2070:invalid instruction operands
D:\rawrxd\reconstructed\Users\HiH8e\OneDrive\Desktop\RawrXD-production-lazy-init\masm\ide\agent\core\IDE\08\MACRO.ASM(388) : error A2008:syntax error : .
D:\rawrxd\reconstructed\Users\HiH8e\OneDrive\Desktop\RawrXD-production-lazy-init\masm\ide\agent\core\IDE\08\MACRO.ASM(393) : error A2008:syntax error : if
D:\rawrxd\reconstructed\Users\HiH8e\OneDrive\Desktop\RawrXD-production-lazy-init\masm\ide\agent\core\IDE\08\MACRO.ASM(398) : error A2008:syntax error : if
D:\rawrxd\reconstructed\Users\HiH8e\OneDrive\Desktop\RawrXD-production-lazy-init\masm\ide\agent\core\IDE\08\MACRO.ASM(403) : error A2008:syntax error : .
D:\rawrxd\reconstructed\Users\HiH8e\OneDrive\Desktop\RawrXD-production-lazy-init\masm\ide\agent\core\IDE\08\MACRO.ASM(405) : error A2045:missing angle bracket or brace in literal
D:\rawrxd\reconstructed\Users\HiH8e\OneDrive\Desktop\RawrXD-production-lazy-init\masm\ide\agent\core\IDE\08\MACRO.ASM(413) : error A2008:syntax error : .
D:\rawrxd\reconstructed\Users\HiH8e\OneDrive\Desktop\RawrXD-production-lazy-init\masm\ide\agent\core\IDE\08\MACRO.ASM(417) : error A2044:invalid character in file
D:\rawrxd\reconstructed\Users\HiH8e\OneDrive\Desktop\RawrXD-production-lazy-init\masm\ide\agent\core\IDE\08\MACRO.ASM(419) : error A2008:syntax error : .
D:\rawrxd\reconstructed\Users\HiH8e\OneDrive\Desktop\RawrXD-production-lazy-init\masm\ide\agent\core\IDE\08\MACRO.ASM(424) : error A2008:syntax error : .
D:\rawrxd\reconstructed\Users\HiH8e\OneDrive\Desktop\RawrXD-production-lazy-init\masm\ide\agent\core\IDE\08\MACRO.ASM(426) : error A2044:invalid character in file
D:\rawrxd\reconstructed\Users\HiH8e\OneDrive\Desktop\RawrXD-production-lazy-init\masm\ide\agent\core\IDE\08\MACRO.ASM(431) : error A2008:syntax error : .
D:\rawrxd\reconstructed\Users\HiH8e\OneDrive\Desktop\RawrXD-production-lazy-init\masm\ide\agent\core\IDE\08\MACRO.ASM(435) : error A2008:syntax error : .
D:\rawrxd\reconstructed\Users\HiH8e\OneDrive\Desktop\RawrXD-production-lazy-init\masm\ide\agent\core\IDE\08\MACRO.ASM(441) : error A2008:syntax error : .
D:\rawrxd\reconstructed\Users\HiH8e\OneDrive\Desktop\RawrXD-production-lazy-init\masm\ide\agent\core\IDE\08\MACRO.ASM(448) : error A2008:syntax error : .
D:\rawrxd\reconstructed\Users\HiH8e\OneDrive\Desktop\RawrXD-production-lazy-init\masm\ide\agent\core\IDE\08\MACRO.ASM(466) : error A2008:syntax error : invoke
D:\rawrxd\reconstructed\Users\HiH8e\OneDrive\Desktop\RawrXD-production-lazy-init\masm\ide\agent\core\IDE\08\MACRO.ASM(467) : error A2008:syntax error : invoke
D:\rawrxd\reconstructed\Users\HiH8e\OneDrive\Desktop\RawrXD-production-lazy-init\masm\ide\agent\core\IDE\08\MACRO.ASM(79) : error A2006:undefined symbol : overflow
D:\rawrxd\reconstructed\Users\HiH8e\OneDrive\Desktop\RawrXD-production-lazy-init\masm\ide\agent\core\IDE\08\MACRO.ASM(86) : error A2026:constant expected
D:\rawrxd\reconstructed\Users\HiH8e\OneDrive\Desktop\RawrXD-production-lazy-init\masm\ide\agent\core\IDE\08\MACRO.ASM(109) : error A2006:undefined symbol : overflow
D:\rawrxd\reconstructed\Users\HiH8e\OneDrive\Desktop\RawrXD-production-lazy-init\masm\ide\agent\core\IDE\08\MACRO.ASM(121) : error A2032:invalid use of register
D:\rawrxd\reconstructed\Users\HiH8e\OneDrive\Desktop\RawrXD-production-lazy-init\masm\ide\agent\core\IDE\08\MACRO.ASM(125) : error A2026:constant expected
D:\rawrxd\reconstructed\Users\HiH8e\OneDrive\Desktop\RawrXD-production-lazy-init\masm\ide\agent\core\IDE\08\MACRO.ASM(178) : error A2006:undefined symbol : loop
D:\rawrxd\reconstructed\Users\HiH8e\OneDrive\Desktop\RawrXD-production-lazy-init\masm\ide\agent\core\IDE\08\MACRO.ASM(206) : error A2006:undefined symbol : done
D:\rawrxd\reconstructed\Users\HiH8e\OneDrive\Desktop\RawrXD-production-lazy-init\masm\ide\agent\core\IDE\08\MACRO.ASM(212) : error A2006:undefined symbol : done
D:\rawrxd\reconstructed\Users\HiH8e\OneDrive\Desktop\RawrXD-production-lazy-init\masm\ide\agent\core\IDE\08\MACRO.ASM(222) : fatal error A1012:error count exceeds 100; stopping assembly
