 Assembling: D:\rawrxd\history\-29b34fd4\mCJi.asm
D:\rawrxd\history\-29b34fd4\mCJi.asm(209) : error A2081:missing operand after unary operator
D:\rawrxd\history\-29b34fd4\mCJi.asm(262) : error A2083:invalid scale value
D:\rawrxd\history\-29b34fd4\mCJi.asm(263) : error A2081:missing operand after unary operator
D:\rawrxd\history\-29b34fd4\mCJi.asm(268) : error A2081:missing operand after unary operator
D:\rawrxd\history\-29b34fd4\mCJi.asm(269) : error A2081:missing operand after unary operator
D:\rawrxd\history\-29b34fd4\mCJi.asm(283) : error A2081:missing operand after unary operator
D:\rawrxd\history\-29b34fd4\mCJi.asm(290) : error A2026:constant expected
D:\rawrxd\history\-29b34fd4\mCJi.asm(295) : error A2081:missing operand after unary operator
D:\rawrxd\history\-29b34fd4\mCJi.asm(296) : error A2081:missing operand after unary operator
D:\rawrxd\history\-29b34fd4\mCJi.asm(297) : error A2081:missing operand after unary operator
D:\rawrxd\history\-29b34fd4\mCJi.asm(302) : error A2026:constant expected
D:\rawrxd\history\-29b34fd4\mCJi.asm(306) : error A2081:missing operand after unary operator
D:\rawrxd\history\-29b34fd4\mCJi.asm(307) : error A2081:missing operand after unary operator
D:\rawrxd\history\-29b34fd4\mCJi.asm(346) : error A2081:missing operand after unary operator
D:\rawrxd\history\-29b34fd4\mCJi.asm(349) : error A2081:missing operand after unary operator
D:\rawrxd\history\-29b34fd4\mCJi.asm(362) : error A2081:missing operand after unary operator
D:\rawrxd\history\-29b34fd4\mCJi.asm(411) : error A2206:missing operator in expression
D:\rawrxd\history\-29b34fd4\mCJi.asm(316) : warning A4025:ENDP found before .ENDPROLOG : Vram_Free
D:\rawrxd\history\-29b34fd4\mCJi.asm(316) : error A2247:size of prolog too big, must be < 256 bytes
D:\rawrxd\history\-29b34fd4\mCJi.asm(316) : error A2220:Missing .ENDPROLOG
