 Assembling: D:\rawrxd\reconstructed\RawrXDLoops\test\nasm.asm
D:\rawrxd\reconstructed\RawrXDLoops\test\nasm.asm(2) : error A2008:syntax error : bits
D:\rawrxd\reconstructed\RawrXDLoops\test\nasm.asm(3) : error A2008:syntax error : default
D:\rawrxd\reconstructed\RawrXDLoops\test\nasm.asm(5) : error A2008:syntax error : section
D:\rawrxd\reconstructed\RawrXDLoops\test\nasm.asm(6) : error A2034:must be in segment block
D:\rawrxd\reconstructed\RawrXDLoops\test\nasm.asm(7) : error A2034:must be in segment block
D:\rawrxd\reconstructed\RawrXDLoops\test\nasm.asm(9) : error A2008:syntax error : section
D:\rawrxd\reconstructed\RawrXDLoops\test\nasm.asm(10) : error A2008:syntax error : global
D:\rawrxd\reconstructed\RawrXDLoops\test\nasm.asm(11) : error A2008:syntax error : in directive
D:\rawrxd\reconstructed\RawrXDLoops\test\nasm.asm(12) : error A2008:syntax error : in directive
D:\rawrxd\reconstructed\RawrXDLoops\test\nasm.asm(14) : error A2034:must be in segment block
D:\rawrxd\reconstructed\RawrXDLoops\test\nasm.asm(15) : error A2034:must be in segment block
D:\rawrxd\reconstructed\RawrXDLoops\test\nasm.asm(16) : error A2034:must be in segment block
D:\rawrxd\reconstructed\RawrXDLoops\test\nasm.asm(17) : error A2034:must be in segment block
D:\rawrxd\reconstructed\RawrXDLoops\test\nasm.asm(19) : error A2034:must be in segment block
D:\rawrxd\reconstructed\RawrXDLoops\test\nasm.asm(20) : error A2034:must be in segment block
D:\rawrxd\reconstructed\RawrXDLoops\test\nasm.asm(21) : error A2034:must be in segment block
D:\rawrxd\reconstructed\RawrXDLoops\test\nasm.asm(22) : error A2034:must be in segment block
D:\rawrxd\reconstructed\RawrXDLoops\test\nasm.asm(23) : error A2034:must be in segment block
D:\rawrxd\reconstructed\RawrXDLoops\test\nasm.asm(25) : error A2034:must be in segment block
D:\rawrxd\reconstructed\RawrXDLoops\test\nasm.asm(26) : error A2034:must be in segment block
D:\rawrxd\reconstructed\RawrXDLoops\test\nasm.asm(26) : error A2088:END directive required at end of file
