 Assembling: D:\rawrxd\OrganizedPiProject\misc\Desktop\secure-ide-asm\notepad_asm.asm
D:\rawrxd\OrganizedPiProject\misc\Desktop\secure-ide-asm\notepad_asm.asm(5) : error A2008:syntax error : BITS
D:\rawrxd\OrganizedPiProject\misc\Desktop\secure-ide-asm\notepad_asm.asm(6) : error A2008:syntax error : DEFAULT
D:\rawrxd\OrganizedPiProject\misc\Desktop\secure-ide-asm\notepad_asm.asm(9) : error A2008:syntax error : define
D:\rawrxd\OrganizedPiProject\misc\Desktop\secure-ide-asm\notepad_asm.asm(10) : error A2008:syntax error : define
D:\rawrxd\OrganizedPiProject\misc\Desktop\secure-ide-asm\notepad_asm.asm(11) : error A2008:syntax error : define
D:\rawrxd\OrganizedPiProject\misc\Desktop\secure-ide-asm\notepad_asm.asm(12) : error A2008:syntax error : define
D:\rawrxd\OrganizedPiProject\misc\Desktop\secure-ide-asm\notepad_asm.asm(13) : error A2008:syntax error : define
D:\rawrxd\OrganizedPiProject\misc\Desktop\secure-ide-asm\notepad_asm.asm(14) : error A2008:syntax error : define
D:\rawrxd\OrganizedPiProject\misc\Desktop\secure-ide-asm\notepad_asm.asm(17) : error A2008:syntax error : define
D:\rawrxd\OrganizedPiProject\misc\Desktop\secure-ide-asm\notepad_asm.asm(18) : error A2008:syntax error : define
D:\rawrxd\OrganizedPiProject\misc\Desktop\secure-ide-asm\notepad_asm.asm(19) : error A2008:syntax error : define
D:\rawrxd\OrganizedPiProject\misc\Desktop\secure-ide-asm\notepad_asm.asm(20) : error A2008:syntax error : define
D:\rawrxd\OrganizedPiProject\misc\Desktop\secure-ide-asm\notepad_asm.asm(21) : error A2008:syntax error : define
D:\rawrxd\OrganizedPiProject\misc\Desktop\secure-ide-asm\notepad_asm.asm(22) : error A2008:syntax error : define
D:\rawrxd\OrganizedPiProject\misc\Desktop\secure-ide-asm\notepad_asm.asm(23) : error A2008:syntax error : define
D:\rawrxd\OrganizedPiProject\misc\Desktop\secure-ide-asm\notepad_asm.asm(24) : error A2008:syntax error : define
D:\rawrxd\OrganizedPiProject\misc\Desktop\secure-ide-asm\notepad_asm.asm(27) : error A2008:syntax error : define
D:\rawrxd\OrganizedPiProject\misc\Desktop\secure-ide-asm\notepad_asm.asm(28) : error A2008:syntax error : define
D:\rawrxd\OrganizedPiProject\misc\Desktop\secure-ide-asm\notepad_asm.asm(29) : error A2008:syntax error : define
D:\rawrxd\OrganizedPiProject\misc\Desktop\secure-ide-asm\notepad_asm.asm(30) : error A2008:syntax error : define
D:\rawrxd\OrganizedPiProject\misc\Desktop\secure-ide-asm\notepad_asm.asm(31) : error A2008:syntax error : define
D:\rawrxd\OrganizedPiProject\misc\Desktop\secure-ide-asm\notepad_asm.asm(34) : error A2008:syntax error : define
D:\rawrxd\OrganizedPiProject\misc\Desktop\secure-ide-asm\notepad_asm.asm(35) : error A2008:syntax error : define
D:\rawrxd\OrganizedPiProject\misc\Desktop\secure-ide-asm\notepad_asm.asm(36) : error A2008:syntax error : define
D:\rawrxd\OrganizedPiProject\misc\Desktop\secure-ide-asm\notepad_asm.asm(37) : error A2008:syntax error : define
D:\rawrxd\OrganizedPiProject\misc\Desktop\secure-ide-asm\notepad_asm.asm(39) : error A2008:syntax error : section
D:\rawrxd\OrganizedPiProject\misc\Desktop\secure-ide-asm\notepad_asm.asm(41) : error A2034:must be in segment block
D:\rawrxd\OrganizedPiProject\misc\Desktop\secure-ide-asm\notepad_asm.asm(42) : error A2034:must be in segment block
D:\rawrxd\OrganizedPiProject\misc\Desktop\secure-ide-asm\notepad_asm.asm(45) : error A2034:must be in segment block
D:\rawrxd\OrganizedPiProject\misc\Desktop\secure-ide-asm\notepad_asm.asm(46) : error A2034:must be in segment block
D:\rawrxd\OrganizedPiProject\misc\Desktop\secure-ide-asm\notepad_asm.asm(47) : error A2034:must be in segment block
D:\rawrxd\OrganizedPiProject\misc\Desktop\secure-ide-asm\notepad_asm.asm(48) : error A2034:must be in segment block
D:\rawrxd\OrganizedPiProject\misc\Desktop\secure-ide-asm\notepad_asm.asm(51) : error A2034:must be in segment block
D:\rawrxd\OrganizedPiProject\misc\Desktop\secure-ide-asm\notepad_asm.asm(52) : error A2034:must be in segment block
D:\rawrxd\OrganizedPiProject\misc\Desktop\secure-ide-asm\notepad_asm.asm(53) : error A2034:must be in segment block
D:\rawrxd\OrganizedPiProject\misc\Desktop\secure-ide-asm\notepad_asm.asm(54) : error A2034:must be in segment block
D:\rawrxd\OrganizedPiProject\misc\Desktop\secure-ide-asm\notepad_asm.asm(55) : error A2034:must be in segment block
D:\rawrxd\OrganizedPiProject\misc\Desktop\secure-ide-asm\notepad_asm.asm(58) : error A2034:must be in segment block
D:\rawrxd\OrganizedPiProject\misc\Desktop\secure-ide-asm\notepad_asm.asm(59) : error A2034:must be in segment block
D:\rawrxd\OrganizedPiProject\misc\Desktop\secure-ide-asm\notepad_asm.asm(60) : error A2034:must be in segment block
D:\rawrxd\OrganizedPiProject\misc\Desktop\secure-ide-asm\notepad_asm.asm(61) : error A2034:must be in segment block
D:\rawrxd\OrganizedPiProject\misc\Desktop\secure-ide-asm\notepad_asm.asm(62) : error A2034:must be in segment block
D:\rawrxd\OrganizedPiProject\misc\Desktop\secure-ide-asm\notepad_asm.asm(63) : error A2034:must be in segment block
D:\rawrxd\OrganizedPiProject\misc\Desktop\secure-ide-asm\notepad_asm.asm(64) : error A2034:must be in segment block
D:\rawrxd\OrganizedPiProject\misc\Desktop\secure-ide-asm\notepad_asm.asm(67) : error A2034:must be in segment block
D:\rawrxd\OrganizedPiProject\misc\Desktop\secure-ide-asm\notepad_asm.asm(68) : error A2034:must be in segment block
D:\rawrxd\OrganizedPiProject\misc\Desktop\secure-ide-asm\notepad_asm.asm(69) : error A2034:must be in segment block
D:\rawrxd\OrganizedPiProject\misc\Desktop\secure-ide-asm\notepad_asm.asm(72) : error A2034:must be in segment block
D:\rawrxd\OrganizedPiProject\misc\Desktop\secure-ide-asm\notepad_asm.asm(73) : error A2034:must be in segment block
D:\rawrxd\OrganizedPiProject\misc\Desktop\secure-ide-asm\notepad_asm.asm(74) : error A2034:must be in segment block
D:\rawrxd\OrganizedPiProject\misc\Desktop\secure-ide-asm\notepad_asm.asm(77) : error A2034:must be in segment block
D:\rawrxd\OrganizedPiProject\misc\Desktop\secure-ide-asm\notepad_asm.asm(78) : error A2034:must be in segment block
D:\rawrxd\OrganizedPiProject\misc\Desktop\secure-ide-asm\notepad_asm.asm(79) : error A2034:must be in segment block
D:\rawrxd\OrganizedPiProject\misc\Desktop\secure-ide-asm\notepad_asm.asm(80) : error A2034:must be in segment block
D:\rawrxd\OrganizedPiProject\misc\Desktop\secure-ide-asm\notepad_asm.asm(81) : error A2034:must be in segment block
D:\rawrxd\OrganizedPiProject\misc\Desktop\secure-ide-asm\notepad_asm.asm(84) : error A2034:must be in segment block
D:\rawrxd\OrganizedPiProject\misc\Desktop\secure-ide-asm\notepad_asm.asm(85) : error A2034:must be in segment block
D:\rawrxd\OrganizedPiProject\misc\Desktop\secure-ide-asm\notepad_asm.asm(86) : error A2034:must be in segment block
D:\rawrxd\OrganizedPiProject\misc\Desktop\secure-ide-asm\notepad_asm.asm(89) : error A2034:must be in segment block
D:\rawrxd\OrganizedPiProject\misc\Desktop\secure-ide-asm\notepad_asm.asm(90) : error A2034:must be in segment block
D:\rawrxd\OrganizedPiProject\misc\Desktop\secure-ide-asm\notepad_asm.asm(93) : error A2034:must be in segment block
D:\rawrxd\OrganizedPiProject\misc\Desktop\secure-ide-asm\notepad_asm.asm(94) : error A2034:must be in segment block
D:\rawrxd\OrganizedPiProject\misc\Desktop\secure-ide-asm\notepad_asm.asm(97) : error A2034:must be in segment block
D:\rawrxd\OrganizedPiProject\misc\Desktop\secure-ide-asm\notepad_asm.asm(98) : error A2034:must be in segment block
D:\rawrxd\OrganizedPiProject\misc\Desktop\secure-ide-asm\notepad_asm.asm(99) : error A2034:must be in segment block
D:\rawrxd\OrganizedPiProject\misc\Desktop\secure-ide-asm\notepad_asm.asm(100) : error A2034:must be in segment block
D:\rawrxd\OrganizedPiProject\misc\Desktop\secure-ide-asm\notepad_asm.asm(101) : error A2034:must be in segment block
D:\rawrxd\OrganizedPiProject\misc\Desktop\secure-ide-asm\notepad_asm.asm(102) : error A2034:must be in segment block
D:\rawrxd\OrganizedPiProject\misc\Desktop\secure-ide-asm\notepad_asm.asm(105) : error A2034:must be in segment block
D:\rawrxd\OrganizedPiProject\misc\Desktop\secure-ide-asm\notepad_asm.asm(106) : error A2034:must be in segment block
D:\rawrxd\OrganizedPiProject\misc\Desktop\secure-ide-asm\notepad_asm.asm(107) : error A2034:must be in segment block
D:\rawrxd\OrganizedPiProject\misc\Desktop\secure-ide-asm\notepad_asm.asm(108) : error A2034:must be in segment block
D:\rawrxd\OrganizedPiProject\misc\Desktop\secure-ide-asm\notepad_asm.asm(109) : error A2034:must be in segment block
D:\rawrxd\OrganizedPiProject\misc\Desktop\secure-ide-asm\notepad_asm.asm(110) : error A2034:must be in segment block
D:\rawrxd\OrganizedPiProject\misc\Desktop\secure-ide-asm\notepad_asm.asm(111) : error A2034:must be in segment block
D:\rawrxd\OrganizedPiProject\misc\Desktop\secure-ide-asm\notepad_asm.asm(112) : error A2034:must be in segment block
D:\rawrxd\OrganizedPiProject\misc\Desktop\secure-ide-asm\notepad_asm.asm(115) : error A2008:syntax error : times
D:\rawrxd\OrganizedPiProject\misc\Desktop\secure-ide-asm\notepad_asm.asm(116) : error A2034:must be in segment block
D:\rawrxd\OrganizedPiProject\misc\Desktop\secure-ide-asm\notepad_asm.asm(117) : error A2034:must be in segment block
D:\rawrxd\OrganizedPiProject\misc\Desktop\secure-ide-asm\notepad_asm.asm(118) : error A2034:must be in segment block
D:\rawrxd\OrganizedPiProject\misc\Desktop\secure-ide-asm\notepad_asm.asm(121) : error A2034:must be in segment block
D:\rawrxd\OrganizedPiProject\misc\Desktop\secure-ide-asm\notepad_asm.asm(122) : error A2034:must be in segment block
D:\rawrxd\OrganizedPiProject\misc\Desktop\secure-ide-asm\notepad_asm.asm(123) : error A2034:must be in segment block
D:\rawrxd\OrganizedPiProject\misc\Desktop\secure-ide-asm\notepad_asm.asm(126) : error A2008:syntax error : times
D:\rawrxd\OrganizedPiProject\misc\Desktop\secure-ide-asm\notepad_asm.asm(127) : error A2034:must be in segment block
D:\rawrxd\OrganizedPiProject\misc\Desktop\secure-ide-asm\notepad_asm.asm(128) : error A2034:must be in segment block
D:\rawrxd\OrganizedPiProject\misc\Desktop\secure-ide-asm\notepad_asm.asm(129) : error A2034:must be in segment block
D:\rawrxd\OrganizedPiProject\misc\Desktop\secure-ide-asm\notepad_asm.asm(132) : error A2034:must be in segment block
D:\rawrxd\OrganizedPiProject\misc\Desktop\secure-ide-asm\notepad_asm.asm(133) : error A2034:must be in segment block
D:\rawrxd\OrganizedPiProject\misc\Desktop\secure-ide-asm\notepad_asm.asm(134) : error A2008:syntax error : times
D:\rawrxd\OrganizedPiProject\misc\Desktop\secure-ide-asm\notepad_asm.asm(135) : error A2008:syntax error : times
D:\rawrxd\OrganizedPiProject\misc\Desktop\secure-ide-asm\notepad_asm.asm(138) : error A2008:syntax error : times
D:\rawrxd\OrganizedPiProject\misc\Desktop\secure-ide-asm\notepad_asm.asm(139) : error A2008:syntax error : times
D:\rawrxd\OrganizedPiProject\misc\Desktop\secure-ide-asm\notepad_asm.asm(140) : error A2034:must be in segment block
D:\rawrxd\OrganizedPiProject\misc\Desktop\secure-ide-asm\notepad_asm.asm(143) : error A2034:must be in segment block
D:\rawrxd\OrganizedPiProject\misc\Desktop\secure-ide-asm\notepad_asm.asm(145) : error A2008:syntax error : section
D:\rawrxd\OrganizedPiProject\misc\Desktop\secure-ide-asm\notepad_asm.asm(147) : error A2008:syntax error : file_fd
D:\rawrxd\OrganizedPiProject\misc\Desktop\secure-ide-asm\notepad_asm.asm(150) : error A2008:syntax error : input_buffer
D:\rawrxd\OrganizedPiProject\misc\Desktop\secure-ide-asm\notepad_asm.asm(153) : error A2008:syntax error : display_buffer
D:\rawrxd\OrganizedPiProject\misc\Desktop\secure-ide-asm\notepad_asm.asm(156) : error A2008:syntax error : menu_active
D:\rawrxd\OrganizedPiProject\misc\Desktop\secure-ide-asm\notepad_asm.asm(157) : fatal error A1012:error count exceeds 100; stopping assembly
