 Assembling: D:\rawrxd\history\-11ccb48b\OdTl.asm
D:\rawrxd\history\-11ccb48b\OdTl.asm(59) : error A2008:syntax error : type
D:\rawrxd\history\-11ccb48b\OdTl.asm(78) : error A2008:syntax error : type
D:\rawrxd\history\-11ccb48b\OdTl.asm(262) : error A2006:undefined symbol : WNDCLASSEXA
D:\rawrxd\history\-11ccb48b\OdTl.asm(262) : error A2195:parameter or local cannot have void type
D:\rawrxd\history\-11ccb48b\OdTl.asm(292) : error A2006:undefined symbol : WNDCLASSEXA
D:\rawrxd\history\-11ccb48b\OdTl.asm(292) : error A2195:parameter or local cannot have void type
D:\rawrxd\history\-11ccb48b\OdTl.asm(322) : error A2006:undefined symbol : WNDCLASSEXA
D:\rawrxd\history\-11ccb48b\OdTl.asm(322) : error A2195:parameter or local cannot have void type
D:\rawrxd\history\-11ccb48b\OdTl.asm(504) : error A2008:syntax error : name
D:\rawrxd\history\-11ccb48b\OdTl.asm(576) : error A2008:syntax error : name
D:\rawrxd\history\-11ccb48b\OdTl.asm(266) : error A2006:undefined symbol : cbSize
D:\rawrxd\history\-11ccb48b\OdTl.asm(267) : error A2006:undefined symbol : style
D:\rawrxd\history\-11ccb48b\OdTl.asm(269) : error A2006:undefined symbol : lpfnWndProc
D:\rawrxd\history\-11ccb48b\OdTl.asm(270) : error A2006:undefined symbol : cbClsExtra
D:\rawrxd\history\-11ccb48b\OdTl.asm(271) : error A2006:undefined symbol : cbWndExtra
D:\rawrxd\history\-11ccb48b\OdTl.asm(272) : error A2006:undefined symbol : hInstance
D:\rawrxd\history\-11ccb48b\OdTl.asm(273) : error A2006:undefined symbol : hIcon
D:\rawrxd\history\-11ccb48b\OdTl.asm(274) : error A2006:undefined symbol : hCursor
D:\rawrxd\history\-11ccb48b\OdTl.asm(275) : error A2006:undefined symbol : hbrBackground
D:\rawrxd\history\-11ccb48b\OdTl.asm(276) : error A2006:undefined symbol : lpszMenuName
D:\rawrxd\history\-11ccb48b\OdTl.asm(278) : error A2006:undefined symbol : lpszClassName
D:\rawrxd\history\-11ccb48b\OdTl.asm(279) : error A2006:undefined symbol : hIconSm
D:\rawrxd\history\-11ccb48b\OdTl.asm(296) : error A2006:undefined symbol : cbSize
D:\rawrxd\history\-11ccb48b\OdTl.asm(297) : error A2006:undefined symbol : style
D:\rawrxd\history\-11ccb48b\OdTl.asm(299) : error A2006:undefined symbol : lpfnWndProc
D:\rawrxd\history\-11ccb48b\OdTl.asm(300) : error A2006:undefined symbol : cbClsExtra
D:\rawrxd\history\-11ccb48b\OdTl.asm(301) : error A2006:undefined symbol : cbWndExtra
D:\rawrxd\history\-11ccb48b\OdTl.asm(302) : error A2006:undefined symbol : hInstance
D:\rawrxd\history\-11ccb48b\OdTl.asm(303) : error A2006:undefined symbol : hIcon
D:\rawrxd\history\-11ccb48b\OdTl.asm(304) : error A2006:undefined symbol : hCursor
D:\rawrxd\history\-11ccb48b\OdTl.asm(305) : error A2006:undefined symbol : hbrBackground
D:\rawrxd\history\-11ccb48b\OdTl.asm(306) : error A2006:undefined symbol : lpszMenuName
D:\rawrxd\history\-11ccb48b\OdTl.asm(308) : error A2006:undefined symbol : lpszClassName
D:\rawrxd\history\-11ccb48b\OdTl.asm(309) : error A2006:undefined symbol : hIconSm
D:\rawrxd\history\-11ccb48b\OdTl.asm(326) : error A2006:undefined symbol : cbSize
D:\rawrxd\history\-11ccb48b\OdTl.asm(327) : error A2006:undefined symbol : style
D:\rawrxd\history\-11ccb48b\OdTl.asm(329) : error A2006:undefined symbol : lpfnWndProc
D:\rawrxd\history\-11ccb48b\OdTl.asm(330) : error A2006:undefined symbol : cbClsExtra
D:\rawrxd\history\-11ccb48b\OdTl.asm(331) : error A2006:undefined symbol : cbWndExtra
D:\rawrxd\history\-11ccb48b\OdTl.asm(332) : error A2006:undefined symbol : hInstance
D:\rawrxd\history\-11ccb48b\OdTl.asm(333) : error A2006:undefined symbol : hIcon
D:\rawrxd\history\-11ccb48b\OdTl.asm(334) : error A2006:undefined symbol : hCursor
D:\rawrxd\history\-11ccb48b\OdTl.asm(335) : error A2006:undefined symbol : hbrBackground
D:\rawrxd\history\-11ccb48b\OdTl.asm(336) : error A2006:undefined symbol : lpszMenuName
D:\rawrxd\history\-11ccb48b\OdTl.asm(338) : error A2006:undefined symbol : lpszClassName
D:\rawrxd\history\-11ccb48b\OdTl.asm(339) : error A2006:undefined symbol : hIconSm
D:\rawrxd\history\-11ccb48b\OdTl.asm(433) : error A2081:missing operand after unary operator
D:\rawrxd\history\-11ccb48b\OdTl.asm(457) : error A2022:instruction operands must be the same size
D:\rawrxd\history\-11ccb48b\OdTl.asm(500) : error A2081:missing operand after unary operator
D:\rawrxd\history\-11ccb48b\OdTl.asm(526) : error A2022:instruction operands must be the same size
D:\rawrxd\history\-11ccb48b\OdTl.asm(581) : error A2006:undefined symbol : GetTickCount
D:\rawrxd\history\-11ccb48b\OdTl.asm(608) : error A2022:instruction operands must be the same size
D:\rawrxd\history\-11ccb48b\OdTl.asm(643) : error A2006:undefined symbol : GetTickCount
D:\rawrxd\history\-11ccb48b\OdTl.asm(674) : error A2006:undefined symbol : hwnd
D:\rawrxd\history\-11ccb48b\OdTl.asm(676) : error A2006:undefined symbol : szListViewClass
D:\rawrxd\history\-11ccb48b\OdTl.asm(677) : error A2006:undefined symbol : WS_CHILD
D:\rawrxd\history\-11ccb48b\OdTl.asm(684) : error A2006:undefined symbol : hwnd_dataset_list
D:\rawrxd\history\-11ccb48b\OdTl.asm(697) : error A2006:undefined symbol : hwnd
D:\rawrxd\history\-11ccb48b\OdTl.asm(699) : error A2006:undefined symbol : szListViewClass
D:\rawrxd\history\-11ccb48b\OdTl.asm(700) : error A2006:undefined symbol : WS_CHILD
D:\rawrxd\history\-11ccb48b\OdTl.asm(707) : error A2006:undefined symbol : hwnd_model_list
D:\rawrxd\history\-11ccb48b\OdTl.asm(720) : error A2006:undefined symbol : hwnd
D:\rawrxd\history\-11ccb48b\OdTl.asm(722) : error A2006:undefined symbol : szListViewClass
D:\rawrxd\history\-11ccb48b\OdTl.asm(723) : error A2006:undefined symbol : WS_CHILD
D:\rawrxd\history\-11ccb48b\OdTl.asm(730) : error A2006:undefined symbol : hwnd_experiment_list
D:\rawrxd\history\-11ccb48b\OdTl.asm(743) : error A2006:undefined symbol : hwnd
D:\rawrxd\history\-11ccb48b\OdTl.asm(746) : error A2006:undefined symbol : WS_CHILD
D:\rawrxd\history\-11ccb48b\OdTl.asm(753) : error A2006:undefined symbol : hwnd_metrics_chart
D:\rawrxd\history\-11ccb48b\OdTl.asm(766) : error A2006:undefined symbol : hwnd
D:\rawrxd\history\-11ccb48b\OdTl.asm(769) : error A2006:undefined symbol : WS_CHILD
D:\rawrxd\history\-11ccb48b\OdTl.asm(776) : error A2006:undefined symbol : hwnd_resource_chart
D:\rawrxd\history\-11ccb48b\OdTl.asm(789) : error A2006:undefined symbol : hwnd
D:\rawrxd\history\-11ccb48b\OdTl.asm(791) : error A2006:undefined symbol : szListViewClass
D:\rawrxd\history\-11ccb48b\OdTl.asm(792) : error A2006:undefined symbol : WS_CHILD
D:\rawrxd\history\-11ccb48b\OdTl.asm(799) : error A2006:undefined symbol : hwnd_hyperparam_grid
D:\rawrxd\history\-11ccb48b\OdTl.asm(945) : error A2006:undefined symbol : WM_CREATE
D:\rawrxd\history\-11ccb48b\OdTl.asm(947) : error A2006:undefined symbol : WM_COMMAND
D:\rawrxd\history\-11ccb48b\OdTl.asm(949) : error A2006:undefined symbol : WM_DESTROY
D:\rawrxd\history\-11ccb48b\OdTl.asm(952) : error A2006:undefined symbol : DefWindowProcA
D:\rawrxd\history\-11ccb48b\OdTl.asm(956) : error A2006:undefined symbol : hwnd
D:\rawrxd\history\-11ccb48b\OdTl.asm(985) : error A2006:undefined symbol : WM_PAINT
D:\rawrxd\history\-11ccb48b\OdTl.asm(988) : error A2006:undefined symbol : DefWindowProcA
D:\rawrxd\history\-11ccb48b\OdTl.asm(1006) : error A2006:undefined symbol : WM_PAINT
D:\rawrxd\history\-11ccb48b\OdTl.asm(1009) : error A2006:undefined symbol : DefWindowProcA
