 Assembling: D:\rawrxd\reconstructed\lazy init ide\test\omega.asm
D:\rawrxd\reconstructed\lazy init ide\test\omega.asm(2) : error A2008:syntax error : .
D:\rawrxd\reconstructed\lazy init ide\test\omega.asm(3) : error A2008:syntax error : .

***********
ASCII build
***********

C:\masm32\include\windows.inc(9750) : error A2008:syntax error : dword
C:\masm32\include\windows.inc(10183) : error A2008:syntax error : frame
C:\masm32\include\windows.inc(16333) : error A2008:syntax error : dword
C:\masm32\include\windows.inc(18862) : error A2008:syntax error : Frame
C:\masm32\include\windows.inc(24749) : error A2042:statement too complex
C:\masm32\include\winextra.inc(11052) : error A2026:constant expected
C:\masm32\include\winextra.inc(11053) : error A2026:constant expected
D:\rawrxd\reconstructed\lazy init ide\test\omega.asm(36) : error A2008:syntax error : invoke
D:\rawrxd\reconstructed\lazy init ide\test\omega.asm(38) : error A2008:syntax error : invoke
D:\rawrxd\reconstructed\lazy init ide\test\omega.asm(44) : error A2008:syntax error : invoke
D:\rawrxd\reconstructed\lazy init ide\test\omega.asm(56) : error A2008:syntax error : invoke
D:\rawrxd\reconstructed\lazy init ide\test\omega.asm(84) : error A2008:syntax error : invoke
D:\rawrxd\reconstructed\lazy init ide\test\omega.asm(85) : error A2008:syntax error : invoke
D:\rawrxd\reconstructed\lazy init ide\test\omega.asm(94) : error A2008:syntax error : invoke
D:\rawrxd\reconstructed\lazy init ide\test\omega.asm(101) : error A2008:syntax error : invoke
D:\rawrxd\reconstructed\lazy init ide\test\omega.asm(103) : error A2008:syntax error : invoke
D:\rawrxd\reconstructed\lazy init ide\test\omega.asm(106) : error A2008:syntax error : invoke
D:\rawrxd\reconstructed\lazy init ide\test\omega.asm(109) : error A2008:syntax error : main
D:\rawrxd\reconstructed\lazy init ide\test\omega.asm(109) : error A2088:END directive required at end of file
D:\rawrxd\reconstructed\lazy init ide\test\omega.asm(40) : warning A6004:procedure argument or local not referenced : pMsg
D:\rawrxd\reconstructed\lazy init ide\test\omega.asm(40) : warning A6004:procedure argument or local not referenced : dwWritten
D:\rawrxd\reconstructed\lazy init ide\test\omega.asm(79) : warning A6004:procedure argument or local not referenced : dwRead
