 Assembling: D:\rawrxd\itsmehrawrxd-master\out.asm
D:\rawrxd\itsmehrawrxd-master\out.asm(1) : error A2008:syntax error : section
D:\rawrxd\itsmehrawrxd-master\out.asm(2) : error A2008:syntax error : global
D:\rawrxd\itsmehrawrxd-master\out.asm(3) : error A2008:syntax error : in directive
D:\rawrxd\itsmehrawrxd-master\out.asm(4) : error A2034:must be in segment block
D:\rawrxd\itsmehrawrxd-master\out.asm(5) : error A2034:must be in segment block
D:\rawrxd\itsmehrawrxd-master\out.asm(6) : error A2034:must be in segment block
D:\rawrxd\itsmehrawrxd-master\out.asm(7) : error A2034:must be in segment block
D:\rawrxd\itsmehrawrxd-master\out.asm(8) : error A2034:must be in segment block
D:\rawrxd\itsmehrawrxd-master\out.asm(9) : error A2034:must be in segment block
D:\rawrxd\itsmehrawrxd-master\out.asm(10) : error A2034:must be in segment block
D:\rawrxd\itsmehrawrxd-master\out.asm(11) : error A2034:must be in segment block
D:\rawrxd\itsmehrawrxd-master\out.asm(12) : error A2034:must be in segment block
D:\rawrxd\itsmehrawrxd-master\out.asm(13) : error A2034:must be in segment block
D:\rawrxd\itsmehrawrxd-master\out.asm(14) : error A2034:must be in segment block
D:\rawrxd\itsmehrawrxd-master\out.asm(15) : error A2034:must be in segment block
D:\rawrxd\itsmehrawrxd-master\out.asm(16) : error A2034:must be in segment block
D:\rawrxd\itsmehrawrxd-master\out.asm(17) : error A2034:must be in segment block
D:\rawrxd\itsmehrawrxd-master\out.asm(18) : error A2034:must be in segment block
D:\rawrxd\itsmehrawrxd-master\out.asm(19) : error A2034:must be in segment block
D:\rawrxd\itsmehrawrxd-master\out.asm(20) : error A2034:must be in segment block
D:\rawrxd\itsmehrawrxd-master\out.asm(21) : error A2008:syntax error : section
D:\rawrxd\itsmehrawrxd-master\out.asm(22) : error A2034:must be in segment block
D:\rawrxd\itsmehrawrxd-master\out.asm(22) : error A2088:END directive required at end of file
