 Assembling: D:\rawrxd\pifabric_quant_policy.asm
D:\rawrxd\pifabric_quant_policy.asm(2) : error A2008:syntax error : .
D:\rawrxd\pifabric_quant_policy.asm(3) : error A2008:syntax error : .
D:\rawrxd\pifabric_quant_policy.asm(10) : error A2034:must be in segment block : PiFabric_SelectQuantLevel
D:\rawrxd\pifabric_quant_policy.asm(11) : error A2034:must be in segment block
D:\rawrxd\pifabric_quant_policy.asm(12) : error A2034:must be in segment block
D:\rawrxd\pifabric_quant_policy.asm(13) : error A2034:must be in segment block
D:\rawrxd\pifabric_quant_policy.asm(14) : error A2034:must be in segment block
D:\rawrxd\pifabric_quant_policy.asm(15) : error A2034:must be in segment block
D:\rawrxd\pifabric_quant_policy.asm(16) : error A2034:must be in segment block
D:\rawrxd\pifabric_quant_policy.asm(17) : error A2034:must be in segment block
D:\rawrxd\pifabric_quant_policy.asm(18) : error A2034:must be in segment block
D:\rawrxd\pifabric_quant_policy.asm(19) : error A2034:must be in segment block
D:\rawrxd\pifabric_quant_policy.asm(20) : error A2034:must be in segment block
D:\rawrxd\pifabric_quant_policy.asm(21) : error A2034:must be in segment block
D:\rawrxd\pifabric_quant_policy.asm(22) : error A2034:must be in segment block
D:\rawrxd\pifabric_quant_policy.asm(23) : error A2034:must be in segment block
D:\rawrxd\pifabric_quant_policy.asm(24) : error A2034:must be in segment block
D:\rawrxd\pifabric_quant_policy.asm(25) : error A2034:must be in segment block
D:\rawrxd\pifabric_quant_policy.asm(26) : fatal error A1010:unmatched block nesting : PiFabric_SelectQuantLevel
