 Assembling: D:\rawrxd\reconstructed\Users\HiH8e\OneDrive\Desktop\RawrXD-production-lazy-init\masm\ide\src\pifabric\quant\policy.asm
D:\rawrxd\reconstructed\Users\HiH8e\OneDrive\Desktop\RawrXD-production-lazy-init\masm\ide\src\pifabric\quant\policy.asm(2) : error A2008:syntax error : .
D:\rawrxd\reconstructed\Users\HiH8e\OneDrive\Desktop\RawrXD-production-lazy-init\masm\ide\src\pifabric\quant\policy.asm(3) : error A2008:syntax error : .
D:\rawrxd\reconstructed\Users\HiH8e\OneDrive\Desktop\RawrXD-production-lazy-init\masm\ide\src\pifabric\quant\policy.asm(17) : error A2034:must be in segment block : PiFabric_SelectQuantLevel
D:\rawrxd\reconstructed\Users\HiH8e\OneDrive\Desktop\RawrXD-production-lazy-init\masm\ide\src\pifabric\quant\policy.asm(18) : error A2034:must be in segment block
D:\rawrxd\reconstructed\Users\HiH8e\OneDrive\Desktop\RawrXD-production-lazy-init\masm\ide\src\pifabric\quant\policy.asm(19) : error A2034:must be in segment block
D:\rawrxd\reconstructed\Users\HiH8e\OneDrive\Desktop\RawrXD-production-lazy-init\masm\ide\src\pifabric\quant\policy.asm(20) : error A2034:must be in segment block
D:\rawrxd\reconstructed\Users\HiH8e\OneDrive\Desktop\RawrXD-production-lazy-init\masm\ide\src\pifabric\quant\policy.asm(21) : error A2034:must be in segment block
D:\rawrxd\reconstructed\Users\HiH8e\OneDrive\Desktop\RawrXD-production-lazy-init\masm\ide\src\pifabric\quant\policy.asm(22) : error A2034:must be in segment block
D:\rawrxd\reconstructed\Users\HiH8e\OneDrive\Desktop\RawrXD-production-lazy-init\masm\ide\src\pifabric\quant\policy.asm(23) : error A2034:must be in segment block
D:\rawrxd\reconstructed\Users\HiH8e\OneDrive\Desktop\RawrXD-production-lazy-init\masm\ide\src\pifabric\quant\policy.asm(24) : error A2034:must be in segment block
D:\rawrxd\reconstructed\Users\HiH8e\OneDrive\Desktop\RawrXD-production-lazy-init\masm\ide\src\pifabric\quant\policy.asm(25) : error A2034:must be in segment block
D:\rawrxd\reconstructed\Users\HiH8e\OneDrive\Desktop\RawrXD-production-lazy-init\masm\ide\src\pifabric\quant\policy.asm(26) : error A2034:must be in segment block
D:\rawrxd\reconstructed\Users\HiH8e\OneDrive\Desktop\RawrXD-production-lazy-init\masm\ide\src\pifabric\quant\policy.asm(27) : error A2034:must be in segment block
D:\rawrxd\reconstructed\Users\HiH8e\OneDrive\Desktop\RawrXD-production-lazy-init\masm\ide\src\pifabric\quant\policy.asm(28) : error A2034:must be in segment block
D:\rawrxd\reconstructed\Users\HiH8e\OneDrive\Desktop\RawrXD-production-lazy-init\masm\ide\src\pifabric\quant\policy.asm(29) : error A2034:must be in segment block
D:\rawrxd\reconstructed\Users\HiH8e\OneDrive\Desktop\RawrXD-production-lazy-init\masm\ide\src\pifabric\quant\policy.asm(30) : error A2034:must be in segment block
D:\rawrxd\reconstructed\Users\HiH8e\OneDrive\Desktop\RawrXD-production-lazy-init\masm\ide\src\pifabric\quant\policy.asm(31) : error A2034:must be in segment block
D:\rawrxd\reconstructed\Users\HiH8e\OneDrive\Desktop\RawrXD-production-lazy-init\masm\ide\src\pifabric\quant\policy.asm(32) : error A2034:must be in segment block
D:\rawrxd\reconstructed\Users\HiH8e\OneDrive\Desktop\RawrXD-production-lazy-init\masm\ide\src\pifabric\quant\policy.asm(33) : fatal error A1010:unmatched block nesting : PiFabric_SelectQuantLevel
