 Assembling: D:\rawrxd\OrganizedPiProject\misc\Desktop\secure-ide-asm\project_templates.asm
D:\rawrxd\OrganizedPiProject\misc\Desktop\secure-ide-asm\project_templates.asm(4) : error A2008:syntax error : BITS
D:\rawrxd\OrganizedPiProject\misc\Desktop\secure-ide-asm\project_templates.asm(5) : error A2008:syntax error : DEFAULT
D:\rawrxd\OrganizedPiProject\misc\Desktop\secure-ide-asm\project_templates.asm(7) : error A2008:syntax error : section
D:\rawrxd\OrganizedPiProject\misc\Desktop\secure-ide-asm\project_templates.asm(9) : error A2034:must be in segment block
D:\rawrxd\OrganizedPiProject\misc\Desktop\secure-ide-asm\project_templates.asm(10) : error A2034:must be in segment block
D:\rawrxd\OrganizedPiProject\misc\Desktop\secure-ide-asm\project_templates.asm(11) : error A2034:must be in segment block
D:\rawrxd\OrganizedPiProject\misc\Desktop\secure-ide-asm\project_templates.asm(12) : error A2034:must be in segment block
D:\rawrxd\OrganizedPiProject\misc\Desktop\secure-ide-asm\project_templates.asm(13) : error A2034:must be in segment block
D:\rawrxd\OrganizedPiProject\misc\Desktop\secure-ide-asm\project_templates.asm(14) : error A2034:must be in segment block
D:\rawrxd\OrganizedPiProject\misc\Desktop\secure-ide-asm\project_templates.asm(15) : error A2034:must be in segment block
D:\rawrxd\OrganizedPiProject\misc\Desktop\secure-ide-asm\project_templates.asm(16) : error A2034:must be in segment block
D:\rawrxd\OrganizedPiProject\misc\Desktop\secure-ide-asm\project_templates.asm(17) : error A2034:must be in segment block
D:\rawrxd\OrganizedPiProject\misc\Desktop\secure-ide-asm\project_templates.asm(18) : error A2034:must be in segment block
D:\rawrxd\OrganizedPiProject\misc\Desktop\secure-ide-asm\project_templates.asm(19) : error A2034:must be in segment block
D:\rawrxd\OrganizedPiProject\misc\Desktop\secure-ide-asm\project_templates.asm(20) : error A2034:must be in segment block
D:\rawrxd\OrganizedPiProject\misc\Desktop\secure-ide-asm\project_templates.asm(21) : error A2034:must be in segment block
D:\rawrxd\OrganizedPiProject\misc\Desktop\secure-ide-asm\project_templates.asm(22) : error A2034:must be in segment block
D:\rawrxd\OrganizedPiProject\misc\Desktop\secure-ide-asm\project_templates.asm(23) : error A2034:must be in segment block
D:\rawrxd\OrganizedPiProject\misc\Desktop\secure-ide-asm\project_templates.asm(24) : error A2034:must be in segment block
D:\rawrxd\OrganizedPiProject\misc\Desktop\secure-ide-asm\project_templates.asm(25) : error A2034:must be in segment block
D:\rawrxd\OrganizedPiProject\misc\Desktop\secure-ide-asm\project_templates.asm(26) : error A2034:must be in segment block
D:\rawrxd\OrganizedPiProject\misc\Desktop\secure-ide-asm\project_templates.asm(27) : error A2034:must be in segment block
D:\rawrxd\OrganizedPiProject\misc\Desktop\secure-ide-asm\project_templates.asm(28) : error A2034:must be in segment block
D:\rawrxd\OrganizedPiProject\misc\Desktop\secure-ide-asm\project_templates.asm(31) : error A2034:must be in segment block
D:\rawrxd\OrganizedPiProject\misc\Desktop\secure-ide-asm\project_templates.asm(32) : error A2034:must be in segment block
D:\rawrxd\OrganizedPiProject\misc\Desktop\secure-ide-asm\project_templates.asm(33) : error A2034:must be in segment block
D:\rawrxd\OrganizedPiProject\misc\Desktop\secure-ide-asm\project_templates.asm(34) : error A2034:must be in segment block
D:\rawrxd\OrganizedPiProject\misc\Desktop\secure-ide-asm\project_templates.asm(35) : error A2034:must be in segment block
D:\rawrxd\OrganizedPiProject\misc\Desktop\secure-ide-asm\project_templates.asm(36) : error A2034:must be in segment block
D:\rawrxd\OrganizedPiProject\misc\Desktop\secure-ide-asm\project_templates.asm(37) : error A2034:must be in segment block
D:\rawrxd\OrganizedPiProject\misc\Desktop\secure-ide-asm\project_templates.asm(38) : error A2034:must be in segment block
D:\rawrxd\OrganizedPiProject\misc\Desktop\secure-ide-asm\project_templates.asm(39) : error A2034:must be in segment block
D:\rawrxd\OrganizedPiProject\misc\Desktop\secure-ide-asm\project_templates.asm(40) : error A2034:must be in segment block
D:\rawrxd\OrganizedPiProject\misc\Desktop\secure-ide-asm\project_templates.asm(41) : error A2034:must be in segment block
D:\rawrxd\OrganizedPiProject\misc\Desktop\secure-ide-asm\project_templates.asm(42) : error A2034:must be in segment block
D:\rawrxd\OrganizedPiProject\misc\Desktop\secure-ide-asm\project_templates.asm(43) : error A2034:must be in segment block
D:\rawrxd\OrganizedPiProject\misc\Desktop\secure-ide-asm\project_templates.asm(44) : error A2034:must be in segment block
D:\rawrxd\OrganizedPiProject\misc\Desktop\secure-ide-asm\project_templates.asm(45) : error A2034:must be in segment block
D:\rawrxd\OrganizedPiProject\misc\Desktop\secure-ide-asm\project_templates.asm(46) : error A2034:must be in segment block
D:\rawrxd\OrganizedPiProject\misc\Desktop\secure-ide-asm\project_templates.asm(49) : error A2034:must be in segment block
D:\rawrxd\OrganizedPiProject\misc\Desktop\secure-ide-asm\project_templates.asm(50) : error A2034:must be in segment block
D:\rawrxd\OrganizedPiProject\misc\Desktop\secure-ide-asm\project_templates.asm(51) : error A2034:must be in segment block
D:\rawrxd\OrganizedPiProject\misc\Desktop\secure-ide-asm\project_templates.asm(52) : error A2034:must be in segment block
D:\rawrxd\OrganizedPiProject\misc\Desktop\secure-ide-asm\project_templates.asm(53) : error A2034:must be in segment block
D:\rawrxd\OrganizedPiProject\misc\Desktop\secure-ide-asm\project_templates.asm(54) : error A2034:must be in segment block
D:\rawrxd\OrganizedPiProject\misc\Desktop\secure-ide-asm\project_templates.asm(55) : error A2034:must be in segment block
D:\rawrxd\OrganizedPiProject\misc\Desktop\secure-ide-asm\project_templates.asm(56) : error A2034:must be in segment block
D:\rawrxd\OrganizedPiProject\misc\Desktop\secure-ide-asm\project_templates.asm(57) : error A2034:must be in segment block
D:\rawrxd\OrganizedPiProject\misc\Desktop\secure-ide-asm\project_templates.asm(58) : error A2034:must be in segment block
D:\rawrxd\OrganizedPiProject\misc\Desktop\secure-ide-asm\project_templates.asm(59) : error A2034:must be in segment block
D:\rawrxd\OrganizedPiProject\misc\Desktop\secure-ide-asm\project_templates.asm(60) : error A2034:must be in segment block
D:\rawrxd\OrganizedPiProject\misc\Desktop\secure-ide-asm\project_templates.asm(61) : error A2034:must be in segment block
D:\rawrxd\OrganizedPiProject\misc\Desktop\secure-ide-asm\project_templates.asm(62) : error A2034:must be in segment block
D:\rawrxd\OrganizedPiProject\misc\Desktop\secure-ide-asm\project_templates.asm(63) : error A2034:must be in segment block
D:\rawrxd\OrganizedPiProject\misc\Desktop\secure-ide-asm\project_templates.asm(64) : error A2034:must be in segment block
D:\rawrxd\OrganizedPiProject\misc\Desktop\secure-ide-asm\project_templates.asm(65) : error A2034:must be in segment block
D:\rawrxd\OrganizedPiProject\misc\Desktop\secure-ide-asm\project_templates.asm(66) : error A2034:must be in segment block
D:\rawrxd\OrganizedPiProject\misc\Desktop\secure-ide-asm\project_templates.asm(67) : error A2034:must be in segment block
D:\rawrxd\OrganizedPiProject\misc\Desktop\secure-ide-asm\project_templates.asm(68) : error A2034:must be in segment block
D:\rawrxd\OrganizedPiProject\misc\Desktop\secure-ide-asm\project_templates.asm(69) : error A2034:must be in segment block
D:\rawrxd\OrganizedPiProject\misc\Desktop\secure-ide-asm\project_templates.asm(72) : error A2034:must be in segment block
D:\rawrxd\OrganizedPiProject\misc\Desktop\secure-ide-asm\project_templates.asm(73) : error A2034:must be in segment block
D:\rawrxd\OrganizedPiProject\misc\Desktop\secure-ide-asm\project_templates.asm(74) : error A2034:must be in segment block
D:\rawrxd\OrganizedPiProject\misc\Desktop\secure-ide-asm\project_templates.asm(75) : error A2034:must be in segment block
D:\rawrxd\OrganizedPiProject\misc\Desktop\secure-ide-asm\project_templates.asm(76) : error A2034:must be in segment block
D:\rawrxd\OrganizedPiProject\misc\Desktop\secure-ide-asm\project_templates.asm(77) : error A2034:must be in segment block
D:\rawrxd\OrganizedPiProject\misc\Desktop\secure-ide-asm\project_templates.asm(78) : error A2034:must be in segment block
D:\rawrxd\OrganizedPiProject\misc\Desktop\secure-ide-asm\project_templates.asm(79) : error A2034:must be in segment block
D:\rawrxd\OrganizedPiProject\misc\Desktop\secure-ide-asm\project_templates.asm(80) : error A2034:must be in segment block
D:\rawrxd\OrganizedPiProject\misc\Desktop\secure-ide-asm\project_templates.asm(81) : error A2034:must be in segment block
D:\rawrxd\OrganizedPiProject\misc\Desktop\secure-ide-asm\project_templates.asm(82) : error A2034:must be in segment block
D:\rawrxd\OrganizedPiProject\misc\Desktop\secure-ide-asm\project_templates.asm(83) : error A2034:must be in segment block
D:\rawrxd\OrganizedPiProject\misc\Desktop\secure-ide-asm\project_templates.asm(84) : error A2034:must be in segment block
D:\rawrxd\OrganizedPiProject\misc\Desktop\secure-ide-asm\project_templates.asm(85) : error A2034:must be in segment block
D:\rawrxd\OrganizedPiProject\misc\Desktop\secure-ide-asm\project_templates.asm(86) : error A2034:must be in segment block
D:\rawrxd\OrganizedPiProject\misc\Desktop\secure-ide-asm\project_templates.asm(87) : error A2034:must be in segment block
D:\rawrxd\OrganizedPiProject\misc\Desktop\secure-ide-asm\project_templates.asm(88) : error A2034:must be in segment block
D:\rawrxd\OrganizedPiProject\misc\Desktop\secure-ide-asm\project_templates.asm(89) : error A2034:must be in segment block
D:\rawrxd\OrganizedPiProject\misc\Desktop\secure-ide-asm\project_templates.asm(90) : error A2034:must be in segment block
D:\rawrxd\OrganizedPiProject\misc\Desktop\secure-ide-asm\project_templates.asm(91) : error A2034:must be in segment block
D:\rawrxd\OrganizedPiProject\misc\Desktop\secure-ide-asm\project_templates.asm(92) : error A2034:must be in segment block
D:\rawrxd\OrganizedPiProject\misc\Desktop\secure-ide-asm\project_templates.asm(93) : error A2034:must be in segment block
D:\rawrxd\OrganizedPiProject\misc\Desktop\secure-ide-asm\project_templates.asm(94) : error A2034:must be in segment block
D:\rawrxd\OrganizedPiProject\misc\Desktop\secure-ide-asm\project_templates.asm(95) : error A2034:must be in segment block
D:\rawrxd\OrganizedPiProject\misc\Desktop\secure-ide-asm\project_templates.asm(96) : error A2034:must be in segment block
D:\rawrxd\OrganizedPiProject\misc\Desktop\secure-ide-asm\project_templates.asm(97) : error A2034:must be in segment block
D:\rawrxd\OrganizedPiProject\misc\Desktop\secure-ide-asm\project_templates.asm(98) : error A2034:must be in segment block
D:\rawrxd\OrganizedPiProject\misc\Desktop\secure-ide-asm\project_templates.asm(99) : error A2034:must be in segment block
D:\rawrxd\OrganizedPiProject\misc\Desktop\secure-ide-asm\project_templates.asm(100) : error A2034:must be in segment block
D:\rawrxd\OrganizedPiProject\misc\Desktop\secure-ide-asm\project_templates.asm(103) : error A2034:must be in segment block
D:\rawrxd\OrganizedPiProject\misc\Desktop\secure-ide-asm\project_templates.asm(104) : error A2034:must be in segment block
D:\rawrxd\OrganizedPiProject\misc\Desktop\secure-ide-asm\project_templates.asm(105) : error A2034:must be in segment block
D:\rawrxd\OrganizedPiProject\misc\Desktop\secure-ide-asm\project_templates.asm(106) : error A2034:must be in segment block
D:\rawrxd\OrganizedPiProject\misc\Desktop\secure-ide-asm\project_templates.asm(107) : error A2034:must be in segment block
D:\rawrxd\OrganizedPiProject\misc\Desktop\secure-ide-asm\project_templates.asm(108) : error A2034:must be in segment block
D:\rawrxd\OrganizedPiProject\misc\Desktop\secure-ide-asm\project_templates.asm(109) : error A2034:must be in segment block
D:\rawrxd\OrganizedPiProject\misc\Desktop\secure-ide-asm\project_templates.asm(110) : error A2034:must be in segment block
D:\rawrxd\OrganizedPiProject\misc\Desktop\secure-ide-asm\project_templates.asm(111) : error A2034:must be in segment block
D:\rawrxd\OrganizedPiProject\misc\Desktop\secure-ide-asm\project_templates.asm(112) : error A2034:must be in segment block
D:\rawrxd\OrganizedPiProject\misc\Desktop\secure-ide-asm\project_templates.asm(113) : error A2034:must be in segment block
D:\rawrxd\OrganizedPiProject\misc\Desktop\secure-ide-asm\project_templates.asm(114) : fatal error A1012:error count exceeds 100; stopping assembly
