 Assembling: D:\rawrxd\history\-1bd1bafa\q19x.asm
D:\rawrxd\history\-1bd1bafa\q19x.asm(2783) : error A2070:invalid instruction operands
D:\rawrxd\history\-1bd1bafa\q19x.asm(4088) : error A2109:only white space or comment can follow backslash
D:\rawrxd\history\-1bd1bafa\q19x.asm(4090) : error A2046:missing single or double quotation mark in string
D:\rawrxd\history\-1bd1bafa\q19x.asm(4093) : error A2109:only white space or comment can follow backslash
D:\rawrxd\history\-1bd1bafa\q19x.asm(4095) : error A2109:only white space or comment can follow backslash
D:\rawrxd\history\-1bd1bafa\q19x.asm(4097) : error A2109:only white space or comment can follow backslash
D:\rawrxd\history\-1bd1bafa\q19x.asm(4099) : error A2109:only white space or comment can follow backslash
D:\rawrxd\history\-1bd1bafa\q19x.asm(4101) : error A2109:only white space or comment can follow backslash
D:\rawrxd\history\-1bd1bafa\q19x.asm(4103) : error A2109:only white space or comment can follow backslash
D:\rawrxd\history\-1bd1bafa\q19x.asm(4105) : error A2109:only white space or comment can follow backslash
D:\rawrxd\history\-1bd1bafa\q19x.asm(1102) : error A2006:undefined symbol : GENERIC_WRITE
D:\rawrxd\history\-1bd1bafa\q19x.asm(1105) : error A2006:undefined symbol : CREATE_ALWAYS
D:\rawrxd\history\-1bd1bafa\q19x.asm(1106) : error A2006:undefined symbol : FILE_ATTRIBUTE_NORMAL
D:\rawrxd\history\-1bd1bafa\q19x.asm(1108) : error A2006:undefined symbol : CreateFileA
D:\rawrxd\history\-1bd1bafa\q19x.asm(1110) : error A2006:undefined symbol : INVALID_HANDLE_VALUE
D:\rawrxd\history\-1bd1bafa\q19x.asm(1120) : error A2006:undefined symbol : WriteFile
D:\rawrxd\history\-1bd1bafa\q19x.asm(1133) : error A2006:undefined symbol : WriteFile
D:\rawrxd\history\-1bd1bafa\q19x.asm(1140) : error A2006:undefined symbol : CloseHandle
D:\rawrxd\history\-1bd1bafa\q19x.asm(1187) : error A2006:undefined symbol : GENERIC_READ
D:\rawrxd\history\-1bd1bafa\q19x.asm(1190) : error A2006:undefined symbol : OPEN_EXISTING
D:\rawrxd\history\-1bd1bafa\q19x.asm(1193) : error A2006:undefined symbol : CreateFileA
D:\rawrxd\history\-1bd1bafa\q19x.asm(1195) : error A2006:undefined symbol : INVALID_HANDLE_VALUE
D:\rawrxd\history\-1bd1bafa\q19x.asm(1205) : error A2006:undefined symbol : ReadFile
D:\rawrxd\history\-1bd1bafa\q19x.asm(1218) : error A2006:undefined symbol : ReadFile
D:\rawrxd\history\-1bd1bafa\q19x.asm(1225) : error A2006:undefined symbol : CloseHandle
D:\rawrxd\history\-1bd1bafa\q19x.asm(1482) : error A2022:instruction operands must be the same size
D:\rawrxd\history\-1bd1bafa\q19x.asm(1530) : error A2006:undefined symbol : szBgColorKey
D:\rawrxd\history\-1bd1bafa\q19x.asm(1539) : error A2006:undefined symbol : bg_color
D:\rawrxd\history\-1bd1bafa\q19x.asm(1543) : error A2006:undefined symbol : szFgColorKey
D:\rawrxd\history\-1bd1bafa\q19x.asm(1552) : error A2006:undefined symbol : fg_color
D:\rawrxd\history\-1bd1bafa\q19x.asm(1556) : error A2006:undefined symbol : szFontSizeKey
D:\rawrxd\history\-1bd1bafa\q19x.asm(1569) : error A2006:undefined symbol : szOpacityKey
D:\rawrxd\history\-1bd1bafa\q19x.asm(1578) : error A2006:undefined symbol : opacity
D:\rawrxd\history\-1bd1bafa\q19x.asm(1594) : error A2006:undefined symbol : style_component_not_found
D:\rawrxd\history\-1bd1bafa\q19x.asm(1619) : error A2006:undefined symbol : bg_color
D:\rawrxd\history\-1bd1bafa\q19x.asm(1620) : error A2006:undefined symbol : bg_color
D:\rawrxd\history\-1bd1bafa\q19x.asm(1623) : error A2006:undefined symbol : fg_color
D:\rawrxd\history\-1bd1bafa\q19x.asm(1624) : error A2006:undefined symbol : fg_color
D:\rawrxd\history\-1bd1bafa\q19x.asm(1628) : error A2006:undefined symbol : border_color
D:\rawrxd\history\-1bd1bafa\q19x.asm(1632) : error A2006:undefined symbol : border_width
D:\rawrxd\history\-1bd1bafa\q19x.asm(1635) : error A2006:undefined symbol : corner_radius
D:\rawrxd\history\-1bd1bafa\q19x.asm(1636) : error A2006:undefined symbol : corner_radius
D:\rawrxd\history\-1bd1bafa\q19x.asm(1640) : error A2006:undefined symbol : font_size
D:\rawrxd\history\-1bd1bafa\q19x.asm(1644) : error A2006:undefined symbol : font_weight
D:\rawrxd\history\-1bd1bafa\q19x.asm(1657) : error A2006:undefined symbol : margin_left
D:\rawrxd\history\-1bd1bafa\q19x.asm(1659) : error A2006:undefined symbol : margin_top
D:\rawrxd\history\-1bd1bafa\q19x.asm(1661) : error A2006:undefined symbol : margin_right
D:\rawrxd\history\-1bd1bafa\q19x.asm(1663) : error A2006:undefined symbol : margin_bottom
D:\rawrxd\history\-1bd1bafa\q19x.asm(1667) : error A2006:undefined symbol : opacity
D:\rawrxd\history\-1bd1bafa\q19x.asm(1672) : error A2006:undefined symbol : shadow_blur
D:\rawrxd\history\-1bd1bafa\q19x.asm(1674) : error A2006:undefined symbol : shadow_offset_x
D:\rawrxd\history\-1bd1bafa\q19x.asm(1676) : error A2006:undefined symbol : shadow_offset_y
D:\rawrxd\history\-1bd1bafa\q19x.asm(1678) : error A2006:undefined symbol : shadow_color
D:\rawrxd\history\-1bd1bafa\q19x.asm(1681) : error A2006:undefined symbol : visible
D:\rawrxd\history\-1bd1bafa\q19x.asm(1682) : error A2006:undefined symbol : visible
D:\rawrxd\history\-1bd1bafa\q19x.asm(1685) : error A2006:undefined symbol : enabled
D:\rawrxd\history\-1bd1bafa\q19x.asm(1686) : error A2006:undefined symbol : enabled
D:\rawrxd\history\-1bd1bafa\q19x.asm(1725) : error A2081:missing operand after unary operator
D:\rawrxd\history\-1bd1bafa\q19x.asm(1726) : error A2006:undefined symbol : height
D:\rawrxd\history\-1bd1bafa\q19x.asm(1728) : error A2006:undefined symbol : SWP_NOZORDER
D:\rawrxd\history\-1bd1bafa\q19x.asm(1733) : error A2006:undefined symbol : visible
D:\rawrxd\history\-1bd1bafa\q19x.asm(1736) : error A2006:undefined symbol : SW_HIDE
D:\rawrxd\history\-1bd1bafa\q19x.asm(1739) : error A2006:undefined symbol : SW_SHOW
D:\rawrxd\history\-1bd1bafa\q19x.asm(1759) : error A2006:undefined symbol : g_hMainWnd
D:\rawrxd\history\-1bd1bafa\q19x.asm(1765) : error A2006:undefined symbol : g_animation_active
D:\rawrxd\history\-1bd1bafa\q19x.asm(1950) : error A2081:missing operand after unary operator
D:\rawrxd\history\-1bd1bafa\q19x.asm(1962) : error A2006:undefined symbol : height
D:\rawrxd\history\-1bd1bafa\q19x.asm(1975) : error A2006:undefined symbol : visible
D:\rawrxd\history\-1bd1bafa\q19x.asm(2246) : error A2006:undefined symbol : szJsonStart
D:\rawrxd\history\-1bd1bafa\q19x.asm(2414) : error A2006:undefined symbol : IID_ID2D1Factory
D:\rawrxd\history\-1bd1bafa\q19x.asm(2421) : error A2006:undefined symbol : IID_IDWriteFactory
D:\rawrxd\history\-1bd1bafa\q19x.asm(2779) : error A2022:instruction operands must be the same size
D:\rawrxd\history\-1bd1bafa\q19x.asm(2952) : error A2006:undefined symbol : rclient
D:\rawrxd\history\-1bd1bafa\q19x.asm(2956) : error A2006:undefined symbol : rclient
D:\rawrxd\history\-1bd1bafa\q19x.asm(2960) : error A2006:undefined symbol : rclient
D:\rawrxd\history\-1bd1bafa\q19x.asm(2964) : error A2006:undefined symbol : rclient
D:\rawrxd\history\-1bd1bafa\q19x.asm(2968) : error A2006:undefined symbol : rclient
D:\rawrxd\history\-1bd1bafa\q19x.asm(2997) : error A2006:undefined symbol : rclient
D:\rawrxd\history\-1bd1bafa\q19x.asm(3001) : error A2006:undefined symbol : rclient
D:\rawrxd\history\-1bd1bafa\q19x.asm(3005) : error A2006:undefined symbol : rclient
D:\rawrxd\history\-1bd1bafa\q19x.asm(3217) : error A2006:undefined symbol : WS_CHILD
D:\rawrxd\history\-1bd1bafa\q19x.asm(4037) : error A2006:undefined symbol : szWKey
D:\rawrxd\history\-1bd1bafa\q19x.asm(4047) : error A2006:undefined symbol : szHKey
D:\rawrxd\history\-1bd1bafa\q19x.asm(4057) : error A2006:undefined symbol : szStyleKey
