 Assembling: D:\rawrxd\history\-1d5b10d8\qcC9.asm
D:\rawrxd\history\-1d5b10d8\qcC9.asm(13) : error A2008:syntax error : bits
D:\rawrxd\history\-1d5b10d8\qcC9.asm(14) : error A2008:syntax error : default
D:\rawrxd\history\-1d5b10d8\qcC9.asm(15) : error A2008:syntax error : section
D:\rawrxd\history\-1d5b10d8\qcC9.asm(17) : error A2034:must be in segment block
D:\rawrxd\history\-1d5b10d8\qcC9.asm(18) : error A2034:must be in segment block
D:\rawrxd\history\-1d5b10d8\qcC9.asm(19) : error A2034:must be in segment block
D:\rawrxd\history\-1d5b10d8\qcC9.asm(132) : error A2034:must be in segment block
D:\rawrxd\history\-1d5b10d8\qcC9.asm(133) : error A2034:must be in segment block
D:\rawrxd\history\-1d5b10d8\qcC9.asm(134) : error A2034:must be in segment block
D:\rawrxd\history\-1d5b10d8\qcC9.asm(135) : error A2034:must be in segment block
D:\rawrxd\history\-1d5b10d8\qcC9.asm(136) : error A2034:must be in segment block
D:\rawrxd\history\-1d5b10d8\qcC9.asm(137) : error A2034:must be in segment block
D:\rawrxd\history\-1d5b10d8\qcC9.asm(138) : error A2034:must be in segment block
D:\rawrxd\history\-1d5b10d8\qcC9.asm(139) : error A2034:must be in segment block
D:\rawrxd\history\-1d5b10d8\qcC9.asm(141) : error A2034:must be in segment block
D:\rawrxd\history\-1d5b10d8\qcC9.asm(142) : error A2034:must be in segment block
D:\rawrxd\history\-1d5b10d8\qcC9.asm(143) : error A2034:must be in segment block
D:\rawrxd\history\-1d5b10d8\qcC9.asm(144) : error A2034:must be in segment block
D:\rawrxd\history\-1d5b10d8\qcC9.asm(145) : error A2034:must be in segment block
D:\rawrxd\history\-1d5b10d8\qcC9.asm(146) : error A2034:must be in segment block
D:\rawrxd\history\-1d5b10d8\qcC9.asm(147) : error A2034:must be in segment block
D:\rawrxd\history\-1d5b10d8\qcC9.asm(148) : error A2034:must be in segment block
D:\rawrxd\history\-1d5b10d8\qcC9.asm(149) : error A2034:must be in segment block
D:\rawrxd\history\-1d5b10d8\qcC9.asm(152) : error A2034:must be in segment block
D:\rawrxd\history\-1d5b10d8\qcC9.asm(153) : error A2034:must be in segment block
D:\rawrxd\history\-1d5b10d8\qcC9.asm(154) : error A2034:must be in segment block
D:\rawrxd\history\-1d5b10d8\qcC9.asm(155) : error A2034:must be in segment block
D:\rawrxd\history\-1d5b10d8\qcC9.asm(156) : error A2034:must be in segment block
D:\rawrxd\history\-1d5b10d8\qcC9.asm(157) : error A2034:must be in segment block
D:\rawrxd\history\-1d5b10d8\qcC9.asm(158) : error A2034:must be in segment block
D:\rawrxd\history\-1d5b10d8\qcC9.asm(159) : error A2034:must be in segment block
D:\rawrxd\history\-1d5b10d8\qcC9.asm(162) : error A2034:must be in segment block
D:\rawrxd\history\-1d5b10d8\qcC9.asm(163) : error A2034:must be in segment block
D:\rawrxd\history\-1d5b10d8\qcC9.asm(164) : error A2034:must be in segment block
D:\rawrxd\history\-1d5b10d8\qcC9.asm(165) : error A2034:must be in segment block
D:\rawrxd\history\-1d5b10d8\qcC9.asm(166) : error A2034:must be in segment block
D:\rawrxd\history\-1d5b10d8\qcC9.asm(169) : error A2034:must be in segment block
D:\rawrxd\history\-1d5b10d8\qcC9.asm(170) : error A2034:must be in segment block
D:\rawrxd\history\-1d5b10d8\qcC9.asm(171) : error A2034:must be in segment block
D:\rawrxd\history\-1d5b10d8\qcC9.asm(172) : error A2034:must be in segment block
D:\rawrxd\history\-1d5b10d8\qcC9.asm(175) : error A2034:must be in segment block
D:\rawrxd\history\-1d5b10d8\qcC9.asm(176) : error A2034:must be in segment block
D:\rawrxd\history\-1d5b10d8\qcC9.asm(177) : error A2034:must be in segment block
D:\rawrxd\history\-1d5b10d8\qcC9.asm(178) : error A2034:must be in segment block
D:\rawrxd\history\-1d5b10d8\qcC9.asm(179) : error A2034:must be in segment block
D:\rawrxd\history\-1d5b10d8\qcC9.asm(180) : error A2034:must be in segment block
D:\rawrxd\history\-1d5b10d8\qcC9.asm(181) : error A2034:must be in segment block
D:\rawrxd\history\-1d5b10d8\qcC9.asm(182) : error A2034:must be in segment block
D:\rawrxd\history\-1d5b10d8\qcC9.asm(183) : error A2034:must be in segment block
D:\rawrxd\history\-1d5b10d8\qcC9.asm(184) : error A2034:must be in segment block
D:\rawrxd\history\-1d5b10d8\qcC9.asm(187) : error A2034:must be in segment block
D:\rawrxd\history\-1d5b10d8\qcC9.asm(188) : error A2034:must be in segment block
D:\rawrxd\history\-1d5b10d8\qcC9.asm(189) : error A2034:must be in segment block
D:\rawrxd\history\-1d5b10d8\qcC9.asm(190) : error A2034:must be in segment block
D:\rawrxd\history\-1d5b10d8\qcC9.asm(191) : error A2034:must be in segment block
D:\rawrxd\history\-1d5b10d8\qcC9.asm(192) : error A2034:must be in segment block
D:\rawrxd\history\-1d5b10d8\qcC9.asm(193) : error A2034:must be in segment block
D:\rawrxd\history\-1d5b10d8\qcC9.asm(194) : error A2034:must be in segment block
D:\rawrxd\history\-1d5b10d8\qcC9.asm(196) : error A2034:must be in segment block
D:\rawrxd\history\-1d5b10d8\qcC9.asm(197) : error A2034:must be in segment block
D:\rawrxd\history\-1d5b10d8\qcC9.asm(198) : error A2034:must be in segment block
D:\rawrxd\history\-1d5b10d8\qcC9.asm(199) : error A2034:must be in segment block
D:\rawrxd\history\-1d5b10d8\qcC9.asm(201) : error A2034:must be in segment block
D:\rawrxd\history\-1d5b10d8\qcC9.asm(202) : error A2034:must be in segment block
D:\rawrxd\history\-1d5b10d8\qcC9.asm(203) : error A2034:must be in segment block
D:\rawrxd\history\-1d5b10d8\qcC9.asm(204) : error A2034:must be in segment block
D:\rawrxd\history\-1d5b10d8\qcC9.asm(205) : error A2034:must be in segment block
D:\rawrxd\history\-1d5b10d8\qcC9.asm(206) : error A2034:must be in segment block
D:\rawrxd\history\-1d5b10d8\qcC9.asm(208) : error A2008:syntax error : section
D:\rawrxd\history\-1d5b10d8\qcC9.asm(210) : error A2008:syntax error : g_input_filename
D:\rawrxd\history\-1d5b10d8\qcC9.asm(211) : error A2008:syntax error : g_output_filename
D:\rawrxd\history\-1d5b10d8\qcC9.asm(212) : error A2008:syntax error : g_current_stage
D:\rawrxd\history\-1d5b10d8\qcC9.asm(213) : error A2008:syntax error : g_error_code
D:\rawrxd\history\-1d5b10d8\qcC9.asm(214) : error A2008:syntax error : g_error_line
D:\rawrxd\history\-1d5b10d8\qcC9.asm(215) : error A2008:syntax error : g_error_column
D:\rawrxd\history\-1d5b10d8\qcC9.asm(218) : error A2008:syntax error : g_source_buffer
D:\rawrxd\history\-1d5b10d8\qcC9.asm(219) : error A2008:syntax error : g_source_size
D:\rawrxd\history\-1d5b10d8\qcC9.asm(220) : error A2008:syntax error : g_source_pos
D:\rawrxd\history\-1d5b10d8\qcC9.asm(221) : error A2008:syntax error : g_current_line
D:\rawrxd\history\-1d5b10d8\qcC9.asm(222) : error A2008:syntax error : g_current_column
D:\rawrxd\history\-1d5b10d8\qcC9.asm(225) : error A2008:syntax error : g_tokens
D:\rawrxd\history\-1d5b10d8\qcC9.asm(226) : error A2008:syntax error : g_token_count
D:\rawrxd\history\-1d5b10d8\qcC9.asm(227) : error A2008:syntax error : g_current_token
D:\rawrxd\history\-1d5b10d8\qcC9.asm(230) : error A2008:syntax error : g_ast_nodes
D:\rawrxd\history\-1d5b10d8\qcC9.asm(231) : error A2008:syntax error : g_ast_node_count
D:\rawrxd\history\-1d5b10d8\qcC9.asm(232) : error A2008:syntax error : g_ast_root
D:\rawrxd\history\-1d5b10d8\qcC9.asm(235) : error A2008:syntax error : g_symbols
D:\rawrxd\history\-1d5b10d8\qcC9.asm(236) : error A2008:syntax error : g_symbol_count
D:\rawrxd\history\-1d5b10d8\qcC9.asm(237) : error A2008:syntax error : g_current_section
D:\rawrxd\history\-1d5b10d8\qcC9.asm(238) : error A2008:syntax error : g_current_offset
D:\rawrxd\history\-1d5b10d8\qcC9.asm(239) : error A2008:syntax error : g_text_size
D:\rawrxd\history\-1d5b10d8\qcC9.asm(240) : error A2008:syntax error : g_data_size
D:\rawrxd\history\-1d5b10d8\qcC9.asm(243) : error A2008:syntax error : g_machine_code
D:\rawrxd\history\-1d5b10d8\qcC9.asm(244) : error A2008:syntax error : g_machine_code_size
D:\rawrxd\history\-1d5b10d8\qcC9.asm(245) : error A2008:syntax error : g_relocation_count
D:\rawrxd\history\-1d5b10d8\qcC9.asm(246) : error A2008:syntax error : g_relocations
D:\rawrxd\history\-1d5b10d8\qcC9.asm(249) : error A2008:syntax error : g_data_buffer
D:\rawrxd\history\-1d5b10d8\qcC9.asm(252) : error A2008:syntax error : g_pe_buffer
D:\rawrxd\history\-1d5b10d8\qcC9.asm(253) : error A2008:syntax error : g_pe_size
D:\rawrxd\history\-1d5b10d8\qcC9.asm(254) : error A2008:syntax error : g_entry_point_rva
D:\rawrxd\history\-1d5b10d8\qcC9.asm(257) : fatal error A1012:error count exceeds 100; stopping assembly
