 Assembling: D:\rawrxd\RawrXD_TextEditorGUI_COMPLETED.asm
D:\rawrxd\RawrXD_TextEditorGUI_COMPLETED.asm(98) : error A2008:syntax error : PUSHNONVOL
D:\rawrxd\RawrXD_TextEditorGUI_COMPLETED.asm(99) : error A2008:syntax error : PUSHNONVOL
D:\rawrxd\RawrXD_TextEditorGUI_COMPLETED.asm(136) : error A2008:syntax error : .
D:\rawrxd\RawrXD_TextEditorGUI_COMPLETED.asm(143) : error A2008:syntax error : .
D:\rawrxd\RawrXD_TextEditorGUI_COMPLETED.asm(152) : error A2008:syntax error : .
D:\rawrxd\RawrXD_TextEditorGUI_COMPLETED.asm(163) : error A2008:syntax error : .
D:\rawrxd\RawrXD_TextEditorGUI_COMPLETED.asm(174) : error A2008:syntax error : .
D:\rawrxd\RawrXD_TextEditorGUI_COMPLETED.asm(188) : error A2008:syntax error : .
D:\rawrxd\RawrXD_TextEditorGUI_COMPLETED.asm(197) : error A2008:syntax error : .
D:\rawrxd\RawrXD_TextEditorGUI_COMPLETED.asm(311) : error A2008:syntax error : .
D:\rawrxd\RawrXD_TextEditorGUI_COMPLETED.asm(428) : error A2008:syntax error : .
D:\rawrxd\RawrXD_TextEditorGUI_COMPLETED.asm(442) : error A2008:syntax error : .
D:\rawrxd\RawrXD_TextEditorGUI_COMPLETED.asm(453) : error A2008:syntax error : .
D:\rawrxd\RawrXD_TextEditorGUI_COMPLETED.asm(465) : error A2008:syntax error : .
D:\rawrxd\RawrXD_TextEditorGUI_COMPLETED.asm(508) : error A2008:syntax error : .
D:\rawrxd\RawrXD_TextEditorGUI_COMPLETED.asm(521) : error A2008:syntax error : .
D:\rawrxd\RawrXD_TextEditorGUI_COMPLETED.asm(537) : error A2008:syntax error : .
D:\rawrxd\RawrXD_TextEditorGUI_COMPLETED.asm(553) : error A2008:syntax error : .
D:\rawrxd\RawrXD_TextEditorGUI_COMPLETED.asm(610) : error A2008:syntax error : .
D:\rawrxd\RawrXD_TextEditorGUI_COMPLETED.asm(613) : error A2008:syntax error : .
D:\rawrxd\RawrXD_TextEditorGUI_COMPLETED.asm(677) : error A2008:syntax error : .
D:\rawrxd\RawrXD_TextEditorGUI_COMPLETED.asm(725) : error A2008:syntax error : .
D:\rawrxd\RawrXD_TextEditorGUI_COMPLETED.asm(730) : error A2008:syntax error : .
D:\rawrxd\RawrXD_TextEditorGUI_COMPLETED.asm(736) : error A2008:syntax error : .
D:\rawrxd\RawrXD_TextEditorGUI_COMPLETED.asm(742) : error A2008:syntax error : .
D:\rawrxd\RawrXD_TextEditorGUI_COMPLETED.asm(748) : error A2008:syntax error : .
D:\rawrxd\RawrXD_TextEditorGUI_COMPLETED.asm(753) : error A2008:syntax error : .
D:\rawrxd\RawrXD_TextEditorGUI_COMPLETED.asm(758) : error A2008:syntax error : .
D:\rawrxd\RawrXD_TextEditorGUI_COMPLETED.asm(765) : error A2008:syntax error : .
D:\rawrxd\RawrXD_TextEditorGUI_COMPLETED.asm(772) : error A2008:syntax error : .
D:\rawrxd\RawrXD_TextEditorGUI_COMPLETED.asm(783) : error A2008:syntax error : .
D:\rawrxd\RawrXD_TextEditorGUI_COMPLETED.asm(788) : error A2008:syntax error : .
D:\rawrxd\RawrXD_TextEditorGUI_COMPLETED.asm(832) : error A2008:syntax error : .
D:\rawrxd\RawrXD_TextEditorGUI_COMPLETED.asm(862) : error A2008:syntax error : .
D:\rawrxd\RawrXD_TextEditorGUI_COMPLETED.asm(933) : error A2008:syntax error : .
D:\rawrxd\RawrXD_TextEditorGUI_COMPLETED.asm(942) : error A2008:syntax error : .
D:\rawrxd\RawrXD_TextEditorGUI_COMPLETED.asm(949) : error A2008:syntax error : .
D:\rawrxd\RawrXD_TextEditorGUI_COMPLETED.asm(958) : error A2008:syntax error : .
D:\rawrxd\RawrXD_TextEditorGUI_COMPLETED.asm(984) : error A2008:syntax error : .
D:\rawrxd\RawrXD_TextEditorGUI_COMPLETED.asm(1002) : error A2008:syntax error : .
D:\rawrxd\RawrXD_TextEditorGUI_COMPLETED.asm(1015) : error A2008:syntax error : .
D:\rawrxd\RawrXD_TextEditorGUI_COMPLETED.asm(1028) : error A2008:syntax error : .
D:\rawrxd\RawrXD_TextEditorGUI_COMPLETED.asm(1042) : error A2008:syntax error : .
D:\rawrxd\RawrXD_TextEditorGUI_COMPLETED.asm(1071) : error A2008:syntax error : .
D:\rawrxd\RawrXD_TextEditorGUI_COMPLETED.asm(1086) : error A2008:syntax error : .
D:\rawrxd\RawrXD_TextEditorGUI_COMPLETED.asm(1119) : error A2008:syntax error : .
D:\rawrxd\RawrXD_TextEditorGUI_COMPLETED.asm(1121) : error A2008:syntax error : le
D:\rawrxd\RawrXD_TextEditorGUI_COMPLETED.asm(1127) : error A2008:syntax error : .
D:\rawrxd\RawrXD_TextEditorGUI_COMPLETED.asm(1133) : error A2008:syntax error : .
D:\rawrxd\RawrXD_TextEditorGUI_COMPLETED.asm(1149) : error A2008:syntax error : .
D:\rawrxd\RawrXD_TextEditorGUI_COMPLETED.asm(1159) : error A2008:syntax error : .
D:\rawrxd\RawrXD_TextEditorGUI_COMPLETED.asm(1164) : error A2008:syntax error : .
D:\rawrxd\RawrXD_TextEditorGUI_COMPLETED.asm(1190) : error A2008:syntax error : .
D:\rawrxd\RawrXD_TextEditorGUI_COMPLETED.asm(1193) : error A2008:syntax error : .
D:\rawrxd\RawrXD_TextEditorGUI_COMPLETED.asm(1206) : error A2008:syntax error : .
D:\rawrxd\RawrXD_TextEditorGUI_COMPLETED.asm(1209) : error A2008:syntax error : .
D:\rawrxd\RawrXD_TextEditorGUI_COMPLETED.asm(1219) : error A2008:syntax error : .
D:\rawrxd\RawrXD_TextEditorGUI_COMPLETED.asm(52) : error A2009:syntax error in expression
D:\rawrxd\RawrXD_TextEditorGUI_COMPLETED.asm(53) : error A2009:syntax error in expression
D:\rawrxd\RawrXD_TextEditorGUI_COMPLETED.asm(54) : error A2206:missing operator in expression
D:\rawrxd\RawrXD_TextEditorGUI_COMPLETED.asm(55) : error A2009:syntax error in expression
D:\rawrxd\RawrXD_TextEditorGUI_COMPLETED.asm(56) : error A2009:syntax error in expression
D:\rawrxd\RawrXD_TextEditorGUI_COMPLETED.asm(57) : error A2009:syntax error in expression
D:\rawrxd\RawrXD_TextEditorGUI_COMPLETED.asm(59) : error A2006:undefined symbol : GetModuleHandleA
D:\rawrxd\RawrXD_TextEditorGUI_COMPLETED.asm(60) : error A2009:syntax error in expression
D:\rawrxd\RawrXD_TextEditorGUI_COMPLETED.asm(63) : error A2006:undefined symbol : LoadIconA
D:\rawrxd\RawrXD_TextEditorGUI_COMPLETED.asm(64) : error A2009:syntax error in expression
D:\rawrxd\RawrXD_TextEditorGUI_COMPLETED.asm(67) : error A2006:undefined symbol : LoadCursorA
D:\rawrxd\RawrXD_TextEditorGUI_COMPLETED.asm(68) : error A2009:syntax error in expression
D:\rawrxd\RawrXD_TextEditorGUI_COMPLETED.asm(71) : error A2006:undefined symbol : GetStockObject
D:\rawrxd\RawrXD_TextEditorGUI_COMPLETED.asm(72) : error A2009:syntax error in expression
D:\rawrxd\RawrXD_TextEditorGUI_COMPLETED.asm(74) : error A2009:syntax error in expression
D:\rawrxd\RawrXD_TextEditorGUI_COMPLETED.asm(77) : error A2009:syntax error in expression
D:\rawrxd\RawrXD_TextEditorGUI_COMPLETED.asm(78) : error A2009:syntax error in expression
D:\rawrxd\RawrXD_TextEditorGUI_COMPLETED.asm(79) : error A2009:syntax error in expression
D:\rawrxd\RawrXD_TextEditorGUI_COMPLETED.asm(80) : error A2009:syntax error in expression
D:\rawrxd\RawrXD_TextEditorGUI_COMPLETED.asm(81) : error A2009:syntax error in expression
D:\rawrxd\RawrXD_TextEditorGUI_COMPLETED.asm(84) : error A2006:undefined symbol : RegisterClassA
D:\rawrxd\RawrXD_TextEditorGUI_COMPLETED.asm(111) : error A2006:undefined symbol : OnCreate
D:\rawrxd\RawrXD_TextEditorGUI_COMPLETED.asm(113) : error A2006:undefined symbol : OnPaint
D:\rawrxd\RawrXD_TextEditorGUI_COMPLETED.asm(115) : error A2006:undefined symbol : OnKeyDown
D:\rawrxd\RawrXD_TextEditorGUI_COMPLETED.asm(117) : error A2006:undefined symbol : OnChar
D:\rawrxd\RawrXD_TextEditorGUI_COMPLETED.asm(119) : error A2006:undefined symbol : OnMouseClick
D:\rawrxd\RawrXD_TextEditorGUI_COMPLETED.asm(121) : error A2006:undefined symbol : OnTimer
D:\rawrxd\RawrXD_TextEditorGUI_COMPLETED.asm(123) : error A2006:undefined symbol : OnDestroy
D:\rawrxd\RawrXD_TextEditorGUI_COMPLETED.asm(130) : error A2006:undefined symbol : DefWindowProcA
D:\rawrxd\RawrXD_TextEditorGUI_COMPLETED.asm(190) : error A2006:undefined symbol : InvalidateRect
D:\rawrxd\RawrXD_TextEditorGUI_COMPLETED.asm(199) : error A2006:undefined symbol : PostQuitMessage
D:\rawrxd\RawrXD_TextEditorGUI_COMPLETED.asm(228) : error A2009:syntax error in expression
D:\rawrxd\RawrXD_TextEditorGUI_COMPLETED.asm(229) : error A2009:syntax error in expression
D:\rawrxd\RawrXD_TextEditorGUI_COMPLETED.asm(230) : error A2009:syntax error in expression
D:\rawrxd\RawrXD_TextEditorGUI_COMPLETED.asm(231) : error A2009:syntax error in expression
D:\rawrxd\RawrXD_TextEditorGUI_COMPLETED.asm(232) : error A2009:syntax error in expression
D:\rawrxd\RawrXD_TextEditorGUI_COMPLETED.asm(233) : error A2009:syntax error in expression
D:\rawrxd\RawrXD_TextEditorGUI_COMPLETED.asm(234) : error A2009:syntax error in expression
D:\rawrxd\RawrXD_TextEditorGUI_COMPLETED.asm(238) : error A2206:missing operator in expression
D:\rawrxd\RawrXD_TextEditorGUI_COMPLETED.asm(240) : error A2206:missing operator in expression
D:\rawrxd\RawrXD_TextEditorGUI_COMPLETED.asm(255) : error A2006:undefined symbol : GetModuleHandleA
D:\rawrxd\RawrXD_TextEditorGUI_COMPLETED.asm(260) : error A2006:undefined symbol : CreateWindowExA
D:\rawrxd\RawrXD_TextEditorGUI_COMPLETED.asm(265) : error A2006:undefined symbol : CreateFail
D:\rawrxd\RawrXD_TextEditorGUI_COMPLETED.asm(269) : fatal error A1012:error count exceeds 100; stopping assembly
