 Assembling: D:\rawrxd\RawrXD_TextEditor_SyntaxHighlighter.asm
D:\rawrxd\RawrXD_TextEditor_SyntaxHighlighter.asm(131) : error A2008:syntax error : .
D:\rawrxd\RawrXD_TextEditor_SyntaxHighlighter.asm(149) : error A2008:syntax error : .
D:\rawrxd\RawrXD_TextEditor_SyntaxHighlighter.asm(161) : error A2008:syntax error : .
D:\rawrxd\RawrXD_TextEditor_SyntaxHighlighter.asm(169) : error A2008:syntax error : .
D:\rawrxd\RawrXD_TextEditor_SyntaxHighlighter.asm(183) : error A2008:syntax error : .
D:\rawrxd\RawrXD_TextEditor_SyntaxHighlighter.asm(191) : error A2008:syntax error : .
D:\rawrxd\RawrXD_TextEditor_SyntaxHighlighter.asm(195) : error A2008:syntax error : .
D:\rawrxd\RawrXD_TextEditor_SyntaxHighlighter.asm(203) : error A2008:syntax error : .
D:\rawrxd\RawrXD_TextEditor_SyntaxHighlighter.asm(207) : error A2008:syntax error : .
D:\rawrxd\RawrXD_TextEditor_SyntaxHighlighter.asm(216) : error A2008:syntax error : .
D:\rawrxd\RawrXD_TextEditor_SyntaxHighlighter.asm(220) : error A2008:syntax error : .
D:\rawrxd\RawrXD_TextEditor_SyntaxHighlighter.asm(226) : error A2008:syntax error : .
D:\rawrxd\RawrXD_TextEditor_SyntaxHighlighter.asm(230) : error A2008:syntax error : .
D:\rawrxd\RawrXD_TextEditor_SyntaxHighlighter.asm(234) : error A2008:syntax error : .
D:\rawrxd\RawrXD_TextEditor_SyntaxHighlighter.asm(237) : error A2008:syntax error : .
D:\rawrxd\RawrXD_TextEditor_SyntaxHighlighter.asm(278) : error A2008:syntax error : .
D:\rawrxd\RawrXD_TextEditor_SyntaxHighlighter.asm(291) : error A2008:syntax error : .
D:\rawrxd\RawrXD_TextEditor_SyntaxHighlighter.asm(297) : error A2008:syntax error : .
D:\rawrxd\RawrXD_TextEditor_SyntaxHighlighter.asm(303) : error A2008:syntax error : .
D:\rawrxd\RawrXD_TextEditor_SyntaxHighlighter.asm(316) : error A2008:syntax error : .
D:\rawrxd\RawrXD_TextEditor_SyntaxHighlighter.asm(320) : error A2008:syntax error : .
D:\rawrxd\RawrXD_TextEditor_SyntaxHighlighter.asm(324) : error A2008:syntax error : .
D:\rawrxd\RawrXD_TextEditor_SyntaxHighlighter.asm(333) : error A2008:syntax error : .
D:\rawrxd\RawrXD_TextEditor_SyntaxHighlighter.asm(339) : error A2008:syntax error : .
D:\rawrxd\RawrXD_TextEditor_SyntaxHighlighter.asm(357) : error A2008:syntax error : .
D:\rawrxd\RawrXD_TextEditor_SyntaxHighlighter.asm(361) : error A2008:syntax error : .
D:\rawrxd\RawrXD_TextEditor_SyntaxHighlighter.asm(365) : error A2008:syntax error : .
D:\rawrxd\RawrXD_TextEditor_SyntaxHighlighter.asm(368) : error A2008:syntax error : .
D:\rawrxd\RawrXD_TextEditor_SyntaxHighlighter.asm(402) : error A2008:syntax error : .
D:\rawrxd\RawrXD_TextEditor_SyntaxHighlighter.asm(429) : error A2008:syntax error : .
D:\rawrxd\RawrXD_TextEditor_SyntaxHighlighter.asm(467) : error A2008:syntax error : .
D:\rawrxd\RawrXD_TextEditor_SyntaxHighlighter.asm(489) : error A2008:syntax error : .
D:\rawrxd\RawrXD_TextEditor_SyntaxHighlighter.asm(493) : error A2008:syntax error : .
D:\rawrxd\RawrXD_TextEditor_SyntaxHighlighter.asm(496) : error A2008:syntax error : .
D:\rawrxd\RawrXD_TextEditor_SyntaxHighlighter.asm(502) : error A2008:syntax error : .
D:\rawrxd\RawrXD_TextEditor_SyntaxHighlighter.asm(510) : error A2008:syntax error : .
D:\rawrxd\RawrXD_TextEditor_SyntaxHighlighter.asm(514) : error A2008:syntax error : .
D:\rawrxd\RawrXD_TextEditor_SyntaxHighlighter.asm(560) : error A2008:syntax error : .
D:\rawrxd\RawrXD_TextEditor_SyntaxHighlighter.asm(564) : error A2008:syntax error : .
D:\rawrxd\RawrXD_TextEditor_SyntaxHighlighter.asm(568) : error A2008:syntax error : .
D:\rawrxd\RawrXD_TextEditor_SyntaxHighlighter.asm(572) : error A2008:syntax error : .
D:\rawrxd\RawrXD_TextEditor_SyntaxHighlighter.asm(576) : error A2008:syntax error : .
D:\rawrxd\RawrXD_TextEditor_SyntaxHighlighter.asm(580) : error A2008:syntax error : .
D:\rawrxd\RawrXD_TextEditor_SyntaxHighlighter.asm(584) : error A2008:syntax error : .
D:\rawrxd\RawrXD_TextEditor_SyntaxHighlighter.asm(588) : error A2008:syntax error : .
D:\rawrxd\RawrXD_TextEditor_SyntaxHighlighter.asm(124) : error A2009:syntax error in expression
D:\rawrxd\RawrXD_TextEditor_SyntaxHighlighter.asm(126) : error A2006:undefined symbol : Skip1
D:\rawrxd\RawrXD_TextEditor_SyntaxHighlighter.asm(128) : error A2006:undefined symbol : Skip1
D:\rawrxd\RawrXD_TextEditor_SyntaxHighlighter.asm(136) : error A2006:undefined symbol : CheckFourChar
D:\rawrxd\RawrXD_TextEditor_SyntaxHighlighter.asm(139) : error A2006:undefined symbol : CheckThreeChar
D:\rawrxd\RawrXD_TextEditor_SyntaxHighlighter.asm(142) : error A2006:undefined symbol : CheckFiveChar
D:\rawrxd\RawrXD_TextEditor_SyntaxHighlighter.asm(154) : error A2009:syntax error in expression
D:\rawrxd\RawrXD_TextEditor_SyntaxHighlighter.asm(156) : error A2006:undefined symbol : T3_Skip2
D:\rawrxd\RawrXD_TextEditor_SyntaxHighlighter.asm(158) : error A2006:undefined symbol : T3_Skip2
D:\rawrxd\RawrXD_TextEditor_SyntaxHighlighter.asm(162) : error A2009:syntax error in expression
D:\rawrxd\RawrXD_TextEditor_SyntaxHighlighter.asm(164) : error A2006:undefined symbol : T3_Skip3
D:\rawrxd\RawrXD_TextEditor_SyntaxHighlighter.asm(166) : error A2006:undefined symbol : T3_Skip3
D:\rawrxd\RawrXD_TextEditor_SyntaxHighlighter.asm(172) : error A2006:undefined symbol : CheckJump3
D:\rawrxd\RawrXD_TextEditor_SyntaxHighlighter.asm(176) : error A2006:undefined symbol : CheckMov
D:\rawrxd\RawrXD_TextEditor_SyntaxHighlighter.asm(178) : error A2006:undefined symbol : CheckAdd
D:\rawrxd\RawrXD_TextEditor_SyntaxHighlighter.asm(181) : error A2006:undefined symbol : KeywordDone
D:\rawrxd\RawrXD_TextEditor_SyntaxHighlighter.asm(185) : error A2006:undefined symbol : MovFail
D:\rawrxd\RawrXD_TextEditor_SyntaxHighlighter.asm(187) : error A2006:undefined symbol : MovFail
D:\rawrxd\RawrXD_TextEditor_SyntaxHighlighter.asm(188) : error A2206:missing operator in expression
D:\rawrxd\RawrXD_TextEditor_SyntaxHighlighter.asm(189) : error A2006:undefined symbol : KeywordDone
D:\rawrxd\RawrXD_TextEditor_SyntaxHighlighter.asm(193) : error A2006:undefined symbol : KeywordDone
D:\rawrxd\RawrXD_TextEditor_SyntaxHighlighter.asm(197) : error A2006:undefined symbol : CheckAddSkip
D:\rawrxd\RawrXD_TextEditor_SyntaxHighlighter.asm(199) : error A2006:undefined symbol : CheckAddSkip
D:\rawrxd\RawrXD_TextEditor_SyntaxHighlighter.asm(200) : error A2206:missing operator in expression
D:\rawrxd\RawrXD_TextEditor_SyntaxHighlighter.asm(201) : error A2006:undefined symbol : KeywordDone
D:\rawrxd\RawrXD_TextEditor_SyntaxHighlighter.asm(205) : error A2006:undefined symbol : KeywordDone
D:\rawrxd\RawrXD_TextEditor_SyntaxHighlighter.asm(210) : error A2006:undefined symbol : JmpMatch
D:\rawrxd\RawrXD_TextEditor_SyntaxHighlighter.asm(212) : error A2006:undefined symbol : JeMatch
D:\rawrxd\RawrXD_TextEditor_SyntaxHighlighter.asm(214) : error A2006:undefined symbol : KeywordDone
D:\rawrxd\RawrXD_TextEditor_SyntaxHighlighter.asm(217) : error A2206:missing operator in expression
D:\rawrxd\RawrXD_TextEditor_SyntaxHighlighter.asm(218) : error A2006:undefined symbol : KeywordDone
D:\rawrxd\RawrXD_TextEditor_SyntaxHighlighter.asm(222) : error A2006:undefined symbol : JeeMatch
D:\rawrxd\RawrXD_TextEditor_SyntaxHighlighter.asm(224) : error A2006:undefined symbol : KeywordDone
D:\rawrxd\RawrXD_TextEditor_SyntaxHighlighter.asm(227) : error A2206:missing operator in expression
D:\rawrxd\RawrXD_TextEditor_SyntaxHighlighter.asm(228) : error A2006:undefined symbol : KeywordDone
D:\rawrxd\RawrXD_TextEditor_SyntaxHighlighter.asm(231) : error A2206:missing operator in expression
D:\rawrxd\RawrXD_TextEditor_SyntaxHighlighter.asm(232) : error A2006:undefined symbol : KeywordDone
D:\rawrxd\RawrXD_TextEditor_SyntaxHighlighter.asm(235) : error A2206:missing operator in expression
D:\rawrxd\RawrXD_TextEditor_SyntaxHighlighter.asm(270) : error A2006:undefined symbol : Check3RegChars
D:\rawrxd\RawrXD_TextEditor_SyntaxHighlighter.asm(273) : error A2006:undefined symbol : Check2RegChars
D:\rawrxd\RawrXD_TextEditor_SyntaxHighlighter.asm(276) : error A2006:undefined symbol : RegDone
D:\rawrxd\RawrXD_TextEditor_SyntaxHighlighter.asm(281) : error A2009:syntax error in expression
D:\rawrxd\RawrXD_TextEditor_SyntaxHighlighter.asm(282) : error A2009:syntax error in expression
D:\rawrxd\RawrXD_TextEditor_SyntaxHighlighter.asm(283) : error A2009:syntax error in expression
D:\rawrxd\RawrXD_TextEditor_SyntaxHighlighter.asm(287) : error A2006:undefined symbol : Skip3a
D:\rawrxd\RawrXD_TextEditor_SyntaxHighlighter.asm(289) : error A2006:undefined symbol : Skip3a
D:\rawrxd\RawrXD_TextEditor_SyntaxHighlighter.asm(293) : error A2006:undefined symbol : Skip3b
D:\rawrxd\RawrXD_TextEditor_SyntaxHighlighter.asm(295) : error A2006:undefined symbol : Skip3b
D:\rawrxd\RawrXD_TextEditor_SyntaxHighlighter.asm(299) : error A2006:undefined symbol : Skip3c
D:\rawrxd\RawrXD_TextEditor_SyntaxHighlighter.asm(301) : error A2006:undefined symbol : Skip3c
D:\rawrxd\RawrXD_TextEditor_SyntaxHighlighter.asm(307) : error A2006:undefined symbol : Is64BitReg
D:\rawrxd\RawrXD_TextEditor_SyntaxHighlighter.asm(311) : error A2006:undefined symbol : Is32BitReg
D:\rawrxd\RawrXD_TextEditor_SyntaxHighlighter.asm(314) : error A2006:undefined symbol : RegDone
D:\rawrxd\RawrXD_TextEditor_SyntaxHighlighter.asm(317) : error A2206:missing operator in expression
D:\rawrxd\RawrXD_TextEditor_SyntaxHighlighter.asm(318) : error A2006:undefined symbol : RegDone
D:\rawrxd\RawrXD_TextEditor_SyntaxHighlighter.asm(321) : fatal error A1012:error count exceeds 100; stopping assembly
