 Assembling: D:\rawrxd\RawrXD_TextEditor_Completion.asm
D:\rawrxd\RawrXD_TextEditor_Completion.asm(23) : error A2008:syntax error : PUSHNONVOL
D:\rawrxd\RawrXD_TextEditor_Completion.asm(58) : error A2008:syntax error : .
D:\rawrxd\RawrXD_TextEditor_Completion.asm(96) : error A2008:syntax error : .
D:\rawrxd\RawrXD_TextEditor_Completion.asm(114) : error A2008:syntax error : .
D:\rawrxd\RawrXD_TextEditor_Completion.asm(122) : error A2008:syntax error : .
D:\rawrxd\RawrXD_TextEditor_Completion.asm(194) : error A2008:syntax error : .
D:\rawrxd\RawrXD_TextEditor_Completion.asm(213) : error A2008:syntax error : .
D:\rawrxd\RawrXD_TextEditor_Completion.asm(222) : error A2008:syntax error : .
D:\rawrxd\RawrXD_TextEditor_Completion.asm(266) : error A2008:syntax error : .
D:\rawrxd\RawrXD_TextEditor_Completion.asm(296) : error A2008:syntax error : .
D:\rawrxd\RawrXD_TextEditor_Completion.asm(346) : error A2008:syntax error : .
D:\rawrxd\RawrXD_TextEditor_Completion.asm(44) : error A2006:undefined symbol : TokenInsertFail
D:\rawrxd\RawrXD_TextEditor_Completion.asm(97) : error A2009:syntax error in expression
D:\rawrxd\RawrXD_TextEditor_Completion.asm(99) : error A2006:undefined symbol : TokenStringDone
D:\rawrxd\RawrXD_TextEditor_Completion.asm(108) : error A2006:undefined symbol : TokenStringFail
D:\rawrxd\RawrXD_TextEditor_Completion.asm(112) : error A2006:undefined symbol : TokenStringLoop
D:\rawrxd\RawrXD_TextEditor_Completion.asm(196) : error A2006:undefined symbol : StreamDone
D:\rawrxd\RawrXD_TextEditor_Completion.asm(199) : error A2009:syntax error in expression
D:\rawrxd\RawrXD_TextEditor_Completion.asm(208) : error A2006:undefined symbol : StreamFail
D:\rawrxd\RawrXD_TextEditor_Completion.asm(211) : error A2006:undefined symbol : StreamLoop
D:\rawrxd\RawrXD_TextEditor_Completion.asm(251) : error A2006:undefined symbol : CutDone
D:\rawrxd\RawrXD_TextEditor_Completion.asm(289) : error A2006:undefined symbol : CopyDone
D:\rawrxd\RawrXD_TextEditor_Completion.asm(319) : error A2006:undefined symbol : OpenClipboard
D:\rawrxd\RawrXD_TextEditor_Completion.asm(321) : error A2006:undefined symbol : PasteFail
D:\rawrxd\RawrXD_TextEditor_Completion.asm(325) : error A2006:undefined symbol : GetClipboardData
D:\rawrxd\RawrXD_TextEditor_Completion.asm(327) : error A2006:undefined symbol : PasteFail
D:\rawrxd\RawrXD_TextEditor_Completion.asm(338) : error A2006:undefined symbol : CloseClipboard
