 Assembling: D:\rawrxd\src\asm\RawrXD-VulkanKernel.asm
D:\rawrxd\src\asm\RawrXD-VulkanKernel.asm(117) : error A2008:syntax error : stage
D:\rawrxd\src\asm\RawrXD-VulkanKernel.asm(258) : error A2008:syntax error : DQ
D:\rawrxd\src\asm\RawrXD-VulkanKernel.asm(510) : error A2111:conflicting parameter definition
D:\rawrxd\src\asm\RawrXD-VulkanKernel.asm(518) : error A2008:syntax error : ,
D:\rawrxd\src\asm\RawrXD-VulkanKernel.asm(528) : error A2008:syntax error : ,
D:\rawrxd\src\asm\RawrXD-VulkanKernel.asm(532) : error A2084:constant value too large
D:\rawrxd\src\asm\RawrXD-VulkanKernel.asm(546) : error A2008:syntax error : ,
D:\rawrxd\src\asm\RawrXD-VulkanKernel.asm(555) : error A2008:syntax error : ,
D:\rawrxd\src\asm\RawrXD-VulkanKernel.asm(558) : error A2008:syntax error : ,
D:\rawrxd\src\asm\RawrXD-VulkanKernel.asm(583) : error A2008:syntax error : ,
D:\rawrxd\src\asm\RawrXD-VulkanKernel.asm(590) : error A2008:syntax error : ,
D:\rawrxd\src\asm\RawrXD-VulkanKernel.asm(618) : error A2008:syntax error : ,
D:\rawrxd\src\asm\RawrXD-VulkanKernel.asm(628) : error A2008:syntax error : ,
D:\rawrxd\src\asm\RawrXD-VulkanKernel.asm(650) : error A2111:conflicting parameter definition
D:\rawrxd\src\asm\RawrXD-VulkanKernel.asm(658) : error A2008:syntax error : ,
D:\rawrxd\src\asm\RawrXD-VulkanKernel.asm(697) : error A2111:conflicting parameter definition
D:\rawrxd\src\asm\RawrXD-VulkanKernel.asm(753) : error A2008:syntax error : code
D:\rawrxd\src\asm\RawrXD-VulkanKernel.asm(788) : error A2008:syntax error : code
D:\rawrxd\src\asm\RawrXD-VulkanKernel.asm(823) : error A2008:syntax error : code
D:\rawrxd\src\asm\RawrXD-VulkanKernel.asm(858) : error A2008:syntax error : code
D:\rawrxd\src\asm\RawrXD-VulkanKernel.asm(962) : error A2008:syntax error : ,
D:\rawrxd\src\asm\RawrXD-VulkanKernel.asm(968) : error A2070:invalid instruction operands
D:\rawrxd\src\asm\RawrXD-VulkanKernel.asm(969) : error A2008:syntax error : code
D:\rawrxd\src\asm\RawrXD-VulkanKernel.asm(981) : error A2008:syntax error : ,
D:\rawrxd\src\asm\RawrXD-VulkanKernel.asm(1000) : error A2008:syntax error : ,
D:\rawrxd\src\asm\RawrXD-VulkanKernel.asm(1010) : error A2070:invalid instruction operands
D:\rawrxd\src\asm\RawrXD-VulkanKernel.asm(1049) : error A2008:syntax error : ,
D:\rawrxd\src\asm\RawrXD-VulkanKernel.asm(1055) : error A2070:invalid instruction operands
D:\rawrxd\src\asm\RawrXD-VulkanKernel.asm(1056) : error A2008:syntax error : code
D:\rawrxd\src\asm\RawrXD-VulkanKernel.asm(1068) : error A2008:syntax error : ,
D:\rawrxd\src\asm\RawrXD-VulkanKernel.asm(1087) : error A2008:syntax error : ,
D:\rawrxd\src\asm\RawrXD-VulkanKernel.asm(1097) : error A2070:invalid instruction operands
D:\rawrxd\src\asm\RawrXD-VulkanKernel.asm(1136) : error A2008:syntax error : ,
D:\rawrxd\src\asm\RawrXD-VulkanKernel.asm(1142) : error A2070:invalid instruction operands
D:\rawrxd\src\asm\RawrXD-VulkanKernel.asm(1143) : error A2008:syntax error : code
D:\rawrxd\src\asm\RawrXD-VulkanKernel.asm(1155) : error A2008:syntax error : ,
D:\rawrxd\src\asm\RawrXD-VulkanKernel.asm(1174) : error A2008:syntax error : ,
D:\rawrxd\src\asm\RawrXD-VulkanKernel.asm(1184) : error A2070:invalid instruction operands
D:\rawrxd\src\asm\RawrXD-VulkanKernel.asm(1223) : error A2008:syntax error : ,
D:\rawrxd\src\asm\RawrXD-VulkanKernel.asm(1229) : error A2070:invalid instruction operands
D:\rawrxd\src\asm\RawrXD-VulkanKernel.asm(1230) : error A2008:syntax error : code
D:\rawrxd\src\asm\RawrXD-VulkanKernel.asm(1242) : error A2008:syntax error : ,
D:\rawrxd\src\asm\RawrXD-VulkanKernel.asm(1261) : error A2008:syntax error : ,
D:\rawrxd\src\asm\RawrXD-VulkanKernel.asm(1271) : error A2070:invalid instruction operands
D:\rawrxd\src\asm\RawrXD-VulkanKernel.asm(1301) : error A2111:conflicting parameter definition
D:\rawrxd\src\asm\RawrXD-VulkanKernel.asm(1344) : error A2111:conflicting parameter definition
D:\rawrxd\src\asm\RawrXD-VulkanKernel.asm(1379) : error A2111:conflicting parameter definition
D:\rawrxd\src\asm\RawrXD-VulkanKernel.asm(1449) : error A2008:syntax error : ,
D:\rawrxd\src\asm\RawrXD-VulkanKernel.asm(1450) : error A2008:syntax error : ,
D:\rawrxd\src\asm\RawrXD-VulkanKernel.asm(1455) : error A2111:conflicting parameter definition
D:\rawrxd\src\asm\RawrXD-VulkanKernel.asm(1458) : error A2008:syntax error : ,
D:\rawrxd\src\asm\RawrXD-VulkanKernel.asm(1459) : error A2008:syntax error : ,
D:\rawrxd\src\asm\RawrXD-VulkanKernel.asm(1464) : error A2111:conflicting parameter definition
D:\rawrxd\src\asm\RawrXD-VulkanKernel.asm(387) : error A2022:instruction operands must be the same size
D:\rawrxd\src\asm\RawrXD-VulkanKernel.asm(395) : error A2022:instruction operands must be the same size
D:\rawrxd\src\asm\RawrXD-VulkanKernel.asm(403) : error A2022:instruction operands must be the same size
D:\rawrxd\src\asm\RawrXD-VulkanKernel.asm(408) : error A2022:instruction operands must be the same size
D:\rawrxd\src\asm\RawrXD-VulkanKernel.asm(415) : error A2022:instruction operands must be the same size
D:\rawrxd\src\asm\RawrXD-VulkanKernel.asm(422) : error A2022:instruction operands must be the same size
D:\rawrxd\src\asm\RawrXD-VulkanKernel.asm(429) : error A2022:instruction operands must be the same size
D:\rawrxd\src\asm\RawrXD-VulkanKernel.asm(436) : error A2022:instruction operands must be the same size
D:\rawrxd\src\asm\RawrXD-VulkanKernel.asm(446) : error A2022:instruction operands must be the same size
D:\rawrxd\src\asm\RawrXD-VulkanKernel.asm(483) : error A2148:invalid symbol type in expression : c_str
D:\rawrxd\src\asm\RawrXD-VulkanKernel.asm(489) : error A2148:invalid symbol type in expression : c_str
D:\rawrxd\src\asm\RawrXD-VulkanKernel.asm(495) : error A2148:invalid symbol type in expression : c_str
D:\rawrxd\src\asm\RawrXD-VulkanKernel.asm(544) : error A2022:instruction operands must be the same size
D:\rawrxd\src\asm\RawrXD-VulkanKernel.asm(553) : error A2022:instruction operands must be the same size
D:\rawrxd\src\asm\RawrXD-VulkanKernel.asm(597) : error A2148:invalid symbol type in expression : c_str
D:\rawrxd\src\asm\RawrXD-VulkanKernel.asm(599) : error A2148:invalid symbol type in expression : c_str
D:\rawrxd\src\asm\RawrXD-VulkanKernel.asm(679) : error A2022:instruction operands must be the same size
D:\rawrxd\src\asm\RawrXD-VulkanKernel.asm(892) : error A2083:invalid scale value
D:\rawrxd\src\asm\RawrXD-VulkanKernel.asm(1006) : error A2006:undefined symbol : stage
D:\rawrxd\src\asm\RawrXD-VulkanKernel.asm(1007) : error A2006:undefined symbol : stage
D:\rawrxd\src\asm\RawrXD-VulkanKernel.asm(1008) : error A2006:undefined symbol : stage
D:\rawrxd\src\asm\RawrXD-VulkanKernel.asm(1009) : error A2006:undefined symbol : stage
D:\rawrxd\src\asm\RawrXD-VulkanKernel.asm(1093) : error A2006:undefined symbol : stage
D:\rawrxd\src\asm\RawrXD-VulkanKernel.asm(1094) : error A2006:undefined symbol : stage
D:\rawrxd\src\asm\RawrXD-VulkanKernel.asm(1095) : error A2006:undefined symbol : stage
D:\rawrxd\src\asm\RawrXD-VulkanKernel.asm(1096) : error A2006:undefined symbol : stage
D:\rawrxd\src\asm\RawrXD-VulkanKernel.asm(1180) : error A2006:undefined symbol : stage
D:\rawrxd\src\asm\RawrXD-VulkanKernel.asm(1181) : error A2006:undefined symbol : stage
D:\rawrxd\src\asm\RawrXD-VulkanKernel.asm(1182) : error A2006:undefined symbol : stage
D:\rawrxd\src\asm\RawrXD-VulkanKernel.asm(1183) : error A2006:undefined symbol : stage
D:\rawrxd\src\asm\RawrXD-VulkanKernel.asm(1267) : error A2006:undefined symbol : stage
D:\rawrxd\src\asm\RawrXD-VulkanKernel.asm(1268) : error A2006:undefined symbol : stage
D:\rawrxd\src\asm\RawrXD-VulkanKernel.asm(1269) : error A2006:undefined symbol : stage
D:\rawrxd\src\asm\RawrXD-VulkanKernel.asm(1270) : error A2006:undefined symbol : stage
D:\rawrxd\src\asm\RawrXD-VulkanKernel.asm(1314) : error A2083:invalid scale value
D:\rawrxd\src\asm\RawrXD-VulkanKernel.asm(1322) : error A2083:invalid scale value
D:\rawrxd\src\asm\RawrXD-VulkanKernel.asm(1330) : error A2083:invalid scale value
D:\rawrxd\src\asm\RawrXD-VulkanKernel.asm(1395) : error A2083:invalid scale value
