 Assembling: D:\rawrxd\RawrXD_TextBuffer.asm
D:\rawrxd\RawrXD_TextBuffer.asm(71) : error A2008:syntax error : .
D:\rawrxd\RawrXD_TextBuffer.asm(78) : error A2008:syntax error : .
D:\rawrxd\RawrXD_TextBuffer.asm(83) : error A2008:syntax error : .
D:\rawrxd\RawrXD_TextBuffer.asm(124) : error A2008:syntax error : .
D:\rawrxd\RawrXD_TextBuffer.asm(130) : error A2008:syntax error : .
D:\rawrxd\RawrXD_TextBuffer.asm(138) : error A2008:syntax error : .
D:\rawrxd\RawrXD_TextBuffer.asm(152) : error A2008:syntax error : .
D:\rawrxd\RawrXD_TextBuffer.asm(159) : error A2008:syntax error : .
D:\rawrxd\RawrXD_TextBuffer.asm(195) : error A2008:syntax error : .
D:\rawrxd\RawrXD_TextBuffer.asm(206) : error A2070:invalid instruction operands
D:\rawrxd\RawrXD_TextBuffer.asm(211) : error A2008:syntax error : .
D:\rawrxd\RawrXD_TextBuffer.asm(216) : error A2008:syntax error : .
D:\rawrxd\RawrXD_TextBuffer.asm(259) : error A2008:syntax error : .
D:\rawrxd\RawrXD_TextBuffer.asm(265) : error A2008:syntax error : .
D:\rawrxd\RawrXD_TextBuffer.asm(273) : error A2008:syntax error : .
D:\rawrxd\RawrXD_TextBuffer.asm(276) : error A2008:syntax error : .
D:\rawrxd\RawrXD_TextBuffer.asm(284) : error A2008:syntax error : .
D:\rawrxd\RawrXD_TextBuffer.asm(298) : error A2008:syntax error : .
D:\rawrxd\RawrXD_TextBuffer.asm(324) : error A2008:syntax error : .
D:\rawrxd\RawrXD_TextBuffer.asm(337) : error A2008:syntax error : .
D:\rawrxd\RawrXD_TextBuffer.asm(340) : error A2008:syntax error : .
D:\rawrxd\RawrXD_TextBuffer.asm(344) : error A2008:syntax error : .
D:\rawrxd\RawrXD_TextBuffer.asm(369) : error A2008:syntax error : .
D:\rawrxd\RawrXD_TextBuffer.asm(380) : error A2008:syntax error : .
D:\rawrxd\RawrXD_TextBuffer.asm(388) : error A2008:syntax error : .
D:\rawrxd\RawrXD_TextBuffer.asm(391) : error A2008:syntax error : .
D:\rawrxd\RawrXD_TextBuffer.asm(395) : error A2008:syntax error : .
D:\rawrxd\RawrXD_TextBuffer.asm(399) : error A2008:syntax error : .
D:\rawrxd\RawrXD_TextBuffer.asm(422) : error A2008:syntax error : .
D:\rawrxd\RawrXD_TextBuffer.asm(436) : error A2008:syntax error : .
D:\rawrxd\RawrXD_TextBuffer.asm(446) : error A2008:syntax error : .
D:\rawrxd\RawrXD_TextBuffer.asm(450) : error A2008:syntax error : .
D:\rawrxd\RawrXD_TextBuffer.asm(493) : error A2008:syntax error : .
D:\rawrxd\RawrXD_TextBuffer.asm(501) : error A2008:syntax error : .
D:\rawrxd\RawrXD_TextBuffer.asm(518) : error A2008:syntax error : .
D:\rawrxd\RawrXD_TextBuffer.asm(545) : error A2008:syntax error : .
D:\rawrxd\RawrXD_TextBuffer.asm(560) : error A2008:syntax error : .
D:\rawrxd\RawrXD_TextBuffer.asm(564) : error A2008:syntax error : .
D:\rawrxd\RawrXD_TextBuffer.asm(48) : error A2006:undefined symbol : VirtualAlloc
D:\rawrxd\RawrXD_TextBuffer.asm(52) : error A2006:undefined symbol : InitFail
D:\rawrxd\RawrXD_TextBuffer.asm(58) : error A2009:syntax error in expression
D:\rawrxd\RawrXD_TextBuffer.asm(61) : error A2009:syntax error in expression
D:\rawrxd\RawrXD_TextBuffer.asm(64) : error A2009:syntax error in expression
D:\rawrxd\RawrXD_TextBuffer.asm(68) : error A2009:syntax error in expression
D:\rawrxd\RawrXD_TextBuffer.asm(73) : error A2006:undefined symbol : InitDone
D:\rawrxd\RawrXD_TextBuffer.asm(74) : error A2009:syntax error in expression
D:\rawrxd\RawrXD_TextBuffer.asm(76) : error A2006:undefined symbol : InitLineTable
D:\rawrxd\RawrXD_TextBuffer.asm(117) : error A2006:undefined symbol : NoGrowth
D:\rawrxd\RawrXD_TextBuffer.asm(122) : error A2006:undefined symbol : InsertFail
D:\rawrxd\RawrXD_TextBuffer.asm(132) : error A2006:undefined symbol : ShiftDone
D:\rawrxd\RawrXD_TextBuffer.asm(136) : error A2006:undefined symbol : ShiftLoop
D:\rawrxd\RawrXD_TextBuffer.asm(143) : error A2009:syntax error in expression
D:\rawrxd\RawrXD_TextBuffer.asm(147) : error A2006:undefined symbol : UpdateDone
D:\rawrxd\RawrXD_TextBuffer.asm(186) : error A2006:undefined symbol : DeleteFail
D:\rawrxd\RawrXD_TextBuffer.asm(200) : error A2006:undefined symbol : ShiftLoop
D:\rawrxd\RawrXD_TextBuffer.asm(203) : error A2009:syntax error in expression
D:\rawrxd\RawrXD_TextBuffer.asm(207) : error A2006:undefined symbol : DeleteDone
D:\rawrxd\RawrXD_TextBuffer.asm(252) : error A2006:undefined symbol : NoGrowthStr
D:\rawrxd\RawrXD_TextBuffer.asm(257) : error A2006:undefined symbol : InsertStrFail
D:\rawrxd\RawrXD_TextBuffer.asm(267) : error A2006:undefined symbol : ShiftStrDone
D:\rawrxd\RawrXD_TextBuffer.asm(269) : error A2029:multiple base registers not allowed
D:\rawrxd\RawrXD_TextBuffer.asm(271) : error A2006:undefined symbol : ShiftStrLoop
D:\rawrxd\RawrXD_TextBuffer.asm(278) : error A2006:undefined symbol : CopyDone
D:\rawrxd\RawrXD_TextBuffer.asm(280) : error A2029:multiple base registers not allowed
D:\rawrxd\RawrXD_TextBuffer.asm(282) : error A2006:undefined symbol : CopyLoop
D:\rawrxd\RawrXD_TextBuffer.asm(326) : error A2006:undefined symbol : ScanDone
D:\rawrxd\RawrXD_TextBuffer.asm(331) : error A2006:undefined symbol : NotNewline
D:\rawrxd\RawrXD_TextBuffer.asm(335) : error A2006:undefined symbol : NextChar
D:\rawrxd\RawrXD_TextBuffer.asm(342) : error A2006:undefined symbol : ScanLoop
D:\rawrxd\RawrXD_TextBuffer.asm(371) : error A2006:undefined symbol : EndReached
D:\rawrxd\RawrXD_TextBuffer.asm(374) : error A2006:undefined symbol : AdvanceLC
D:\rawrxd\RawrXD_TextBuffer.asm(378) : error A2006:undefined symbol : FoundLC
D:\rawrxd\RawrXD_TextBuffer.asm(383) : error A2006:undefined symbol : NotNLLC
D:\rawrxd\RawrXD_TextBuffer.asm(386) : error A2006:undefined symbol : NextCharLC
D:\rawrxd\RawrXD_TextBuffer.asm(393) : error A2006:undefined symbol : ScanLC
D:\rawrxd\RawrXD_TextBuffer.asm(424) : error A2006:undefined symbol : EndGetLine
D:\rawrxd\RawrXD_TextBuffer.asm(429) : error A2006:undefined symbol : InTargetLine
D:\rawrxd\RawrXD_TextBuffer.asm(432) : error A2006:undefined symbol : SkipGetLine
D:\rawrxd\RawrXD_TextBuffer.asm(434) : error A2006:undefined symbol : SkipGetLine
D:\rawrxd\RawrXD_TextBuffer.asm(438) : error A2006:undefined symbol : EndGetLine
D:\rawrxd\RawrXD_TextBuffer.asm(441) : error A2006:undefined symbol : EndGetLine
D:\rawrxd\RawrXD_TextBuffer.asm(448) : error A2006:undefined symbol : ScanGetLine
D:\rawrxd\RawrXD_TextBuffer.asm(481) : error A2006:undefined symbol : VirtualAlloc
D:\rawrxd\RawrXD_TextBuffer.asm(486) : error A2006:undefined symbol : GrowFail
D:\rawrxd\RawrXD_TextBuffer.asm(495) : error A2006:undefined symbol : CopyGrowDone
D:\rawrxd\RawrXD_TextBuffer.asm(499) : error A2006:undefined symbol : CopyGrowLoop
D:\rawrxd\RawrXD_TextBuffer.asm(507) : error A2006:undefined symbol : VirtualFree
D:\rawrxd\RawrXD_TextBuffer.asm(542) : error A2009:syntax error in expression
D:\rawrxd\RawrXD_TextBuffer.asm(547) : error A2006:undefined symbol : TableScanDone
D:\rawrxd\RawrXD_TextBuffer.asm(550) : error A2006:undefined symbol : TableScanDone
D:\rawrxd\RawrXD_TextBuffer.asm(554) : error A2006:undefined symbol : NotNewlineTable
D:\rawrxd\RawrXD_TextBuffer.asm(557) : error A2009:syntax error in expression
D:\rawrxd\RawrXD_TextBuffer.asm(562) : error A2006:undefined symbol : TableScanLoop
