 Assembling: D:\rawrxd\RawrXD_PE_Writer_Complete.asm
D:\rawrxd\RawrXD_PE_Writer_Complete.asm(524) : error A2008:syntax error : .
D:\rawrxd\RawrXD_PE_Writer_Complete.asm(541) : error A2008:syntax error : .
D:\rawrxd\RawrXD_PE_Writer_Complete.asm(615) : error A2008:syntax error : .
D:\rawrxd\RawrXD_PE_Writer_Complete.asm(624) : error A2008:syntax error : .
D:\rawrxd\RawrXD_PE_Writer_Complete.asm(644) : error A2008:syntax error : .
D:\rawrxd\RawrXD_PE_Writer_Complete.asm(652) : error A2008:syntax error : .
D:\rawrxd\RawrXD_PE_Writer_Complete.asm(658) : error A2008:syntax error : .
D:\rawrxd\RawrXD_PE_Writer_Complete.asm(666) : error A2008:syntax error : .
D:\rawrxd\RawrXD_PE_Writer_Complete.asm(704) : error A2042:statement too complex
D:\rawrxd\RawrXD_PE_Writer_Complete.asm(717) : error A2008:syntax error : main
D:\rawrxd\RawrXD_PE_Writer_Complete.asm(717) : error A2088:END directive required at end of file
D:\rawrxd\RawrXD_PE_Writer_Complete.asm(79) : error A2009:syntax error in expression
D:\rawrxd\RawrXD_PE_Writer_Complete.asm(82) : error A2009:syntax error in expression
D:\rawrxd\RawrXD_PE_Writer_Complete.asm(103) : error A2009:syntax error in expression
D:\rawrxd\RawrXD_PE_Writer_Complete.asm(112) : error A2009:syntax error in expression
D:\rawrxd\RawrXD_PE_Writer_Complete.asm(113) : error A2009:syntax error in expression
D:\rawrxd\RawrXD_PE_Writer_Complete.asm(114) : error A2009:syntax error in expression
D:\rawrxd\RawrXD_PE_Writer_Complete.asm(126) : error A2009:syntax error in expression
D:\rawrxd\RawrXD_PE_Writer_Complete.asm(127) : error A2009:syntax error in expression
D:\rawrxd\RawrXD_PE_Writer_Complete.asm(130) : error A2009:syntax error in expression
D:\rawrxd\RawrXD_PE_Writer_Complete.asm(132) : error A2009:syntax error in expression
D:\rawrxd\RawrXD_PE_Writer_Complete.asm(134) : error A2009:syntax error in expression
D:\rawrxd\RawrXD_PE_Writer_Complete.asm(137) : error A2009:syntax error in expression
D:\rawrxd\RawrXD_PE_Writer_Complete.asm(139) : error A2009:syntax error in expression
D:\rawrxd\RawrXD_PE_Writer_Complete.asm(142) : error A2009:syntax error in expression
D:\rawrxd\RawrXD_PE_Writer_Complete.asm(145) : error A2009:syntax error in expression
D:\rawrxd\RawrXD_PE_Writer_Complete.asm(146) : error A2009:syntax error in expression
D:\rawrxd\RawrXD_PE_Writer_Complete.asm(157) : error A2009:syntax error in expression
D:\rawrxd\RawrXD_PE_Writer_Complete.asm(158) : error A2009:syntax error in expression
D:\rawrxd\RawrXD_PE_Writer_Complete.asm(160) : error A2009:syntax error in expression
D:\rawrxd\RawrXD_PE_Writer_Complete.asm(169) : error A2009:syntax error in expression
D:\rawrxd\RawrXD_PE_Writer_Complete.asm(170) : error A2009:syntax error in expression
D:\rawrxd\RawrXD_PE_Writer_Complete.asm(171) : error A2009:syntax error in expression
D:\rawrxd\RawrXD_PE_Writer_Complete.asm(172) : error A2009:syntax error in expression
D:\rawrxd\RawrXD_PE_Writer_Complete.asm(174) : error A2009:syntax error in expression
D:\rawrxd\RawrXD_PE_Writer_Complete.asm(175) : error A2009:syntax error in expression
D:\rawrxd\RawrXD_PE_Writer_Complete.asm(233) : error A2009:syntax error in expression
D:\rawrxd\RawrXD_PE_Writer_Complete.asm(234) : error A2009:syntax error in expression
D:\rawrxd\RawrXD_PE_Writer_Complete.asm(235) : error A2009:syntax error in expression
D:\rawrxd\RawrXD_PE_Writer_Complete.asm(236) : error A2009:syntax error in expression
D:\rawrxd\RawrXD_PE_Writer_Complete.asm(303) : error A2009:syntax error in expression
D:\rawrxd\RawrXD_PE_Writer_Complete.asm(304) : error A2009:syntax error in expression
D:\rawrxd\RawrXD_PE_Writer_Complete.asm(305) : error A2009:syntax error in expression
D:\rawrxd\RawrXD_PE_Writer_Complete.asm(321) : error A2009:syntax error in expression
D:\rawrxd\RawrXD_PE_Writer_Complete.asm(376) : error A2006:undefined symbol : szOutputPath
D:\rawrxd\RawrXD_PE_Writer_Complete.asm(421) : error A2009:syntax error in expression
D:\rawrxd\RawrXD_PE_Writer_Complete.asm(424) : error A2009:syntax error in expression
D:\rawrxd\RawrXD_PE_Writer_Complete.asm(427) : error A2009:syntax error in expression
D:\rawrxd\RawrXD_PE_Writer_Complete.asm(430) : error A2009:syntax error in expression
D:\rawrxd\RawrXD_PE_Writer_Complete.asm(433) : error A2009:syntax error in expression
D:\rawrxd\RawrXD_PE_Writer_Complete.asm(442) : error A2009:syntax error in expression
D:\rawrxd\RawrXD_PE_Writer_Complete.asm(445) : error A2009:syntax error in expression
D:\rawrxd\RawrXD_PE_Writer_Complete.asm(448) : error A2009:syntax error in expression
D:\rawrxd\RawrXD_PE_Writer_Complete.asm(451) : error A2009:syntax error in expression
D:\rawrxd\RawrXD_PE_Writer_Complete.asm(454) : error A2009:syntax error in expression
D:\rawrxd\RawrXD_PE_Writer_Complete.asm(462) : error A2009:syntax error in expression
D:\rawrxd\RawrXD_PE_Writer_Complete.asm(463) : error A2009:syntax error in expression
D:\rawrxd\RawrXD_PE_Writer_Complete.asm(483) : error A2009:syntax error in expression
D:\rawrxd\RawrXD_PE_Writer_Complete.asm(486) : error A2009:syntax error in expression
D:\rawrxd\RawrXD_PE_Writer_Complete.asm(489) : error A2009:syntax error in expression
D:\rawrxd\RawrXD_PE_Writer_Complete.asm(492) : error A2009:syntax error in expression
D:\rawrxd\RawrXD_PE_Writer_Complete.asm(498) : error A2009:syntax error in expression
D:\rawrxd\RawrXD_PE_Writer_Complete.asm(501) : error A2009:syntax error in expression
D:\rawrxd\RawrXD_PE_Writer_Complete.asm(504) : error A2009:syntax error in expression
D:\rawrxd\RawrXD_PE_Writer_Complete.asm(525) : error A2009:syntax error in expression
D:\rawrxd\RawrXD_PE_Writer_Complete.asm(526) : error A2009:syntax error in expression
D:\rawrxd\RawrXD_PE_Writer_Complete.asm(530) : error A2006:undefined symbol : copy_kernel32
D:\rawrxd\RawrXD_PE_Writer_Complete.asm(542) : error A2009:syntax error in expression
D:\rawrxd\RawrXD_PE_Writer_Complete.asm(543) : error A2009:syntax error in expression
D:\rawrxd\RawrXD_PE_Writer_Complete.asm(547) : error A2006:undefined symbol : copy_user32
D:\rawrxd\RawrXD_PE_Writer_Complete.asm(568) : error A2009:syntax error in expression
D:\rawrxd\RawrXD_PE_Writer_Complete.asm(573) : error A2009:syntax error in expression
D:\rawrxd\RawrXD_PE_Writer_Complete.asm(578) : error A2009:syntax error in expression
D:\rawrxd\RawrXD_PE_Writer_Complete.asm(591) : error A2009:syntax error in expression
D:\rawrxd\RawrXD_PE_Writer_Complete.asm(596) : error A2009:syntax error in expression
D:\rawrxd\RawrXD_PE_Writer_Complete.asm(619) : error A2006:undefined symbol : copy_done
D:\rawrxd\RawrXD_PE_Writer_Complete.asm(622) : error A2006:undefined symbol : copy_loop
D:\rawrxd\RawrXD_PE_Writer_Complete.asm(648) : error A2006:undefined symbol : copy_k32_done
D:\rawrxd\RawrXD_PE_Writer_Complete.asm(650) : error A2006:undefined symbol : copy_k32
D:\rawrxd\RawrXD_PE_Writer_Complete.asm(662) : error A2006:undefined symbol : copy_u32_done
D:\rawrxd\RawrXD_PE_Writer_Complete.asm(664) : error A2006:undefined symbol : copy_u32
