 Assembling: D:\rawrxd\RawrXD_TextEditor_Renderer.asm
D:\rawrxd\RawrXD_TextEditor_Renderer.asm(131) : error A2008:syntax error : .
D:\rawrxd\RawrXD_TextEditor_Renderer.asm(137) : error A2008:syntax error : .
D:\rawrxd\RawrXD_TextEditor_Renderer.asm(143) : error A2008:syntax error : .
D:\rawrxd\RawrXD_TextEditor_Renderer.asm(187) : error A2008:syntax error : .
D:\rawrxd\RawrXD_TextEditor_Renderer.asm(322) : error A2008:syntax error : .
D:\rawrxd\RawrXD_TextEditor_Renderer.asm(326) : error A2008:syntax error : .
D:\rawrxd\RawrXD_TextEditor_Renderer.asm(330) : error A2008:syntax error : .
D:\rawrxd\RawrXD_TextEditor_Renderer.asm(334) : error A2008:syntax error : .
D:\rawrxd\RawrXD_TextEditor_Renderer.asm(338) : error A2008:syntax error : .
D:\rawrxd\RawrXD_TextEditor_Renderer.asm(342) : error A2008:syntax error : .
D:\rawrxd\RawrXD_TextEditor_Renderer.asm(385) : error A2008:syntax error : .
D:\rawrxd\RawrXD_TextEditor_Renderer.asm(405) : error A2008:syntax error : .
D:\rawrxd\RawrXD_TextEditor_Renderer.asm(413) : error A2008:syntax error : .
D:\rawrxd\RawrXD_TextEditor_Renderer.asm(416) : error A2070:invalid instruction operands
D:\rawrxd\RawrXD_TextEditor_Renderer.asm(418) : error A2008:syntax error : .
D:\rawrxd\RawrXD_TextEditor_Renderer.asm(429) : error A2008:syntax error : .
D:\rawrxd\RawrXD_TextEditor_Renderer.asm(436) : error A2008:syntax error : .
D:\rawrxd\RawrXD_TextEditor_Renderer.asm(439) : error A2008:syntax error : .
D:\rawrxd\RawrXD_TextEditor_Renderer.asm(451) : error A2008:syntax error : .
D:\rawrxd\RawrXD_TextEditor_Renderer.asm(462) : error A2008:syntax error : .
D:\rawrxd\RawrXD_TextEditor_Renderer.asm(469) : error A2008:syntax error : .
D:\rawrxd\RawrXD_TextEditor_Renderer.asm(474) : error A2008:syntax error : .
D:\rawrxd\RawrXD_TextEditor_Renderer.asm(482) : error A2008:syntax error : .
D:\rawrxd\RawrXD_TextEditor_Renderer.asm(523) : error A2008:syntax error : .
D:\rawrxd\RawrXD_TextEditor_Renderer.asm(574) : error A2008:syntax error : .
D:\rawrxd\RawrXD_TextEditor_Renderer.asm(630) : error A2008:syntax error : .
D:\rawrxd\RawrXD_TextEditor_Renderer.asm(671) : error A2008:syntax error : .
D:\rawrxd\RawrXD_TextEditor_Renderer.asm(678) : error A2008:syntax error : .
D:\rawrxd\RawrXD_TextEditor_Renderer.asm(89) : error A2009:syntax error in expression
D:\rawrxd\RawrXD_TextEditor_Renderer.asm(90) : error A2009:syntax error in expression
D:\rawrxd\RawrXD_TextEditor_Renderer.asm(91) : error A2009:syntax error in expression
D:\rawrxd\RawrXD_TextEditor_Renderer.asm(92) : error A2009:syntax error in expression
D:\rawrxd\RawrXD_TextEditor_Renderer.asm(94) : error A2206:missing operator in expression
D:\rawrxd\RawrXD_TextEditor_Renderer.asm(95) : error A2009:syntax error in expression
D:\rawrxd\RawrXD_TextEditor_Renderer.asm(96) : error A2009:syntax error in expression
D:\rawrxd\RawrXD_TextEditor_Renderer.asm(97) : error A2009:syntax error in expression
D:\rawrxd\RawrXD_TextEditor_Renderer.asm(98) : error A2009:syntax error in expression
D:\rawrxd\RawrXD_TextEditor_Renderer.asm(103) : error A2006:undefined symbol : InitFail
D:\rawrxd\RawrXD_TextEditor_Renderer.asm(112) : error A2006:undefined symbol : TRANSPARENT
D:\rawrxd\RawrXD_TextEditor_Renderer.asm(117) : error A2206:missing operator in expression
D:\rawrxd\RawrXD_TextEditor_Renderer.asm(128) : error A2006:undefined symbol : SkipWidthWrite
D:\rawrxd\RawrXD_TextEditor_Renderer.asm(133) : error A2006:undefined symbol : SkipHeightWrite
D:\rawrxd\RawrXD_TextEditor_Renderer.asm(182) : error A2006:undefined symbol : UseDefault
D:\rawrxd\RawrXD_TextEditor_Renderer.asm(194) : error A2009:syntax error in expression
D:\rawrxd\RawrXD_TextEditor_Renderer.asm(242) : error A2009:syntax error in expression
D:\rawrxd\RawrXD_TextEditor_Renderer.asm(274) : error A2206:missing operator in expression
D:\rawrxd\RawrXD_TextEditor_Renderer.asm(306) : error A2006:undefined symbol : IsKeyword
D:\rawrxd\RawrXD_TextEditor_Renderer.asm(308) : error A2006:undefined symbol : IsRegister
D:\rawrxd\RawrXD_TextEditor_Renderer.asm(310) : error A2006:undefined symbol : IsComment
D:\rawrxd\RawrXD_TextEditor_Renderer.asm(312) : error A2006:undefined symbol : IsString
D:\rawrxd\RawrXD_TextEditor_Renderer.asm(314) : error A2006:undefined symbol : IsNumber
D:\rawrxd\RawrXD_TextEditor_Renderer.asm(316) : error A2006:undefined symbol : IsOperator
D:\rawrxd\RawrXD_TextEditor_Renderer.asm(319) : error A2206:missing operator in expression
D:\rawrxd\RawrXD_TextEditor_Renderer.asm(323) : error A2206:missing operator in expression
D:\rawrxd\RawrXD_TextEditor_Renderer.asm(327) : error A2206:missing operator in expression
D:\rawrxd\RawrXD_TextEditor_Renderer.asm(331) : error A2206:missing operator in expression
D:\rawrxd\RawrXD_TextEditor_Renderer.asm(335) : error A2206:missing operator in expression
D:\rawrxd\RawrXD_TextEditor_Renderer.asm(339) : error A2206:missing operator in expression
D:\rawrxd\RawrXD_TextEditor_Renderer.asm(343) : error A2206:missing operator in expression
D:\rawrxd\RawrXD_TextEditor_Renderer.asm(366) : error A2009:syntax error in expression
D:\rawrxd\RawrXD_TextEditor_Renderer.asm(370) : error A2006:undefined symbol : IsComment
D:\rawrxd\RawrXD_TextEditor_Renderer.asm(374) : error A2006:undefined symbol : IsString
D:\rawrxd\RawrXD_TextEditor_Renderer.asm(376) : error A2006:undefined symbol : IsString
D:\rawrxd\RawrXD_TextEditor_Renderer.asm(380) : error A2006:undefined symbol : CheckSymbol
D:\rawrxd\RawrXD_TextEditor_Renderer.asm(382) : error A2006:undefined symbol : CheckSymbol
D:\rawrxd\RawrXD_TextEditor_Renderer.asm(383) : error A2006:undefined symbol : IsNumber
D:\rawrxd\RawrXD_TextEditor_Renderer.asm(390) : error A2006:undefined symbol : EndToken
D:\rawrxd\RawrXD_TextEditor_Renderer.asm(394) : error A2006:undefined symbol : EndToken
D:\rawrxd\RawrXD_TextEditor_Renderer.asm(396) : error A2006:undefined symbol : EndToken
D:\rawrxd\RawrXD_TextEditor_Renderer.asm(420) : error A2006:undefined symbol : StringEnd
D:\rawrxd\RawrXD_TextEditor_Renderer.asm(422) : error A2009:syntax error in expression
D:\rawrxd\RawrXD_TextEditor_Renderer.asm(424) : error A2006:undefined symbol : StringEnd
D:\rawrxd\RawrXD_TextEditor_Renderer.asm(427) : error A2006:undefined symbol : StringLoop
D:\rawrxd\RawrXD_TextEditor_Renderer.asm(441) : error A2006:undefined symbol : NumberEnd
D:\rawrxd\RawrXD_TextEditor_Renderer.asm(443) : error A2009:syntax error in expression
D:\rawrxd\RawrXD_TextEditor_Renderer.asm(445) : error A2006:undefined symbol : NumberEnd
D:\rawrxd\RawrXD_TextEditor_Renderer.asm(447) : error A2006:undefined symbol : CheckHex
D:\rawrxd\RawrXD_TextEditor_Renderer.asm(449) : error A2006:undefined symbol : NumberLoop
D:\rawrxd\RawrXD_TextEditor_Renderer.asm(454) : error A2006:undefined symbol : NumEnd
D:\rawrxd\RawrXD_TextEditor_Renderer.asm(456) : error A2006:undefined symbol : NumEnd
D:\rawrxd\RawrXD_TextEditor_Renderer.asm(458) : error A2006:undefined symbol : NumEnd
D:\rawrxd\RawrXD_TextEditor_Renderer.asm(460) : error A2006:undefined symbol : NumEnd
D:\rawrxd\RawrXD_TextEditor_Renderer.asm(466) : error A2006:undefined symbol : DoneNumber
D:\rawrxd\RawrXD_TextEditor_Renderer.asm(526) : error A2006:undefined symbol : RenderDone
D:\rawrxd\RawrXD_TextEditor_Renderer.asm(531) : error A2009:syntax error in expression
D:\rawrxd\RawrXD_TextEditor_Renderer.asm(534) : error A2206:missing operator in expression
D:\rawrxd\RawrXD_TextEditor_Renderer.asm(535) : error A2006:undefined symbol : RenderDone
D:\rawrxd\RawrXD_TextEditor_Renderer.asm(537) : error A2006:undefined symbol : RenderDone
D:\rawrxd\RawrXD_TextEditor_Renderer.asm(541) : error A2022:instruction operands must be the same size
D:\rawrxd\RawrXD_TextEditor_Renderer.asm(549) : error A2022:instruction operands must be the same size
D:\rawrxd\RawrXD_TextEditor_Renderer.asm(561) : error A2022:instruction operands must be the same size
D:\rawrxd\RawrXD_TextEditor_Renderer.asm(562) : error A2009:syntax error in expression
D:\rawrxd\RawrXD_TextEditor_Renderer.asm(563) : error A2009:syntax error in expression
D:\rawrxd\RawrXD_TextEditor_Renderer.asm(564) : error A2009:syntax error in expression
D:\rawrxd\RawrXD_TextEditor_Renderer.asm(570) : error A2022:instruction operands must be the same size
D:\rawrxd\RawrXD_TextEditor_Renderer.asm(572) : error A2006:undefined symbol : RenderToken
D:\rawrxd\RawrXD_TextEditor_Renderer.asm(615) : error A2022:instruction operands must be the same size
D:\rawrxd\RawrXD_TextEditor_Renderer.asm(616) : error A2009:syntax error in expression
D:\rawrxd\RawrXD_TextEditor_Renderer.asm(617) : error A2009:syntax error in expression
D:\rawrxd\RawrXD_TextEditor_Renderer.asm(633) : error A2006:undefined symbol : RenderComplete
D:\rawrxd\RawrXD_TextEditor_Renderer.asm(636) : fatal error A1012:error count exceeds 100; stopping assembly
