 Assembling: D:\rawrxd\src\RawrXD_Complete_ReverseEngineered.asm
D:\rawrxd\src\RawrXD_Complete_ReverseEngineered.asm(491) : error A2008:syntax error : ,
D:\rawrxd\src\RawrXD_Complete_ReverseEngineered.asm(839) : error A2008:syntax error : ,
D:\rawrxd\src\RawrXD_Complete_ReverseEngineered.asm(848) : error A2008:syntax error : ,
D:\rawrxd\src\RawrXD_Complete_ReverseEngineered.asm(1341) : error A2008:syntax error : ,
D:\rawrxd\src\RawrXD_Complete_ReverseEngineered.asm(1840) : error A2008:syntax error : ,
D:\rawrxd\src\RawrXD_Complete_ReverseEngineered.asm(6) : error A2206:missing operator in expression
D:\rawrxd\src\RawrXD_Complete_ReverseEngineered.asm(8) : error A2006:undefined symbol : INFINITY_STREAM_FULL
D:\rawrxd\src\RawrXD_Complete_ReverseEngineered.asm(11) : error A2006:undefined symbol : QUAD_SLOT_FULL
D:\rawrxd\src\RawrXD_Complete_ReverseEngineered.asm(17) : error A2006:undefined symbol : QUAD_SLOT_FULL
D:\rawrxd\src\RawrXD_Complete_ReverseEngineered.asm(22) : error A2006:undefined symbol : QUAD_SLOT_FULL
D:\rawrxd\src\RawrXD_Complete_ReverseEngineered.asm(30) : error A2006:undefined symbol : INFINITY_STREAM_FULL
D:\rawrxd\src\RawrXD_Complete_ReverseEngineered.asm(35) : error A2006:undefined symbol : INFINITY_STREAM_FULL
D:\rawrxd\src\RawrXD_Complete_ReverseEngineered.asm(39) : error A2006:undefined symbol : INFINITY_STREAM_FULL
D:\rawrxd\src\RawrXD_Complete_ReverseEngineered.asm(45) : error A2206:missing operator in expression
D:\rawrxd\src\RawrXD_Complete_ReverseEngineered.asm(57) : error A2206:missing operator in expression
D:\rawrxd\src\RawrXD_Complete_ReverseEngineered.asm(61) : error A2006:undefined symbol : g_task_scheduler
D:\rawrxd\src\RawrXD_Complete_ReverseEngineered.asm(62) : error A2006:undefined symbol : TASK_SCHEDULER
D:\rawrxd\src\RawrXD_Complete_ReverseEngineered.asm(63) : error A2006:undefined symbol : TASK_SCHEDULER
D:\rawrxd\src\RawrXD_Complete_ReverseEngineered.asm(66) : error A2006:undefined symbol : WORKER_CONTEXT
D:\rawrxd\src\RawrXD_Complete_ReverseEngineered.asm(73) : error A2006:undefined symbol : TASK_SCHEDULER
D:\rawrxd\src\RawrXD_Complete_ReverseEngineered.asm(82) : error A2006:undefined symbol : TASK_SCHEDULER
D:\rawrxd\src\RawrXD_Complete_ReverseEngineered.asm(85) : error A2006:undefined symbol : TASK_SCHEDULER
D:\rawrxd\src\RawrXD_Complete_ReverseEngineered.asm(102) : error A2006:undefined symbol : TASK_SCHEDULER
D:\rawrxd\src\RawrXD_Complete_ReverseEngineered.asm(103) : error A2006:undefined symbol : WORKER_CONTEXT
D:\rawrxd\src\RawrXD_Complete_ReverseEngineered.asm(107) : error A2006:undefined symbol : WORKER_CONTEXT
D:\rawrxd\src\RawrXD_Complete_ReverseEngineered.asm(108) : error A2006:undefined symbol : WORKER_CONTEXT
D:\rawrxd\src\RawrXD_Complete_ReverseEngineered.asm(109) : error A2006:undefined symbol : WORKER_CONTEXT
D:\rawrxd\src\RawrXD_Complete_ReverseEngineered.asm(110) : error A2006:undefined symbol : WORKER_CONTEXT
D:\rawrxd\src\RawrXD_Complete_ReverseEngineered.asm(113) : error A2006:undefined symbol : WORKER_CONTEXT
D:\rawrxd\src\RawrXD_Complete_ReverseEngineered.asm(122) : error A2006:undefined symbol : WORKER_CONTEXT
D:\rawrxd\src\RawrXD_Complete_ReverseEngineered.asm(132) : error A2006:undefined symbol : WORKER_CONTEXT
D:\rawrxd\src\RawrXD_Complete_ReverseEngineered.asm(143) : error A2006:undefined symbol : WORKER_CONTEXT
D:\rawrxd\src\RawrXD_Complete_ReverseEngineered.asm(154) : error A2006:undefined symbol : THREAD_PRIORITY_NORMAL
D:\rawrxd\src\RawrXD_Complete_ReverseEngineered.asm(157) : error A2006:undefined symbol : THREAD_PRIORITY_ABOVE_NORMAL
D:\rawrxd\src\RawrXD_Complete_ReverseEngineered.asm(160) : error A2006:undefined symbol : THREAD_PRIORITY_HIGHEST
D:\rawrxd\src\RawrXD_Complete_ReverseEngineered.asm(176) : error A2006:undefined symbol : TASK_SCHEDULER
D:\rawrxd\src\RawrXD_Complete_ReverseEngineered.asm(178) : error A2206:missing operator in expression
D:\rawrxd\src\RawrXD_Complete_ReverseEngineered.asm(186) : error A2206:missing operator in expression
D:\rawrxd\src\RawrXD_Complete_ReverseEngineered.asm(188) : error A2006:undefined symbol : g_task_scheduler
D:\rawrxd\src\RawrXD_Complete_ReverseEngineered.asm(191) : error A2006:undefined symbol : WORKER_CONTEXT
D:\rawrxd\src\RawrXD_Complete_ReverseEngineered.asm(192) : error A2006:undefined symbol : WORKER_CONTEXT
D:\rawrxd\src\RawrXD_Complete_ReverseEngineered.asm(196) : error A2006:undefined symbol : WORKER_CONTEXT
D:\rawrxd\src\RawrXD_Complete_ReverseEngineered.asm(201) : error A2006:undefined symbol : TASK_SCHEDULER
D:\rawrxd\src\RawrXD_Complete_ReverseEngineered.asm(210) : error A2006:undefined symbol : WORKER_CONTEXT
D:\rawrxd\src\RawrXD_Complete_ReverseEngineered.asm(215) : error A2006:undefined symbol : WORKER_CONTEXT
D:\rawrxd\src\RawrXD_Complete_ReverseEngineered.asm(225) : error A2006:undefined symbol : TASK_SCHEDULER
D:\rawrxd\src\RawrXD_Complete_ReverseEngineered.asm(226) : error A2006:undefined symbol : WORKER_CONTEXT
D:\rawrxd\src\RawrXD_Complete_ReverseEngineered.asm(227) : error A2006:undefined symbol : WORKER_CONTEXT
D:\rawrxd\src\RawrXD_Complete_ReverseEngineered.asm(230) : error A2006:undefined symbol : TASK_NODE
D:\rawrxd\src\RawrXD_Complete_ReverseEngineered.asm(232) : error A2006:undefined symbol : TASK_NODE
D:\rawrxd\src\RawrXD_Complete_ReverseEngineered.asm(235) : error A2006:undefined symbol : TASK_NODE
D:\rawrxd\src\RawrXD_Complete_ReverseEngineered.asm(250) : error A2006:undefined symbol : TASK_NODE
D:\rawrxd\src\RawrXD_Complete_ReverseEngineered.asm(251) : error A2006:undefined symbol : TASK_NODE
D:\rawrxd\src\RawrXD_Complete_ReverseEngineered.asm(257) : error A2006:undefined symbol : TASK_NODE
D:\rawrxd\src\RawrXD_Complete_ReverseEngineered.asm(258) : error A2006:undefined symbol : TASK_NODE
D:\rawrxd\src\RawrXD_Complete_ReverseEngineered.asm(260) : error A2006:undefined symbol : TASK_NODE
D:\rawrxd\src\RawrXD_Complete_ReverseEngineered.asm(263) : error A2006:undefined symbol : TASK_NODE
D:\rawrxd\src\RawrXD_Complete_ReverseEngineered.asm(270) : error A2006:undefined symbol : WORKER_CONTEXT
D:\rawrxd\src\RawrXD_Complete_ReverseEngineered.asm(271) : error A2006:undefined symbol : TASK_SCHEDULER
D:\rawrxd\src\RawrXD_Complete_ReverseEngineered.asm(272) : error A2006:undefined symbol : WORKER_CONTEXT
D:\rawrxd\src\RawrXD_Complete_ReverseEngineered.asm(273) : error A2006:undefined symbol : WORKER_CONTEXT
D:\rawrxd\src\RawrXD_Complete_ReverseEngineered.asm(276) : error A2006:undefined symbol : TASK_SCHEDULER
D:\rawrxd\src\RawrXD_Complete_ReverseEngineered.asm(279) : error A2006:undefined symbol : TASK_SCHEDULER
D:\rawrxd\src\RawrXD_Complete_ReverseEngineered.asm(280) : error A2006:undefined symbol : TASK_SCHEDULER
D:\rawrxd\src\RawrXD_Complete_ReverseEngineered.asm(282) : error A2006:undefined symbol : TASK_SCHEDULER
D:\rawrxd\src\RawrXD_Complete_ReverseEngineered.asm(289) : error A2006:undefined symbol : WORKER_CONTEXT
D:\rawrxd\src\RawrXD_Complete_ReverseEngineered.asm(291) : error A2206:missing operator in expression
D:\rawrxd\src\RawrXD_Complete_ReverseEngineered.asm(300) : error A2206:missing operator in expression
D:\rawrxd\src\RawrXD_Complete_ReverseEngineered.asm(306) : error A2006:undefined symbol : TASK_NODE
D:\rawrxd\src\RawrXD_Complete_ReverseEngineered.asm(310) : error A2006:undefined symbol : TASK_NODE
D:\rawrxd\src\RawrXD_Complete_ReverseEngineered.asm(320) : error A2206:missing operator in expression
D:\rawrxd\src\RawrXD_Complete_ReverseEngineered.asm(326) : error A2206:missing operator in expression
D:\rawrxd\src\RawrXD_Complete_ReverseEngineered.asm(347) : error A2006:undefined symbol : WORKER_CONTEXT
D:\rawrxd\src\RawrXD_Complete_ReverseEngineered.asm(349) : error A2006:undefined symbol : TASK_SCHEDULER
D:\rawrxd\src\RawrXD_Complete_ReverseEngineered.asm(353) : error A2006:undefined symbol : WORKER_CONTEXT
D:\rawrxd\src\RawrXD_Complete_ReverseEngineered.asm(355) : error A2006:undefined symbol : WORKER_CONTEXT
D:\rawrxd\src\RawrXD_Complete_ReverseEngineered.asm(372) : error A2206:missing operator in expression
D:\rawrxd\src\RawrXD_Complete_ReverseEngineered.asm(383) : error A2006:undefined symbol : WORKER_CONTEXT
D:\rawrxd\src\RawrXD_Complete_ReverseEngineered.asm(386) : error A2006:undefined symbol : WORKER_CONTEXT
D:\rawrxd\src\RawrXD_Complete_ReverseEngineered.asm(391) : error A2006:undefined symbol : TASK_NODE
D:\rawrxd\src\RawrXD_Complete_ReverseEngineered.asm(392) : error A2006:undefined symbol : WORKER_CONTEXT
D:\rawrxd\src\RawrXD_Complete_ReverseEngineered.asm(396) : error A2006:undefined symbol : WORKER_CONTEXT
D:\rawrxd\src\RawrXD_Complete_ReverseEngineered.asm(399) : error A2006:undefined symbol : TASK_NODE
D:\rawrxd\src\RawrXD_Complete_ReverseEngineered.asm(400) : error A2006:undefined symbol : TASK_NODE
D:\rawrxd\src\RawrXD_Complete_ReverseEngineered.asm(401) : error A2006:undefined symbol : WORKER_CONTEXT
D:\rawrxd\src\RawrXD_Complete_ReverseEngineered.asm(404) : error A2006:undefined symbol : WORKER_CONTEXT
D:\rawrxd\src\RawrXD_Complete_ReverseEngineered.asm(415) : error A2206:missing operator in expression
D:\rawrxd\src\RawrXD_Complete_ReverseEngineered.asm(419) : error A2006:undefined symbol : TASK_SCHEDULER
D:\rawrxd\src\RawrXD_Complete_ReverseEngineered.asm(420) : error A2006:undefined symbol : WORKER_CONTEXT
D:\rawrxd\src\RawrXD_Complete_ReverseEngineered.asm(424) : error A2006:undefined symbol : WORKER_CONTEXT
D:\rawrxd\src\RawrXD_Complete_ReverseEngineered.asm(427) : error A2006:undefined symbol : WORKER_CONTEXT
D:\rawrxd\src\RawrXD_Complete_ReverseEngineered.asm(433) : error A2006:undefined symbol : WORKER_CONTEXT
D:\rawrxd\src\RawrXD_Complete_ReverseEngineered.asm(438) : error A2006:undefined symbol : WORKER_CONTEXT
D:\rawrxd\src\RawrXD_Complete_ReverseEngineered.asm(445) : error A2006:undefined symbol : TASK_NODE
D:\rawrxd\src\RawrXD_Complete_ReverseEngineered.asm(453) : error A2006:undefined symbol : TASK_NODE
D:\rawrxd\src\RawrXD_Complete_ReverseEngineered.asm(454) : error A2006:undefined symbol : WORKER_CONTEXT
D:\rawrxd\src\RawrXD_Complete_ReverseEngineered.asm(459) : error A2006:undefined symbol : WORKER_CONTEXT
D:\rawrxd\src\RawrXD_Complete_ReverseEngineered.asm(460) : error A2006:undefined symbol : WORKER_CONTEXT
D:\rawrxd\src\RawrXD_Complete_ReverseEngineered.asm(463) : error A2006:undefined symbol : WORKER_CONTEXT
D:\rawrxd\src\RawrXD_Complete_ReverseEngineered.asm(464) : error A2006:undefined symbol : WORKER_CONTEXT
D:\rawrxd\src\RawrXD_Complete_ReverseEngineered.asm(465) : fatal error A1012:error count exceeds 100; stopping assembly
