 Assembling: D:\rawrxd\reconstructed\Stash House\RawrXD-Main\src\asm\cursor\host\replacement.asm
D:\rawrxd\reconstructed\Stash House\RawrXD-Main\src\asm\cursor\host\replacement.asm(37) : error A2008:syntax error : db
D:\rawrxd\reconstructed\Stash House\RawrXD-Main\src\asm\cursor\host\replacement.asm(108) : error A2008:syntax error : CreateNamedPipeA
D:\rawrxd\reconstructed\Stash House\RawrXD-Main\src\asm\cursor\host\replacement.asm(119) : error A2008:syntax error : invoke
D:\rawrxd\reconstructed\Stash House\RawrXD-Main\src\asm\cursor\host\replacement.asm(123) : error A2008:syntax error : invoke
D:\rawrxd\reconstructed\Stash House\RawrXD-Main\src\asm\cursor\host\replacement.asm(191) : error A2008:syntax error : CreateProcessA
D:\rawrxd\reconstructed\Stash House\RawrXD-Main\src\asm\cursor\host\replacement.asm(223) : error A2008:syntax error : OutputDebugStringA
D:\rawrxd\reconstructed\Stash House\RawrXD-Main\src\asm\cursor\host\replacement.asm(227) : error A2008:syntax error : OutputDebugStringA
D:\rawrxd\reconstructed\Stash House\RawrXD-Main\src\asm\cursor\host\replacement.asm(242) : error A2008:syntax error : CreateNamedPipeA
D:\rawrxd\reconstructed\Stash House\RawrXD-Main\src\asm\cursor\host\replacement.asm(272) : error A2008:syntax error : invoke
D:\rawrxd\reconstructed\Stash House\RawrXD-Main\src\asm\cursor\host\replacement.asm(276) : error A2008:syntax error : ReadFile
D:\rawrxd\reconstructed\Stash House\RawrXD-Main\src\asm\cursor\host\replacement.asm(328) : error A2008:syntax error : WriteFile
D:\rawrxd\reconstructed\Stash House\RawrXD-Main\src\asm\cursor\host\replacement.asm(329) : error A2008:syntax error : invoke
D:\rawrxd\reconstructed\Stash House\RawrXD-Main\src\asm\cursor\host\replacement.asm(332) : error A2008:syntax error : invoke
D:\rawrxd\reconstructed\Stash House\RawrXD-Main\src\asm\cursor\host\replacement.asm(366) : error A2008:syntax error : LoadLibraryA
D:\rawrxd\reconstructed\Stash House\RawrXD-Main\src\asm\cursor\host\replacement.asm(425) : error A2008:syntax error : WriteFile
D:\rawrxd\reconstructed\Stash House\RawrXD-Main\src\asm\cursor\host\replacement.asm(487) : error A2008:syntax error : ReadFile
D:\rawrxd\reconstructed\Stash House\RawrXD-Main\src\asm\cursor\host\replacement.asm(493) : error A2008:syntax error : WriteFile
D:\rawrxd\reconstructed\Stash House\RawrXD-Main\src\asm\cursor\host\replacement.asm(506) : error A2008:syntax error : invoke
D:\rawrxd\reconstructed\Stash House\RawrXD-Main\src\asm\cursor\host\replacement.asm(509) : error A2008:syntax error : ReadFile
D:\rawrxd\reconstructed\Stash House\RawrXD-Main\src\asm\cursor\host\replacement.asm(516) : error A2008:syntax error : WriteFile
D:\rawrxd\reconstructed\Stash House\RawrXD-Main\src\asm\cursor\host\replacement.asm(517) : error A2008:syntax error : invoke
D:\rawrxd\reconstructed\Stash House\RawrXD-Main\src\asm\cursor\host\replacement.asm(567) : error A2008:syntax error : GetFileAttributesA
D:\rawrxd\reconstructed\Stash House\RawrXD-Main\src\asm\cursor\host\replacement.asm(173) : error A2006:undefined symbol : STARTUPINFO
D:\rawrxd\reconstructed\Stash House\RawrXD-Main\src\asm\cursor\host\replacement.asm(176) : error A2006:undefined symbol : STARTUPINFO
