 Assembling: D:\rawrxd\history\-2b4f82f3\RktX.asm
D:\rawrxd\history\-2b4f82f3\RktX.asm(6) : error A2008:syntax error : BITS
D:\rawrxd\history\-2b4f82f3\RktX.asm(7) : error A2008:syntax error : DEFAULT
D:\rawrxd\history\-2b4f82f3\RktX.asm(14) : error A2008:syntax error : define
D:\rawrxd\history\-2b4f82f3\RktX.asm(15) : error A2008:syntax error : define
D:\rawrxd\history\-2b4f82f3\RktX.asm(16) : error A2008:syntax error : define
D:\rawrxd\history\-2b4f82f3\RktX.asm(17) : error A2008:syntax error : define
D:\rawrxd\history\-2b4f82f3\RktX.asm(23) : error A2008:syntax error : section
D:\rawrxd\history\-2b4f82f3\RktX.asm(25) : error A2008:syntax error : global
D:\rawrxd\history\-2b4f82f3\RktX.asm(26) : error A2034:must be in segment block
D:\rawrxd\history\-2b4f82f3\RktX.asm(27) : error A2034:must be in segment block
D:\rawrxd\history\-2b4f82f3\RktX.asm(28) : error A2034:must be in segment block
D:\rawrxd\history\-2b4f82f3\RktX.asm(29) : error A2034:must be in segment block
D:\rawrxd\history\-2b4f82f3\RktX.asm(30) : error A2034:must be in segment block
D:\rawrxd\history\-2b4f82f3\RktX.asm(31) : error A2034:must be in segment block
D:\rawrxd\history\-2b4f82f3\RktX.asm(32) : error A2034:must be in segment block
D:\rawrxd\history\-2b4f82f3\RktX.asm(33) : error A2034:must be in segment block
D:\rawrxd\history\-2b4f82f3\RktX.asm(34) : error A2034:must be in segment block
D:\rawrxd\history\-2b4f82f3\RktX.asm(35) : error A2034:must be in segment block
D:\rawrxd\history\-2b4f82f3\RktX.asm(36) : error A2034:must be in segment block
D:\rawrxd\history\-2b4f82f3\RktX.asm(37) : error A2034:must be in segment block
D:\rawrxd\history\-2b4f82f3\RktX.asm(39) : error A2034:must be in segment block
D:\rawrxd\history\-2b4f82f3\RktX.asm(42) : error A2034:must be in segment block
D:\rawrxd\history\-2b4f82f3\RktX.asm(43) : error A2109:only white space or comment can follow backslash
D:\rawrxd\history\-2b4f82f3\RktX.asm(45) : error A2109:only white space or comment can follow backslash
D:\rawrxd\history\-2b4f82f3\RktX.asm(47) : error A2109:only white space or comment can follow backslash
D:\rawrxd\history\-2b4f82f3\RktX.asm(54) : error A2008:syntax error : in directive
D:\rawrxd\history\-2b4f82f3\RktX.asm(55) : error A2008:syntax error : in directive
D:\rawrxd\history\-2b4f82f3\RktX.asm(56) : error A2008:syntax error : in directive
D:\rawrxd\history\-2b4f82f3\RktX.asm(57) : error A2008:syntax error : in directive
D:\rawrxd\history\-2b4f82f3\RktX.asm(58) : error A2008:syntax error : in directive
D:\rawrxd\history\-2b4f82f3\RktX.asm(59) : error A2008:syntax error : in directive
D:\rawrxd\history\-2b4f82f3\RktX.asm(60) : error A2008:syntax error : in directive
D:\rawrxd\history\-2b4f82f3\RktX.asm(72) : error A2008:syntax error : section
D:\rawrxd\history\-2b4f82f3\RktX.asm(74) : error A2034:must be in segment block
D:\rawrxd\history\-2b4f82f3\RktX.asm(75) : error A2034:must be in segment block
D:\rawrxd\history\-2b4f82f3\RktX.asm(76) : error A2034:must be in segment block
D:\rawrxd\history\-2b4f82f3\RktX.asm(77) : error A2034:must be in segment block
D:\rawrxd\history\-2b4f82f3\RktX.asm(79) : error A2008:syntax error : section
D:\rawrxd\history\-2b4f82f3\RktX.asm(86) : error A2008:syntax error : global
D:\rawrxd\history\-2b4f82f3\RktX.asm(87) : error A2034:must be in segment block
D:\rawrxd\history\-2b4f82f3\RktX.asm(89) : error A2034:must be in segment block
D:\rawrxd\history\-2b4f82f3\RktX.asm(92) : error A2034:must be in segment block
D:\rawrxd\history\-2b4f82f3\RktX.asm(95) : error A2034:must be in segment block
D:\rawrxd\history\-2b4f82f3\RktX.asm(98) : error A2034:must be in segment block
D:\rawrxd\history\-2b4f82f3\RktX.asm(101) : error A2034:must be in segment block
D:\rawrxd\history\-2b4f82f3\RktX.asm(103) : error A2034:must be in segment block
D:\rawrxd\history\-2b4f82f3\RktX.asm(104) : error A2034:must be in segment block
D:\rawrxd\history\-2b4f82f3\RktX.asm(117) : error A2008:syntax error : global
D:\rawrxd\history\-2b4f82f3\RktX.asm(118) : error A2034:must be in segment block
D:\rawrxd\history\-2b4f82f3\RktX.asm(120) : error A2034:must be in segment block
D:\rawrxd\history\-2b4f82f3\RktX.asm(121) : error A2034:must be in segment block
D:\rawrxd\history\-2b4f82f3\RktX.asm(122) : error A2034:must be in segment block
D:\rawrxd\history\-2b4f82f3\RktX.asm(124) : error A2034:must be in segment block
D:\rawrxd\history\-2b4f82f3\RktX.asm(125) : error A2034:must be in segment block
D:\rawrxd\history\-2b4f82f3\RktX.asm(126) : error A2034:must be in segment block
D:\rawrxd\history\-2b4f82f3\RktX.asm(128) : error A2034:must be in segment block
D:\rawrxd\history\-2b4f82f3\RktX.asm(129) : error A2034:must be in segment block
D:\rawrxd\history\-2b4f82f3\RktX.asm(130) : error A2034:must be in segment block
D:\rawrxd\history\-2b4f82f3\RktX.asm(131) : error A2008:syntax error : .
D:\rawrxd\history\-2b4f82f3\RktX.asm(132) : error A2034:must be in segment block
D:\rawrxd\history\-2b4f82f3\RktX.asm(133) : error A2034:must be in segment block
D:\rawrxd\history\-2b4f82f3\RktX.asm(134) : error A2034:must be in segment block
D:\rawrxd\history\-2b4f82f3\RktX.asm(140) : error A2034:must be in segment block
D:\rawrxd\history\-2b4f82f3\RktX.asm(141) : error A2034:must be in segment block
D:\rawrxd\history\-2b4f82f3\RktX.asm(143) : error A2034:must be in segment block
D:\rawrxd\history\-2b4f82f3\RktX.asm(144) : error A2034:must be in segment block
D:\rawrxd\history\-2b4f82f3\RktX.asm(146) : error A2034:must be in segment block
D:\rawrxd\history\-2b4f82f3\RktX.asm(148) : error A2034:must be in segment block
D:\rawrxd\history\-2b4f82f3\RktX.asm(149) : error A2034:must be in segment block
D:\rawrxd\history\-2b4f82f3\RktX.asm(150) : error A2034:must be in segment block
D:\rawrxd\history\-2b4f82f3\RktX.asm(151) : error A2034:must be in segment block
D:\rawrxd\history\-2b4f82f3\RktX.asm(153) : error A2034:must be in segment block
D:\rawrxd\history\-2b4f82f3\RktX.asm(154) : error A2034:must be in segment block
D:\rawrxd\history\-2b4f82f3\RktX.asm(155) : error A2034:must be in segment block
D:\rawrxd\history\-2b4f82f3\RktX.asm(156) : error A2034:must be in segment block
D:\rawrxd\history\-2b4f82f3\RktX.asm(157) : error A2034:must be in segment block
D:\rawrxd\history\-2b4f82f3\RktX.asm(158) : error A2034:must be in segment block
D:\rawrxd\history\-2b4f82f3\RktX.asm(159) : error A2034:must be in segment block
D:\rawrxd\history\-2b4f82f3\RktX.asm(160) : error A2034:must be in segment block
D:\rawrxd\history\-2b4f82f3\RktX.asm(161) : error A2034:must be in segment block
D:\rawrxd\history\-2b4f82f3\RktX.asm(162) : error A2034:must be in segment block
D:\rawrxd\history\-2b4f82f3\RktX.asm(163) : error A2034:must be in segment block
D:\rawrxd\history\-2b4f82f3\RktX.asm(164) : error A2034:must be in segment block
D:\rawrxd\history\-2b4f82f3\RktX.asm(166) : error A2034:must be in segment block
D:\rawrxd\history\-2b4f82f3\RktX.asm(168) : error A2034:must be in segment block
D:\rawrxd\history\-2b4f82f3\RktX.asm(169) : error A2034:must be in segment block
D:\rawrxd\history\-2b4f82f3\RktX.asm(170) : error A2008:syntax error : .
D:\rawrxd\history\-2b4f82f3\RktX.asm(171) : error A2034:must be in segment block
D:\rawrxd\history\-2b4f82f3\RktX.asm(172) : error A2034:must be in segment block
D:\rawrxd\history\-2b4f82f3\RktX.asm(173) : error A2034:must be in segment block
D:\rawrxd\history\-2b4f82f3\RktX.asm(174) : error A2034:must be in segment block
D:\rawrxd\history\-2b4f82f3\RktX.asm(175) : error A2034:must be in segment block
D:\rawrxd\history\-2b4f82f3\RktX.asm(180) : error A2034:must be in segment block
D:\rawrxd\history\-2b4f82f3\RktX.asm(181) : error A2008:syntax error : .
D:\rawrxd\history\-2b4f82f3\RktX.asm(183) : error A2034:must be in segment block
D:\rawrxd\history\-2b4f82f3\RktX.asm(184) : error A2034:must be in segment block
D:\rawrxd\history\-2b4f82f3\RktX.asm(185) : error A2034:must be in segment block
D:\rawrxd\history\-2b4f82f3\RktX.asm(186) : error A2034:must be in segment block
D:\rawrxd\history\-2b4f82f3\RktX.asm(187) : error A2034:must be in segment block
D:\rawrxd\history\-2b4f82f3\RktX.asm(188) : error A2034:must be in segment block
D:\rawrxd\history\-2b4f82f3\RktX.asm(189) : fatal error A1012:error count exceeds 100; stopping assembly
