 Assembling: D:\rawrxd\history\-19e542b\SNRF.asm
D:\rawrxd\history\-19e542b\SNRF.asm(8) : error A2008:syntax error : .
D:\rawrxd\history\-19e542b\SNRF.asm(9) : error A2008:syntax error : .
D:\rawrxd\history\-19e542b\SNRF.asm(10) : error A2008:syntax error : .
D:\rawrxd\history\-19e542b\SNRF.asm(12) : error A2008:syntax error : LITERALS
D:\rawrxd\history\-19e542b\SNRF.asm(358) : error A2070:invalid instruction operands
D:\rawrxd\history\-19e542b\SNRF.asm(204) : error A2206:missing operator in expression
D:\rawrxd\history\-19e542b\SNRF.asm(205) : error A2206:missing operator in expression
D:\rawrxd\history\-19e542b\SNRF.asm(221) : error A2206:missing operator in expression
D:\rawrxd\history\-19e542b\SNRF.asm(259) : error A2206:missing operator in expression
D:\rawrxd\history\-19e542b\SNRF.asm(262) : error A2206:missing operator in expression
D:\rawrxd\history\-19e542b\SNRF.asm(263) : error A2206:missing operator in expression
D:\rawrxd\history\-19e542b\SNRF.asm(264) : error A2206:missing operator in expression
D:\rawrxd\history\-19e542b\SNRF.asm(265) : error A2206:missing operator in expression
D:\rawrxd\history\-19e542b\SNRF.asm(266) : error A2206:missing operator in expression
D:\rawrxd\history\-19e542b\SNRF.asm(267) : error A2206:missing operator in expression
D:\rawrxd\history\-19e542b\SNRF.asm(268) : error A2206:missing operator in expression
D:\rawrxd\history\-19e542b\SNRF.asm(269) : error A2206:missing operator in expression
D:\rawrxd\history\-19e542b\SNRF.asm(270) : error A2206:missing operator in expression
D:\rawrxd\history\-19e542b\SNRF.asm(271) : error A2206:missing operator in expression
D:\rawrxd\history\-19e542b\SNRF.asm(272) : error A2206:missing operator in expression
D:\rawrxd\history\-19e542b\SNRF.asm(273) : error A2206:missing operator in expression
D:\rawrxd\history\-19e542b\SNRF.asm(274) : error A2206:missing operator in expression
D:\rawrxd\history\-19e542b\SNRF.asm(286) : error A2206:missing operator in expression
D:\rawrxd\history\-19e542b\SNRF.asm(289) : error A2206:missing operator in expression
D:\rawrxd\history\-19e542b\SNRF.asm(290) : error A2206:missing operator in expression
D:\rawrxd\history\-19e542b\SNRF.asm(291) : error A2206:missing operator in expression
D:\rawrxd\history\-19e542b\SNRF.asm(292) : error A2206:missing operator in expression
D:\rawrxd\history\-19e542b\SNRF.asm(340) : error A2206:missing operator in expression
D:\rawrxd\history\-19e542b\SNRF.asm(346) : error A2206:missing operator in expression
D:\rawrxd\history\-19e542b\SNRF.asm(352) : error A2206:missing operator in expression
D:\rawrxd\history\-19e542b\SNRF.asm(360) : error A2206:missing operator in expression
D:\rawrxd\history\-19e542b\SNRF.asm(367) : error A2206:missing operator in expression
D:\rawrxd\history\-19e542b\SNRF.asm(369) : error A2206:missing operator in expression
D:\rawrxd\history\-19e542b\SNRF.asm(370) : error A2206:missing operator in expression
D:\rawrxd\history\-19e542b\SNRF.asm(378) : error A2206:missing operator in expression
D:\rawrxd\history\-19e542b\SNRF.asm(379) : error A2206:missing operator in expression
D:\rawrxd\history\-19e542b\SNRF.asm(382) : error A2206:missing operator in expression
D:\rawrxd\history\-19e542b\SNRF.asm(383) : error A2206:missing operator in expression
D:\rawrxd\history\-19e542b\SNRF.asm(384) : error A2206:missing operator in expression
D:\rawrxd\history\-19e542b\SNRF.asm(385) : error A2206:missing operator in expression
D:\rawrxd\history\-19e542b\SNRF.asm(386) : error A2206:missing operator in expression
D:\rawrxd\history\-19e542b\SNRF.asm(454) : error A2206:missing operator in expression
D:\rawrxd\history\-19e542b\SNRF.asm(455) : error A2206:missing operator in expression
D:\rawrxd\history\-19e542b\SNRF.asm(482) : error A2206:missing operator in expression
D:\rawrxd\history\-19e542b\SNRF.asm(483) : error A2206:missing operator in expression
D:\rawrxd\history\-19e542b\SNRF.asm(487) : error A2206:missing operator in expression
D:\rawrxd\history\-19e542b\SNRF.asm(495) : error A2206:missing operator in expression
D:\rawrxd\history\-19e542b\SNRF.asm(496) : error A2206:missing operator in expression
D:\rawrxd\history\-19e542b\SNRF.asm(507) : error A2206:missing operator in expression
D:\rawrxd\history\-19e542b\SNRF.asm(508) : error A2206:missing operator in expression
D:\rawrxd\history\-19e542b\SNRF.asm(541) : error A2022:instruction operands must be the same size
D:\rawrxd\history\-19e542b\SNRF.asm(664) : error A2206:missing operator in expression
D:\rawrxd\history\-19e542b\SNRF.asm(780) : error A2206:missing operator in expression
D:\rawrxd\history\-19e542b\SNRF.asm(781) : error A2206:missing operator in expression
D:\rawrxd\history\-19e542b\SNRF.asm(788) : error A2022:instruction operands must be the same size
D:\rawrxd\history\-19e542b\SNRF.asm(794) : error A2206:missing operator in expression
D:\rawrxd\history\-19e542b\SNRF.asm(795) : error A2206:missing operator in expression
D:\rawrxd\history\-19e542b\SNRF.asm(869) : error A2206:missing operator in expression
D:\rawrxd\history\-19e542b\SNRF.asm(876) : error A2206:missing operator in expression
