 Assembling: D:\rawrxd\reconstructed\Users\HiH8e\Downloads\RawrXD-production-lazy-init\src\masm\final-ide\masm\ml\training\studio.asm
D:\rawrxd\reconstructed\Users\HiH8e\Downloads\RawrXD-production-lazy-init\src\masm\final-ide\masm\ml\training\studio.asm(59) : error A2008:syntax error : type
D:\rawrxd\reconstructed\Users\HiH8e\Downloads\RawrXD-production-lazy-init\src\masm\final-ide\masm\ml\training\studio.asm(78) : error A2008:syntax error : type
D:\rawrxd\reconstructed\Users\HiH8e\Downloads\RawrXD-production-lazy-init\src\masm\final-ide\masm\ml\training\studio.asm(292) : error A2006:undefined symbol : WNDCLASSEXA
D:\rawrxd\reconstructed\Users\HiH8e\Downloads\RawrXD-production-lazy-init\src\masm\final-ide\masm\ml\training\studio.asm(292) : error A2195:parameter or local cannot have void type
D:\rawrxd\reconstructed\Users\HiH8e\Downloads\RawrXD-production-lazy-init\src\masm\final-ide\masm\ml\training\studio.asm(322) : error A2006:undefined symbol : WNDCLASSEXA
D:\rawrxd\reconstructed\Users\HiH8e\Downloads\RawrXD-production-lazy-init\src\masm\final-ide\masm\ml\training\studio.asm(322) : error A2195:parameter or local cannot have void type
D:\rawrxd\reconstructed\Users\HiH8e\Downloads\RawrXD-production-lazy-init\src\masm\final-ide\masm\ml\training\studio.asm(352) : error A2006:undefined symbol : WNDCLASSEXA
D:\rawrxd\reconstructed\Users\HiH8e\Downloads\RawrXD-production-lazy-init\src\masm\final-ide\masm\ml\training\studio.asm(352) : error A2195:parameter or local cannot have void type
D:\rawrxd\reconstructed\Users\HiH8e\Downloads\RawrXD-production-lazy-init\src\masm\final-ide\masm\ml\training\studio.asm(534) : error A2008:syntax error : name
D:\rawrxd\reconstructed\Users\HiH8e\Downloads\RawrXD-production-lazy-init\src\masm\final-ide\masm\ml\training\studio.asm(606) : error A2008:syntax error : name
D:\rawrxd\reconstructed\Users\HiH8e\Downloads\RawrXD-production-lazy-init\src\masm\final-ide\masm\ml\training\studio.asm(922) : error A2008:syntax error : name
D:\rawrxd\reconstructed\Users\HiH8e\Downloads\RawrXD-production-lazy-init\src\masm\final-ide\masm\ml\training\studio.asm(1088) : error A2006:undefined symbol : HWND
D:\rawrxd\reconstructed\Users\HiH8e\Downloads\RawrXD-production-lazy-init\src\masm\final-ide\masm\ml\training\studio.asm(1088) : error A2195:parameter or local cannot have void type
D:\rawrxd\reconstructed\Users\HiH8e\Downloads\RawrXD-production-lazy-init\src\masm\final-ide\masm\ml\training\studio.asm(1088) : error A2006:undefined symbol : UINT
D:\rawrxd\reconstructed\Users\HiH8e\Downloads\RawrXD-production-lazy-init\src\masm\final-ide\masm\ml\training\studio.asm(1088) : error A2006:undefined symbol : WPARAM
D:\rawrxd\reconstructed\Users\HiH8e\Downloads\RawrXD-production-lazy-init\src\masm\final-ide\masm\ml\training\studio.asm(1088) : error A2006:undefined symbol : LPARAM
D:\rawrxd\reconstructed\Users\HiH8e\Downloads\RawrXD-production-lazy-init\src\masm\final-ide\masm\ml\training\studio.asm(1119) : error A2012:PROC, MACRO, or macro repeat directive must precede LOCAL
D:\rawrxd\reconstructed\Users\HiH8e\Downloads\RawrXD-production-lazy-init\src\masm\final-ide\masm\ml\training\studio.asm(1125) : error A2012:PROC, MACRO, or macro repeat directive must precede LOCAL
D:\rawrxd\reconstructed\Users\HiH8e\Downloads\RawrXD-production-lazy-init\src\masm\final-ide\masm\ml\training\studio.asm(1179) : error A2006:undefined symbol : HWND
D:\rawrxd\reconstructed\Users\HiH8e\Downloads\RawrXD-production-lazy-init\src\masm\final-ide\masm\ml\training\studio.asm(1179) : error A2195:parameter or local cannot have void type
D:\rawrxd\reconstructed\Users\HiH8e\Downloads\RawrXD-production-lazy-init\src\masm\final-ide\masm\ml\training\studio.asm(1179) : error A2006:undefined symbol : UINT
D:\rawrxd\reconstructed\Users\HiH8e\Downloads\RawrXD-production-lazy-init\src\masm\final-ide\masm\ml\training\studio.asm(1179) : error A2006:undefined symbol : WPARAM
D:\rawrxd\reconstructed\Users\HiH8e\Downloads\RawrXD-production-lazy-init\src\masm\final-ide\masm\ml\training\studio.asm(1179) : error A2006:undefined symbol : LPARAM
D:\rawrxd\reconstructed\Users\HiH8e\Downloads\RawrXD-production-lazy-init\src\masm\final-ide\masm\ml\training\studio.asm(1193) : error A2012:PROC, MACRO, or macro repeat directive must precede LOCAL
D:\rawrxd\reconstructed\Users\HiH8e\Downloads\RawrXD-production-lazy-init\src\masm\final-ide\masm\ml\training\studio.asm(1200) : error A2012:PROC, MACRO, or macro repeat directive must precede LOCAL
D:\rawrxd\reconstructed\Users\HiH8e\Downloads\RawrXD-production-lazy-init\src\masm\final-ide\masm\ml\training\studio.asm(252) : error A2005:symbol redefinition : create_model_from_template
D:\rawrxd\reconstructed\Users\HiH8e\Downloads\RawrXD-production-lazy-init\src\masm\final-ide\masm\ml\training\studio.asm(253) : error A2005:symbol redefinition : reverse_engineer_model
D:\rawrxd\reconstructed\Users\HiH8e\Downloads\RawrXD-production-lazy-init\src\masm\final-ide\masm\ml\training\studio.asm(296) : error A2006:undefined symbol : cbSize
D:\rawrxd\reconstructed\Users\HiH8e\Downloads\RawrXD-production-lazy-init\src\masm\final-ide\masm\ml\training\studio.asm(297) : error A2006:undefined symbol : style
D:\rawrxd\reconstructed\Users\HiH8e\Downloads\RawrXD-production-lazy-init\src\masm\final-ide\masm\ml\training\studio.asm(299) : error A2006:undefined symbol : lpfnWndProc
D:\rawrxd\reconstructed\Users\HiH8e\Downloads\RawrXD-production-lazy-init\src\masm\final-ide\masm\ml\training\studio.asm(300) : error A2006:undefined symbol : cbClsExtra
D:\rawrxd\reconstructed\Users\HiH8e\Downloads\RawrXD-production-lazy-init\src\masm\final-ide\masm\ml\training\studio.asm(301) : error A2006:undefined symbol : cbWndExtra
D:\rawrxd\reconstructed\Users\HiH8e\Downloads\RawrXD-production-lazy-init\src\masm\final-ide\masm\ml\training\studio.asm(302) : error A2006:undefined symbol : hInstance
D:\rawrxd\reconstructed\Users\HiH8e\Downloads\RawrXD-production-lazy-init\src\masm\final-ide\masm\ml\training\studio.asm(303) : error A2006:undefined symbol : hIcon
D:\rawrxd\reconstructed\Users\HiH8e\Downloads\RawrXD-production-lazy-init\src\masm\final-ide\masm\ml\training\studio.asm(304) : error A2006:undefined symbol : hCursor
D:\rawrxd\reconstructed\Users\HiH8e\Downloads\RawrXD-production-lazy-init\src\masm\final-ide\masm\ml\training\studio.asm(305) : error A2006:undefined symbol : hbrBackground
D:\rawrxd\reconstructed\Users\HiH8e\Downloads\RawrXD-production-lazy-init\src\masm\final-ide\masm\ml\training\studio.asm(306) : error A2006:undefined symbol : lpszMenuName
D:\rawrxd\reconstructed\Users\HiH8e\Downloads\RawrXD-production-lazy-init\src\masm\final-ide\masm\ml\training\studio.asm(308) : error A2006:undefined symbol : lpszClassName
D:\rawrxd\reconstructed\Users\HiH8e\Downloads\RawrXD-production-lazy-init\src\masm\final-ide\masm\ml\training\studio.asm(309) : error A2006:undefined symbol : hIconSm
D:\rawrxd\reconstructed\Users\HiH8e\Downloads\RawrXD-production-lazy-init\src\masm\final-ide\masm\ml\training\studio.asm(326) : error A2006:undefined symbol : cbSize
D:\rawrxd\reconstructed\Users\HiH8e\Downloads\RawrXD-production-lazy-init\src\masm\final-ide\masm\ml\training\studio.asm(327) : error A2006:undefined symbol : style
D:\rawrxd\reconstructed\Users\HiH8e\Downloads\RawrXD-production-lazy-init\src\masm\final-ide\masm\ml\training\studio.asm(329) : error A2006:undefined symbol : lpfnWndProc
D:\rawrxd\reconstructed\Users\HiH8e\Downloads\RawrXD-production-lazy-init\src\masm\final-ide\masm\ml\training\studio.asm(330) : error A2006:undefined symbol : cbClsExtra
D:\rawrxd\reconstructed\Users\HiH8e\Downloads\RawrXD-production-lazy-init\src\masm\final-ide\masm\ml\training\studio.asm(331) : error A2006:undefined symbol : cbWndExtra
D:\rawrxd\reconstructed\Users\HiH8e\Downloads\RawrXD-production-lazy-init\src\masm\final-ide\masm\ml\training\studio.asm(332) : error A2006:undefined symbol : hInstance
D:\rawrxd\reconstructed\Users\HiH8e\Downloads\RawrXD-production-lazy-init\src\masm\final-ide\masm\ml\training\studio.asm(333) : error A2006:undefined symbol : hIcon
D:\rawrxd\reconstructed\Users\HiH8e\Downloads\RawrXD-production-lazy-init\src\masm\final-ide\masm\ml\training\studio.asm(334) : error A2006:undefined symbol : hCursor
D:\rawrxd\reconstructed\Users\HiH8e\Downloads\RawrXD-production-lazy-init\src\masm\final-ide\masm\ml\training\studio.asm(335) : error A2006:undefined symbol : hbrBackground
D:\rawrxd\reconstructed\Users\HiH8e\Downloads\RawrXD-production-lazy-init\src\masm\final-ide\masm\ml\training\studio.asm(336) : error A2006:undefined symbol : lpszMenuName
D:\rawrxd\reconstructed\Users\HiH8e\Downloads\RawrXD-production-lazy-init\src\masm\final-ide\masm\ml\training\studio.asm(338) : error A2006:undefined symbol : lpszClassName
D:\rawrxd\reconstructed\Users\HiH8e\Downloads\RawrXD-production-lazy-init\src\masm\final-ide\masm\ml\training\studio.asm(339) : error A2006:undefined symbol : hIconSm
D:\rawrxd\reconstructed\Users\HiH8e\Downloads\RawrXD-production-lazy-init\src\masm\final-ide\masm\ml\training\studio.asm(356) : error A2006:undefined symbol : cbSize
D:\rawrxd\reconstructed\Users\HiH8e\Downloads\RawrXD-production-lazy-init\src\masm\final-ide\masm\ml\training\studio.asm(357) : error A2006:undefined symbol : style
D:\rawrxd\reconstructed\Users\HiH8e\Downloads\RawrXD-production-lazy-init\src\masm\final-ide\masm\ml\training\studio.asm(359) : error A2006:undefined symbol : lpfnWndProc
D:\rawrxd\reconstructed\Users\HiH8e\Downloads\RawrXD-production-lazy-init\src\masm\final-ide\masm\ml\training\studio.asm(360) : error A2006:undefined symbol : cbClsExtra
D:\rawrxd\reconstructed\Users\HiH8e\Downloads\RawrXD-production-lazy-init\src\masm\final-ide\masm\ml\training\studio.asm(361) : error A2006:undefined symbol : cbWndExtra
D:\rawrxd\reconstructed\Users\HiH8e\Downloads\RawrXD-production-lazy-init\src\masm\final-ide\masm\ml\training\studio.asm(362) : error A2006:undefined symbol : hInstance
D:\rawrxd\reconstructed\Users\HiH8e\Downloads\RawrXD-production-lazy-init\src\masm\final-ide\masm\ml\training\studio.asm(363) : error A2006:undefined symbol : hIcon
D:\rawrxd\reconstructed\Users\HiH8e\Downloads\RawrXD-production-lazy-init\src\masm\final-ide\masm\ml\training\studio.asm(364) : error A2006:undefined symbol : hCursor
D:\rawrxd\reconstructed\Users\HiH8e\Downloads\RawrXD-production-lazy-init\src\masm\final-ide\masm\ml\training\studio.asm(365) : error A2006:undefined symbol : hbrBackground
D:\rawrxd\reconstructed\Users\HiH8e\Downloads\RawrXD-production-lazy-init\src\masm\final-ide\masm\ml\training\studio.asm(366) : error A2006:undefined symbol : lpszMenuName
D:\rawrxd\reconstructed\Users\HiH8e\Downloads\RawrXD-production-lazy-init\src\masm\final-ide\masm\ml\training\studio.asm(368) : error A2006:undefined symbol : lpszClassName
D:\rawrxd\reconstructed\Users\HiH8e\Downloads\RawrXD-production-lazy-init\src\masm\final-ide\masm\ml\training\studio.asm(369) : error A2006:undefined symbol : hIconSm
D:\rawrxd\reconstructed\Users\HiH8e\Downloads\RawrXD-production-lazy-init\src\masm\final-ide\masm\ml\training\studio.asm(463) : error A2081:missing operand after unary operator
D:\rawrxd\reconstructed\Users\HiH8e\Downloads\RawrXD-production-lazy-init\src\masm\final-ide\masm\ml\training\studio.asm(487) : error A2022:instruction operands must be the same size
D:\rawrxd\reconstructed\Users\HiH8e\Downloads\RawrXD-production-lazy-init\src\masm\final-ide\masm\ml\training\studio.asm(530) : error A2081:missing operand after unary operator
D:\rawrxd\reconstructed\Users\HiH8e\Downloads\RawrXD-production-lazy-init\src\masm\final-ide\masm\ml\training\studio.asm(556) : error A2022:instruction operands must be the same size
D:\rawrxd\reconstructed\Users\HiH8e\Downloads\RawrXD-production-lazy-init\src\masm\final-ide\masm\ml\training\studio.asm(638) : error A2022:instruction operands must be the same size
D:\rawrxd\reconstructed\Users\HiH8e\Downloads\RawrXD-production-lazy-init\src\masm\final-ide\masm\ml\training\studio.asm(704) : error A2006:undefined symbol : hwnd
D:\rawrxd\reconstructed\Users\HiH8e\Downloads\RawrXD-production-lazy-init\src\masm\final-ide\masm\ml\training\studio.asm(706) : error A2006:undefined symbol : szListViewClass
D:\rawrxd\reconstructed\Users\HiH8e\Downloads\RawrXD-production-lazy-init\src\masm\final-ide\masm\ml\training\studio.asm(707) : error A2006:undefined symbol : WS_CHILD
D:\rawrxd\reconstructed\Users\HiH8e\Downloads\RawrXD-production-lazy-init\src\masm\final-ide\masm\ml\training\studio.asm(714) : error A2006:undefined symbol : hwnd_dataset_list
D:\rawrxd\reconstructed\Users\HiH8e\Downloads\RawrXD-production-lazy-init\src\masm\final-ide\masm\ml\training\studio.asm(727) : error A2006:undefined symbol : hwnd
D:\rawrxd\reconstructed\Users\HiH8e\Downloads\RawrXD-production-lazy-init\src\masm\final-ide\masm\ml\training\studio.asm(729) : error A2006:undefined symbol : szListViewClass
D:\rawrxd\reconstructed\Users\HiH8e\Downloads\RawrXD-production-lazy-init\src\masm\final-ide\masm\ml\training\studio.asm(730) : error A2006:undefined symbol : WS_CHILD
D:\rawrxd\reconstructed\Users\HiH8e\Downloads\RawrXD-production-lazy-init\src\masm\final-ide\masm\ml\training\studio.asm(737) : error A2006:undefined symbol : hwnd_model_list
D:\rawrxd\reconstructed\Users\HiH8e\Downloads\RawrXD-production-lazy-init\src\masm\final-ide\masm\ml\training\studio.asm(750) : error A2006:undefined symbol : hwnd
D:\rawrxd\reconstructed\Users\HiH8e\Downloads\RawrXD-production-lazy-init\src\masm\final-ide\masm\ml\training\studio.asm(752) : error A2006:undefined symbol : szListViewClass
D:\rawrxd\reconstructed\Users\HiH8e\Downloads\RawrXD-production-lazy-init\src\masm\final-ide\masm\ml\training\studio.asm(753) : error A2006:undefined symbol : WS_CHILD
D:\rawrxd\reconstructed\Users\HiH8e\Downloads\RawrXD-production-lazy-init\src\masm\final-ide\masm\ml\training\studio.asm(760) : error A2006:undefined symbol : hwnd_experiment_list
D:\rawrxd\reconstructed\Users\HiH8e\Downloads\RawrXD-production-lazy-init\src\masm\final-ide\masm\ml\training\studio.asm(773) : error A2006:undefined symbol : hwnd
D:\rawrxd\reconstructed\Users\HiH8e\Downloads\RawrXD-production-lazy-init\src\masm\final-ide\masm\ml\training\studio.asm(776) : error A2006:undefined symbol : WS_CHILD
D:\rawrxd\reconstructed\Users\HiH8e\Downloads\RawrXD-production-lazy-init\src\masm\final-ide\masm\ml\training\studio.asm(783) : error A2006:undefined symbol : hwnd_metrics_chart
D:\rawrxd\reconstructed\Users\HiH8e\Downloads\RawrXD-production-lazy-init\src\masm\final-ide\masm\ml\training\studio.asm(796) : error A2006:undefined symbol : hwnd
D:\rawrxd\reconstructed\Users\HiH8e\Downloads\RawrXD-production-lazy-init\src\masm\final-ide\masm\ml\training\studio.asm(799) : error A2006:undefined symbol : WS_CHILD
D:\rawrxd\reconstructed\Users\HiH8e\Downloads\RawrXD-production-lazy-init\src\masm\final-ide\masm\ml\training\studio.asm(806) : error A2006:undefined symbol : hwnd_resource_chart
D:\rawrxd\reconstructed\Users\HiH8e\Downloads\RawrXD-production-lazy-init\src\masm\final-ide\masm\ml\training\studio.asm(819) : error A2006:undefined symbol : hwnd
D:\rawrxd\reconstructed\Users\HiH8e\Downloads\RawrXD-production-lazy-init\src\masm\final-ide\masm\ml\training\studio.asm(821) : error A2006:undefined symbol : szListViewClass
D:\rawrxd\reconstructed\Users\HiH8e\Downloads\RawrXD-production-lazy-init\src\masm\final-ide\masm\ml\training\studio.asm(822) : error A2006:undefined symbol : WS_CHILD
D:\rawrxd\reconstructed\Users\HiH8e\Downloads\RawrXD-production-lazy-init\src\masm\final-ide\masm\ml\training\studio.asm(829) : error A2006:undefined symbol : hwnd_hyperparam_grid
D:\rawrxd\reconstructed\Users\HiH8e\Downloads\RawrXD-production-lazy-init\src\masm\final-ide\masm\ml\training\studio.asm(1120) : error A2006:undefined symbol : ps
D:\rawrxd\reconstructed\Users\HiH8e\Downloads\RawrXD-production-lazy-init\src\masm\final-ide\masm\ml\training\studio.asm(1126) : error A2006:undefined symbol : rect
D:\rawrxd\reconstructed\Users\HiH8e\Downloads\RawrXD-production-lazy-init\src\masm\final-ide\masm\ml\training\studio.asm(1131) : error A2006:undefined symbol : rect
D:\rawrxd\reconstructed\Users\HiH8e\Downloads\RawrXD-production-lazy-init\src\masm\final-ide\masm\ml\training\studio.asm(1136) : error A2006:undefined symbol : ps
D:\rawrxd\reconstructed\Users\HiH8e\Downloads\RawrXD-production-lazy-init\src\masm\final-ide\masm\ml\training\studio.asm(1163) : error A2022:instruction operands must be the same size
D:\rawrxd\reconstructed\Users\HiH8e\Downloads\RawrXD-production-lazy-init\src\masm\final-ide\masm\ml\training\studio.asm(1194) : error A2006:undefined symbol : ps_m
D:\rawrxd\reconstructed\Users\HiH8e\Downloads\RawrXD-production-lazy-init\src\masm\final-ide\masm\ml\training\studio.asm(1201) : error A2006:undefined symbol : rect_m
D:\rawrxd\reconstructed\Users\HiH8e\Downloads\RawrXD-production-lazy-init\src\masm\final-ide\masm\ml\training\studio.asm(1204) : error A2006:undefined symbol : rect_m
D:\rawrxd\reconstructed\Users\HiH8e\Downloads\RawrXD-production-lazy-init\src\masm\final-ide\masm\ml\training\studio.asm(1237) : error A2006:undefined symbol : rect_m
D:\rawrxd\reconstructed\Users\HiH8e\Downloads\RawrXD-production-lazy-init\src\masm\final-ide\masm\ml\training\studio.asm(1248) : error A2006:undefined symbol : rect_m
D:\rawrxd\reconstructed\Users\HiH8e\Downloads\RawrXD-production-lazy-init\src\masm\final-ide\masm\ml\training\studio.asm(1255) : fatal error A1012:error count exceeds 100; stopping assembly
