 Assembling: D:\rawrxd\reconstructed\Users\HiH8e\Downloads\RawrXD-production-lazy-init\src\masm\final-ide\ghost\text\suggestions.asm
D:\rawrxd\reconstructed\Users\HiH8e\Downloads\RawrXD-production-lazy-init\src\masm\final-ide\ghost\text\suggestions.asm(101) : error A2008:syntax error : .
D:\rawrxd\reconstructed\Users\HiH8e\Downloads\RawrXD-production-lazy-init\src\masm\final-ide\ghost\text\suggestions.asm(109) : error A2008:syntax error : .
D:\rawrxd\reconstructed\Users\HiH8e\Downloads\RawrXD-production-lazy-init\src\masm\final-ide\ghost\text\suggestions.asm(157) : error A2008:syntax error : .
D:\rawrxd\reconstructed\Users\HiH8e\Downloads\RawrXD-production-lazy-init\src\masm\final-ide\ghost\text\suggestions.asm(172) : error A2008:syntax error : .
D:\rawrxd\reconstructed\Users\HiH8e\Downloads\RawrXD-production-lazy-init\src\masm\final-ide\ghost\text\suggestions.asm(187) : error A2008:syntax error : .
D:\rawrxd\reconstructed\Users\HiH8e\Downloads\RawrXD-production-lazy-init\src\masm\final-ide\ghost\text\suggestions.asm(202) : error A2008:syntax error : .
D:\rawrxd\reconstructed\Users\HiH8e\Downloads\RawrXD-production-lazy-init\src\masm\final-ide\ghost\text\suggestions.asm(222) : error A2008:syntax error : PRIVATE
D:\rawrxd\reconstructed\Users\HiH8e\Downloads\RawrXD-production-lazy-init\src\masm\final-ide\ghost\text\suggestions.asm(250) : error A2008:syntax error : .
D:\rawrxd\reconstructed\Users\HiH8e\Downloads\RawrXD-production-lazy-init\src\masm\final-ide\ghost\text\suggestions.asm(258) : error A2008:syntax error : PRIVATE
D:\rawrxd\reconstructed\Users\HiH8e\Downloads\RawrXD-production-lazy-init\src\masm\final-ide\ghost\text\suggestions.asm(262) : error A2008:syntax error : .
D:\rawrxd\reconstructed\Users\HiH8e\Downloads\RawrXD-production-lazy-init\src\masm\final-ide\ghost\text\suggestions.asm(275) : error A2008:syntax error : .
D:\rawrxd\reconstructed\Users\HiH8e\Downloads\RawrXD-production-lazy-init\src\masm\final-ide\ghost\text\suggestions.asm(328) : error A2008:syntax error : .
D:\rawrxd\reconstructed\Users\HiH8e\Downloads\RawrXD-production-lazy-init\src\masm\final-ide\ghost\text\suggestions.asm(375) : error A2008:syntax error : .
D:\rawrxd\reconstructed\Users\HiH8e\Downloads\RawrXD-production-lazy-init\src\masm\final-ide\ghost\text\suggestions.asm(412) : error A2008:syntax error : .
D:\rawrxd\reconstructed\Users\HiH8e\Downloads\RawrXD-production-lazy-init\src\masm\final-ide\ghost\text\suggestions.asm(421) : error A2008:syntax error : PRIVATE
D:\rawrxd\reconstructed\Users\HiH8e\Downloads\RawrXD-production-lazy-init\src\masm\final-ide\ghost\text\suggestions.asm(429) : error A2008:syntax error : .
D:\rawrxd\reconstructed\Users\HiH8e\Downloads\RawrXD-production-lazy-init\src\masm\final-ide\ghost\text\suggestions.asm(435) : error A2008:syntax error : .
D:\rawrxd\reconstructed\Users\HiH8e\Downloads\RawrXD-production-lazy-init\src\masm\final-ide\ghost\text\suggestions.asm(442) : error A2008:syntax error : .
D:\rawrxd\reconstructed\Users\HiH8e\Downloads\RawrXD-production-lazy-init\src\masm\final-ide\ghost\text\suggestions.asm(448) : error A2008:syntax error : .
D:\rawrxd\reconstructed\Users\HiH8e\Downloads\RawrXD-production-lazy-init\src\masm\final-ide\ghost\text\suggestions.asm(462) : error A2008:syntax error : .
D:\rawrxd\reconstructed\Users\HiH8e\Downloads\RawrXD-production-lazy-init\src\masm\final-ide\ghost\text\suggestions.asm(474) : error A2008:syntax error : .
D:\rawrxd\reconstructed\Users\HiH8e\Downloads\RawrXD-production-lazy-init\src\masm\final-ide\ghost\text\suggestions.asm(479) : error A2008:syntax error : .
D:\rawrxd\reconstructed\Users\HiH8e\Downloads\RawrXD-production-lazy-init\src\masm\final-ide\ghost\text\suggestions.asm(488) : error A2008:syntax error : PRIVATE
D:\rawrxd\reconstructed\Users\HiH8e\Downloads\RawrXD-production-lazy-init\src\masm\final-ide\ghost\text\suggestions.asm(492) : error A2008:syntax error : .
D:\rawrxd\reconstructed\Users\HiH8e\Downloads\RawrXD-production-lazy-init\src\masm\final-ide\ghost\text\suggestions.asm(505) : error A2008:syntax error : .
D:\rawrxd\reconstructed\Users\HiH8e\Downloads\RawrXD-production-lazy-init\src\masm\final-ide\ghost\text\suggestions.asm(512) : error A2008:syntax error : PRIVATE
D:\rawrxd\reconstructed\Users\HiH8e\Downloads\RawrXD-production-lazy-init\src\masm\final-ide\ghost\text\suggestions.asm(516) : error A2008:syntax error : .
D:\rawrxd\reconstructed\Users\HiH8e\Downloads\RawrXD-production-lazy-init\src\masm\final-ide\ghost\text\suggestions.asm(529) : error A2008:syntax error : .
D:\rawrxd\reconstructed\Users\HiH8e\Downloads\RawrXD-production-lazy-init\src\masm\final-ide\ghost\text\suggestions.asm(537) : error A2008:syntax error : PRIVATE
D:\rawrxd\reconstructed\Users\HiH8e\Downloads\RawrXD-production-lazy-init\src\masm\final-ide\ghost\text\suggestions.asm(547) : error A2008:syntax error : PRIVATE
D:\rawrxd\reconstructed\Users\HiH8e\Downloads\RawrXD-production-lazy-init\src\masm\final-ide\ghost\text\suggestions.asm(556) : error A2008:syntax error : PRIVATE
D:\rawrxd\reconstructed\Users\HiH8e\Downloads\RawrXD-production-lazy-init\src\masm\final-ide\ghost\text\suggestions.asm(103) : error A2006:undefined symbol : zero_done
D:\rawrxd\reconstructed\Users\HiH8e\Downloads\RawrXD-production-lazy-init\src\masm\final-ide\ghost\text\suggestions.asm(107) : error A2006:undefined symbol : zero_loop
D:\rawrxd\reconstructed\Users\HiH8e\Downloads\RawrXD-production-lazy-init\src\masm\final-ide\ghost\text\suggestions.asm(147) : error A2006:undefined symbol : check_if_pattern
D:\rawrxd\reconstructed\Users\HiH8e\Downloads\RawrXD-production-lazy-init\src\masm\final-ide\ghost\text\suggestions.asm(162) : error A2006:undefined symbol : check_while_pattern
D:\rawrxd\reconstructed\Users\HiH8e\Downloads\RawrXD-production-lazy-init\src\masm\final-ide\ghost\text\suggestions.asm(177) : error A2006:undefined symbol : check_function_pattern
D:\rawrxd\reconstructed\Users\HiH8e\Downloads\RawrXD-production-lazy-init\src\masm\final-ide\ghost\text\suggestions.asm(192) : error A2006:undefined symbol : suggestions_done
D:\rawrxd\reconstructed\Users\HiH8e\Downloads\RawrXD-production-lazy-init\src\masm\final-ide\ghost\text\suggestions.asm(226) : error A2022:instruction operands must be the same size
D:\rawrxd\reconstructed\Users\HiH8e\Downloads\RawrXD-production-lazy-init\src\masm\final-ide\ghost\text\suggestions.asm(228) : error A2006:undefined symbol : add_done
D:\rawrxd\reconstructed\Users\HiH8e\Downloads\RawrXD-production-lazy-init\src\masm\final-ide\ghost\text\suggestions.asm(245) : error A2006:undefined symbol : GetTickCount64
D:\rawrxd\reconstructed\Users\HiH8e\Downloads\RawrXD-production-lazy-init\src\masm\final-ide\ghost\text\suggestions.asm(264) : error A2006:undefined symbol : copy_done
D:\rawrxd\reconstructed\Users\HiH8e\Downloads\RawrXD-production-lazy-init\src\masm\final-ide\ghost\text\suggestions.asm(270) : error A2006:undefined symbol : copy_done
D:\rawrxd\reconstructed\Users\HiH8e\Downloads\RawrXD-production-lazy-init\src\masm\final-ide\ghost\text\suggestions.asm(273) : error A2006:undefined symbol : copy_loop
D:\rawrxd\reconstructed\Users\HiH8e\Downloads\RawrXD-production-lazy-init\src\masm\final-ide\ghost\text\suggestions.asm(293) : error A2006:undefined symbol : show_fail
D:\rawrxd\reconstructed\Users\HiH8e\Downloads\RawrXD-production-lazy-init\src\masm\final-ide\ghost\text\suggestions.asm(318) : error A2006:undefined symbol : GetTickCount64
D:\rawrxd\reconstructed\Users\HiH8e\Downloads\RawrXD-production-lazy-init\src\masm\final-ide\ghost\text\suggestions.asm(347) : error A2006:undefined symbol : accept_fail
D:\rawrxd\reconstructed\Users\HiH8e\Downloads\RawrXD-production-lazy-init\src\masm\final-ide\ghost\text\suggestions.asm(408) : error A2006:undefined symbol : show_next
D:\rawrxd\reconstructed\Users\HiH8e\Downloads\RawrXD-production-lazy-init\src\masm\final-ide\ghost\text\suggestions.asm(431) : error A2006:undefined symbol : len_found
D:\rawrxd\reconstructed\Users\HiH8e\Downloads\RawrXD-production-lazy-init\src\masm\final-ide\ghost\text\suggestions.asm(433) : error A2006:undefined symbol : len_loop
D:\rawrxd\reconstructed\Users\HiH8e\Downloads\RawrXD-production-lazy-init\src\masm\final-ide\ghost\text\suggestions.asm(444) : error A2006:undefined symbol : pattern_len_found
D:\rawrxd\reconstructed\Users\HiH8e\Downloads\RawrXD-production-lazy-init\src\masm\final-ide\ghost\text\suggestions.asm(446) : error A2006:undefined symbol : pattern_len_loop
D:\rawrxd\reconstructed\Users\HiH8e\Downloads\RawrXD-production-lazy-init\src\masm\final-ide\ghost\text\suggestions.asm(451) : error A2006:undefined symbol : no_match
D:\rawrxd\reconstructed\Users\HiH8e\Downloads\RawrXD-production-lazy-init\src\masm\final-ide\ghost\text\suggestions.asm(466) : error A2006:undefined symbol : no_match
D:\rawrxd\reconstructed\Users\HiH8e\Downloads\RawrXD-production-lazy-init\src\masm\final-ide\ghost\text\suggestions.asm(469) : error A2006:undefined symbol : match_found
D:\rawrxd\reconstructed\Users\HiH8e\Downloads\RawrXD-production-lazy-init\src\masm\final-ide\ghost\text\suggestions.asm(472) : error A2006:undefined symbol : compare_loop
D:\rawrxd\reconstructed\Users\HiH8e\Downloads\RawrXD-production-lazy-init\src\masm\final-ide\ghost\text\suggestions.asm(494) : error A2006:undefined symbol : copy_done
D:\rawrxd\reconstructed\Users\HiH8e\Downloads\RawrXD-production-lazy-init\src\masm\final-ide\ghost\text\suggestions.asm(500) : error A2006:undefined symbol : copy_done
D:\rawrxd\reconstructed\Users\HiH8e\Downloads\RawrXD-production-lazy-init\src\masm\final-ide\ghost\text\suggestions.asm(503) : error A2006:undefined symbol : copy_loop
D:\rawrxd\reconstructed\Users\HiH8e\Downloads\RawrXD-production-lazy-init\src\masm\final-ide\ghost\text\suggestions.asm(518) : error A2006:undefined symbol : copy_done
D:\rawrxd\reconstructed\Users\HiH8e\Downloads\RawrXD-production-lazy-init\src\masm\final-ide\ghost\text\suggestions.asm(524) : error A2006:undefined symbol : copy_done
D:\rawrxd\reconstructed\Users\HiH8e\Downloads\RawrXD-production-lazy-init\src\masm\final-ide\ghost\text\suggestions.asm(527) : error A2006:undefined symbol : copy_loop
