 Assembling: D:\rawrxd\history\-1bd1bafa\SY0r.asm
D:\rawrxd\history\-1bd1bafa\SY0r.asm(931) : error A2006:undefined symbol : _copy_string
D:\rawrxd\history\-1bd1bafa\SY0r.asm(954) : error A2006:undefined symbol : _append_string
D:\rawrxd\history\-1bd1bafa\SY0r.asm(959) : error A2006:undefined symbol : _append_string
D:\rawrxd\history\-1bd1bafa\SY0r.asm(968) : error A2006:undefined symbol : _append_string
D:\rawrxd\history\-1bd1bafa\SY0r.asm(970) : error A2006:undefined symbol : _append_int
D:\rawrxd\history\-1bd1bafa\SY0r.asm(974) : error A2006:undefined symbol : _append_string
D:\rawrxd\history\-1bd1bafa\SY0r.asm(976) : error A2006:undefined symbol : _append_int
D:\rawrxd\history\-1bd1bafa\SY0r.asm(980) : error A2006:undefined symbol : _append_string
D:\rawrxd\history\-1bd1bafa\SY0r.asm(982) : error A2006:undefined symbol : _append_int
D:\rawrxd\history\-1bd1bafa\SY0r.asm(986) : error A2006:undefined symbol : _append_string
D:\rawrxd\history\-1bd1bafa\SY0r.asm(988) : error A2006:undefined symbol : _append_int
D:\rawrxd\history\-1bd1bafa\SY0r.asm(991) : error A2006:undefined symbol : _append_string
D:\rawrxd\history\-1bd1bafa\SY0r.asm(993) : error A2006:undefined symbol : _append_int
D:\rawrxd\history\-1bd1bafa\SY0r.asm(996) : error A2006:undefined symbol : _append_string
D:\rawrxd\history\-1bd1bafa\SY0r.asm(998) : error A2006:undefined symbol : _append_int
D:\rawrxd\history\-1bd1bafa\SY0r.asm(1001) : error A2006:undefined symbol : _append_string
D:\rawrxd\history\-1bd1bafa\SY0r.asm(1003) : error A2006:undefined symbol : _append_int
D:\rawrxd\history\-1bd1bafa\SY0r.asm(1007) : error A2006:undefined symbol : _append_string
D:\rawrxd\history\-1bd1bafa\SY0r.asm(1014) : error A2006:undefined symbol : _append_bool
D:\rawrxd\history\-1bd1bafa\SY0r.asm(1018) : error A2006:undefined symbol : _append_string
D:\rawrxd\history\-1bd1bafa\SY0r.asm(1025) : error A2006:undefined symbol : _append_bool
D:\rawrxd\history\-1bd1bafa\SY0r.asm(1029) : error A2006:undefined symbol : _append_string
D:\rawrxd\history\-1bd1bafa\SY0r.asm(1036) : error A2006:undefined symbol : _append_bool
D:\rawrxd\history\-1bd1bafa\SY0r.asm(1040) : error A2006:undefined symbol : _append_string
D:\rawrxd\history\-1bd1bafa\SY0r.asm(1049) : error A2006:undefined symbol : _append_string
D:\rawrxd\history\-1bd1bafa\SY0r.asm(1054) : error A2006:undefined symbol : _write_json_to_file
D:\rawrxd\history\-1bd1bafa\SY0r.asm(1087) : error A2006:undefined symbol : _read_json_from_file
D:\rawrxd\history\-1bd1bafa\SY0r.asm(1102) : error A2006:undefined symbol : str_pane_array_key
D:\rawrxd\history\-1bd1bafa\SY0r.asm(1103) : error A2006:undefined symbol : _find_json_key
D:\rawrxd\history\-1bd1bafa\SY0r.asm(1119) : error A2022:instruction operands must be the same size
D:\rawrxd\history\-1bd1bafa\SY0r.asm(1124) : error A2006:undefined symbol : str_pane_id_json
D:\rawrxd\history\-1bd1bafa\SY0r.asm(1125) : error A2006:undefined symbol : _parse_json_int
D:\rawrxd\history\-1bd1bafa\SY0r.asm(1129) : error A2006:undefined symbol : str_pane_type_json
D:\rawrxd\history\-1bd1bafa\SY0r.asm(1130) : error A2006:undefined symbol : _parse_json_int
D:\rawrxd\history\-1bd1bafa\SY0r.asm(1134) : error A2006:undefined symbol : str_pane_pos_json
D:\rawrxd\history\-1bd1bafa\SY0r.asm(1135) : error A2006:undefined symbol : _parse_json_int
D:\rawrxd\history\-1bd1bafa\SY0r.asm(1139) : error A2006:undefined symbol : str_pane_x_json
D:\rawrxd\history\-1bd1bafa\SY0r.asm(1140) : error A2006:undefined symbol : _parse_json_int
D:\rawrxd\history\-1bd1bafa\SY0r.asm(1144) : error A2006:undefined symbol : str_pane_y_json
D:\rawrxd\history\-1bd1bafa\SY0r.asm(1145) : error A2006:undefined symbol : _parse_json_int
D:\rawrxd\history\-1bd1bafa\SY0r.asm(1149) : error A2006:undefined symbol : str_pane_w_json
D:\rawrxd\history\-1bd1bafa\SY0r.asm(1150) : error A2006:undefined symbol : _parse_json_int
D:\rawrxd\history\-1bd1bafa\SY0r.asm(1154) : error A2006:undefined symbol : str_pane_h_json
D:\rawrxd\history\-1bd1bafa\SY0r.asm(1155) : error A2006:undefined symbol : _parse_json_int
D:\rawrxd\history\-1bd1bafa\SY0r.asm(1159) : error A2006:undefined symbol : str_pane_visible_json
D:\rawrxd\history\-1bd1bafa\SY0r.asm(1160) : error A2006:undefined symbol : _parse_json_bool
D:\rawrxd\history\-1bd1bafa\SY0r.asm(1164) : error A2006:undefined symbol : str_pane_floating_json
D:\rawrxd\history\-1bd1bafa\SY0r.asm(1165) : error A2006:undefined symbol : _parse_json_bool
D:\rawrxd\history\-1bd1bafa\SY0r.asm(1169) : error A2006:undefined symbol : str_pane_max_json
D:\rawrxd\history\-1bd1bafa\SY0r.asm(1170) : error A2006:undefined symbol : _parse_json_bool
D:\rawrxd\history\-1bd1bafa\SY0r.asm(1191) : error A2006:undefined symbol : str_deserialize_failed
D:\rawrxd\history\-1bd1bafa\SY0r.asm(1855) : error A2006:undefined symbol : IID_ID2D1Factory
D:\rawrxd\history\-1bd1bafa\SY0r.asm(1856) : error A2006:undefined symbol : D2D1_FACTORY_TYPE_SINGLE_THREADED
D:\rawrxd\history\-1bd1bafa\SY0r.asm(1862) : error A2006:undefined symbol : IID_IDWriteFactory
D:\rawrxd\history\-1bd1bafa\SY0r.asm(1863) : error A2006:undefined symbol : DWRITE_FACTORY_TYPE_SHARED
D:\rawrxd\history\-1bd1bafa\SY0r.asm(2022) : error A2006:undefined symbol : WS_CHILD
