 Assembling: D:\rawrxd\titan.asm
D:\rawrxd\titan.asm(6) : error A2008:syntax error : ALIGN
D:\rawrxd\titan.asm(8) : error A2034:must be in segment block
D:\rawrxd\titan.asm(9) : error A2034:must be in segment block
D:\rawrxd\titan.asm(10) : error A2034:must be in segment block
D:\rawrxd\titan.asm(11) : error A2034:must be in segment block
D:\rawrxd\titan.asm(12) : error A2034:must be in segment block
D:\rawrxd\titan.asm(14) : error A2034:must be in segment block
D:\rawrxd\titan.asm(15) : error A2034:must be in segment block
D:\rawrxd\titan.asm(17) : error A2034:must be in segment block
D:\rawrxd\titan.asm(18) : error A2034:must be in segment block
D:\rawrxd\titan.asm(20) : error A2034:must be in segment block
D:\rawrxd\titan.asm(21) : error A2034:must be in segment block
D:\rawrxd\titan.asm(23) : error A2034:must be in segment block
D:\rawrxd\titan.asm(25) : error A2034:must be in segment block
D:\rawrxd\titan.asm(26) : error A2034:must be in segment block
D:\rawrxd\titan.asm(27) : error A2034:must be in segment block
D:\rawrxd\titan.asm(28) : error A2034:must be in segment block
D:\rawrxd\titan.asm(29) : error A2034:must be in segment block
D:\rawrxd\titan.asm(31) : error A2034:must be in segment block
D:\rawrxd\titan.asm(32) : error A2034:must be in segment block
D:\rawrxd\titan.asm(33) : error A2034:must be in segment block
D:\rawrxd\titan.asm(35) : error A2034:must be in segment block
D:\rawrxd\titan.asm(36) : error A2034:must be in segment block
D:\rawrxd\titan.asm(37) : error A2034:must be in segment block
D:\rawrxd\titan.asm(39) : error A2034:must be in segment block
D:\rawrxd\titan.asm(40) : error A2034:must be in segment block
D:\rawrxd\titan.asm(41) : error A2034:must be in segment block
D:\rawrxd\titan.asm(42) : error A2034:must be in segment block
D:\rawrxd\titan.asm(44) : error A2034:must be in segment block
D:\rawrxd\titan.asm(45) : error A2034:must be in segment block
D:\rawrxd\titan.asm(504) : error A2008:syntax error : main
D:\rawrxd\titan.asm(504) : error A2088:END directive required at end of file
D:\rawrxd\titan.asm(78) : error A2206:missing operator in expression
D:\rawrxd\titan.asm(79) : error A2206:missing operator in expression
D:\rawrxd\titan.asm(80) : error A2206:missing operator in expression
D:\rawrxd\titan.asm(81) : error A2206:missing operator in expression
D:\rawrxd\titan.asm(83) : error A2206:missing operator in expression
D:\rawrxd\titan.asm(84) : error A2206:missing operator in expression
D:\rawrxd\titan.asm(85) : error A2206:missing operator in expression
D:\rawrxd\titan.asm(87) : error A2206:missing operator in expression
D:\rawrxd\titan.asm(88) : error A2206:missing operator in expression
D:\rawrxd\titan.asm(89) : error A2206:missing operator in expression
D:\rawrxd\titan.asm(90) : error A2206:missing operator in expression
D:\rawrxd\titan.asm(103) : error A2206:missing operator in expression
D:\rawrxd\titan.asm(123) : error A2206:missing operator in expression
D:\rawrxd\titan.asm(134) : error A2206:missing operator in expression
D:\rawrxd\titan.asm(145) : error A2206:missing operator in expression
D:\rawrxd\titan.asm(148) : error A2206:missing operator in expression
D:\rawrxd\titan.asm(151) : error A2206:missing operator in expression
D:\rawrxd\titan.asm(154) : error A2206:missing operator in expression
D:\rawrxd\titan.asm(156) : error A2206:missing operator in expression
D:\rawrxd\titan.asm(159) : error A2206:missing operator in expression
D:\rawrxd\titan.asm(305) : error A2206:missing operator in expression
D:\rawrxd\titan.asm(306) : error A2206:missing operator in expression
D:\rawrxd\titan.asm(307) : error A2206:missing operator in expression
D:\rawrxd\titan.asm(308) : error A2206:missing operator in expression
D:\rawrxd\titan.asm(341) : error A2206:missing operator in expression
D:\rawrxd\titan.asm(349) : error A2206:missing operator in expression
D:\rawrxd\titan.asm(360) : error A2206:missing operator in expression
D:\rawrxd\titan.asm(361) : error A2206:missing operator in expression
D:\rawrxd\titan.asm(387) : error A2206:missing operator in expression
D:\rawrxd\titan.asm(396) : error A2206:missing operator in expression
D:\rawrxd\titan.asm(400) : error A2206:missing operator in expression
D:\rawrxd\titan.asm(422) : error A2206:missing operator in expression
