 Assembling: D:\rawrxd\history\-19ed1d5f\tjln.asm
D:\rawrxd\history\-19ed1d5f\tjln.asm(124) : error A2008:syntax error : .
D:\rawrxd\history\-19ed1d5f\tjln.asm(129) : error A2008:syntax error : .
D:\rawrxd\history\-19ed1d5f\tjln.asm(132) : error A2008:syntax error : .
D:\rawrxd\history\-19ed1d5f\tjln.asm(202) : error A2008:syntax error : .
D:\rawrxd\history\-19ed1d5f\tjln.asm(205) : error A2008:syntax error : .
D:\rawrxd\history\-19ed1d5f\tjln.asm(234) : error A2008:syntax error : .
D:\rawrxd\history\-19ed1d5f\tjln.asm(237) : error A2008:syntax error : .
D:\rawrxd\history\-19ed1d5f\tjln.asm(276) : error A2008:syntax error : .
D:\rawrxd\history\-19ed1d5f\tjln.asm(312) : error A2008:syntax error : .
D:\rawrxd\history\-19ed1d5f\tjln.asm(329) : error A2008:syntax error : .
D:\rawrxd\history\-19ed1d5f\tjln.asm(71) : error A2006:undefined symbol : read_fail
D:\rawrxd\history\-19ed1d5f\tjln.asm(79) : error A2006:undefined symbol : close_fail
D:\rawrxd\history\-19ed1d5f\tjln.asm(89) : error A2006:undefined symbol : close_fail
D:\rawrxd\history\-19ed1d5f\tjln.asm(103) : error A2006:undefined symbol : free_fail
D:\rawrxd\history\-19ed1d5f\tjln.asm(175) : error A2006:undefined symbol : write_fail
D:\rawrxd\history\-19ed1d5f\tjln.asm(189) : error A2006:undefined symbol : close_write_fail
D:\rawrxd\history\-19ed1d5f\tjln.asm(227) : error A2006:undefined symbol : delete_ok
D:\rawrxd\history\-19ed1d5f\tjln.asm(232) : error A2006:undefined symbol : delete_done
D:\rawrxd\history\-19ed1d5f\tjln.asm(265) : error A2006:undefined symbol : create_fail
D:\rawrxd\history\-19ed1d5f\tjln.asm(309) : error A2006:undefined symbol : search_done
D:\rawrxd\history\-19ed1d5f\tjln.asm(323) : error A2006:undefined symbol : search_loop
