 Assembling: D:\rawrxd\history\-1bd1bafa\uAiM.asm
D:\rawrxd\history\-1bd1bafa\uAiM.asm(931) : error A2006:undefined symbol : _copy_string
D:\rawrxd\history\-1bd1bafa\uAiM.asm(954) : error A2006:undefined symbol : _append_string
D:\rawrxd\history\-1bd1bafa\uAiM.asm(959) : error A2006:undefined symbol : _append_string
D:\rawrxd\history\-1bd1bafa\uAiM.asm(968) : error A2006:undefined symbol : _append_string
D:\rawrxd\history\-1bd1bafa\uAiM.asm(970) : error A2006:undefined symbol : _append_int
D:\rawrxd\history\-1bd1bafa\uAiM.asm(974) : error A2006:undefined symbol : _append_string
D:\rawrxd\history\-1bd1bafa\uAiM.asm(976) : error A2006:undefined symbol : _append_int
D:\rawrxd\history\-1bd1bafa\uAiM.asm(980) : error A2006:undefined symbol : _append_string
D:\rawrxd\history\-1bd1bafa\uAiM.asm(982) : error A2006:undefined symbol : _append_int
D:\rawrxd\history\-1bd1bafa\uAiM.asm(986) : error A2006:undefined symbol : _append_string
D:\rawrxd\history\-1bd1bafa\uAiM.asm(988) : error A2006:undefined symbol : _append_int
D:\rawrxd\history\-1bd1bafa\uAiM.asm(991) : error A2006:undefined symbol : _append_string
D:\rawrxd\history\-1bd1bafa\uAiM.asm(993) : error A2006:undefined symbol : _append_int
D:\rawrxd\history\-1bd1bafa\uAiM.asm(996) : error A2006:undefined symbol : _append_string
D:\rawrxd\history\-1bd1bafa\uAiM.asm(998) : error A2006:undefined symbol : _append_int
D:\rawrxd\history\-1bd1bafa\uAiM.asm(1001) : error A2006:undefined symbol : _append_string
D:\rawrxd\history\-1bd1bafa\uAiM.asm(1003) : error A2006:undefined symbol : _append_int
D:\rawrxd\history\-1bd1bafa\uAiM.asm(1007) : error A2006:undefined symbol : _append_string
D:\rawrxd\history\-1bd1bafa\uAiM.asm(1014) : error A2006:undefined symbol : _append_bool
D:\rawrxd\history\-1bd1bafa\uAiM.asm(1018) : error A2006:undefined symbol : _append_string
D:\rawrxd\history\-1bd1bafa\uAiM.asm(1025) : error A2006:undefined symbol : _append_bool
D:\rawrxd\history\-1bd1bafa\uAiM.asm(1029) : error A2006:undefined symbol : _append_string
D:\rawrxd\history\-1bd1bafa\uAiM.asm(1036) : error A2006:undefined symbol : _append_bool
D:\rawrxd\history\-1bd1bafa\uAiM.asm(1040) : error A2006:undefined symbol : _append_string
D:\rawrxd\history\-1bd1bafa\uAiM.asm(1049) : error A2006:undefined symbol : _append_string
D:\rawrxd\history\-1bd1bafa\uAiM.asm(1054) : error A2006:undefined symbol : _write_json_to_file
D:\rawrxd\history\-1bd1bafa\uAiM.asm(1745) : error A2006:undefined symbol : IID_ID2D1Factory
D:\rawrxd\history\-1bd1bafa\uAiM.asm(1746) : error A2006:undefined symbol : D2D1_FACTORY_TYPE_SINGLE_THREADED
D:\rawrxd\history\-1bd1bafa\uAiM.asm(1752) : error A2006:undefined symbol : IID_IDWriteFactory
D:\rawrxd\history\-1bd1bafa\uAiM.asm(1753) : error A2006:undefined symbol : DWRITE_FACTORY_TYPE_SHARED
D:\rawrxd\history\-1bd1bafa\uAiM.asm(1912) : error A2006:undefined symbol : WS_CHILD
D:\rawrxd\history\-1bd1bafa\uAiM.asm(538) : error A2206:missing operator in expression
D:\rawrxd\history\-1bd1bafa\uAiM.asm(539) : error A2206:missing operator in expression
D:\rawrxd\history\-1bd1bafa\uAiM.asm(540) : error A2206:missing operator in expression
D:\rawrxd\history\-1bd1bafa\uAiM.asm(541) : error A2206:missing operator in expression
D:\rawrxd\history\-1bd1bafa\uAiM.asm(542) : error A2206:missing operator in expression
D:\rawrxd\history\-1bd1bafa\uAiM.asm(544) : error A2206:missing operator in expression
D:\rawrxd\history\-1bd1bafa\uAiM.asm(545) : error A2206:missing operator in expression
D:\rawrxd\history\-1bd1bafa\uAiM.asm(546) : error A2206:missing operator in expression
D:\rawrxd\history\-1bd1bafa\uAiM.asm(547) : error A2206:missing operator in expression
D:\rawrxd\history\-1bd1bafa\uAiM.asm(548) : error A2206:missing operator in expression
D:\rawrxd\history\-1bd1bafa\uAiM.asm(549) : error A2206:missing operator in expression
D:\rawrxd\history\-1bd1bafa\uAiM.asm(550) : error A2206:missing operator in expression
D:\rawrxd\history\-1bd1bafa\uAiM.asm(551) : error A2206:missing operator in expression
D:\rawrxd\history\-1bd1bafa\uAiM.asm(552) : error A2206:missing operator in expression
