 Assembling: D:\rawrxd\history\-1e335a4f\ukRt.asm
D:\rawrxd\history\-1e335a4f\ukRt.asm(18) : error A2034:must be in segment block : Arena_Create
D:\rawrxd\history\-1e335a4f\ukRt.asm(19) : error A2008:syntax error : size
D:\rawrxd\history\-1e335a4f\ukRt.asm(20) : error A2012:PROC, MACRO, or macro repeat directive must precede LOCAL
D:\rawrxd\history\-1e335a4f\ukRt.asm(22) : error A2034:must be in segment block
D:\rawrxd\history\-1e335a4f\ukRt.asm(24) : warning A4020:directive ignored outside a procedure
D:\rawrxd\history\-1e335a4f\ukRt.asm(26) : error A2034:must be in segment block
D:\rawrxd\history\-1e335a4f\ukRt.asm(27) : error A2008:syntax error : if
D:\rawrxd\history\-1e335a4f\ukRt.asm(28) : error A2034:must be in segment block
D:\rawrxd\history\-1e335a4f\ukRt.asm(29) : error A2008:syntax error : .
D:\rawrxd\history\-1e335a4f\ukRt.asm(32) : error A2034:must be in segment block
D:\rawrxd\history\-1e335a4f\ukRt.asm(33) : error A2034:must be in segment block
D:\rawrxd\history\-1e335a4f\ukRt.asm(34) : error A2008:syntax error : HeapAlloc
D:\rawrxd\history\-1e335a4f\ukRt.asm(35) : error A2008:syntax error : if
D:\rawrxd\history\-1e335a4f\ukRt.asm(36) : error A2034:must be in segment block
D:\rawrxd\history\-1e335a4f\ukRt.asm(37) : error A2034:must be in segment block
D:\rawrxd\history\-1e335a4f\ukRt.asm(38) : error A2008:syntax error : .
D:\rawrxd\history\-1e335a4f\ukRt.asm(39) : error A2034:must be in segment block
D:\rawrxd\history\-1e335a4f\ukRt.asm(40) : error A2034:must be in segment block
D:\rawrxd\history\-1e335a4f\ukRt.asm(43) : error A2034:must be in segment block
D:\rawrxd\history\-1e335a4f\ukRt.asm(44) : error A2034:must be in segment block
D:\rawrxd\history\-1e335a4f\ukRt.asm(45) : error A2034:must be in segment block
D:\rawrxd\history\-1e335a4f\ukRt.asm(46) : error A2034:must be in segment block
D:\rawrxd\history\-1e335a4f\ukRt.asm(47) : error A2034:must be in segment block
D:\rawrxd\history\-1e335a4f\ukRt.asm(48) : error A2034:must be in segment block
D:\rawrxd\history\-1e335a4f\ukRt.asm(51) : error A2034:must be in segment block
D:\rawrxd\history\-1e335a4f\ukRt.asm(52) : error A2034:must be in segment block
D:\rawrxd\history\-1e335a4f\ukRt.asm(54) : error A2034:must be in segment block
D:\rawrxd\history\-1e335a4f\ukRt.asm(56) : error A2034:must be in segment block
D:\rawrxd\history\-1e335a4f\ukRt.asm(57) : error A2034:must be in segment block
D:\rawrxd\history\-1e335a4f\ukRt.asm(58) : error A2034:must be in segment block
D:\rawrxd\history\-1e335a4f\ukRt.asm(59) : fatal error A1010:unmatched block nesting : Arena_Create
