 Assembling: D:\rawrxd\reconstructed\Users\HiH8e\OneDrive\Desktop\RawrXD-production-lazy-init\masm\ide\src\experimental\underclocking.asm
D:\rawrxd\reconstructed\Users\HiH8e\OneDrive\Desktop\RawrXD-production-lazy-init\masm\ide\src\experimental\underclocking.asm(72) : error A2008:syntax error : .
D:\rawrxd\reconstructed\Users\HiH8e\OneDrive\Desktop\RawrXD-production-lazy-init\masm\ide\src\experimental\underclocking.asm(75) : error A2008:syntax error : .
D:\rawrxd\reconstructed\Users\HiH8e\OneDrive\Desktop\RawrXD-production-lazy-init\masm\ide\src\experimental\underclocking.asm(112) : error A2008:syntax error : .
D:\rawrxd\reconstructed\Users\HiH8e\OneDrive\Desktop\RawrXD-production-lazy-init\masm\ide\src\experimental\underclocking.asm(115) : error A2008:syntax error : .
D:\rawrxd\reconstructed\Users\HiH8e\OneDrive\Desktop\RawrXD-production-lazy-init\masm\ide\src\experimental\underclocking.asm(149) : error A2008:syntax error : .
D:\rawrxd\reconstructed\Users\HiH8e\OneDrive\Desktop\RawrXD-production-lazy-init\masm\ide\src\experimental\underclocking.asm(156) : error A2008:syntax error : .
D:\rawrxd\reconstructed\Users\HiH8e\OneDrive\Desktop\RawrXD-production-lazy-init\masm\ide\src\experimental\underclocking.asm(163) : error A2008:syntax error : .
D:\rawrxd\reconstructed\Users\HiH8e\OneDrive\Desktop\RawrXD-production-lazy-init\masm\ide\src\experimental\underclocking.asm(166) : error A2008:syntax error : .
D:\rawrxd\reconstructed\Users\HiH8e\OneDrive\Desktop\RawrXD-production-lazy-init\masm\ide\src\experimental\underclocking.asm(200) : error A2008:syntax error : .
D:\rawrxd\reconstructed\Users\HiH8e\OneDrive\Desktop\RawrXD-production-lazy-init\masm\ide\src\experimental\underclocking.asm(207) : error A2008:syntax error : .
D:\rawrxd\reconstructed\Users\HiH8e\OneDrive\Desktop\RawrXD-production-lazy-init\masm\ide\src\experimental\underclocking.asm(214) : error A2008:syntax error : .
D:\rawrxd\reconstructed\Users\HiH8e\OneDrive\Desktop\RawrXD-production-lazy-init\masm\ide\src\experimental\underclocking.asm(217) : error A2008:syntax error : .
D:\rawrxd\reconstructed\Users\HiH8e\OneDrive\Desktop\RawrXD-production-lazy-init\masm\ide\src\experimental\underclocking.asm(252) : error A2008:syntax error : .
D:\rawrxd\reconstructed\Users\HiH8e\OneDrive\Desktop\RawrXD-production-lazy-init\masm\ide\src\experimental\underclocking.asm(255) : error A2008:syntax error : .
D:\rawrxd\reconstructed\Users\HiH8e\OneDrive\Desktop\RawrXD-production-lazy-init\masm\ide\src\experimental\underclocking.asm(259) : error A2008:syntax error : .
D:\rawrxd\reconstructed\Users\HiH8e\OneDrive\Desktop\RawrXD-production-lazy-init\masm\ide\src\experimental\underclocking.asm(262) : error A2008:syntax error : .
D:\rawrxd\reconstructed\Users\HiH8e\OneDrive\Desktop\RawrXD-production-lazy-init\masm\ide\src\experimental\underclocking.asm(310) : error A2008:syntax error : .
D:\rawrxd\reconstructed\Users\HiH8e\OneDrive\Desktop\RawrXD-production-lazy-init\masm\ide\src\experimental\underclocking.asm(323) : error A2008:syntax error : .
D:\rawrxd\reconstructed\Users\HiH8e\OneDrive\Desktop\RawrXD-production-lazy-init\masm\ide\src\experimental\underclocking.asm(334) : error A2008:syntax error : .
D:\rawrxd\reconstructed\Users\HiH8e\OneDrive\Desktop\RawrXD-production-lazy-init\masm\ide\src\experimental\underclocking.asm(347) : error A2008:syntax error : .
D:\rawrxd\reconstructed\Users\HiH8e\OneDrive\Desktop\RawrXD-production-lazy-init\masm\ide\src\experimental\underclocking.asm(351) : error A2008:syntax error : .
D:\rawrxd\reconstructed\Users\HiH8e\OneDrive\Desktop\RawrXD-production-lazy-init\masm\ide\src\experimental\underclocking.asm(355) : error A2008:syntax error : .
D:\rawrxd\reconstructed\Users\HiH8e\OneDrive\Desktop\RawrXD-production-lazy-init\masm\ide\src\experimental\underclocking.asm(358) : error A2008:syntax error : .
D:\rawrxd\reconstructed\Users\HiH8e\OneDrive\Desktop\RawrXD-production-lazy-init\masm\ide\src\experimental\underclocking.asm(393) : error A2008:syntax error : .
D:\rawrxd\reconstructed\Users\HiH8e\OneDrive\Desktop\RawrXD-production-lazy-init\masm\ide\src\experimental\underclocking.asm(405) : error A2070:invalid instruction operands
D:\rawrxd\reconstructed\Users\HiH8e\OneDrive\Desktop\RawrXD-production-lazy-init\masm\ide\src\experimental\underclocking.asm(410) : error A2008:syntax error : .
D:\rawrxd\reconstructed\Users\HiH8e\OneDrive\Desktop\RawrXD-production-lazy-init\masm\ide\src\experimental\underclocking.asm(414) : error A2008:syntax error : .
D:\rawrxd\reconstructed\Users\HiH8e\OneDrive\Desktop\RawrXD-production-lazy-init\masm\ide\src\experimental\underclocking.asm(418) : error A2008:syntax error : .
D:\rawrxd\reconstructed\Users\HiH8e\OneDrive\Desktop\RawrXD-production-lazy-init\masm\ide\src\experimental\underclocking.asm(421) : error A2008:syntax error : .
D:\rawrxd\reconstructed\Users\HiH8e\OneDrive\Desktop\RawrXD-production-lazy-init\masm\ide\src\experimental\underclocking.asm(468) : error A2008:syntax error : .
D:\rawrxd\reconstructed\Users\HiH8e\OneDrive\Desktop\RawrXD-production-lazy-init\masm\ide\src\experimental\underclocking.asm(471) : error A2008:syntax error : .
D:\rawrxd\reconstructed\Users\HiH8e\OneDrive\Desktop\RawrXD-production-lazy-init\masm\ide\src\experimental\underclocking.asm(506) : error A2008:syntax error : .
D:\rawrxd\reconstructed\Users\HiH8e\OneDrive\Desktop\RawrXD-production-lazy-init\masm\ide\src\experimental\underclocking.asm(527) : error A2008:syntax error : .
D:\rawrxd\reconstructed\Users\HiH8e\OneDrive\Desktop\RawrXD-production-lazy-init\masm\ide\src\experimental\underclocking.asm(533) : error A2070:invalid instruction operands
D:\rawrxd\reconstructed\Users\HiH8e\OneDrive\Desktop\RawrXD-production-lazy-init\masm\ide\src\experimental\underclocking.asm(538) : error A2008:syntax error : .
D:\rawrxd\reconstructed\Users\HiH8e\OneDrive\Desktop\RawrXD-production-lazy-init\masm\ide\src\experimental\underclocking.asm(542) : error A2008:syntax error : .
D:\rawrxd\reconstructed\Users\HiH8e\OneDrive\Desktop\RawrXD-production-lazy-init\masm\ide\src\experimental\underclocking.asm(546) : error A2008:syntax error : .
D:\rawrxd\reconstructed\Users\HiH8e\OneDrive\Desktop\RawrXD-production-lazy-init\masm\ide\src\experimental\underclocking.asm(550) : error A2008:syntax error : .
D:\rawrxd\reconstructed\Users\HiH8e\OneDrive\Desktop\RawrXD-production-lazy-init\masm\ide\src\experimental\underclocking.asm(553) : error A2008:syntax error : .
D:\rawrxd\reconstructed\Users\HiH8e\OneDrive\Desktop\RawrXD-production-lazy-init\masm\ide\src\experimental\underclocking.asm(561) : error A2008:syntax error : align
D:\rawrxd\reconstructed\Users\HiH8e\OneDrive\Desktop\RawrXD-production-lazy-init\masm\ide\src\experimental\underclocking.asm(55) : error A2006:undefined symbol : underclock_invalid
D:\rawrxd\reconstructed\Users\HiH8e\OneDrive\Desktop\RawrXD-production-lazy-init\masm\ide\src\experimental\underclocking.asm(70) : error A2006:undefined symbol : underclock_cleanup
D:\rawrxd\reconstructed\Users\HiH8e\OneDrive\Desktop\RawrXD-production-lazy-init\masm\ide\src\experimental\underclocking.asm(95) : error A2006:undefined symbol : opt_freq_invalid
D:\rawrxd\reconstructed\Users\HiH8e\OneDrive\Desktop\RawrXD-production-lazy-init\masm\ide\src\experimental\underclocking.asm(110) : error A2006:undefined symbol : opt_freq_cleanup
D:\rawrxd\reconstructed\Users\HiH8e\OneDrive\Desktop\RawrXD-production-lazy-init\masm\ide\src\experimental\underclocking.asm(134) : error A2006:undefined symbol : reduce_freq_invalid
D:\rawrxd\reconstructed\Users\HiH8e\OneDrive\Desktop\RawrXD-production-lazy-init\masm\ide\src\experimental\underclocking.asm(138) : error A2006:undefined symbol : reduce_freq_too_low
D:\rawrxd\reconstructed\Users\HiH8e\OneDrive\Desktop\RawrXD-production-lazy-init\masm\ide\src\experimental\underclocking.asm(141) : error A2006:undefined symbol : reduce_freq_too_high
D:\rawrxd\reconstructed\Users\HiH8e\OneDrive\Desktop\RawrXD-production-lazy-init\masm\ide\src\experimental\underclocking.asm(147) : error A2006:undefined symbol : reduce_freq_cleanup
D:\rawrxd\reconstructed\Users\HiH8e\OneDrive\Desktop\RawrXD-production-lazy-init\masm\ide\src\experimental\underclocking.asm(154) : error A2006:undefined symbol : reduce_freq_cleanup
D:\rawrxd\reconstructed\Users\HiH8e\OneDrive\Desktop\RawrXD-production-lazy-init\masm\ide\src\experimental\underclocking.asm(161) : error A2006:undefined symbol : reduce_freq_cleanup
D:\rawrxd\reconstructed\Users\HiH8e\OneDrive\Desktop\RawrXD-production-lazy-init\masm\ide\src\experimental\underclocking.asm(185) : error A2006:undefined symbol : reduce_volt_invalid
D:\rawrxd\reconstructed\Users\HiH8e\OneDrive\Desktop\RawrXD-production-lazy-init\masm\ide\src\experimental\underclocking.asm(189) : error A2006:undefined symbol : reduce_volt_too_low
D:\rawrxd\reconstructed\Users\HiH8e\OneDrive\Desktop\RawrXD-production-lazy-init\masm\ide\src\experimental\underclocking.asm(192) : error A2006:undefined symbol : reduce_volt_too_high
D:\rawrxd\reconstructed\Users\HiH8e\OneDrive\Desktop\RawrXD-production-lazy-init\masm\ide\src\experimental\underclocking.asm(198) : error A2006:undefined symbol : reduce_volt_cleanup
D:\rawrxd\reconstructed\Users\HiH8e\OneDrive\Desktop\RawrXD-production-lazy-init\masm\ide\src\experimental\underclocking.asm(205) : error A2006:undefined symbol : reduce_volt_cleanup
D:\rawrxd\reconstructed\Users\HiH8e\OneDrive\Desktop\RawrXD-production-lazy-init\masm\ide\src\experimental\underclocking.asm(212) : error A2006:undefined symbol : reduce_volt_cleanup
D:\rawrxd\reconstructed\Users\HiH8e\OneDrive\Desktop\RawrXD-production-lazy-init\masm\ide\src\experimental\underclocking.asm(235) : error A2006:undefined symbol : thermal_invalid
D:\rawrxd\reconstructed\Users\HiH8e\OneDrive\Desktop\RawrXD-production-lazy-init\masm\ide\src\experimental\underclocking.asm(248) : error A2006:undefined symbol : no_throttle
D:\rawrxd\reconstructed\Users\HiH8e\OneDrive\Desktop\RawrXD-production-lazy-init\masm\ide\src\experimental\underclocking.asm(250) : error A2006:undefined symbol : thermal_done
D:\rawrxd\reconstructed\Users\HiH8e\OneDrive\Desktop\RawrXD-production-lazy-init\masm\ide\src\experimental\underclocking.asm(257) : error A2006:undefined symbol : thermal_cleanup
D:\rawrxd\reconstructed\Users\HiH8e\OneDrive\Desktop\RawrXD-production-lazy-init\masm\ide\src\experimental\underclocking.asm(283) : error A2006:undefined symbol : adaptive_underclock_invalid
D:\rawrxd\reconstructed\Users\HiH8e\OneDrive\Desktop\RawrXD-production-lazy-init\masm\ide\src\experimental\underclocking.asm(285) : error A2006:undefined symbol : adaptive_underclock_invalid
D:\rawrxd\reconstructed\Users\HiH8e\OneDrive\Desktop\RawrXD-production-lazy-init\masm\ide\src\experimental\underclocking.asm(300) : error A2006:undefined symbol : check_90
D:\rawrxd\reconstructed\Users\HiH8e\OneDrive\Desktop\RawrXD-production-lazy-init\masm\ide\src\experimental\underclocking.asm(308) : error A2006:undefined symbol : frequency_adjusted
D:\rawrxd\reconstructed\Users\HiH8e\OneDrive\Desktop\RawrXD-production-lazy-init\masm\ide\src\experimental\underclocking.asm(312) : error A2006:undefined symbol : check_85
D:\rawrxd\reconstructed\Users\HiH8e\OneDrive\Desktop\RawrXD-production-lazy-init\masm\ide\src\experimental\underclocking.asm(321) : error A2006:undefined symbol : frequency_adjusted
D:\rawrxd\reconstructed\Users\HiH8e\OneDrive\Desktop\RawrXD-production-lazy-init\masm\ide\src\experimental\underclocking.asm(325) : error A2006:undefined symbol : frequency_adjusted
D:\rawrxd\reconstructed\Users\HiH8e\OneDrive\Desktop\RawrXD-production-lazy-init\masm\ide\src\experimental\underclocking.asm(338) : error A2006:undefined symbol : clamp_min
D:\rawrxd\reconstructed\Users\HiH8e\OneDrive\Desktop\RawrXD-production-lazy-init\masm\ide\src\experimental\underclocking.asm(342) : error A2006:undefined symbol : clamp_max
D:\rawrxd\reconstructed\Users\HiH8e\OneDrive\Desktop\RawrXD-production-lazy-init\masm\ide\src\experimental\underclocking.asm(345) : error A2006:undefined symbol : adaptive_underclock_cleanup
D:\rawrxd\reconstructed\Users\HiH8e\OneDrive\Desktop\RawrXD-production-lazy-init\masm\ide\src\experimental\underclocking.asm(349) : error A2006:undefined symbol : adaptive_underclock_cleanup
D:\rawrxd\reconstructed\Users\HiH8e\OneDrive\Desktop\RawrXD-production-lazy-init\masm\ide\src\experimental\underclocking.asm(353) : error A2006:undefined symbol : adaptive_underclock_cleanup
D:\rawrxd\reconstructed\Users\HiH8e\OneDrive\Desktop\RawrXD-production-lazy-init\masm\ide\src\experimental\underclocking.asm(384) : error A2006:undefined symbol : underclock_dequant_invalid
D:\rawrxd\reconstructed\Users\HiH8e\OneDrive\Desktop\RawrXD-production-lazy-init\masm\ide\src\experimental\underclocking.asm(386) : error A2006:undefined symbol : underclock_dequant_invalid
D:\rawrxd\reconstructed\Users\HiH8e\OneDrive\Desktop\RawrXD-production-lazy-init\masm\ide\src\experimental\underclocking.asm(388) : error A2006:undefined symbol : underclock_dequant_done
D:\rawrxd\reconstructed\Users\HiH8e\OneDrive\Desktop\RawrXD-production-lazy-init\masm\ide\src\experimental\underclocking.asm(395) : error A2006:undefined symbol : underclock_dequant_complete
D:\rawrxd\reconstructed\Users\HiH8e\OneDrive\Desktop\RawrXD-production-lazy-init\masm\ide\src\experimental\underclocking.asm(408) : error A2006:undefined symbol : underclock_loop
D:\rawrxd\reconstructed\Users\HiH8e\OneDrive\Desktop\RawrXD-production-lazy-init\masm\ide\src\experimental\underclocking.asm(412) : error A2006:undefined symbol : underclock_dequant_cleanup
D:\rawrxd\reconstructed\Users\HiH8e\OneDrive\Desktop\RawrXD-production-lazy-init\masm\ide\src\experimental\underclocking.asm(416) : error A2006:undefined symbol : underclock_dequant_cleanup
D:\rawrxd\reconstructed\Users\HiH8e\OneDrive\Desktop\RawrXD-production-lazy-init\masm\ide\src\experimental\underclocking.asm(441) : error A2006:undefined symbol : power_estimate_invalid
D:\rawrxd\reconstructed\Users\HiH8e\OneDrive\Desktop\RawrXD-production-lazy-init\masm\ide\src\experimental\underclocking.asm(452) : error A2006:undefined symbol : rip
D:\rawrxd\reconstructed\Users\HiH8e\OneDrive\Desktop\RawrXD-production-lazy-init\masm\ide\src\experimental\underclocking.asm(457) : error A2006:undefined symbol : rip
D:\rawrxd\reconstructed\Users\HiH8e\OneDrive\Desktop\RawrXD-production-lazy-init\masm\ide\src\experimental\underclocking.asm(462) : error A2006:undefined symbol : rip
D:\rawrxd\reconstructed\Users\HiH8e\OneDrive\Desktop\RawrXD-production-lazy-init\masm\ide\src\experimental\underclocking.asm(466) : error A2006:undefined symbol : power_estimate_cleanup
D:\rawrxd\reconstructed\Users\HiH8e\OneDrive\Desktop\RawrXD-production-lazy-init\masm\ide\src\experimental\underclocking.asm(495) : error A2006:undefined symbol : thermal_ctrl_invalid
D:\rawrxd\reconstructed\Users\HiH8e\OneDrive\Desktop\RawrXD-production-lazy-init\masm\ide\src\experimental\underclocking.asm(497) : error A2006:undefined symbol : thermal_ctrl_invalid
D:\rawrxd\reconstructed\Users\HiH8e\OneDrive\Desktop\RawrXD-production-lazy-init\masm\ide\src\experimental\underclocking.asm(499) : error A2006:undefined symbol : thermal_ctrl_done
D:\rawrxd\reconstructed\Users\HiH8e\OneDrive\Desktop\RawrXD-production-lazy-init\masm\ide\src\experimental\underclocking.asm(501) : error A2006:undefined symbol : thermal_ctrl_invalid
D:\rawrxd\reconstructed\Users\HiH8e\OneDrive\Desktop\RawrXD-production-lazy-init\masm\ide\src\experimental\underclocking.asm(508) : error A2006:undefined symbol : thermal_ctrl_complete
D:\rawrxd\reconstructed\Users\HiH8e\OneDrive\Desktop\RawrXD-production-lazy-init\masm\ide\src\experimental\underclocking.asm(517) : error A2006:undefined symbol : skip_thermal_check
D:\rawrxd\reconstructed\Users\HiH8e\OneDrive\Desktop\RawrXD-production-lazy-init\masm\ide\src\experimental\underclocking.asm(525) : error A2006:undefined symbol : thermal_limit_reached
D:\rawrxd\reconstructed\Users\HiH8e\OneDrive\Desktop\RawrXD-production-lazy-init\masm\ide\src\experimental\underclocking.asm(530) : error A2006:undefined symbol : rip
D:\rawrxd\reconstructed\Users\HiH8e\OneDrive\Desktop\RawrXD-production-lazy-init\masm\ide\src\experimental\underclocking.asm(536) : error A2006:undefined symbol : thermal_ctrl_loop
D:\rawrxd\reconstructed\Users\HiH8e\OneDrive\Desktop\RawrXD-production-lazy-init\masm\ide\src\experimental\underclocking.asm(540) : error A2006:undefined symbol : thermal_ctrl_complete
D:\rawrxd\reconstructed\Users\HiH8e\OneDrive\Desktop\RawrXD-production-lazy-init\masm\ide\src\experimental\underclocking.asm(544) : error A2006:undefined symbol : thermal_ctrl_cleanup
D:\rawrxd\reconstructed\Users\HiH8e\OneDrive\Desktop\RawrXD-production-lazy-init\masm\ide\src\experimental\underclocking.asm(548) : error A2006:undefined symbol : thermal_ctrl_cleanup
