 Assembling: D:\rawrxd\src\vulkan_masm.asm
D:\rawrxd\src\vulkan_masm.asm(6) : error A2034:must be in segment block
D:\rawrxd\src\vulkan_masm.asm(7) : error A2034:must be in segment block
D:\rawrxd\src\vulkan_masm.asm(8) : error A2034:must be in segment block
D:\rawrxd\src\vulkan_masm.asm(9) : error A2034:must be in segment block
D:\rawrxd\src\vulkan_masm.asm(10) : error A2034:must be in segment block
D:\rawrxd\src\vulkan_masm.asm(11) : error A2034:must be in segment block
D:\rawrxd\src\vulkan_masm.asm(13) : error A2034:must be in segment block
D:\rawrxd\src\vulkan_masm.asm(14) : error A2034:must be in segment block
D:\rawrxd\src\vulkan_masm.asm(15) : error A2034:must be in segment block
D:\rawrxd\src\vulkan_masm.asm(17) : error A2034:must be in segment block
D:\rawrxd\src\vulkan_masm.asm(18) : error A2034:must be in segment block
D:\rawrxd\src\vulkan_masm.asm(19) : error A2034:must be in segment block
D:\rawrxd\src\vulkan_masm.asm(20) : error A2034:must be in segment block
D:\rawrxd\src\vulkan_masm.asm(22) : error A2034:must be in segment block
D:\rawrxd\src\vulkan_masm.asm(23) : error A2034:must be in segment block
D:\rawrxd\src\vulkan_masm.asm(24) : error A2034:must be in segment block
D:\rawrxd\src\vulkan_masm.asm(25) : error A2034:must be in segment block
D:\rawrxd\src\vulkan_masm.asm(28) : error A2034:must be in segment block
D:\rawrxd\src\vulkan_masm.asm(29) : error A2034:must be in segment block
D:\rawrxd\src\vulkan_masm.asm(30) : error A2034:must be in segment block
D:\rawrxd\src\vulkan_masm.asm(31) : error A2034:must be in segment block
D:\rawrxd\src\vulkan_masm.asm(32) : error A2034:must be in segment block
D:\rawrxd\src\vulkan_masm.asm(33) : error A2034:must be in segment block
D:\rawrxd\src\vulkan_masm.asm(34) : error A2034:must be in segment block
D:\rawrxd\src\vulkan_masm.asm(35) : error A2034:must be in segment block
D:\rawrxd\src\vulkan_masm.asm(36) : error A2034:must be in segment block
D:\rawrxd\src\vulkan_masm.asm(37) : error A2034:must be in segment block
D:\rawrxd\src\vulkan_masm.asm(38) : error A2034:must be in segment block
D:\rawrxd\src\vulkan_masm.asm(39) : error A2034:must be in segment block
D:\rawrxd\src\vulkan_masm.asm(40) : error A2034:must be in segment block
D:\rawrxd\src\vulkan_masm.asm(41) : error A2034:must be in segment block
D:\rawrxd\src\vulkan_masm.asm(42) : error A2034:must be in segment block
D:\rawrxd\src\vulkan_masm.asm(43) : error A2034:must be in segment block
D:\rawrxd\src\vulkan_masm.asm(44) : error A2034:must be in segment block
D:\rawrxd\src\vulkan_masm.asm(45) : error A2034:must be in segment block
D:\rawrxd\src\vulkan_masm.asm(47) : error A2034:must be in segment block
D:\rawrxd\src\vulkan_masm.asm(48) : error A2034:must be in segment block
D:\rawrxd\src\vulkan_masm.asm(49) : error A2034:must be in segment block
D:\rawrxd\src\vulkan_masm.asm(50) : error A2034:must be in segment block
D:\rawrxd\src\vulkan_masm.asm(51) : error A2034:must be in segment block
D:\rawrxd\src\vulkan_masm.asm(53) : error A2034:must be in segment block
D:\rawrxd\src\vulkan_masm.asm(54) : error A2034:must be in segment block
D:\rawrxd\src\vulkan_masm.asm(55) : error A2034:must be in segment block
D:\rawrxd\src\vulkan_masm.asm(56) : error A2034:must be in segment block
D:\rawrxd\src\vulkan_masm.asm(57) : error A2034:must be in segment block
D:\rawrxd\src\vulkan_masm.asm(58) : error A2034:must be in segment block
D:\rawrxd\src\vulkan_masm.asm(59) : error A2034:must be in segment block
D:\rawrxd\src\vulkan_masm.asm(60) : error A2034:must be in segment block
D:\rawrxd\src\vulkan_masm.asm(61) : error A2034:must be in segment block
D:\rawrxd\src\vulkan_masm.asm(62) : error A2034:must be in segment block
D:\rawrxd\src\vulkan_masm.asm(64) : error A2034:must be in segment block
D:\rawrxd\src\vulkan_masm.asm(66) : error A2034:must be in segment block
D:\rawrxd\src\vulkan_masm.asm(68) : error A2034:must be in segment block
D:\rawrxd\src\vulkan_masm.asm(69) : error A2034:must be in segment block
D:\rawrxd\src\vulkan_masm.asm(70) : error A2034:must be in segment block
D:\rawrxd\src\vulkan_masm.asm(71) : error A2034:must be in segment block
D:\rawrxd\src\vulkan_masm.asm(72) : error A2034:must be in segment block
D:\rawrxd\src\vulkan_masm.asm(73) : error A2034:must be in segment block
D:\rawrxd\src\vulkan_masm.asm(74) : error A2034:must be in segment block
D:\rawrxd\src\vulkan_masm.asm(75) : error A2034:must be in segment block
D:\rawrxd\src\vulkan_masm.asm(76) : error A2034:must be in segment block
D:\rawrxd\src\vulkan_masm.asm(77) : error A2034:must be in segment block
D:\rawrxd\src\vulkan_masm.asm(78) : error A2034:must be in segment block
D:\rawrxd\src\vulkan_masm.asm(79) : error A2034:must be in segment block
D:\rawrxd\src\vulkan_masm.asm(80) : error A2034:must be in segment block
D:\rawrxd\src\vulkan_masm.asm(81) : error A2034:must be in segment block
D:\rawrxd\src\vulkan_masm.asm(82) : error A2034:must be in segment block
D:\rawrxd\src\vulkan_masm.asm(83) : error A2034:must be in segment block
D:\rawrxd\src\vulkan_masm.asm(84) : error A2034:must be in segment block
D:\rawrxd\src\vulkan_masm.asm(85) : error A2034:must be in segment block
D:\rawrxd\src\vulkan_masm.asm(87) : error A2034:must be in segment block
D:\rawrxd\src\vulkan_masm.asm(88) : error A2034:must be in segment block
D:\rawrxd\src\vulkan_masm.asm(89) : error A2034:must be in segment block
D:\rawrxd\src\vulkan_masm.asm(90) : error A2034:must be in segment block
D:\rawrxd\src\vulkan_masm.asm(91) : error A2034:must be in segment block
D:\rawrxd\src\vulkan_masm.asm(92) : error A2034:must be in segment block
D:\rawrxd\src\vulkan_masm.asm(93) : error A2034:must be in segment block
D:\rawrxd\src\vulkan_masm.asm(94) : error A2034:must be in segment block
D:\rawrxd\src\vulkan_masm.asm(95) : error A2034:must be in segment block
D:\rawrxd\src\vulkan_masm.asm(96) : error A2034:must be in segment block
D:\rawrxd\src\vulkan_masm.asm(97) : error A2034:must be in segment block
D:\rawrxd\src\vulkan_masm.asm(98) : error A2034:must be in segment block
D:\rawrxd\src\vulkan_masm.asm(99) : error A2034:must be in segment block
D:\rawrxd\src\vulkan_masm.asm(100) : error A2034:must be in segment block
D:\rawrxd\src\vulkan_masm.asm(101) : error A2034:must be in segment block
D:\rawrxd\src\vulkan_masm.asm(102) : error A2034:must be in segment block
D:\rawrxd\src\vulkan_masm.asm(103) : error A2034:must be in segment block
D:\rawrxd\src\vulkan_masm.asm(105) : error A2008:syntax error : section
D:\rawrxd\src\vulkan_masm.asm(106) : error A2034:must be in segment block
D:\rawrxd\src\vulkan_masm.asm(119) : error A2008:syntax error : global
D:\rawrxd\src\vulkan_masm.asm(120) : error A2034:must be in segment block
D:\rawrxd\src\vulkan_masm.asm(122) : error A2034:must be in segment block
D:\rawrxd\src\vulkan_masm.asm(123) : error A2034:must be in segment block
D:\rawrxd\src\vulkan_masm.asm(124) : error A2034:must be in segment block
D:\rawrxd\src\vulkan_masm.asm(126) : error A2034:must be in segment block
D:\rawrxd\src\vulkan_masm.asm(127) : error A2034:must be in segment block
D:\rawrxd\src\vulkan_masm.asm(128) : error A2034:must be in segment block
D:\rawrxd\src\vulkan_masm.asm(129) : error A2034:must be in segment block
D:\rawrxd\src\vulkan_masm.asm(133) : error A2034:must be in segment block
D:\rawrxd\src\vulkan_masm.asm(134) : error A2034:must be in segment block
D:\rawrxd\src\vulkan_masm.asm(135) : fatal error A1012:error count exceeds 100; stopping assembly
