 Assembling: D:\rawrxd\src\Win32IDE_Sidebar.asm
D:\rawrxd\src\Win32IDE_Sidebar.asm(6) : error A2008:syntax error : WIN64
D:\rawrxd\src\Win32IDE_Sidebar.asm(16) : error A2008:syntax error : TranslateMessage
D:\rawrxd\src\Win32IDE_Sidebar.asm(19) : error A2008:syntax error : GetStockObject
D:\rawrxd\src\Win32IDE_Sidebar.asm(23) : error A2008:syntax error : ShowWindow
D:\rawrxd\src\Win32IDE_Sidebar.asm(24) : error A2008:syntax error : UpdateWindow
D:\rawrxd\src\Win32IDE_Sidebar.asm(25) : error A2008:syntax error : CreateFontA
D:\rawrxd\src\Win32IDE_Sidebar.asm(26) : error A2008:syntax error : CreateSolidBrush
D:\rawrxd\src\Win32IDE_Sidebar.asm(27) : error A2008:syntax error : DeleteObject
D:\rawrxd\src\Win32IDE_Sidebar.asm(28) : error A2008:syntax error : FillRect
D:\rawrxd\src\Win32IDE_Sidebar.asm(29) : error A2008:syntax error : GetClientRect
D:\rawrxd\src\Win32IDE_Sidebar.asm(30) : error A2008:syntax error : MoveWindow
D:\rawrxd\src\Win32IDE_Sidebar.asm(248) : error A2070:invalid instruction operands
D:\rawrxd\src\Win32IDE_Sidebar.asm(249) : error A2070:invalid instruction operands
D:\rawrxd\src\Win32IDE_Sidebar.asm(250) : error A2070:invalid instruction operands
D:\rawrxd\src\Win32IDE_Sidebar.asm(251) : error A2070:invalid instruction operands
D:\rawrxd\src\Win32IDE_Sidebar.asm(254) : error A2070:invalid instruction operands
D:\rawrxd\src\Win32IDE_Sidebar.asm(263) : error A2070:invalid instruction operands
D:\rawrxd\src\Win32IDE_Sidebar.asm(264) : error A2070:invalid instruction operands
D:\rawrxd\src\Win32IDE_Sidebar.asm(265) : error A2070:invalid instruction operands
D:\rawrxd\src\Win32IDE_Sidebar.asm(266) : error A2070:invalid instruction operands
D:\rawrxd\src\Win32IDE_Sidebar.asm(269) : error A2070:invalid instruction operands
D:\rawrxd\src\Win32IDE_Sidebar.asm(285) : error A2070:invalid instruction operands
D:\rawrxd\src\Win32IDE_Sidebar.asm(286) : error A2070:invalid instruction operands
D:\rawrxd\src\Win32IDE_Sidebar.asm(287) : error A2070:invalid instruction operands
D:\rawrxd\src\Win32IDE_Sidebar.asm(288) : error A2070:invalid instruction operands
D:\rawrxd\src\Win32IDE_Sidebar.asm(291) : error A2070:invalid instruction operands
D:\rawrxd\src\Win32IDE_Sidebar.asm(300) : error A2070:invalid instruction operands
D:\rawrxd\src\Win32IDE_Sidebar.asm(301) : error A2070:invalid instruction operands
D:\rawrxd\src\Win32IDE_Sidebar.asm(302) : error A2070:invalid instruction operands
D:\rawrxd\src\Win32IDE_Sidebar.asm(303) : error A2070:invalid instruction operands
D:\rawrxd\src\Win32IDE_Sidebar.asm(306) : error A2070:invalid instruction operands
D:\rawrxd\src\Win32IDE_Sidebar.asm(372) : error A2070:invalid instruction operands
D:\rawrxd\src\Win32IDE_Sidebar.asm(394) : error A2008:syntax error : code
D:\rawrxd\src\Win32IDE_Sidebar.asm(707) : error A2070:invalid instruction operands
D:\rawrxd\src\Win32IDE_Sidebar.asm(708) : error A2070:invalid instruction operands
D:\rawrxd\src\Win32IDE_Sidebar.asm(845) : error A2070:invalid instruction operands
D:\rawrxd\src\Win32IDE_Sidebar.asm(275) : error A2006:undefined symbol : TVM_SETEXTENDEDSTYLE
D:\rawrxd\src\Win32IDE_Sidebar.asm(312) : error A2006:undefined symbol : LVM_SETEXTENDEDLISTVIEWSTYLE
D:\rawrxd\src\Win32IDE_Sidebar.asm(344) : error A2006:undefined symbol : MoveWindow
D:\rawrxd\src\Win32IDE_Sidebar.asm(360) : error A2006:undefined symbol : MoveWindow
D:\rawrxd\src\Win32IDE_Sidebar.asm(374) : error A2006:undefined symbol : MoveWindow
D:\rawrxd\src\Win32IDE_Sidebar.asm(385) : error A2006:undefined symbol : MoveWindow
D:\rawrxd\src\Win32IDE_Sidebar.asm(483) : error A2006:undefined symbol : DRAWITEMSTRUCT
D:\rawrxd\src\Win32IDE_Sidebar.asm(486) : error A2006:undefined symbol : DRAWITEMSTRUCT
D:\rawrxd\src\Win32IDE_Sidebar.asm(488) : error A2006:undefined symbol : SetBkColor
D:\rawrxd\src\Win32IDE_Sidebar.asm(489) : error A2006:undefined symbol : DRAWITEMSTRUCT
D:\rawrxd\src\Win32IDE_Sidebar.asm(491) : error A2006:undefined symbol : SetTextColor
D:\rawrxd\src\Win32IDE_Sidebar.asm(494) : error A2006:undefined symbol : DRAWITEMSTRUCT
D:\rawrxd\src\Win32IDE_Sidebar.asm(495) : error A2006:undefined symbol : DRAWITEMSTRUCT
D:\rawrxd\src\Win32IDE_Sidebar.asm(497) : error A2006:undefined symbol : FillRect
D:\rawrxd\src\Win32IDE_Sidebar.asm(500) : error A2006:undefined symbol : DRAWITEMSTRUCT
D:\rawrxd\src\Win32IDE_Sidebar.asm(516) : error A2006:undefined symbol : DRAWITEMSTRUCT
D:\rawrxd\src\Win32IDE_Sidebar.asm(518) : error A2006:undefined symbol : SetTextAlign
D:\rawrxd\src\Win32IDE_Sidebar.asm(520) : error A2006:undefined symbol : DRAWITEMSTRUCT
D:\rawrxd\src\Win32IDE_Sidebar.asm(522) : error A2006:undefined symbol : lstrlenA
D:\rawrxd\src\Win32IDE_Sidebar.asm(524) : error A2006:undefined symbol : DRAWITEMSTRUCT
D:\rawrxd\src\Win32IDE_Sidebar.asm(527) : error A2006:undefined symbol : DRAWITEMSTRUCT
D:\rawrxd\src\Win32IDE_Sidebar.asm(528) : error A2006:undefined symbol : RECT
D:\rawrxd\src\Win32IDE_Sidebar.asm(529) : error A2006:undefined symbol : RECT
D:\rawrxd\src\Win32IDE_Sidebar.asm(532) : error A2006:undefined symbol : RECT
D:\rawrxd\src\Win32IDE_Sidebar.asm(535) : error A2006:undefined symbol : TextOutA
D:\rawrxd\src\Win32IDE_Sidebar.asm(562) : error A2006:undefined symbol : DeleteObject
D:\rawrxd\src\Win32IDE_Sidebar.asm(600) : error A2006:undefined symbol : ShowWindow
D:\rawrxd\src\Win32IDE_Sidebar.asm(604) : error A2006:undefined symbol : ShowWindow
D:\rawrxd\src\Win32IDE_Sidebar.asm(608) : error A2006:undefined symbol : ShowWindow
D:\rawrxd\src\Win32IDE_Sidebar.asm(616) : error A2006:undefined symbol : ShowWindow
D:\rawrxd\src\Win32IDE_Sidebar.asm(625) : error A2006:undefined symbol : ShowWindow
D:\rawrxd\src\Win32IDE_Sidebar.asm(628) : error A2006:undefined symbol : ShowWindow
D:\rawrxd\src\Win32IDE_Sidebar.asm(637) : error A2006:undefined symbol : ShowWindow
D:\rawrxd\src\Win32IDE_Sidebar.asm(647) : error A2006:undefined symbol : ShowWindow
D:\rawrxd\src\Win32IDE_Sidebar.asm(656) : error A2006:undefined symbol : ShowWindow
D:\rawrxd\src\Win32IDE_Sidebar.asm(743) : error A2006:undefined symbol : LVM_DELETEALLITEMS
D:\rawrxd\src\Win32IDE_Sidebar.asm(786) : error A2006:undefined symbol : WS_EX_CLIENTEDGE
