 Assembling: D:\rawrxd\reconstructed\Users\HiH8e\Downloads\RawrXD-production-lazy-init\src\masm\final-ide\async\logging\worker.asm
D:\rawrxd\reconstructed\Users\HiH8e\Downloads\RawrXD-production-lazy-init\src\masm\final-ide\async\logging\worker.asm(74) : error A2008:syntax error : PRIVATE
D:\rawrxd\reconstructed\Users\HiH8e\Downloads\RawrXD-production-lazy-init\src\masm\final-ide\async\logging\worker.asm(80) : error A2008:syntax error : .
D:\rawrxd\reconstructed\Users\HiH8e\Downloads\RawrXD-production-lazy-init\src\masm\final-ide\async\logging\worker.asm(92) : error A2008:syntax error : .
D:\rawrxd\reconstructed\Users\HiH8e\Downloads\RawrXD-production-lazy-init\src\masm\final-ide\async\logging\worker.asm(98) : error A2008:syntax error : .
D:\rawrxd\reconstructed\Users\HiH8e\Downloads\RawrXD-production-lazy-init\src\masm\final-ide\async\logging\worker.asm(106) : error A2008:syntax error : PRIVATE
D:\rawrxd\reconstructed\Users\HiH8e\Downloads\RawrXD-production-lazy-init\src\masm\final-ide\async\logging\worker.asm(127) : error A2008:syntax error : .
D:\rawrxd\reconstructed\Users\HiH8e\Downloads\RawrXD-production-lazy-init\src\masm\final-ide\async\logging\worker.asm(135) : error A2008:syntax error : .
D:\rawrxd\reconstructed\Users\HiH8e\Downloads\RawrXD-production-lazy-init\src\masm\final-ide\async\logging\worker.asm(168) : error A2008:syntax error : .
D:\rawrxd\reconstructed\Users\HiH8e\Downloads\RawrXD-production-lazy-init\src\masm\final-ide\async\logging\worker.asm(197) : error A2008:syntax error : .
D:\rawrxd\reconstructed\Users\HiH8e\Downloads\RawrXD-production-lazy-init\src\masm\final-ide\async\logging\worker.asm(208) : error A2008:syntax error : .
D:\rawrxd\reconstructed\Users\HiH8e\Downloads\RawrXD-production-lazy-init\src\masm\final-ide\async\logging\worker.asm(217) : error A2008:syntax error : .
D:\rawrxd\reconstructed\Users\HiH8e\Downloads\RawrXD-production-lazy-init\src\masm\final-ide\async\logging\worker.asm(254) : error A2008:syntax error : .
D:\rawrxd\reconstructed\Users\HiH8e\Downloads\RawrXD-production-lazy-init\src\masm\final-ide\async\logging\worker.asm(270) : error A2008:syntax error : .
D:\rawrxd\reconstructed\Users\HiH8e\Downloads\RawrXD-production-lazy-init\src\masm\final-ide\async\logging\worker.asm(273) : error A2008:syntax error : .
D:\rawrxd\reconstructed\Users\HiH8e\Downloads\RawrXD-production-lazy-init\src\masm\final-ide\async\logging\worker.asm(288) : error A2008:syntax error : PRIVATE
D:\rawrxd\reconstructed\Users\HiH8e\Downloads\RawrXD-production-lazy-init\src\masm\final-ide\async\logging\worker.asm(293) : error A2008:syntax error : .
D:\rawrxd\reconstructed\Users\HiH8e\Downloads\RawrXD-production-lazy-init\src\masm\final-ide\async\logging\worker.asm(306) : error A2008:syntax error : .
D:\rawrxd\reconstructed\Users\HiH8e\Downloads\RawrXD-production-lazy-init\src\masm\final-ide\async\logging\worker.asm(316) : error A2008:syntax error : PRIVATE
D:\rawrxd\reconstructed\Users\HiH8e\Downloads\RawrXD-production-lazy-init\src\masm\final-ide\async\logging\worker.asm(323) : error A2008:syntax error : .
D:\rawrxd\reconstructed\Users\HiH8e\Downloads\RawrXD-production-lazy-init\src\masm\final-ide\async\logging\worker.asm(344) : error A2008:syntax error : .
D:\rawrxd\reconstructed\Users\HiH8e\Downloads\RawrXD-production-lazy-init\src\masm\final-ide\async\logging\worker.asm(363) : error A2008:syntax error : .
D:\rawrxd\reconstructed\Users\HiH8e\Downloads\RawrXD-production-lazy-init\src\masm\final-ide\async\logging\worker.asm(373) : error A2008:syntax error : .
D:\rawrxd\reconstructed\Users\HiH8e\Downloads\RawrXD-production-lazy-init\src\masm\final-ide\async\logging\worker.asm(379) : error A2008:syntax error : .
D:\rawrxd\reconstructed\Users\HiH8e\Downloads\RawrXD-production-lazy-init\src\masm\final-ide\async\logging\worker.asm(431) : error A2008:syntax error : .
D:\rawrxd\reconstructed\Users\HiH8e\Downloads\RawrXD-production-lazy-init\src\masm\final-ide\async\logging\worker.asm(83) : error A2006:undefined symbol : acquired
D:\rawrxd\reconstructed\Users\HiH8e\Downloads\RawrXD-production-lazy-init\src\masm\final-ide\async\logging\worker.asm(87) : error A2006:undefined symbol : yield_and_retry
D:\rawrxd\reconstructed\Users\HiH8e\Downloads\RawrXD-production-lazy-init\src\masm\final-ide\async\logging\worker.asm(90) : error A2006:undefined symbol : spin_loop
D:\rawrxd\reconstructed\Users\HiH8e\Downloads\RawrXD-production-lazy-init\src\masm\final-ide\async\logging\worker.asm(94) : error A2006:undefined symbol : Sleep
D:\rawrxd\reconstructed\Users\HiH8e\Downloads\RawrXD-production-lazy-init\src\masm\final-ide\async\logging\worker.asm(96) : error A2006:undefined symbol : spin_loop
D:\rawrxd\reconstructed\Users\HiH8e\Downloads\RawrXD-production-lazy-init\src\masm\final-ide\async\logging\worker.asm(129) : error A2006:undefined symbol : zero_done
D:\rawrxd\reconstructed\Users\HiH8e\Downloads\RawrXD-production-lazy-init\src\masm\final-ide\async\logging\worker.asm(133) : error A2006:undefined symbol : zero_loop
D:\rawrxd\reconstructed\Users\HiH8e\Downloads\RawrXD-production-lazy-init\src\masm\final-ide\async\logging\worker.asm(152) : error A2006:undefined symbol : CreateThread
D:\rawrxd\reconstructed\Users\HiH8e\Downloads\RawrXD-production-lazy-init\src\masm\final-ide\async\logging\worker.asm(154) : error A2006:undefined symbol : init_fail
D:\rawrxd\reconstructed\Users\HiH8e\Downloads\RawrXD-production-lazy-init\src\masm\final-ide\async\logging\worker.asm(159) : error A2006:undefined symbol : GetTickCount64
D:\rawrxd\reconstructed\Users\HiH8e\Downloads\RawrXD-production-lazy-init\src\masm\final-ide\async\logging\worker.asm(200) : error A2006:undefined symbol : have_lock
D:\rawrxd\reconstructed\Users\HiH8e\Downloads\RawrXD-production-lazy-init\src\masm\final-ide\async\logging\worker.asm(204) : error A2006:undefined symbol : queue_full
D:\rawrxd\reconstructed\Users\HiH8e\Downloads\RawrXD-production-lazy-init\src\masm\final-ide\async\logging\worker.asm(206) : error A2006:undefined symbol : acquire_spin
D:\rawrxd\reconstructed\Users\HiH8e\Downloads\RawrXD-production-lazy-init\src\masm\final-ide\async\logging\worker.asm(214) : error A2006:undefined symbol : next_pos_ok
D:\rawrxd\reconstructed\Users\HiH8e\Downloads\RawrXD-production-lazy-init\src\masm\final-ide\async\logging\worker.asm(220) : error A2006:undefined symbol : release_full
D:\rawrxd\reconstructed\Users\HiH8e\Downloads\RawrXD-production-lazy-init\src\masm\final-ide\async\logging\worker.asm(228) : error A2006:undefined symbol : GetTickCount64
D:\rawrxd\reconstructed\Users\HiH8e\Downloads\RawrXD-production-lazy-init\src\masm\final-ide\async\logging\worker.asm(251) : error A2006:undefined symbol : update_head
D:\rawrxd\reconstructed\Users\HiH8e\Downloads\RawrXD-production-lazy-init\src\masm\final-ide\async\logging\worker.asm(295) : error A2006:undefined symbol : copy_done
D:\rawrxd\reconstructed\Users\HiH8e\Downloads\RawrXD-production-lazy-init\src\masm\final-ide\async\logging\worker.asm(301) : error A2006:undefined symbol : copy_done
D:\rawrxd\reconstructed\Users\HiH8e\Downloads\RawrXD-production-lazy-init\src\masm\final-ide\async\logging\worker.asm(304) : error A2006:undefined symbol : copy_loop
D:\rawrxd\reconstructed\Users\HiH8e\Downloads\RawrXD-production-lazy-init\src\masm\final-ide\async\logging\worker.asm(326) : error A2006:undefined symbol : worker_exit
D:\rawrxd\reconstructed\Users\HiH8e\Downloads\RawrXD-production-lazy-init\src\masm\final-ide\async\logging\worker.asm(329) : error A2006:undefined symbol : GetTickCount64
D:\rawrxd\reconstructed\Users\HiH8e\Downloads\RawrXD-production-lazy-init\src\masm\final-ide\async\logging\worker.asm(333) : error A2006:undefined symbol : sleep_and_retry
D:\rawrxd\reconstructed\Users\HiH8e\Downloads\RawrXD-production-lazy-init\src\masm\final-ide\async\logging\worker.asm(339) : error A2006:undefined symbol : sleep_and_retry
D:\rawrxd\reconstructed\Users\HiH8e\Downloads\RawrXD-production-lazy-init\src\masm\final-ide\async\logging\worker.asm(346) : error A2006:undefined symbol : flush_done
D:\rawrxd\reconstructed\Users\HiH8e\Downloads\RawrXD-production-lazy-init\src\masm\final-ide\async\logging\worker.asm(359) : error A2006:undefined symbol : flush_loop
D:\rawrxd\reconstructed\Users\HiH8e\Downloads\RawrXD-production-lazy-init\src\masm\final-ide\async\logging\worker.asm(361) : error A2006:undefined symbol : flush_loop
D:\rawrxd\reconstructed\Users\HiH8e\Downloads\RawrXD-production-lazy-init\src\masm\final-ide\async\logging\worker.asm(370) : error A2006:undefined symbol : GetTickCount64
D:\rawrxd\reconstructed\Users\HiH8e\Downloads\RawrXD-production-lazy-init\src\masm\final-ide\async\logging\worker.asm(376) : error A2006:undefined symbol : Sleep
D:\rawrxd\reconstructed\Users\HiH8e\Downloads\RawrXD-production-lazy-init\src\masm\final-ide\async\logging\worker.asm(377) : error A2006:undefined symbol : worker_loop
D:\rawrxd\reconstructed\Users\HiH8e\Downloads\RawrXD-production-lazy-init\src\masm\final-ide\async\logging\worker.asm(405) : error A2006:undefined symbol : WaitForSingleObject
D:\rawrxd\reconstructed\Users\HiH8e\Downloads\RawrXD-production-lazy-init\src\masm\final-ide\async\logging\worker.asm(409) : error A2006:undefined symbol : CloseHandle
D:\rawrxd\reconstructed\Users\HiH8e\Downloads\RawrXD-production-lazy-init\src\masm\final-ide\async\logging\worker.asm(428) : error A2006:undefined symbol : positive_size
