 Assembling: D:\rawrxd\history\-11ccb48b\x9A4.asm
D:\rawrxd\history\-11ccb48b\x9A4.asm(59) : error A2008:syntax error : type
D:\rawrxd\history\-11ccb48b\x9A4.asm(78) : error A2008:syntax error : type
D:\rawrxd\history\-11ccb48b\x9A4.asm(262) : error A2006:undefined symbol : WNDCLASSEXA
D:\rawrxd\history\-11ccb48b\x9A4.asm(262) : error A2195:parameter or local cannot have void type
D:\rawrxd\history\-11ccb48b\x9A4.asm(292) : error A2006:undefined symbol : WNDCLASSEXA
D:\rawrxd\history\-11ccb48b\x9A4.asm(292) : error A2195:parameter or local cannot have void type
D:\rawrxd\history\-11ccb48b\x9A4.asm(322) : error A2006:undefined symbol : WNDCLASSEXA
D:\rawrxd\history\-11ccb48b\x9A4.asm(322) : error A2195:parameter or local cannot have void type
D:\rawrxd\history\-11ccb48b\x9A4.asm(504) : error A2008:syntax error : name
D:\rawrxd\history\-11ccb48b\x9A4.asm(576) : error A2008:syntax error : name
D:\rawrxd\history\-11ccb48b\x9A4.asm(266) : error A2006:undefined symbol : cbSize
D:\rawrxd\history\-11ccb48b\x9A4.asm(267) : error A2006:undefined symbol : style
D:\rawrxd\history\-11ccb48b\x9A4.asm(269) : error A2006:undefined symbol : lpfnWndProc
D:\rawrxd\history\-11ccb48b\x9A4.asm(270) : error A2006:undefined symbol : cbClsExtra
D:\rawrxd\history\-11ccb48b\x9A4.asm(271) : error A2006:undefined symbol : cbWndExtra
D:\rawrxd\history\-11ccb48b\x9A4.asm(272) : error A2006:undefined symbol : hInstance
D:\rawrxd\history\-11ccb48b\x9A4.asm(273) : error A2006:undefined symbol : hIcon
D:\rawrxd\history\-11ccb48b\x9A4.asm(274) : error A2006:undefined symbol : hCursor
D:\rawrxd\history\-11ccb48b\x9A4.asm(275) : error A2006:undefined symbol : hbrBackground
D:\rawrxd\history\-11ccb48b\x9A4.asm(276) : error A2006:undefined symbol : lpszMenuName
D:\rawrxd\history\-11ccb48b\x9A4.asm(278) : error A2006:undefined symbol : lpszClassName
D:\rawrxd\history\-11ccb48b\x9A4.asm(279) : error A2006:undefined symbol : hIconSm
D:\rawrxd\history\-11ccb48b\x9A4.asm(296) : error A2006:undefined symbol : cbSize
D:\rawrxd\history\-11ccb48b\x9A4.asm(297) : error A2006:undefined symbol : style
D:\rawrxd\history\-11ccb48b\x9A4.asm(299) : error A2006:undefined symbol : lpfnWndProc
D:\rawrxd\history\-11ccb48b\x9A4.asm(300) : error A2006:undefined symbol : cbClsExtra
D:\rawrxd\history\-11ccb48b\x9A4.asm(301) : error A2006:undefined symbol : cbWndExtra
D:\rawrxd\history\-11ccb48b\x9A4.asm(302) : error A2006:undefined symbol : hInstance
D:\rawrxd\history\-11ccb48b\x9A4.asm(303) : error A2006:undefined symbol : hIcon
D:\rawrxd\history\-11ccb48b\x9A4.asm(304) : error A2006:undefined symbol : hCursor
D:\rawrxd\history\-11ccb48b\x9A4.asm(305) : error A2006:undefined symbol : hbrBackground
D:\rawrxd\history\-11ccb48b\x9A4.asm(306) : error A2006:undefined symbol : lpszMenuName
D:\rawrxd\history\-11ccb48b\x9A4.asm(308) : error A2006:undefined symbol : lpszClassName
D:\rawrxd\history\-11ccb48b\x9A4.asm(309) : error A2006:undefined symbol : hIconSm
D:\rawrxd\history\-11ccb48b\x9A4.asm(326) : error A2006:undefined symbol : cbSize
D:\rawrxd\history\-11ccb48b\x9A4.asm(327) : error A2006:undefined symbol : style
D:\rawrxd\history\-11ccb48b\x9A4.asm(329) : error A2006:undefined symbol : lpfnWndProc
D:\rawrxd\history\-11ccb48b\x9A4.asm(330) : error A2006:undefined symbol : cbClsExtra
D:\rawrxd\history\-11ccb48b\x9A4.asm(331) : error A2006:undefined symbol : cbWndExtra
D:\rawrxd\history\-11ccb48b\x9A4.asm(332) : error A2006:undefined symbol : hInstance
D:\rawrxd\history\-11ccb48b\x9A4.asm(333) : error A2006:undefined symbol : hIcon
D:\rawrxd\history\-11ccb48b\x9A4.asm(334) : error A2006:undefined symbol : hCursor
D:\rawrxd\history\-11ccb48b\x9A4.asm(335) : error A2006:undefined symbol : hbrBackground
D:\rawrxd\history\-11ccb48b\x9A4.asm(336) : error A2006:undefined symbol : lpszMenuName
D:\rawrxd\history\-11ccb48b\x9A4.asm(338) : error A2006:undefined symbol : lpszClassName
D:\rawrxd\history\-11ccb48b\x9A4.asm(339) : error A2006:undefined symbol : hIconSm
D:\rawrxd\history\-11ccb48b\x9A4.asm(433) : error A2081:missing operand after unary operator
D:\rawrxd\history\-11ccb48b\x9A4.asm(457) : error A2022:instruction operands must be the same size
D:\rawrxd\history\-11ccb48b\x9A4.asm(500) : error A2081:missing operand after unary operator
D:\rawrxd\history\-11ccb48b\x9A4.asm(526) : error A2022:instruction operands must be the same size
D:\rawrxd\history\-11ccb48b\x9A4.asm(581) : error A2006:undefined symbol : GetTickCount
D:\rawrxd\history\-11ccb48b\x9A4.asm(608) : error A2022:instruction operands must be the same size
D:\rawrxd\history\-11ccb48b\x9A4.asm(643) : error A2006:undefined symbol : GetTickCount
D:\rawrxd\history\-11ccb48b\x9A4.asm(786) : error A2006:undefined symbol : DefWindowProcA
D:\rawrxd\history\-11ccb48b\x9A4.asm(792) : error A2006:undefined symbol : DefWindowProcA
D:\rawrxd\history\-11ccb48b\x9A4.asm(798) : error A2006:undefined symbol : DefWindowProcA
