 Assembling: D:\rawrxd\history\-23b9bff1\yKFI.asm
D:\rawrxd\history\-23b9bff1\yKFI.asm(6) : error A2008:syntax error : bits
D:\rawrxd\history\-23b9bff1\yKFI.asm(7) : error A2008:syntax error : default
D:\rawrxd\history\-23b9bff1\yKFI.asm(9) : error A2008:syntax error : section
D:\rawrxd\history\-23b9bff1\yKFI.asm(11) : error A2034:must be in segment block
D:\rawrxd\history\-23b9bff1\yKFI.asm(12) : error A2034:must be in segment block
D:\rawrxd\history\-23b9bff1\yKFI.asm(13) : error A2034:must be in segment block
D:\rawrxd\history\-23b9bff1\yKFI.asm(14) : error A2034:must be in segment block
D:\rawrxd\history\-23b9bff1\yKFI.asm(16) : error A2034:must be in segment block
D:\rawrxd\history\-23b9bff1\yKFI.asm(17) : error A2034:must be in segment block
D:\rawrxd\history\-23b9bff1\yKFI.asm(20) : error A2034:must be in segment block
D:\rawrxd\history\-23b9bff1\yKFI.asm(21) : error A2034:must be in segment block
D:\rawrxd\history\-23b9bff1\yKFI.asm(22) : error A2034:must be in segment block
D:\rawrxd\history\-23b9bff1\yKFI.asm(24) : error A2008:syntax error : section
D:\rawrxd\history\-23b9bff1\yKFI.asm(26) : error A2008:syntax error : hFile
D:\rawrxd\history\-23b9bff1\yKFI.asm(27) : error A2008:syntax error : fileSize
D:\rawrxd\history\-23b9bff1\yKFI.asm(28) : error A2008:syntax error : bytesRead
D:\rawrxd\history\-23b9bff1\yKFI.asm(29) : error A2008:syntax error : bytesWritten
D:\rawrxd\history\-23b9bff1\yKFI.asm(32) : error A2008:syntax error : ofn
D:\rawrxd\history\-23b9bff1\yKFI.asm(35) : error A2008:syntax error : sharedFileBuffer
D:\rawrxd\history\-23b9bff1\yKFI.asm(36) : error A2008:syntax error : sharedFileSize
D:\rawrxd\history\-23b9bff1\yKFI.asm(37) : error A2008:syntax error : sharedFileName
D:\rawrxd\history\-23b9bff1\yKFI.asm(39) : error A2008:syntax error : section
D:\rawrxd\history\-23b9bff1\yKFI.asm(41) : error A2008:syntax error : in directive
D:\rawrxd\history\-23b9bff1\yKFI.asm(42) : error A2008:syntax error : in directive
D:\rawrxd\history\-23b9bff1\yKFI.asm(43) : error A2008:syntax error : in directive
D:\rawrxd\history\-23b9bff1\yKFI.asm(44) : error A2008:syntax error : in directive
D:\rawrxd\history\-23b9bff1\yKFI.asm(45) : error A2008:syntax error : in directive
D:\rawrxd\history\-23b9bff1\yKFI.asm(46) : error A2008:syntax error : in directive
D:\rawrxd\history\-23b9bff1\yKFI.asm(47) : error A2008:syntax error : in directive
D:\rawrxd\history\-23b9bff1\yKFI.asm(48) : error A2008:syntax error : in directive
D:\rawrxd\history\-23b9bff1\yKFI.asm(50) : error A2008:syntax error : global
D:\rawrxd\history\-23b9bff1\yKFI.asm(51) : error A2008:syntax error : global
D:\rawrxd\history\-23b9bff1\yKFI.asm(52) : error A2008:syntax error : global
D:\rawrxd\history\-23b9bff1\yKFI.asm(53) : error A2008:syntax error : global
D:\rawrxd\history\-23b9bff1\yKFI.asm(54) : error A2008:syntax error : global
D:\rawrxd\history\-23b9bff1\yKFI.asm(55) : error A2008:syntax error : global
D:\rawrxd\history\-23b9bff1\yKFI.asm(62) : error A2034:must be in segment block
D:\rawrxd\history\-23b9bff1\yKFI.asm(63) : error A2034:must be in segment block
D:\rawrxd\history\-23b9bff1\yKFI.asm(64) : error A2034:must be in segment block
D:\rawrxd\history\-23b9bff1\yKFI.asm(65) : error A2034:must be in segment block
D:\rawrxd\history\-23b9bff1\yKFI.asm(66) : error A2034:must be in segment block
D:\rawrxd\history\-23b9bff1\yKFI.asm(67) : error A2034:must be in segment block
D:\rawrxd\history\-23b9bff1\yKFI.asm(70) : error A2034:must be in segment block
D:\rawrxd\history\-23b9bff1\yKFI.asm(71) : error A2034:must be in segment block
D:\rawrxd\history\-23b9bff1\yKFI.asm(72) : error A2034:must be in segment block
D:\rawrxd\history\-23b9bff1\yKFI.asm(73) : error A2034:must be in segment block
D:\rawrxd\history\-23b9bff1\yKFI.asm(76) : error A2034:must be in segment block
D:\rawrxd\history\-23b9bff1\yKFI.asm(77) : error A2034:must be in segment block
D:\rawrxd\history\-23b9bff1\yKFI.asm(78) : error A2034:must be in segment block
D:\rawrxd\history\-23b9bff1\yKFI.asm(79) : error A2034:must be in segment block
D:\rawrxd\history\-23b9bff1\yKFI.asm(81) : error A2008:syntax error : in directive
D:\rawrxd\history\-23b9bff1\yKFI.asm(82) : error A2034:must be in segment block
D:\rawrxd\history\-23b9bff1\yKFI.asm(83) : error A2034:must be in segment block
D:\rawrxd\history\-23b9bff1\yKFI.asm(84) : error A2034:must be in segment block
D:\rawrxd\history\-23b9bff1\yKFI.asm(86) : error A2034:must be in segment block
D:\rawrxd\history\-23b9bff1\yKFI.asm(87) : error A2034:must be in segment block
D:\rawrxd\history\-23b9bff1\yKFI.asm(89) : error A2034:must be in segment block
D:\rawrxd\history\-23b9bff1\yKFI.asm(90) : error A2034:must be in segment block
D:\rawrxd\history\-23b9bff1\yKFI.asm(92) : error A2034:must be in segment block
D:\rawrxd\history\-23b9bff1\yKFI.asm(95) : error A2034:must be in segment block
D:\rawrxd\history\-23b9bff1\yKFI.asm(96) : error A2034:must be in segment block
D:\rawrxd\history\-23b9bff1\yKFI.asm(98) : error A2034:must be in segment block
D:\rawrxd\history\-23b9bff1\yKFI.asm(99) : error A2034:must be in segment block
D:\rawrxd\history\-23b9bff1\yKFI.asm(100) : error A2034:must be in segment block
D:\rawrxd\history\-23b9bff1\yKFI.asm(101) : error A2034:must be in segment block
D:\rawrxd\history\-23b9bff1\yKFI.asm(102) : error A2034:must be in segment block
D:\rawrxd\history\-23b9bff1\yKFI.asm(108) : error A2034:must be in segment block
D:\rawrxd\history\-23b9bff1\yKFI.asm(109) : error A2034:must be in segment block
D:\rawrxd\history\-23b9bff1\yKFI.asm(110) : error A2034:must be in segment block
D:\rawrxd\history\-23b9bff1\yKFI.asm(111) : error A2034:must be in segment block
D:\rawrxd\history\-23b9bff1\yKFI.asm(112) : error A2034:must be in segment block
D:\rawrxd\history\-23b9bff1\yKFI.asm(115) : error A2034:must be in segment block
D:\rawrxd\history\-23b9bff1\yKFI.asm(116) : error A2034:must be in segment block
D:\rawrxd\history\-23b9bff1\yKFI.asm(117) : error A2034:must be in segment block
D:\rawrxd\history\-23b9bff1\yKFI.asm(118) : error A2034:must be in segment block
D:\rawrxd\history\-23b9bff1\yKFI.asm(121) : error A2034:must be in segment block
D:\rawrxd\history\-23b9bff1\yKFI.asm(122) : error A2034:must be in segment block
D:\rawrxd\history\-23b9bff1\yKFI.asm(123) : error A2034:must be in segment block
D:\rawrxd\history\-23b9bff1\yKFI.asm(124) : error A2034:must be in segment block
D:\rawrxd\history\-23b9bff1\yKFI.asm(126) : error A2008:syntax error : in directive
D:\rawrxd\history\-23b9bff1\yKFI.asm(127) : error A2034:must be in segment block
D:\rawrxd\history\-23b9bff1\yKFI.asm(128) : error A2034:must be in segment block
D:\rawrxd\history\-23b9bff1\yKFI.asm(129) : error A2034:must be in segment block
D:\rawrxd\history\-23b9bff1\yKFI.asm(131) : error A2034:must be in segment block
D:\rawrxd\history\-23b9bff1\yKFI.asm(132) : error A2034:must be in segment block
D:\rawrxd\history\-23b9bff1\yKFI.asm(134) : error A2034:must be in segment block
D:\rawrxd\history\-23b9bff1\yKFI.asm(135) : error A2034:must be in segment block
D:\rawrxd\history\-23b9bff1\yKFI.asm(137) : error A2034:must be in segment block
D:\rawrxd\history\-23b9bff1\yKFI.asm(140) : error A2034:must be in segment block
D:\rawrxd\history\-23b9bff1\yKFI.asm(141) : error A2034:must be in segment block
D:\rawrxd\history\-23b9bff1\yKFI.asm(143) : error A2034:must be in segment block
D:\rawrxd\history\-23b9bff1\yKFI.asm(144) : error A2034:must be in segment block
D:\rawrxd\history\-23b9bff1\yKFI.asm(145) : error A2034:must be in segment block
D:\rawrxd\history\-23b9bff1\yKFI.asm(146) : error A2034:must be in segment block
D:\rawrxd\history\-23b9bff1\yKFI.asm(153) : error A2034:must be in segment block
D:\rawrxd\history\-23b9bff1\yKFI.asm(154) : error A2034:must be in segment block
D:\rawrxd\history\-23b9bff1\yKFI.asm(155) : error A2034:must be in segment block
D:\rawrxd\history\-23b9bff1\yKFI.asm(156) : error A2034:must be in segment block
D:\rawrxd\history\-23b9bff1\yKFI.asm(157) : error A2034:must be in segment block
D:\rawrxd\history\-23b9bff1\yKFI.asm(160) : error A2008:syntax error : in directive
D:\rawrxd\history\-23b9bff1\yKFI.asm(161) : fatal error A1012:error count exceeds 100; stopping assembly
